[2024-06-09T18:00:00.961+0000] {taskinstance.py:1083} INFO - Dependencies all met for <TaskInstance: fitbit_data_pull.get_heart_rate scheduled__2024-06-08T18:00:00+00:00 [queued]>
[2024-06-09T18:00:00.966+0000] {taskinstance.py:1083} INFO - Dependencies all met for <TaskInstance: fitbit_data_pull.get_heart_rate scheduled__2024-06-08T18:00:00+00:00 [queued]>
[2024-06-09T18:00:00.967+0000] {taskinstance.py:1279} INFO - 
--------------------------------------------------------------------------------
[2024-06-09T18:00:00.967+0000] {taskinstance.py:1280} INFO - Starting attempt 1 of 2
[2024-06-09T18:00:00.968+0000] {taskinstance.py:1281} INFO - 
--------------------------------------------------------------------------------
[2024-06-09T18:00:00.976+0000] {taskinstance.py:1300} INFO - Executing <Task(PythonOperator): get_heart_rate> on 2024-06-08 18:00:00+00:00
[2024-06-09T18:00:00.980+0000] {standard_task_runner.py:55} INFO - Started process 27823 to run task
[2024-06-09T18:00:00.984+0000] {standard_task_runner.py:82} INFO - Running: ['***', 'tasks', 'run', 'fitbit_data_pull', 'get_heart_rate', 'scheduled__2024-06-08T18:00:00+00:00', '--job-id', '81', '--raw', '--subdir', 'DAGS_FOLDER/fitbit_pull_dag.py', '--cfg-path', '/tmp/tmpv878z8cg']
[2024-06-09T18:00:00.985+0000] {standard_task_runner.py:83} INFO - Job 81: Subtask get_heart_rate
[2024-06-09T18:00:01.047+0000] {task_command.py:388} INFO - Running <TaskInstance: fitbit_data_pull.get_heart_rate scheduled__2024-06-08T18:00:00+00:00 [running]> on host eb426318bb2e
[2024-06-09T18:00:01.095+0000] {taskinstance.py:1509} INFO - Exporting the following env vars:
AIRFLOW_CTX_DAG_OWNER=***
AIRFLOW_CTX_DAG_ID=fitbit_data_pull
AIRFLOW_CTX_TASK_ID=get_heart_rate
AIRFLOW_CTX_EXECUTION_DATE=2024-06-08T18:00:00+00:00
AIRFLOW_CTX_TRY_NUMBER=1
AIRFLOW_CTX_DAG_RUN_ID=scheduled__2024-06-08T18:00:00+00:00
[2024-06-09T18:00:01.589+0000] {fitbit_pull_dag.py:60} INFO - Successfully extracted data for 2024-06-08:          date      time  heartrate      data_insert_timestamp
0  2024-06-08  10:55:00         81 2024-06-09 18:00:01.584698
1  2024-06-08  10:56:00         78 2024-06-09 18:00:01.584698
2  2024-06-08  10:57:00         71 2024-06-09 18:00:01.584698
3  2024-06-08  10:58:00         74 2024-06-09 18:00:01.584698
4  2024-06-08  10:59:00         76 2024-06-09 18:00:01.584698
[2024-06-09T18:00:01.590+0000] {fitbit_pull_dag.py:62} INFO - Storing file /opt/***/output/heartrate_2024-06-08.csv
[2024-06-09T18:00:01.599+0000] {python.py:177} INFO - Done. Returned value was: None
[2024-06-09T18:00:01.607+0000] {taskinstance.py:1323} INFO - Marking task as SUCCESS. dag_id=fitbit_data_pull, task_id=get_heart_rate, execution_date=20240608T180000, start_date=20240609T180000, end_date=20240609T180001
[2024-06-09T18:00:01.661+0000] {local_task_job.py:208} INFO - Task exited with return code 0
[2024-06-09T18:00:01.675+0000] {taskinstance.py:2578} INFO - 0 downstream tasks scheduled from follow-on schedule check
