[2024-05-16T18:19:29.444+0000] {taskinstance.py:1083} INFO - Dependencies all met for <TaskInstance: fitbit_data_pull.get_heart_rate manual__2024-05-16T18:19:27.504719+00:00 [queued]>
[2024-05-16T18:19:29.450+0000] {taskinstance.py:1083} INFO - Dependencies all met for <TaskInstance: fitbit_data_pull.get_heart_rate manual__2024-05-16T18:19:27.504719+00:00 [queued]>
[2024-05-16T18:19:29.451+0000] {taskinstance.py:1279} INFO - 
--------------------------------------------------------------------------------
[2024-05-16T18:19:29.451+0000] {taskinstance.py:1280} INFO - Starting attempt 1 of 2
[2024-05-16T18:19:29.452+0000] {taskinstance.py:1281} INFO - 
--------------------------------------------------------------------------------
[2024-05-16T18:19:29.460+0000] {taskinstance.py:1300} INFO - Executing <Task(PythonOperator): get_heart_rate> on 2024-05-16 18:19:27.504719+00:00
[2024-05-16T18:19:29.465+0000] {standard_task_runner.py:55} INFO - Started process 79 to run task
[2024-05-16T18:19:29.468+0000] {standard_task_runner.py:82} INFO - Running: ['***', 'tasks', 'run', 'fitbit_data_pull', 'get_heart_rate', 'manual__2024-05-16T18:19:27.504719+00:00', '--job-id', '49', '--raw', '--subdir', 'DAGS_FOLDER/fitbit_pull_dag.py', '--cfg-path', '/tmp/tmp8ry8id0a']
[2024-05-16T18:19:29.469+0000] {standard_task_runner.py:83} INFO - Job 49: Subtask get_heart_rate
[2024-05-16T18:19:29.525+0000] {task_command.py:388} INFO - Running <TaskInstance: fitbit_data_pull.get_heart_rate manual__2024-05-16T18:19:27.504719+00:00 [running]> on host eb426318bb2e
[2024-05-16T18:19:29.573+0000] {taskinstance.py:1509} INFO - Exporting the following env vars:
AIRFLOW_CTX_DAG_OWNER=***
AIRFLOW_CTX_DAG_ID=fitbit_data_pull
AIRFLOW_CTX_TASK_ID=get_heart_rate
AIRFLOW_CTX_EXECUTION_DATE=2024-05-16T18:19:27.504719+00:00
AIRFLOW_CTX_TRY_NUMBER=1
AIRFLOW_CTX_DAG_RUN_ID=manual__2024-05-16T18:19:27.504719+00:00
[2024-05-16T18:19:30.068+0000] {python.py:177} INFO - Done. Returned value was: None
[2024-05-16T18:19:30.077+0000] {taskinstance.py:1323} INFO - Marking task as SUCCESS. dag_id=fitbit_data_pull, task_id=get_heart_rate, execution_date=20240516T181927, start_date=20240516T181929, end_date=20240516T181930
[2024-05-16T18:19:30.100+0000] {local_task_job.py:208} INFO - Task exited with return code 0
[2024-05-16T18:19:30.115+0000] {taskinstance.py:2578} INFO - 0 downstream tasks scheduled from follow-on schedule check
