[2024-06-15T22:27:09.567+0000] {taskinstance.py:1083} INFO - Dependencies all met for <TaskInstance: fitbit_data_pull.get_heart_rate scheduled__2024-06-14T18:00:00+00:00 [queued]>
[2024-06-15T22:27:09.572+0000] {taskinstance.py:1083} INFO - Dependencies all met for <TaskInstance: fitbit_data_pull.get_heart_rate scheduled__2024-06-14T18:00:00+00:00 [queued]>
[2024-06-15T22:27:09.573+0000] {taskinstance.py:1279} INFO - 
--------------------------------------------------------------------------------
[2024-06-15T22:27:09.573+0000] {taskinstance.py:1280} INFO - Starting attempt 1 of 2
[2024-06-15T22:27:09.574+0000] {taskinstance.py:1281} INFO - 
--------------------------------------------------------------------------------
[2024-06-15T22:27:09.580+0000] {taskinstance.py:1300} INFO - Executing <Task(PythonOperator): get_heart_rate> on 2024-06-14 18:00:00+00:00
[2024-06-15T22:27:09.585+0000] {standard_task_runner.py:55} INFO - Started process 50 to run task
[2024-06-15T22:27:09.588+0000] {standard_task_runner.py:82} INFO - Running: ['***', 'tasks', 'run', 'fitbit_data_pull', 'get_heart_rate', 'scheduled__2024-06-14T18:00:00+00:00', '--job-id', '91', '--raw', '--subdir', 'DAGS_FOLDER/fitbit_pull_dag.py', '--cfg-path', '/tmp/tmp7fwungme']
[2024-06-15T22:27:09.589+0000] {standard_task_runner.py:83} INFO - Job 91: Subtask get_heart_rate
[2024-06-15T22:27:09.671+0000] {task_command.py:388} INFO - Running <TaskInstance: fitbit_data_pull.get_heart_rate scheduled__2024-06-14T18:00:00+00:00 [running]> on host 36244bbcc32e
[2024-06-15T22:27:09.726+0000] {taskinstance.py:1507} INFO - Exporting the following env vars:
AIRFLOW_CTX_DAG_OWNER=***
AIRFLOW_CTX_DAG_ID=fitbit_data_pull
AIRFLOW_CTX_TASK_ID=get_heart_rate
AIRFLOW_CTX_EXECUTION_DATE=2024-06-14T18:00:00+00:00
AIRFLOW_CTX_TRY_NUMBER=1
AIRFLOW_CTX_DAG_RUN_ID=scheduled__2024-06-14T18:00:00+00:00
[2024-06-15T22:27:10.206+0000] {fitbit_pull_dag.py:60} INFO - Successfully extracted data for 2024-06-14:          date      time  heartrate      data_insert_timestamp
0  2024-06-14  00:00:00         51 2024-06-15 22:27:10.197671
1  2024-06-14  00:01:00         53 2024-06-15 22:27:10.197671
2  2024-06-14  00:02:00         53 2024-06-15 22:27:10.197671
3  2024-06-14  00:03:00         52 2024-06-15 22:27:10.197671
4  2024-06-14  00:04:00         54 2024-06-15 22:27:10.197671
[2024-06-15T22:27:10.207+0000] {fitbit_pull_dag.py:62} INFO - Storing file /opt/***/output/heartrate_2024-06-14.csv
[2024-06-15T22:27:10.219+0000] {python.py:177} INFO - Done. Returned value was: None
[2024-06-15T22:27:10.228+0000] {taskinstance.py:1318} INFO - Marking task as SUCCESS. dag_id=fitbit_data_pull, task_id=get_heart_rate, execution_date=20240614T180000, start_date=20240615T222709, end_date=20240615T222710
[2024-06-15T22:27:10.282+0000] {local_task_job.py:208} INFO - Task exited with return code 0
[2024-06-15T22:27:10.296+0000] {taskinstance.py:2578} INFO - 0 downstream tasks scheduled from follow-on schedule check
