[2024-05-31T18:00:01.737+0000] {taskinstance.py:1083} INFO - Dependencies all met for <TaskInstance: fitbit_data_pull.get_heart_rate scheduled__2024-05-30T18:00:00+00:00 [queued]>
[2024-05-31T18:00:01.744+0000] {taskinstance.py:1083} INFO - Dependencies all met for <TaskInstance: fitbit_data_pull.get_heart_rate scheduled__2024-05-30T18:00:00+00:00 [queued]>
[2024-05-31T18:00:01.745+0000] {taskinstance.py:1279} INFO - 
--------------------------------------------------------------------------------
[2024-05-31T18:00:01.745+0000] {taskinstance.py:1280} INFO - Starting attempt 1 of 2
[2024-05-31T18:00:01.746+0000] {taskinstance.py:1281} INFO - 
--------------------------------------------------------------------------------
[2024-05-31T18:00:01.756+0000] {taskinstance.py:1300} INFO - Executing <Task(PythonOperator): get_heart_rate> on 2024-05-30 18:00:00+00:00
[2024-05-31T18:00:01.762+0000] {standard_task_runner.py:55} INFO - Started process 32687 to run task
[2024-05-31T18:00:01.767+0000] {standard_task_runner.py:82} INFO - Running: ['***', 'tasks', 'run', 'fitbit_data_pull', 'get_heart_rate', 'scheduled__2024-05-30T18:00:00+00:00', '--job-id', '67', '--raw', '--subdir', 'DAGS_FOLDER/fitbit_pull_dag.py', '--cfg-path', '/tmp/tmpymd1x2h9']
[2024-05-31T18:00:01.768+0000] {standard_task_runner.py:83} INFO - Job 67: Subtask get_heart_rate
[2024-05-31T18:00:01.844+0000] {task_command.py:388} INFO - Running <TaskInstance: fitbit_data_pull.get_heart_rate scheduled__2024-05-30T18:00:00+00:00 [running]> on host eb426318bb2e
[2024-05-31T18:00:01.901+0000] {taskinstance.py:1509} INFO - Exporting the following env vars:
AIRFLOW_CTX_DAG_OWNER=***
AIRFLOW_CTX_DAG_ID=fitbit_data_pull
AIRFLOW_CTX_TASK_ID=get_heart_rate
AIRFLOW_CTX_EXECUTION_DATE=2024-05-30T18:00:00+00:00
AIRFLOW_CTX_TRY_NUMBER=1
AIRFLOW_CTX_DAG_RUN_ID=scheduled__2024-05-30T18:00:00+00:00
[2024-05-31T18:00:02.343+0000] {fitbit_pull_dag.py:58} INFO - Successfully extracted data for 2024-05-30:          date      time  heartrate
0  2024-05-30  13:15:00         90
1  2024-05-30  13:16:00         90
2  2024-05-30  13:17:00         90
3  2024-05-30  13:18:00         85
4  2024-05-30  13:19:00         81
[2024-05-31T18:00:02.344+0000] {fitbit_pull_dag.py:60} INFO - Storing file /opt/***/output/heartrate_2024-05-30.csv
[2024-05-31T18:00:02.349+0000] {python.py:177} INFO - Done. Returned value was: None
[2024-05-31T18:00:02.359+0000] {taskinstance.py:1323} INFO - Marking task as SUCCESS. dag_id=fitbit_data_pull, task_id=get_heart_rate, execution_date=20240530T180000, start_date=20240531T180001, end_date=20240531T180002
[2024-05-31T18:00:02.403+0000] {local_task_job.py:208} INFO - Task exited with return code 0
[2024-05-31T18:00:02.419+0000] {taskinstance.py:2578} INFO - 0 downstream tasks scheduled from follow-on schedule check
