[2024-06-17T18:00:00.699+0000] {taskinstance.py:1083} INFO - Dependencies all met for <TaskInstance: fitbit_data_pull.get_heart_rate scheduled__2024-06-16T18:00:00+00:00 [queued]>
[2024-06-17T18:00:00.704+0000] {taskinstance.py:1083} INFO - Dependencies all met for <TaskInstance: fitbit_data_pull.get_heart_rate scheduled__2024-06-16T18:00:00+00:00 [queued]>
[2024-06-17T18:00:00.705+0000] {taskinstance.py:1279} INFO - 
--------------------------------------------------------------------------------
[2024-06-17T18:00:00.705+0000] {taskinstance.py:1280} INFO - Starting attempt 1 of 2
[2024-06-17T18:00:00.706+0000] {taskinstance.py:1281} INFO - 
--------------------------------------------------------------------------------
[2024-06-17T18:00:00.712+0000] {taskinstance.py:1300} INFO - Executing <Task(PythonOperator): get_heart_rate> on 2024-06-16 18:00:00+00:00
[2024-06-17T18:00:00.716+0000] {standard_task_runner.py:55} INFO - Started process 60334 to run task
[2024-06-17T18:00:00.719+0000] {standard_task_runner.py:82} INFO - Running: ['***', 'tasks', 'run', 'fitbit_data_pull', 'get_heart_rate', 'scheduled__2024-06-16T18:00:00+00:00', '--job-id', '93', '--raw', '--subdir', 'DAGS_FOLDER/fitbit_pull_dag.py', '--cfg-path', '/tmp/tmpic_2zqhd']
[2024-06-17T18:00:00.720+0000] {standard_task_runner.py:83} INFO - Job 93: Subtask get_heart_rate
[2024-06-17T18:00:00.808+0000] {task_command.py:388} INFO - Running <TaskInstance: fitbit_data_pull.get_heart_rate scheduled__2024-06-16T18:00:00+00:00 [running]> on host 36244bbcc32e
[2024-06-17T18:00:00.851+0000] {taskinstance.py:1507} INFO - Exporting the following env vars:
AIRFLOW_CTX_DAG_OWNER=***
AIRFLOW_CTX_DAG_ID=fitbit_data_pull
AIRFLOW_CTX_TASK_ID=get_heart_rate
AIRFLOW_CTX_EXECUTION_DATE=2024-06-16T18:00:00+00:00
AIRFLOW_CTX_TRY_NUMBER=1
AIRFLOW_CTX_DAG_RUN_ID=scheduled__2024-06-16T18:00:00+00:00
[2024-06-17T18:00:01.253+0000] {fitbit_pull_dag.py:60} INFO - Successfully extracted data for 2024-06-16:          date      time  heartrate      data_insert_timestamp
0  2024-06-16  12:19:00         85 2024-06-17 18:00:01.248709
1  2024-06-16  12:20:00         73 2024-06-17 18:00:01.248709
2  2024-06-16  12:21:00         78 2024-06-17 18:00:01.248709
3  2024-06-16  12:22:00         77 2024-06-17 18:00:01.248709
4  2024-06-16  12:23:00         74 2024-06-17 18:00:01.248709
[2024-06-17T18:00:01.256+0000] {fitbit_pull_dag.py:62} INFO - Storing file /opt/***/output/heartrate_2024-06-16.csv
[2024-06-17T18:00:01.267+0000] {python.py:177} INFO - Done. Returned value was: None
[2024-06-17T18:00:01.276+0000] {taskinstance.py:1318} INFO - Marking task as SUCCESS. dag_id=fitbit_data_pull, task_id=get_heart_rate, execution_date=20240616T180000, start_date=20240617T180000, end_date=20240617T180001
[2024-06-17T18:00:01.326+0000] {local_task_job.py:208} INFO - Task exited with return code 0
[2024-06-17T18:00:01.339+0000] {taskinstance.py:2578} INFO - 0 downstream tasks scheduled from follow-on schedule check
