[2024-06-19T18:00:00.962+0000] {taskinstance.py:1083} INFO - Dependencies all met for <TaskInstance: fitbit_data_pull.get_heart_rate scheduled__2024-06-18T18:00:00+00:00 [queued]>
[2024-06-19T18:00:00.966+0000] {taskinstance.py:1083} INFO - Dependencies all met for <TaskInstance: fitbit_data_pull.get_heart_rate scheduled__2024-06-18T18:00:00+00:00 [queued]>
[2024-06-19T18:00:00.967+0000] {taskinstance.py:1279} INFO - 
--------------------------------------------------------------------------------
[2024-06-19T18:00:00.967+0000] {taskinstance.py:1280} INFO - Starting attempt 1 of 2
[2024-06-19T18:00:00.968+0000] {taskinstance.py:1281} INFO - 
--------------------------------------------------------------------------------
[2024-06-19T18:00:00.973+0000] {taskinstance.py:1300} INFO - Executing <Task(PythonOperator): get_heart_rate> on 2024-06-18 18:00:00+00:00
[2024-06-19T18:00:00.978+0000] {standard_task_runner.py:55} INFO - Started process 1870 to run task
[2024-06-19T18:00:00.981+0000] {standard_task_runner.py:82} INFO - Running: ['***', 'tasks', 'run', 'fitbit_data_pull', 'get_heart_rate', 'scheduled__2024-06-18T18:00:00+00:00', '--job-id', '95', '--raw', '--subdir', 'DAGS_FOLDER/fitbit_pull_dag.py', '--cfg-path', '/tmp/tmpxbpbvv_d']
[2024-06-19T18:00:00.982+0000] {standard_task_runner.py:83} INFO - Job 95: Subtask get_heart_rate
[2024-06-19T18:00:01.038+0000] {task_command.py:388} INFO - Running <TaskInstance: fitbit_data_pull.get_heart_rate scheduled__2024-06-18T18:00:00+00:00 [running]> on host 36244bbcc32e
[2024-06-19T18:00:01.078+0000] {taskinstance.py:1507} INFO - Exporting the following env vars:
AIRFLOW_CTX_DAG_OWNER=***
AIRFLOW_CTX_DAG_ID=fitbit_data_pull
AIRFLOW_CTX_TASK_ID=get_heart_rate
AIRFLOW_CTX_EXECUTION_DATE=2024-06-18T18:00:00+00:00
AIRFLOW_CTX_TRY_NUMBER=1
AIRFLOW_CTX_DAG_RUN_ID=scheduled__2024-06-18T18:00:00+00:00
[2024-06-19T18:00:01.473+0000] {fitbit_pull_dag.py:60} INFO - Successfully extracted data for 2024-06-18:          date      time  heartrate      data_insert_timestamp
0  2024-06-18  00:00:00         63 2024-06-19 18:00:01.467409
1  2024-06-18  00:01:00         61 2024-06-19 18:00:01.467409
2  2024-06-18  00:02:00         63 2024-06-19 18:00:01.467409
3  2024-06-18  00:03:00         60 2024-06-19 18:00:01.467409
4  2024-06-18  00:04:00         60 2024-06-19 18:00:01.467409
[2024-06-19T18:00:01.474+0000] {fitbit_pull_dag.py:62} INFO - Storing file /opt/***/output/heartrate_2024-06-18.csv
[2024-06-19T18:00:01.487+0000] {python.py:177} INFO - Done. Returned value was: None
[2024-06-19T18:00:01.494+0000] {taskinstance.py:1318} INFO - Marking task as SUCCESS. dag_id=fitbit_data_pull, task_id=get_heart_rate, execution_date=20240618T180000, start_date=20240619T180000, end_date=20240619T180001
[2024-06-19T18:00:01.539+0000] {local_task_job.py:208} INFO - Task exited with return code 0
[2024-06-19T18:00:01.552+0000] {taskinstance.py:2578} INFO - 0 downstream tasks scheduled from follow-on schedule check
