[2024-06-05T18:36:48.611+0000] {taskinstance.py:1083} INFO - Dependencies all met for <TaskInstance: fitbit_data_pull.get_heart_rate scheduled__2024-06-04T18:00:00+00:00 [queued]>
[2024-06-05T18:36:48.617+0000] {taskinstance.py:1083} INFO - Dependencies all met for <TaskInstance: fitbit_data_pull.get_heart_rate scheduled__2024-06-04T18:00:00+00:00 [queued]>
[2024-06-05T18:36:48.618+0000] {taskinstance.py:1279} INFO - 
--------------------------------------------------------------------------------
[2024-06-05T18:36:48.618+0000] {taskinstance.py:1280} INFO - Starting attempt 2 of 2
[2024-06-05T18:36:48.619+0000] {taskinstance.py:1281} INFO - 
--------------------------------------------------------------------------------
[2024-06-05T18:36:48.627+0000] {taskinstance.py:1300} INFO - Executing <Task(PythonOperator): get_heart_rate> on 2024-06-04 18:00:00+00:00
[2024-06-05T18:36:48.633+0000] {standard_task_runner.py:55} INFO - Started process 31931 to run task
[2024-06-05T18:36:48.637+0000] {standard_task_runner.py:82} INFO - Running: ['***', 'tasks', 'run', 'fitbit_data_pull', 'get_heart_rate', 'scheduled__2024-06-04T18:00:00+00:00', '--job-id', '76', '--raw', '--subdir', 'DAGS_FOLDER/fitbit_pull_dag.py', '--cfg-path', '/tmp/tmp0dd2ds3r']
[2024-06-05T18:36:48.637+0000] {standard_task_runner.py:83} INFO - Job 76: Subtask get_heart_rate
[2024-06-05T18:36:48.702+0000] {task_command.py:388} INFO - Running <TaskInstance: fitbit_data_pull.get_heart_rate scheduled__2024-06-04T18:00:00+00:00 [running]> on host eb426318bb2e
[2024-06-05T18:36:48.756+0000] {taskinstance.py:1509} INFO - Exporting the following env vars:
AIRFLOW_CTX_DAG_OWNER=***
AIRFLOW_CTX_DAG_ID=fitbit_data_pull
AIRFLOW_CTX_TASK_ID=get_heart_rate
AIRFLOW_CTX_EXECUTION_DATE=2024-06-04T18:00:00+00:00
AIRFLOW_CTX_TRY_NUMBER=2
AIRFLOW_CTX_DAG_RUN_ID=scheduled__2024-06-04T18:00:00+00:00
[2024-06-05T18:36:49.129+0000] {fitbit_pull_dag.py:60} INFO - Successfully extracted data for 2024-06-04:          date      time  heartrate      data_insert_timestamp
0  2024-06-04  00:00:00         62 2024-06-05 18:36:49.123117
1  2024-06-04  00:01:00         65 2024-06-05 18:36:49.123117
2  2024-06-04  00:02:00         65 2024-06-05 18:36:49.123117
3  2024-06-04  00:03:00         67 2024-06-05 18:36:49.123117
4  2024-06-04  00:04:00         67 2024-06-05 18:36:49.123117
[2024-06-05T18:36:49.130+0000] {fitbit_pull_dag.py:62} INFO - Storing file /opt/***/output/heartrate_2024-06-04.csv
[2024-06-05T18:36:49.142+0000] {python.py:177} INFO - Done. Returned value was: None
[2024-06-05T18:36:49.151+0000] {taskinstance.py:1323} INFO - Marking task as SUCCESS. dag_id=fitbit_data_pull, task_id=get_heart_rate, execution_date=20240604T180000, start_date=20240605T183648, end_date=20240605T183649
[2024-06-05T18:36:49.190+0000] {local_task_job.py:208} INFO - Task exited with return code 0
[2024-06-05T18:36:49.205+0000] {taskinstance.py:2578} INFO - 0 downstream tasks scheduled from follow-on schedule check
