[2024-05-30T02:15:35.269+0000] {taskinstance.py:1083} INFO - Dependencies all met for <TaskInstance: fitbit_data_pull.get_heart_rate scheduled__2024-05-28T18:00:00+00:00 [queued]>
[2024-05-30T02:15:35.276+0000] {taskinstance.py:1083} INFO - Dependencies all met for <TaskInstance: fitbit_data_pull.get_heart_rate scheduled__2024-05-28T18:00:00+00:00 [queued]>
[2024-05-30T02:15:35.277+0000] {taskinstance.py:1279} INFO - 
--------------------------------------------------------------------------------
[2024-05-30T02:15:35.277+0000] {taskinstance.py:1280} INFO - Starting attempt 1 of 2
[2024-05-30T02:15:35.278+0000] {taskinstance.py:1281} INFO - 
--------------------------------------------------------------------------------
[2024-05-30T02:15:35.287+0000] {taskinstance.py:1300} INFO - Executing <Task(PythonOperator): get_heart_rate> on 2024-05-28 18:00:00+00:00
[2024-05-30T02:15:35.292+0000] {standard_task_runner.py:55} INFO - Started process 55 to run task
[2024-05-30T02:15:35.296+0000] {standard_task_runner.py:82} INFO - Running: ['***', 'tasks', 'run', 'fitbit_data_pull', 'get_heart_rate', 'scheduled__2024-05-28T18:00:00+00:00', '--job-id', '65', '--raw', '--subdir', 'DAGS_FOLDER/fitbit_pull_dag.py', '--cfg-path', '/tmp/tmp2lxy8_rs']
[2024-05-30T02:15:35.297+0000] {standard_task_runner.py:83} INFO - Job 65: Subtask get_heart_rate
[2024-05-30T02:15:35.372+0000] {task_command.py:388} INFO - Running <TaskInstance: fitbit_data_pull.get_heart_rate scheduled__2024-05-28T18:00:00+00:00 [running]> on host eb426318bb2e
[2024-05-30T02:15:35.429+0000] {taskinstance.py:1509} INFO - Exporting the following env vars:
AIRFLOW_CTX_DAG_OWNER=***
AIRFLOW_CTX_DAG_ID=fitbit_data_pull
AIRFLOW_CTX_TASK_ID=get_heart_rate
AIRFLOW_CTX_EXECUTION_DATE=2024-05-28T18:00:00+00:00
AIRFLOW_CTX_TRY_NUMBER=1
AIRFLOW_CTX_DAG_RUN_ID=scheduled__2024-05-28T18:00:00+00:00
[2024-05-30T02:15:35.951+0000] {fitbit_pull_dag.py:58} INFO - Successfully extracted data for 2024-05-28:          date      time  heartrate
0  2024-05-28  00:00:00         55
1  2024-05-28  00:01:00         55
2  2024-05-28  00:02:00         54
3  2024-05-28  00:03:00         55
4  2024-05-28  00:04:00         55
[2024-05-30T02:15:35.951+0000] {fitbit_pull_dag.py:60} INFO - Storing file /opt/***/output/heartrate_2024-05-28.csv
[2024-05-30T02:15:35.958+0000] {python.py:177} INFO - Done. Returned value was: None
[2024-05-30T02:15:35.967+0000] {taskinstance.py:1323} INFO - Marking task as SUCCESS. dag_id=fitbit_data_pull, task_id=get_heart_rate, execution_date=20240528T180000, start_date=20240530T021535, end_date=20240530T021535
[2024-05-30T02:15:36.008+0000] {local_task_job.py:208} INFO - Task exited with return code 0
[2024-05-30T02:15:36.024+0000] {taskinstance.py:2578} INFO - 0 downstream tasks scheduled from follow-on schedule check
