[2024-06-03T18:00:01.533+0000] {taskinstance.py:1083} INFO - Dependencies all met for <TaskInstance: fitbit_data_pull.get_heart_rate scheduled__2024-06-02T18:00:00+00:00 [queued]>
[2024-06-03T18:00:01.540+0000] {taskinstance.py:1083} INFO - Dependencies all met for <TaskInstance: fitbit_data_pull.get_heart_rate scheduled__2024-06-02T18:00:00+00:00 [queued]>
[2024-06-03T18:00:01.540+0000] {taskinstance.py:1279} INFO - 
--------------------------------------------------------------------------------
[2024-06-03T18:00:01.541+0000] {taskinstance.py:1280} INFO - Starting attempt 1 of 2
[2024-06-03T18:00:01.541+0000] {taskinstance.py:1281} INFO - 
--------------------------------------------------------------------------------
[2024-06-03T18:00:01.549+0000] {taskinstance.py:1300} INFO - Executing <Task(PythonOperator): get_heart_rate> on 2024-06-02 18:00:00+00:00
[2024-06-03T18:00:01.555+0000] {standard_task_runner.py:55} INFO - Started process 22366 to run task
[2024-06-03T18:00:01.559+0000] {standard_task_runner.py:82} INFO - Running: ['***', 'tasks', 'run', 'fitbit_data_pull', 'get_heart_rate', 'scheduled__2024-06-02T18:00:00+00:00', '--job-id', '71', '--raw', '--subdir', 'DAGS_FOLDER/fitbit_pull_dag.py', '--cfg-path', '/tmp/tmpr_8o7jh2']
[2024-06-03T18:00:01.560+0000] {standard_task_runner.py:83} INFO - Job 71: Subtask get_heart_rate
[2024-06-03T18:00:01.627+0000] {task_command.py:388} INFO - Running <TaskInstance: fitbit_data_pull.get_heart_rate scheduled__2024-06-02T18:00:00+00:00 [running]> on host eb426318bb2e
[2024-06-03T18:00:01.677+0000] {taskinstance.py:1509} INFO - Exporting the following env vars:
AIRFLOW_CTX_DAG_OWNER=***
AIRFLOW_CTX_DAG_ID=fitbit_data_pull
AIRFLOW_CTX_TASK_ID=get_heart_rate
AIRFLOW_CTX_EXECUTION_DATE=2024-06-02T18:00:00+00:00
AIRFLOW_CTX_TRY_NUMBER=1
AIRFLOW_CTX_DAG_RUN_ID=scheduled__2024-06-02T18:00:00+00:00
[2024-06-03T18:00:02.151+0000] {fitbit_pull_dag.py:60} INFO - Successfully extracted data for 2024-06-02:          date      time  heartrate      data_insert_timestamp
0  2024-06-02  12:28:00         82 2024-06-03 18:00:02.104499
1  2024-06-02  12:29:00         76 2024-06-03 18:00:02.104499
2  2024-06-02  12:30:00         63 2024-06-03 18:00:02.104499
3  2024-06-02  12:31:00         70 2024-06-03 18:00:02.104499
4  2024-06-02  12:32:00         64 2024-06-03 18:00:02.104499
[2024-06-03T18:00:02.152+0000] {fitbit_pull_dag.py:62} INFO - Storing file /opt/***/output/heartrate_2024-06-02.csv
[2024-06-03T18:00:02.178+0000] {python.py:177} INFO - Done. Returned value was: None
[2024-06-03T18:00:02.188+0000] {taskinstance.py:1323} INFO - Marking task as SUCCESS. dag_id=fitbit_data_pull, task_id=get_heart_rate, execution_date=20240602T180000, start_date=20240603T180001, end_date=20240603T180002
[2024-06-03T18:00:02.248+0000] {local_task_job.py:208} INFO - Task exited with return code 0
[2024-06-03T18:00:02.267+0000] {taskinstance.py:2578} INFO - 0 downstream tasks scheduled from follow-on schedule check
