[2024-05-16T18:24:06.094+0000] {taskinstance.py:1083} INFO - Dependencies all met for <TaskInstance: fitbit_data_pull.get_heart_rate manual__2024-05-16T18:24:05.334596+00:00 [queued]>
[2024-05-16T18:24:06.102+0000] {taskinstance.py:1083} INFO - Dependencies all met for <TaskInstance: fitbit_data_pull.get_heart_rate manual__2024-05-16T18:24:05.334596+00:00 [queued]>
[2024-05-16T18:24:06.104+0000] {taskinstance.py:1279} INFO - 
--------------------------------------------------------------------------------
[2024-05-16T18:24:06.105+0000] {taskinstance.py:1280} INFO - Starting attempt 1 of 2
[2024-05-16T18:24:06.106+0000] {taskinstance.py:1281} INFO - 
--------------------------------------------------------------------------------
[2024-05-16T18:24:06.117+0000] {taskinstance.py:1300} INFO - Executing <Task(PythonOperator): get_heart_rate> on 2024-05-16 18:24:05.334596+00:00
[2024-05-16T18:24:06.123+0000] {standard_task_runner.py:55} INFO - Started process 199 to run task
[2024-05-16T18:24:06.127+0000] {standard_task_runner.py:82} INFO - Running: ['***', 'tasks', 'run', 'fitbit_data_pull', 'get_heart_rate', 'manual__2024-05-16T18:24:05.334596+00:00', '--job-id', '50', '--raw', '--subdir', 'DAGS_FOLDER/fitbit_pull_dag.py', '--cfg-path', '/tmp/tmp53l7x_qy']
[2024-05-16T18:24:06.128+0000] {standard_task_runner.py:83} INFO - Job 50: Subtask get_heart_rate
[2024-05-16T18:24:06.200+0000] {task_command.py:388} INFO - Running <TaskInstance: fitbit_data_pull.get_heart_rate manual__2024-05-16T18:24:05.334596+00:00 [running]> on host eb426318bb2e
[2024-05-16T18:24:06.252+0000] {taskinstance.py:1509} INFO - Exporting the following env vars:
AIRFLOW_CTX_DAG_OWNER=***
AIRFLOW_CTX_DAG_ID=fitbit_data_pull
AIRFLOW_CTX_TASK_ID=get_heart_rate
AIRFLOW_CTX_EXECUTION_DATE=2024-05-16T18:24:05.334596+00:00
AIRFLOW_CTX_TRY_NUMBER=1
AIRFLOW_CTX_DAG_RUN_ID=manual__2024-05-16T18:24:05.334596+00:00
[2024-05-16T18:24:06.790+0000] {fitbit_pull_dag.py:53} INFO - Successfully extracted data for 2024-05-15:          date      time  heartrate
0  2024-05-15  00:00:00         62
1  2024-05-15  00:01:00         67
2  2024-05-15  00:02:00         62
3  2024-05-15  00:03:00         62
4  2024-05-15  00:04:00         61
[2024-05-16T18:24:06.791+0000] {fitbit_pull_dag.py:55} INFO - Storing file /opt/***/output/heartrate_2024-05-15.csv
[2024-05-16T18:24:06.799+0000] {python.py:177} INFO - Done. Returned value was: None
[2024-05-16T18:24:06.808+0000] {taskinstance.py:1323} INFO - Marking task as SUCCESS. dag_id=fitbit_data_pull, task_id=get_heart_rate, execution_date=20240516T182405, start_date=20240516T182406, end_date=20240516T182406
[2024-05-16T18:24:06.852+0000] {local_task_job.py:208} INFO - Task exited with return code 0
[2024-05-16T18:24:06.866+0000] {taskinstance.py:2578} INFO - 0 downstream tasks scheduled from follow-on schedule check
