[2024-05-18T01:39:32.476+0000] {taskinstance.py:1083} INFO - Dependencies all met for <TaskInstance: fitbit_data_pull.get_heart_rate manual__2024-05-18T01:39:31.062496+00:00 [queued]>
[2024-05-18T01:39:32.482+0000] {taskinstance.py:1083} INFO - Dependencies all met for <TaskInstance: fitbit_data_pull.get_heart_rate manual__2024-05-18T01:39:31.062496+00:00 [queued]>
[2024-05-18T01:39:32.482+0000] {taskinstance.py:1279} INFO - 
--------------------------------------------------------------------------------
[2024-05-18T01:39:32.483+0000] {taskinstance.py:1280} INFO - Starting attempt 1 of 2
[2024-05-18T01:39:32.483+0000] {taskinstance.py:1281} INFO - 
--------------------------------------------------------------------------------
[2024-05-18T01:39:32.491+0000] {taskinstance.py:1300} INFO - Executing <Task(PythonOperator): get_heart_rate> on 2024-05-18 01:39:31.062496+00:00
[2024-05-18T01:39:32.495+0000] {standard_task_runner.py:55} INFO - Started process 156 to run task
[2024-05-18T01:39:32.498+0000] {standard_task_runner.py:82} INFO - Running: ['***', 'tasks', 'run', 'fitbit_data_pull', 'get_heart_rate', 'manual__2024-05-18T01:39:31.062496+00:00', '--job-id', '58', '--raw', '--subdir', 'DAGS_FOLDER/fitbit_pull_dag.py', '--cfg-path', '/tmp/tmp38fwzmp_']
[2024-05-18T01:39:32.499+0000] {standard_task_runner.py:83} INFO - Job 58: Subtask get_heart_rate
[2024-05-18T01:39:32.565+0000] {task_command.py:388} INFO - Running <TaskInstance: fitbit_data_pull.get_heart_rate manual__2024-05-18T01:39:31.062496+00:00 [running]> on host eb426318bb2e
[2024-05-18T01:39:32.618+0000] {taskinstance.py:1509} INFO - Exporting the following env vars:
AIRFLOW_CTX_DAG_OWNER=***
AIRFLOW_CTX_DAG_ID=fitbit_data_pull
AIRFLOW_CTX_TASK_ID=get_heart_rate
AIRFLOW_CTX_EXECUTION_DATE=2024-05-18T01:39:31.062496+00:00
AIRFLOW_CTX_TRY_NUMBER=1
AIRFLOW_CTX_DAG_RUN_ID=manual__2024-05-18T01:39:31.062496+00:00
[2024-05-18T01:39:33.261+0000] {fitbit_pull_dag.py:58} INFO - Successfully extracted data for 2024-05-16:          date      time  heartrate
0  2024-05-16  00:00:00         60
1  2024-05-16  00:01:00         60
2  2024-05-16  00:02:00         59
3  2024-05-16  00:03:00         63
4  2024-05-16  00:04:00         63
[2024-05-18T01:39:33.261+0000] {fitbit_pull_dag.py:60} INFO - Storing file /opt/***/output/heartrate_2024-05-16.csv
[2024-05-18T01:39:33.269+0000] {python.py:177} INFO - Done. Returned value was: None
[2024-05-18T01:39:33.277+0000] {taskinstance.py:1323} INFO - Marking task as SUCCESS. dag_id=fitbit_data_pull, task_id=get_heart_rate, execution_date=20240518T013931, start_date=20240518T013932, end_date=20240518T013933
[2024-05-18T01:39:33.304+0000] {local_task_job.py:208} INFO - Task exited with return code 0
[2024-05-18T01:39:33.319+0000] {taskinstance.py:2578} INFO - 0 downstream tasks scheduled from follow-on schedule check
