[2024-06-14T21:50:27.869+0000] {processor.py:153} INFO - Started process (PID=66) to work on /home/airflow/.local/lib/python3.7/site-packages/airflow/example_dags/example_xcomargs.py
[2024-06-14T21:50:27.870+0000] {processor.py:743} INFO - Processing file /home/airflow/.local/lib/python3.7/site-packages/airflow/example_dags/example_xcomargs.py for tasks to queue
[2024-06-14T21:50:27.871+0000] {logging_mixin.py:137} INFO - [2024-06-14T21:50:27.871+0000] {dagbag.py:538} INFO - Filling up the DagBag from /home/airflow/.local/lib/python3.7/site-packages/airflow/example_dags/example_xcomargs.py
[2024-06-14T21:50:27.894+0000] {processor.py:753} INFO - DAG(s) dict_keys(['example_xcom_args', 'example_xcom_args_with_operators']) retrieved from /home/airflow/.local/lib/python3.7/site-packages/airflow/example_dags/example_xcomargs.py
[2024-06-14T21:50:27.919+0000] {logging_mixin.py:137} INFO - [2024-06-14T21:50:27.919+0000] {dag.py:2690} INFO - Sync 2 DAGs
[2024-06-14T21:50:27.939+0000] {logging_mixin.py:137} INFO - [2024-06-14T21:50:27.939+0000] {dag.py:3441} INFO - Setting next_dagrun for example_xcom_args to None, run_after=None
[2024-06-14T21:50:27.942+0000] {logging_mixin.py:137} INFO - [2024-06-14T21:50:27.942+0000] {dag.py:3441} INFO - Setting next_dagrun for example_xcom_args_with_operators to None, run_after=None
[2024-06-14T21:50:27.956+0000] {processor.py:175} INFO - Processing /home/airflow/.local/lib/python3.7/site-packages/airflow/example_dags/example_xcomargs.py took 0.090 seconds
[2024-06-14T21:50:58.774+0000] {processor.py:153} INFO - Started process (PID=116) to work on /home/airflow/.local/lib/python3.7/site-packages/airflow/example_dags/example_xcomargs.py
[2024-06-14T21:50:58.776+0000] {processor.py:743} INFO - Processing file /home/airflow/.local/lib/python3.7/site-packages/airflow/example_dags/example_xcomargs.py for tasks to queue
[2024-06-14T21:50:58.777+0000] {logging_mixin.py:137} INFO - [2024-06-14T21:50:58.777+0000] {dagbag.py:538} INFO - Filling up the DagBag from /home/airflow/.local/lib/python3.7/site-packages/airflow/example_dags/example_xcomargs.py
[2024-06-14T21:50:58.795+0000] {processor.py:753} INFO - DAG(s) dict_keys(['example_xcom_args_with_operators', 'example_xcom_args']) retrieved from /home/airflow/.local/lib/python3.7/site-packages/airflow/example_dags/example_xcomargs.py
[2024-06-14T21:50:58.818+0000] {logging_mixin.py:137} INFO - [2024-06-14T21:50:58.818+0000] {dag.py:2690} INFO - Sync 2 DAGs
[2024-06-14T21:50:58.836+0000] {logging_mixin.py:137} INFO - [2024-06-14T21:50:58.836+0000] {dag.py:3441} INFO - Setting next_dagrun for example_xcom_args to None, run_after=None
[2024-06-14T21:50:58.839+0000] {logging_mixin.py:137} INFO - [2024-06-14T21:50:58.839+0000] {dag.py:3441} INFO - Setting next_dagrun for example_xcom_args_with_operators to None, run_after=None
[2024-06-14T21:50:58.850+0000] {processor.py:175} INFO - Processing /home/airflow/.local/lib/python3.7/site-packages/airflow/example_dags/example_xcomargs.py took 0.078 seconds
[2024-06-14T21:51:29.212+0000] {processor.py:153} INFO - Started process (PID=166) to work on /home/airflow/.local/lib/python3.7/site-packages/airflow/example_dags/example_xcomargs.py
[2024-06-14T21:51:29.213+0000] {processor.py:743} INFO - Processing file /home/airflow/.local/lib/python3.7/site-packages/airflow/example_dags/example_xcomargs.py for tasks to queue
[2024-06-14T21:51:29.214+0000] {logging_mixin.py:137} INFO - [2024-06-14T21:51:29.214+0000] {dagbag.py:538} INFO - Filling up the DagBag from /home/airflow/.local/lib/python3.7/site-packages/airflow/example_dags/example_xcomargs.py
[2024-06-14T21:51:29.232+0000] {processor.py:753} INFO - DAG(s) dict_keys(['example_xcom_args', 'example_xcom_args_with_operators']) retrieved from /home/airflow/.local/lib/python3.7/site-packages/airflow/example_dags/example_xcomargs.py
[2024-06-14T21:51:29.256+0000] {logging_mixin.py:137} INFO - [2024-06-14T21:51:29.256+0000] {dag.py:2690} INFO - Sync 2 DAGs
[2024-06-14T21:51:29.273+0000] {logging_mixin.py:137} INFO - [2024-06-14T21:51:29.272+0000] {dag.py:3441} INFO - Setting next_dagrun for example_xcom_args to None, run_after=None
[2024-06-14T21:51:29.276+0000] {logging_mixin.py:137} INFO - [2024-06-14T21:51:29.276+0000] {dag.py:3441} INFO - Setting next_dagrun for example_xcom_args_with_operators to None, run_after=None
[2024-06-14T21:51:29.287+0000] {processor.py:175} INFO - Processing /home/airflow/.local/lib/python3.7/site-packages/airflow/example_dags/example_xcomargs.py took 0.079 seconds
[2024-06-14T21:51:59.542+0000] {processor.py:153} INFO - Started process (PID=216) to work on /home/airflow/.local/lib/python3.7/site-packages/airflow/example_dags/example_xcomargs.py
[2024-06-14T21:51:59.543+0000] {processor.py:743} INFO - Processing file /home/airflow/.local/lib/python3.7/site-packages/airflow/example_dags/example_xcomargs.py for tasks to queue
[2024-06-14T21:51:59.544+0000] {logging_mixin.py:137} INFO - [2024-06-14T21:51:59.544+0000] {dagbag.py:538} INFO - Filling up the DagBag from /home/airflow/.local/lib/python3.7/site-packages/airflow/example_dags/example_xcomargs.py
[2024-06-14T21:51:59.561+0000] {processor.py:753} INFO - DAG(s) dict_keys(['example_xcom_args_with_operators', 'example_xcom_args']) retrieved from /home/airflow/.local/lib/python3.7/site-packages/airflow/example_dags/example_xcomargs.py
[2024-06-14T21:51:59.584+0000] {logging_mixin.py:137} INFO - [2024-06-14T21:51:59.584+0000] {dag.py:2690} INFO - Sync 2 DAGs
[2024-06-14T21:51:59.602+0000] {logging_mixin.py:137} INFO - [2024-06-14T21:51:59.602+0000] {dag.py:3441} INFO - Setting next_dagrun for example_xcom_args to None, run_after=None
[2024-06-14T21:51:59.606+0000] {logging_mixin.py:137} INFO - [2024-06-14T21:51:59.606+0000] {dag.py:3441} INFO - Setting next_dagrun for example_xcom_args_with_operators to None, run_after=None
[2024-06-14T21:51:59.618+0000] {processor.py:175} INFO - Processing /home/airflow/.local/lib/python3.7/site-packages/airflow/example_dags/example_xcomargs.py took 0.078 seconds
[2024-06-14T21:52:30.212+0000] {processor.py:153} INFO - Started process (PID=266) to work on /home/airflow/.local/lib/python3.7/site-packages/airflow/example_dags/example_xcomargs.py
[2024-06-14T21:52:30.213+0000] {processor.py:743} INFO - Processing file /home/airflow/.local/lib/python3.7/site-packages/airflow/example_dags/example_xcomargs.py for tasks to queue
[2024-06-14T21:52:30.214+0000] {logging_mixin.py:137} INFO - [2024-06-14T21:52:30.214+0000] {dagbag.py:538} INFO - Filling up the DagBag from /home/airflow/.local/lib/python3.7/site-packages/airflow/example_dags/example_xcomargs.py
[2024-06-14T21:52:30.232+0000] {processor.py:753} INFO - DAG(s) dict_keys(['example_xcom_args', 'example_xcom_args_with_operators']) retrieved from /home/airflow/.local/lib/python3.7/site-packages/airflow/example_dags/example_xcomargs.py
[2024-06-14T21:52:30.255+0000] {logging_mixin.py:137} INFO - [2024-06-14T21:52:30.255+0000] {dag.py:2690} INFO - Sync 2 DAGs
[2024-06-14T21:52:30.273+0000] {logging_mixin.py:137} INFO - [2024-06-14T21:52:30.273+0000] {dag.py:3441} INFO - Setting next_dagrun for example_xcom_args to None, run_after=None
[2024-06-14T21:52:30.276+0000] {logging_mixin.py:137} INFO - [2024-06-14T21:52:30.276+0000] {dag.py:3441} INFO - Setting next_dagrun for example_xcom_args_with_operators to None, run_after=None
[2024-06-14T21:52:30.288+0000] {processor.py:175} INFO - Processing /home/airflow/.local/lib/python3.7/site-packages/airflow/example_dags/example_xcomargs.py took 0.078 seconds
[2024-06-14T21:53:00.685+0000] {processor.py:153} INFO - Started process (PID=315) to work on /home/airflow/.local/lib/python3.7/site-packages/airflow/example_dags/example_xcomargs.py
[2024-06-14T21:53:00.686+0000] {processor.py:743} INFO - Processing file /home/airflow/.local/lib/python3.7/site-packages/airflow/example_dags/example_xcomargs.py for tasks to queue
[2024-06-14T21:53:00.687+0000] {logging_mixin.py:137} INFO - [2024-06-14T21:53:00.687+0000] {dagbag.py:538} INFO - Filling up the DagBag from /home/airflow/.local/lib/python3.7/site-packages/airflow/example_dags/example_xcomargs.py
[2024-06-14T21:53:00.707+0000] {processor.py:753} INFO - DAG(s) dict_keys(['example_xcom_args', 'example_xcom_args_with_operators']) retrieved from /home/airflow/.local/lib/python3.7/site-packages/airflow/example_dags/example_xcomargs.py
[2024-06-14T21:53:00.732+0000] {logging_mixin.py:137} INFO - [2024-06-14T21:53:00.732+0000] {dag.py:2690} INFO - Sync 2 DAGs
[2024-06-14T21:53:00.749+0000] {logging_mixin.py:137} INFO - [2024-06-14T21:53:00.749+0000] {dag.py:3441} INFO - Setting next_dagrun for example_xcom_args to None, run_after=None
[2024-06-14T21:53:00.752+0000] {logging_mixin.py:137} INFO - [2024-06-14T21:53:00.752+0000] {dag.py:3441} INFO - Setting next_dagrun for example_xcom_args_with_operators to None, run_after=None
[2024-06-14T21:53:00.764+0000] {processor.py:175} INFO - Processing /home/airflow/.local/lib/python3.7/site-packages/airflow/example_dags/example_xcomargs.py took 0.082 seconds
[2024-06-14T21:53:31.365+0000] {processor.py:153} INFO - Started process (PID=365) to work on /home/airflow/.local/lib/python3.7/site-packages/airflow/example_dags/example_xcomargs.py
[2024-06-14T21:53:31.366+0000] {processor.py:743} INFO - Processing file /home/airflow/.local/lib/python3.7/site-packages/airflow/example_dags/example_xcomargs.py for tasks to queue
[2024-06-14T21:53:31.367+0000] {logging_mixin.py:137} INFO - [2024-06-14T21:53:31.367+0000] {dagbag.py:538} INFO - Filling up the DagBag from /home/airflow/.local/lib/python3.7/site-packages/airflow/example_dags/example_xcomargs.py
[2024-06-14T21:53:31.387+0000] {processor.py:753} INFO - DAG(s) dict_keys(['example_xcom_args_with_operators', 'example_xcom_args']) retrieved from /home/airflow/.local/lib/python3.7/site-packages/airflow/example_dags/example_xcomargs.py
[2024-06-14T21:53:31.413+0000] {logging_mixin.py:137} INFO - [2024-06-14T21:53:31.413+0000] {dag.py:2690} INFO - Sync 2 DAGs
[2024-06-14T21:53:31.431+0000] {logging_mixin.py:137} INFO - [2024-06-14T21:53:31.431+0000] {dag.py:3441} INFO - Setting next_dagrun for example_xcom_args to None, run_after=None
[2024-06-14T21:53:31.434+0000] {logging_mixin.py:137} INFO - [2024-06-14T21:53:31.434+0000] {dag.py:3441} INFO - Setting next_dagrun for example_xcom_args_with_operators to None, run_after=None
[2024-06-14T21:53:31.449+0000] {processor.py:175} INFO - Processing /home/airflow/.local/lib/python3.7/site-packages/airflow/example_dags/example_xcomargs.py took 0.088 seconds
[2024-06-14T21:54:02.052+0000] {processor.py:153} INFO - Started process (PID=415) to work on /home/airflow/.local/lib/python3.7/site-packages/airflow/example_dags/example_xcomargs.py
[2024-06-14T21:54:02.053+0000] {processor.py:743} INFO - Processing file /home/airflow/.local/lib/python3.7/site-packages/airflow/example_dags/example_xcomargs.py for tasks to queue
[2024-06-14T21:54:02.054+0000] {logging_mixin.py:137} INFO - [2024-06-14T21:54:02.054+0000] {dagbag.py:538} INFO - Filling up the DagBag from /home/airflow/.local/lib/python3.7/site-packages/airflow/example_dags/example_xcomargs.py
[2024-06-14T21:54:02.072+0000] {processor.py:753} INFO - DAG(s) dict_keys(['example_xcom_args', 'example_xcom_args_with_operators']) retrieved from /home/airflow/.local/lib/python3.7/site-packages/airflow/example_dags/example_xcomargs.py
[2024-06-14T21:54:02.099+0000] {logging_mixin.py:137} INFO - [2024-06-14T21:54:02.099+0000] {dag.py:2690} INFO - Sync 2 DAGs
[2024-06-14T21:54:02.118+0000] {logging_mixin.py:137} INFO - [2024-06-14T21:54:02.118+0000] {dag.py:3441} INFO - Setting next_dagrun for example_xcom_args to None, run_after=None
[2024-06-14T21:54:02.123+0000] {logging_mixin.py:137} INFO - [2024-06-14T21:54:02.122+0000] {dag.py:3441} INFO - Setting next_dagrun for example_xcom_args_with_operators to None, run_after=None
[2024-06-14T21:54:02.136+0000] {processor.py:175} INFO - Processing /home/airflow/.local/lib/python3.7/site-packages/airflow/example_dags/example_xcomargs.py took 0.087 seconds
[2024-06-14T21:54:32.763+0000] {processor.py:153} INFO - Started process (PID=465) to work on /home/airflow/.local/lib/python3.7/site-packages/airflow/example_dags/example_xcomargs.py
[2024-06-14T21:54:32.764+0000] {processor.py:743} INFO - Processing file /home/airflow/.local/lib/python3.7/site-packages/airflow/example_dags/example_xcomargs.py for tasks to queue
[2024-06-14T21:54:32.766+0000] {logging_mixin.py:137} INFO - [2024-06-14T21:54:32.766+0000] {dagbag.py:538} INFO - Filling up the DagBag from /home/airflow/.local/lib/python3.7/site-packages/airflow/example_dags/example_xcomargs.py
[2024-06-14T21:54:32.784+0000] {processor.py:753} INFO - DAG(s) dict_keys(['example_xcom_args_with_operators', 'example_xcom_args']) retrieved from /home/airflow/.local/lib/python3.7/site-packages/airflow/example_dags/example_xcomargs.py
[2024-06-14T21:54:32.808+0000] {logging_mixin.py:137} INFO - [2024-06-14T21:54:32.808+0000] {dag.py:2690} INFO - Sync 2 DAGs
[2024-06-14T21:54:32.825+0000] {logging_mixin.py:137} INFO - [2024-06-14T21:54:32.825+0000] {dag.py:3441} INFO - Setting next_dagrun for example_xcom_args to None, run_after=None
[2024-06-14T21:54:32.827+0000] {logging_mixin.py:137} INFO - [2024-06-14T21:54:32.827+0000] {dag.py:3441} INFO - Setting next_dagrun for example_xcom_args_with_operators to None, run_after=None
[2024-06-14T21:54:32.841+0000] {processor.py:175} INFO - Processing /home/airflow/.local/lib/python3.7/site-packages/airflow/example_dags/example_xcomargs.py took 0.080 seconds
[2024-06-14T21:55:03.390+0000] {processor.py:153} INFO - Started process (PID=515) to work on /home/airflow/.local/lib/python3.7/site-packages/airflow/example_dags/example_xcomargs.py
[2024-06-14T21:55:03.392+0000] {processor.py:743} INFO - Processing file /home/airflow/.local/lib/python3.7/site-packages/airflow/example_dags/example_xcomargs.py for tasks to queue
[2024-06-14T21:55:03.392+0000] {logging_mixin.py:137} INFO - [2024-06-14T21:55:03.392+0000] {dagbag.py:538} INFO - Filling up the DagBag from /home/airflow/.local/lib/python3.7/site-packages/airflow/example_dags/example_xcomargs.py
[2024-06-14T21:55:03.410+0000] {processor.py:753} INFO - DAG(s) dict_keys(['example_xcom_args_with_operators', 'example_xcom_args']) retrieved from /home/airflow/.local/lib/python3.7/site-packages/airflow/example_dags/example_xcomargs.py
[2024-06-14T21:55:03.434+0000] {logging_mixin.py:137} INFO - [2024-06-14T21:55:03.434+0000] {dag.py:2690} INFO - Sync 2 DAGs
[2024-06-14T21:55:03.459+0000] {logging_mixin.py:137} INFO - [2024-06-14T21:55:03.459+0000] {dag.py:3441} INFO - Setting next_dagrun for example_xcom_args to None, run_after=None
[2024-06-14T21:55:03.461+0000] {logging_mixin.py:137} INFO - [2024-06-14T21:55:03.461+0000] {dag.py:3441} INFO - Setting next_dagrun for example_xcom_args_with_operators to None, run_after=None
[2024-06-14T21:55:03.474+0000] {processor.py:175} INFO - Processing /home/airflow/.local/lib/python3.7/site-packages/airflow/example_dags/example_xcomargs.py took 0.088 seconds
[2024-06-14T21:55:33.947+0000] {processor.py:153} INFO - Started process (PID=565) to work on /home/airflow/.local/lib/python3.7/site-packages/airflow/example_dags/example_xcomargs.py
[2024-06-14T21:55:33.948+0000] {processor.py:743} INFO - Processing file /home/airflow/.local/lib/python3.7/site-packages/airflow/example_dags/example_xcomargs.py for tasks to queue
[2024-06-14T21:55:33.949+0000] {logging_mixin.py:137} INFO - [2024-06-14T21:55:33.949+0000] {dagbag.py:538} INFO - Filling up the DagBag from /home/airflow/.local/lib/python3.7/site-packages/airflow/example_dags/example_xcomargs.py
[2024-06-14T21:55:33.981+0000] {processor.py:753} INFO - DAG(s) dict_keys(['example_xcom_args_with_operators', 'example_xcom_args']) retrieved from /home/airflow/.local/lib/python3.7/site-packages/airflow/example_dags/example_xcomargs.py
[2024-06-14T21:55:34.030+0000] {logging_mixin.py:137} INFO - [2024-06-14T21:55:34.029+0000] {dag.py:2690} INFO - Sync 2 DAGs
[2024-06-14T21:55:34.050+0000] {logging_mixin.py:137} INFO - [2024-06-14T21:55:34.050+0000] {dag.py:3441} INFO - Setting next_dagrun for example_xcom_args to None, run_after=None
[2024-06-14T21:55:34.052+0000] {logging_mixin.py:137} INFO - [2024-06-14T21:55:34.052+0000] {dag.py:3441} INFO - Setting next_dagrun for example_xcom_args_with_operators to None, run_after=None
[2024-06-14T21:55:34.064+0000] {processor.py:175} INFO - Processing /home/airflow/.local/lib/python3.7/site-packages/airflow/example_dags/example_xcomargs.py took 0.121 seconds
[2024-06-14T21:56:04.830+0000] {processor.py:153} INFO - Started process (PID=615) to work on /home/airflow/.local/lib/python3.7/site-packages/airflow/example_dags/example_xcomargs.py
[2024-06-14T21:56:04.831+0000] {processor.py:743} INFO - Processing file /home/airflow/.local/lib/python3.7/site-packages/airflow/example_dags/example_xcomargs.py for tasks to queue
[2024-06-14T21:56:04.832+0000] {logging_mixin.py:137} INFO - [2024-06-14T21:56:04.832+0000] {dagbag.py:538} INFO - Filling up the DagBag from /home/airflow/.local/lib/python3.7/site-packages/airflow/example_dags/example_xcomargs.py
[2024-06-14T21:56:04.850+0000] {processor.py:753} INFO - DAG(s) dict_keys(['example_xcom_args_with_operators', 'example_xcom_args']) retrieved from /home/airflow/.local/lib/python3.7/site-packages/airflow/example_dags/example_xcomargs.py
[2024-06-14T21:56:04.879+0000] {logging_mixin.py:137} INFO - [2024-06-14T21:56:04.878+0000] {dag.py:2690} INFO - Sync 2 DAGs
[2024-06-14T21:56:04.898+0000] {logging_mixin.py:137} INFO - [2024-06-14T21:56:04.898+0000] {dag.py:3441} INFO - Setting next_dagrun for example_xcom_args to None, run_after=None
[2024-06-14T21:56:04.902+0000] {logging_mixin.py:137} INFO - [2024-06-14T21:56:04.902+0000] {dag.py:3441} INFO - Setting next_dagrun for example_xcom_args_with_operators to None, run_after=None
[2024-06-14T21:56:04.917+0000] {processor.py:175} INFO - Processing /home/airflow/.local/lib/python3.7/site-packages/airflow/example_dags/example_xcomargs.py took 0.090 seconds
[2024-06-14T21:56:35.618+0000] {processor.py:153} INFO - Started process (PID=665) to work on /home/airflow/.local/lib/python3.7/site-packages/airflow/example_dags/example_xcomargs.py
[2024-06-14T21:56:35.619+0000] {processor.py:743} INFO - Processing file /home/airflow/.local/lib/python3.7/site-packages/airflow/example_dags/example_xcomargs.py for tasks to queue
[2024-06-14T21:56:35.620+0000] {logging_mixin.py:137} INFO - [2024-06-14T21:56:35.620+0000] {dagbag.py:538} INFO - Filling up the DagBag from /home/airflow/.local/lib/python3.7/site-packages/airflow/example_dags/example_xcomargs.py
[2024-06-14T21:56:35.645+0000] {processor.py:753} INFO - DAG(s) dict_keys(['example_xcom_args', 'example_xcom_args_with_operators']) retrieved from /home/airflow/.local/lib/python3.7/site-packages/airflow/example_dags/example_xcomargs.py
[2024-06-14T21:56:35.674+0000] {logging_mixin.py:137} INFO - [2024-06-14T21:56:35.674+0000] {dag.py:2690} INFO - Sync 2 DAGs
[2024-06-14T21:56:35.694+0000] {logging_mixin.py:137} INFO - [2024-06-14T21:56:35.693+0000] {dag.py:3441} INFO - Setting next_dagrun for example_xcom_args to None, run_after=None
[2024-06-14T21:56:35.700+0000] {logging_mixin.py:137} INFO - [2024-06-14T21:56:35.700+0000] {dag.py:3441} INFO - Setting next_dagrun for example_xcom_args_with_operators to None, run_after=None
[2024-06-14T21:56:35.714+0000] {processor.py:175} INFO - Processing /home/airflow/.local/lib/python3.7/site-packages/airflow/example_dags/example_xcomargs.py took 0.101 seconds
[2024-06-14T21:57:06.149+0000] {processor.py:153} INFO - Started process (PID=715) to work on /home/airflow/.local/lib/python3.7/site-packages/airflow/example_dags/example_xcomargs.py
[2024-06-14T21:57:06.150+0000] {processor.py:743} INFO - Processing file /home/airflow/.local/lib/python3.7/site-packages/airflow/example_dags/example_xcomargs.py for tasks to queue
[2024-06-14T21:57:06.151+0000] {logging_mixin.py:137} INFO - [2024-06-14T21:57:06.151+0000] {dagbag.py:538} INFO - Filling up the DagBag from /home/airflow/.local/lib/python3.7/site-packages/airflow/example_dags/example_xcomargs.py
[2024-06-14T21:57:06.169+0000] {processor.py:753} INFO - DAG(s) dict_keys(['example_xcom_args_with_operators', 'example_xcom_args']) retrieved from /home/airflow/.local/lib/python3.7/site-packages/airflow/example_dags/example_xcomargs.py
[2024-06-14T21:57:06.192+0000] {logging_mixin.py:137} INFO - [2024-06-14T21:57:06.192+0000] {dag.py:2690} INFO - Sync 2 DAGs
[2024-06-14T21:57:06.210+0000] {logging_mixin.py:137} INFO - [2024-06-14T21:57:06.210+0000] {dag.py:3441} INFO - Setting next_dagrun for example_xcom_args to None, run_after=None
[2024-06-14T21:57:06.213+0000] {logging_mixin.py:137} INFO - [2024-06-14T21:57:06.213+0000] {dag.py:3441} INFO - Setting next_dagrun for example_xcom_args_with_operators to None, run_after=None
[2024-06-14T21:57:06.225+0000] {processor.py:175} INFO - Processing /home/airflow/.local/lib/python3.7/site-packages/airflow/example_dags/example_xcomargs.py took 0.079 seconds
[2024-06-14T21:57:36.626+0000] {processor.py:153} INFO - Started process (PID=765) to work on /home/airflow/.local/lib/python3.7/site-packages/airflow/example_dags/example_xcomargs.py
[2024-06-14T21:57:36.627+0000] {processor.py:743} INFO - Processing file /home/airflow/.local/lib/python3.7/site-packages/airflow/example_dags/example_xcomargs.py for tasks to queue
[2024-06-14T21:57:36.628+0000] {logging_mixin.py:137} INFO - [2024-06-14T21:57:36.628+0000] {dagbag.py:538} INFO - Filling up the DagBag from /home/airflow/.local/lib/python3.7/site-packages/airflow/example_dags/example_xcomargs.py
[2024-06-14T21:57:36.645+0000] {processor.py:753} INFO - DAG(s) dict_keys(['example_xcom_args_with_operators', 'example_xcom_args']) retrieved from /home/airflow/.local/lib/python3.7/site-packages/airflow/example_dags/example_xcomargs.py
[2024-06-14T21:57:36.668+0000] {logging_mixin.py:137} INFO - [2024-06-14T21:57:36.668+0000] {dag.py:2690} INFO - Sync 2 DAGs
[2024-06-14T21:57:36.687+0000] {logging_mixin.py:137} INFO - [2024-06-14T21:57:36.687+0000] {dag.py:3441} INFO - Setting next_dagrun for example_xcom_args to None, run_after=None
[2024-06-14T21:57:36.690+0000] {logging_mixin.py:137} INFO - [2024-06-14T21:57:36.690+0000] {dag.py:3441} INFO - Setting next_dagrun for example_xcom_args_with_operators to None, run_after=None
[2024-06-14T21:57:36.701+0000] {processor.py:175} INFO - Processing /home/airflow/.local/lib/python3.7/site-packages/airflow/example_dags/example_xcomargs.py took 0.079 seconds
[2024-06-14T21:58:07.226+0000] {processor.py:153} INFO - Started process (PID=815) to work on /home/airflow/.local/lib/python3.7/site-packages/airflow/example_dags/example_xcomargs.py
[2024-06-14T21:58:07.227+0000] {processor.py:743} INFO - Processing file /home/airflow/.local/lib/python3.7/site-packages/airflow/example_dags/example_xcomargs.py for tasks to queue
[2024-06-14T21:58:07.228+0000] {logging_mixin.py:137} INFO - [2024-06-14T21:58:07.228+0000] {dagbag.py:538} INFO - Filling up the DagBag from /home/airflow/.local/lib/python3.7/site-packages/airflow/example_dags/example_xcomargs.py
[2024-06-14T21:58:07.246+0000] {processor.py:753} INFO - DAG(s) dict_keys(['example_xcom_args', 'example_xcom_args_with_operators']) retrieved from /home/airflow/.local/lib/python3.7/site-packages/airflow/example_dags/example_xcomargs.py
[2024-06-14T21:58:07.271+0000] {logging_mixin.py:137} INFO - [2024-06-14T21:58:07.271+0000] {dag.py:2690} INFO - Sync 2 DAGs
[2024-06-14T21:58:07.289+0000] {logging_mixin.py:137} INFO - [2024-06-14T21:58:07.289+0000] {dag.py:3441} INFO - Setting next_dagrun for example_xcom_args to None, run_after=None
[2024-06-14T21:58:07.292+0000] {logging_mixin.py:137} INFO - [2024-06-14T21:58:07.292+0000] {dag.py:3441} INFO - Setting next_dagrun for example_xcom_args_with_operators to None, run_after=None
[2024-06-14T21:58:07.303+0000] {processor.py:175} INFO - Processing /home/airflow/.local/lib/python3.7/site-packages/airflow/example_dags/example_xcomargs.py took 0.081 seconds
[2024-06-14T21:58:37.782+0000] {processor.py:153} INFO - Started process (PID=865) to work on /home/airflow/.local/lib/python3.7/site-packages/airflow/example_dags/example_xcomargs.py
[2024-06-14T21:58:37.783+0000] {processor.py:743} INFO - Processing file /home/airflow/.local/lib/python3.7/site-packages/airflow/example_dags/example_xcomargs.py for tasks to queue
[2024-06-14T21:58:37.783+0000] {logging_mixin.py:137} INFO - [2024-06-14T21:58:37.783+0000] {dagbag.py:538} INFO - Filling up the DagBag from /home/airflow/.local/lib/python3.7/site-packages/airflow/example_dags/example_xcomargs.py
[2024-06-14T21:58:37.802+0000] {processor.py:753} INFO - DAG(s) dict_keys(['example_xcom_args', 'example_xcom_args_with_operators']) retrieved from /home/airflow/.local/lib/python3.7/site-packages/airflow/example_dags/example_xcomargs.py
[2024-06-14T21:58:37.824+0000] {logging_mixin.py:137} INFO - [2024-06-14T21:58:37.824+0000] {dag.py:2690} INFO - Sync 2 DAGs
[2024-06-14T21:58:37.841+0000] {logging_mixin.py:137} INFO - [2024-06-14T21:58:37.841+0000] {dag.py:3441} INFO - Setting next_dagrun for example_xcom_args to None, run_after=None
[2024-06-14T21:58:37.844+0000] {logging_mixin.py:137} INFO - [2024-06-14T21:58:37.844+0000] {dag.py:3441} INFO - Setting next_dagrun for example_xcom_args_with_operators to None, run_after=None
[2024-06-14T21:58:37.855+0000] {processor.py:175} INFO - Processing /home/airflow/.local/lib/python3.7/site-packages/airflow/example_dags/example_xcomargs.py took 0.077 seconds
[2024-06-14T21:59:08.308+0000] {processor.py:153} INFO - Started process (PID=915) to work on /home/airflow/.local/lib/python3.7/site-packages/airflow/example_dags/example_xcomargs.py
[2024-06-14T21:59:08.309+0000] {processor.py:743} INFO - Processing file /home/airflow/.local/lib/python3.7/site-packages/airflow/example_dags/example_xcomargs.py for tasks to queue
[2024-06-14T21:59:08.310+0000] {logging_mixin.py:137} INFO - [2024-06-14T21:59:08.310+0000] {dagbag.py:538} INFO - Filling up the DagBag from /home/airflow/.local/lib/python3.7/site-packages/airflow/example_dags/example_xcomargs.py
[2024-06-14T21:59:08.328+0000] {processor.py:753} INFO - DAG(s) dict_keys(['example_xcom_args', 'example_xcom_args_with_operators']) retrieved from /home/airflow/.local/lib/python3.7/site-packages/airflow/example_dags/example_xcomargs.py
[2024-06-14T21:59:08.351+0000] {logging_mixin.py:137} INFO - [2024-06-14T21:59:08.351+0000] {dag.py:2690} INFO - Sync 2 DAGs
[2024-06-14T21:59:08.369+0000] {logging_mixin.py:137} INFO - [2024-06-14T21:59:08.369+0000] {dag.py:3441} INFO - Setting next_dagrun for example_xcom_args to None, run_after=None
[2024-06-14T21:59:08.371+0000] {logging_mixin.py:137} INFO - [2024-06-14T21:59:08.371+0000] {dag.py:3441} INFO - Setting next_dagrun for example_xcom_args_with_operators to None, run_after=None
[2024-06-14T21:59:08.382+0000] {processor.py:175} INFO - Processing /home/airflow/.local/lib/python3.7/site-packages/airflow/example_dags/example_xcomargs.py took 0.077 seconds
[2024-06-14T21:59:38.871+0000] {processor.py:153} INFO - Started process (PID=965) to work on /home/airflow/.local/lib/python3.7/site-packages/airflow/example_dags/example_xcomargs.py
[2024-06-14T21:59:38.872+0000] {processor.py:743} INFO - Processing file /home/airflow/.local/lib/python3.7/site-packages/airflow/example_dags/example_xcomargs.py for tasks to queue
[2024-06-14T21:59:38.873+0000] {logging_mixin.py:137} INFO - [2024-06-14T21:59:38.873+0000] {dagbag.py:538} INFO - Filling up the DagBag from /home/airflow/.local/lib/python3.7/site-packages/airflow/example_dags/example_xcomargs.py
[2024-06-14T21:59:38.892+0000] {processor.py:753} INFO - DAG(s) dict_keys(['example_xcom_args', 'example_xcom_args_with_operators']) retrieved from /home/airflow/.local/lib/python3.7/site-packages/airflow/example_dags/example_xcomargs.py
[2024-06-14T21:59:38.916+0000] {logging_mixin.py:137} INFO - [2024-06-14T21:59:38.916+0000] {dag.py:2690} INFO - Sync 2 DAGs
[2024-06-14T21:59:38.933+0000] {logging_mixin.py:137} INFO - [2024-06-14T21:59:38.933+0000] {dag.py:3441} INFO - Setting next_dagrun for example_xcom_args to None, run_after=None
[2024-06-14T21:59:38.936+0000] {logging_mixin.py:137} INFO - [2024-06-14T21:59:38.936+0000] {dag.py:3441} INFO - Setting next_dagrun for example_xcom_args_with_operators to None, run_after=None
[2024-06-14T21:59:38.947+0000] {processor.py:175} INFO - Processing /home/airflow/.local/lib/python3.7/site-packages/airflow/example_dags/example_xcomargs.py took 0.079 seconds
[2024-06-14T22:00:09.298+0000] {processor.py:153} INFO - Started process (PID=1015) to work on /home/airflow/.local/lib/python3.7/site-packages/airflow/example_dags/example_xcomargs.py
[2024-06-14T22:00:09.299+0000] {processor.py:743} INFO - Processing file /home/airflow/.local/lib/python3.7/site-packages/airflow/example_dags/example_xcomargs.py for tasks to queue
[2024-06-14T22:00:09.301+0000] {logging_mixin.py:137} INFO - [2024-06-14T22:00:09.300+0000] {dagbag.py:538} INFO - Filling up the DagBag from /home/airflow/.local/lib/python3.7/site-packages/airflow/example_dags/example_xcomargs.py
[2024-06-14T22:00:09.318+0000] {processor.py:753} INFO - DAG(s) dict_keys(['example_xcom_args_with_operators', 'example_xcom_args']) retrieved from /home/airflow/.local/lib/python3.7/site-packages/airflow/example_dags/example_xcomargs.py
[2024-06-14T22:00:09.342+0000] {logging_mixin.py:137} INFO - [2024-06-14T22:00:09.342+0000] {dag.py:2690} INFO - Sync 2 DAGs
[2024-06-14T22:00:09.358+0000] {logging_mixin.py:137} INFO - [2024-06-14T22:00:09.358+0000] {dag.py:3441} INFO - Setting next_dagrun for example_xcom_args to None, run_after=None
[2024-06-14T22:00:09.361+0000] {logging_mixin.py:137} INFO - [2024-06-14T22:00:09.361+0000] {dag.py:3441} INFO - Setting next_dagrun for example_xcom_args_with_operators to None, run_after=None
[2024-06-14T22:00:09.372+0000] {processor.py:175} INFO - Processing /home/airflow/.local/lib/python3.7/site-packages/airflow/example_dags/example_xcomargs.py took 0.078 seconds
[2024-06-14T22:00:39.780+0000] {processor.py:153} INFO - Started process (PID=1065) to work on /home/airflow/.local/lib/python3.7/site-packages/airflow/example_dags/example_xcomargs.py
[2024-06-14T22:00:39.781+0000] {processor.py:743} INFO - Processing file /home/airflow/.local/lib/python3.7/site-packages/airflow/example_dags/example_xcomargs.py for tasks to queue
[2024-06-14T22:00:39.782+0000] {logging_mixin.py:137} INFO - [2024-06-14T22:00:39.782+0000] {dagbag.py:538} INFO - Filling up the DagBag from /home/airflow/.local/lib/python3.7/site-packages/airflow/example_dags/example_xcomargs.py
[2024-06-14T22:00:39.800+0000] {processor.py:753} INFO - DAG(s) dict_keys(['example_xcom_args', 'example_xcom_args_with_operators']) retrieved from /home/airflow/.local/lib/python3.7/site-packages/airflow/example_dags/example_xcomargs.py
[2024-06-14T22:00:39.824+0000] {logging_mixin.py:137} INFO - [2024-06-14T22:00:39.824+0000] {dag.py:2690} INFO - Sync 2 DAGs
[2024-06-14T22:00:39.841+0000] {logging_mixin.py:137} INFO - [2024-06-14T22:00:39.841+0000] {dag.py:3441} INFO - Setting next_dagrun for example_xcom_args to None, run_after=None
[2024-06-14T22:00:39.845+0000] {logging_mixin.py:137} INFO - [2024-06-14T22:00:39.845+0000] {dag.py:3441} INFO - Setting next_dagrun for example_xcom_args_with_operators to None, run_after=None
[2024-06-14T22:00:39.857+0000] {processor.py:175} INFO - Processing /home/airflow/.local/lib/python3.7/site-packages/airflow/example_dags/example_xcomargs.py took 0.080 seconds
[2024-06-14T22:01:10.330+0000] {processor.py:153} INFO - Started process (PID=1114) to work on /home/airflow/.local/lib/python3.7/site-packages/airflow/example_dags/example_xcomargs.py
[2024-06-14T22:01:10.331+0000] {processor.py:743} INFO - Processing file /home/airflow/.local/lib/python3.7/site-packages/airflow/example_dags/example_xcomargs.py for tasks to queue
[2024-06-14T22:01:10.332+0000] {logging_mixin.py:137} INFO - [2024-06-14T22:01:10.332+0000] {dagbag.py:538} INFO - Filling up the DagBag from /home/airflow/.local/lib/python3.7/site-packages/airflow/example_dags/example_xcomargs.py
[2024-06-14T22:01:10.350+0000] {processor.py:753} INFO - DAG(s) dict_keys(['example_xcom_args', 'example_xcom_args_with_operators']) retrieved from /home/airflow/.local/lib/python3.7/site-packages/airflow/example_dags/example_xcomargs.py
[2024-06-14T22:01:10.374+0000] {logging_mixin.py:137} INFO - [2024-06-14T22:01:10.374+0000] {dag.py:2690} INFO - Sync 2 DAGs
[2024-06-14T22:01:10.393+0000] {logging_mixin.py:137} INFO - [2024-06-14T22:01:10.393+0000] {dag.py:3441} INFO - Setting next_dagrun for example_xcom_args to None, run_after=None
[2024-06-14T22:01:10.396+0000] {logging_mixin.py:137} INFO - [2024-06-14T22:01:10.396+0000] {dag.py:3441} INFO - Setting next_dagrun for example_xcom_args_with_operators to None, run_after=None
[2024-06-14T22:01:10.407+0000] {processor.py:175} INFO - Processing /home/airflow/.local/lib/python3.7/site-packages/airflow/example_dags/example_xcomargs.py took 0.081 seconds
[2024-06-14T22:01:40.783+0000] {processor.py:153} INFO - Started process (PID=1164) to work on /home/airflow/.local/lib/python3.7/site-packages/airflow/example_dags/example_xcomargs.py
[2024-06-14T22:01:40.784+0000] {processor.py:743} INFO - Processing file /home/airflow/.local/lib/python3.7/site-packages/airflow/example_dags/example_xcomargs.py for tasks to queue
[2024-06-14T22:01:40.785+0000] {logging_mixin.py:137} INFO - [2024-06-14T22:01:40.785+0000] {dagbag.py:538} INFO - Filling up the DagBag from /home/airflow/.local/lib/python3.7/site-packages/airflow/example_dags/example_xcomargs.py
[2024-06-14T22:01:40.803+0000] {processor.py:753} INFO - DAG(s) dict_keys(['example_xcom_args', 'example_xcom_args_with_operators']) retrieved from /home/airflow/.local/lib/python3.7/site-packages/airflow/example_dags/example_xcomargs.py
[2024-06-14T22:01:40.826+0000] {logging_mixin.py:137} INFO - [2024-06-14T22:01:40.826+0000] {dag.py:2690} INFO - Sync 2 DAGs
[2024-06-14T22:01:40.843+0000] {logging_mixin.py:137} INFO - [2024-06-14T22:01:40.843+0000] {dag.py:3441} INFO - Setting next_dagrun for example_xcom_args to None, run_after=None
[2024-06-14T22:01:40.846+0000] {logging_mixin.py:137} INFO - [2024-06-14T22:01:40.846+0000] {dag.py:3441} INFO - Setting next_dagrun for example_xcom_args_with_operators to None, run_after=None
[2024-06-14T22:01:40.858+0000] {processor.py:175} INFO - Processing /home/airflow/.local/lib/python3.7/site-packages/airflow/example_dags/example_xcomargs.py took 0.078 seconds
[2024-06-14T22:02:11.323+0000] {processor.py:153} INFO - Started process (PID=1214) to work on /home/airflow/.local/lib/python3.7/site-packages/airflow/example_dags/example_xcomargs.py
[2024-06-14T22:02:11.325+0000] {processor.py:743} INFO - Processing file /home/airflow/.local/lib/python3.7/site-packages/airflow/example_dags/example_xcomargs.py for tasks to queue
[2024-06-14T22:02:11.326+0000] {logging_mixin.py:137} INFO - [2024-06-14T22:02:11.326+0000] {dagbag.py:538} INFO - Filling up the DagBag from /home/airflow/.local/lib/python3.7/site-packages/airflow/example_dags/example_xcomargs.py
[2024-06-14T22:02:11.344+0000] {processor.py:753} INFO - DAG(s) dict_keys(['example_xcom_args_with_operators', 'example_xcom_args']) retrieved from /home/airflow/.local/lib/python3.7/site-packages/airflow/example_dags/example_xcomargs.py
[2024-06-14T22:02:11.370+0000] {logging_mixin.py:137} INFO - [2024-06-14T22:02:11.369+0000] {dag.py:2690} INFO - Sync 2 DAGs
[2024-06-14T22:02:11.386+0000] {logging_mixin.py:137} INFO - [2024-06-14T22:02:11.386+0000] {dag.py:3441} INFO - Setting next_dagrun for example_xcom_args to None, run_after=None
[2024-06-14T22:02:11.389+0000] {logging_mixin.py:137} INFO - [2024-06-14T22:02:11.389+0000] {dag.py:3441} INFO - Setting next_dagrun for example_xcom_args_with_operators to None, run_after=None
[2024-06-14T22:02:11.402+0000] {processor.py:175} INFO - Processing /home/airflow/.local/lib/python3.7/site-packages/airflow/example_dags/example_xcomargs.py took 0.081 seconds
[2024-06-14T22:02:42.052+0000] {processor.py:153} INFO - Started process (PID=1264) to work on /home/airflow/.local/lib/python3.7/site-packages/airflow/example_dags/example_xcomargs.py
[2024-06-14T22:02:42.053+0000] {processor.py:743} INFO - Processing file /home/airflow/.local/lib/python3.7/site-packages/airflow/example_dags/example_xcomargs.py for tasks to queue
[2024-06-14T22:02:42.054+0000] {logging_mixin.py:137} INFO - [2024-06-14T22:02:42.053+0000] {dagbag.py:538} INFO - Filling up the DagBag from /home/airflow/.local/lib/python3.7/site-packages/airflow/example_dags/example_xcomargs.py
[2024-06-14T22:02:42.072+0000] {processor.py:753} INFO - DAG(s) dict_keys(['example_xcom_args', 'example_xcom_args_with_operators']) retrieved from /home/airflow/.local/lib/python3.7/site-packages/airflow/example_dags/example_xcomargs.py
[2024-06-14T22:02:42.098+0000] {logging_mixin.py:137} INFO - [2024-06-14T22:02:42.098+0000] {dag.py:2690} INFO - Sync 2 DAGs
[2024-06-14T22:02:42.115+0000] {logging_mixin.py:137} INFO - [2024-06-14T22:02:42.115+0000] {dag.py:3441} INFO - Setting next_dagrun for example_xcom_args to None, run_after=None
[2024-06-14T22:02:42.118+0000] {logging_mixin.py:137} INFO - [2024-06-14T22:02:42.118+0000] {dag.py:3441} INFO - Setting next_dagrun for example_xcom_args_with_operators to None, run_after=None
[2024-06-14T22:02:42.128+0000] {processor.py:175} INFO - Processing /home/airflow/.local/lib/python3.7/site-packages/airflow/example_dags/example_xcomargs.py took 0.080 seconds
[2024-06-14T22:03:12.557+0000] {processor.py:153} INFO - Started process (PID=1314) to work on /home/airflow/.local/lib/python3.7/site-packages/airflow/example_dags/example_xcomargs.py
[2024-06-14T22:03:12.559+0000] {processor.py:743} INFO - Processing file /home/airflow/.local/lib/python3.7/site-packages/airflow/example_dags/example_xcomargs.py for tasks to queue
[2024-06-14T22:03:12.560+0000] {logging_mixin.py:137} INFO - [2024-06-14T22:03:12.559+0000] {dagbag.py:538} INFO - Filling up the DagBag from /home/airflow/.local/lib/python3.7/site-packages/airflow/example_dags/example_xcomargs.py
[2024-06-14T22:03:12.577+0000] {processor.py:753} INFO - DAG(s) dict_keys(['example_xcom_args', 'example_xcom_args_with_operators']) retrieved from /home/airflow/.local/lib/python3.7/site-packages/airflow/example_dags/example_xcomargs.py
[2024-06-14T22:03:12.602+0000] {logging_mixin.py:137} INFO - [2024-06-14T22:03:12.602+0000] {dag.py:2690} INFO - Sync 2 DAGs
[2024-06-14T22:03:12.619+0000] {logging_mixin.py:137} INFO - [2024-06-14T22:03:12.619+0000] {dag.py:3441} INFO - Setting next_dagrun for example_xcom_args to None, run_after=None
[2024-06-14T22:03:12.622+0000] {logging_mixin.py:137} INFO - [2024-06-14T22:03:12.622+0000] {dag.py:3441} INFO - Setting next_dagrun for example_xcom_args_with_operators to None, run_after=None
[2024-06-14T22:03:12.632+0000] {processor.py:175} INFO - Processing /home/airflow/.local/lib/python3.7/site-packages/airflow/example_dags/example_xcomargs.py took 0.079 seconds
[2024-06-14T22:03:43.016+0000] {processor.py:153} INFO - Started process (PID=1364) to work on /home/airflow/.local/lib/python3.7/site-packages/airflow/example_dags/example_xcomargs.py
[2024-06-14T22:03:43.017+0000] {processor.py:743} INFO - Processing file /home/airflow/.local/lib/python3.7/site-packages/airflow/example_dags/example_xcomargs.py for tasks to queue
[2024-06-14T22:03:43.018+0000] {logging_mixin.py:137} INFO - [2024-06-14T22:03:43.018+0000] {dagbag.py:538} INFO - Filling up the DagBag from /home/airflow/.local/lib/python3.7/site-packages/airflow/example_dags/example_xcomargs.py
[2024-06-14T22:03:43.036+0000] {processor.py:753} INFO - DAG(s) dict_keys(['example_xcom_args_with_operators', 'example_xcom_args']) retrieved from /home/airflow/.local/lib/python3.7/site-packages/airflow/example_dags/example_xcomargs.py
[2024-06-14T22:03:43.058+0000] {logging_mixin.py:137} INFO - [2024-06-14T22:03:43.058+0000] {dag.py:2690} INFO - Sync 2 DAGs
[2024-06-14T22:03:43.076+0000] {logging_mixin.py:137} INFO - [2024-06-14T22:03:43.075+0000] {dag.py:3441} INFO - Setting next_dagrun for example_xcom_args to None, run_after=None
[2024-06-14T22:03:43.078+0000] {logging_mixin.py:137} INFO - [2024-06-14T22:03:43.078+0000] {dag.py:3441} INFO - Setting next_dagrun for example_xcom_args_with_operators to None, run_after=None
[2024-06-14T22:03:43.090+0000] {processor.py:175} INFO - Processing /home/airflow/.local/lib/python3.7/site-packages/airflow/example_dags/example_xcomargs.py took 0.078 seconds
[2024-06-14T22:04:13.452+0000] {processor.py:153} INFO - Started process (PID=1414) to work on /home/airflow/.local/lib/python3.7/site-packages/airflow/example_dags/example_xcomargs.py
[2024-06-14T22:04:13.453+0000] {processor.py:743} INFO - Processing file /home/airflow/.local/lib/python3.7/site-packages/airflow/example_dags/example_xcomargs.py for tasks to queue
[2024-06-14T22:04:13.454+0000] {logging_mixin.py:137} INFO - [2024-06-14T22:04:13.454+0000] {dagbag.py:538} INFO - Filling up the DagBag from /home/airflow/.local/lib/python3.7/site-packages/airflow/example_dags/example_xcomargs.py
[2024-06-14T22:04:13.474+0000] {processor.py:753} INFO - DAG(s) dict_keys(['example_xcom_args_with_operators', 'example_xcom_args']) retrieved from /home/airflow/.local/lib/python3.7/site-packages/airflow/example_dags/example_xcomargs.py
[2024-06-14T22:04:13.498+0000] {logging_mixin.py:137} INFO - [2024-06-14T22:04:13.498+0000] {dag.py:2690} INFO - Sync 2 DAGs
[2024-06-14T22:04:13.517+0000] {logging_mixin.py:137} INFO - [2024-06-14T22:04:13.517+0000] {dag.py:3441} INFO - Setting next_dagrun for example_xcom_args to None, run_after=None
[2024-06-14T22:04:13.520+0000] {logging_mixin.py:137} INFO - [2024-06-14T22:04:13.520+0000] {dag.py:3441} INFO - Setting next_dagrun for example_xcom_args_with_operators to None, run_after=None
[2024-06-14T22:04:13.533+0000] {processor.py:175} INFO - Processing /home/airflow/.local/lib/python3.7/site-packages/airflow/example_dags/example_xcomargs.py took 0.084 seconds
[2024-06-14T22:04:44.185+0000] {processor.py:153} INFO - Started process (PID=1463) to work on /home/airflow/.local/lib/python3.7/site-packages/airflow/example_dags/example_xcomargs.py
[2024-06-14T22:04:44.186+0000] {processor.py:743} INFO - Processing file /home/airflow/.local/lib/python3.7/site-packages/airflow/example_dags/example_xcomargs.py for tasks to queue
[2024-06-14T22:04:44.187+0000] {logging_mixin.py:137} INFO - [2024-06-14T22:04:44.187+0000] {dagbag.py:538} INFO - Filling up the DagBag from /home/airflow/.local/lib/python3.7/site-packages/airflow/example_dags/example_xcomargs.py
[2024-06-14T22:04:44.204+0000] {processor.py:753} INFO - DAG(s) dict_keys(['example_xcom_args_with_operators', 'example_xcom_args']) retrieved from /home/airflow/.local/lib/python3.7/site-packages/airflow/example_dags/example_xcomargs.py
[2024-06-14T22:04:44.227+0000] {logging_mixin.py:137} INFO - [2024-06-14T22:04:44.227+0000] {dag.py:2690} INFO - Sync 2 DAGs
[2024-06-14T22:04:44.244+0000] {logging_mixin.py:137} INFO - [2024-06-14T22:04:44.244+0000] {dag.py:3441} INFO - Setting next_dagrun for example_xcom_args to None, run_after=None
[2024-06-14T22:04:44.247+0000] {logging_mixin.py:137} INFO - [2024-06-14T22:04:44.247+0000] {dag.py:3441} INFO - Setting next_dagrun for example_xcom_args_with_operators to None, run_after=None
[2024-06-14T22:04:44.257+0000] {processor.py:175} INFO - Processing /home/airflow/.local/lib/python3.7/site-packages/airflow/example_dags/example_xcomargs.py took 0.076 seconds
[2024-06-14T22:05:14.721+0000] {processor.py:153} INFO - Started process (PID=1512) to work on /home/airflow/.local/lib/python3.7/site-packages/airflow/example_dags/example_xcomargs.py
[2024-06-14T22:05:14.722+0000] {processor.py:743} INFO - Processing file /home/airflow/.local/lib/python3.7/site-packages/airflow/example_dags/example_xcomargs.py for tasks to queue
[2024-06-14T22:05:14.723+0000] {logging_mixin.py:137} INFO - [2024-06-14T22:05:14.723+0000] {dagbag.py:538} INFO - Filling up the DagBag from /home/airflow/.local/lib/python3.7/site-packages/airflow/example_dags/example_xcomargs.py
[2024-06-14T22:05:14.740+0000] {processor.py:753} INFO - DAG(s) dict_keys(['example_xcom_args', 'example_xcom_args_with_operators']) retrieved from /home/airflow/.local/lib/python3.7/site-packages/airflow/example_dags/example_xcomargs.py
[2024-06-14T22:05:14.764+0000] {logging_mixin.py:137} INFO - [2024-06-14T22:05:14.764+0000] {dag.py:2690} INFO - Sync 2 DAGs
[2024-06-14T22:05:14.782+0000] {logging_mixin.py:137} INFO - [2024-06-14T22:05:14.781+0000] {dag.py:3441} INFO - Setting next_dagrun for example_xcom_args to None, run_after=None
[2024-06-14T22:05:14.784+0000] {logging_mixin.py:137} INFO - [2024-06-14T22:05:14.784+0000] {dag.py:3441} INFO - Setting next_dagrun for example_xcom_args_with_operators to None, run_after=None
[2024-06-14T22:05:14.797+0000] {processor.py:175} INFO - Processing /home/airflow/.local/lib/python3.7/site-packages/airflow/example_dags/example_xcomargs.py took 0.079 seconds
[2024-06-14T22:05:45.328+0000] {processor.py:153} INFO - Started process (PID=1562) to work on /home/airflow/.local/lib/python3.7/site-packages/airflow/example_dags/example_xcomargs.py
[2024-06-14T22:05:45.329+0000] {processor.py:743} INFO - Processing file /home/airflow/.local/lib/python3.7/site-packages/airflow/example_dags/example_xcomargs.py for tasks to queue
[2024-06-14T22:05:45.330+0000] {logging_mixin.py:137} INFO - [2024-06-14T22:05:45.330+0000] {dagbag.py:538} INFO - Filling up the DagBag from /home/airflow/.local/lib/python3.7/site-packages/airflow/example_dags/example_xcomargs.py
[2024-06-14T22:05:45.349+0000] {processor.py:753} INFO - DAG(s) dict_keys(['example_xcom_args_with_operators', 'example_xcom_args']) retrieved from /home/airflow/.local/lib/python3.7/site-packages/airflow/example_dags/example_xcomargs.py
[2024-06-14T22:05:45.372+0000] {logging_mixin.py:137} INFO - [2024-06-14T22:05:45.372+0000] {dag.py:2690} INFO - Sync 2 DAGs
[2024-06-14T22:05:45.389+0000] {logging_mixin.py:137} INFO - [2024-06-14T22:05:45.389+0000] {dag.py:3441} INFO - Setting next_dagrun for example_xcom_args to None, run_after=None
[2024-06-14T22:05:45.392+0000] {logging_mixin.py:137} INFO - [2024-06-14T22:05:45.392+0000] {dag.py:3441} INFO - Setting next_dagrun for example_xcom_args_with_operators to None, run_after=None
[2024-06-14T22:05:45.404+0000] {processor.py:175} INFO - Processing /home/airflow/.local/lib/python3.7/site-packages/airflow/example_dags/example_xcomargs.py took 0.080 seconds
[2024-06-14T22:06:15.918+0000] {processor.py:153} INFO - Started process (PID=1612) to work on /home/airflow/.local/lib/python3.7/site-packages/airflow/example_dags/example_xcomargs.py
[2024-06-14T22:06:15.919+0000] {processor.py:743} INFO - Processing file /home/airflow/.local/lib/python3.7/site-packages/airflow/example_dags/example_xcomargs.py for tasks to queue
[2024-06-14T22:06:15.920+0000] {logging_mixin.py:137} INFO - [2024-06-14T22:06:15.920+0000] {dagbag.py:538} INFO - Filling up the DagBag from /home/airflow/.local/lib/python3.7/site-packages/airflow/example_dags/example_xcomargs.py
[2024-06-14T22:06:15.939+0000] {processor.py:753} INFO - DAG(s) dict_keys(['example_xcom_args_with_operators', 'example_xcom_args']) retrieved from /home/airflow/.local/lib/python3.7/site-packages/airflow/example_dags/example_xcomargs.py
[2024-06-14T22:06:15.966+0000] {logging_mixin.py:137} INFO - [2024-06-14T22:06:15.966+0000] {dag.py:2690} INFO - Sync 2 DAGs
[2024-06-14T22:06:15.985+0000] {logging_mixin.py:137} INFO - [2024-06-14T22:06:15.984+0000] {dag.py:3441} INFO - Setting next_dagrun for example_xcom_args to None, run_after=None
[2024-06-14T22:06:15.988+0000] {logging_mixin.py:137} INFO - [2024-06-14T22:06:15.987+0000] {dag.py:3441} INFO - Setting next_dagrun for example_xcom_args_with_operators to None, run_after=None
[2024-06-14T22:06:16.001+0000] {processor.py:175} INFO - Processing /home/airflow/.local/lib/python3.7/site-packages/airflow/example_dags/example_xcomargs.py took 0.086 seconds
[2024-06-14T22:06:46.494+0000] {processor.py:153} INFO - Started process (PID=1662) to work on /home/airflow/.local/lib/python3.7/site-packages/airflow/example_dags/example_xcomargs.py
[2024-06-14T22:06:46.495+0000] {processor.py:743} INFO - Processing file /home/airflow/.local/lib/python3.7/site-packages/airflow/example_dags/example_xcomargs.py for tasks to queue
[2024-06-14T22:06:46.496+0000] {logging_mixin.py:137} INFO - [2024-06-14T22:06:46.496+0000] {dagbag.py:538} INFO - Filling up the DagBag from /home/airflow/.local/lib/python3.7/site-packages/airflow/example_dags/example_xcomargs.py
[2024-06-14T22:06:46.514+0000] {processor.py:753} INFO - DAG(s) dict_keys(['example_xcom_args', 'example_xcom_args_with_operators']) retrieved from /home/airflow/.local/lib/python3.7/site-packages/airflow/example_dags/example_xcomargs.py
[2024-06-14T22:06:46.538+0000] {logging_mixin.py:137} INFO - [2024-06-14T22:06:46.538+0000] {dag.py:2690} INFO - Sync 2 DAGs
[2024-06-14T22:06:46.555+0000] {logging_mixin.py:137} INFO - [2024-06-14T22:06:46.555+0000] {dag.py:3441} INFO - Setting next_dagrun for example_xcom_args to None, run_after=None
[2024-06-14T22:06:46.558+0000] {logging_mixin.py:137} INFO - [2024-06-14T22:06:46.558+0000] {dag.py:3441} INFO - Setting next_dagrun for example_xcom_args_with_operators to None, run_after=None
[2024-06-14T22:06:46.570+0000] {processor.py:175} INFO - Processing /home/airflow/.local/lib/python3.7/site-packages/airflow/example_dags/example_xcomargs.py took 0.080 seconds
[2024-06-14T22:07:16.982+0000] {processor.py:153} INFO - Started process (PID=1712) to work on /home/airflow/.local/lib/python3.7/site-packages/airflow/example_dags/example_xcomargs.py
[2024-06-14T22:07:16.983+0000] {processor.py:743} INFO - Processing file /home/airflow/.local/lib/python3.7/site-packages/airflow/example_dags/example_xcomargs.py for tasks to queue
[2024-06-14T22:07:16.984+0000] {logging_mixin.py:137} INFO - [2024-06-14T22:07:16.984+0000] {dagbag.py:538} INFO - Filling up the DagBag from /home/airflow/.local/lib/python3.7/site-packages/airflow/example_dags/example_xcomargs.py
[2024-06-14T22:07:17.002+0000] {processor.py:753} INFO - DAG(s) dict_keys(['example_xcom_args', 'example_xcom_args_with_operators']) retrieved from /home/airflow/.local/lib/python3.7/site-packages/airflow/example_dags/example_xcomargs.py
[2024-06-14T22:07:17.027+0000] {logging_mixin.py:137} INFO - [2024-06-14T22:07:17.027+0000] {dag.py:2690} INFO - Sync 2 DAGs
[2024-06-14T22:07:17.046+0000] {logging_mixin.py:137} INFO - [2024-06-14T22:07:17.046+0000] {dag.py:3441} INFO - Setting next_dagrun for example_xcom_args to None, run_after=None
[2024-06-14T22:07:17.049+0000] {logging_mixin.py:137} INFO - [2024-06-14T22:07:17.049+0000] {dag.py:3441} INFO - Setting next_dagrun for example_xcom_args_with_operators to None, run_after=None
[2024-06-14T22:07:17.063+0000] {processor.py:175} INFO - Processing /home/airflow/.local/lib/python3.7/site-packages/airflow/example_dags/example_xcomargs.py took 0.084 seconds
[2024-06-14T22:07:47.574+0000] {processor.py:153} INFO - Started process (PID=1762) to work on /home/airflow/.local/lib/python3.7/site-packages/airflow/example_dags/example_xcomargs.py
[2024-06-14T22:07:47.576+0000] {processor.py:743} INFO - Processing file /home/airflow/.local/lib/python3.7/site-packages/airflow/example_dags/example_xcomargs.py for tasks to queue
[2024-06-14T22:07:47.577+0000] {logging_mixin.py:137} INFO - [2024-06-14T22:07:47.577+0000] {dagbag.py:538} INFO - Filling up the DagBag from /home/airflow/.local/lib/python3.7/site-packages/airflow/example_dags/example_xcomargs.py
[2024-06-14T22:07:47.597+0000] {processor.py:753} INFO - DAG(s) dict_keys(['example_xcom_args_with_operators', 'example_xcom_args']) retrieved from /home/airflow/.local/lib/python3.7/site-packages/airflow/example_dags/example_xcomargs.py
[2024-06-14T22:07:47.623+0000] {logging_mixin.py:137} INFO - [2024-06-14T22:07:47.623+0000] {dag.py:2690} INFO - Sync 2 DAGs
[2024-06-14T22:07:47.642+0000] {logging_mixin.py:137} INFO - [2024-06-14T22:07:47.642+0000] {dag.py:3441} INFO - Setting next_dagrun for example_xcom_args to None, run_after=None
[2024-06-14T22:07:47.646+0000] {logging_mixin.py:137} INFO - [2024-06-14T22:07:47.646+0000] {dag.py:3441} INFO - Setting next_dagrun for example_xcom_args_with_operators to None, run_after=None
[2024-06-14T22:07:47.659+0000] {processor.py:175} INFO - Processing /home/airflow/.local/lib/python3.7/site-packages/airflow/example_dags/example_xcomargs.py took 0.088 seconds
[2024-06-14T22:08:18.192+0000] {processor.py:153} INFO - Started process (PID=1812) to work on /home/airflow/.local/lib/python3.7/site-packages/airflow/example_dags/example_xcomargs.py
[2024-06-14T22:08:18.193+0000] {processor.py:743} INFO - Processing file /home/airflow/.local/lib/python3.7/site-packages/airflow/example_dags/example_xcomargs.py for tasks to queue
[2024-06-14T22:08:18.194+0000] {logging_mixin.py:137} INFO - [2024-06-14T22:08:18.194+0000] {dagbag.py:538} INFO - Filling up the DagBag from /home/airflow/.local/lib/python3.7/site-packages/airflow/example_dags/example_xcomargs.py
[2024-06-14T22:08:18.212+0000] {processor.py:753} INFO - DAG(s) dict_keys(['example_xcom_args', 'example_xcom_args_with_operators']) retrieved from /home/airflow/.local/lib/python3.7/site-packages/airflow/example_dags/example_xcomargs.py
[2024-06-14T22:08:18.236+0000] {logging_mixin.py:137} INFO - [2024-06-14T22:08:18.236+0000] {dag.py:2690} INFO - Sync 2 DAGs
[2024-06-14T22:08:18.252+0000] {logging_mixin.py:137} INFO - [2024-06-14T22:08:18.252+0000] {dag.py:3441} INFO - Setting next_dagrun for example_xcom_args to None, run_after=None
[2024-06-14T22:08:18.255+0000] {logging_mixin.py:137} INFO - [2024-06-14T22:08:18.255+0000] {dag.py:3441} INFO - Setting next_dagrun for example_xcom_args_with_operators to None, run_after=None
[2024-06-14T22:08:18.266+0000] {processor.py:175} INFO - Processing /home/airflow/.local/lib/python3.7/site-packages/airflow/example_dags/example_xcomargs.py took 0.077 seconds
[2024-06-14T22:08:48.822+0000] {processor.py:153} INFO - Started process (PID=1862) to work on /home/airflow/.local/lib/python3.7/site-packages/airflow/example_dags/example_xcomargs.py
[2024-06-14T22:08:48.823+0000] {processor.py:743} INFO - Processing file /home/airflow/.local/lib/python3.7/site-packages/airflow/example_dags/example_xcomargs.py for tasks to queue
[2024-06-14T22:08:48.824+0000] {logging_mixin.py:137} INFO - [2024-06-14T22:08:48.824+0000] {dagbag.py:538} INFO - Filling up the DagBag from /home/airflow/.local/lib/python3.7/site-packages/airflow/example_dags/example_xcomargs.py
[2024-06-14T22:08:48.842+0000] {processor.py:753} INFO - DAG(s) dict_keys(['example_xcom_args_with_operators', 'example_xcom_args']) retrieved from /home/airflow/.local/lib/python3.7/site-packages/airflow/example_dags/example_xcomargs.py
[2024-06-14T22:08:48.865+0000] {logging_mixin.py:137} INFO - [2024-06-14T22:08:48.864+0000] {dag.py:2690} INFO - Sync 2 DAGs
[2024-06-14T22:08:48.882+0000] {logging_mixin.py:137} INFO - [2024-06-14T22:08:48.882+0000] {dag.py:3441} INFO - Setting next_dagrun for example_xcom_args to None, run_after=None
[2024-06-14T22:08:48.885+0000] {logging_mixin.py:137} INFO - [2024-06-14T22:08:48.885+0000] {dag.py:3441} INFO - Setting next_dagrun for example_xcom_args_with_operators to None, run_after=None
[2024-06-14T22:08:48.897+0000] {processor.py:175} INFO - Processing /home/airflow/.local/lib/python3.7/site-packages/airflow/example_dags/example_xcomargs.py took 0.078 seconds
[2024-06-14T22:09:19.386+0000] {processor.py:153} INFO - Started process (PID=1912) to work on /home/airflow/.local/lib/python3.7/site-packages/airflow/example_dags/example_xcomargs.py
[2024-06-14T22:09:19.388+0000] {processor.py:743} INFO - Processing file /home/airflow/.local/lib/python3.7/site-packages/airflow/example_dags/example_xcomargs.py for tasks to queue
[2024-06-14T22:09:19.389+0000] {logging_mixin.py:137} INFO - [2024-06-14T22:09:19.389+0000] {dagbag.py:538} INFO - Filling up the DagBag from /home/airflow/.local/lib/python3.7/site-packages/airflow/example_dags/example_xcomargs.py
[2024-06-14T22:09:19.407+0000] {processor.py:753} INFO - DAG(s) dict_keys(['example_xcom_args', 'example_xcom_args_with_operators']) retrieved from /home/airflow/.local/lib/python3.7/site-packages/airflow/example_dags/example_xcomargs.py
[2024-06-14T22:09:19.430+0000] {logging_mixin.py:137} INFO - [2024-06-14T22:09:19.430+0000] {dag.py:2690} INFO - Sync 2 DAGs
[2024-06-14T22:09:19.447+0000] {logging_mixin.py:137} INFO - [2024-06-14T22:09:19.447+0000] {dag.py:3441} INFO - Setting next_dagrun for example_xcom_args to None, run_after=None
[2024-06-14T22:09:19.450+0000] {logging_mixin.py:137} INFO - [2024-06-14T22:09:19.450+0000] {dag.py:3441} INFO - Setting next_dagrun for example_xcom_args_with_operators to None, run_after=None
[2024-06-14T22:09:19.461+0000] {processor.py:175} INFO - Processing /home/airflow/.local/lib/python3.7/site-packages/airflow/example_dags/example_xcomargs.py took 0.078 seconds
[2024-06-14T22:09:49.831+0000] {processor.py:153} INFO - Started process (PID=1962) to work on /home/airflow/.local/lib/python3.7/site-packages/airflow/example_dags/example_xcomargs.py
[2024-06-14T22:09:49.832+0000] {processor.py:743} INFO - Processing file /home/airflow/.local/lib/python3.7/site-packages/airflow/example_dags/example_xcomargs.py for tasks to queue
[2024-06-14T22:09:49.833+0000] {logging_mixin.py:137} INFO - [2024-06-14T22:09:49.833+0000] {dagbag.py:538} INFO - Filling up the DagBag from /home/airflow/.local/lib/python3.7/site-packages/airflow/example_dags/example_xcomargs.py
[2024-06-14T22:09:49.851+0000] {processor.py:753} INFO - DAG(s) dict_keys(['example_xcom_args_with_operators', 'example_xcom_args']) retrieved from /home/airflow/.local/lib/python3.7/site-packages/airflow/example_dags/example_xcomargs.py
[2024-06-14T22:09:49.873+0000] {logging_mixin.py:137} INFO - [2024-06-14T22:09:49.873+0000] {dag.py:2690} INFO - Sync 2 DAGs
[2024-06-14T22:09:49.891+0000] {logging_mixin.py:137} INFO - [2024-06-14T22:09:49.891+0000] {dag.py:3441} INFO - Setting next_dagrun for example_xcom_args to None, run_after=None
[2024-06-14T22:09:49.893+0000] {logging_mixin.py:137} INFO - [2024-06-14T22:09:49.893+0000] {dag.py:3441} INFO - Setting next_dagrun for example_xcom_args_with_operators to None, run_after=None
[2024-06-14T22:09:49.904+0000] {processor.py:175} INFO - Processing /home/airflow/.local/lib/python3.7/site-packages/airflow/example_dags/example_xcomargs.py took 0.076 seconds
[2024-06-14T22:10:20.313+0000] {processor.py:153} INFO - Started process (PID=2012) to work on /home/airflow/.local/lib/python3.7/site-packages/airflow/example_dags/example_xcomargs.py
[2024-06-14T22:10:20.314+0000] {processor.py:743} INFO - Processing file /home/airflow/.local/lib/python3.7/site-packages/airflow/example_dags/example_xcomargs.py for tasks to queue
[2024-06-14T22:10:20.315+0000] {logging_mixin.py:137} INFO - [2024-06-14T22:10:20.315+0000] {dagbag.py:538} INFO - Filling up the DagBag from /home/airflow/.local/lib/python3.7/site-packages/airflow/example_dags/example_xcomargs.py
[2024-06-14T22:10:20.333+0000] {processor.py:753} INFO - DAG(s) dict_keys(['example_xcom_args', 'example_xcom_args_with_operators']) retrieved from /home/airflow/.local/lib/python3.7/site-packages/airflow/example_dags/example_xcomargs.py
[2024-06-14T22:10:20.357+0000] {logging_mixin.py:137} INFO - [2024-06-14T22:10:20.357+0000] {dag.py:2690} INFO - Sync 2 DAGs
[2024-06-14T22:10:20.380+0000] {logging_mixin.py:137} INFO - [2024-06-14T22:10:20.380+0000] {dag.py:3441} INFO - Setting next_dagrun for example_xcom_args to None, run_after=None
[2024-06-14T22:10:20.383+0000] {logging_mixin.py:137} INFO - [2024-06-14T22:10:20.382+0000] {dag.py:3441} INFO - Setting next_dagrun for example_xcom_args_with_operators to None, run_after=None
[2024-06-14T22:10:20.395+0000] {processor.py:175} INFO - Processing /home/airflow/.local/lib/python3.7/site-packages/airflow/example_dags/example_xcomargs.py took 0.085 seconds
[2024-06-14T22:58:49.891+0000] {processor.py:153} INFO - Started process (PID=2062) to work on /home/airflow/.local/lib/python3.7/site-packages/airflow/example_dags/example_xcomargs.py
[2024-06-14T22:58:49.893+0000] {processor.py:743} INFO - Processing file /home/airflow/.local/lib/python3.7/site-packages/airflow/example_dags/example_xcomargs.py for tasks to queue
[2024-06-14T22:58:49.894+0000] {logging_mixin.py:137} INFO - [2024-06-14T22:58:49.894+0000] {dagbag.py:538} INFO - Filling up the DagBag from /home/airflow/.local/lib/python3.7/site-packages/airflow/example_dags/example_xcomargs.py
[2024-06-14T22:58:49.918+0000] {processor.py:753} INFO - DAG(s) dict_keys(['example_xcom_args_with_operators', 'example_xcom_args']) retrieved from /home/airflow/.local/lib/python3.7/site-packages/airflow/example_dags/example_xcomargs.py
[2024-06-14T22:58:49.973+0000] {logging_mixin.py:137} INFO - [2024-06-14T22:58:49.973+0000] {dag.py:2690} INFO - Sync 2 DAGs
[2024-06-14T22:58:49.997+0000] {logging_mixin.py:137} INFO - [2024-06-14T22:58:49.997+0000] {dag.py:3441} INFO - Setting next_dagrun for example_xcom_args to None, run_after=None
[2024-06-14T22:58:50.003+0000] {logging_mixin.py:137} INFO - [2024-06-14T22:58:50.003+0000] {dag.py:3441} INFO - Setting next_dagrun for example_xcom_args_with_operators to None, run_after=None
[2024-06-14T22:58:50.015+0000] {processor.py:175} INFO - Processing /home/airflow/.local/lib/python3.7/site-packages/airflow/example_dags/example_xcomargs.py took 0.127 seconds
[2024-06-14T23:14:36.241+0000] {processor.py:153} INFO - Started process (PID=2119) to work on /home/airflow/.local/lib/python3.7/site-packages/airflow/example_dags/example_xcomargs.py
[2024-06-14T23:14:36.252+0000] {processor.py:743} INFO - Processing file /home/airflow/.local/lib/python3.7/site-packages/airflow/example_dags/example_xcomargs.py for tasks to queue
[2024-06-14T23:14:36.256+0000] {logging_mixin.py:137} INFO - [2024-06-14T23:14:36.256+0000] {dagbag.py:538} INFO - Filling up the DagBag from /home/airflow/.local/lib/python3.7/site-packages/airflow/example_dags/example_xcomargs.py
[2024-06-14T23:14:36.343+0000] {processor.py:753} INFO - DAG(s) dict_keys(['example_xcom_args_with_operators', 'example_xcom_args']) retrieved from /home/airflow/.local/lib/python3.7/site-packages/airflow/example_dags/example_xcomargs.py
[2024-06-14T23:14:36.446+0000] {logging_mixin.py:137} INFO - [2024-06-14T23:14:36.443+0000] {dag.py:2690} INFO - Sync 2 DAGs
[2024-06-14T23:14:36.558+0000] {logging_mixin.py:137} INFO - [2024-06-14T23:14:36.558+0000] {dag.py:3441} INFO - Setting next_dagrun for example_xcom_args to None, run_after=None
[2024-06-14T23:14:36.581+0000] {logging_mixin.py:137} INFO - [2024-06-14T23:14:36.581+0000] {dag.py:3441} INFO - Setting next_dagrun for example_xcom_args_with_operators to None, run_after=None
[2024-06-14T23:14:36.661+0000] {processor.py:175} INFO - Processing /home/airflow/.local/lib/python3.7/site-packages/airflow/example_dags/example_xcomargs.py took 0.446 seconds
