[2024-06-14T21:50:27.502+0000] {processor.py:153} INFO - Started process (PID=61) to work on /home/airflow/.local/lib/python3.7/site-packages/airflow/example_dags/example_skip_dag.py
[2024-06-14T21:50:27.505+0000] {processor.py:743} INFO - Processing file /home/airflow/.local/lib/python3.7/site-packages/airflow/example_dags/example_skip_dag.py for tasks to queue
[2024-06-14T21:50:27.507+0000] {logging_mixin.py:137} INFO - [2024-06-14T21:50:27.506+0000] {dagbag.py:538} INFO - Filling up the DagBag from /home/airflow/.local/lib/python3.7/site-packages/airflow/example_dags/example_skip_dag.py
[2024-06-14T21:50:27.537+0000] {processor.py:753} INFO - DAG(s) dict_keys(['example_skip_dag']) retrieved from /home/airflow/.local/lib/python3.7/site-packages/airflow/example_dags/example_skip_dag.py
[2024-06-14T21:50:27.579+0000] {logging_mixin.py:137} INFO - [2024-06-14T21:50:27.579+0000] {dag.py:2690} INFO - Sync 1 DAGs
[2024-06-14T21:50:27.604+0000] {logging_mixin.py:137} INFO - [2024-06-14T21:50:27.604+0000] {dag.py:3441} INFO - Setting next_dagrun for example_skip_dag to 2024-06-13T21:50:27.603846+00:00, run_after=2024-06-14T21:50:27.603846+00:00
[2024-06-14T21:50:27.623+0000] {processor.py:175} INFO - Processing /home/airflow/.local/lib/python3.7/site-packages/airflow/example_dags/example_skip_dag.py took 0.127 seconds
[2024-06-14T21:50:58.499+0000] {processor.py:153} INFO - Started process (PID=111) to work on /home/airflow/.local/lib/python3.7/site-packages/airflow/example_dags/example_skip_dag.py
[2024-06-14T21:50:58.500+0000] {processor.py:743} INFO - Processing file /home/airflow/.local/lib/python3.7/site-packages/airflow/example_dags/example_skip_dag.py for tasks to queue
[2024-06-14T21:50:58.501+0000] {logging_mixin.py:137} INFO - [2024-06-14T21:50:58.501+0000] {dagbag.py:538} INFO - Filling up the DagBag from /home/airflow/.local/lib/python3.7/site-packages/airflow/example_dags/example_skip_dag.py
[2024-06-14T21:50:58.513+0000] {processor.py:753} INFO - DAG(s) dict_keys(['example_skip_dag']) retrieved from /home/airflow/.local/lib/python3.7/site-packages/airflow/example_dags/example_skip_dag.py
[2024-06-14T21:50:58.535+0000] {logging_mixin.py:137} INFO - [2024-06-14T21:50:58.535+0000] {dag.py:2690} INFO - Sync 1 DAGs
[2024-06-14T21:50:58.553+0000] {logging_mixin.py:137} INFO - [2024-06-14T21:50:58.553+0000] {dag.py:3441} INFO - Setting next_dagrun for example_skip_dag to 2024-06-13T21:50:58.553191+00:00, run_after=2024-06-14T21:50:58.553191+00:00
[2024-06-14T21:50:58.567+0000] {processor.py:175} INFO - Processing /home/airflow/.local/lib/python3.7/site-packages/airflow/example_dags/example_skip_dag.py took 0.072 seconds
[2024-06-14T21:51:28.918+0000] {processor.py:153} INFO - Started process (PID=161) to work on /home/airflow/.local/lib/python3.7/site-packages/airflow/example_dags/example_skip_dag.py
[2024-06-14T21:51:28.920+0000] {processor.py:743} INFO - Processing file /home/airflow/.local/lib/python3.7/site-packages/airflow/example_dags/example_skip_dag.py for tasks to queue
[2024-06-14T21:51:28.921+0000] {logging_mixin.py:137} INFO - [2024-06-14T21:51:28.921+0000] {dagbag.py:538} INFO - Filling up the DagBag from /home/airflow/.local/lib/python3.7/site-packages/airflow/example_dags/example_skip_dag.py
[2024-06-14T21:51:28.932+0000] {processor.py:753} INFO - DAG(s) dict_keys(['example_skip_dag']) retrieved from /home/airflow/.local/lib/python3.7/site-packages/airflow/example_dags/example_skip_dag.py
[2024-06-14T21:51:28.954+0000] {logging_mixin.py:137} INFO - [2024-06-14T21:51:28.954+0000] {dag.py:2690} INFO - Sync 1 DAGs
[2024-06-14T21:51:28.971+0000] {logging_mixin.py:137} INFO - [2024-06-14T21:51:28.971+0000] {dag.py:3441} INFO - Setting next_dagrun for example_skip_dag to 2024-06-13T21:51:28.971224+00:00, run_after=2024-06-14T21:51:28.971224+00:00
[2024-06-14T21:51:28.985+0000] {processor.py:175} INFO - Processing /home/airflow/.local/lib/python3.7/site-packages/airflow/example_dags/example_skip_dag.py took 0.069 seconds
[2024-06-14T21:51:59.173+0000] {processor.py:153} INFO - Started process (PID=211) to work on /home/airflow/.local/lib/python3.7/site-packages/airflow/example_dags/example_skip_dag.py
[2024-06-14T21:51:59.174+0000] {processor.py:743} INFO - Processing file /home/airflow/.local/lib/python3.7/site-packages/airflow/example_dags/example_skip_dag.py for tasks to queue
[2024-06-14T21:51:59.175+0000] {logging_mixin.py:137} INFO - [2024-06-14T21:51:59.175+0000] {dagbag.py:538} INFO - Filling up the DagBag from /home/airflow/.local/lib/python3.7/site-packages/airflow/example_dags/example_skip_dag.py
[2024-06-14T21:51:59.186+0000] {processor.py:753} INFO - DAG(s) dict_keys(['example_skip_dag']) retrieved from /home/airflow/.local/lib/python3.7/site-packages/airflow/example_dags/example_skip_dag.py
[2024-06-14T21:51:59.208+0000] {logging_mixin.py:137} INFO - [2024-06-14T21:51:59.208+0000] {dag.py:2690} INFO - Sync 1 DAGs
[2024-06-14T21:51:59.227+0000] {logging_mixin.py:137} INFO - [2024-06-14T21:51:59.227+0000] {dag.py:3441} INFO - Setting next_dagrun for example_skip_dag to 2024-06-13T21:51:59.227463+00:00, run_after=2024-06-14T21:51:59.227463+00:00
[2024-06-14T21:51:59.242+0000] {processor.py:175} INFO - Processing /home/airflow/.local/lib/python3.7/site-packages/airflow/example_dags/example_skip_dag.py took 0.072 seconds
[2024-06-14T21:52:29.830+0000] {processor.py:153} INFO - Started process (PID=261) to work on /home/airflow/.local/lib/python3.7/site-packages/airflow/example_dags/example_skip_dag.py
[2024-06-14T21:52:29.831+0000] {processor.py:743} INFO - Processing file /home/airflow/.local/lib/python3.7/site-packages/airflow/example_dags/example_skip_dag.py for tasks to queue
[2024-06-14T21:52:29.832+0000] {logging_mixin.py:137} INFO - [2024-06-14T21:52:29.832+0000] {dagbag.py:538} INFO - Filling up the DagBag from /home/airflow/.local/lib/python3.7/site-packages/airflow/example_dags/example_skip_dag.py
[2024-06-14T21:52:29.844+0000] {processor.py:753} INFO - DAG(s) dict_keys(['example_skip_dag']) retrieved from /home/airflow/.local/lib/python3.7/site-packages/airflow/example_dags/example_skip_dag.py
[2024-06-14T21:52:29.869+0000] {logging_mixin.py:137} INFO - [2024-06-14T21:52:29.869+0000] {dag.py:2690} INFO - Sync 1 DAGs
[2024-06-14T21:52:29.887+0000] {logging_mixin.py:137} INFO - [2024-06-14T21:52:29.887+0000] {dag.py:3441} INFO - Setting next_dagrun for example_skip_dag to 2024-06-13T21:52:29.887148+00:00, run_after=2024-06-14T21:52:29.887148+00:00
[2024-06-14T21:52:29.900+0000] {processor.py:175} INFO - Processing /home/airflow/.local/lib/python3.7/site-packages/airflow/example_dags/example_skip_dag.py took 0.073 seconds
[2024-06-14T21:53:00.395+0000] {processor.py:153} INFO - Started process (PID=310) to work on /home/airflow/.local/lib/python3.7/site-packages/airflow/example_dags/example_skip_dag.py
[2024-06-14T21:53:00.396+0000] {processor.py:743} INFO - Processing file /home/airflow/.local/lib/python3.7/site-packages/airflow/example_dags/example_skip_dag.py for tasks to queue
[2024-06-14T21:53:00.397+0000] {logging_mixin.py:137} INFO - [2024-06-14T21:53:00.397+0000] {dagbag.py:538} INFO - Filling up the DagBag from /home/airflow/.local/lib/python3.7/site-packages/airflow/example_dags/example_skip_dag.py
[2024-06-14T21:53:00.408+0000] {processor.py:753} INFO - DAG(s) dict_keys(['example_skip_dag']) retrieved from /home/airflow/.local/lib/python3.7/site-packages/airflow/example_dags/example_skip_dag.py
[2024-06-14T21:53:00.430+0000] {logging_mixin.py:137} INFO - [2024-06-14T21:53:00.430+0000] {dag.py:2690} INFO - Sync 1 DAGs
[2024-06-14T21:53:00.447+0000] {logging_mixin.py:137} INFO - [2024-06-14T21:53:00.447+0000] {dag.py:3441} INFO - Setting next_dagrun for example_skip_dag to 2024-06-13T21:53:00.447424+00:00, run_after=2024-06-14T21:53:00.447424+00:00
[2024-06-14T21:53:00.461+0000] {processor.py:175} INFO - Processing /home/airflow/.local/lib/python3.7/site-packages/airflow/example_dags/example_skip_dag.py took 0.069 seconds
[2024-06-14T21:53:31.051+0000] {processor.py:153} INFO - Started process (PID=360) to work on /home/airflow/.local/lib/python3.7/site-packages/airflow/example_dags/example_skip_dag.py
[2024-06-14T21:53:31.053+0000] {processor.py:743} INFO - Processing file /home/airflow/.local/lib/python3.7/site-packages/airflow/example_dags/example_skip_dag.py for tasks to queue
[2024-06-14T21:53:31.054+0000] {logging_mixin.py:137} INFO - [2024-06-14T21:53:31.054+0000] {dagbag.py:538} INFO - Filling up the DagBag from /home/airflow/.local/lib/python3.7/site-packages/airflow/example_dags/example_skip_dag.py
[2024-06-14T21:53:31.066+0000] {processor.py:753} INFO - DAG(s) dict_keys(['example_skip_dag']) retrieved from /home/airflow/.local/lib/python3.7/site-packages/airflow/example_dags/example_skip_dag.py
[2024-06-14T21:53:31.091+0000] {logging_mixin.py:137} INFO - [2024-06-14T21:53:31.091+0000] {dag.py:2690} INFO - Sync 1 DAGs
[2024-06-14T21:53:31.110+0000] {logging_mixin.py:137} INFO - [2024-06-14T21:53:31.110+0000] {dag.py:3441} INFO - Setting next_dagrun for example_skip_dag to 2024-06-13T21:53:31.110136+00:00, run_after=2024-06-14T21:53:31.110136+00:00
[2024-06-14T21:53:31.125+0000] {processor.py:175} INFO - Processing /home/airflow/.local/lib/python3.7/site-packages/airflow/example_dags/example_skip_dag.py took 0.077 seconds
[2024-06-14T21:54:01.641+0000] {processor.py:153} INFO - Started process (PID=410) to work on /home/airflow/.local/lib/python3.7/site-packages/airflow/example_dags/example_skip_dag.py
[2024-06-14T21:54:01.644+0000] {processor.py:743} INFO - Processing file /home/airflow/.local/lib/python3.7/site-packages/airflow/example_dags/example_skip_dag.py for tasks to queue
[2024-06-14T21:54:01.646+0000] {logging_mixin.py:137} INFO - [2024-06-14T21:54:01.646+0000] {dagbag.py:538} INFO - Filling up the DagBag from /home/airflow/.local/lib/python3.7/site-packages/airflow/example_dags/example_skip_dag.py
[2024-06-14T21:54:01.657+0000] {processor.py:753} INFO - DAG(s) dict_keys(['example_skip_dag']) retrieved from /home/airflow/.local/lib/python3.7/site-packages/airflow/example_dags/example_skip_dag.py
[2024-06-14T21:54:01.680+0000] {logging_mixin.py:137} INFO - [2024-06-14T21:54:01.680+0000] {dag.py:2690} INFO - Sync 1 DAGs
[2024-06-14T21:54:01.699+0000] {logging_mixin.py:137} INFO - [2024-06-14T21:54:01.699+0000] {dag.py:3441} INFO - Setting next_dagrun for example_skip_dag to 2024-06-13T21:54:01.699268+00:00, run_after=2024-06-14T21:54:01.699268+00:00
[2024-06-14T21:54:01.715+0000] {processor.py:175} INFO - Processing /home/airflow/.local/lib/python3.7/site-packages/airflow/example_dags/example_skip_dag.py took 0.078 seconds
[2024-06-14T21:54:32.453+0000] {processor.py:153} INFO - Started process (PID=460) to work on /home/airflow/.local/lib/python3.7/site-packages/airflow/example_dags/example_skip_dag.py
[2024-06-14T21:54:32.454+0000] {processor.py:743} INFO - Processing file /home/airflow/.local/lib/python3.7/site-packages/airflow/example_dags/example_skip_dag.py for tasks to queue
[2024-06-14T21:54:32.455+0000] {logging_mixin.py:137} INFO - [2024-06-14T21:54:32.455+0000] {dagbag.py:538} INFO - Filling up the DagBag from /home/airflow/.local/lib/python3.7/site-packages/airflow/example_dags/example_skip_dag.py
[2024-06-14T21:54:32.465+0000] {processor.py:753} INFO - DAG(s) dict_keys(['example_skip_dag']) retrieved from /home/airflow/.local/lib/python3.7/site-packages/airflow/example_dags/example_skip_dag.py
[2024-06-14T21:54:32.488+0000] {logging_mixin.py:137} INFO - [2024-06-14T21:54:32.488+0000] {dag.py:2690} INFO - Sync 1 DAGs
[2024-06-14T21:54:32.507+0000] {logging_mixin.py:137} INFO - [2024-06-14T21:54:32.507+0000] {dag.py:3441} INFO - Setting next_dagrun for example_skip_dag to 2024-06-13T21:54:32.507363+00:00, run_after=2024-06-14T21:54:32.507363+00:00
[2024-06-14T21:54:32.520+0000] {processor.py:175} INFO - Processing /home/airflow/.local/lib/python3.7/site-packages/airflow/example_dags/example_skip_dag.py took 0.071 seconds
[2024-06-14T21:55:02.986+0000] {processor.py:153} INFO - Started process (PID=510) to work on /home/airflow/.local/lib/python3.7/site-packages/airflow/example_dags/example_skip_dag.py
[2024-06-14T21:55:02.987+0000] {processor.py:743} INFO - Processing file /home/airflow/.local/lib/python3.7/site-packages/airflow/example_dags/example_skip_dag.py for tasks to queue
[2024-06-14T21:55:02.989+0000] {logging_mixin.py:137} INFO - [2024-06-14T21:55:02.989+0000] {dagbag.py:538} INFO - Filling up the DagBag from /home/airflow/.local/lib/python3.7/site-packages/airflow/example_dags/example_skip_dag.py
[2024-06-14T21:55:03.000+0000] {processor.py:753} INFO - DAG(s) dict_keys(['example_skip_dag']) retrieved from /home/airflow/.local/lib/python3.7/site-packages/airflow/example_dags/example_skip_dag.py
[2024-06-14T21:55:03.022+0000] {logging_mixin.py:137} INFO - [2024-06-14T21:55:03.022+0000] {dag.py:2690} INFO - Sync 1 DAGs
[2024-06-14T21:55:03.039+0000] {logging_mixin.py:137} INFO - [2024-06-14T21:55:03.039+0000] {dag.py:3441} INFO - Setting next_dagrun for example_skip_dag to 2024-06-13T21:55:03.038869+00:00, run_after=2024-06-14T21:55:03.038869+00:00
[2024-06-14T21:55:03.054+0000] {processor.py:175} INFO - Processing /home/airflow/.local/lib/python3.7/site-packages/airflow/example_dags/example_skip_dag.py took 0.071 seconds
[2024-06-14T21:55:33.630+0000] {processor.py:153} INFO - Started process (PID=560) to work on /home/airflow/.local/lib/python3.7/site-packages/airflow/example_dags/example_skip_dag.py
[2024-06-14T21:55:33.632+0000] {processor.py:743} INFO - Processing file /home/airflow/.local/lib/python3.7/site-packages/airflow/example_dags/example_skip_dag.py for tasks to queue
[2024-06-14T21:55:33.633+0000] {logging_mixin.py:137} INFO - [2024-06-14T21:55:33.633+0000] {dagbag.py:538} INFO - Filling up the DagBag from /home/airflow/.local/lib/python3.7/site-packages/airflow/example_dags/example_skip_dag.py
[2024-06-14T21:55:33.645+0000] {processor.py:753} INFO - DAG(s) dict_keys(['example_skip_dag']) retrieved from /home/airflow/.local/lib/python3.7/site-packages/airflow/example_dags/example_skip_dag.py
[2024-06-14T21:55:33.668+0000] {logging_mixin.py:137} INFO - [2024-06-14T21:55:33.668+0000] {dag.py:2690} INFO - Sync 1 DAGs
[2024-06-14T21:55:33.689+0000] {logging_mixin.py:137} INFO - [2024-06-14T21:55:33.689+0000] {dag.py:3441} INFO - Setting next_dagrun for example_skip_dag to 2024-06-13T21:55:33.689447+00:00, run_after=2024-06-14T21:55:33.689447+00:00
[2024-06-14T21:55:33.705+0000] {processor.py:175} INFO - Processing /home/airflow/.local/lib/python3.7/site-packages/airflow/example_dags/example_skip_dag.py took 0.079 seconds
[2024-06-14T21:56:04.459+0000] {processor.py:153} INFO - Started process (PID=610) to work on /home/airflow/.local/lib/python3.7/site-packages/airflow/example_dags/example_skip_dag.py
[2024-06-14T21:56:04.460+0000] {processor.py:743} INFO - Processing file /home/airflow/.local/lib/python3.7/site-packages/airflow/example_dags/example_skip_dag.py for tasks to queue
[2024-06-14T21:56:04.461+0000] {logging_mixin.py:137} INFO - [2024-06-14T21:56:04.461+0000] {dagbag.py:538} INFO - Filling up the DagBag from /home/airflow/.local/lib/python3.7/site-packages/airflow/example_dags/example_skip_dag.py
[2024-06-14T21:56:04.473+0000] {processor.py:753} INFO - DAG(s) dict_keys(['example_skip_dag']) retrieved from /home/airflow/.local/lib/python3.7/site-packages/airflow/example_dags/example_skip_dag.py
[2024-06-14T21:56:04.498+0000] {logging_mixin.py:137} INFO - [2024-06-14T21:56:04.498+0000] {dag.py:2690} INFO - Sync 1 DAGs
[2024-06-14T21:56:04.520+0000] {logging_mixin.py:137} INFO - [2024-06-14T21:56:04.520+0000] {dag.py:3441} INFO - Setting next_dagrun for example_skip_dag to 2024-06-13T21:56:04.520129+00:00, run_after=2024-06-14T21:56:04.520129+00:00
[2024-06-14T21:56:04.535+0000] {processor.py:175} INFO - Processing /home/airflow/.local/lib/python3.7/site-packages/airflow/example_dags/example_skip_dag.py took 0.081 seconds
[2024-06-14T21:56:35.230+0000] {processor.py:153} INFO - Started process (PID=660) to work on /home/airflow/.local/lib/python3.7/site-packages/airflow/example_dags/example_skip_dag.py
[2024-06-14T21:56:35.233+0000] {processor.py:743} INFO - Processing file /home/airflow/.local/lib/python3.7/site-packages/airflow/example_dags/example_skip_dag.py for tasks to queue
[2024-06-14T21:56:35.234+0000] {logging_mixin.py:137} INFO - [2024-06-14T21:56:35.234+0000] {dagbag.py:538} INFO - Filling up the DagBag from /home/airflow/.local/lib/python3.7/site-packages/airflow/example_dags/example_skip_dag.py
[2024-06-14T21:56:35.250+0000] {processor.py:753} INFO - DAG(s) dict_keys(['example_skip_dag']) retrieved from /home/airflow/.local/lib/python3.7/site-packages/airflow/example_dags/example_skip_dag.py
[2024-06-14T21:56:35.279+0000] {logging_mixin.py:137} INFO - [2024-06-14T21:56:35.279+0000] {dag.py:2690} INFO - Sync 1 DAGs
[2024-06-14T21:56:35.299+0000] {logging_mixin.py:137} INFO - [2024-06-14T21:56:35.299+0000] {dag.py:3441} INFO - Setting next_dagrun for example_skip_dag to 2024-06-13T21:56:35.299481+00:00, run_after=2024-06-14T21:56:35.299481+00:00
[2024-06-14T21:56:35.322+0000] {processor.py:175} INFO - Processing /home/airflow/.local/lib/python3.7/site-packages/airflow/example_dags/example_skip_dag.py took 0.095 seconds
[2024-06-14T21:57:05.864+0000] {processor.py:153} INFO - Started process (PID=710) to work on /home/airflow/.local/lib/python3.7/site-packages/airflow/example_dags/example_skip_dag.py
[2024-06-14T21:57:05.866+0000] {processor.py:743} INFO - Processing file /home/airflow/.local/lib/python3.7/site-packages/airflow/example_dags/example_skip_dag.py for tasks to queue
[2024-06-14T21:57:05.867+0000] {logging_mixin.py:137} INFO - [2024-06-14T21:57:05.866+0000] {dagbag.py:538} INFO - Filling up the DagBag from /home/airflow/.local/lib/python3.7/site-packages/airflow/example_dags/example_skip_dag.py
[2024-06-14T21:57:05.878+0000] {processor.py:753} INFO - DAG(s) dict_keys(['example_skip_dag']) retrieved from /home/airflow/.local/lib/python3.7/site-packages/airflow/example_dags/example_skip_dag.py
[2024-06-14T21:57:05.899+0000] {logging_mixin.py:137} INFO - [2024-06-14T21:57:05.899+0000] {dag.py:2690} INFO - Sync 1 DAGs
[2024-06-14T21:57:05.916+0000] {logging_mixin.py:137} INFO - [2024-06-14T21:57:05.916+0000] {dag.py:3441} INFO - Setting next_dagrun for example_skip_dag to 2024-06-13T21:57:05.916485+00:00, run_after=2024-06-14T21:57:05.916485+00:00
[2024-06-14T21:57:05.930+0000] {processor.py:175} INFO - Processing /home/airflow/.local/lib/python3.7/site-packages/airflow/example_dags/example_skip_dag.py took 0.069 seconds
[2024-06-14T21:57:36.240+0000] {processor.py:153} INFO - Started process (PID=760) to work on /home/airflow/.local/lib/python3.7/site-packages/airflow/example_dags/example_skip_dag.py
[2024-06-14T21:57:36.242+0000] {processor.py:743} INFO - Processing file /home/airflow/.local/lib/python3.7/site-packages/airflow/example_dags/example_skip_dag.py for tasks to queue
[2024-06-14T21:57:36.243+0000] {logging_mixin.py:137} INFO - [2024-06-14T21:57:36.243+0000] {dagbag.py:538} INFO - Filling up the DagBag from /home/airflow/.local/lib/python3.7/site-packages/airflow/example_dags/example_skip_dag.py
[2024-06-14T21:57:36.255+0000] {processor.py:753} INFO - DAG(s) dict_keys(['example_skip_dag']) retrieved from /home/airflow/.local/lib/python3.7/site-packages/airflow/example_dags/example_skip_dag.py
[2024-06-14T21:57:36.279+0000] {logging_mixin.py:137} INFO - [2024-06-14T21:57:36.279+0000] {dag.py:2690} INFO - Sync 1 DAGs
[2024-06-14T21:57:36.297+0000] {logging_mixin.py:137} INFO - [2024-06-14T21:57:36.297+0000] {dag.py:3441} INFO - Setting next_dagrun for example_skip_dag to 2024-06-13T21:57:36.297255+00:00, run_after=2024-06-14T21:57:36.297255+00:00
[2024-06-14T21:57:36.312+0000] {processor.py:175} INFO - Processing /home/airflow/.local/lib/python3.7/site-packages/airflow/example_dags/example_skip_dag.py took 0.075 seconds
[2024-06-14T21:58:06.822+0000] {processor.py:153} INFO - Started process (PID=810) to work on /home/airflow/.local/lib/python3.7/site-packages/airflow/example_dags/example_skip_dag.py
[2024-06-14T21:58:06.823+0000] {processor.py:743} INFO - Processing file /home/airflow/.local/lib/python3.7/site-packages/airflow/example_dags/example_skip_dag.py for tasks to queue
[2024-06-14T21:58:06.824+0000] {logging_mixin.py:137} INFO - [2024-06-14T21:58:06.824+0000] {dagbag.py:538} INFO - Filling up the DagBag from /home/airflow/.local/lib/python3.7/site-packages/airflow/example_dags/example_skip_dag.py
[2024-06-14T21:58:06.837+0000] {processor.py:753} INFO - DAG(s) dict_keys(['example_skip_dag']) retrieved from /home/airflow/.local/lib/python3.7/site-packages/airflow/example_dags/example_skip_dag.py
[2024-06-14T21:58:06.862+0000] {logging_mixin.py:137} INFO - [2024-06-14T21:58:06.862+0000] {dag.py:2690} INFO - Sync 1 DAGs
[2024-06-14T21:58:06.881+0000] {logging_mixin.py:137} INFO - [2024-06-14T21:58:06.881+0000] {dag.py:3441} INFO - Setting next_dagrun for example_skip_dag to 2024-06-13T21:58:06.880868+00:00, run_after=2024-06-14T21:58:06.880868+00:00
[2024-06-14T21:58:06.894+0000] {processor.py:175} INFO - Processing /home/airflow/.local/lib/python3.7/site-packages/airflow/example_dags/example_skip_dag.py took 0.075 seconds
[2024-06-14T21:58:37.497+0000] {processor.py:153} INFO - Started process (PID=860) to work on /home/airflow/.local/lib/python3.7/site-packages/airflow/example_dags/example_skip_dag.py
[2024-06-14T21:58:37.499+0000] {processor.py:743} INFO - Processing file /home/airflow/.local/lib/python3.7/site-packages/airflow/example_dags/example_skip_dag.py for tasks to queue
[2024-06-14T21:58:37.500+0000] {logging_mixin.py:137} INFO - [2024-06-14T21:58:37.500+0000] {dagbag.py:538} INFO - Filling up the DagBag from /home/airflow/.local/lib/python3.7/site-packages/airflow/example_dags/example_skip_dag.py
[2024-06-14T21:58:37.512+0000] {processor.py:753} INFO - DAG(s) dict_keys(['example_skip_dag']) retrieved from /home/airflow/.local/lib/python3.7/site-packages/airflow/example_dags/example_skip_dag.py
[2024-06-14T21:58:37.537+0000] {logging_mixin.py:137} INFO - [2024-06-14T21:58:37.537+0000] {dag.py:2690} INFO - Sync 1 DAGs
[2024-06-14T21:58:37.556+0000] {logging_mixin.py:137} INFO - [2024-06-14T21:58:37.556+0000] {dag.py:3441} INFO - Setting next_dagrun for example_skip_dag to 2024-06-13T21:58:37.555887+00:00, run_after=2024-06-14T21:58:37.555887+00:00
[2024-06-14T21:58:37.570+0000] {processor.py:175} INFO - Processing /home/airflow/.local/lib/python3.7/site-packages/airflow/example_dags/example_skip_dag.py took 0.076 seconds
[2024-06-14T21:59:08.024+0000] {processor.py:153} INFO - Started process (PID=910) to work on /home/airflow/.local/lib/python3.7/site-packages/airflow/example_dags/example_skip_dag.py
[2024-06-14T21:59:08.025+0000] {processor.py:743} INFO - Processing file /home/airflow/.local/lib/python3.7/site-packages/airflow/example_dags/example_skip_dag.py for tasks to queue
[2024-06-14T21:59:08.026+0000] {logging_mixin.py:137} INFO - [2024-06-14T21:59:08.026+0000] {dagbag.py:538} INFO - Filling up the DagBag from /home/airflow/.local/lib/python3.7/site-packages/airflow/example_dags/example_skip_dag.py
[2024-06-14T21:59:08.037+0000] {processor.py:753} INFO - DAG(s) dict_keys(['example_skip_dag']) retrieved from /home/airflow/.local/lib/python3.7/site-packages/airflow/example_dags/example_skip_dag.py
[2024-06-14T21:59:08.058+0000] {logging_mixin.py:137} INFO - [2024-06-14T21:59:08.058+0000] {dag.py:2690} INFO - Sync 1 DAGs
[2024-06-14T21:59:08.075+0000] {logging_mixin.py:137} INFO - [2024-06-14T21:59:08.075+0000] {dag.py:3441} INFO - Setting next_dagrun for example_skip_dag to 2024-06-13T21:59:08.075096+00:00, run_after=2024-06-14T21:59:08.075096+00:00
[2024-06-14T21:59:08.087+0000] {processor.py:175} INFO - Processing /home/airflow/.local/lib/python3.7/site-packages/airflow/example_dags/example_skip_dag.py took 0.066 seconds
[2024-06-14T21:59:38.486+0000] {processor.py:153} INFO - Started process (PID=960) to work on /home/airflow/.local/lib/python3.7/site-packages/airflow/example_dags/example_skip_dag.py
[2024-06-14T21:59:38.487+0000] {processor.py:743} INFO - Processing file /home/airflow/.local/lib/python3.7/site-packages/airflow/example_dags/example_skip_dag.py for tasks to queue
[2024-06-14T21:59:38.488+0000] {logging_mixin.py:137} INFO - [2024-06-14T21:59:38.488+0000] {dagbag.py:538} INFO - Filling up the DagBag from /home/airflow/.local/lib/python3.7/site-packages/airflow/example_dags/example_skip_dag.py
[2024-06-14T21:59:38.502+0000] {processor.py:753} INFO - DAG(s) dict_keys(['example_skip_dag']) retrieved from /home/airflow/.local/lib/python3.7/site-packages/airflow/example_dags/example_skip_dag.py
[2024-06-14T21:59:38.525+0000] {logging_mixin.py:137} INFO - [2024-06-14T21:59:38.525+0000] {dag.py:2690} INFO - Sync 1 DAGs
[2024-06-14T21:59:38.544+0000] {logging_mixin.py:137} INFO - [2024-06-14T21:59:38.543+0000] {dag.py:3441} INFO - Setting next_dagrun for example_skip_dag to 2024-06-13T21:59:38.543696+00:00, run_after=2024-06-14T21:59:38.543696+00:00
[2024-06-14T21:59:38.557+0000] {processor.py:175} INFO - Processing /home/airflow/.local/lib/python3.7/site-packages/airflow/example_dags/example_skip_dag.py took 0.075 seconds
[2024-06-14T22:00:09.023+0000] {processor.py:153} INFO - Started process (PID=1010) to work on /home/airflow/.local/lib/python3.7/site-packages/airflow/example_dags/example_skip_dag.py
[2024-06-14T22:00:09.024+0000] {processor.py:743} INFO - Processing file /home/airflow/.local/lib/python3.7/site-packages/airflow/example_dags/example_skip_dag.py for tasks to queue
[2024-06-14T22:00:09.025+0000] {logging_mixin.py:137} INFO - [2024-06-14T22:00:09.025+0000] {dagbag.py:538} INFO - Filling up the DagBag from /home/airflow/.local/lib/python3.7/site-packages/airflow/example_dags/example_skip_dag.py
[2024-06-14T22:00:09.036+0000] {processor.py:753} INFO - DAG(s) dict_keys(['example_skip_dag']) retrieved from /home/airflow/.local/lib/python3.7/site-packages/airflow/example_dags/example_skip_dag.py
[2024-06-14T22:00:09.059+0000] {logging_mixin.py:137} INFO - [2024-06-14T22:00:09.059+0000] {dag.py:2690} INFO - Sync 1 DAGs
[2024-06-14T22:00:09.076+0000] {logging_mixin.py:137} INFO - [2024-06-14T22:00:09.076+0000] {dag.py:3441} INFO - Setting next_dagrun for example_skip_dag to 2024-06-13T22:00:09.076003+00:00, run_after=2024-06-14T22:00:09.076003+00:00
[2024-06-14T22:00:09.089+0000] {processor.py:175} INFO - Processing /home/airflow/.local/lib/python3.7/site-packages/airflow/example_dags/example_skip_dag.py took 0.070 seconds
[2024-06-14T22:00:39.479+0000] {processor.py:153} INFO - Started process (PID=1060) to work on /home/airflow/.local/lib/python3.7/site-packages/airflow/example_dags/example_skip_dag.py
[2024-06-14T22:00:39.480+0000] {processor.py:743} INFO - Processing file /home/airflow/.local/lib/python3.7/site-packages/airflow/example_dags/example_skip_dag.py for tasks to queue
[2024-06-14T22:00:39.481+0000] {logging_mixin.py:137} INFO - [2024-06-14T22:00:39.481+0000] {dagbag.py:538} INFO - Filling up the DagBag from /home/airflow/.local/lib/python3.7/site-packages/airflow/example_dags/example_skip_dag.py
[2024-06-14T22:00:39.494+0000] {processor.py:753} INFO - DAG(s) dict_keys(['example_skip_dag']) retrieved from /home/airflow/.local/lib/python3.7/site-packages/airflow/example_dags/example_skip_dag.py
[2024-06-14T22:00:39.515+0000] {logging_mixin.py:137} INFO - [2024-06-14T22:00:39.515+0000] {dag.py:2690} INFO - Sync 1 DAGs
[2024-06-14T22:00:39.532+0000] {logging_mixin.py:137} INFO - [2024-06-14T22:00:39.532+0000] {dag.py:3441} INFO - Setting next_dagrun for example_skip_dag to 2024-06-13T22:00:39.532373+00:00, run_after=2024-06-14T22:00:39.532373+00:00
[2024-06-14T22:00:39.547+0000] {processor.py:175} INFO - Processing /home/airflow/.local/lib/python3.7/site-packages/airflow/example_dags/example_skip_dag.py took 0.070 seconds
[2024-06-14T22:01:10.043+0000] {processor.py:153} INFO - Started process (PID=1109) to work on /home/airflow/.local/lib/python3.7/site-packages/airflow/example_dags/example_skip_dag.py
[2024-06-14T22:01:10.045+0000] {processor.py:743} INFO - Processing file /home/airflow/.local/lib/python3.7/site-packages/airflow/example_dags/example_skip_dag.py for tasks to queue
[2024-06-14T22:01:10.045+0000] {logging_mixin.py:137} INFO - [2024-06-14T22:01:10.045+0000] {dagbag.py:538} INFO - Filling up the DagBag from /home/airflow/.local/lib/python3.7/site-packages/airflow/example_dags/example_skip_dag.py
[2024-06-14T22:01:10.057+0000] {processor.py:753} INFO - DAG(s) dict_keys(['example_skip_dag']) retrieved from /home/airflow/.local/lib/python3.7/site-packages/airflow/example_dags/example_skip_dag.py
[2024-06-14T22:01:10.081+0000] {logging_mixin.py:137} INFO - [2024-06-14T22:01:10.080+0000] {dag.py:2690} INFO - Sync 1 DAGs
[2024-06-14T22:01:10.099+0000] {logging_mixin.py:137} INFO - [2024-06-14T22:01:10.099+0000] {dag.py:3441} INFO - Setting next_dagrun for example_skip_dag to 2024-06-13T22:01:10.099305+00:00, run_after=2024-06-14T22:01:10.099305+00:00
[2024-06-14T22:01:10.113+0000] {processor.py:175} INFO - Processing /home/airflow/.local/lib/python3.7/site-packages/airflow/example_dags/example_skip_dag.py took 0.072 seconds
[2024-06-14T22:01:40.491+0000] {processor.py:153} INFO - Started process (PID=1159) to work on /home/airflow/.local/lib/python3.7/site-packages/airflow/example_dags/example_skip_dag.py
[2024-06-14T22:01:40.493+0000] {processor.py:743} INFO - Processing file /home/airflow/.local/lib/python3.7/site-packages/airflow/example_dags/example_skip_dag.py for tasks to queue
[2024-06-14T22:01:40.494+0000] {logging_mixin.py:137} INFO - [2024-06-14T22:01:40.494+0000] {dagbag.py:538} INFO - Filling up the DagBag from /home/airflow/.local/lib/python3.7/site-packages/airflow/example_dags/example_skip_dag.py
[2024-06-14T22:01:40.505+0000] {processor.py:753} INFO - DAG(s) dict_keys(['example_skip_dag']) retrieved from /home/airflow/.local/lib/python3.7/site-packages/airflow/example_dags/example_skip_dag.py
[2024-06-14T22:01:40.527+0000] {logging_mixin.py:137} INFO - [2024-06-14T22:01:40.527+0000] {dag.py:2690} INFO - Sync 1 DAGs
[2024-06-14T22:01:40.544+0000] {logging_mixin.py:137} INFO - [2024-06-14T22:01:40.544+0000] {dag.py:3441} INFO - Setting next_dagrun for example_skip_dag to 2024-06-13T22:01:40.544529+00:00, run_after=2024-06-14T22:01:40.544529+00:00
[2024-06-14T22:01:40.558+0000] {processor.py:175} INFO - Processing /home/airflow/.local/lib/python3.7/site-packages/airflow/example_dags/example_skip_dag.py took 0.070 seconds
[2024-06-14T22:02:10.929+0000] {processor.py:153} INFO - Started process (PID=1209) to work on /home/airflow/.local/lib/python3.7/site-packages/airflow/example_dags/example_skip_dag.py
[2024-06-14T22:02:10.930+0000] {processor.py:743} INFO - Processing file /home/airflow/.local/lib/python3.7/site-packages/airflow/example_dags/example_skip_dag.py for tasks to queue
[2024-06-14T22:02:10.931+0000] {logging_mixin.py:137} INFO - [2024-06-14T22:02:10.931+0000] {dagbag.py:538} INFO - Filling up the DagBag from /home/airflow/.local/lib/python3.7/site-packages/airflow/example_dags/example_skip_dag.py
[2024-06-14T22:02:10.942+0000] {processor.py:753} INFO - DAG(s) dict_keys(['example_skip_dag']) retrieved from /home/airflow/.local/lib/python3.7/site-packages/airflow/example_dags/example_skip_dag.py
[2024-06-14T22:02:10.964+0000] {logging_mixin.py:137} INFO - [2024-06-14T22:02:10.964+0000] {dag.py:2690} INFO - Sync 1 DAGs
[2024-06-14T22:02:10.981+0000] {logging_mixin.py:137} INFO - [2024-06-14T22:02:10.981+0000] {dag.py:3441} INFO - Setting next_dagrun for example_skip_dag to 2024-06-13T22:02:10.981608+00:00, run_after=2024-06-14T22:02:10.981608+00:00
[2024-06-14T22:02:10.996+0000] {processor.py:175} INFO - Processing /home/airflow/.local/lib/python3.7/site-packages/airflow/example_dags/example_skip_dag.py took 0.071 seconds
[2024-06-14T22:02:41.665+0000] {processor.py:153} INFO - Started process (PID=1259) to work on /home/airflow/.local/lib/python3.7/site-packages/airflow/example_dags/example_skip_dag.py
[2024-06-14T22:02:41.666+0000] {processor.py:743} INFO - Processing file /home/airflow/.local/lib/python3.7/site-packages/airflow/example_dags/example_skip_dag.py for tasks to queue
[2024-06-14T22:02:41.668+0000] {logging_mixin.py:137} INFO - [2024-06-14T22:02:41.667+0000] {dagbag.py:538} INFO - Filling up the DagBag from /home/airflow/.local/lib/python3.7/site-packages/airflow/example_dags/example_skip_dag.py
[2024-06-14T22:02:41.680+0000] {processor.py:753} INFO - DAG(s) dict_keys(['example_skip_dag']) retrieved from /home/airflow/.local/lib/python3.7/site-packages/airflow/example_dags/example_skip_dag.py
[2024-06-14T22:02:41.704+0000] {logging_mixin.py:137} INFO - [2024-06-14T22:02:41.704+0000] {dag.py:2690} INFO - Sync 1 DAGs
[2024-06-14T22:02:41.724+0000] {logging_mixin.py:137} INFO - [2024-06-14T22:02:41.724+0000] {dag.py:3441} INFO - Setting next_dagrun for example_skip_dag to 2024-06-13T22:02:41.724190+00:00, run_after=2024-06-14T22:02:41.724190+00:00
[2024-06-14T22:02:41.739+0000] {processor.py:175} INFO - Processing /home/airflow/.local/lib/python3.7/site-packages/airflow/example_dags/example_skip_dag.py took 0.077 seconds
[2024-06-14T22:03:12.273+0000] {processor.py:153} INFO - Started process (PID=1309) to work on /home/airflow/.local/lib/python3.7/site-packages/airflow/example_dags/example_skip_dag.py
[2024-06-14T22:03:12.274+0000] {processor.py:743} INFO - Processing file /home/airflow/.local/lib/python3.7/site-packages/airflow/example_dags/example_skip_dag.py for tasks to queue
[2024-06-14T22:03:12.275+0000] {logging_mixin.py:137} INFO - [2024-06-14T22:03:12.275+0000] {dagbag.py:538} INFO - Filling up the DagBag from /home/airflow/.local/lib/python3.7/site-packages/airflow/example_dags/example_skip_dag.py
[2024-06-14T22:03:12.286+0000] {processor.py:753} INFO - DAG(s) dict_keys(['example_skip_dag']) retrieved from /home/airflow/.local/lib/python3.7/site-packages/airflow/example_dags/example_skip_dag.py
[2024-06-14T22:03:12.309+0000] {logging_mixin.py:137} INFO - [2024-06-14T22:03:12.309+0000] {dag.py:2690} INFO - Sync 1 DAGs
[2024-06-14T22:03:12.326+0000] {logging_mixin.py:137} INFO - [2024-06-14T22:03:12.326+0000] {dag.py:3441} INFO - Setting next_dagrun for example_skip_dag to 2024-06-13T22:03:12.326601+00:00, run_after=2024-06-14T22:03:12.326601+00:00
[2024-06-14T22:03:12.340+0000] {processor.py:175} INFO - Processing /home/airflow/.local/lib/python3.7/site-packages/airflow/example_dags/example_skip_dag.py took 0.069 seconds
[2024-06-14T22:03:42.741+0000] {processor.py:153} INFO - Started process (PID=1359) to work on /home/airflow/.local/lib/python3.7/site-packages/airflow/example_dags/example_skip_dag.py
[2024-06-14T22:03:42.743+0000] {processor.py:743} INFO - Processing file /home/airflow/.local/lib/python3.7/site-packages/airflow/example_dags/example_skip_dag.py for tasks to queue
[2024-06-14T22:03:42.743+0000] {logging_mixin.py:137} INFO - [2024-06-14T22:03:42.743+0000] {dagbag.py:538} INFO - Filling up the DagBag from /home/airflow/.local/lib/python3.7/site-packages/airflow/example_dags/example_skip_dag.py
[2024-06-14T22:03:42.754+0000] {processor.py:753} INFO - DAG(s) dict_keys(['example_skip_dag']) retrieved from /home/airflow/.local/lib/python3.7/site-packages/airflow/example_dags/example_skip_dag.py
[2024-06-14T22:03:42.776+0000] {logging_mixin.py:137} INFO - [2024-06-14T22:03:42.776+0000] {dag.py:2690} INFO - Sync 1 DAGs
[2024-06-14T22:03:42.793+0000] {logging_mixin.py:137} INFO - [2024-06-14T22:03:42.793+0000] {dag.py:3441} INFO - Setting next_dagrun for example_skip_dag to 2024-06-13T22:03:42.793166+00:00, run_after=2024-06-14T22:03:42.793166+00:00
[2024-06-14T22:03:42.806+0000] {processor.py:175} INFO - Processing /home/airflow/.local/lib/python3.7/site-packages/airflow/example_dags/example_skip_dag.py took 0.068 seconds
[2024-06-14T22:04:13.145+0000] {processor.py:153} INFO - Started process (PID=1409) to work on /home/airflow/.local/lib/python3.7/site-packages/airflow/example_dags/example_skip_dag.py
[2024-06-14T22:04:13.146+0000] {processor.py:743} INFO - Processing file /home/airflow/.local/lib/python3.7/site-packages/airflow/example_dags/example_skip_dag.py for tasks to queue
[2024-06-14T22:04:13.147+0000] {logging_mixin.py:137} INFO - [2024-06-14T22:04:13.147+0000] {dagbag.py:538} INFO - Filling up the DagBag from /home/airflow/.local/lib/python3.7/site-packages/airflow/example_dags/example_skip_dag.py
[2024-06-14T22:04:13.160+0000] {processor.py:753} INFO - DAG(s) dict_keys(['example_skip_dag']) retrieved from /home/airflow/.local/lib/python3.7/site-packages/airflow/example_dags/example_skip_dag.py
[2024-06-14T22:04:13.186+0000] {logging_mixin.py:137} INFO - [2024-06-14T22:04:13.186+0000] {dag.py:2690} INFO - Sync 1 DAGs
[2024-06-14T22:04:13.204+0000] {logging_mixin.py:137} INFO - [2024-06-14T22:04:13.204+0000] {dag.py:3441} INFO - Setting next_dagrun for example_skip_dag to 2024-06-13T22:04:13.204503+00:00, run_after=2024-06-14T22:04:13.204503+00:00
[2024-06-14T22:04:13.218+0000] {processor.py:175} INFO - Processing /home/airflow/.local/lib/python3.7/site-packages/airflow/example_dags/example_skip_dag.py took 0.076 seconds
[2024-06-14T22:04:43.906+0000] {processor.py:153} INFO - Started process (PID=1458) to work on /home/airflow/.local/lib/python3.7/site-packages/airflow/example_dags/example_skip_dag.py
[2024-06-14T22:04:43.907+0000] {processor.py:743} INFO - Processing file /home/airflow/.local/lib/python3.7/site-packages/airflow/example_dags/example_skip_dag.py for tasks to queue
[2024-06-14T22:04:43.908+0000] {logging_mixin.py:137} INFO - [2024-06-14T22:04:43.908+0000] {dagbag.py:538} INFO - Filling up the DagBag from /home/airflow/.local/lib/python3.7/site-packages/airflow/example_dags/example_skip_dag.py
[2024-06-14T22:04:43.919+0000] {processor.py:753} INFO - DAG(s) dict_keys(['example_skip_dag']) retrieved from /home/airflow/.local/lib/python3.7/site-packages/airflow/example_dags/example_skip_dag.py
[2024-06-14T22:04:43.941+0000] {logging_mixin.py:137} INFO - [2024-06-14T22:04:43.941+0000] {dag.py:2690} INFO - Sync 1 DAGs
[2024-06-14T22:04:43.958+0000] {logging_mixin.py:137} INFO - [2024-06-14T22:04:43.958+0000] {dag.py:3441} INFO - Setting next_dagrun for example_skip_dag to 2024-06-13T22:04:43.958430+00:00, run_after=2024-06-14T22:04:43.958430+00:00
[2024-06-14T22:04:43.973+0000] {processor.py:175} INFO - Processing /home/airflow/.local/lib/python3.7/site-packages/airflow/example_dags/example_skip_dag.py took 0.070 seconds
[2024-06-14T22:05:14.341+0000] {processor.py:153} INFO - Started process (PID=1507) to work on /home/airflow/.local/lib/python3.7/site-packages/airflow/example_dags/example_skip_dag.py
[2024-06-14T22:05:14.342+0000] {processor.py:743} INFO - Processing file /home/airflow/.local/lib/python3.7/site-packages/airflow/example_dags/example_skip_dag.py for tasks to queue
[2024-06-14T22:05:14.343+0000] {logging_mixin.py:137} INFO - [2024-06-14T22:05:14.343+0000] {dagbag.py:538} INFO - Filling up the DagBag from /home/airflow/.local/lib/python3.7/site-packages/airflow/example_dags/example_skip_dag.py
[2024-06-14T22:05:14.356+0000] {processor.py:753} INFO - DAG(s) dict_keys(['example_skip_dag']) retrieved from /home/airflow/.local/lib/python3.7/site-packages/airflow/example_dags/example_skip_dag.py
[2024-06-14T22:05:14.381+0000] {logging_mixin.py:137} INFO - [2024-06-14T22:05:14.381+0000] {dag.py:2690} INFO - Sync 1 DAGs
[2024-06-14T22:05:14.400+0000] {logging_mixin.py:137} INFO - [2024-06-14T22:05:14.400+0000] {dag.py:3441} INFO - Setting next_dagrun for example_skip_dag to 2024-06-13T22:05:14.400294+00:00, run_after=2024-06-14T22:05:14.400294+00:00
[2024-06-14T22:05:14.414+0000] {processor.py:175} INFO - Processing /home/airflow/.local/lib/python3.7/site-packages/airflow/example_dags/example_skip_dag.py took 0.075 seconds
[2024-06-14T22:05:45.045+0000] {processor.py:153} INFO - Started process (PID=1557) to work on /home/airflow/.local/lib/python3.7/site-packages/airflow/example_dags/example_skip_dag.py
[2024-06-14T22:05:45.046+0000] {processor.py:743} INFO - Processing file /home/airflow/.local/lib/python3.7/site-packages/airflow/example_dags/example_skip_dag.py for tasks to queue
[2024-06-14T22:05:45.047+0000] {logging_mixin.py:137} INFO - [2024-06-14T22:05:45.047+0000] {dagbag.py:538} INFO - Filling up the DagBag from /home/airflow/.local/lib/python3.7/site-packages/airflow/example_dags/example_skip_dag.py
[2024-06-14T22:05:45.059+0000] {processor.py:753} INFO - DAG(s) dict_keys(['example_skip_dag']) retrieved from /home/airflow/.local/lib/python3.7/site-packages/airflow/example_dags/example_skip_dag.py
[2024-06-14T22:05:45.081+0000] {logging_mixin.py:137} INFO - [2024-06-14T22:05:45.081+0000] {dag.py:2690} INFO - Sync 1 DAGs
[2024-06-14T22:05:45.099+0000] {logging_mixin.py:137} INFO - [2024-06-14T22:05:45.098+0000] {dag.py:3441} INFO - Setting next_dagrun for example_skip_dag to 2024-06-13T22:05:45.098763+00:00, run_after=2024-06-14T22:05:45.098763+00:00
[2024-06-14T22:05:45.112+0000] {processor.py:175} INFO - Processing /home/airflow/.local/lib/python3.7/site-packages/airflow/example_dags/example_skip_dag.py took 0.071 seconds
[2024-06-14T22:06:15.599+0000] {processor.py:153} INFO - Started process (PID=1607) to work on /home/airflow/.local/lib/python3.7/site-packages/airflow/example_dags/example_skip_dag.py
[2024-06-14T22:06:15.600+0000] {processor.py:743} INFO - Processing file /home/airflow/.local/lib/python3.7/site-packages/airflow/example_dags/example_skip_dag.py for tasks to queue
[2024-06-14T22:06:15.601+0000] {logging_mixin.py:137} INFO - [2024-06-14T22:06:15.601+0000] {dagbag.py:538} INFO - Filling up the DagBag from /home/airflow/.local/lib/python3.7/site-packages/airflow/example_dags/example_skip_dag.py
[2024-06-14T22:06:15.613+0000] {processor.py:753} INFO - DAG(s) dict_keys(['example_skip_dag']) retrieved from /home/airflow/.local/lib/python3.7/site-packages/airflow/example_dags/example_skip_dag.py
[2024-06-14T22:06:15.637+0000] {logging_mixin.py:137} INFO - [2024-06-14T22:06:15.637+0000] {dag.py:2690} INFO - Sync 1 DAGs
[2024-06-14T22:06:15.656+0000] {logging_mixin.py:137} INFO - [2024-06-14T22:06:15.656+0000] {dag.py:3441} INFO - Setting next_dagrun for example_skip_dag to 2024-06-13T22:06:15.656245+00:00, run_after=2024-06-14T22:06:15.656245+00:00
[2024-06-14T22:06:15.672+0000] {processor.py:175} INFO - Processing /home/airflow/.local/lib/python3.7/site-packages/airflow/example_dags/example_skip_dag.py took 0.077 seconds
[2024-06-14T22:06:46.173+0000] {processor.py:153} INFO - Started process (PID=1657) to work on /home/airflow/.local/lib/python3.7/site-packages/airflow/example_dags/example_skip_dag.py
[2024-06-14T22:06:46.174+0000] {processor.py:743} INFO - Processing file /home/airflow/.local/lib/python3.7/site-packages/airflow/example_dags/example_skip_dag.py for tasks to queue
[2024-06-14T22:06:46.175+0000] {logging_mixin.py:137} INFO - [2024-06-14T22:06:46.175+0000] {dagbag.py:538} INFO - Filling up the DagBag from /home/airflow/.local/lib/python3.7/site-packages/airflow/example_dags/example_skip_dag.py
[2024-06-14T22:06:46.187+0000] {processor.py:753} INFO - DAG(s) dict_keys(['example_skip_dag']) retrieved from /home/airflow/.local/lib/python3.7/site-packages/airflow/example_dags/example_skip_dag.py
[2024-06-14T22:06:46.211+0000] {logging_mixin.py:137} INFO - [2024-06-14T22:06:46.211+0000] {dag.py:2690} INFO - Sync 1 DAGs
[2024-06-14T22:06:46.230+0000] {logging_mixin.py:137} INFO - [2024-06-14T22:06:46.230+0000] {dag.py:3441} INFO - Setting next_dagrun for example_skip_dag to 2024-06-13T22:06:46.230459+00:00, run_after=2024-06-14T22:06:46.230459+00:00
[2024-06-14T22:06:46.244+0000] {processor.py:175} INFO - Processing /home/airflow/.local/lib/python3.7/site-packages/airflow/example_dags/example_skip_dag.py took 0.074 seconds
[2024-06-14T22:07:16.673+0000] {processor.py:153} INFO - Started process (PID=1707) to work on /home/airflow/.local/lib/python3.7/site-packages/airflow/example_dags/example_skip_dag.py
[2024-06-14T22:07:16.674+0000] {processor.py:743} INFO - Processing file /home/airflow/.local/lib/python3.7/site-packages/airflow/example_dags/example_skip_dag.py for tasks to queue
[2024-06-14T22:07:16.675+0000] {logging_mixin.py:137} INFO - [2024-06-14T22:07:16.675+0000] {dagbag.py:538} INFO - Filling up the DagBag from /home/airflow/.local/lib/python3.7/site-packages/airflow/example_dags/example_skip_dag.py
[2024-06-14T22:07:16.693+0000] {processor.py:753} INFO - DAG(s) dict_keys(['example_skip_dag']) retrieved from /home/airflow/.local/lib/python3.7/site-packages/airflow/example_dags/example_skip_dag.py
[2024-06-14T22:07:16.717+0000] {logging_mixin.py:137} INFO - [2024-06-14T22:07:16.717+0000] {dag.py:2690} INFO - Sync 1 DAGs
[2024-06-14T22:07:16.736+0000] {logging_mixin.py:137} INFO - [2024-06-14T22:07:16.736+0000] {dag.py:3441} INFO - Setting next_dagrun for example_skip_dag to 2024-06-13T22:07:16.735796+00:00, run_after=2024-06-14T22:07:16.735796+00:00
[2024-06-14T22:07:16.750+0000] {processor.py:175} INFO - Processing /home/airflow/.local/lib/python3.7/site-packages/airflow/example_dags/example_skip_dag.py took 0.081 seconds
[2024-06-14T22:07:47.266+0000] {processor.py:153} INFO - Started process (PID=1757) to work on /home/airflow/.local/lib/python3.7/site-packages/airflow/example_dags/example_skip_dag.py
[2024-06-14T22:07:47.268+0000] {processor.py:743} INFO - Processing file /home/airflow/.local/lib/python3.7/site-packages/airflow/example_dags/example_skip_dag.py for tasks to queue
[2024-06-14T22:07:47.268+0000] {logging_mixin.py:137} INFO - [2024-06-14T22:07:47.268+0000] {dagbag.py:538} INFO - Filling up the DagBag from /home/airflow/.local/lib/python3.7/site-packages/airflow/example_dags/example_skip_dag.py
[2024-06-14T22:07:47.282+0000] {processor.py:753} INFO - DAG(s) dict_keys(['example_skip_dag']) retrieved from /home/airflow/.local/lib/python3.7/site-packages/airflow/example_dags/example_skip_dag.py
[2024-06-14T22:07:47.306+0000] {logging_mixin.py:137} INFO - [2024-06-14T22:07:47.306+0000] {dag.py:2690} INFO - Sync 1 DAGs
[2024-06-14T22:07:47.326+0000] {logging_mixin.py:137} INFO - [2024-06-14T22:07:47.326+0000] {dag.py:3441} INFO - Setting next_dagrun for example_skip_dag to 2024-06-13T22:07:47.325929+00:00, run_after=2024-06-14T22:07:47.325929+00:00
[2024-06-14T22:07:47.340+0000] {processor.py:175} INFO - Processing /home/airflow/.local/lib/python3.7/site-packages/airflow/example_dags/example_skip_dag.py took 0.078 seconds
[2024-06-14T22:08:17.817+0000] {processor.py:153} INFO - Started process (PID=1807) to work on /home/airflow/.local/lib/python3.7/site-packages/airflow/example_dags/example_skip_dag.py
[2024-06-14T22:08:17.818+0000] {processor.py:743} INFO - Processing file /home/airflow/.local/lib/python3.7/site-packages/airflow/example_dags/example_skip_dag.py for tasks to queue
[2024-06-14T22:08:17.819+0000] {logging_mixin.py:137} INFO - [2024-06-14T22:08:17.819+0000] {dagbag.py:538} INFO - Filling up the DagBag from /home/airflow/.local/lib/python3.7/site-packages/airflow/example_dags/example_skip_dag.py
[2024-06-14T22:08:17.832+0000] {processor.py:753} INFO - DAG(s) dict_keys(['example_skip_dag']) retrieved from /home/airflow/.local/lib/python3.7/site-packages/airflow/example_dags/example_skip_dag.py
[2024-06-14T22:08:17.856+0000] {logging_mixin.py:137} INFO - [2024-06-14T22:08:17.856+0000] {dag.py:2690} INFO - Sync 1 DAGs
[2024-06-14T22:08:17.874+0000] {logging_mixin.py:137} INFO - [2024-06-14T22:08:17.874+0000] {dag.py:3441} INFO - Setting next_dagrun for example_skip_dag to 2024-06-13T22:08:17.874421+00:00, run_after=2024-06-14T22:08:17.874421+00:00
[2024-06-14T22:08:17.889+0000] {processor.py:175} INFO - Processing /home/airflow/.local/lib/python3.7/site-packages/airflow/example_dags/example_skip_dag.py took 0.076 seconds
[2024-06-14T22:08:48.526+0000] {processor.py:153} INFO - Started process (PID=1857) to work on /home/airflow/.local/lib/python3.7/site-packages/airflow/example_dags/example_skip_dag.py
[2024-06-14T22:08:48.528+0000] {processor.py:743} INFO - Processing file /home/airflow/.local/lib/python3.7/site-packages/airflow/example_dags/example_skip_dag.py for tasks to queue
[2024-06-14T22:08:48.529+0000] {logging_mixin.py:137} INFO - [2024-06-14T22:08:48.529+0000] {dagbag.py:538} INFO - Filling up the DagBag from /home/airflow/.local/lib/python3.7/site-packages/airflow/example_dags/example_skip_dag.py
[2024-06-14T22:08:48.543+0000] {processor.py:753} INFO - DAG(s) dict_keys(['example_skip_dag']) retrieved from /home/airflow/.local/lib/python3.7/site-packages/airflow/example_dags/example_skip_dag.py
[2024-06-14T22:08:48.568+0000] {logging_mixin.py:137} INFO - [2024-06-14T22:08:48.568+0000] {dag.py:2690} INFO - Sync 1 DAGs
[2024-06-14T22:08:48.586+0000] {logging_mixin.py:137} INFO - [2024-06-14T22:08:48.586+0000] {dag.py:3441} INFO - Setting next_dagrun for example_skip_dag to 2024-06-13T22:08:48.586345+00:00, run_after=2024-06-14T22:08:48.586345+00:00
[2024-06-14T22:08:48.600+0000] {processor.py:175} INFO - Processing /home/airflow/.local/lib/python3.7/site-packages/airflow/example_dags/example_skip_dag.py took 0.077 seconds
[2024-06-14T22:09:19.099+0000] {processor.py:153} INFO - Started process (PID=1907) to work on /home/airflow/.local/lib/python3.7/site-packages/airflow/example_dags/example_skip_dag.py
[2024-06-14T22:09:19.100+0000] {processor.py:743} INFO - Processing file /home/airflow/.local/lib/python3.7/site-packages/airflow/example_dags/example_skip_dag.py for tasks to queue
[2024-06-14T22:09:19.101+0000] {logging_mixin.py:137} INFO - [2024-06-14T22:09:19.101+0000] {dagbag.py:538} INFO - Filling up the DagBag from /home/airflow/.local/lib/python3.7/site-packages/airflow/example_dags/example_skip_dag.py
[2024-06-14T22:09:19.113+0000] {processor.py:753} INFO - DAG(s) dict_keys(['example_skip_dag']) retrieved from /home/airflow/.local/lib/python3.7/site-packages/airflow/example_dags/example_skip_dag.py
[2024-06-14T22:09:19.137+0000] {logging_mixin.py:137} INFO - [2024-06-14T22:09:19.137+0000] {dag.py:2690} INFO - Sync 1 DAGs
[2024-06-14T22:09:19.155+0000] {logging_mixin.py:137} INFO - [2024-06-14T22:09:19.154+0000] {dag.py:3441} INFO - Setting next_dagrun for example_skip_dag to 2024-06-13T22:09:19.154673+00:00, run_after=2024-06-14T22:09:19.154673+00:00
[2024-06-14T22:09:19.168+0000] {processor.py:175} INFO - Processing /home/airflow/.local/lib/python3.7/site-packages/airflow/example_dags/example_skip_dag.py took 0.072 seconds
[2024-06-14T22:09:49.551+0000] {processor.py:153} INFO - Started process (PID=1957) to work on /home/airflow/.local/lib/python3.7/site-packages/airflow/example_dags/example_skip_dag.py
[2024-06-14T22:09:49.553+0000] {processor.py:743} INFO - Processing file /home/airflow/.local/lib/python3.7/site-packages/airflow/example_dags/example_skip_dag.py for tasks to queue
[2024-06-14T22:09:49.553+0000] {logging_mixin.py:137} INFO - [2024-06-14T22:09:49.553+0000] {dagbag.py:538} INFO - Filling up the DagBag from /home/airflow/.local/lib/python3.7/site-packages/airflow/example_dags/example_skip_dag.py
[2024-06-14T22:09:49.565+0000] {processor.py:753} INFO - DAG(s) dict_keys(['example_skip_dag']) retrieved from /home/airflow/.local/lib/python3.7/site-packages/airflow/example_dags/example_skip_dag.py
[2024-06-14T22:09:49.586+0000] {logging_mixin.py:137} INFO - [2024-06-14T22:09:49.586+0000] {dag.py:2690} INFO - Sync 1 DAGs
[2024-06-14T22:09:49.603+0000] {logging_mixin.py:137} INFO - [2024-06-14T22:09:49.603+0000] {dag.py:3441} INFO - Setting next_dagrun for example_skip_dag to 2024-06-13T22:09:49.603350+00:00, run_after=2024-06-14T22:09:49.603350+00:00
[2024-06-14T22:09:49.617+0000] {processor.py:175} INFO - Processing /home/airflow/.local/lib/python3.7/site-packages/airflow/example_dags/example_skip_dag.py took 0.069 seconds
[2024-06-14T22:10:20.016+0000] {processor.py:153} INFO - Started process (PID=2007) to work on /home/airflow/.local/lib/python3.7/site-packages/airflow/example_dags/example_skip_dag.py
[2024-06-14T22:10:20.017+0000] {processor.py:743} INFO - Processing file /home/airflow/.local/lib/python3.7/site-packages/airflow/example_dags/example_skip_dag.py for tasks to queue
[2024-06-14T22:10:20.018+0000] {logging_mixin.py:137} INFO - [2024-06-14T22:10:20.018+0000] {dagbag.py:538} INFO - Filling up the DagBag from /home/airflow/.local/lib/python3.7/site-packages/airflow/example_dags/example_skip_dag.py
[2024-06-14T22:10:20.031+0000] {processor.py:753} INFO - DAG(s) dict_keys(['example_skip_dag']) retrieved from /home/airflow/.local/lib/python3.7/site-packages/airflow/example_dags/example_skip_dag.py
[2024-06-14T22:10:20.057+0000] {logging_mixin.py:137} INFO - [2024-06-14T22:10:20.057+0000] {dag.py:2690} INFO - Sync 1 DAGs
[2024-06-14T22:10:20.076+0000] {logging_mixin.py:137} INFO - [2024-06-14T22:10:20.076+0000] {dag.py:3441} INFO - Setting next_dagrun for example_skip_dag to 2024-06-13T22:10:20.076217+00:00, run_after=2024-06-14T22:10:20.076217+00:00
[2024-06-14T22:10:20.091+0000] {processor.py:175} INFO - Processing /home/airflow/.local/lib/python3.7/site-packages/airflow/example_dags/example_skip_dag.py took 0.078 seconds
[2024-06-14T22:58:49.594+0000] {processor.py:153} INFO - Started process (PID=2057) to work on /home/airflow/.local/lib/python3.7/site-packages/airflow/example_dags/example_skip_dag.py
[2024-06-14T22:58:49.595+0000] {processor.py:743} INFO - Processing file /home/airflow/.local/lib/python3.7/site-packages/airflow/example_dags/example_skip_dag.py for tasks to queue
[2024-06-14T22:58:49.596+0000] {logging_mixin.py:137} INFO - [2024-06-14T22:58:49.596+0000] {dagbag.py:538} INFO - Filling up the DagBag from /home/airflow/.local/lib/python3.7/site-packages/airflow/example_dags/example_skip_dag.py
[2024-06-14T22:58:49.608+0000] {processor.py:753} INFO - DAG(s) dict_keys(['example_skip_dag']) retrieved from /home/airflow/.local/lib/python3.7/site-packages/airflow/example_dags/example_skip_dag.py
[2024-06-14T22:58:49.631+0000] {logging_mixin.py:137} INFO - [2024-06-14T22:58:49.631+0000] {dag.py:2690} INFO - Sync 1 DAGs
[2024-06-14T22:58:49.648+0000] {logging_mixin.py:137} INFO - [2024-06-14T22:58:49.648+0000] {dag.py:3441} INFO - Setting next_dagrun for example_skip_dag to 2024-06-13T22:58:49.648489+00:00, run_after=2024-06-14T22:58:49.648489+00:00
[2024-06-14T22:58:49.661+0000] {processor.py:175} INFO - Processing /home/airflow/.local/lib/python3.7/site-packages/airflow/example_dags/example_skip_dag.py took 0.070 seconds
[2024-06-14T23:14:32.748+0000] {processor.py:153} INFO - Started process (PID=2114) to work on /home/airflow/.local/lib/python3.7/site-packages/airflow/example_dags/example_skip_dag.py
[2024-06-14T23:14:32.764+0000] {processor.py:743} INFO - Processing file /home/airflow/.local/lib/python3.7/site-packages/airflow/example_dags/example_skip_dag.py for tasks to queue
[2024-06-14T23:14:32.771+0000] {logging_mixin.py:137} INFO - [2024-06-14T23:14:32.770+0000] {dagbag.py:538} INFO - Filling up the DagBag from /home/airflow/.local/lib/python3.7/site-packages/airflow/example_dags/example_skip_dag.py
[2024-06-14T23:14:32.822+0000] {processor.py:753} INFO - DAG(s) dict_keys(['example_skip_dag']) retrieved from /home/airflow/.local/lib/python3.7/site-packages/airflow/example_dags/example_skip_dag.py
[2024-06-14T23:14:32.962+0000] {logging_mixin.py:137} INFO - [2024-06-14T23:14:32.961+0000] {dag.py:2690} INFO - Sync 1 DAGs
[2024-06-14T23:14:33.198+0000] {logging_mixin.py:137} INFO - [2024-06-14T23:14:33.193+0000] {dag.py:3441} INFO - Setting next_dagrun for example_skip_dag to 2024-06-13T23:14:33.192779+00:00, run_after=2024-06-14T23:14:33.192779+00:00
[2024-06-14T23:14:33.576+0000] {processor.py:175} INFO - Processing /home/airflow/.local/lib/python3.7/site-packages/airflow/example_dags/example_skip_dag.py took 0.842 seconds
