[2024-06-14T21:50:27.052+0000] {processor.py:153} INFO - Started process (PID=56) to work on /home/airflow/.local/lib/python3.7/site-packages/airflow/example_dags/example_branch_datetime_operator.py
[2024-06-14T21:50:27.054+0000] {processor.py:743} INFO - Processing file /home/airflow/.local/lib/python3.7/site-packages/airflow/example_dags/example_branch_datetime_operator.py for tasks to queue
[2024-06-14T21:50:27.055+0000] {logging_mixin.py:137} INFO - [2024-06-14T21:50:27.055+0000] {dagbag.py:538} INFO - Filling up the DagBag from /home/airflow/.local/lib/python3.7/site-packages/airflow/example_dags/example_branch_datetime_operator.py
[2024-06-14T21:50:27.081+0000] {processor.py:753} INFO - DAG(s) dict_keys(['example_branch_datetime_operator_2', 'example_branch_datetime_operator', 'example_branch_datetime_operator_3']) retrieved from /home/airflow/.local/lib/python3.7/site-packages/airflow/example_dags/example_branch_datetime_operator.py
[2024-06-14T21:50:27.118+0000] {logging_mixin.py:137} INFO - [2024-06-14T21:50:27.118+0000] {dag.py:2690} INFO - Sync 3 DAGs
[2024-06-14T21:50:27.147+0000] {logging_mixin.py:137} INFO - [2024-06-14T21:50:27.147+0000] {dag.py:3441} INFO - Setting next_dagrun for example_branch_datetime_operator to 2024-06-13T00:00:00+00:00, run_after=2024-06-14T00:00:00+00:00
[2024-06-14T21:50:27.154+0000] {logging_mixin.py:137} INFO - [2024-06-14T21:50:27.154+0000] {dag.py:3441} INFO - Setting next_dagrun for example_branch_datetime_operator_2 to 2024-06-13T00:00:00+00:00, run_after=2024-06-14T00:00:00+00:00
[2024-06-14T21:50:27.173+0000] {logging_mixin.py:137} INFO - [2024-06-14T21:50:27.173+0000] {dag.py:3441} INFO - Setting next_dagrun for example_branch_datetime_operator_3 to 2024-06-13T00:00:00+00:00, run_after=2024-06-14T00:00:00+00:00
[2024-06-14T21:50:27.220+0000] {processor.py:175} INFO - Processing /home/airflow/.local/lib/python3.7/site-packages/airflow/example_dags/example_branch_datetime_operator.py took 0.173 seconds
[2024-06-14T21:50:57.273+0000] {processor.py:153} INFO - Started process (PID=106) to work on /home/airflow/.local/lib/python3.7/site-packages/airflow/example_dags/example_branch_datetime_operator.py
[2024-06-14T21:50:57.274+0000] {processor.py:743} INFO - Processing file /home/airflow/.local/lib/python3.7/site-packages/airflow/example_dags/example_branch_datetime_operator.py for tasks to queue
[2024-06-14T21:50:57.275+0000] {logging_mixin.py:137} INFO - [2024-06-14T21:50:57.275+0000] {dagbag.py:538} INFO - Filling up the DagBag from /home/airflow/.local/lib/python3.7/site-packages/airflow/example_dags/example_branch_datetime_operator.py
[2024-06-14T21:50:57.289+0000] {processor.py:753} INFO - DAG(s) dict_keys(['example_branch_datetime_operator', 'example_branch_datetime_operator_3', 'example_branch_datetime_operator_2']) retrieved from /home/airflow/.local/lib/python3.7/site-packages/airflow/example_dags/example_branch_datetime_operator.py
[2024-06-14T21:50:57.317+0000] {logging_mixin.py:137} INFO - [2024-06-14T21:50:57.317+0000] {dag.py:2690} INFO - Sync 3 DAGs
[2024-06-14T21:50:57.339+0000] {logging_mixin.py:137} INFO - [2024-06-14T21:50:57.339+0000] {dag.py:3441} INFO - Setting next_dagrun for example_branch_datetime_operator to 2024-06-13T00:00:00+00:00, run_after=2024-06-14T00:00:00+00:00
[2024-06-14T21:50:57.344+0000] {logging_mixin.py:137} INFO - [2024-06-14T21:50:57.343+0000] {dag.py:3441} INFO - Setting next_dagrun for example_branch_datetime_operator_2 to 2024-06-13T00:00:00+00:00, run_after=2024-06-14T00:00:00+00:00
[2024-06-14T21:50:57.346+0000] {logging_mixin.py:137} INFO - [2024-06-14T21:50:57.346+0000] {dag.py:3441} INFO - Setting next_dagrun for example_branch_datetime_operator_3 to 2024-06-13T00:00:00+00:00, run_after=2024-06-14T00:00:00+00:00
[2024-06-14T21:50:57.359+0000] {processor.py:175} INFO - Processing /home/airflow/.local/lib/python3.7/site-packages/airflow/example_dags/example_branch_datetime_operator.py took 0.090 seconds
[2024-06-14T21:51:27.694+0000] {processor.py:153} INFO - Started process (PID=156) to work on /home/airflow/.local/lib/python3.7/site-packages/airflow/example_dags/example_branch_datetime_operator.py
[2024-06-14T21:51:27.696+0000] {processor.py:743} INFO - Processing file /home/airflow/.local/lib/python3.7/site-packages/airflow/example_dags/example_branch_datetime_operator.py for tasks to queue
[2024-06-14T21:51:27.697+0000] {logging_mixin.py:137} INFO - [2024-06-14T21:51:27.697+0000] {dagbag.py:538} INFO - Filling up the DagBag from /home/airflow/.local/lib/python3.7/site-packages/airflow/example_dags/example_branch_datetime_operator.py
[2024-06-14T21:51:27.710+0000] {processor.py:753} INFO - DAG(s) dict_keys(['example_branch_datetime_operator_2', 'example_branch_datetime_operator', 'example_branch_datetime_operator_3']) retrieved from /home/airflow/.local/lib/python3.7/site-packages/airflow/example_dags/example_branch_datetime_operator.py
[2024-06-14T21:51:27.736+0000] {logging_mixin.py:137} INFO - [2024-06-14T21:51:27.736+0000] {dag.py:2690} INFO - Sync 3 DAGs
[2024-06-14T21:51:27.754+0000] {logging_mixin.py:137} INFO - [2024-06-14T21:51:27.754+0000] {dag.py:3441} INFO - Setting next_dagrun for example_branch_datetime_operator to 2024-06-13T00:00:00+00:00, run_after=2024-06-14T00:00:00+00:00
[2024-06-14T21:51:27.757+0000] {logging_mixin.py:137} INFO - [2024-06-14T21:51:27.757+0000] {dag.py:3441} INFO - Setting next_dagrun for example_branch_datetime_operator_2 to 2024-06-13T00:00:00+00:00, run_after=2024-06-14T00:00:00+00:00
[2024-06-14T21:51:27.759+0000] {logging_mixin.py:137} INFO - [2024-06-14T21:51:27.759+0000] {dag.py:3441} INFO - Setting next_dagrun for example_branch_datetime_operator_3 to 2024-06-13T00:00:00+00:00, run_after=2024-06-14T00:00:00+00:00
[2024-06-14T21:51:27.770+0000] {processor.py:175} INFO - Processing /home/airflow/.local/lib/python3.7/site-packages/airflow/example_dags/example_branch_datetime_operator.py took 0.079 seconds
[2024-06-14T21:51:57.959+0000] {processor.py:153} INFO - Started process (PID=206) to work on /home/airflow/.local/lib/python3.7/site-packages/airflow/example_dags/example_branch_datetime_operator.py
[2024-06-14T21:51:57.960+0000] {processor.py:743} INFO - Processing file /home/airflow/.local/lib/python3.7/site-packages/airflow/example_dags/example_branch_datetime_operator.py for tasks to queue
[2024-06-14T21:51:57.961+0000] {logging_mixin.py:137} INFO - [2024-06-14T21:51:57.961+0000] {dagbag.py:538} INFO - Filling up the DagBag from /home/airflow/.local/lib/python3.7/site-packages/airflow/example_dags/example_branch_datetime_operator.py
[2024-06-14T21:51:57.973+0000] {processor.py:753} INFO - DAG(s) dict_keys(['example_branch_datetime_operator_3', 'example_branch_datetime_operator', 'example_branch_datetime_operator_2']) retrieved from /home/airflow/.local/lib/python3.7/site-packages/airflow/example_dags/example_branch_datetime_operator.py
[2024-06-14T21:51:57.999+0000] {logging_mixin.py:137} INFO - [2024-06-14T21:51:57.999+0000] {dag.py:2690} INFO - Sync 3 DAGs
[2024-06-14T21:51:58.016+0000] {logging_mixin.py:137} INFO - [2024-06-14T21:51:58.016+0000] {dag.py:3441} INFO - Setting next_dagrun for example_branch_datetime_operator to 2024-06-13T00:00:00+00:00, run_after=2024-06-14T00:00:00+00:00
[2024-06-14T21:51:58.020+0000] {logging_mixin.py:137} INFO - [2024-06-14T21:51:58.020+0000] {dag.py:3441} INFO - Setting next_dagrun for example_branch_datetime_operator_2 to 2024-06-13T00:00:00+00:00, run_after=2024-06-14T00:00:00+00:00
[2024-06-14T21:51:58.022+0000] {logging_mixin.py:137} INFO - [2024-06-14T21:51:58.022+0000] {dag.py:3441} INFO - Setting next_dagrun for example_branch_datetime_operator_3 to 2024-06-13T00:00:00+00:00, run_after=2024-06-14T00:00:00+00:00
[2024-06-14T21:51:58.033+0000] {processor.py:175} INFO - Processing /home/airflow/.local/lib/python3.7/site-packages/airflow/example_dags/example_branch_datetime_operator.py took 0.077 seconds
[2024-06-14T21:52:28.602+0000] {processor.py:153} INFO - Started process (PID=256) to work on /home/airflow/.local/lib/python3.7/site-packages/airflow/example_dags/example_branch_datetime_operator.py
[2024-06-14T21:52:28.603+0000] {processor.py:743} INFO - Processing file /home/airflow/.local/lib/python3.7/site-packages/airflow/example_dags/example_branch_datetime_operator.py for tasks to queue
[2024-06-14T21:52:28.605+0000] {logging_mixin.py:137} INFO - [2024-06-14T21:52:28.605+0000] {dagbag.py:538} INFO - Filling up the DagBag from /home/airflow/.local/lib/python3.7/site-packages/airflow/example_dags/example_branch_datetime_operator.py
[2024-06-14T21:52:28.619+0000] {processor.py:753} INFO - DAG(s) dict_keys(['example_branch_datetime_operator_2', 'example_branch_datetime_operator', 'example_branch_datetime_operator_3']) retrieved from /home/airflow/.local/lib/python3.7/site-packages/airflow/example_dags/example_branch_datetime_operator.py
[2024-06-14T21:52:28.647+0000] {logging_mixin.py:137} INFO - [2024-06-14T21:52:28.647+0000] {dag.py:2690} INFO - Sync 3 DAGs
[2024-06-14T21:52:28.671+0000] {logging_mixin.py:137} INFO - [2024-06-14T21:52:28.671+0000] {dag.py:3441} INFO - Setting next_dagrun for example_branch_datetime_operator to 2024-06-13T00:00:00+00:00, run_after=2024-06-14T00:00:00+00:00
[2024-06-14T21:52:28.675+0000] {logging_mixin.py:137} INFO - [2024-06-14T21:52:28.675+0000] {dag.py:3441} INFO - Setting next_dagrun for example_branch_datetime_operator_2 to 2024-06-13T00:00:00+00:00, run_after=2024-06-14T00:00:00+00:00
[2024-06-14T21:52:28.677+0000] {logging_mixin.py:137} INFO - [2024-06-14T21:52:28.677+0000] {dag.py:3441} INFO - Setting next_dagrun for example_branch_datetime_operator_3 to 2024-06-13T00:00:00+00:00, run_after=2024-06-14T00:00:00+00:00
[2024-06-14T21:52:28.688+0000] {processor.py:175} INFO - Processing /home/airflow/.local/lib/python3.7/site-packages/airflow/example_dags/example_branch_datetime_operator.py took 0.089 seconds
[2024-06-14T21:52:59.169+0000] {processor.py:153} INFO - Started process (PID=305) to work on /home/airflow/.local/lib/python3.7/site-packages/airflow/example_dags/example_branch_datetime_operator.py
[2024-06-14T21:52:59.170+0000] {processor.py:743} INFO - Processing file /home/airflow/.local/lib/python3.7/site-packages/airflow/example_dags/example_branch_datetime_operator.py for tasks to queue
[2024-06-14T21:52:59.171+0000] {logging_mixin.py:137} INFO - [2024-06-14T21:52:59.171+0000] {dagbag.py:538} INFO - Filling up the DagBag from /home/airflow/.local/lib/python3.7/site-packages/airflow/example_dags/example_branch_datetime_operator.py
[2024-06-14T21:52:59.183+0000] {processor.py:753} INFO - DAG(s) dict_keys(['example_branch_datetime_operator_2', 'example_branch_datetime_operator', 'example_branch_datetime_operator_3']) retrieved from /home/airflow/.local/lib/python3.7/site-packages/airflow/example_dags/example_branch_datetime_operator.py
[2024-06-14T21:52:59.207+0000] {logging_mixin.py:137} INFO - [2024-06-14T21:52:59.207+0000] {dag.py:2690} INFO - Sync 3 DAGs
[2024-06-14T21:52:59.227+0000] {logging_mixin.py:137} INFO - [2024-06-14T21:52:59.226+0000] {dag.py:3441} INFO - Setting next_dagrun for example_branch_datetime_operator to 2024-06-13T00:00:00+00:00, run_after=2024-06-14T00:00:00+00:00
[2024-06-14T21:52:59.230+0000] {logging_mixin.py:137} INFO - [2024-06-14T21:52:59.230+0000] {dag.py:3441} INFO - Setting next_dagrun for example_branch_datetime_operator_2 to 2024-06-13T00:00:00+00:00, run_after=2024-06-14T00:00:00+00:00
[2024-06-14T21:52:59.232+0000] {logging_mixin.py:137} INFO - [2024-06-14T21:52:59.232+0000] {dag.py:3441} INFO - Setting next_dagrun for example_branch_datetime_operator_3 to 2024-06-13T00:00:00+00:00, run_after=2024-06-14T00:00:00+00:00
[2024-06-14T21:52:59.243+0000] {processor.py:175} INFO - Processing /home/airflow/.local/lib/python3.7/site-packages/airflow/example_dags/example_branch_datetime_operator.py took 0.077 seconds
[2024-06-14T21:53:29.827+0000] {processor.py:153} INFO - Started process (PID=355) to work on /home/airflow/.local/lib/python3.7/site-packages/airflow/example_dags/example_branch_datetime_operator.py
[2024-06-14T21:53:29.828+0000] {processor.py:743} INFO - Processing file /home/airflow/.local/lib/python3.7/site-packages/airflow/example_dags/example_branch_datetime_operator.py for tasks to queue
[2024-06-14T21:53:29.830+0000] {logging_mixin.py:137} INFO - [2024-06-14T21:53:29.830+0000] {dagbag.py:538} INFO - Filling up the DagBag from /home/airflow/.local/lib/python3.7/site-packages/airflow/example_dags/example_branch_datetime_operator.py
[2024-06-14T21:53:29.844+0000] {processor.py:753} INFO - DAG(s) dict_keys(['example_branch_datetime_operator_2', 'example_branch_datetime_operator_3', 'example_branch_datetime_operator']) retrieved from /home/airflow/.local/lib/python3.7/site-packages/airflow/example_dags/example_branch_datetime_operator.py
[2024-06-14T21:53:29.871+0000] {logging_mixin.py:137} INFO - [2024-06-14T21:53:29.871+0000] {dag.py:2690} INFO - Sync 3 DAGs
[2024-06-14T21:53:29.890+0000] {logging_mixin.py:137} INFO - [2024-06-14T21:53:29.890+0000] {dag.py:3441} INFO - Setting next_dagrun for example_branch_datetime_operator to 2024-06-13T00:00:00+00:00, run_after=2024-06-14T00:00:00+00:00
[2024-06-14T21:53:29.894+0000] {logging_mixin.py:137} INFO - [2024-06-14T21:53:29.893+0000] {dag.py:3441} INFO - Setting next_dagrun for example_branch_datetime_operator_2 to 2024-06-13T00:00:00+00:00, run_after=2024-06-14T00:00:00+00:00
[2024-06-14T21:53:29.896+0000] {logging_mixin.py:137} INFO - [2024-06-14T21:53:29.895+0000] {dag.py:3441} INFO - Setting next_dagrun for example_branch_datetime_operator_3 to 2024-06-13T00:00:00+00:00, run_after=2024-06-14T00:00:00+00:00
[2024-06-14T21:53:29.908+0000] {processor.py:175} INFO - Processing /home/airflow/.local/lib/python3.7/site-packages/airflow/example_dags/example_branch_datetime_operator.py took 0.084 seconds
[2024-06-14T21:54:00.420+0000] {processor.py:153} INFO - Started process (PID=405) to work on /home/airflow/.local/lib/python3.7/site-packages/airflow/example_dags/example_branch_datetime_operator.py
[2024-06-14T21:54:00.423+0000] {processor.py:743} INFO - Processing file /home/airflow/.local/lib/python3.7/site-packages/airflow/example_dags/example_branch_datetime_operator.py for tasks to queue
[2024-06-14T21:54:00.424+0000] {logging_mixin.py:137} INFO - [2024-06-14T21:54:00.424+0000] {dagbag.py:538} INFO - Filling up the DagBag from /home/airflow/.local/lib/python3.7/site-packages/airflow/example_dags/example_branch_datetime_operator.py
[2024-06-14T21:54:00.441+0000] {processor.py:753} INFO - DAG(s) dict_keys(['example_branch_datetime_operator', 'example_branch_datetime_operator_3', 'example_branch_datetime_operator_2']) retrieved from /home/airflow/.local/lib/python3.7/site-packages/airflow/example_dags/example_branch_datetime_operator.py
[2024-06-14T21:54:00.469+0000] {logging_mixin.py:137} INFO - [2024-06-14T21:54:00.469+0000] {dag.py:2690} INFO - Sync 3 DAGs
[2024-06-14T21:54:00.488+0000] {logging_mixin.py:137} INFO - [2024-06-14T21:54:00.487+0000] {dag.py:3441} INFO - Setting next_dagrun for example_branch_datetime_operator to 2024-06-13T00:00:00+00:00, run_after=2024-06-14T00:00:00+00:00
[2024-06-14T21:54:00.491+0000] {logging_mixin.py:137} INFO - [2024-06-14T21:54:00.491+0000] {dag.py:3441} INFO - Setting next_dagrun for example_branch_datetime_operator_2 to 2024-06-13T00:00:00+00:00, run_after=2024-06-14T00:00:00+00:00
[2024-06-14T21:54:00.493+0000] {logging_mixin.py:137} INFO - [2024-06-14T21:54:00.493+0000] {dag.py:3441} INFO - Setting next_dagrun for example_branch_datetime_operator_3 to 2024-06-13T00:00:00+00:00, run_after=2024-06-14T00:00:00+00:00
[2024-06-14T21:54:00.505+0000] {processor.py:175} INFO - Processing /home/airflow/.local/lib/python3.7/site-packages/airflow/example_dags/example_branch_datetime_operator.py took 0.088 seconds
[2024-06-14T21:54:31.223+0000] {processor.py:153} INFO - Started process (PID=455) to work on /home/airflow/.local/lib/python3.7/site-packages/airflow/example_dags/example_branch_datetime_operator.py
[2024-06-14T21:54:31.224+0000] {processor.py:743} INFO - Processing file /home/airflow/.local/lib/python3.7/site-packages/airflow/example_dags/example_branch_datetime_operator.py for tasks to queue
[2024-06-14T21:54:31.225+0000] {logging_mixin.py:137} INFO - [2024-06-14T21:54:31.225+0000] {dagbag.py:538} INFO - Filling up the DagBag from /home/airflow/.local/lib/python3.7/site-packages/airflow/example_dags/example_branch_datetime_operator.py
[2024-06-14T21:54:31.238+0000] {processor.py:753} INFO - DAG(s) dict_keys(['example_branch_datetime_operator', 'example_branch_datetime_operator_2', 'example_branch_datetime_operator_3']) retrieved from /home/airflow/.local/lib/python3.7/site-packages/airflow/example_dags/example_branch_datetime_operator.py
[2024-06-14T21:54:31.265+0000] {logging_mixin.py:137} INFO - [2024-06-14T21:54:31.265+0000] {dag.py:2690} INFO - Sync 3 DAGs
[2024-06-14T21:54:31.286+0000] {logging_mixin.py:137} INFO - [2024-06-14T21:54:31.285+0000] {dag.py:3441} INFO - Setting next_dagrun for example_branch_datetime_operator to 2024-06-13T00:00:00+00:00, run_after=2024-06-14T00:00:00+00:00
[2024-06-14T21:54:31.290+0000] {logging_mixin.py:137} INFO - [2024-06-14T21:54:31.290+0000] {dag.py:3441} INFO - Setting next_dagrun for example_branch_datetime_operator_2 to 2024-06-13T00:00:00+00:00, run_after=2024-06-14T00:00:00+00:00
[2024-06-14T21:54:31.292+0000] {logging_mixin.py:137} INFO - [2024-06-14T21:54:31.292+0000] {dag.py:3441} INFO - Setting next_dagrun for example_branch_datetime_operator_3 to 2024-06-13T00:00:00+00:00, run_after=2024-06-14T00:00:00+00:00
[2024-06-14T21:54:31.305+0000] {processor.py:175} INFO - Processing /home/airflow/.local/lib/python3.7/site-packages/airflow/example_dags/example_branch_datetime_operator.py took 0.085 seconds
[2024-06-14T21:55:01.766+0000] {processor.py:153} INFO - Started process (PID=505) to work on /home/airflow/.local/lib/python3.7/site-packages/airflow/example_dags/example_branch_datetime_operator.py
[2024-06-14T21:55:01.767+0000] {processor.py:743} INFO - Processing file /home/airflow/.local/lib/python3.7/site-packages/airflow/example_dags/example_branch_datetime_operator.py for tasks to queue
[2024-06-14T21:55:01.768+0000] {logging_mixin.py:137} INFO - [2024-06-14T21:55:01.768+0000] {dagbag.py:538} INFO - Filling up the DagBag from /home/airflow/.local/lib/python3.7/site-packages/airflow/example_dags/example_branch_datetime_operator.py
[2024-06-14T21:55:01.783+0000] {processor.py:753} INFO - DAG(s) dict_keys(['example_branch_datetime_operator_3', 'example_branch_datetime_operator_2', 'example_branch_datetime_operator']) retrieved from /home/airflow/.local/lib/python3.7/site-packages/airflow/example_dags/example_branch_datetime_operator.py
[2024-06-14T21:55:01.809+0000] {logging_mixin.py:137} INFO - [2024-06-14T21:55:01.809+0000] {dag.py:2690} INFO - Sync 3 DAGs
[2024-06-14T21:55:01.829+0000] {logging_mixin.py:137} INFO - [2024-06-14T21:55:01.829+0000] {dag.py:3441} INFO - Setting next_dagrun for example_branch_datetime_operator to 2024-06-13T00:00:00+00:00, run_after=2024-06-14T00:00:00+00:00
[2024-06-14T21:55:01.833+0000] {logging_mixin.py:137} INFO - [2024-06-14T21:55:01.833+0000] {dag.py:3441} INFO - Setting next_dagrun for example_branch_datetime_operator_2 to 2024-06-13T00:00:00+00:00, run_after=2024-06-14T00:00:00+00:00
[2024-06-14T21:55:01.835+0000] {logging_mixin.py:137} INFO - [2024-06-14T21:55:01.835+0000] {dag.py:3441} INFO - Setting next_dagrun for example_branch_datetime_operator_3 to 2024-06-13T00:00:00+00:00, run_after=2024-06-14T00:00:00+00:00
[2024-06-14T21:55:01.847+0000] {processor.py:175} INFO - Processing /home/airflow/.local/lib/python3.7/site-packages/airflow/example_dags/example_branch_datetime_operator.py took 0.084 seconds
[2024-06-14T21:55:32.398+0000] {processor.py:153} INFO - Started process (PID=555) to work on /home/airflow/.local/lib/python3.7/site-packages/airflow/example_dags/example_branch_datetime_operator.py
[2024-06-14T21:55:32.400+0000] {processor.py:743} INFO - Processing file /home/airflow/.local/lib/python3.7/site-packages/airflow/example_dags/example_branch_datetime_operator.py for tasks to queue
[2024-06-14T21:55:32.401+0000] {logging_mixin.py:137} INFO - [2024-06-14T21:55:32.401+0000] {dagbag.py:538} INFO - Filling up the DagBag from /home/airflow/.local/lib/python3.7/site-packages/airflow/example_dags/example_branch_datetime_operator.py
[2024-06-14T21:55:32.415+0000] {processor.py:753} INFO - DAG(s) dict_keys(['example_branch_datetime_operator', 'example_branch_datetime_operator_2', 'example_branch_datetime_operator_3']) retrieved from /home/airflow/.local/lib/python3.7/site-packages/airflow/example_dags/example_branch_datetime_operator.py
[2024-06-14T21:55:32.444+0000] {logging_mixin.py:137} INFO - [2024-06-14T21:55:32.443+0000] {dag.py:2690} INFO - Sync 3 DAGs
[2024-06-14T21:55:32.463+0000] {logging_mixin.py:137} INFO - [2024-06-14T21:55:32.463+0000] {dag.py:3441} INFO - Setting next_dagrun for example_branch_datetime_operator to 2024-06-13T00:00:00+00:00, run_after=2024-06-14T00:00:00+00:00
[2024-06-14T21:55:32.468+0000] {logging_mixin.py:137} INFO - [2024-06-14T21:55:32.468+0000] {dag.py:3441} INFO - Setting next_dagrun for example_branch_datetime_operator_2 to 2024-06-13T00:00:00+00:00, run_after=2024-06-14T00:00:00+00:00
[2024-06-14T21:55:32.470+0000] {logging_mixin.py:137} INFO - [2024-06-14T21:55:32.470+0000] {dag.py:3441} INFO - Setting next_dagrun for example_branch_datetime_operator_3 to 2024-06-13T00:00:00+00:00, run_after=2024-06-14T00:00:00+00:00
[2024-06-14T21:55:32.482+0000] {processor.py:175} INFO - Processing /home/airflow/.local/lib/python3.7/site-packages/airflow/example_dags/example_branch_datetime_operator.py took 0.087 seconds
[2024-06-14T21:56:03.214+0000] {processor.py:153} INFO - Started process (PID=605) to work on /home/airflow/.local/lib/python3.7/site-packages/airflow/example_dags/example_branch_datetime_operator.py
[2024-06-14T21:56:03.215+0000] {processor.py:743} INFO - Processing file /home/airflow/.local/lib/python3.7/site-packages/airflow/example_dags/example_branch_datetime_operator.py for tasks to queue
[2024-06-14T21:56:03.216+0000] {logging_mixin.py:137} INFO - [2024-06-14T21:56:03.216+0000] {dagbag.py:538} INFO - Filling up the DagBag from /home/airflow/.local/lib/python3.7/site-packages/airflow/example_dags/example_branch_datetime_operator.py
[2024-06-14T21:56:03.229+0000] {processor.py:753} INFO - DAG(s) dict_keys(['example_branch_datetime_operator_3', 'example_branch_datetime_operator_2', 'example_branch_datetime_operator']) retrieved from /home/airflow/.local/lib/python3.7/site-packages/airflow/example_dags/example_branch_datetime_operator.py
[2024-06-14T21:56:03.257+0000] {logging_mixin.py:137} INFO - [2024-06-14T21:56:03.256+0000] {dag.py:2690} INFO - Sync 3 DAGs
[2024-06-14T21:56:03.277+0000] {logging_mixin.py:137} INFO - [2024-06-14T21:56:03.277+0000] {dag.py:3441} INFO - Setting next_dagrun for example_branch_datetime_operator to 2024-06-13T00:00:00+00:00, run_after=2024-06-14T00:00:00+00:00
[2024-06-14T21:56:03.281+0000] {logging_mixin.py:137} INFO - [2024-06-14T21:56:03.280+0000] {dag.py:3441} INFO - Setting next_dagrun for example_branch_datetime_operator_2 to 2024-06-13T00:00:00+00:00, run_after=2024-06-14T00:00:00+00:00
[2024-06-14T21:56:03.283+0000] {logging_mixin.py:137} INFO - [2024-06-14T21:56:03.283+0000] {dag.py:3441} INFO - Setting next_dagrun for example_branch_datetime_operator_3 to 2024-06-13T00:00:00+00:00, run_after=2024-06-14T00:00:00+00:00
[2024-06-14T21:56:03.295+0000] {processor.py:175} INFO - Processing /home/airflow/.local/lib/python3.7/site-packages/airflow/example_dags/example_branch_datetime_operator.py took 0.084 seconds
[2024-06-14T21:56:34.017+0000] {processor.py:153} INFO - Started process (PID=655) to work on /home/airflow/.local/lib/python3.7/site-packages/airflow/example_dags/example_branch_datetime_operator.py
[2024-06-14T21:56:34.019+0000] {processor.py:743} INFO - Processing file /home/airflow/.local/lib/python3.7/site-packages/airflow/example_dags/example_branch_datetime_operator.py for tasks to queue
[2024-06-14T21:56:34.020+0000] {logging_mixin.py:137} INFO - [2024-06-14T21:56:34.020+0000] {dagbag.py:538} INFO - Filling up the DagBag from /home/airflow/.local/lib/python3.7/site-packages/airflow/example_dags/example_branch_datetime_operator.py
[2024-06-14T21:56:34.034+0000] {processor.py:753} INFO - DAG(s) dict_keys(['example_branch_datetime_operator', 'example_branch_datetime_operator_3', 'example_branch_datetime_operator_2']) retrieved from /home/airflow/.local/lib/python3.7/site-packages/airflow/example_dags/example_branch_datetime_operator.py
[2024-06-14T21:56:34.060+0000] {logging_mixin.py:137} INFO - [2024-06-14T21:56:34.060+0000] {dag.py:2690} INFO - Sync 3 DAGs
[2024-06-14T21:56:34.078+0000] {logging_mixin.py:137} INFO - [2024-06-14T21:56:34.078+0000] {dag.py:3441} INFO - Setting next_dagrun for example_branch_datetime_operator to 2024-06-13T00:00:00+00:00, run_after=2024-06-14T00:00:00+00:00
[2024-06-14T21:56:34.081+0000] {logging_mixin.py:137} INFO - [2024-06-14T21:56:34.081+0000] {dag.py:3441} INFO - Setting next_dagrun for example_branch_datetime_operator_2 to 2024-06-13T00:00:00+00:00, run_after=2024-06-14T00:00:00+00:00
[2024-06-14T21:56:34.083+0000] {logging_mixin.py:137} INFO - [2024-06-14T21:56:34.083+0000] {dag.py:3441} INFO - Setting next_dagrun for example_branch_datetime_operator_3 to 2024-06-13T00:00:00+00:00, run_after=2024-06-14T00:00:00+00:00
[2024-06-14T21:56:34.095+0000] {processor.py:175} INFO - Processing /home/airflow/.local/lib/python3.7/site-packages/airflow/example_dags/example_branch_datetime_operator.py took 0.082 seconds
[2024-06-14T21:57:04.645+0000] {processor.py:153} INFO - Started process (PID=705) to work on /home/airflow/.local/lib/python3.7/site-packages/airflow/example_dags/example_branch_datetime_operator.py
[2024-06-14T21:57:04.647+0000] {processor.py:743} INFO - Processing file /home/airflow/.local/lib/python3.7/site-packages/airflow/example_dags/example_branch_datetime_operator.py for tasks to queue
[2024-06-14T21:57:04.648+0000] {logging_mixin.py:137} INFO - [2024-06-14T21:57:04.648+0000] {dagbag.py:538} INFO - Filling up the DagBag from /home/airflow/.local/lib/python3.7/site-packages/airflow/example_dags/example_branch_datetime_operator.py
[2024-06-14T21:57:04.661+0000] {processor.py:753} INFO - DAG(s) dict_keys(['example_branch_datetime_operator_3', 'example_branch_datetime_operator_2', 'example_branch_datetime_operator']) retrieved from /home/airflow/.local/lib/python3.7/site-packages/airflow/example_dags/example_branch_datetime_operator.py
[2024-06-14T21:57:04.687+0000] {logging_mixin.py:137} INFO - [2024-06-14T21:57:04.687+0000] {dag.py:2690} INFO - Sync 3 DAGs
[2024-06-14T21:57:04.705+0000] {logging_mixin.py:137} INFO - [2024-06-14T21:57:04.705+0000] {dag.py:3441} INFO - Setting next_dagrun for example_branch_datetime_operator to 2024-06-13T00:00:00+00:00, run_after=2024-06-14T00:00:00+00:00
[2024-06-14T21:57:04.709+0000] {logging_mixin.py:137} INFO - [2024-06-14T21:57:04.708+0000] {dag.py:3441} INFO - Setting next_dagrun for example_branch_datetime_operator_2 to 2024-06-13T00:00:00+00:00, run_after=2024-06-14T00:00:00+00:00
[2024-06-14T21:57:04.711+0000] {logging_mixin.py:137} INFO - [2024-06-14T21:57:04.710+0000] {dag.py:3441} INFO - Setting next_dagrun for example_branch_datetime_operator_3 to 2024-06-13T00:00:00+00:00, run_after=2024-06-14T00:00:00+00:00
[2024-06-14T21:57:04.722+0000] {processor.py:175} INFO - Processing /home/airflow/.local/lib/python3.7/site-packages/airflow/example_dags/example_branch_datetime_operator.py took 0.080 seconds
[2024-06-14T21:57:35.009+0000] {processor.py:153} INFO - Started process (PID=755) to work on /home/airflow/.local/lib/python3.7/site-packages/airflow/example_dags/example_branch_datetime_operator.py
[2024-06-14T21:57:35.011+0000] {processor.py:743} INFO - Processing file /home/airflow/.local/lib/python3.7/site-packages/airflow/example_dags/example_branch_datetime_operator.py for tasks to queue
[2024-06-14T21:57:35.012+0000] {logging_mixin.py:137} INFO - [2024-06-14T21:57:35.011+0000] {dagbag.py:538} INFO - Filling up the DagBag from /home/airflow/.local/lib/python3.7/site-packages/airflow/example_dags/example_branch_datetime_operator.py
[2024-06-14T21:57:35.024+0000] {processor.py:753} INFO - DAG(s) dict_keys(['example_branch_datetime_operator_2', 'example_branch_datetime_operator_3', 'example_branch_datetime_operator']) retrieved from /home/airflow/.local/lib/python3.7/site-packages/airflow/example_dags/example_branch_datetime_operator.py
[2024-06-14T21:57:35.054+0000] {logging_mixin.py:137} INFO - [2024-06-14T21:57:35.054+0000] {dag.py:2690} INFO - Sync 3 DAGs
[2024-06-14T21:57:35.072+0000] {logging_mixin.py:137} INFO - [2024-06-14T21:57:35.072+0000] {dag.py:3441} INFO - Setting next_dagrun for example_branch_datetime_operator to 2024-06-13T00:00:00+00:00, run_after=2024-06-14T00:00:00+00:00
[2024-06-14T21:57:35.077+0000] {logging_mixin.py:137} INFO - [2024-06-14T21:57:35.077+0000] {dag.py:3441} INFO - Setting next_dagrun for example_branch_datetime_operator_2 to 2024-06-13T00:00:00+00:00, run_after=2024-06-14T00:00:00+00:00
[2024-06-14T21:57:35.079+0000] {logging_mixin.py:137} INFO - [2024-06-14T21:57:35.079+0000] {dag.py:3441} INFO - Setting next_dagrun for example_branch_datetime_operator_3 to 2024-06-13T00:00:00+00:00, run_after=2024-06-14T00:00:00+00:00
[2024-06-14T21:57:35.091+0000] {processor.py:175} INFO - Processing /home/airflow/.local/lib/python3.7/site-packages/airflow/example_dags/example_branch_datetime_operator.py took 0.084 seconds
[2024-06-14T21:58:05.597+0000] {processor.py:153} INFO - Started process (PID=805) to work on /home/airflow/.local/lib/python3.7/site-packages/airflow/example_dags/example_branch_datetime_operator.py
[2024-06-14T21:58:05.598+0000] {processor.py:743} INFO - Processing file /home/airflow/.local/lib/python3.7/site-packages/airflow/example_dags/example_branch_datetime_operator.py for tasks to queue
[2024-06-14T21:58:05.599+0000] {logging_mixin.py:137} INFO - [2024-06-14T21:58:05.599+0000] {dagbag.py:538} INFO - Filling up the DagBag from /home/airflow/.local/lib/python3.7/site-packages/airflow/example_dags/example_branch_datetime_operator.py
[2024-06-14T21:58:05.613+0000] {processor.py:753} INFO - DAG(s) dict_keys(['example_branch_datetime_operator', 'example_branch_datetime_operator_2', 'example_branch_datetime_operator_3']) retrieved from /home/airflow/.local/lib/python3.7/site-packages/airflow/example_dags/example_branch_datetime_operator.py
[2024-06-14T21:58:05.639+0000] {logging_mixin.py:137} INFO - [2024-06-14T21:58:05.639+0000] {dag.py:2690} INFO - Sync 3 DAGs
[2024-06-14T21:58:05.662+0000] {logging_mixin.py:137} INFO - [2024-06-14T21:58:05.662+0000] {dag.py:3441} INFO - Setting next_dagrun for example_branch_datetime_operator to 2024-06-13T00:00:00+00:00, run_after=2024-06-14T00:00:00+00:00
[2024-06-14T21:58:05.666+0000] {logging_mixin.py:137} INFO - [2024-06-14T21:58:05.666+0000] {dag.py:3441} INFO - Setting next_dagrun for example_branch_datetime_operator_2 to 2024-06-13T00:00:00+00:00, run_after=2024-06-14T00:00:00+00:00
[2024-06-14T21:58:05.668+0000] {logging_mixin.py:137} INFO - [2024-06-14T21:58:05.667+0000] {dag.py:3441} INFO - Setting next_dagrun for example_branch_datetime_operator_3 to 2024-06-13T00:00:00+00:00, run_after=2024-06-14T00:00:00+00:00
[2024-06-14T21:58:05.679+0000] {processor.py:175} INFO - Processing /home/airflow/.local/lib/python3.7/site-packages/airflow/example_dags/example_branch_datetime_operator.py took 0.085 seconds
[2024-06-14T21:58:36.266+0000] {processor.py:153} INFO - Started process (PID=855) to work on /home/airflow/.local/lib/python3.7/site-packages/airflow/example_dags/example_branch_datetime_operator.py
[2024-06-14T21:58:36.267+0000] {processor.py:743} INFO - Processing file /home/airflow/.local/lib/python3.7/site-packages/airflow/example_dags/example_branch_datetime_operator.py for tasks to queue
[2024-06-14T21:58:36.268+0000] {logging_mixin.py:137} INFO - [2024-06-14T21:58:36.268+0000] {dagbag.py:538} INFO - Filling up the DagBag from /home/airflow/.local/lib/python3.7/site-packages/airflow/example_dags/example_branch_datetime_operator.py
[2024-06-14T21:58:36.281+0000] {processor.py:753} INFO - DAG(s) dict_keys(['example_branch_datetime_operator_3', 'example_branch_datetime_operator', 'example_branch_datetime_operator_2']) retrieved from /home/airflow/.local/lib/python3.7/site-packages/airflow/example_dags/example_branch_datetime_operator.py
[2024-06-14T21:58:36.306+0000] {logging_mixin.py:137} INFO - [2024-06-14T21:58:36.306+0000] {dag.py:2690} INFO - Sync 3 DAGs
[2024-06-14T21:58:36.324+0000] {logging_mixin.py:137} INFO - [2024-06-14T21:58:36.324+0000] {dag.py:3441} INFO - Setting next_dagrun for example_branch_datetime_operator to 2024-06-13T00:00:00+00:00, run_after=2024-06-14T00:00:00+00:00
[2024-06-14T21:58:36.327+0000] {logging_mixin.py:137} INFO - [2024-06-14T21:58:36.327+0000] {dag.py:3441} INFO - Setting next_dagrun for example_branch_datetime_operator_2 to 2024-06-13T00:00:00+00:00, run_after=2024-06-14T00:00:00+00:00
[2024-06-14T21:58:36.329+0000] {logging_mixin.py:137} INFO - [2024-06-14T21:58:36.329+0000] {dag.py:3441} INFO - Setting next_dagrun for example_branch_datetime_operator_3 to 2024-06-13T00:00:00+00:00, run_after=2024-06-14T00:00:00+00:00
[2024-06-14T21:58:36.341+0000] {processor.py:175} INFO - Processing /home/airflow/.local/lib/python3.7/site-packages/airflow/example_dags/example_branch_datetime_operator.py took 0.079 seconds
[2024-06-14T21:59:06.805+0000] {processor.py:153} INFO - Started process (PID=905) to work on /home/airflow/.local/lib/python3.7/site-packages/airflow/example_dags/example_branch_datetime_operator.py
[2024-06-14T21:59:06.806+0000] {processor.py:743} INFO - Processing file /home/airflow/.local/lib/python3.7/site-packages/airflow/example_dags/example_branch_datetime_operator.py for tasks to queue
[2024-06-14T21:59:06.807+0000] {logging_mixin.py:137} INFO - [2024-06-14T21:59:06.807+0000] {dagbag.py:538} INFO - Filling up the DagBag from /home/airflow/.local/lib/python3.7/site-packages/airflow/example_dags/example_branch_datetime_operator.py
[2024-06-14T21:59:06.819+0000] {processor.py:753} INFO - DAG(s) dict_keys(['example_branch_datetime_operator_3', 'example_branch_datetime_operator_2', 'example_branch_datetime_operator']) retrieved from /home/airflow/.local/lib/python3.7/site-packages/airflow/example_dags/example_branch_datetime_operator.py
[2024-06-14T21:59:06.845+0000] {logging_mixin.py:137} INFO - [2024-06-14T21:59:06.845+0000] {dag.py:2690} INFO - Sync 3 DAGs
[2024-06-14T21:59:06.862+0000] {logging_mixin.py:137} INFO - [2024-06-14T21:59:06.862+0000] {dag.py:3441} INFO - Setting next_dagrun for example_branch_datetime_operator to 2024-06-13T00:00:00+00:00, run_after=2024-06-14T00:00:00+00:00
[2024-06-14T21:59:06.865+0000] {logging_mixin.py:137} INFO - [2024-06-14T21:59:06.865+0000] {dag.py:3441} INFO - Setting next_dagrun for example_branch_datetime_operator_2 to 2024-06-13T00:00:00+00:00, run_after=2024-06-14T00:00:00+00:00
[2024-06-14T21:59:06.867+0000] {logging_mixin.py:137} INFO - [2024-06-14T21:59:06.867+0000] {dag.py:3441} INFO - Setting next_dagrun for example_branch_datetime_operator_3 to 2024-06-13T00:00:00+00:00, run_after=2024-06-14T00:00:00+00:00
[2024-06-14T21:59:06.878+0000] {processor.py:175} INFO - Processing /home/airflow/.local/lib/python3.7/site-packages/airflow/example_dags/example_branch_datetime_operator.py took 0.077 seconds
[2024-06-14T21:59:37.260+0000] {processor.py:153} INFO - Started process (PID=955) to work on /home/airflow/.local/lib/python3.7/site-packages/airflow/example_dags/example_branch_datetime_operator.py
[2024-06-14T21:59:37.261+0000] {processor.py:743} INFO - Processing file /home/airflow/.local/lib/python3.7/site-packages/airflow/example_dags/example_branch_datetime_operator.py for tasks to queue
[2024-06-14T21:59:37.262+0000] {logging_mixin.py:137} INFO - [2024-06-14T21:59:37.262+0000] {dagbag.py:538} INFO - Filling up the DagBag from /home/airflow/.local/lib/python3.7/site-packages/airflow/example_dags/example_branch_datetime_operator.py
[2024-06-14T21:59:37.275+0000] {processor.py:753} INFO - DAG(s) dict_keys(['example_branch_datetime_operator_2', 'example_branch_datetime_operator_3', 'example_branch_datetime_operator']) retrieved from /home/airflow/.local/lib/python3.7/site-packages/airflow/example_dags/example_branch_datetime_operator.py
[2024-06-14T21:59:37.299+0000] {logging_mixin.py:137} INFO - [2024-06-14T21:59:37.299+0000] {dag.py:2690} INFO - Sync 3 DAGs
[2024-06-14T21:59:37.319+0000] {logging_mixin.py:137} INFO - [2024-06-14T21:59:37.319+0000] {dag.py:3441} INFO - Setting next_dagrun for example_branch_datetime_operator to 2024-06-13T00:00:00+00:00, run_after=2024-06-14T00:00:00+00:00
[2024-06-14T21:59:37.323+0000] {logging_mixin.py:137} INFO - [2024-06-14T21:59:37.323+0000] {dag.py:3441} INFO - Setting next_dagrun for example_branch_datetime_operator_2 to 2024-06-13T00:00:00+00:00, run_after=2024-06-14T00:00:00+00:00
[2024-06-14T21:59:37.325+0000] {logging_mixin.py:137} INFO - [2024-06-14T21:59:37.325+0000] {dag.py:3441} INFO - Setting next_dagrun for example_branch_datetime_operator_3 to 2024-06-13T00:00:00+00:00, run_after=2024-06-14T00:00:00+00:00
[2024-06-14T21:59:37.337+0000] {processor.py:175} INFO - Processing /home/airflow/.local/lib/python3.7/site-packages/airflow/example_dags/example_branch_datetime_operator.py took 0.081 seconds
[2024-06-14T22:00:07.792+0000] {processor.py:153} INFO - Started process (PID=1005) to work on /home/airflow/.local/lib/python3.7/site-packages/airflow/example_dags/example_branch_datetime_operator.py
[2024-06-14T22:00:07.793+0000] {processor.py:743} INFO - Processing file /home/airflow/.local/lib/python3.7/site-packages/airflow/example_dags/example_branch_datetime_operator.py for tasks to queue
[2024-06-14T22:00:07.794+0000] {logging_mixin.py:137} INFO - [2024-06-14T22:00:07.794+0000] {dagbag.py:538} INFO - Filling up the DagBag from /home/airflow/.local/lib/python3.7/site-packages/airflow/example_dags/example_branch_datetime_operator.py
[2024-06-14T22:00:07.807+0000] {processor.py:753} INFO - DAG(s) dict_keys(['example_branch_datetime_operator', 'example_branch_datetime_operator_2', 'example_branch_datetime_operator_3']) retrieved from /home/airflow/.local/lib/python3.7/site-packages/airflow/example_dags/example_branch_datetime_operator.py
[2024-06-14T22:00:07.832+0000] {logging_mixin.py:137} INFO - [2024-06-14T22:00:07.832+0000] {dag.py:2690} INFO - Sync 3 DAGs
[2024-06-14T22:00:07.850+0000] {logging_mixin.py:137} INFO - [2024-06-14T22:00:07.850+0000] {dag.py:3441} INFO - Setting next_dagrun for example_branch_datetime_operator to 2024-06-13T00:00:00+00:00, run_after=2024-06-14T00:00:00+00:00
[2024-06-14T22:00:07.853+0000] {logging_mixin.py:137} INFO - [2024-06-14T22:00:07.853+0000] {dag.py:3441} INFO - Setting next_dagrun for example_branch_datetime_operator_2 to 2024-06-13T00:00:00+00:00, run_after=2024-06-14T00:00:00+00:00
[2024-06-14T22:00:07.855+0000] {logging_mixin.py:137} INFO - [2024-06-14T22:00:07.855+0000] {dag.py:3441} INFO - Setting next_dagrun for example_branch_datetime_operator_3 to 2024-06-13T00:00:00+00:00, run_after=2024-06-14T00:00:00+00:00
[2024-06-14T22:00:07.867+0000] {processor.py:175} INFO - Processing /home/airflow/.local/lib/python3.7/site-packages/airflow/example_dags/example_branch_datetime_operator.py took 0.078 seconds
[2024-06-14T22:00:38.251+0000] {processor.py:153} INFO - Started process (PID=1055) to work on /home/airflow/.local/lib/python3.7/site-packages/airflow/example_dags/example_branch_datetime_operator.py
[2024-06-14T22:00:38.252+0000] {processor.py:743} INFO - Processing file /home/airflow/.local/lib/python3.7/site-packages/airflow/example_dags/example_branch_datetime_operator.py for tasks to queue
[2024-06-14T22:00:38.253+0000] {logging_mixin.py:137} INFO - [2024-06-14T22:00:38.253+0000] {dagbag.py:538} INFO - Filling up the DagBag from /home/airflow/.local/lib/python3.7/site-packages/airflow/example_dags/example_branch_datetime_operator.py
[2024-06-14T22:00:38.266+0000] {processor.py:753} INFO - DAG(s) dict_keys(['example_branch_datetime_operator_3', 'example_branch_datetime_operator_2', 'example_branch_datetime_operator']) retrieved from /home/airflow/.local/lib/python3.7/site-packages/airflow/example_dags/example_branch_datetime_operator.py
[2024-06-14T22:00:38.292+0000] {logging_mixin.py:137} INFO - [2024-06-14T22:00:38.292+0000] {dag.py:2690} INFO - Sync 3 DAGs
[2024-06-14T22:00:38.310+0000] {logging_mixin.py:137} INFO - [2024-06-14T22:00:38.310+0000] {dag.py:3441} INFO - Setting next_dagrun for example_branch_datetime_operator to 2024-06-13T00:00:00+00:00, run_after=2024-06-14T00:00:00+00:00
[2024-06-14T22:00:38.314+0000] {logging_mixin.py:137} INFO - [2024-06-14T22:00:38.314+0000] {dag.py:3441} INFO - Setting next_dagrun for example_branch_datetime_operator_2 to 2024-06-13T00:00:00+00:00, run_after=2024-06-14T00:00:00+00:00
[2024-06-14T22:00:38.316+0000] {logging_mixin.py:137} INFO - [2024-06-14T22:00:38.316+0000] {dag.py:3441} INFO - Setting next_dagrun for example_branch_datetime_operator_3 to 2024-06-13T00:00:00+00:00, run_after=2024-06-14T00:00:00+00:00
[2024-06-14T22:00:38.327+0000] {processor.py:175} INFO - Processing /home/airflow/.local/lib/python3.7/site-packages/airflow/example_dags/example_branch_datetime_operator.py took 0.079 seconds
[2024-06-14T22:01:08.818+0000] {processor.py:153} INFO - Started process (PID=1104) to work on /home/airflow/.local/lib/python3.7/site-packages/airflow/example_dags/example_branch_datetime_operator.py
[2024-06-14T22:01:08.820+0000] {processor.py:743} INFO - Processing file /home/airflow/.local/lib/python3.7/site-packages/airflow/example_dags/example_branch_datetime_operator.py for tasks to queue
[2024-06-14T22:01:08.821+0000] {logging_mixin.py:137} INFO - [2024-06-14T22:01:08.821+0000] {dagbag.py:538} INFO - Filling up the DagBag from /home/airflow/.local/lib/python3.7/site-packages/airflow/example_dags/example_branch_datetime_operator.py
[2024-06-14T22:01:08.833+0000] {processor.py:753} INFO - DAG(s) dict_keys(['example_branch_datetime_operator', 'example_branch_datetime_operator_3', 'example_branch_datetime_operator_2']) retrieved from /home/airflow/.local/lib/python3.7/site-packages/airflow/example_dags/example_branch_datetime_operator.py
[2024-06-14T22:01:08.859+0000] {logging_mixin.py:137} INFO - [2024-06-14T22:01:08.859+0000] {dag.py:2690} INFO - Sync 3 DAGs
[2024-06-14T22:01:08.878+0000] {logging_mixin.py:137} INFO - [2024-06-14T22:01:08.878+0000] {dag.py:3441} INFO - Setting next_dagrun for example_branch_datetime_operator to 2024-06-13T00:00:00+00:00, run_after=2024-06-14T00:00:00+00:00
[2024-06-14T22:01:08.883+0000] {logging_mixin.py:137} INFO - [2024-06-14T22:01:08.882+0000] {dag.py:3441} INFO - Setting next_dagrun for example_branch_datetime_operator_2 to 2024-06-13T00:00:00+00:00, run_after=2024-06-14T00:00:00+00:00
[2024-06-14T22:01:08.884+0000] {logging_mixin.py:137} INFO - [2024-06-14T22:01:08.884+0000] {dag.py:3441} INFO - Setting next_dagrun for example_branch_datetime_operator_3 to 2024-06-13T00:00:00+00:00, run_after=2024-06-14T00:00:00+00:00
[2024-06-14T22:01:08.897+0000] {processor.py:175} INFO - Processing /home/airflow/.local/lib/python3.7/site-packages/airflow/example_dags/example_branch_datetime_operator.py took 0.082 seconds
[2024-06-14T22:01:39.269+0000] {processor.py:153} INFO - Started process (PID=1154) to work on /home/airflow/.local/lib/python3.7/site-packages/airflow/example_dags/example_branch_datetime_operator.py
[2024-06-14T22:01:39.270+0000] {processor.py:743} INFO - Processing file /home/airflow/.local/lib/python3.7/site-packages/airflow/example_dags/example_branch_datetime_operator.py for tasks to queue
[2024-06-14T22:01:39.271+0000] {logging_mixin.py:137} INFO - [2024-06-14T22:01:39.271+0000] {dagbag.py:538} INFO - Filling up the DagBag from /home/airflow/.local/lib/python3.7/site-packages/airflow/example_dags/example_branch_datetime_operator.py
[2024-06-14T22:01:39.284+0000] {processor.py:753} INFO - DAG(s) dict_keys(['example_branch_datetime_operator_2', 'example_branch_datetime_operator_3', 'example_branch_datetime_operator']) retrieved from /home/airflow/.local/lib/python3.7/site-packages/airflow/example_dags/example_branch_datetime_operator.py
[2024-06-14T22:01:39.309+0000] {logging_mixin.py:137} INFO - [2024-06-14T22:01:39.309+0000] {dag.py:2690} INFO - Sync 3 DAGs
[2024-06-14T22:01:39.328+0000] {logging_mixin.py:137} INFO - [2024-06-14T22:01:39.328+0000] {dag.py:3441} INFO - Setting next_dagrun for example_branch_datetime_operator to 2024-06-13T00:00:00+00:00, run_after=2024-06-14T00:00:00+00:00
[2024-06-14T22:01:39.333+0000] {logging_mixin.py:137} INFO - [2024-06-14T22:01:39.332+0000] {dag.py:3441} INFO - Setting next_dagrun for example_branch_datetime_operator_2 to 2024-06-13T00:00:00+00:00, run_after=2024-06-14T00:00:00+00:00
[2024-06-14T22:01:39.335+0000] {logging_mixin.py:137} INFO - [2024-06-14T22:01:39.335+0000] {dag.py:3441} INFO - Setting next_dagrun for example_branch_datetime_operator_3 to 2024-06-13T00:00:00+00:00, run_after=2024-06-14T00:00:00+00:00
[2024-06-14T22:01:39.346+0000] {processor.py:175} INFO - Processing /home/airflow/.local/lib/python3.7/site-packages/airflow/example_dags/example_branch_datetime_operator.py took 0.081 seconds
[2024-06-14T22:02:09.697+0000] {processor.py:153} INFO - Started process (PID=1204) to work on /home/airflow/.local/lib/python3.7/site-packages/airflow/example_dags/example_branch_datetime_operator.py
[2024-06-14T22:02:09.699+0000] {processor.py:743} INFO - Processing file /home/airflow/.local/lib/python3.7/site-packages/airflow/example_dags/example_branch_datetime_operator.py for tasks to queue
[2024-06-14T22:02:09.699+0000] {logging_mixin.py:137} INFO - [2024-06-14T22:02:09.699+0000] {dagbag.py:538} INFO - Filling up the DagBag from /home/airflow/.local/lib/python3.7/site-packages/airflow/example_dags/example_branch_datetime_operator.py
[2024-06-14T22:02:09.712+0000] {processor.py:753} INFO - DAG(s) dict_keys(['example_branch_datetime_operator_3', 'example_branch_datetime_operator', 'example_branch_datetime_operator_2']) retrieved from /home/airflow/.local/lib/python3.7/site-packages/airflow/example_dags/example_branch_datetime_operator.py
[2024-06-14T22:02:09.739+0000] {logging_mixin.py:137} INFO - [2024-06-14T22:02:09.739+0000] {dag.py:2690} INFO - Sync 3 DAGs
[2024-06-14T22:02:09.758+0000] {logging_mixin.py:137} INFO - [2024-06-14T22:02:09.757+0000] {dag.py:3441} INFO - Setting next_dagrun for example_branch_datetime_operator to 2024-06-13T00:00:00+00:00, run_after=2024-06-14T00:00:00+00:00
[2024-06-14T22:02:09.761+0000] {logging_mixin.py:137} INFO - [2024-06-14T22:02:09.761+0000] {dag.py:3441} INFO - Setting next_dagrun for example_branch_datetime_operator_2 to 2024-06-13T00:00:00+00:00, run_after=2024-06-14T00:00:00+00:00
[2024-06-14T22:02:09.763+0000] {logging_mixin.py:137} INFO - [2024-06-14T22:02:09.763+0000] {dag.py:3441} INFO - Setting next_dagrun for example_branch_datetime_operator_3 to 2024-06-13T00:00:00+00:00, run_after=2024-06-14T00:00:00+00:00
[2024-06-14T22:02:09.774+0000] {processor.py:175} INFO - Processing /home/airflow/.local/lib/python3.7/site-packages/airflow/example_dags/example_branch_datetime_operator.py took 0.080 seconds
[2024-06-14T22:02:40.423+0000] {processor.py:153} INFO - Started process (PID=1254) to work on /home/airflow/.local/lib/python3.7/site-packages/airflow/example_dags/example_branch_datetime_operator.py
[2024-06-14T22:02:40.424+0000] {processor.py:743} INFO - Processing file /home/airflow/.local/lib/python3.7/site-packages/airflow/example_dags/example_branch_datetime_operator.py for tasks to queue
[2024-06-14T22:02:40.425+0000] {logging_mixin.py:137} INFO - [2024-06-14T22:02:40.425+0000] {dagbag.py:538} INFO - Filling up the DagBag from /home/airflow/.local/lib/python3.7/site-packages/airflow/example_dags/example_branch_datetime_operator.py
[2024-06-14T22:02:40.438+0000] {processor.py:753} INFO - DAG(s) dict_keys(['example_branch_datetime_operator', 'example_branch_datetime_operator_3', 'example_branch_datetime_operator_2']) retrieved from /home/airflow/.local/lib/python3.7/site-packages/airflow/example_dags/example_branch_datetime_operator.py
[2024-06-14T22:02:40.464+0000] {logging_mixin.py:137} INFO - [2024-06-14T22:02:40.464+0000] {dag.py:2690} INFO - Sync 3 DAGs
[2024-06-14T22:02:40.482+0000] {logging_mixin.py:137} INFO - [2024-06-14T22:02:40.482+0000] {dag.py:3441} INFO - Setting next_dagrun for example_branch_datetime_operator to 2024-06-13T00:00:00+00:00, run_after=2024-06-14T00:00:00+00:00
[2024-06-14T22:02:40.486+0000] {logging_mixin.py:137} INFO - [2024-06-14T22:02:40.486+0000] {dag.py:3441} INFO - Setting next_dagrun for example_branch_datetime_operator_2 to 2024-06-13T00:00:00+00:00, run_after=2024-06-14T00:00:00+00:00
[2024-06-14T22:02:40.489+0000] {logging_mixin.py:137} INFO - [2024-06-14T22:02:40.489+0000] {dag.py:3441} INFO - Setting next_dagrun for example_branch_datetime_operator_3 to 2024-06-13T00:00:00+00:00, run_after=2024-06-14T00:00:00+00:00
[2024-06-14T22:02:40.501+0000] {processor.py:175} INFO - Processing /home/airflow/.local/lib/python3.7/site-packages/airflow/example_dags/example_branch_datetime_operator.py took 0.081 seconds
[2024-06-14T22:03:11.031+0000] {processor.py:153} INFO - Started process (PID=1304) to work on /home/airflow/.local/lib/python3.7/site-packages/airflow/example_dags/example_branch_datetime_operator.py
[2024-06-14T22:03:11.033+0000] {processor.py:743} INFO - Processing file /home/airflow/.local/lib/python3.7/site-packages/airflow/example_dags/example_branch_datetime_operator.py for tasks to queue
[2024-06-14T22:03:11.034+0000] {logging_mixin.py:137} INFO - [2024-06-14T22:03:11.034+0000] {dagbag.py:538} INFO - Filling up the DagBag from /home/airflow/.local/lib/python3.7/site-packages/airflow/example_dags/example_branch_datetime_operator.py
[2024-06-14T22:03:11.047+0000] {processor.py:753} INFO - DAG(s) dict_keys(['example_branch_datetime_operator', 'example_branch_datetime_operator_3', 'example_branch_datetime_operator_2']) retrieved from /home/airflow/.local/lib/python3.7/site-packages/airflow/example_dags/example_branch_datetime_operator.py
[2024-06-14T22:03:11.073+0000] {logging_mixin.py:137} INFO - [2024-06-14T22:03:11.073+0000] {dag.py:2690} INFO - Sync 3 DAGs
[2024-06-14T22:03:11.096+0000] {logging_mixin.py:137} INFO - [2024-06-14T22:03:11.095+0000] {dag.py:3441} INFO - Setting next_dagrun for example_branch_datetime_operator to 2024-06-13T00:00:00+00:00, run_after=2024-06-14T00:00:00+00:00
[2024-06-14T22:03:11.100+0000] {logging_mixin.py:137} INFO - [2024-06-14T22:03:11.100+0000] {dag.py:3441} INFO - Setting next_dagrun for example_branch_datetime_operator_2 to 2024-06-13T00:00:00+00:00, run_after=2024-06-14T00:00:00+00:00
[2024-06-14T22:03:11.103+0000] {logging_mixin.py:137} INFO - [2024-06-14T22:03:11.103+0000] {dag.py:3441} INFO - Setting next_dagrun for example_branch_datetime_operator_3 to 2024-06-13T00:00:00+00:00, run_after=2024-06-14T00:00:00+00:00
[2024-06-14T22:03:11.115+0000] {processor.py:175} INFO - Processing /home/airflow/.local/lib/python3.7/site-packages/airflow/example_dags/example_branch_datetime_operator.py took 0.087 seconds
[2024-06-14T22:03:41.491+0000] {processor.py:153} INFO - Started process (PID=1354) to work on /home/airflow/.local/lib/python3.7/site-packages/airflow/example_dags/example_branch_datetime_operator.py
[2024-06-14T22:03:41.492+0000] {processor.py:743} INFO - Processing file /home/airflow/.local/lib/python3.7/site-packages/airflow/example_dags/example_branch_datetime_operator.py for tasks to queue
[2024-06-14T22:03:41.493+0000] {logging_mixin.py:137} INFO - [2024-06-14T22:03:41.493+0000] {dagbag.py:538} INFO - Filling up the DagBag from /home/airflow/.local/lib/python3.7/site-packages/airflow/example_dags/example_branch_datetime_operator.py
[2024-06-14T22:03:41.506+0000] {processor.py:753} INFO - DAG(s) dict_keys(['example_branch_datetime_operator_3', 'example_branch_datetime_operator', 'example_branch_datetime_operator_2']) retrieved from /home/airflow/.local/lib/python3.7/site-packages/airflow/example_dags/example_branch_datetime_operator.py
[2024-06-14T22:03:41.532+0000] {logging_mixin.py:137} INFO - [2024-06-14T22:03:41.532+0000] {dag.py:2690} INFO - Sync 3 DAGs
[2024-06-14T22:03:41.551+0000] {logging_mixin.py:137} INFO - [2024-06-14T22:03:41.551+0000] {dag.py:3441} INFO - Setting next_dagrun for example_branch_datetime_operator to 2024-06-13T00:00:00+00:00, run_after=2024-06-14T00:00:00+00:00
[2024-06-14T22:03:41.556+0000] {logging_mixin.py:137} INFO - [2024-06-14T22:03:41.556+0000] {dag.py:3441} INFO - Setting next_dagrun for example_branch_datetime_operator_2 to 2024-06-13T00:00:00+00:00, run_after=2024-06-14T00:00:00+00:00
[2024-06-14T22:03:41.561+0000] {logging_mixin.py:137} INFO - [2024-06-14T22:03:41.560+0000] {dag.py:3441} INFO - Setting next_dagrun for example_branch_datetime_operator_3 to 2024-06-13T00:00:00+00:00, run_after=2024-06-14T00:00:00+00:00
[2024-06-14T22:03:41.576+0000] {processor.py:175} INFO - Processing /home/airflow/.local/lib/python3.7/site-packages/airflow/example_dags/example_branch_datetime_operator.py took 0.088 seconds
[2024-06-14T22:04:11.904+0000] {processor.py:153} INFO - Started process (PID=1404) to work on /home/airflow/.local/lib/python3.7/site-packages/airflow/example_dags/example_branch_datetime_operator.py
[2024-06-14T22:04:11.905+0000] {processor.py:743} INFO - Processing file /home/airflow/.local/lib/python3.7/site-packages/airflow/example_dags/example_branch_datetime_operator.py for tasks to queue
[2024-06-14T22:04:11.906+0000] {logging_mixin.py:137} INFO - [2024-06-14T22:04:11.906+0000] {dagbag.py:538} INFO - Filling up the DagBag from /home/airflow/.local/lib/python3.7/site-packages/airflow/example_dags/example_branch_datetime_operator.py
[2024-06-14T22:04:11.919+0000] {processor.py:753} INFO - DAG(s) dict_keys(['example_branch_datetime_operator_3', 'example_branch_datetime_operator_2', 'example_branch_datetime_operator']) retrieved from /home/airflow/.local/lib/python3.7/site-packages/airflow/example_dags/example_branch_datetime_operator.py
[2024-06-14T22:04:11.944+0000] {logging_mixin.py:137} INFO - [2024-06-14T22:04:11.944+0000] {dag.py:2690} INFO - Sync 3 DAGs
[2024-06-14T22:04:11.962+0000] {logging_mixin.py:137} INFO - [2024-06-14T22:04:11.962+0000] {dag.py:3441} INFO - Setting next_dagrun for example_branch_datetime_operator to 2024-06-13T00:00:00+00:00, run_after=2024-06-14T00:00:00+00:00
[2024-06-14T22:04:11.966+0000] {logging_mixin.py:137} INFO - [2024-06-14T22:04:11.966+0000] {dag.py:3441} INFO - Setting next_dagrun for example_branch_datetime_operator_2 to 2024-06-13T00:00:00+00:00, run_after=2024-06-14T00:00:00+00:00
[2024-06-14T22:04:11.967+0000] {logging_mixin.py:137} INFO - [2024-06-14T22:04:11.967+0000] {dag.py:3441} INFO - Setting next_dagrun for example_branch_datetime_operator_3 to 2024-06-13T00:00:00+00:00, run_after=2024-06-14T00:00:00+00:00
[2024-06-14T22:04:11.978+0000] {processor.py:175} INFO - Processing /home/airflow/.local/lib/python3.7/site-packages/airflow/example_dags/example_branch_datetime_operator.py took 0.077 seconds
[2024-06-14T22:04:42.672+0000] {processor.py:153} INFO - Started process (PID=1453) to work on /home/airflow/.local/lib/python3.7/site-packages/airflow/example_dags/example_branch_datetime_operator.py
[2024-06-14T22:04:42.673+0000] {processor.py:743} INFO - Processing file /home/airflow/.local/lib/python3.7/site-packages/airflow/example_dags/example_branch_datetime_operator.py for tasks to queue
[2024-06-14T22:04:42.674+0000] {logging_mixin.py:137} INFO - [2024-06-14T22:04:42.674+0000] {dagbag.py:538} INFO - Filling up the DagBag from /home/airflow/.local/lib/python3.7/site-packages/airflow/example_dags/example_branch_datetime_operator.py
[2024-06-14T22:04:42.686+0000] {processor.py:753} INFO - DAG(s) dict_keys(['example_branch_datetime_operator_3', 'example_branch_datetime_operator_2', 'example_branch_datetime_operator']) retrieved from /home/airflow/.local/lib/python3.7/site-packages/airflow/example_dags/example_branch_datetime_operator.py
[2024-06-14T22:04:42.713+0000] {logging_mixin.py:137} INFO - [2024-06-14T22:04:42.713+0000] {dag.py:2690} INFO - Sync 3 DAGs
[2024-06-14T22:04:42.730+0000] {logging_mixin.py:137} INFO - [2024-06-14T22:04:42.730+0000] {dag.py:3441} INFO - Setting next_dagrun for example_branch_datetime_operator to 2024-06-13T00:00:00+00:00, run_after=2024-06-14T00:00:00+00:00
[2024-06-14T22:04:42.734+0000] {logging_mixin.py:137} INFO - [2024-06-14T22:04:42.734+0000] {dag.py:3441} INFO - Setting next_dagrun for example_branch_datetime_operator_2 to 2024-06-13T00:00:00+00:00, run_after=2024-06-14T00:00:00+00:00
[2024-06-14T22:04:42.736+0000] {logging_mixin.py:137} INFO - [2024-06-14T22:04:42.736+0000] {dag.py:3441} INFO - Setting next_dagrun for example_branch_datetime_operator_3 to 2024-06-13T00:00:00+00:00, run_after=2024-06-14T00:00:00+00:00
[2024-06-14T22:04:42.747+0000] {processor.py:175} INFO - Processing /home/airflow/.local/lib/python3.7/site-packages/airflow/example_dags/example_branch_datetime_operator.py took 0.078 seconds
[2024-06-14T22:05:13.114+0000] {processor.py:153} INFO - Started process (PID=1502) to work on /home/airflow/.local/lib/python3.7/site-packages/airflow/example_dags/example_branch_datetime_operator.py
[2024-06-14T22:05:13.116+0000] {processor.py:743} INFO - Processing file /home/airflow/.local/lib/python3.7/site-packages/airflow/example_dags/example_branch_datetime_operator.py for tasks to queue
[2024-06-14T22:05:13.117+0000] {logging_mixin.py:137} INFO - [2024-06-14T22:05:13.117+0000] {dagbag.py:538} INFO - Filling up the DagBag from /home/airflow/.local/lib/python3.7/site-packages/airflow/example_dags/example_branch_datetime_operator.py
[2024-06-14T22:05:13.130+0000] {processor.py:753} INFO - DAG(s) dict_keys(['example_branch_datetime_operator_3', 'example_branch_datetime_operator', 'example_branch_datetime_operator_2']) retrieved from /home/airflow/.local/lib/python3.7/site-packages/airflow/example_dags/example_branch_datetime_operator.py
[2024-06-14T22:05:13.156+0000] {logging_mixin.py:137} INFO - [2024-06-14T22:05:13.155+0000] {dag.py:2690} INFO - Sync 3 DAGs
[2024-06-14T22:05:13.176+0000] {logging_mixin.py:137} INFO - [2024-06-14T22:05:13.176+0000] {dag.py:3441} INFO - Setting next_dagrun for example_branch_datetime_operator to 2024-06-13T00:00:00+00:00, run_after=2024-06-14T00:00:00+00:00
[2024-06-14T22:05:13.179+0000] {logging_mixin.py:137} INFO - [2024-06-14T22:05:13.179+0000] {dag.py:3441} INFO - Setting next_dagrun for example_branch_datetime_operator_2 to 2024-06-13T00:00:00+00:00, run_after=2024-06-14T00:00:00+00:00
[2024-06-14T22:05:13.181+0000] {logging_mixin.py:137} INFO - [2024-06-14T22:05:13.181+0000] {dag.py:3441} INFO - Setting next_dagrun for example_branch_datetime_operator_3 to 2024-06-13T00:00:00+00:00, run_after=2024-06-14T00:00:00+00:00
[2024-06-14T22:05:13.194+0000] {processor.py:175} INFO - Processing /home/airflow/.local/lib/python3.7/site-packages/airflow/example_dags/example_branch_datetime_operator.py took 0.083 seconds
[2024-06-14T22:05:43.771+0000] {processor.py:153} INFO - Started process (PID=1552) to work on /home/airflow/.local/lib/python3.7/site-packages/airflow/example_dags/example_branch_datetime_operator.py
[2024-06-14T22:05:43.773+0000] {processor.py:743} INFO - Processing file /home/airflow/.local/lib/python3.7/site-packages/airflow/example_dags/example_branch_datetime_operator.py for tasks to queue
[2024-06-14T22:05:43.774+0000] {logging_mixin.py:137} INFO - [2024-06-14T22:05:43.773+0000] {dagbag.py:538} INFO - Filling up the DagBag from /home/airflow/.local/lib/python3.7/site-packages/airflow/example_dags/example_branch_datetime_operator.py
[2024-06-14T22:05:43.790+0000] {processor.py:753} INFO - DAG(s) dict_keys(['example_branch_datetime_operator_3', 'example_branch_datetime_operator_2', 'example_branch_datetime_operator']) retrieved from /home/airflow/.local/lib/python3.7/site-packages/airflow/example_dags/example_branch_datetime_operator.py
[2024-06-14T22:05:43.824+0000] {logging_mixin.py:137} INFO - [2024-06-14T22:05:43.823+0000] {dag.py:2690} INFO - Sync 3 DAGs
[2024-06-14T22:05:43.849+0000] {logging_mixin.py:137} INFO - [2024-06-14T22:05:43.849+0000] {dag.py:3441} INFO - Setting next_dagrun for example_branch_datetime_operator to 2024-06-13T00:00:00+00:00, run_after=2024-06-14T00:00:00+00:00
[2024-06-14T22:05:43.854+0000] {logging_mixin.py:137} INFO - [2024-06-14T22:05:43.853+0000] {dag.py:3441} INFO - Setting next_dagrun for example_branch_datetime_operator_2 to 2024-06-13T00:00:00+00:00, run_after=2024-06-14T00:00:00+00:00
[2024-06-14T22:05:43.856+0000] {logging_mixin.py:137} INFO - [2024-06-14T22:05:43.856+0000] {dag.py:3441} INFO - Setting next_dagrun for example_branch_datetime_operator_3 to 2024-06-13T00:00:00+00:00, run_after=2024-06-14T00:00:00+00:00
[2024-06-14T22:05:43.872+0000] {processor.py:175} INFO - Processing /home/airflow/.local/lib/python3.7/site-packages/airflow/example_dags/example_branch_datetime_operator.py took 0.106 seconds
[2024-06-14T22:06:14.351+0000] {processor.py:153} INFO - Started process (PID=1602) to work on /home/airflow/.local/lib/python3.7/site-packages/airflow/example_dags/example_branch_datetime_operator.py
[2024-06-14T22:06:14.353+0000] {processor.py:743} INFO - Processing file /home/airflow/.local/lib/python3.7/site-packages/airflow/example_dags/example_branch_datetime_operator.py for tasks to queue
[2024-06-14T22:06:14.354+0000] {logging_mixin.py:137} INFO - [2024-06-14T22:06:14.354+0000] {dagbag.py:538} INFO - Filling up the DagBag from /home/airflow/.local/lib/python3.7/site-packages/airflow/example_dags/example_branch_datetime_operator.py
[2024-06-14T22:06:14.368+0000] {processor.py:753} INFO - DAG(s) dict_keys(['example_branch_datetime_operator_2', 'example_branch_datetime_operator', 'example_branch_datetime_operator_3']) retrieved from /home/airflow/.local/lib/python3.7/site-packages/airflow/example_dags/example_branch_datetime_operator.py
[2024-06-14T22:06:14.396+0000] {logging_mixin.py:137} INFO - [2024-06-14T22:06:14.396+0000] {dag.py:2690} INFO - Sync 3 DAGs
[2024-06-14T22:06:14.417+0000] {logging_mixin.py:137} INFO - [2024-06-14T22:06:14.416+0000] {dag.py:3441} INFO - Setting next_dagrun for example_branch_datetime_operator to 2024-06-13T00:00:00+00:00, run_after=2024-06-14T00:00:00+00:00
[2024-06-14T22:06:14.421+0000] {logging_mixin.py:137} INFO - [2024-06-14T22:06:14.421+0000] {dag.py:3441} INFO - Setting next_dagrun for example_branch_datetime_operator_2 to 2024-06-13T00:00:00+00:00, run_after=2024-06-14T00:00:00+00:00
[2024-06-14T22:06:14.423+0000] {logging_mixin.py:137} INFO - [2024-06-14T22:06:14.423+0000] {dag.py:3441} INFO - Setting next_dagrun for example_branch_datetime_operator_3 to 2024-06-13T00:00:00+00:00, run_after=2024-06-14T00:00:00+00:00
[2024-06-14T22:06:14.437+0000] {processor.py:175} INFO - Processing /home/airflow/.local/lib/python3.7/site-packages/airflow/example_dags/example_branch_datetime_operator.py took 0.089 seconds
[2024-06-14T22:06:44.962+0000] {processor.py:153} INFO - Started process (PID=1652) to work on /home/airflow/.local/lib/python3.7/site-packages/airflow/example_dags/example_branch_datetime_operator.py
[2024-06-14T22:06:44.963+0000] {processor.py:743} INFO - Processing file /home/airflow/.local/lib/python3.7/site-packages/airflow/example_dags/example_branch_datetime_operator.py for tasks to queue
[2024-06-14T22:06:44.964+0000] {logging_mixin.py:137} INFO - [2024-06-14T22:06:44.964+0000] {dagbag.py:538} INFO - Filling up the DagBag from /home/airflow/.local/lib/python3.7/site-packages/airflow/example_dags/example_branch_datetime_operator.py
[2024-06-14T22:06:44.979+0000] {processor.py:753} INFO - DAG(s) dict_keys(['example_branch_datetime_operator', 'example_branch_datetime_operator_2', 'example_branch_datetime_operator_3']) retrieved from /home/airflow/.local/lib/python3.7/site-packages/airflow/example_dags/example_branch_datetime_operator.py
[2024-06-14T22:06:45.005+0000] {logging_mixin.py:137} INFO - [2024-06-14T22:06:45.005+0000] {dag.py:2690} INFO - Sync 3 DAGs
[2024-06-14T22:06:45.023+0000] {logging_mixin.py:137} INFO - [2024-06-14T22:06:45.023+0000] {dag.py:3441} INFO - Setting next_dagrun for example_branch_datetime_operator to 2024-06-13T00:00:00+00:00, run_after=2024-06-14T00:00:00+00:00
[2024-06-14T22:06:45.027+0000] {logging_mixin.py:137} INFO - [2024-06-14T22:06:45.027+0000] {dag.py:3441} INFO - Setting next_dagrun for example_branch_datetime_operator_2 to 2024-06-13T00:00:00+00:00, run_after=2024-06-14T00:00:00+00:00
[2024-06-14T22:06:45.029+0000] {logging_mixin.py:137} INFO - [2024-06-14T22:06:45.029+0000] {dag.py:3441} INFO - Setting next_dagrun for example_branch_datetime_operator_3 to 2024-06-13T00:00:00+00:00, run_after=2024-06-14T00:00:00+00:00
[2024-06-14T22:06:45.040+0000] {processor.py:175} INFO - Processing /home/airflow/.local/lib/python3.7/site-packages/airflow/example_dags/example_branch_datetime_operator.py took 0.081 seconds
[2024-06-14T22:07:15.430+0000] {processor.py:153} INFO - Started process (PID=1702) to work on /home/airflow/.local/lib/python3.7/site-packages/airflow/example_dags/example_branch_datetime_operator.py
[2024-06-14T22:07:15.432+0000] {processor.py:743} INFO - Processing file /home/airflow/.local/lib/python3.7/site-packages/airflow/example_dags/example_branch_datetime_operator.py for tasks to queue
[2024-06-14T22:07:15.433+0000] {logging_mixin.py:137} INFO - [2024-06-14T22:07:15.433+0000] {dagbag.py:538} INFO - Filling up the DagBag from /home/airflow/.local/lib/python3.7/site-packages/airflow/example_dags/example_branch_datetime_operator.py
[2024-06-14T22:07:15.447+0000] {processor.py:753} INFO - DAG(s) dict_keys(['example_branch_datetime_operator_3', 'example_branch_datetime_operator_2', 'example_branch_datetime_operator']) retrieved from /home/airflow/.local/lib/python3.7/site-packages/airflow/example_dags/example_branch_datetime_operator.py
[2024-06-14T22:07:15.477+0000] {logging_mixin.py:137} INFO - [2024-06-14T22:07:15.477+0000] {dag.py:2690} INFO - Sync 3 DAGs
[2024-06-14T22:07:15.497+0000] {logging_mixin.py:137} INFO - [2024-06-14T22:07:15.496+0000] {dag.py:3441} INFO - Setting next_dagrun for example_branch_datetime_operator to 2024-06-13T00:00:00+00:00, run_after=2024-06-14T00:00:00+00:00
[2024-06-14T22:07:15.501+0000] {logging_mixin.py:137} INFO - [2024-06-14T22:07:15.501+0000] {dag.py:3441} INFO - Setting next_dagrun for example_branch_datetime_operator_2 to 2024-06-13T00:00:00+00:00, run_after=2024-06-14T00:00:00+00:00
[2024-06-14T22:07:15.503+0000] {logging_mixin.py:137} INFO - [2024-06-14T22:07:15.502+0000] {dag.py:3441} INFO - Setting next_dagrun for example_branch_datetime_operator_3 to 2024-06-13T00:00:00+00:00, run_after=2024-06-14T00:00:00+00:00
[2024-06-14T22:07:15.516+0000] {processor.py:175} INFO - Processing /home/airflow/.local/lib/python3.7/site-packages/airflow/example_dags/example_branch_datetime_operator.py took 0.089 seconds
[2024-06-14T22:07:46.039+0000] {processor.py:153} INFO - Started process (PID=1752) to work on /home/airflow/.local/lib/python3.7/site-packages/airflow/example_dags/example_branch_datetime_operator.py
[2024-06-14T22:07:46.040+0000] {processor.py:743} INFO - Processing file /home/airflow/.local/lib/python3.7/site-packages/airflow/example_dags/example_branch_datetime_operator.py for tasks to queue
[2024-06-14T22:07:46.041+0000] {logging_mixin.py:137} INFO - [2024-06-14T22:07:46.041+0000] {dagbag.py:538} INFO - Filling up the DagBag from /home/airflow/.local/lib/python3.7/site-packages/airflow/example_dags/example_branch_datetime_operator.py
[2024-06-14T22:07:46.053+0000] {processor.py:753} INFO - DAG(s) dict_keys(['example_branch_datetime_operator_3', 'example_branch_datetime_operator_2', 'example_branch_datetime_operator']) retrieved from /home/airflow/.local/lib/python3.7/site-packages/airflow/example_dags/example_branch_datetime_operator.py
[2024-06-14T22:07:46.079+0000] {logging_mixin.py:137} INFO - [2024-06-14T22:07:46.078+0000] {dag.py:2690} INFO - Sync 3 DAGs
[2024-06-14T22:07:46.096+0000] {logging_mixin.py:137} INFO - [2024-06-14T22:07:46.096+0000] {dag.py:3441} INFO - Setting next_dagrun for example_branch_datetime_operator to 2024-06-13T00:00:00+00:00, run_after=2024-06-14T00:00:00+00:00
[2024-06-14T22:07:46.100+0000] {logging_mixin.py:137} INFO - [2024-06-14T22:07:46.100+0000] {dag.py:3441} INFO - Setting next_dagrun for example_branch_datetime_operator_2 to 2024-06-13T00:00:00+00:00, run_after=2024-06-14T00:00:00+00:00
[2024-06-14T22:07:46.103+0000] {logging_mixin.py:137} INFO - [2024-06-14T22:07:46.103+0000] {dag.py:3441} INFO - Setting next_dagrun for example_branch_datetime_operator_3 to 2024-06-13T00:00:00+00:00, run_after=2024-06-14T00:00:00+00:00
[2024-06-14T22:07:46.114+0000] {processor.py:175} INFO - Processing /home/airflow/.local/lib/python3.7/site-packages/airflow/example_dags/example_branch_datetime_operator.py took 0.079 seconds
[2024-06-14T22:08:16.584+0000] {processor.py:153} INFO - Started process (PID=1802) to work on /home/airflow/.local/lib/python3.7/site-packages/airflow/example_dags/example_branch_datetime_operator.py
[2024-06-14T22:08:16.585+0000] {processor.py:743} INFO - Processing file /home/airflow/.local/lib/python3.7/site-packages/airflow/example_dags/example_branch_datetime_operator.py for tasks to queue
[2024-06-14T22:08:16.586+0000] {logging_mixin.py:137} INFO - [2024-06-14T22:08:16.586+0000] {dagbag.py:538} INFO - Filling up the DagBag from /home/airflow/.local/lib/python3.7/site-packages/airflow/example_dags/example_branch_datetime_operator.py
[2024-06-14T22:08:16.599+0000] {processor.py:753} INFO - DAG(s) dict_keys(['example_branch_datetime_operator_2', 'example_branch_datetime_operator', 'example_branch_datetime_operator_3']) retrieved from /home/airflow/.local/lib/python3.7/site-packages/airflow/example_dags/example_branch_datetime_operator.py
[2024-06-14T22:08:16.623+0000] {logging_mixin.py:137} INFO - [2024-06-14T22:08:16.623+0000] {dag.py:2690} INFO - Sync 3 DAGs
[2024-06-14T22:08:16.643+0000] {logging_mixin.py:137} INFO - [2024-06-14T22:08:16.643+0000] {dag.py:3441} INFO - Setting next_dagrun for example_branch_datetime_operator to 2024-06-13T00:00:00+00:00, run_after=2024-06-14T00:00:00+00:00
[2024-06-14T22:08:16.646+0000] {logging_mixin.py:137} INFO - [2024-06-14T22:08:16.646+0000] {dag.py:3441} INFO - Setting next_dagrun for example_branch_datetime_operator_2 to 2024-06-13T00:00:00+00:00, run_after=2024-06-14T00:00:00+00:00
[2024-06-14T22:08:16.653+0000] {logging_mixin.py:137} INFO - [2024-06-14T22:08:16.653+0000] {dag.py:3441} INFO - Setting next_dagrun for example_branch_datetime_operator_3 to 2024-06-13T00:00:00+00:00, run_after=2024-06-14T00:00:00+00:00
[2024-06-14T22:08:16.665+0000] {processor.py:175} INFO - Processing /home/airflow/.local/lib/python3.7/site-packages/airflow/example_dags/example_branch_datetime_operator.py took 0.084 seconds
[2024-06-14T22:08:47.303+0000] {processor.py:153} INFO - Started process (PID=1852) to work on /home/airflow/.local/lib/python3.7/site-packages/airflow/example_dags/example_branch_datetime_operator.py
[2024-06-14T22:08:47.304+0000] {processor.py:743} INFO - Processing file /home/airflow/.local/lib/python3.7/site-packages/airflow/example_dags/example_branch_datetime_operator.py for tasks to queue
[2024-06-14T22:08:47.305+0000] {logging_mixin.py:137} INFO - [2024-06-14T22:08:47.305+0000] {dagbag.py:538} INFO - Filling up the DagBag from /home/airflow/.local/lib/python3.7/site-packages/airflow/example_dags/example_branch_datetime_operator.py
[2024-06-14T22:08:47.318+0000] {processor.py:753} INFO - DAG(s) dict_keys(['example_branch_datetime_operator_2', 'example_branch_datetime_operator_3', 'example_branch_datetime_operator']) retrieved from /home/airflow/.local/lib/python3.7/site-packages/airflow/example_dags/example_branch_datetime_operator.py
[2024-06-14T22:08:47.343+0000] {logging_mixin.py:137} INFO - [2024-06-14T22:08:47.342+0000] {dag.py:2690} INFO - Sync 3 DAGs
[2024-06-14T22:08:47.361+0000] {logging_mixin.py:137} INFO - [2024-06-14T22:08:47.361+0000] {dag.py:3441} INFO - Setting next_dagrun for example_branch_datetime_operator to 2024-06-13T00:00:00+00:00, run_after=2024-06-14T00:00:00+00:00
[2024-06-14T22:08:47.365+0000] {logging_mixin.py:137} INFO - [2024-06-14T22:08:47.365+0000] {dag.py:3441} INFO - Setting next_dagrun for example_branch_datetime_operator_2 to 2024-06-13T00:00:00+00:00, run_after=2024-06-14T00:00:00+00:00
[2024-06-14T22:08:47.367+0000] {logging_mixin.py:137} INFO - [2024-06-14T22:08:47.367+0000] {dag.py:3441} INFO - Setting next_dagrun for example_branch_datetime_operator_3 to 2024-06-13T00:00:00+00:00, run_after=2024-06-14T00:00:00+00:00
[2024-06-14T22:08:47.378+0000] {processor.py:175} INFO - Processing /home/airflow/.local/lib/python3.7/site-packages/airflow/example_dags/example_branch_datetime_operator.py took 0.078 seconds
[2024-06-14T22:09:17.856+0000] {processor.py:153} INFO - Started process (PID=1902) to work on /home/airflow/.local/lib/python3.7/site-packages/airflow/example_dags/example_branch_datetime_operator.py
[2024-06-14T22:09:17.857+0000] {processor.py:743} INFO - Processing file /home/airflow/.local/lib/python3.7/site-packages/airflow/example_dags/example_branch_datetime_operator.py for tasks to queue
[2024-06-14T22:09:17.858+0000] {logging_mixin.py:137} INFO - [2024-06-14T22:09:17.858+0000] {dagbag.py:538} INFO - Filling up the DagBag from /home/airflow/.local/lib/python3.7/site-packages/airflow/example_dags/example_branch_datetime_operator.py
[2024-06-14T22:09:17.871+0000] {processor.py:753} INFO - DAG(s) dict_keys(['example_branch_datetime_operator_2', 'example_branch_datetime_operator_3', 'example_branch_datetime_operator']) retrieved from /home/airflow/.local/lib/python3.7/site-packages/airflow/example_dags/example_branch_datetime_operator.py
[2024-06-14T22:09:17.897+0000] {logging_mixin.py:137} INFO - [2024-06-14T22:09:17.897+0000] {dag.py:2690} INFO - Sync 3 DAGs
[2024-06-14T22:09:17.916+0000] {logging_mixin.py:137} INFO - [2024-06-14T22:09:17.916+0000] {dag.py:3441} INFO - Setting next_dagrun for example_branch_datetime_operator to 2024-06-13T00:00:00+00:00, run_after=2024-06-14T00:00:00+00:00
[2024-06-14T22:09:17.920+0000] {logging_mixin.py:137} INFO - [2024-06-14T22:09:17.920+0000] {dag.py:3441} INFO - Setting next_dagrun for example_branch_datetime_operator_2 to 2024-06-13T00:00:00+00:00, run_after=2024-06-14T00:00:00+00:00
[2024-06-14T22:09:17.922+0000] {logging_mixin.py:137} INFO - [2024-06-14T22:09:17.922+0000] {dag.py:3441} INFO - Setting next_dagrun for example_branch_datetime_operator_3 to 2024-06-13T00:00:00+00:00, run_after=2024-06-14T00:00:00+00:00
[2024-06-14T22:09:17.933+0000] {processor.py:175} INFO - Processing /home/airflow/.local/lib/python3.7/site-packages/airflow/example_dags/example_branch_datetime_operator.py took 0.081 seconds
[2024-06-14T22:09:48.322+0000] {processor.py:153} INFO - Started process (PID=1952) to work on /home/airflow/.local/lib/python3.7/site-packages/airflow/example_dags/example_branch_datetime_operator.py
[2024-06-14T22:09:48.323+0000] {processor.py:743} INFO - Processing file /home/airflow/.local/lib/python3.7/site-packages/airflow/example_dags/example_branch_datetime_operator.py for tasks to queue
[2024-06-14T22:09:48.324+0000] {logging_mixin.py:137} INFO - [2024-06-14T22:09:48.324+0000] {dagbag.py:538} INFO - Filling up the DagBag from /home/airflow/.local/lib/python3.7/site-packages/airflow/example_dags/example_branch_datetime_operator.py
[2024-06-14T22:09:48.337+0000] {processor.py:753} INFO - DAG(s) dict_keys(['example_branch_datetime_operator', 'example_branch_datetime_operator_3', 'example_branch_datetime_operator_2']) retrieved from /home/airflow/.local/lib/python3.7/site-packages/airflow/example_dags/example_branch_datetime_operator.py
[2024-06-14T22:09:48.363+0000] {logging_mixin.py:137} INFO - [2024-06-14T22:09:48.363+0000] {dag.py:2690} INFO - Sync 3 DAGs
[2024-06-14T22:09:48.383+0000] {logging_mixin.py:137} INFO - [2024-06-14T22:09:48.383+0000] {dag.py:3441} INFO - Setting next_dagrun for example_branch_datetime_operator to 2024-06-13T00:00:00+00:00, run_after=2024-06-14T00:00:00+00:00
[2024-06-14T22:09:48.387+0000] {logging_mixin.py:137} INFO - [2024-06-14T22:09:48.387+0000] {dag.py:3441} INFO - Setting next_dagrun for example_branch_datetime_operator_2 to 2024-06-13T00:00:00+00:00, run_after=2024-06-14T00:00:00+00:00
[2024-06-14T22:09:48.389+0000] {logging_mixin.py:137} INFO - [2024-06-14T22:09:48.389+0000] {dag.py:3441} INFO - Setting next_dagrun for example_branch_datetime_operator_3 to 2024-06-13T00:00:00+00:00, run_after=2024-06-14T00:00:00+00:00
[2024-06-14T22:09:48.402+0000] {processor.py:175} INFO - Processing /home/airflow/.local/lib/python3.7/site-packages/airflow/example_dags/example_branch_datetime_operator.py took 0.084 seconds
[2024-06-14T22:10:18.801+0000] {processor.py:153} INFO - Started process (PID=2002) to work on /home/airflow/.local/lib/python3.7/site-packages/airflow/example_dags/example_branch_datetime_operator.py
[2024-06-14T22:10:18.802+0000] {processor.py:743} INFO - Processing file /home/airflow/.local/lib/python3.7/site-packages/airflow/example_dags/example_branch_datetime_operator.py for tasks to queue
[2024-06-14T22:10:18.803+0000] {logging_mixin.py:137} INFO - [2024-06-14T22:10:18.803+0000] {dagbag.py:538} INFO - Filling up the DagBag from /home/airflow/.local/lib/python3.7/site-packages/airflow/example_dags/example_branch_datetime_operator.py
[2024-06-14T22:10:18.816+0000] {processor.py:753} INFO - DAG(s) dict_keys(['example_branch_datetime_operator_2', 'example_branch_datetime_operator_3', 'example_branch_datetime_operator']) retrieved from /home/airflow/.local/lib/python3.7/site-packages/airflow/example_dags/example_branch_datetime_operator.py
[2024-06-14T22:10:18.842+0000] {logging_mixin.py:137} INFO - [2024-06-14T22:10:18.842+0000] {dag.py:2690} INFO - Sync 3 DAGs
[2024-06-14T22:10:18.861+0000] {logging_mixin.py:137} INFO - [2024-06-14T22:10:18.861+0000] {dag.py:3441} INFO - Setting next_dagrun for example_branch_datetime_operator to 2024-06-13T00:00:00+00:00, run_after=2024-06-14T00:00:00+00:00
[2024-06-14T22:10:18.864+0000] {logging_mixin.py:137} INFO - [2024-06-14T22:10:18.864+0000] {dag.py:3441} INFO - Setting next_dagrun for example_branch_datetime_operator_2 to 2024-06-13T00:00:00+00:00, run_after=2024-06-14T00:00:00+00:00
[2024-06-14T22:10:18.866+0000] {logging_mixin.py:137} INFO - [2024-06-14T22:10:18.866+0000] {dag.py:3441} INFO - Setting next_dagrun for example_branch_datetime_operator_3 to 2024-06-13T00:00:00+00:00, run_after=2024-06-14T00:00:00+00:00
[2024-06-14T22:10:18.877+0000] {processor.py:175} INFO - Processing /home/airflow/.local/lib/python3.7/site-packages/airflow/example_dags/example_branch_datetime_operator.py took 0.080 seconds
[2024-06-14T22:58:49.256+0000] {processor.py:153} INFO - Started process (PID=2052) to work on /home/airflow/.local/lib/python3.7/site-packages/airflow/example_dags/example_branch_datetime_operator.py
[2024-06-14T22:58:49.258+0000] {processor.py:743} INFO - Processing file /home/airflow/.local/lib/python3.7/site-packages/airflow/example_dags/example_branch_datetime_operator.py for tasks to queue
[2024-06-14T22:58:49.258+0000] {logging_mixin.py:137} INFO - [2024-06-14T22:58:49.258+0000] {dagbag.py:538} INFO - Filling up the DagBag from /home/airflow/.local/lib/python3.7/site-packages/airflow/example_dags/example_branch_datetime_operator.py
[2024-06-14T22:58:49.272+0000] {processor.py:753} INFO - DAG(s) dict_keys(['example_branch_datetime_operator_3', 'example_branch_datetime_operator_2', 'example_branch_datetime_operator']) retrieved from /home/airflow/.local/lib/python3.7/site-packages/airflow/example_dags/example_branch_datetime_operator.py
[2024-06-14T22:58:49.299+0000] {logging_mixin.py:137} INFO - [2024-06-14T22:58:49.299+0000] {dag.py:2690} INFO - Sync 3 DAGs
[2024-06-14T22:58:49.317+0000] {logging_mixin.py:137} INFO - [2024-06-14T22:58:49.317+0000] {dag.py:3441} INFO - Setting next_dagrun for example_branch_datetime_operator to 2024-06-13T00:00:00+00:00, run_after=2024-06-14T00:00:00+00:00
[2024-06-14T22:58:49.321+0000] {logging_mixin.py:137} INFO - [2024-06-14T22:58:49.320+0000] {dag.py:3441} INFO - Setting next_dagrun for example_branch_datetime_operator_2 to 2024-06-13T00:00:00+00:00, run_after=2024-06-14T00:00:00+00:00
[2024-06-14T22:58:49.323+0000] {logging_mixin.py:137} INFO - [2024-06-14T22:58:49.323+0000] {dag.py:3441} INFO - Setting next_dagrun for example_branch_datetime_operator_3 to 2024-06-13T00:00:00+00:00, run_after=2024-06-14T00:00:00+00:00
[2024-06-14T22:58:49.335+0000] {processor.py:175} INFO - Processing /home/airflow/.local/lib/python3.7/site-packages/airflow/example_dags/example_branch_datetime_operator.py took 0.082 seconds
[2024-06-14T23:14:30.587+0000] {processor.py:153} INFO - Started process (PID=2109) to work on /home/airflow/.local/lib/python3.7/site-packages/airflow/example_dags/example_branch_datetime_operator.py
[2024-06-14T23:14:30.599+0000] {processor.py:743} INFO - Processing file /home/airflow/.local/lib/python3.7/site-packages/airflow/example_dags/example_branch_datetime_operator.py for tasks to queue
[2024-06-14T23:14:30.607+0000] {logging_mixin.py:137} INFO - [2024-06-14T23:14:30.607+0000] {dagbag.py:538} INFO - Filling up the DagBag from /home/airflow/.local/lib/python3.7/site-packages/airflow/example_dags/example_branch_datetime_operator.py
[2024-06-14T23:14:30.676+0000] {processor.py:753} INFO - DAG(s) dict_keys(['example_branch_datetime_operator_3', 'example_branch_datetime_operator_2', 'example_branch_datetime_operator']) retrieved from /home/airflow/.local/lib/python3.7/site-packages/airflow/example_dags/example_branch_datetime_operator.py
[2024-06-14T23:14:30.858+0000] {logging_mixin.py:137} INFO - [2024-06-14T23:14:30.857+0000] {dag.py:2690} INFO - Sync 3 DAGs
[2024-06-14T23:14:30.973+0000] {logging_mixin.py:137} INFO - [2024-06-14T23:14:30.973+0000] {dag.py:3441} INFO - Setting next_dagrun for example_branch_datetime_operator to 2024-06-13T00:00:00+00:00, run_after=2024-06-14T00:00:00+00:00
[2024-06-14T23:14:30.991+0000] {logging_mixin.py:137} INFO - [2024-06-14T23:14:30.991+0000] {dag.py:3441} INFO - Setting next_dagrun for example_branch_datetime_operator_2 to 2024-06-13T00:00:00+00:00, run_after=2024-06-14T00:00:00+00:00
[2024-06-14T23:14:31.004+0000] {logging_mixin.py:137} INFO - [2024-06-14T23:14:31.004+0000] {dag.py:3441} INFO - Setting next_dagrun for example_branch_datetime_operator_3 to 2024-06-13T00:00:00+00:00, run_after=2024-06-14T00:00:00+00:00
[2024-06-14T23:14:31.086+0000] {processor.py:175} INFO - Processing /home/airflow/.local/lib/python3.7/site-packages/airflow/example_dags/example_branch_datetime_operator.py took 0.519 seconds
