[2024-06-14T21:50:26.559+0000] {processor.py:153} INFO - Started process (PID=51) to work on /home/airflow/.local/lib/python3.7/site-packages/airflow/example_dags/example_short_circuit_decorator.py
[2024-06-14T21:50:26.561+0000] {processor.py:743} INFO - Processing file /home/airflow/.local/lib/python3.7/site-packages/airflow/example_dags/example_short_circuit_decorator.py for tasks to queue
[2024-06-14T21:50:26.563+0000] {logging_mixin.py:137} INFO - [2024-06-14T21:50:26.563+0000] {dagbag.py:538} INFO - Filling up the DagBag from /home/airflow/.local/lib/python3.7/site-packages/airflow/example_dags/example_short_circuit_decorator.py
[2024-06-14T21:50:26.612+0000] {processor.py:753} INFO - DAG(s) dict_keys(['example_short_circuit_decorator']) retrieved from /home/airflow/.local/lib/python3.7/site-packages/airflow/example_dags/example_short_circuit_decorator.py
[2024-06-14T21:50:26.660+0000] {logging_mixin.py:137} INFO - [2024-06-14T21:50:26.660+0000] {dag.py:2690} INFO - Sync 1 DAGs
[2024-06-14T21:50:26.684+0000] {logging_mixin.py:137} INFO - [2024-06-14T21:50:26.683+0000] {dag.py:3441} INFO - Setting next_dagrun for example_short_circuit_decorator to 2024-06-13T21:50:26.683773+00:00, run_after=2024-06-14T21:50:26.683773+00:00
[2024-06-14T21:50:26.707+0000] {processor.py:175} INFO - Processing /home/airflow/.local/lib/python3.7/site-packages/airflow/example_dags/example_short_circuit_decorator.py took 0.153 seconds
[2024-06-14T21:50:56.837+0000] {processor.py:153} INFO - Started process (PID=101) to work on /home/airflow/.local/lib/python3.7/site-packages/airflow/example_dags/example_short_circuit_decorator.py
[2024-06-14T21:50:56.839+0000] {processor.py:743} INFO - Processing file /home/airflow/.local/lib/python3.7/site-packages/airflow/example_dags/example_short_circuit_decorator.py for tasks to queue
[2024-06-14T21:50:56.840+0000] {logging_mixin.py:137} INFO - [2024-06-14T21:50:56.840+0000] {dagbag.py:538} INFO - Filling up the DagBag from /home/airflow/.local/lib/python3.7/site-packages/airflow/example_dags/example_short_circuit_decorator.py
[2024-06-14T21:50:56.860+0000] {processor.py:753} INFO - DAG(s) dict_keys(['example_short_circuit_decorator']) retrieved from /home/airflow/.local/lib/python3.7/site-packages/airflow/example_dags/example_short_circuit_decorator.py
[2024-06-14T21:50:56.885+0000] {logging_mixin.py:137} INFO - [2024-06-14T21:50:56.885+0000] {dag.py:2690} INFO - Sync 1 DAGs
[2024-06-14T21:50:56.904+0000] {logging_mixin.py:137} INFO - [2024-06-14T21:50:56.904+0000] {dag.py:3441} INFO - Setting next_dagrun for example_short_circuit_decorator to 2024-06-13T21:50:56.904361+00:00, run_after=2024-06-14T21:50:56.904361+00:00
[2024-06-14T21:50:56.921+0000] {processor.py:175} INFO - Processing /home/airflow/.local/lib/python3.7/site-packages/airflow/example_dags/example_short_circuit_decorator.py took 0.088 seconds
[2024-06-14T21:51:27.294+0000] {processor.py:153} INFO - Started process (PID=151) to work on /home/airflow/.local/lib/python3.7/site-packages/airflow/example_dags/example_short_circuit_decorator.py
[2024-06-14T21:51:27.295+0000] {processor.py:743} INFO - Processing file /home/airflow/.local/lib/python3.7/site-packages/airflow/example_dags/example_short_circuit_decorator.py for tasks to queue
[2024-06-14T21:51:27.296+0000] {logging_mixin.py:137} INFO - [2024-06-14T21:51:27.296+0000] {dagbag.py:538} INFO - Filling up the DagBag from /home/airflow/.local/lib/python3.7/site-packages/airflow/example_dags/example_short_circuit_decorator.py
[2024-06-14T21:51:27.315+0000] {processor.py:753} INFO - DAG(s) dict_keys(['example_short_circuit_decorator']) retrieved from /home/airflow/.local/lib/python3.7/site-packages/airflow/example_dags/example_short_circuit_decorator.py
[2024-06-14T21:51:27.336+0000] {logging_mixin.py:137} INFO - [2024-06-14T21:51:27.336+0000] {dag.py:2690} INFO - Sync 1 DAGs
[2024-06-14T21:51:27.352+0000] {logging_mixin.py:137} INFO - [2024-06-14T21:51:27.352+0000] {dag.py:3441} INFO - Setting next_dagrun for example_short_circuit_decorator to 2024-06-13T21:51:27.352389+00:00, run_after=2024-06-14T21:51:27.352389+00:00
[2024-06-14T21:51:27.367+0000] {processor.py:175} INFO - Processing /home/airflow/.local/lib/python3.7/site-packages/airflow/example_dags/example_short_circuit_decorator.py took 0.076 seconds
[2024-06-14T21:51:57.736+0000] {processor.py:153} INFO - Started process (PID=201) to work on /home/airflow/.local/lib/python3.7/site-packages/airflow/example_dags/example_short_circuit_decorator.py
[2024-06-14T21:51:57.737+0000] {processor.py:743} INFO - Processing file /home/airflow/.local/lib/python3.7/site-packages/airflow/example_dags/example_short_circuit_decorator.py for tasks to queue
[2024-06-14T21:51:57.738+0000] {logging_mixin.py:137} INFO - [2024-06-14T21:51:57.738+0000] {dagbag.py:538} INFO - Filling up the DagBag from /home/airflow/.local/lib/python3.7/site-packages/airflow/example_dags/example_short_circuit_decorator.py
[2024-06-14T21:51:57.756+0000] {processor.py:753} INFO - DAG(s) dict_keys(['example_short_circuit_decorator']) retrieved from /home/airflow/.local/lib/python3.7/site-packages/airflow/example_dags/example_short_circuit_decorator.py
[2024-06-14T21:51:57.777+0000] {logging_mixin.py:137} INFO - [2024-06-14T21:51:57.777+0000] {dag.py:2690} INFO - Sync 1 DAGs
[2024-06-14T21:51:57.794+0000] {logging_mixin.py:137} INFO - [2024-06-14T21:51:57.794+0000] {dag.py:3441} INFO - Setting next_dagrun for example_short_circuit_decorator to 2024-06-13T21:51:57.794461+00:00, run_after=2024-06-14T21:51:57.794461+00:00
[2024-06-14T21:51:57.807+0000] {processor.py:175} INFO - Processing /home/airflow/.local/lib/python3.7/site-packages/airflow/example_dags/example_short_circuit_decorator.py took 0.074 seconds
[2024-06-14T21:52:28.358+0000] {processor.py:153} INFO - Started process (PID=251) to work on /home/airflow/.local/lib/python3.7/site-packages/airflow/example_dags/example_short_circuit_decorator.py
[2024-06-14T21:52:28.359+0000] {processor.py:743} INFO - Processing file /home/airflow/.local/lib/python3.7/site-packages/airflow/example_dags/example_short_circuit_decorator.py for tasks to queue
[2024-06-14T21:52:28.360+0000] {logging_mixin.py:137} INFO - [2024-06-14T21:52:28.360+0000] {dagbag.py:538} INFO - Filling up the DagBag from /home/airflow/.local/lib/python3.7/site-packages/airflow/example_dags/example_short_circuit_decorator.py
[2024-06-14T21:52:28.378+0000] {processor.py:753} INFO - DAG(s) dict_keys(['example_short_circuit_decorator']) retrieved from /home/airflow/.local/lib/python3.7/site-packages/airflow/example_dags/example_short_circuit_decorator.py
[2024-06-14T21:52:28.401+0000] {logging_mixin.py:137} INFO - [2024-06-14T21:52:28.401+0000] {dag.py:2690} INFO - Sync 1 DAGs
[2024-06-14T21:52:28.418+0000] {logging_mixin.py:137} INFO - [2024-06-14T21:52:28.418+0000] {dag.py:3441} INFO - Setting next_dagrun for example_short_circuit_decorator to 2024-06-13T21:52:28.418084+00:00, run_after=2024-06-14T21:52:28.418084+00:00
[2024-06-14T21:52:28.431+0000] {processor.py:175} INFO - Processing /home/airflow/.local/lib/python3.7/site-packages/airflow/example_dags/example_short_circuit_decorator.py took 0.076 seconds
[2024-06-14T21:52:58.938+0000] {processor.py:153} INFO - Started process (PID=300) to work on /home/airflow/.local/lib/python3.7/site-packages/airflow/example_dags/example_short_circuit_decorator.py
[2024-06-14T21:52:58.939+0000] {processor.py:743} INFO - Processing file /home/airflow/.local/lib/python3.7/site-packages/airflow/example_dags/example_short_circuit_decorator.py for tasks to queue
[2024-06-14T21:52:58.940+0000] {logging_mixin.py:137} INFO - [2024-06-14T21:52:58.940+0000] {dagbag.py:538} INFO - Filling up the DagBag from /home/airflow/.local/lib/python3.7/site-packages/airflow/example_dags/example_short_circuit_decorator.py
[2024-06-14T21:52:58.958+0000] {processor.py:753} INFO - DAG(s) dict_keys(['example_short_circuit_decorator']) retrieved from /home/airflow/.local/lib/python3.7/site-packages/airflow/example_dags/example_short_circuit_decorator.py
[2024-06-14T21:52:58.979+0000] {logging_mixin.py:137} INFO - [2024-06-14T21:52:58.979+0000] {dag.py:2690} INFO - Sync 1 DAGs
[2024-06-14T21:52:58.997+0000] {logging_mixin.py:137} INFO - [2024-06-14T21:52:58.997+0000] {dag.py:3441} INFO - Setting next_dagrun for example_short_circuit_decorator to 2024-06-13T21:52:58.996928+00:00, run_after=2024-06-14T21:52:58.996928+00:00
[2024-06-14T21:52:59.009+0000] {processor.py:175} INFO - Processing /home/airflow/.local/lib/python3.7/site-packages/airflow/example_dags/example_short_circuit_decorator.py took 0.075 seconds
[2024-06-14T21:53:29.511+0000] {processor.py:153} INFO - Started process (PID=350) to work on /home/airflow/.local/lib/python3.7/site-packages/airflow/example_dags/example_short_circuit_decorator.py
[2024-06-14T21:53:29.513+0000] {processor.py:743} INFO - Processing file /home/airflow/.local/lib/python3.7/site-packages/airflow/example_dags/example_short_circuit_decorator.py for tasks to queue
[2024-06-14T21:53:29.514+0000] {logging_mixin.py:137} INFO - [2024-06-14T21:53:29.513+0000] {dagbag.py:538} INFO - Filling up the DagBag from /home/airflow/.local/lib/python3.7/site-packages/airflow/example_dags/example_short_circuit_decorator.py
[2024-06-14T21:53:29.534+0000] {processor.py:753} INFO - DAG(s) dict_keys(['example_short_circuit_decorator']) retrieved from /home/airflow/.local/lib/python3.7/site-packages/airflow/example_dags/example_short_circuit_decorator.py
[2024-06-14T21:53:29.556+0000] {logging_mixin.py:137} INFO - [2024-06-14T21:53:29.556+0000] {dag.py:2690} INFO - Sync 1 DAGs
[2024-06-14T21:53:29.573+0000] {logging_mixin.py:137} INFO - [2024-06-14T21:53:29.573+0000] {dag.py:3441} INFO - Setting next_dagrun for example_short_circuit_decorator to 2024-06-13T21:53:29.573362+00:00, run_after=2024-06-14T21:53:29.573362+00:00
[2024-06-14T21:53:29.587+0000] {processor.py:175} INFO - Processing /home/airflow/.local/lib/python3.7/site-packages/airflow/example_dags/example_short_circuit_decorator.py took 0.079 seconds
[2024-06-14T21:54:00.155+0000] {processor.py:153} INFO - Started process (PID=400) to work on /home/airflow/.local/lib/python3.7/site-packages/airflow/example_dags/example_short_circuit_decorator.py
[2024-06-14T21:54:00.157+0000] {processor.py:743} INFO - Processing file /home/airflow/.local/lib/python3.7/site-packages/airflow/example_dags/example_short_circuit_decorator.py for tasks to queue
[2024-06-14T21:54:00.158+0000] {logging_mixin.py:137} INFO - [2024-06-14T21:54:00.158+0000] {dagbag.py:538} INFO - Filling up the DagBag from /home/airflow/.local/lib/python3.7/site-packages/airflow/example_dags/example_short_circuit_decorator.py
[2024-06-14T21:54:00.178+0000] {processor.py:753} INFO - DAG(s) dict_keys(['example_short_circuit_decorator']) retrieved from /home/airflow/.local/lib/python3.7/site-packages/airflow/example_dags/example_short_circuit_decorator.py
[2024-06-14T21:54:00.202+0000] {logging_mixin.py:137} INFO - [2024-06-14T21:54:00.202+0000] {dag.py:2690} INFO - Sync 1 DAGs
[2024-06-14T21:54:00.221+0000] {logging_mixin.py:137} INFO - [2024-06-14T21:54:00.221+0000] {dag.py:3441} INFO - Setting next_dagrun for example_short_circuit_decorator to 2024-06-13T21:54:00.220920+00:00, run_after=2024-06-14T21:54:00.220920+00:00
[2024-06-14T21:54:00.236+0000] {processor.py:175} INFO - Processing /home/airflow/.local/lib/python3.7/site-packages/airflow/example_dags/example_short_circuit_decorator.py took 0.085 seconds
[2024-06-14T21:54:30.969+0000] {processor.py:153} INFO - Started process (PID=450) to work on /home/airflow/.local/lib/python3.7/site-packages/airflow/example_dags/example_short_circuit_decorator.py
[2024-06-14T21:54:30.970+0000] {processor.py:743} INFO - Processing file /home/airflow/.local/lib/python3.7/site-packages/airflow/example_dags/example_short_circuit_decorator.py for tasks to queue
[2024-06-14T21:54:30.971+0000] {logging_mixin.py:137} INFO - [2024-06-14T21:54:30.971+0000] {dagbag.py:538} INFO - Filling up the DagBag from /home/airflow/.local/lib/python3.7/site-packages/airflow/example_dags/example_short_circuit_decorator.py
[2024-06-14T21:54:30.990+0000] {processor.py:753} INFO - DAG(s) dict_keys(['example_short_circuit_decorator']) retrieved from /home/airflow/.local/lib/python3.7/site-packages/airflow/example_dags/example_short_circuit_decorator.py
[2024-06-14T21:54:31.012+0000] {logging_mixin.py:137} INFO - [2024-06-14T21:54:31.012+0000] {dag.py:2690} INFO - Sync 1 DAGs
[2024-06-14T21:54:31.030+0000] {logging_mixin.py:137} INFO - [2024-06-14T21:54:31.030+0000] {dag.py:3441} INFO - Setting next_dagrun for example_short_circuit_decorator to 2024-06-13T21:54:31.030603+00:00, run_after=2024-06-14T21:54:31.030603+00:00
[2024-06-14T21:54:31.043+0000] {processor.py:175} INFO - Processing /home/airflow/.local/lib/python3.7/site-packages/airflow/example_dags/example_short_circuit_decorator.py took 0.078 seconds
[2024-06-14T21:55:01.508+0000] {processor.py:153} INFO - Started process (PID=500) to work on /home/airflow/.local/lib/python3.7/site-packages/airflow/example_dags/example_short_circuit_decorator.py
[2024-06-14T21:55:01.509+0000] {processor.py:743} INFO - Processing file /home/airflow/.local/lib/python3.7/site-packages/airflow/example_dags/example_short_circuit_decorator.py for tasks to queue
[2024-06-14T21:55:01.510+0000] {logging_mixin.py:137} INFO - [2024-06-14T21:55:01.510+0000] {dagbag.py:538} INFO - Filling up the DagBag from /home/airflow/.local/lib/python3.7/site-packages/airflow/example_dags/example_short_circuit_decorator.py
[2024-06-14T21:55:01.533+0000] {processor.py:753} INFO - DAG(s) dict_keys(['example_short_circuit_decorator']) retrieved from /home/airflow/.local/lib/python3.7/site-packages/airflow/example_dags/example_short_circuit_decorator.py
[2024-06-14T21:55:01.557+0000] {logging_mixin.py:137} INFO - [2024-06-14T21:55:01.557+0000] {dag.py:2690} INFO - Sync 1 DAGs
[2024-06-14T21:55:01.577+0000] {logging_mixin.py:137} INFO - [2024-06-14T21:55:01.577+0000] {dag.py:3441} INFO - Setting next_dagrun for example_short_circuit_decorator to 2024-06-13T21:55:01.576784+00:00, run_after=2024-06-14T21:55:01.576784+00:00
[2024-06-14T21:55:01.590+0000] {processor.py:175} INFO - Processing /home/airflow/.local/lib/python3.7/site-packages/airflow/example_dags/example_short_circuit_decorator.py took 0.086 seconds
[2024-06-14T21:55:32.153+0000] {processor.py:153} INFO - Started process (PID=550) to work on /home/airflow/.local/lib/python3.7/site-packages/airflow/example_dags/example_short_circuit_decorator.py
[2024-06-14T21:55:32.154+0000] {processor.py:743} INFO - Processing file /home/airflow/.local/lib/python3.7/site-packages/airflow/example_dags/example_short_circuit_decorator.py for tasks to queue
[2024-06-14T21:55:32.155+0000] {logging_mixin.py:137} INFO - [2024-06-14T21:55:32.155+0000] {dagbag.py:538} INFO - Filling up the DagBag from /home/airflow/.local/lib/python3.7/site-packages/airflow/example_dags/example_short_circuit_decorator.py
[2024-06-14T21:55:32.175+0000] {processor.py:753} INFO - DAG(s) dict_keys(['example_short_circuit_decorator']) retrieved from /home/airflow/.local/lib/python3.7/site-packages/airflow/example_dags/example_short_circuit_decorator.py
[2024-06-14T21:55:32.198+0000] {logging_mixin.py:137} INFO - [2024-06-14T21:55:32.197+0000] {dag.py:2690} INFO - Sync 1 DAGs
[2024-06-14T21:55:32.215+0000] {logging_mixin.py:137} INFO - [2024-06-14T21:55:32.215+0000] {dag.py:3441} INFO - Setting next_dagrun for example_short_circuit_decorator to 2024-06-13T21:55:32.215651+00:00, run_after=2024-06-14T21:55:32.215651+00:00
[2024-06-14T21:55:32.230+0000] {processor.py:175} INFO - Processing /home/airflow/.local/lib/python3.7/site-packages/airflow/example_dags/example_short_circuit_decorator.py took 0.080 seconds
[2024-06-14T21:56:02.937+0000] {processor.py:153} INFO - Started process (PID=600) to work on /home/airflow/.local/lib/python3.7/site-packages/airflow/example_dags/example_short_circuit_decorator.py
[2024-06-14T21:56:02.938+0000] {processor.py:743} INFO - Processing file /home/airflow/.local/lib/python3.7/site-packages/airflow/example_dags/example_short_circuit_decorator.py for tasks to queue
[2024-06-14T21:56:02.939+0000] {logging_mixin.py:137} INFO - [2024-06-14T21:56:02.939+0000] {dagbag.py:538} INFO - Filling up the DagBag from /home/airflow/.local/lib/python3.7/site-packages/airflow/example_dags/example_short_circuit_decorator.py
[2024-06-14T21:56:02.958+0000] {processor.py:753} INFO - DAG(s) dict_keys(['example_short_circuit_decorator']) retrieved from /home/airflow/.local/lib/python3.7/site-packages/airflow/example_dags/example_short_circuit_decorator.py
[2024-06-14T21:56:02.979+0000] {logging_mixin.py:137} INFO - [2024-06-14T21:56:02.979+0000] {dag.py:2690} INFO - Sync 1 DAGs
[2024-06-14T21:56:02.997+0000] {logging_mixin.py:137} INFO - [2024-06-14T21:56:02.997+0000] {dag.py:3441} INFO - Setting next_dagrun for example_short_circuit_decorator to 2024-06-13T21:56:02.997022+00:00, run_after=2024-06-14T21:56:02.997022+00:00
[2024-06-14T21:56:03.009+0000] {processor.py:175} INFO - Processing /home/airflow/.local/lib/python3.7/site-packages/airflow/example_dags/example_short_circuit_decorator.py took 0.075 seconds
[2024-06-14T21:56:33.742+0000] {processor.py:153} INFO - Started process (PID=650) to work on /home/airflow/.local/lib/python3.7/site-packages/airflow/example_dags/example_short_circuit_decorator.py
[2024-06-14T21:56:33.743+0000] {processor.py:743} INFO - Processing file /home/airflow/.local/lib/python3.7/site-packages/airflow/example_dags/example_short_circuit_decorator.py for tasks to queue
[2024-06-14T21:56:33.745+0000] {logging_mixin.py:137} INFO - [2024-06-14T21:56:33.745+0000] {dagbag.py:538} INFO - Filling up the DagBag from /home/airflow/.local/lib/python3.7/site-packages/airflow/example_dags/example_short_circuit_decorator.py
[2024-06-14T21:56:33.762+0000] {processor.py:753} INFO - DAG(s) dict_keys(['example_short_circuit_decorator']) retrieved from /home/airflow/.local/lib/python3.7/site-packages/airflow/example_dags/example_short_circuit_decorator.py
[2024-06-14T21:56:33.783+0000] {logging_mixin.py:137} INFO - [2024-06-14T21:56:33.783+0000] {dag.py:2690} INFO - Sync 1 DAGs
[2024-06-14T21:56:33.800+0000] {logging_mixin.py:137} INFO - [2024-06-14T21:56:33.800+0000] {dag.py:3441} INFO - Setting next_dagrun for example_short_circuit_decorator to 2024-06-13T21:56:33.799880+00:00, run_after=2024-06-14T21:56:33.799880+00:00
[2024-06-14T21:56:33.813+0000] {processor.py:175} INFO - Processing /home/airflow/.local/lib/python3.7/site-packages/airflow/example_dags/example_short_circuit_decorator.py took 0.075 seconds
[2024-06-14T21:57:04.407+0000] {processor.py:153} INFO - Started process (PID=700) to work on /home/airflow/.local/lib/python3.7/site-packages/airflow/example_dags/example_short_circuit_decorator.py
[2024-06-14T21:57:04.409+0000] {processor.py:743} INFO - Processing file /home/airflow/.local/lib/python3.7/site-packages/airflow/example_dags/example_short_circuit_decorator.py for tasks to queue
[2024-06-14T21:57:04.410+0000] {logging_mixin.py:137} INFO - [2024-06-14T21:57:04.410+0000] {dagbag.py:538} INFO - Filling up the DagBag from /home/airflow/.local/lib/python3.7/site-packages/airflow/example_dags/example_short_circuit_decorator.py
[2024-06-14T21:57:04.428+0000] {processor.py:753} INFO - DAG(s) dict_keys(['example_short_circuit_decorator']) retrieved from /home/airflow/.local/lib/python3.7/site-packages/airflow/example_dags/example_short_circuit_decorator.py
[2024-06-14T21:57:04.450+0000] {logging_mixin.py:137} INFO - [2024-06-14T21:57:04.450+0000] {dag.py:2690} INFO - Sync 1 DAGs
[2024-06-14T21:57:04.467+0000] {logging_mixin.py:137} INFO - [2024-06-14T21:57:04.467+0000] {dag.py:3441} INFO - Setting next_dagrun for example_short_circuit_decorator to 2024-06-13T21:57:04.467252+00:00, run_after=2024-06-14T21:57:04.467252+00:00
[2024-06-14T21:57:04.480+0000] {processor.py:175} INFO - Processing /home/airflow/.local/lib/python3.7/site-packages/airflow/example_dags/example_short_circuit_decorator.py took 0.076 seconds
[2024-06-14T21:57:34.787+0000] {processor.py:153} INFO - Started process (PID=750) to work on /home/airflow/.local/lib/python3.7/site-packages/airflow/example_dags/example_short_circuit_decorator.py
[2024-06-14T21:57:34.789+0000] {processor.py:743} INFO - Processing file /home/airflow/.local/lib/python3.7/site-packages/airflow/example_dags/example_short_circuit_decorator.py for tasks to queue
[2024-06-14T21:57:34.790+0000] {logging_mixin.py:137} INFO - [2024-06-14T21:57:34.790+0000] {dagbag.py:538} INFO - Filling up the DagBag from /home/airflow/.local/lib/python3.7/site-packages/airflow/example_dags/example_short_circuit_decorator.py
[2024-06-14T21:57:34.808+0000] {processor.py:753} INFO - DAG(s) dict_keys(['example_short_circuit_decorator']) retrieved from /home/airflow/.local/lib/python3.7/site-packages/airflow/example_dags/example_short_circuit_decorator.py
[2024-06-14T21:57:34.830+0000] {logging_mixin.py:137} INFO - [2024-06-14T21:57:34.830+0000] {dag.py:2690} INFO - Sync 1 DAGs
[2024-06-14T21:57:34.847+0000] {logging_mixin.py:137} INFO - [2024-06-14T21:57:34.847+0000] {dag.py:3441} INFO - Setting next_dagrun for example_short_circuit_decorator to 2024-06-13T21:57:34.847663+00:00, run_after=2024-06-14T21:57:34.847663+00:00
[2024-06-14T21:57:34.861+0000] {processor.py:175} INFO - Processing /home/airflow/.local/lib/python3.7/site-packages/airflow/example_dags/example_short_circuit_decorator.py took 0.077 seconds
[2024-06-14T21:58:05.362+0000] {processor.py:153} INFO - Started process (PID=800) to work on /home/airflow/.local/lib/python3.7/site-packages/airflow/example_dags/example_short_circuit_decorator.py
[2024-06-14T21:58:05.363+0000] {processor.py:743} INFO - Processing file /home/airflow/.local/lib/python3.7/site-packages/airflow/example_dags/example_short_circuit_decorator.py for tasks to queue
[2024-06-14T21:58:05.364+0000] {logging_mixin.py:137} INFO - [2024-06-14T21:58:05.364+0000] {dagbag.py:538} INFO - Filling up the DagBag from /home/airflow/.local/lib/python3.7/site-packages/airflow/example_dags/example_short_circuit_decorator.py
[2024-06-14T21:58:05.382+0000] {processor.py:753} INFO - DAG(s) dict_keys(['example_short_circuit_decorator']) retrieved from /home/airflow/.local/lib/python3.7/site-packages/airflow/example_dags/example_short_circuit_decorator.py
[2024-06-14T21:58:05.404+0000] {logging_mixin.py:137} INFO - [2024-06-14T21:58:05.404+0000] {dag.py:2690} INFO - Sync 1 DAGs
[2024-06-14T21:58:05.421+0000] {logging_mixin.py:137} INFO - [2024-06-14T21:58:05.421+0000] {dag.py:3441} INFO - Setting next_dagrun for example_short_circuit_decorator to 2024-06-13T21:58:05.421425+00:00, run_after=2024-06-14T21:58:05.421425+00:00
[2024-06-14T21:58:05.433+0000] {processor.py:175} INFO - Processing /home/airflow/.local/lib/python3.7/site-packages/airflow/example_dags/example_short_circuit_decorator.py took 0.074 seconds
[2024-06-14T21:58:36.043+0000] {processor.py:153} INFO - Started process (PID=850) to work on /home/airflow/.local/lib/python3.7/site-packages/airflow/example_dags/example_short_circuit_decorator.py
[2024-06-14T21:58:36.044+0000] {processor.py:743} INFO - Processing file /home/airflow/.local/lib/python3.7/site-packages/airflow/example_dags/example_short_circuit_decorator.py for tasks to queue
[2024-06-14T21:58:36.045+0000] {logging_mixin.py:137} INFO - [2024-06-14T21:58:36.045+0000] {dagbag.py:538} INFO - Filling up the DagBag from /home/airflow/.local/lib/python3.7/site-packages/airflow/example_dags/example_short_circuit_decorator.py
[2024-06-14T21:58:36.063+0000] {processor.py:753} INFO - DAG(s) dict_keys(['example_short_circuit_decorator']) retrieved from /home/airflow/.local/lib/python3.7/site-packages/airflow/example_dags/example_short_circuit_decorator.py
[2024-06-14T21:58:36.084+0000] {logging_mixin.py:137} INFO - [2024-06-14T21:58:36.084+0000] {dag.py:2690} INFO - Sync 1 DAGs
[2024-06-14T21:58:36.100+0000] {logging_mixin.py:137} INFO - [2024-06-14T21:58:36.100+0000] {dag.py:3441} INFO - Setting next_dagrun for example_short_circuit_decorator to 2024-06-13T21:58:36.100386+00:00, run_after=2024-06-14T21:58:36.100386+00:00
[2024-06-14T21:58:36.112+0000] {processor.py:175} INFO - Processing /home/airflow/.local/lib/python3.7/site-packages/airflow/example_dags/example_short_circuit_decorator.py took 0.072 seconds
[2024-06-14T21:59:06.494+0000] {processor.py:153} INFO - Started process (PID=900) to work on /home/airflow/.local/lib/python3.7/site-packages/airflow/example_dags/example_short_circuit_decorator.py
[2024-06-14T21:59:06.495+0000] {processor.py:743} INFO - Processing file /home/airflow/.local/lib/python3.7/site-packages/airflow/example_dags/example_short_circuit_decorator.py for tasks to queue
[2024-06-14T21:59:06.496+0000] {logging_mixin.py:137} INFO - [2024-06-14T21:59:06.496+0000] {dagbag.py:538} INFO - Filling up the DagBag from /home/airflow/.local/lib/python3.7/site-packages/airflow/example_dags/example_short_circuit_decorator.py
[2024-06-14T21:59:06.514+0000] {processor.py:753} INFO - DAG(s) dict_keys(['example_short_circuit_decorator']) retrieved from /home/airflow/.local/lib/python3.7/site-packages/airflow/example_dags/example_short_circuit_decorator.py
[2024-06-14T21:59:06.537+0000] {logging_mixin.py:137} INFO - [2024-06-14T21:59:06.536+0000] {dag.py:2690} INFO - Sync 1 DAGs
[2024-06-14T21:59:06.555+0000] {logging_mixin.py:137} INFO - [2024-06-14T21:59:06.555+0000] {dag.py:3441} INFO - Setting next_dagrun for example_short_circuit_decorator to 2024-06-13T21:59:06.555438+00:00, run_after=2024-06-14T21:59:06.555438+00:00
[2024-06-14T21:59:06.569+0000] {processor.py:175} INFO - Processing /home/airflow/.local/lib/python3.7/site-packages/airflow/example_dags/example_short_circuit_decorator.py took 0.078 seconds
[2024-06-14T21:59:37.030+0000] {processor.py:153} INFO - Started process (PID=950) to work on /home/airflow/.local/lib/python3.7/site-packages/airflow/example_dags/example_short_circuit_decorator.py
[2024-06-14T21:59:37.031+0000] {processor.py:743} INFO - Processing file /home/airflow/.local/lib/python3.7/site-packages/airflow/example_dags/example_short_circuit_decorator.py for tasks to queue
[2024-06-14T21:59:37.032+0000] {logging_mixin.py:137} INFO - [2024-06-14T21:59:37.032+0000] {dagbag.py:538} INFO - Filling up the DagBag from /home/airflow/.local/lib/python3.7/site-packages/airflow/example_dags/example_short_circuit_decorator.py
[2024-06-14T21:59:37.052+0000] {processor.py:753} INFO - DAG(s) dict_keys(['example_short_circuit_decorator']) retrieved from /home/airflow/.local/lib/python3.7/site-packages/airflow/example_dags/example_short_circuit_decorator.py
[2024-06-14T21:59:37.074+0000] {logging_mixin.py:137} INFO - [2024-06-14T21:59:37.074+0000] {dag.py:2690} INFO - Sync 1 DAGs
[2024-06-14T21:59:37.092+0000] {logging_mixin.py:137} INFO - [2024-06-14T21:59:37.092+0000] {dag.py:3441} INFO - Setting next_dagrun for example_short_circuit_decorator to 2024-06-13T21:59:37.091936+00:00, run_after=2024-06-14T21:59:37.091936+00:00
[2024-06-14T21:59:37.105+0000] {processor.py:175} INFO - Processing /home/airflow/.local/lib/python3.7/site-packages/airflow/example_dags/example_short_circuit_decorator.py took 0.078 seconds
[2024-06-14T22:00:07.561+0000] {processor.py:153} INFO - Started process (PID=1000) to work on /home/airflow/.local/lib/python3.7/site-packages/airflow/example_dags/example_short_circuit_decorator.py
[2024-06-14T22:00:07.562+0000] {processor.py:743} INFO - Processing file /home/airflow/.local/lib/python3.7/site-packages/airflow/example_dags/example_short_circuit_decorator.py for tasks to queue
[2024-06-14T22:00:07.563+0000] {logging_mixin.py:137} INFO - [2024-06-14T22:00:07.563+0000] {dagbag.py:538} INFO - Filling up the DagBag from /home/airflow/.local/lib/python3.7/site-packages/airflow/example_dags/example_short_circuit_decorator.py
[2024-06-14T22:00:07.582+0000] {processor.py:753} INFO - DAG(s) dict_keys(['example_short_circuit_decorator']) retrieved from /home/airflow/.local/lib/python3.7/site-packages/airflow/example_dags/example_short_circuit_decorator.py
[2024-06-14T22:00:07.605+0000] {logging_mixin.py:137} INFO - [2024-06-14T22:00:07.605+0000] {dag.py:2690} INFO - Sync 1 DAGs
[2024-06-14T22:00:07.623+0000] {logging_mixin.py:137} INFO - [2024-06-14T22:00:07.623+0000] {dag.py:3441} INFO - Setting next_dagrun for example_short_circuit_decorator to 2024-06-13T22:00:07.623655+00:00, run_after=2024-06-14T22:00:07.623655+00:00
[2024-06-14T22:00:07.638+0000] {processor.py:175} INFO - Processing /home/airflow/.local/lib/python3.7/site-packages/airflow/example_dags/example_short_circuit_decorator.py took 0.081 seconds
[2024-06-14T22:00:38.014+0000] {processor.py:153} INFO - Started process (PID=1050) to work on /home/airflow/.local/lib/python3.7/site-packages/airflow/example_dags/example_short_circuit_decorator.py
[2024-06-14T22:00:38.015+0000] {processor.py:743} INFO - Processing file /home/airflow/.local/lib/python3.7/site-packages/airflow/example_dags/example_short_circuit_decorator.py for tasks to queue
[2024-06-14T22:00:38.016+0000] {logging_mixin.py:137} INFO - [2024-06-14T22:00:38.016+0000] {dagbag.py:538} INFO - Filling up the DagBag from /home/airflow/.local/lib/python3.7/site-packages/airflow/example_dags/example_short_circuit_decorator.py
[2024-06-14T22:00:38.035+0000] {processor.py:753} INFO - DAG(s) dict_keys(['example_short_circuit_decorator']) retrieved from /home/airflow/.local/lib/python3.7/site-packages/airflow/example_dags/example_short_circuit_decorator.py
[2024-06-14T22:00:38.057+0000] {logging_mixin.py:137} INFO - [2024-06-14T22:00:38.057+0000] {dag.py:2690} INFO - Sync 1 DAGs
[2024-06-14T22:00:38.074+0000] {logging_mixin.py:137} INFO - [2024-06-14T22:00:38.074+0000] {dag.py:3441} INFO - Setting next_dagrun for example_short_circuit_decorator to 2024-06-13T22:00:38.074018+00:00, run_after=2024-06-14T22:00:38.074018+00:00
[2024-06-14T22:00:38.088+0000] {processor.py:175} INFO - Processing /home/airflow/.local/lib/python3.7/site-packages/airflow/example_dags/example_short_circuit_decorator.py took 0.076 seconds
[2024-06-14T22:01:08.576+0000] {processor.py:153} INFO - Started process (PID=1099) to work on /home/airflow/.local/lib/python3.7/site-packages/airflow/example_dags/example_short_circuit_decorator.py
[2024-06-14T22:01:08.577+0000] {processor.py:743} INFO - Processing file /home/airflow/.local/lib/python3.7/site-packages/airflow/example_dags/example_short_circuit_decorator.py for tasks to queue
[2024-06-14T22:01:08.578+0000] {logging_mixin.py:137} INFO - [2024-06-14T22:01:08.578+0000] {dagbag.py:538} INFO - Filling up the DagBag from /home/airflow/.local/lib/python3.7/site-packages/airflow/example_dags/example_short_circuit_decorator.py
[2024-06-14T22:01:08.597+0000] {processor.py:753} INFO - DAG(s) dict_keys(['example_short_circuit_decorator']) retrieved from /home/airflow/.local/lib/python3.7/site-packages/airflow/example_dags/example_short_circuit_decorator.py
[2024-06-14T22:01:08.619+0000] {logging_mixin.py:137} INFO - [2024-06-14T22:01:08.619+0000] {dag.py:2690} INFO - Sync 1 DAGs
[2024-06-14T22:01:08.638+0000] {logging_mixin.py:137} INFO - [2024-06-14T22:01:08.638+0000] {dag.py:3441} INFO - Setting next_dagrun for example_short_circuit_decorator to 2024-06-13T22:01:08.638321+00:00, run_after=2024-06-14T22:01:08.638321+00:00
[2024-06-14T22:01:08.651+0000] {processor.py:175} INFO - Processing /home/airflow/.local/lib/python3.7/site-packages/airflow/example_dags/example_short_circuit_decorator.py took 0.079 seconds
[2024-06-14T22:01:39.016+0000] {processor.py:153} INFO - Started process (PID=1149) to work on /home/airflow/.local/lib/python3.7/site-packages/airflow/example_dags/example_short_circuit_decorator.py
[2024-06-14T22:01:39.017+0000] {processor.py:743} INFO - Processing file /home/airflow/.local/lib/python3.7/site-packages/airflow/example_dags/example_short_circuit_decorator.py for tasks to queue
[2024-06-14T22:01:39.018+0000] {logging_mixin.py:137} INFO - [2024-06-14T22:01:39.018+0000] {dagbag.py:538} INFO - Filling up the DagBag from /home/airflow/.local/lib/python3.7/site-packages/airflow/example_dags/example_short_circuit_decorator.py
[2024-06-14T22:01:39.036+0000] {processor.py:753} INFO - DAG(s) dict_keys(['example_short_circuit_decorator']) retrieved from /home/airflow/.local/lib/python3.7/site-packages/airflow/example_dags/example_short_circuit_decorator.py
[2024-06-14T22:01:39.058+0000] {logging_mixin.py:137} INFO - [2024-06-14T22:01:39.058+0000] {dag.py:2690} INFO - Sync 1 DAGs
[2024-06-14T22:01:39.089+0000] {logging_mixin.py:137} INFO - [2024-06-14T22:01:39.089+0000] {dag.py:3441} INFO - Setting next_dagrun for example_short_circuit_decorator to 2024-06-13T22:01:39.087861+00:00, run_after=2024-06-14T22:01:39.087861+00:00
[2024-06-14T22:01:39.104+0000] {processor.py:175} INFO - Processing /home/airflow/.local/lib/python3.7/site-packages/airflow/example_dags/example_short_circuit_decorator.py took 0.091 seconds
[2024-06-14T22:02:09.457+0000] {processor.py:153} INFO - Started process (PID=1199) to work on /home/airflow/.local/lib/python3.7/site-packages/airflow/example_dags/example_short_circuit_decorator.py
[2024-06-14T22:02:09.458+0000] {processor.py:743} INFO - Processing file /home/airflow/.local/lib/python3.7/site-packages/airflow/example_dags/example_short_circuit_decorator.py for tasks to queue
[2024-06-14T22:02:09.459+0000] {logging_mixin.py:137} INFO - [2024-06-14T22:02:09.459+0000] {dagbag.py:538} INFO - Filling up the DagBag from /home/airflow/.local/lib/python3.7/site-packages/airflow/example_dags/example_short_circuit_decorator.py
[2024-06-14T22:02:09.478+0000] {processor.py:753} INFO - DAG(s) dict_keys(['example_short_circuit_decorator']) retrieved from /home/airflow/.local/lib/python3.7/site-packages/airflow/example_dags/example_short_circuit_decorator.py
[2024-06-14T22:02:09.499+0000] {logging_mixin.py:137} INFO - [2024-06-14T22:02:09.499+0000] {dag.py:2690} INFO - Sync 1 DAGs
[2024-06-14T22:02:09.516+0000] {logging_mixin.py:137} INFO - [2024-06-14T22:02:09.516+0000] {dag.py:3441} INFO - Setting next_dagrun for example_short_circuit_decorator to 2024-06-13T22:02:09.516366+00:00, run_after=2024-06-14T22:02:09.516366+00:00
[2024-06-14T22:02:09.530+0000] {processor.py:175} INFO - Processing /home/airflow/.local/lib/python3.7/site-packages/airflow/example_dags/example_short_circuit_decorator.py took 0.076 seconds
[2024-06-14T22:02:40.186+0000] {processor.py:153} INFO - Started process (PID=1249) to work on /home/airflow/.local/lib/python3.7/site-packages/airflow/example_dags/example_short_circuit_decorator.py
[2024-06-14T22:02:40.188+0000] {processor.py:743} INFO - Processing file /home/airflow/.local/lib/python3.7/site-packages/airflow/example_dags/example_short_circuit_decorator.py for tasks to queue
[2024-06-14T22:02:40.189+0000] {logging_mixin.py:137} INFO - [2024-06-14T22:02:40.189+0000] {dagbag.py:538} INFO - Filling up the DagBag from /home/airflow/.local/lib/python3.7/site-packages/airflow/example_dags/example_short_circuit_decorator.py
[2024-06-14T22:02:40.208+0000] {processor.py:753} INFO - DAG(s) dict_keys(['example_short_circuit_decorator']) retrieved from /home/airflow/.local/lib/python3.7/site-packages/airflow/example_dags/example_short_circuit_decorator.py
[2024-06-14T22:02:40.229+0000] {logging_mixin.py:137} INFO - [2024-06-14T22:02:40.229+0000] {dag.py:2690} INFO - Sync 1 DAGs
[2024-06-14T22:02:40.248+0000] {logging_mixin.py:137} INFO - [2024-06-14T22:02:40.247+0000] {dag.py:3441} INFO - Setting next_dagrun for example_short_circuit_decorator to 2024-06-13T22:02:40.246881+00:00, run_after=2024-06-14T22:02:40.246881+00:00
[2024-06-14T22:02:40.261+0000] {processor.py:175} INFO - Processing /home/airflow/.local/lib/python3.7/site-packages/airflow/example_dags/example_short_circuit_decorator.py took 0.078 seconds
[2024-06-14T22:03:10.796+0000] {processor.py:153} INFO - Started process (PID=1299) to work on /home/airflow/.local/lib/python3.7/site-packages/airflow/example_dags/example_short_circuit_decorator.py
[2024-06-14T22:03:10.797+0000] {processor.py:743} INFO - Processing file /home/airflow/.local/lib/python3.7/site-packages/airflow/example_dags/example_short_circuit_decorator.py for tasks to queue
[2024-06-14T22:03:10.798+0000] {logging_mixin.py:137} INFO - [2024-06-14T22:03:10.798+0000] {dagbag.py:538} INFO - Filling up the DagBag from /home/airflow/.local/lib/python3.7/site-packages/airflow/example_dags/example_short_circuit_decorator.py
[2024-06-14T22:03:10.817+0000] {processor.py:753} INFO - DAG(s) dict_keys(['example_short_circuit_decorator']) retrieved from /home/airflow/.local/lib/python3.7/site-packages/airflow/example_dags/example_short_circuit_decorator.py
[2024-06-14T22:03:10.839+0000] {logging_mixin.py:137} INFO - [2024-06-14T22:03:10.839+0000] {dag.py:2690} INFO - Sync 1 DAGs
[2024-06-14T22:03:10.856+0000] {logging_mixin.py:137} INFO - [2024-06-14T22:03:10.856+0000] {dag.py:3441} INFO - Setting next_dagrun for example_short_circuit_decorator to 2024-06-13T22:03:10.856251+00:00, run_after=2024-06-14T22:03:10.856251+00:00
[2024-06-14T22:03:10.869+0000] {processor.py:175} INFO - Processing /home/airflow/.local/lib/python3.7/site-packages/airflow/example_dags/example_short_circuit_decorator.py took 0.076 seconds
[2024-06-14T22:03:41.259+0000] {processor.py:153} INFO - Started process (PID=1349) to work on /home/airflow/.local/lib/python3.7/site-packages/airflow/example_dags/example_short_circuit_decorator.py
[2024-06-14T22:03:41.261+0000] {processor.py:743} INFO - Processing file /home/airflow/.local/lib/python3.7/site-packages/airflow/example_dags/example_short_circuit_decorator.py for tasks to queue
[2024-06-14T22:03:41.262+0000] {logging_mixin.py:137} INFO - [2024-06-14T22:03:41.261+0000] {dagbag.py:538} INFO - Filling up the DagBag from /home/airflow/.local/lib/python3.7/site-packages/airflow/example_dags/example_short_circuit_decorator.py
[2024-06-14T22:03:41.280+0000] {processor.py:753} INFO - DAG(s) dict_keys(['example_short_circuit_decorator']) retrieved from /home/airflow/.local/lib/python3.7/site-packages/airflow/example_dags/example_short_circuit_decorator.py
[2024-06-14T22:03:41.302+0000] {logging_mixin.py:137} INFO - [2024-06-14T22:03:41.302+0000] {dag.py:2690} INFO - Sync 1 DAGs
[2024-06-14T22:03:41.318+0000] {logging_mixin.py:137} INFO - [2024-06-14T22:03:41.318+0000] {dag.py:3441} INFO - Setting next_dagrun for example_short_circuit_decorator to 2024-06-13T22:03:41.318596+00:00, run_after=2024-06-14T22:03:41.318596+00:00
[2024-06-14T22:03:41.331+0000] {processor.py:175} INFO - Processing /home/airflow/.local/lib/python3.7/site-packages/airflow/example_dags/example_short_circuit_decorator.py took 0.075 seconds
[2024-06-14T22:04:11.675+0000] {processor.py:153} INFO - Started process (PID=1399) to work on /home/airflow/.local/lib/python3.7/site-packages/airflow/example_dags/example_short_circuit_decorator.py
[2024-06-14T22:04:11.677+0000] {processor.py:743} INFO - Processing file /home/airflow/.local/lib/python3.7/site-packages/airflow/example_dags/example_short_circuit_decorator.py for tasks to queue
[2024-06-14T22:04:11.678+0000] {logging_mixin.py:137} INFO - [2024-06-14T22:04:11.678+0000] {dagbag.py:538} INFO - Filling up the DagBag from /home/airflow/.local/lib/python3.7/site-packages/airflow/example_dags/example_short_circuit_decorator.py
[2024-06-14T22:04:11.696+0000] {processor.py:753} INFO - DAG(s) dict_keys(['example_short_circuit_decorator']) retrieved from /home/airflow/.local/lib/python3.7/site-packages/airflow/example_dags/example_short_circuit_decorator.py
[2024-06-14T22:04:11.717+0000] {logging_mixin.py:137} INFO - [2024-06-14T22:04:11.717+0000] {dag.py:2690} INFO - Sync 1 DAGs
[2024-06-14T22:04:11.733+0000] {logging_mixin.py:137} INFO - [2024-06-14T22:04:11.733+0000] {dag.py:3441} INFO - Setting next_dagrun for example_short_circuit_decorator to 2024-06-13T22:04:11.733473+00:00, run_after=2024-06-14T22:04:11.733473+00:00
[2024-06-14T22:04:11.745+0000] {processor.py:175} INFO - Processing /home/airflow/.local/lib/python3.7/site-packages/airflow/example_dags/example_short_circuit_decorator.py took 0.073 seconds
[2024-06-14T22:04:42.255+0000] {processor.py:153} INFO - Started process (PID=1448) to work on /home/airflow/.local/lib/python3.7/site-packages/airflow/example_dags/example_short_circuit_decorator.py
[2024-06-14T22:04:42.256+0000] {processor.py:743} INFO - Processing file /home/airflow/.local/lib/python3.7/site-packages/airflow/example_dags/example_short_circuit_decorator.py for tasks to queue
[2024-06-14T22:04:42.257+0000] {logging_mixin.py:137} INFO - [2024-06-14T22:04:42.257+0000] {dagbag.py:538} INFO - Filling up the DagBag from /home/airflow/.local/lib/python3.7/site-packages/airflow/example_dags/example_short_circuit_decorator.py
[2024-06-14T22:04:42.275+0000] {processor.py:753} INFO - DAG(s) dict_keys(['example_short_circuit_decorator']) retrieved from /home/airflow/.local/lib/python3.7/site-packages/airflow/example_dags/example_short_circuit_decorator.py
[2024-06-14T22:04:42.297+0000] {logging_mixin.py:137} INFO - [2024-06-14T22:04:42.297+0000] {dag.py:2690} INFO - Sync 1 DAGs
[2024-06-14T22:04:42.316+0000] {logging_mixin.py:137} INFO - [2024-06-14T22:04:42.316+0000] {dag.py:3441} INFO - Setting next_dagrun for example_short_circuit_decorator to 2024-06-13T22:04:42.315870+00:00, run_after=2024-06-14T22:04:42.315870+00:00
[2024-06-14T22:04:42.329+0000] {processor.py:175} INFO - Processing /home/airflow/.local/lib/python3.7/site-packages/airflow/example_dags/example_short_circuit_decorator.py took 0.077 seconds
[2024-06-14T22:05:12.865+0000] {processor.py:153} INFO - Started process (PID=1497) to work on /home/airflow/.local/lib/python3.7/site-packages/airflow/example_dags/example_short_circuit_decorator.py
[2024-06-14T22:05:12.867+0000] {processor.py:743} INFO - Processing file /home/airflow/.local/lib/python3.7/site-packages/airflow/example_dags/example_short_circuit_decorator.py for tasks to queue
[2024-06-14T22:05:12.868+0000] {logging_mixin.py:137} INFO - [2024-06-14T22:05:12.868+0000] {dagbag.py:538} INFO - Filling up the DagBag from /home/airflow/.local/lib/python3.7/site-packages/airflow/example_dags/example_short_circuit_decorator.py
[2024-06-14T22:05:12.886+0000] {processor.py:753} INFO - DAG(s) dict_keys(['example_short_circuit_decorator']) retrieved from /home/airflow/.local/lib/python3.7/site-packages/airflow/example_dags/example_short_circuit_decorator.py
[2024-06-14T22:05:12.908+0000] {logging_mixin.py:137} INFO - [2024-06-14T22:05:12.908+0000] {dag.py:2690} INFO - Sync 1 DAGs
[2024-06-14T22:05:12.925+0000] {logging_mixin.py:137} INFO - [2024-06-14T22:05:12.925+0000] {dag.py:3441} INFO - Setting next_dagrun for example_short_circuit_decorator to 2024-06-13T22:05:12.925453+00:00, run_after=2024-06-14T22:05:12.925453+00:00
[2024-06-14T22:05:12.938+0000] {processor.py:175} INFO - Processing /home/airflow/.local/lib/python3.7/site-packages/airflow/example_dags/example_short_circuit_decorator.py took 0.075 seconds
[2024-06-14T22:05:43.471+0000] {processor.py:153} INFO - Started process (PID=1547) to work on /home/airflow/.local/lib/python3.7/site-packages/airflow/example_dags/example_short_circuit_decorator.py
[2024-06-14T22:05:43.472+0000] {processor.py:743} INFO - Processing file /home/airflow/.local/lib/python3.7/site-packages/airflow/example_dags/example_short_circuit_decorator.py for tasks to queue
[2024-06-14T22:05:43.473+0000] {logging_mixin.py:137} INFO - [2024-06-14T22:05:43.473+0000] {dagbag.py:538} INFO - Filling up the DagBag from /home/airflow/.local/lib/python3.7/site-packages/airflow/example_dags/example_short_circuit_decorator.py
[2024-06-14T22:05:43.495+0000] {processor.py:753} INFO - DAG(s) dict_keys(['example_short_circuit_decorator']) retrieved from /home/airflow/.local/lib/python3.7/site-packages/airflow/example_dags/example_short_circuit_decorator.py
[2024-06-14T22:05:43.526+0000] {logging_mixin.py:137} INFO - [2024-06-14T22:05:43.526+0000] {dag.py:2690} INFO - Sync 1 DAGs
[2024-06-14T22:05:43.547+0000] {logging_mixin.py:137} INFO - [2024-06-14T22:05:43.547+0000] {dag.py:3441} INFO - Setting next_dagrun for example_short_circuit_decorator to 2024-06-13T22:05:43.546807+00:00, run_after=2024-06-14T22:05:43.546807+00:00
[2024-06-14T22:05:43.562+0000] {processor.py:175} INFO - Processing /home/airflow/.local/lib/python3.7/site-packages/airflow/example_dags/example_short_circuit_decorator.py took 0.094 seconds
[2024-06-14T22:06:14.111+0000] {processor.py:153} INFO - Started process (PID=1597) to work on /home/airflow/.local/lib/python3.7/site-packages/airflow/example_dags/example_short_circuit_decorator.py
[2024-06-14T22:06:14.113+0000] {processor.py:743} INFO - Processing file /home/airflow/.local/lib/python3.7/site-packages/airflow/example_dags/example_short_circuit_decorator.py for tasks to queue
[2024-06-14T22:06:14.113+0000] {logging_mixin.py:137} INFO - [2024-06-14T22:06:14.113+0000] {dagbag.py:538} INFO - Filling up the DagBag from /home/airflow/.local/lib/python3.7/site-packages/airflow/example_dags/example_short_circuit_decorator.py
[2024-06-14T22:06:14.133+0000] {processor.py:753} INFO - DAG(s) dict_keys(['example_short_circuit_decorator']) retrieved from /home/airflow/.local/lib/python3.7/site-packages/airflow/example_dags/example_short_circuit_decorator.py
[2024-06-14T22:06:14.154+0000] {logging_mixin.py:137} INFO - [2024-06-14T22:06:14.154+0000] {dag.py:2690} INFO - Sync 1 DAGs
[2024-06-14T22:06:14.172+0000] {logging_mixin.py:137} INFO - [2024-06-14T22:06:14.172+0000] {dag.py:3441} INFO - Setting next_dagrun for example_short_circuit_decorator to 2024-06-13T22:06:14.171949+00:00, run_after=2024-06-14T22:06:14.171949+00:00
[2024-06-14T22:06:14.184+0000] {processor.py:175} INFO - Processing /home/airflow/.local/lib/python3.7/site-packages/airflow/example_dags/example_short_circuit_decorator.py took 0.076 seconds
[2024-06-14T22:06:44.730+0000] {processor.py:153} INFO - Started process (PID=1647) to work on /home/airflow/.local/lib/python3.7/site-packages/airflow/example_dags/example_short_circuit_decorator.py
[2024-06-14T22:06:44.731+0000] {processor.py:743} INFO - Processing file /home/airflow/.local/lib/python3.7/site-packages/airflow/example_dags/example_short_circuit_decorator.py for tasks to queue
[2024-06-14T22:06:44.732+0000] {logging_mixin.py:137} INFO - [2024-06-14T22:06:44.732+0000] {dagbag.py:538} INFO - Filling up the DagBag from /home/airflow/.local/lib/python3.7/site-packages/airflow/example_dags/example_short_circuit_decorator.py
[2024-06-14T22:06:44.751+0000] {processor.py:753} INFO - DAG(s) dict_keys(['example_short_circuit_decorator']) retrieved from /home/airflow/.local/lib/python3.7/site-packages/airflow/example_dags/example_short_circuit_decorator.py
[2024-06-14T22:06:44.773+0000] {logging_mixin.py:137} INFO - [2024-06-14T22:06:44.772+0000] {dag.py:2690} INFO - Sync 1 DAGs
[2024-06-14T22:06:44.790+0000] {logging_mixin.py:137} INFO - [2024-06-14T22:06:44.790+0000] {dag.py:3441} INFO - Setting next_dagrun for example_short_circuit_decorator to 2024-06-13T22:06:44.790104+00:00, run_after=2024-06-14T22:06:44.790104+00:00
[2024-06-14T22:06:44.802+0000] {processor.py:175} INFO - Processing /home/airflow/.local/lib/python3.7/site-packages/airflow/example_dags/example_short_circuit_decorator.py took 0.075 seconds
[2024-06-14T22:07:15.186+0000] {processor.py:153} INFO - Started process (PID=1697) to work on /home/airflow/.local/lib/python3.7/site-packages/airflow/example_dags/example_short_circuit_decorator.py
[2024-06-14T22:07:15.188+0000] {processor.py:743} INFO - Processing file /home/airflow/.local/lib/python3.7/site-packages/airflow/example_dags/example_short_circuit_decorator.py for tasks to queue
[2024-06-14T22:07:15.189+0000] {logging_mixin.py:137} INFO - [2024-06-14T22:07:15.189+0000] {dagbag.py:538} INFO - Filling up the DagBag from /home/airflow/.local/lib/python3.7/site-packages/airflow/example_dags/example_short_circuit_decorator.py
[2024-06-14T22:07:15.209+0000] {processor.py:753} INFO - DAG(s) dict_keys(['example_short_circuit_decorator']) retrieved from /home/airflow/.local/lib/python3.7/site-packages/airflow/example_dags/example_short_circuit_decorator.py
[2024-06-14T22:07:15.232+0000] {logging_mixin.py:137} INFO - [2024-06-14T22:07:15.232+0000] {dag.py:2690} INFO - Sync 1 DAGs
[2024-06-14T22:07:15.251+0000] {logging_mixin.py:137} INFO - [2024-06-14T22:07:15.251+0000] {dag.py:3441} INFO - Setting next_dagrun for example_short_circuit_decorator to 2024-06-13T22:07:15.250976+00:00, run_after=2024-06-14T22:07:15.250976+00:00
[2024-06-14T22:07:15.266+0000] {processor.py:175} INFO - Processing /home/airflow/.local/lib/python3.7/site-packages/airflow/example_dags/example_short_circuit_decorator.py took 0.084 seconds
[2024-06-14T22:07:45.729+0000] {processor.py:153} INFO - Started process (PID=1747) to work on /home/airflow/.local/lib/python3.7/site-packages/airflow/example_dags/example_short_circuit_decorator.py
[2024-06-14T22:07:45.731+0000] {processor.py:743} INFO - Processing file /home/airflow/.local/lib/python3.7/site-packages/airflow/example_dags/example_short_circuit_decorator.py for tasks to queue
[2024-06-14T22:07:45.732+0000] {logging_mixin.py:137} INFO - [2024-06-14T22:07:45.732+0000] {dagbag.py:538} INFO - Filling up the DagBag from /home/airflow/.local/lib/python3.7/site-packages/airflow/example_dags/example_short_circuit_decorator.py
[2024-06-14T22:07:45.750+0000] {processor.py:753} INFO - DAG(s) dict_keys(['example_short_circuit_decorator']) retrieved from /home/airflow/.local/lib/python3.7/site-packages/airflow/example_dags/example_short_circuit_decorator.py
[2024-06-14T22:07:45.772+0000] {logging_mixin.py:137} INFO - [2024-06-14T22:07:45.772+0000] {dag.py:2690} INFO - Sync 1 DAGs
[2024-06-14T22:07:45.790+0000] {logging_mixin.py:137} INFO - [2024-06-14T22:07:45.790+0000] {dag.py:3441} INFO - Setting next_dagrun for example_short_circuit_decorator to 2024-06-13T22:07:45.790579+00:00, run_after=2024-06-14T22:07:45.790579+00:00
[2024-06-14T22:07:45.805+0000] {processor.py:175} INFO - Processing /home/airflow/.local/lib/python3.7/site-packages/airflow/example_dags/example_short_circuit_decorator.py took 0.078 seconds
[2024-06-14T22:08:16.355+0000] {processor.py:153} INFO - Started process (PID=1797) to work on /home/airflow/.local/lib/python3.7/site-packages/airflow/example_dags/example_short_circuit_decorator.py
[2024-06-14T22:08:16.356+0000] {processor.py:743} INFO - Processing file /home/airflow/.local/lib/python3.7/site-packages/airflow/example_dags/example_short_circuit_decorator.py for tasks to queue
[2024-06-14T22:08:16.357+0000] {logging_mixin.py:137} INFO - [2024-06-14T22:08:16.357+0000] {dagbag.py:538} INFO - Filling up the DagBag from /home/airflow/.local/lib/python3.7/site-packages/airflow/example_dags/example_short_circuit_decorator.py
[2024-06-14T22:08:16.377+0000] {processor.py:753} INFO - DAG(s) dict_keys(['example_short_circuit_decorator']) retrieved from /home/airflow/.local/lib/python3.7/site-packages/airflow/example_dags/example_short_circuit_decorator.py
[2024-06-14T22:08:16.398+0000] {logging_mixin.py:137} INFO - [2024-06-14T22:08:16.398+0000] {dag.py:2690} INFO - Sync 1 DAGs
[2024-06-14T22:08:16.415+0000] {logging_mixin.py:137} INFO - [2024-06-14T22:08:16.415+0000] {dag.py:3441} INFO - Setting next_dagrun for example_short_circuit_decorator to 2024-06-13T22:08:16.415523+00:00, run_after=2024-06-14T22:08:16.415523+00:00
[2024-06-14T22:08:16.428+0000] {processor.py:175} INFO - Processing /home/airflow/.local/lib/python3.7/site-packages/airflow/example_dags/example_short_circuit_decorator.py took 0.076 seconds
[2024-06-14T22:08:47.068+0000] {processor.py:153} INFO - Started process (PID=1847) to work on /home/airflow/.local/lib/python3.7/site-packages/airflow/example_dags/example_short_circuit_decorator.py
[2024-06-14T22:08:47.069+0000] {processor.py:743} INFO - Processing file /home/airflow/.local/lib/python3.7/site-packages/airflow/example_dags/example_short_circuit_decorator.py for tasks to queue
[2024-06-14T22:08:47.070+0000] {logging_mixin.py:137} INFO - [2024-06-14T22:08:47.070+0000] {dagbag.py:538} INFO - Filling up the DagBag from /home/airflow/.local/lib/python3.7/site-packages/airflow/example_dags/example_short_circuit_decorator.py
[2024-06-14T22:08:47.088+0000] {processor.py:753} INFO - DAG(s) dict_keys(['example_short_circuit_decorator']) retrieved from /home/airflow/.local/lib/python3.7/site-packages/airflow/example_dags/example_short_circuit_decorator.py
[2024-06-14T22:08:47.108+0000] {logging_mixin.py:137} INFO - [2024-06-14T22:08:47.108+0000] {dag.py:2690} INFO - Sync 1 DAGs
[2024-06-14T22:08:47.126+0000] {logging_mixin.py:137} INFO - [2024-06-14T22:08:47.125+0000] {dag.py:3441} INFO - Setting next_dagrun for example_short_circuit_decorator to 2024-06-13T22:08:47.125726+00:00, run_after=2024-06-14T22:08:47.125726+00:00
[2024-06-14T22:08:47.139+0000] {processor.py:175} INFO - Processing /home/airflow/.local/lib/python3.7/site-packages/airflow/example_dags/example_short_circuit_decorator.py took 0.074 seconds
[2024-06-14T22:09:17.533+0000] {processor.py:153} INFO - Started process (PID=1897) to work on /home/airflow/.local/lib/python3.7/site-packages/airflow/example_dags/example_short_circuit_decorator.py
[2024-06-14T22:09:17.535+0000] {processor.py:743} INFO - Processing file /home/airflow/.local/lib/python3.7/site-packages/airflow/example_dags/example_short_circuit_decorator.py for tasks to queue
[2024-06-14T22:09:17.536+0000] {logging_mixin.py:137} INFO - [2024-06-14T22:09:17.536+0000] {dagbag.py:538} INFO - Filling up the DagBag from /home/airflow/.local/lib/python3.7/site-packages/airflow/example_dags/example_short_circuit_decorator.py
[2024-06-14T22:09:17.554+0000] {processor.py:753} INFO - DAG(s) dict_keys(['example_short_circuit_decorator']) retrieved from /home/airflow/.local/lib/python3.7/site-packages/airflow/example_dags/example_short_circuit_decorator.py
[2024-06-14T22:09:17.577+0000] {logging_mixin.py:137} INFO - [2024-06-14T22:09:17.577+0000] {dag.py:2690} INFO - Sync 1 DAGs
[2024-06-14T22:09:17.597+0000] {logging_mixin.py:137} INFO - [2024-06-14T22:09:17.597+0000] {dag.py:3441} INFO - Setting next_dagrun for example_short_circuit_decorator to 2024-06-13T22:09:17.596749+00:00, run_after=2024-06-14T22:09:17.596749+00:00
[2024-06-14T22:09:17.612+0000] {processor.py:175} INFO - Processing /home/airflow/.local/lib/python3.7/site-packages/airflow/example_dags/example_short_circuit_decorator.py took 0.082 seconds
[2024-06-14T22:09:48.084+0000] {processor.py:153} INFO - Started process (PID=1947) to work on /home/airflow/.local/lib/python3.7/site-packages/airflow/example_dags/example_short_circuit_decorator.py
[2024-06-14T22:09:48.085+0000] {processor.py:743} INFO - Processing file /home/airflow/.local/lib/python3.7/site-packages/airflow/example_dags/example_short_circuit_decorator.py for tasks to queue
[2024-06-14T22:09:48.086+0000] {logging_mixin.py:137} INFO - [2024-06-14T22:09:48.086+0000] {dagbag.py:538} INFO - Filling up the DagBag from /home/airflow/.local/lib/python3.7/site-packages/airflow/example_dags/example_short_circuit_decorator.py
[2024-06-14T22:09:48.103+0000] {processor.py:753} INFO - DAG(s) dict_keys(['example_short_circuit_decorator']) retrieved from /home/airflow/.local/lib/python3.7/site-packages/airflow/example_dags/example_short_circuit_decorator.py
[2024-06-14T22:09:48.125+0000] {logging_mixin.py:137} INFO - [2024-06-14T22:09:48.125+0000] {dag.py:2690} INFO - Sync 1 DAGs
[2024-06-14T22:09:48.143+0000] {logging_mixin.py:137} INFO - [2024-06-14T22:09:48.143+0000] {dag.py:3441} INFO - Setting next_dagrun for example_short_circuit_decorator to 2024-06-13T22:09:48.143444+00:00, run_after=2024-06-14T22:09:48.143444+00:00
[2024-06-14T22:09:48.156+0000] {processor.py:175} INFO - Processing /home/airflow/.local/lib/python3.7/site-packages/airflow/example_dags/example_short_circuit_decorator.py took 0.076 seconds
[2024-06-14T22:10:18.555+0000] {processor.py:153} INFO - Started process (PID=1997) to work on /home/airflow/.local/lib/python3.7/site-packages/airflow/example_dags/example_short_circuit_decorator.py
[2024-06-14T22:10:18.556+0000] {processor.py:743} INFO - Processing file /home/airflow/.local/lib/python3.7/site-packages/airflow/example_dags/example_short_circuit_decorator.py for tasks to queue
[2024-06-14T22:10:18.557+0000] {logging_mixin.py:137} INFO - [2024-06-14T22:10:18.557+0000] {dagbag.py:538} INFO - Filling up the DagBag from /home/airflow/.local/lib/python3.7/site-packages/airflow/example_dags/example_short_circuit_decorator.py
[2024-06-14T22:10:18.576+0000] {processor.py:753} INFO - DAG(s) dict_keys(['example_short_circuit_decorator']) retrieved from /home/airflow/.local/lib/python3.7/site-packages/airflow/example_dags/example_short_circuit_decorator.py
[2024-06-14T22:10:18.597+0000] {logging_mixin.py:137} INFO - [2024-06-14T22:10:18.597+0000] {dag.py:2690} INFO - Sync 1 DAGs
[2024-06-14T22:10:18.615+0000] {logging_mixin.py:137} INFO - [2024-06-14T22:10:18.615+0000] {dag.py:3441} INFO - Setting next_dagrun for example_short_circuit_decorator to 2024-06-13T22:10:18.615042+00:00, run_after=2024-06-14T22:10:18.615042+00:00
[2024-06-14T22:10:18.629+0000] {processor.py:175} INFO - Processing /home/airflow/.local/lib/python3.7/site-packages/airflow/example_dags/example_short_circuit_decorator.py took 0.077 seconds
[2024-06-14T22:58:49.032+0000] {processor.py:153} INFO - Started process (PID=2047) to work on /home/airflow/.local/lib/python3.7/site-packages/airflow/example_dags/example_short_circuit_decorator.py
[2024-06-14T22:58:49.033+0000] {processor.py:743} INFO - Processing file /home/airflow/.local/lib/python3.7/site-packages/airflow/example_dags/example_short_circuit_decorator.py for tasks to queue
[2024-06-14T22:58:49.034+0000] {logging_mixin.py:137} INFO - [2024-06-14T22:58:49.034+0000] {dagbag.py:538} INFO - Filling up the DagBag from /home/airflow/.local/lib/python3.7/site-packages/airflow/example_dags/example_short_circuit_decorator.py
[2024-06-14T22:58:49.052+0000] {processor.py:753} INFO - DAG(s) dict_keys(['example_short_circuit_decorator']) retrieved from /home/airflow/.local/lib/python3.7/site-packages/airflow/example_dags/example_short_circuit_decorator.py
[2024-06-14T22:58:49.073+0000] {logging_mixin.py:137} INFO - [2024-06-14T22:58:49.073+0000] {dag.py:2690} INFO - Sync 1 DAGs
[2024-06-14T22:58:49.090+0000] {logging_mixin.py:137} INFO - [2024-06-14T22:58:49.090+0000] {dag.py:3441} INFO - Setting next_dagrun for example_short_circuit_decorator to 2024-06-13T22:58:49.090345+00:00, run_after=2024-06-14T22:58:49.090345+00:00
[2024-06-14T22:58:49.103+0000] {processor.py:175} INFO - Processing /home/airflow/.local/lib/python3.7/site-packages/airflow/example_dags/example_short_circuit_decorator.py took 0.074 seconds
[2024-06-14T23:14:26.022+0000] {processor.py:153} INFO - Started process (PID=2104) to work on /home/airflow/.local/lib/python3.7/site-packages/airflow/example_dags/example_short_circuit_decorator.py
[2024-06-14T23:14:26.034+0000] {processor.py:743} INFO - Processing file /home/airflow/.local/lib/python3.7/site-packages/airflow/example_dags/example_short_circuit_decorator.py for tasks to queue
[2024-06-14T23:14:26.038+0000] {logging_mixin.py:137} INFO - [2024-06-14T23:14:26.038+0000] {dagbag.py:538} INFO - Filling up the DagBag from /home/airflow/.local/lib/python3.7/site-packages/airflow/example_dags/example_short_circuit_decorator.py
[2024-06-14T23:14:26.125+0000] {processor.py:753} INFO - DAG(s) dict_keys(['example_short_circuit_decorator']) retrieved from /home/airflow/.local/lib/python3.7/site-packages/airflow/example_dags/example_short_circuit_decorator.py
[2024-06-14T23:14:26.324+0000] {logging_mixin.py:137} INFO - [2024-06-14T23:14:26.323+0000] {dag.py:2690} INFO - Sync 1 DAGs
[2024-06-14T23:14:26.514+0000] {logging_mixin.py:137} INFO - [2024-06-14T23:14:26.508+0000] {dag.py:3441} INFO - Setting next_dagrun for example_short_circuit_decorator to 2024-06-13T23:14:26.507756+00:00, run_after=2024-06-14T23:14:26.507756+00:00
[2024-06-14T23:14:26.691+0000] {processor.py:175} INFO - Processing /home/airflow/.local/lib/python3.7/site-packages/airflow/example_dags/example_short_circuit_decorator.py took 0.691 seconds
