[2024-06-14T21:50:28.396+0000] {processor.py:153} INFO - Started process (PID=75) to work on /home/airflow/.local/lib/python3.7/site-packages/airflow/example_dags/example_nested_branch_dag.py
[2024-06-14T21:50:28.398+0000] {processor.py:743} INFO - Processing file /home/airflow/.local/lib/python3.7/site-packages/airflow/example_dags/example_nested_branch_dag.py for tasks to queue
[2024-06-14T21:50:28.399+0000] {logging_mixin.py:137} INFO - [2024-06-14T21:50:28.399+0000] {dagbag.py:538} INFO - Filling up the DagBag from /home/airflow/.local/lib/python3.7/site-packages/airflow/example_dags/example_nested_branch_dag.py
[2024-06-14T21:50:28.424+0000] {processor.py:753} INFO - DAG(s) dict_keys(['example_nested_branch_dag']) retrieved from /home/airflow/.local/lib/python3.7/site-packages/airflow/example_dags/example_nested_branch_dag.py
[2024-06-14T21:50:28.448+0000] {logging_mixin.py:137} INFO - [2024-06-14T21:50:28.448+0000] {dag.py:2690} INFO - Sync 1 DAGs
[2024-06-14T21:50:28.470+0000] {logging_mixin.py:137} INFO - [2024-06-14T21:50:28.469+0000] {dag.py:3441} INFO - Setting next_dagrun for example_nested_branch_dag to 2024-06-13T00:00:00+00:00, run_after=2024-06-14T00:00:00+00:00
[2024-06-14T21:50:28.488+0000] {processor.py:175} INFO - Processing /home/airflow/.local/lib/python3.7/site-packages/airflow/example_dags/example_nested_branch_dag.py took 0.098 seconds
[2024-06-14T21:50:59.218+0000] {processor.py:153} INFO - Started process (PID=125) to work on /home/airflow/.local/lib/python3.7/site-packages/airflow/example_dags/example_nested_branch_dag.py
[2024-06-14T21:50:59.219+0000] {processor.py:743} INFO - Processing file /home/airflow/.local/lib/python3.7/site-packages/airflow/example_dags/example_nested_branch_dag.py for tasks to queue
[2024-06-14T21:50:59.220+0000] {logging_mixin.py:137} INFO - [2024-06-14T21:50:59.220+0000] {dagbag.py:538} INFO - Filling up the DagBag from /home/airflow/.local/lib/python3.7/site-packages/airflow/example_dags/example_nested_branch_dag.py
[2024-06-14T21:50:59.238+0000] {processor.py:753} INFO - DAG(s) dict_keys(['example_nested_branch_dag']) retrieved from /home/airflow/.local/lib/python3.7/site-packages/airflow/example_dags/example_nested_branch_dag.py
[2024-06-14T21:50:59.260+0000] {logging_mixin.py:137} INFO - [2024-06-14T21:50:59.260+0000] {dag.py:2690} INFO - Sync 1 DAGs
[2024-06-14T21:50:59.278+0000] {logging_mixin.py:137} INFO - [2024-06-14T21:50:59.278+0000] {dag.py:3441} INFO - Setting next_dagrun for example_nested_branch_dag to 2024-06-13T00:00:00+00:00, run_after=2024-06-14T00:00:00+00:00
[2024-06-14T21:50:59.291+0000] {processor.py:175} INFO - Processing /home/airflow/.local/lib/python3.7/site-packages/airflow/example_dags/example_nested_branch_dag.py took 0.076 seconds
[2024-06-14T21:51:29.666+0000] {processor.py:153} INFO - Started process (PID=175) to work on /home/airflow/.local/lib/python3.7/site-packages/airflow/example_dags/example_nested_branch_dag.py
[2024-06-14T21:51:29.668+0000] {processor.py:743} INFO - Processing file /home/airflow/.local/lib/python3.7/site-packages/airflow/example_dags/example_nested_branch_dag.py for tasks to queue
[2024-06-14T21:51:29.669+0000] {logging_mixin.py:137} INFO - [2024-06-14T21:51:29.669+0000] {dagbag.py:538} INFO - Filling up the DagBag from /home/airflow/.local/lib/python3.7/site-packages/airflow/example_dags/example_nested_branch_dag.py
[2024-06-14T21:51:29.687+0000] {processor.py:753} INFO - DAG(s) dict_keys(['example_nested_branch_dag']) retrieved from /home/airflow/.local/lib/python3.7/site-packages/airflow/example_dags/example_nested_branch_dag.py
[2024-06-14T21:51:29.711+0000] {logging_mixin.py:137} INFO - [2024-06-14T21:51:29.710+0000] {dag.py:2690} INFO - Sync 1 DAGs
[2024-06-14T21:51:29.730+0000] {logging_mixin.py:137} INFO - [2024-06-14T21:51:29.730+0000] {dag.py:3441} INFO - Setting next_dagrun for example_nested_branch_dag to 2024-06-13T00:00:00+00:00, run_after=2024-06-14T00:00:00+00:00
[2024-06-14T21:51:29.744+0000] {processor.py:175} INFO - Processing /home/airflow/.local/lib/python3.7/site-packages/airflow/example_dags/example_nested_branch_dag.py took 0.081 seconds
[2024-06-14T21:52:00.123+0000] {processor.py:153} INFO - Started process (PID=225) to work on /home/airflow/.local/lib/python3.7/site-packages/airflow/example_dags/example_nested_branch_dag.py
[2024-06-14T21:52:00.124+0000] {processor.py:743} INFO - Processing file /home/airflow/.local/lib/python3.7/site-packages/airflow/example_dags/example_nested_branch_dag.py for tasks to queue
[2024-06-14T21:52:00.125+0000] {logging_mixin.py:137} INFO - [2024-06-14T21:52:00.124+0000] {dagbag.py:538} INFO - Filling up the DagBag from /home/airflow/.local/lib/python3.7/site-packages/airflow/example_dags/example_nested_branch_dag.py
[2024-06-14T21:52:00.142+0000] {processor.py:753} INFO - DAG(s) dict_keys(['example_nested_branch_dag']) retrieved from /home/airflow/.local/lib/python3.7/site-packages/airflow/example_dags/example_nested_branch_dag.py
[2024-06-14T21:52:00.163+0000] {logging_mixin.py:137} INFO - [2024-06-14T21:52:00.163+0000] {dag.py:2690} INFO - Sync 1 DAGs
[2024-06-14T21:52:00.181+0000] {logging_mixin.py:137} INFO - [2024-06-14T21:52:00.181+0000] {dag.py:3441} INFO - Setting next_dagrun for example_nested_branch_dag to 2024-06-13T00:00:00+00:00, run_after=2024-06-14T00:00:00+00:00
[2024-06-14T21:52:00.193+0000] {processor.py:175} INFO - Processing /home/airflow/.local/lib/python3.7/site-packages/airflow/example_dags/example_nested_branch_dag.py took 0.073 seconds
[2024-06-14T21:52:30.806+0000] {processor.py:153} INFO - Started process (PID=275) to work on /home/airflow/.local/lib/python3.7/site-packages/airflow/example_dags/example_nested_branch_dag.py
[2024-06-14T21:52:30.807+0000] {processor.py:743} INFO - Processing file /home/airflow/.local/lib/python3.7/site-packages/airflow/example_dags/example_nested_branch_dag.py for tasks to queue
[2024-06-14T21:52:30.808+0000] {logging_mixin.py:137} INFO - [2024-06-14T21:52:30.808+0000] {dagbag.py:538} INFO - Filling up the DagBag from /home/airflow/.local/lib/python3.7/site-packages/airflow/example_dags/example_nested_branch_dag.py
[2024-06-14T21:52:30.830+0000] {processor.py:753} INFO - DAG(s) dict_keys(['example_nested_branch_dag']) retrieved from /home/airflow/.local/lib/python3.7/site-packages/airflow/example_dags/example_nested_branch_dag.py
[2024-06-14T21:52:30.861+0000] {logging_mixin.py:137} INFO - [2024-06-14T21:52:30.861+0000] {dag.py:2690} INFO - Sync 1 DAGs
[2024-06-14T21:52:30.883+0000] {logging_mixin.py:137} INFO - [2024-06-14T21:52:30.882+0000] {dag.py:3441} INFO - Setting next_dagrun for example_nested_branch_dag to 2024-06-13T00:00:00+00:00, run_after=2024-06-14T00:00:00+00:00
[2024-06-14T21:52:30.899+0000] {processor.py:175} INFO - Processing /home/airflow/.local/lib/python3.7/site-packages/airflow/example_dags/example_nested_branch_dag.py took 0.096 seconds
[2024-06-14T21:53:01.119+0000] {processor.py:153} INFO - Started process (PID=324) to work on /home/airflow/.local/lib/python3.7/site-packages/airflow/example_dags/example_nested_branch_dag.py
[2024-06-14T21:53:01.121+0000] {processor.py:743} INFO - Processing file /home/airflow/.local/lib/python3.7/site-packages/airflow/example_dags/example_nested_branch_dag.py for tasks to queue
[2024-06-14T21:53:01.122+0000] {logging_mixin.py:137} INFO - [2024-06-14T21:53:01.122+0000] {dagbag.py:538} INFO - Filling up the DagBag from /home/airflow/.local/lib/python3.7/site-packages/airflow/example_dags/example_nested_branch_dag.py
[2024-06-14T21:53:01.140+0000] {processor.py:753} INFO - DAG(s) dict_keys(['example_nested_branch_dag']) retrieved from /home/airflow/.local/lib/python3.7/site-packages/airflow/example_dags/example_nested_branch_dag.py
[2024-06-14T21:53:01.164+0000] {logging_mixin.py:137} INFO - [2024-06-14T21:53:01.164+0000] {dag.py:2690} INFO - Sync 1 DAGs
[2024-06-14T21:53:01.183+0000] {logging_mixin.py:137} INFO - [2024-06-14T21:53:01.183+0000] {dag.py:3441} INFO - Setting next_dagrun for example_nested_branch_dag to 2024-06-13T00:00:00+00:00, run_after=2024-06-14T00:00:00+00:00
[2024-06-14T21:53:01.199+0000] {processor.py:175} INFO - Processing /home/airflow/.local/lib/python3.7/site-packages/airflow/example_dags/example_nested_branch_dag.py took 0.082 seconds
[2024-06-14T21:53:31.844+0000] {processor.py:153} INFO - Started process (PID=374) to work on /home/airflow/.local/lib/python3.7/site-packages/airflow/example_dags/example_nested_branch_dag.py
[2024-06-14T21:53:31.846+0000] {processor.py:743} INFO - Processing file /home/airflow/.local/lib/python3.7/site-packages/airflow/example_dags/example_nested_branch_dag.py for tasks to queue
[2024-06-14T21:53:31.851+0000] {logging_mixin.py:137} INFO - [2024-06-14T21:53:31.850+0000] {dagbag.py:538} INFO - Filling up the DagBag from /home/airflow/.local/lib/python3.7/site-packages/airflow/example_dags/example_nested_branch_dag.py
[2024-06-14T21:53:31.873+0000] {processor.py:753} INFO - DAG(s) dict_keys(['example_nested_branch_dag']) retrieved from /home/airflow/.local/lib/python3.7/site-packages/airflow/example_dags/example_nested_branch_dag.py
[2024-06-14T21:53:31.902+0000] {logging_mixin.py:137} INFO - [2024-06-14T21:53:31.902+0000] {dag.py:2690} INFO - Sync 1 DAGs
[2024-06-14T21:53:31.923+0000] {logging_mixin.py:137} INFO - [2024-06-14T21:53:31.923+0000] {dag.py:3441} INFO - Setting next_dagrun for example_nested_branch_dag to 2024-06-13T00:00:00+00:00, run_after=2024-06-14T00:00:00+00:00
[2024-06-14T21:53:31.939+0000] {processor.py:175} INFO - Processing /home/airflow/.local/lib/python3.7/site-packages/airflow/example_dags/example_nested_branch_dag.py took 0.098 seconds
[2024-06-14T21:54:02.674+0000] {processor.py:153} INFO - Started process (PID=424) to work on /home/airflow/.local/lib/python3.7/site-packages/airflow/example_dags/example_nested_branch_dag.py
[2024-06-14T21:54:02.676+0000] {processor.py:743} INFO - Processing file /home/airflow/.local/lib/python3.7/site-packages/airflow/example_dags/example_nested_branch_dag.py for tasks to queue
[2024-06-14T21:54:02.677+0000] {logging_mixin.py:137} INFO - [2024-06-14T21:54:02.677+0000] {dagbag.py:538} INFO - Filling up the DagBag from /home/airflow/.local/lib/python3.7/site-packages/airflow/example_dags/example_nested_branch_dag.py
[2024-06-14T21:54:02.695+0000] {processor.py:753} INFO - DAG(s) dict_keys(['example_nested_branch_dag']) retrieved from /home/airflow/.local/lib/python3.7/site-packages/airflow/example_dags/example_nested_branch_dag.py
[2024-06-14T21:54:02.719+0000] {logging_mixin.py:137} INFO - [2024-06-14T21:54:02.719+0000] {dag.py:2690} INFO - Sync 1 DAGs
[2024-06-14T21:54:02.740+0000] {logging_mixin.py:137} INFO - [2024-06-14T21:54:02.740+0000] {dag.py:3441} INFO - Setting next_dagrun for example_nested_branch_dag to 2024-06-13T00:00:00+00:00, run_after=2024-06-14T00:00:00+00:00
[2024-06-14T21:54:02.753+0000] {processor.py:175} INFO - Processing /home/airflow/.local/lib/python3.7/site-packages/airflow/example_dags/example_nested_branch_dag.py took 0.081 seconds
[2024-06-14T21:54:33.293+0000] {processor.py:153} INFO - Started process (PID=474) to work on /home/airflow/.local/lib/python3.7/site-packages/airflow/example_dags/example_nested_branch_dag.py
[2024-06-14T21:54:33.295+0000] {processor.py:743} INFO - Processing file /home/airflow/.local/lib/python3.7/site-packages/airflow/example_dags/example_nested_branch_dag.py for tasks to queue
[2024-06-14T21:54:33.296+0000] {logging_mixin.py:137} INFO - [2024-06-14T21:54:33.296+0000] {dagbag.py:538} INFO - Filling up the DagBag from /home/airflow/.local/lib/python3.7/site-packages/airflow/example_dags/example_nested_branch_dag.py
[2024-06-14T21:54:33.314+0000] {processor.py:753} INFO - DAG(s) dict_keys(['example_nested_branch_dag']) retrieved from /home/airflow/.local/lib/python3.7/site-packages/airflow/example_dags/example_nested_branch_dag.py
[2024-06-14T21:54:33.336+0000] {logging_mixin.py:137} INFO - [2024-06-14T21:54:33.336+0000] {dag.py:2690} INFO - Sync 1 DAGs
[2024-06-14T21:54:33.355+0000] {logging_mixin.py:137} INFO - [2024-06-14T21:54:33.355+0000] {dag.py:3441} INFO - Setting next_dagrun for example_nested_branch_dag to 2024-06-13T00:00:00+00:00, run_after=2024-06-14T00:00:00+00:00
[2024-06-14T21:54:33.368+0000] {processor.py:175} INFO - Processing /home/airflow/.local/lib/python3.7/site-packages/airflow/example_dags/example_nested_branch_dag.py took 0.078 seconds
[2024-06-14T21:55:03.918+0000] {processor.py:153} INFO - Started process (PID=524) to work on /home/airflow/.local/lib/python3.7/site-packages/airflow/example_dags/example_nested_branch_dag.py
[2024-06-14T21:55:03.919+0000] {processor.py:743} INFO - Processing file /home/airflow/.local/lib/python3.7/site-packages/airflow/example_dags/example_nested_branch_dag.py for tasks to queue
[2024-06-14T21:55:03.920+0000] {logging_mixin.py:137} INFO - [2024-06-14T21:55:03.920+0000] {dagbag.py:538} INFO - Filling up the DagBag from /home/airflow/.local/lib/python3.7/site-packages/airflow/example_dags/example_nested_branch_dag.py
[2024-06-14T21:55:03.938+0000] {processor.py:753} INFO - DAG(s) dict_keys(['example_nested_branch_dag']) retrieved from /home/airflow/.local/lib/python3.7/site-packages/airflow/example_dags/example_nested_branch_dag.py
[2024-06-14T21:55:03.960+0000] {logging_mixin.py:137} INFO - [2024-06-14T21:55:03.959+0000] {dag.py:2690} INFO - Sync 1 DAGs
[2024-06-14T21:55:03.981+0000] {logging_mixin.py:137} INFO - [2024-06-14T21:55:03.981+0000] {dag.py:3441} INFO - Setting next_dagrun for example_nested_branch_dag to 2024-06-13T00:00:00+00:00, run_after=2024-06-14T00:00:00+00:00
[2024-06-14T21:55:03.996+0000] {processor.py:175} INFO - Processing /home/airflow/.local/lib/python3.7/site-packages/airflow/example_dags/example_nested_branch_dag.py took 0.081 seconds
[2024-06-14T21:55:34.437+0000] {processor.py:153} INFO - Started process (PID=574) to work on /home/airflow/.local/lib/python3.7/site-packages/airflow/example_dags/example_nested_branch_dag.py
[2024-06-14T21:55:34.439+0000] {processor.py:743} INFO - Processing file /home/airflow/.local/lib/python3.7/site-packages/airflow/example_dags/example_nested_branch_dag.py for tasks to queue
[2024-06-14T21:55:34.439+0000] {logging_mixin.py:137} INFO - [2024-06-14T21:55:34.439+0000] {dagbag.py:538} INFO - Filling up the DagBag from /home/airflow/.local/lib/python3.7/site-packages/airflow/example_dags/example_nested_branch_dag.py
[2024-06-14T21:55:34.458+0000] {processor.py:753} INFO - DAG(s) dict_keys(['example_nested_branch_dag']) retrieved from /home/airflow/.local/lib/python3.7/site-packages/airflow/example_dags/example_nested_branch_dag.py
[2024-06-14T21:55:34.480+0000] {logging_mixin.py:137} INFO - [2024-06-14T21:55:34.480+0000] {dag.py:2690} INFO - Sync 1 DAGs
[2024-06-14T21:55:34.500+0000] {logging_mixin.py:137} INFO - [2024-06-14T21:55:34.500+0000] {dag.py:3441} INFO - Setting next_dagrun for example_nested_branch_dag to 2024-06-13T00:00:00+00:00, run_after=2024-06-14T00:00:00+00:00
[2024-06-14T21:55:34.516+0000] {processor.py:175} INFO - Processing /home/airflow/.local/lib/python3.7/site-packages/airflow/example_dags/example_nested_branch_dag.py took 0.082 seconds
[2024-06-14T21:56:05.347+0000] {processor.py:153} INFO - Started process (PID=624) to work on /home/airflow/.local/lib/python3.7/site-packages/airflow/example_dags/example_nested_branch_dag.py
[2024-06-14T21:56:05.348+0000] {processor.py:743} INFO - Processing file /home/airflow/.local/lib/python3.7/site-packages/airflow/example_dags/example_nested_branch_dag.py for tasks to queue
[2024-06-14T21:56:05.349+0000] {logging_mixin.py:137} INFO - [2024-06-14T21:56:05.349+0000] {dagbag.py:538} INFO - Filling up the DagBag from /home/airflow/.local/lib/python3.7/site-packages/airflow/example_dags/example_nested_branch_dag.py
[2024-06-14T21:56:05.371+0000] {processor.py:753} INFO - DAG(s) dict_keys(['example_nested_branch_dag']) retrieved from /home/airflow/.local/lib/python3.7/site-packages/airflow/example_dags/example_nested_branch_dag.py
[2024-06-14T21:56:05.417+0000] {logging_mixin.py:137} INFO - [2024-06-14T21:56:05.417+0000] {dag.py:2690} INFO - Sync 1 DAGs
[2024-06-14T21:56:05.437+0000] {logging_mixin.py:137} INFO - [2024-06-14T21:56:05.437+0000] {dag.py:3441} INFO - Setting next_dagrun for example_nested_branch_dag to 2024-06-13T00:00:00+00:00, run_after=2024-06-14T00:00:00+00:00
[2024-06-14T21:56:05.486+0000] {processor.py:175} INFO - Processing /home/airflow/.local/lib/python3.7/site-packages/airflow/example_dags/example_nested_branch_dag.py took 0.143 seconds
[2024-06-14T21:56:36.131+0000] {processor.py:153} INFO - Started process (PID=674) to work on /home/airflow/.local/lib/python3.7/site-packages/airflow/example_dags/example_nested_branch_dag.py
[2024-06-14T21:56:36.133+0000] {processor.py:743} INFO - Processing file /home/airflow/.local/lib/python3.7/site-packages/airflow/example_dags/example_nested_branch_dag.py for tasks to queue
[2024-06-14T21:56:36.134+0000] {logging_mixin.py:137} INFO - [2024-06-14T21:56:36.133+0000] {dagbag.py:538} INFO - Filling up the DagBag from /home/airflow/.local/lib/python3.7/site-packages/airflow/example_dags/example_nested_branch_dag.py
[2024-06-14T21:56:36.152+0000] {processor.py:753} INFO - DAG(s) dict_keys(['example_nested_branch_dag']) retrieved from /home/airflow/.local/lib/python3.7/site-packages/airflow/example_dags/example_nested_branch_dag.py
[2024-06-14T21:56:36.176+0000] {logging_mixin.py:137} INFO - [2024-06-14T21:56:36.176+0000] {dag.py:2690} INFO - Sync 1 DAGs
[2024-06-14T21:56:36.195+0000] {logging_mixin.py:137} INFO - [2024-06-14T21:56:36.195+0000] {dag.py:3441} INFO - Setting next_dagrun for example_nested_branch_dag to 2024-06-13T00:00:00+00:00, run_after=2024-06-14T00:00:00+00:00
[2024-06-14T21:56:36.209+0000] {processor.py:175} INFO - Processing /home/airflow/.local/lib/python3.7/site-packages/airflow/example_dags/example_nested_branch_dag.py took 0.081 seconds
[2024-06-14T21:57:06.581+0000] {processor.py:153} INFO - Started process (PID=724) to work on /home/airflow/.local/lib/python3.7/site-packages/airflow/example_dags/example_nested_branch_dag.py
[2024-06-14T21:57:06.582+0000] {processor.py:743} INFO - Processing file /home/airflow/.local/lib/python3.7/site-packages/airflow/example_dags/example_nested_branch_dag.py for tasks to queue
[2024-06-14T21:57:06.583+0000] {logging_mixin.py:137} INFO - [2024-06-14T21:57:06.583+0000] {dagbag.py:538} INFO - Filling up the DagBag from /home/airflow/.local/lib/python3.7/site-packages/airflow/example_dags/example_nested_branch_dag.py
[2024-06-14T21:57:06.600+0000] {processor.py:753} INFO - DAG(s) dict_keys(['example_nested_branch_dag']) retrieved from /home/airflow/.local/lib/python3.7/site-packages/airflow/example_dags/example_nested_branch_dag.py
[2024-06-14T21:57:06.623+0000] {logging_mixin.py:137} INFO - [2024-06-14T21:57:06.623+0000] {dag.py:2690} INFO - Sync 1 DAGs
[2024-06-14T21:57:06.642+0000] {logging_mixin.py:137} INFO - [2024-06-14T21:57:06.642+0000] {dag.py:3441} INFO - Setting next_dagrun for example_nested_branch_dag to 2024-06-13T00:00:00+00:00, run_after=2024-06-14T00:00:00+00:00
[2024-06-14T21:57:06.655+0000] {processor.py:175} INFO - Processing /home/airflow/.local/lib/python3.7/site-packages/airflow/example_dags/example_nested_branch_dag.py took 0.077 seconds
[2024-06-14T21:57:37.041+0000] {processor.py:153} INFO - Started process (PID=774) to work on /home/airflow/.local/lib/python3.7/site-packages/airflow/example_dags/example_nested_branch_dag.py
[2024-06-14T21:57:37.042+0000] {processor.py:743} INFO - Processing file /home/airflow/.local/lib/python3.7/site-packages/airflow/example_dags/example_nested_branch_dag.py for tasks to queue
[2024-06-14T21:57:37.043+0000] {logging_mixin.py:137} INFO - [2024-06-14T21:57:37.043+0000] {dagbag.py:538} INFO - Filling up the DagBag from /home/airflow/.local/lib/python3.7/site-packages/airflow/example_dags/example_nested_branch_dag.py
[2024-06-14T21:57:37.060+0000] {processor.py:753} INFO - DAG(s) dict_keys(['example_nested_branch_dag']) retrieved from /home/airflow/.local/lib/python3.7/site-packages/airflow/example_dags/example_nested_branch_dag.py
[2024-06-14T21:57:37.084+0000] {logging_mixin.py:137} INFO - [2024-06-14T21:57:37.084+0000] {dag.py:2690} INFO - Sync 1 DAGs
[2024-06-14T21:57:37.104+0000] {logging_mixin.py:137} INFO - [2024-06-14T21:57:37.103+0000] {dag.py:3441} INFO - Setting next_dagrun for example_nested_branch_dag to 2024-06-13T00:00:00+00:00, run_after=2024-06-14T00:00:00+00:00
[2024-06-14T21:57:37.116+0000] {processor.py:175} INFO - Processing /home/airflow/.local/lib/python3.7/site-packages/airflow/example_dags/example_nested_branch_dag.py took 0.079 seconds
[2024-06-14T21:58:07.819+0000] {processor.py:153} INFO - Started process (PID=824) to work on /home/airflow/.local/lib/python3.7/site-packages/airflow/example_dags/example_nested_branch_dag.py
[2024-06-14T21:58:07.821+0000] {processor.py:743} INFO - Processing file /home/airflow/.local/lib/python3.7/site-packages/airflow/example_dags/example_nested_branch_dag.py for tasks to queue
[2024-06-14T21:58:07.821+0000] {logging_mixin.py:137} INFO - [2024-06-14T21:58:07.821+0000] {dagbag.py:538} INFO - Filling up the DagBag from /home/airflow/.local/lib/python3.7/site-packages/airflow/example_dags/example_nested_branch_dag.py
[2024-06-14T21:58:07.839+0000] {processor.py:753} INFO - DAG(s) dict_keys(['example_nested_branch_dag']) retrieved from /home/airflow/.local/lib/python3.7/site-packages/airflow/example_dags/example_nested_branch_dag.py
[2024-06-14T21:58:07.861+0000] {logging_mixin.py:137} INFO - [2024-06-14T21:58:07.861+0000] {dag.py:2690} INFO - Sync 1 DAGs
[2024-06-14T21:58:07.879+0000] {logging_mixin.py:137} INFO - [2024-06-14T21:58:07.879+0000] {dag.py:3441} INFO - Setting next_dagrun for example_nested_branch_dag to 2024-06-13T00:00:00+00:00, run_after=2024-06-14T00:00:00+00:00
[2024-06-14T21:58:07.891+0000] {processor.py:175} INFO - Processing /home/airflow/.local/lib/python3.7/site-packages/airflow/example_dags/example_nested_branch_dag.py took 0.075 seconds
[2024-06-14T21:58:38.232+0000] {processor.py:153} INFO - Started process (PID=875) to work on /home/airflow/.local/lib/python3.7/site-packages/airflow/example_dags/example_nested_branch_dag.py
[2024-06-14T21:58:38.233+0000] {processor.py:743} INFO - Processing file /home/airflow/.local/lib/python3.7/site-packages/airflow/example_dags/example_nested_branch_dag.py for tasks to queue
[2024-06-14T21:58:38.234+0000] {logging_mixin.py:137} INFO - [2024-06-14T21:58:38.234+0000] {dagbag.py:538} INFO - Filling up the DagBag from /home/airflow/.local/lib/python3.7/site-packages/airflow/example_dags/example_nested_branch_dag.py
[2024-06-14T21:58:38.253+0000] {processor.py:753} INFO - DAG(s) dict_keys(['example_nested_branch_dag']) retrieved from /home/airflow/.local/lib/python3.7/site-packages/airflow/example_dags/example_nested_branch_dag.py
[2024-06-14T21:58:38.273+0000] {logging_mixin.py:137} INFO - [2024-06-14T21:58:38.273+0000] {dag.py:2690} INFO - Sync 1 DAGs
[2024-06-14T21:58:38.291+0000] {logging_mixin.py:137} INFO - [2024-06-14T21:58:38.291+0000] {dag.py:3441} INFO - Setting next_dagrun for example_nested_branch_dag to 2024-06-13T00:00:00+00:00, run_after=2024-06-14T00:00:00+00:00
[2024-06-14T21:58:38.303+0000] {processor.py:175} INFO - Processing /home/airflow/.local/lib/python3.7/site-packages/airflow/example_dags/example_nested_branch_dag.py took 0.074 seconds
[2024-06-14T21:59:08.752+0000] {processor.py:153} INFO - Started process (PID=924) to work on /home/airflow/.local/lib/python3.7/site-packages/airflow/example_dags/example_nested_branch_dag.py
[2024-06-14T21:59:08.753+0000] {processor.py:743} INFO - Processing file /home/airflow/.local/lib/python3.7/site-packages/airflow/example_dags/example_nested_branch_dag.py for tasks to queue
[2024-06-14T21:59:08.754+0000] {logging_mixin.py:137} INFO - [2024-06-14T21:59:08.754+0000] {dagbag.py:538} INFO - Filling up the DagBag from /home/airflow/.local/lib/python3.7/site-packages/airflow/example_dags/example_nested_branch_dag.py
[2024-06-14T21:59:08.773+0000] {processor.py:753} INFO - DAG(s) dict_keys(['example_nested_branch_dag']) retrieved from /home/airflow/.local/lib/python3.7/site-packages/airflow/example_dags/example_nested_branch_dag.py
[2024-06-14T21:59:08.795+0000] {logging_mixin.py:137} INFO - [2024-06-14T21:59:08.795+0000] {dag.py:2690} INFO - Sync 1 DAGs
[2024-06-14T21:59:08.813+0000] {logging_mixin.py:137} INFO - [2024-06-14T21:59:08.813+0000] {dag.py:3441} INFO - Setting next_dagrun for example_nested_branch_dag to 2024-06-13T00:00:00+00:00, run_after=2024-06-14T00:00:00+00:00
[2024-06-14T21:59:08.826+0000] {processor.py:175} INFO - Processing /home/airflow/.local/lib/python3.7/site-packages/airflow/example_dags/example_nested_branch_dag.py took 0.077 seconds
[2024-06-14T21:59:39.353+0000] {processor.py:153} INFO - Started process (PID=974) to work on /home/airflow/.local/lib/python3.7/site-packages/airflow/example_dags/example_nested_branch_dag.py
[2024-06-14T21:59:39.355+0000] {processor.py:743} INFO - Processing file /home/airflow/.local/lib/python3.7/site-packages/airflow/example_dags/example_nested_branch_dag.py for tasks to queue
[2024-06-14T21:59:39.356+0000] {logging_mixin.py:137} INFO - [2024-06-14T21:59:39.356+0000] {dagbag.py:538} INFO - Filling up the DagBag from /home/airflow/.local/lib/python3.7/site-packages/airflow/example_dags/example_nested_branch_dag.py
[2024-06-14T21:59:39.374+0000] {processor.py:753} INFO - DAG(s) dict_keys(['example_nested_branch_dag']) retrieved from /home/airflow/.local/lib/python3.7/site-packages/airflow/example_dags/example_nested_branch_dag.py
[2024-06-14T21:59:39.395+0000] {logging_mixin.py:137} INFO - [2024-06-14T21:59:39.395+0000] {dag.py:2690} INFO - Sync 1 DAGs
[2024-06-14T21:59:39.414+0000] {logging_mixin.py:137} INFO - [2024-06-14T21:59:39.414+0000] {dag.py:3441} INFO - Setting next_dagrun for example_nested_branch_dag to 2024-06-13T00:00:00+00:00, run_after=2024-06-14T00:00:00+00:00
[2024-06-14T21:59:39.426+0000] {processor.py:175} INFO - Processing /home/airflow/.local/lib/python3.7/site-packages/airflow/example_dags/example_nested_branch_dag.py took 0.076 seconds
[2024-06-14T22:00:09.726+0000] {processor.py:153} INFO - Started process (PID=1024) to work on /home/airflow/.local/lib/python3.7/site-packages/airflow/example_dags/example_nested_branch_dag.py
[2024-06-14T22:00:09.728+0000] {processor.py:743} INFO - Processing file /home/airflow/.local/lib/python3.7/site-packages/airflow/example_dags/example_nested_branch_dag.py for tasks to queue
[2024-06-14T22:00:09.729+0000] {logging_mixin.py:137} INFO - [2024-06-14T22:00:09.728+0000] {dagbag.py:538} INFO - Filling up the DagBag from /home/airflow/.local/lib/python3.7/site-packages/airflow/example_dags/example_nested_branch_dag.py
[2024-06-14T22:00:09.745+0000] {processor.py:753} INFO - DAG(s) dict_keys(['example_nested_branch_dag']) retrieved from /home/airflow/.local/lib/python3.7/site-packages/airflow/example_dags/example_nested_branch_dag.py
[2024-06-14T22:00:09.768+0000] {logging_mixin.py:137} INFO - [2024-06-14T22:00:09.768+0000] {dag.py:2690} INFO - Sync 1 DAGs
[2024-06-14T22:00:09.787+0000] {logging_mixin.py:137} INFO - [2024-06-14T22:00:09.787+0000] {dag.py:3441} INFO - Setting next_dagrun for example_nested_branch_dag to 2024-06-13T00:00:00+00:00, run_after=2024-06-14T00:00:00+00:00
[2024-06-14T22:00:09.800+0000] {processor.py:175} INFO - Processing /home/airflow/.local/lib/python3.7/site-packages/airflow/example_dags/example_nested_branch_dag.py took 0.077 seconds
[2024-06-14T22:00:40.268+0000] {processor.py:153} INFO - Started process (PID=1074) to work on /home/airflow/.local/lib/python3.7/site-packages/airflow/example_dags/example_nested_branch_dag.py
[2024-06-14T22:00:40.269+0000] {processor.py:743} INFO - Processing file /home/airflow/.local/lib/python3.7/site-packages/airflow/example_dags/example_nested_branch_dag.py for tasks to queue
[2024-06-14T22:00:40.270+0000] {logging_mixin.py:137} INFO - [2024-06-14T22:00:40.270+0000] {dagbag.py:538} INFO - Filling up the DagBag from /home/airflow/.local/lib/python3.7/site-packages/airflow/example_dags/example_nested_branch_dag.py
[2024-06-14T22:00:40.288+0000] {processor.py:753} INFO - DAG(s) dict_keys(['example_nested_branch_dag']) retrieved from /home/airflow/.local/lib/python3.7/site-packages/airflow/example_dags/example_nested_branch_dag.py
[2024-06-14T22:00:40.309+0000] {logging_mixin.py:137} INFO - [2024-06-14T22:00:40.309+0000] {dag.py:2690} INFO - Sync 1 DAGs
[2024-06-14T22:00:40.326+0000] {logging_mixin.py:137} INFO - [2024-06-14T22:00:40.325+0000] {dag.py:3441} INFO - Setting next_dagrun for example_nested_branch_dag to 2024-06-13T00:00:00+00:00, run_after=2024-06-14T00:00:00+00:00
[2024-06-14T22:00:40.338+0000] {processor.py:175} INFO - Processing /home/airflow/.local/lib/python3.7/site-packages/airflow/example_dags/example_nested_branch_dag.py took 0.073 seconds
[2024-06-14T22:01:10.760+0000] {processor.py:153} INFO - Started process (PID=1123) to work on /home/airflow/.local/lib/python3.7/site-packages/airflow/example_dags/example_nested_branch_dag.py
[2024-06-14T22:01:10.762+0000] {processor.py:743} INFO - Processing file /home/airflow/.local/lib/python3.7/site-packages/airflow/example_dags/example_nested_branch_dag.py for tasks to queue
[2024-06-14T22:01:10.763+0000] {logging_mixin.py:137} INFO - [2024-06-14T22:01:10.763+0000] {dagbag.py:538} INFO - Filling up the DagBag from /home/airflow/.local/lib/python3.7/site-packages/airflow/example_dags/example_nested_branch_dag.py
[2024-06-14T22:01:10.781+0000] {processor.py:753} INFO - DAG(s) dict_keys(['example_nested_branch_dag']) retrieved from /home/airflow/.local/lib/python3.7/site-packages/airflow/example_dags/example_nested_branch_dag.py
[2024-06-14T22:01:10.802+0000] {logging_mixin.py:137} INFO - [2024-06-14T22:01:10.802+0000] {dag.py:2690} INFO - Sync 1 DAGs
[2024-06-14T22:01:10.821+0000] {logging_mixin.py:137} INFO - [2024-06-14T22:01:10.821+0000] {dag.py:3441} INFO - Setting next_dagrun for example_nested_branch_dag to 2024-06-13T00:00:00+00:00, run_after=2024-06-14T00:00:00+00:00
[2024-06-14T22:01:10.834+0000] {processor.py:175} INFO - Processing /home/airflow/.local/lib/python3.7/site-packages/airflow/example_dags/example_nested_branch_dag.py took 0.076 seconds
[2024-06-14T22:01:41.201+0000] {processor.py:153} INFO - Started process (PID=1173) to work on /home/airflow/.local/lib/python3.7/site-packages/airflow/example_dags/example_nested_branch_dag.py
[2024-06-14T22:01:41.203+0000] {processor.py:743} INFO - Processing file /home/airflow/.local/lib/python3.7/site-packages/airflow/example_dags/example_nested_branch_dag.py for tasks to queue
[2024-06-14T22:01:41.204+0000] {logging_mixin.py:137} INFO - [2024-06-14T22:01:41.204+0000] {dagbag.py:538} INFO - Filling up the DagBag from /home/airflow/.local/lib/python3.7/site-packages/airflow/example_dags/example_nested_branch_dag.py
[2024-06-14T22:01:41.222+0000] {processor.py:753} INFO - DAG(s) dict_keys(['example_nested_branch_dag']) retrieved from /home/airflow/.local/lib/python3.7/site-packages/airflow/example_dags/example_nested_branch_dag.py
[2024-06-14T22:01:41.245+0000] {logging_mixin.py:137} INFO - [2024-06-14T22:01:41.245+0000] {dag.py:2690} INFO - Sync 1 DAGs
[2024-06-14T22:01:41.263+0000] {logging_mixin.py:137} INFO - [2024-06-14T22:01:41.262+0000] {dag.py:3441} INFO - Setting next_dagrun for example_nested_branch_dag to 2024-06-13T00:00:00+00:00, run_after=2024-06-14T00:00:00+00:00
[2024-06-14T22:01:41.274+0000] {processor.py:175} INFO - Processing /home/airflow/.local/lib/python3.7/site-packages/airflow/example_dags/example_nested_branch_dag.py took 0.076 seconds
[2024-06-14T22:02:11.931+0000] {processor.py:153} INFO - Started process (PID=1223) to work on /home/airflow/.local/lib/python3.7/site-packages/airflow/example_dags/example_nested_branch_dag.py
[2024-06-14T22:02:11.932+0000] {processor.py:743} INFO - Processing file /home/airflow/.local/lib/python3.7/site-packages/airflow/example_dags/example_nested_branch_dag.py for tasks to queue
[2024-06-14T22:02:11.933+0000] {logging_mixin.py:137} INFO - [2024-06-14T22:02:11.933+0000] {dagbag.py:538} INFO - Filling up the DagBag from /home/airflow/.local/lib/python3.7/site-packages/airflow/example_dags/example_nested_branch_dag.py
[2024-06-14T22:02:11.952+0000] {processor.py:753} INFO - DAG(s) dict_keys(['example_nested_branch_dag']) retrieved from /home/airflow/.local/lib/python3.7/site-packages/airflow/example_dags/example_nested_branch_dag.py
[2024-06-14T22:02:11.975+0000] {logging_mixin.py:137} INFO - [2024-06-14T22:02:11.975+0000] {dag.py:2690} INFO - Sync 1 DAGs
[2024-06-14T22:02:11.993+0000] {logging_mixin.py:137} INFO - [2024-06-14T22:02:11.993+0000] {dag.py:3441} INFO - Setting next_dagrun for example_nested_branch_dag to 2024-06-13T00:00:00+00:00, run_after=2024-06-14T00:00:00+00:00
[2024-06-14T22:02:12.006+0000] {processor.py:175} INFO - Processing /home/airflow/.local/lib/python3.7/site-packages/airflow/example_dags/example_nested_branch_dag.py took 0.079 seconds
[2024-06-14T22:02:42.658+0000] {processor.py:153} INFO - Started process (PID=1273) to work on /home/airflow/.local/lib/python3.7/site-packages/airflow/example_dags/example_nested_branch_dag.py
[2024-06-14T22:02:42.660+0000] {processor.py:743} INFO - Processing file /home/airflow/.local/lib/python3.7/site-packages/airflow/example_dags/example_nested_branch_dag.py for tasks to queue
[2024-06-14T22:02:42.660+0000] {logging_mixin.py:137} INFO - [2024-06-14T22:02:42.660+0000] {dagbag.py:538} INFO - Filling up the DagBag from /home/airflow/.local/lib/python3.7/site-packages/airflow/example_dags/example_nested_branch_dag.py
[2024-06-14T22:02:42.679+0000] {processor.py:753} INFO - DAG(s) dict_keys(['example_nested_branch_dag']) retrieved from /home/airflow/.local/lib/python3.7/site-packages/airflow/example_dags/example_nested_branch_dag.py
[2024-06-14T22:02:42.701+0000] {logging_mixin.py:137} INFO - [2024-06-14T22:02:42.701+0000] {dag.py:2690} INFO - Sync 1 DAGs
[2024-06-14T22:02:42.719+0000] {logging_mixin.py:137} INFO - [2024-06-14T22:02:42.719+0000] {dag.py:3441} INFO - Setting next_dagrun for example_nested_branch_dag to 2024-06-13T00:00:00+00:00, run_after=2024-06-14T00:00:00+00:00
[2024-06-14T22:02:42.732+0000] {processor.py:175} INFO - Processing /home/airflow/.local/lib/python3.7/site-packages/airflow/example_dags/example_nested_branch_dag.py took 0.077 seconds
[2024-06-14T22:03:12.987+0000] {processor.py:153} INFO - Started process (PID=1323) to work on /home/airflow/.local/lib/python3.7/site-packages/airflow/example_dags/example_nested_branch_dag.py
[2024-06-14T22:03:12.988+0000] {processor.py:743} INFO - Processing file /home/airflow/.local/lib/python3.7/site-packages/airflow/example_dags/example_nested_branch_dag.py for tasks to queue
[2024-06-14T22:03:12.989+0000] {logging_mixin.py:137} INFO - [2024-06-14T22:03:12.989+0000] {dagbag.py:538} INFO - Filling up the DagBag from /home/airflow/.local/lib/python3.7/site-packages/airflow/example_dags/example_nested_branch_dag.py
[2024-06-14T22:03:13.007+0000] {processor.py:753} INFO - DAG(s) dict_keys(['example_nested_branch_dag']) retrieved from /home/airflow/.local/lib/python3.7/site-packages/airflow/example_dags/example_nested_branch_dag.py
[2024-06-14T22:03:13.032+0000] {logging_mixin.py:137} INFO - [2024-06-14T22:03:13.032+0000] {dag.py:2690} INFO - Sync 1 DAGs
[2024-06-14T22:03:13.051+0000] {logging_mixin.py:137} INFO - [2024-06-14T22:03:13.051+0000] {dag.py:3441} INFO - Setting next_dagrun for example_nested_branch_dag to 2024-06-13T00:00:00+00:00, run_after=2024-06-14T00:00:00+00:00
[2024-06-14T22:03:13.064+0000] {processor.py:175} INFO - Processing /home/airflow/.local/lib/python3.7/site-packages/airflow/example_dags/example_nested_branch_dag.py took 0.081 seconds
[2024-06-14T22:03:43.433+0000] {processor.py:153} INFO - Started process (PID=1373) to work on /home/airflow/.local/lib/python3.7/site-packages/airflow/example_dags/example_nested_branch_dag.py
[2024-06-14T22:03:43.435+0000] {processor.py:743} INFO - Processing file /home/airflow/.local/lib/python3.7/site-packages/airflow/example_dags/example_nested_branch_dag.py for tasks to queue
[2024-06-14T22:03:43.436+0000] {logging_mixin.py:137} INFO - [2024-06-14T22:03:43.436+0000] {dagbag.py:538} INFO - Filling up the DagBag from /home/airflow/.local/lib/python3.7/site-packages/airflow/example_dags/example_nested_branch_dag.py
[2024-06-14T22:03:43.454+0000] {processor.py:753} INFO - DAG(s) dict_keys(['example_nested_branch_dag']) retrieved from /home/airflow/.local/lib/python3.7/site-packages/airflow/example_dags/example_nested_branch_dag.py
[2024-06-14T22:03:43.476+0000] {logging_mixin.py:137} INFO - [2024-06-14T22:03:43.476+0000] {dag.py:2690} INFO - Sync 1 DAGs
[2024-06-14T22:03:43.494+0000] {logging_mixin.py:137} INFO - [2024-06-14T22:03:43.494+0000] {dag.py:3441} INFO - Setting next_dagrun for example_nested_branch_dag to 2024-06-13T00:00:00+00:00, run_after=2024-06-14T00:00:00+00:00
[2024-06-14T22:03:43.506+0000] {processor.py:175} INFO - Processing /home/airflow/.local/lib/python3.7/site-packages/airflow/example_dags/example_nested_branch_dag.py took 0.076 seconds
[2024-06-14T22:04:13.977+0000] {processor.py:153} INFO - Started process (PID=1423) to work on /home/airflow/.local/lib/python3.7/site-packages/airflow/example_dags/example_nested_branch_dag.py
[2024-06-14T22:04:13.978+0000] {processor.py:743} INFO - Processing file /home/airflow/.local/lib/python3.7/site-packages/airflow/example_dags/example_nested_branch_dag.py for tasks to queue
[2024-06-14T22:04:13.979+0000] {logging_mixin.py:137} INFO - [2024-06-14T22:04:13.979+0000] {dagbag.py:538} INFO - Filling up the DagBag from /home/airflow/.local/lib/python3.7/site-packages/airflow/example_dags/example_nested_branch_dag.py
[2024-06-14T22:04:13.996+0000] {processor.py:753} INFO - DAG(s) dict_keys(['example_nested_branch_dag']) retrieved from /home/airflow/.local/lib/python3.7/site-packages/airflow/example_dags/example_nested_branch_dag.py
[2024-06-14T22:04:14.017+0000] {logging_mixin.py:137} INFO - [2024-06-14T22:04:14.017+0000] {dag.py:2690} INFO - Sync 1 DAGs
[2024-06-14T22:04:14.036+0000] {logging_mixin.py:137} INFO - [2024-06-14T22:04:14.036+0000] {dag.py:3441} INFO - Setting next_dagrun for example_nested_branch_dag to 2024-06-13T00:00:00+00:00, run_after=2024-06-14T00:00:00+00:00
[2024-06-14T22:04:14.049+0000] {processor.py:175} INFO - Processing /home/airflow/.local/lib/python3.7/site-packages/airflow/example_dags/example_nested_branch_dag.py took 0.076 seconds
[2024-06-14T22:04:44.623+0000] {processor.py:153} INFO - Started process (PID=1472) to work on /home/airflow/.local/lib/python3.7/site-packages/airflow/example_dags/example_nested_branch_dag.py
[2024-06-14T22:04:44.624+0000] {processor.py:743} INFO - Processing file /home/airflow/.local/lib/python3.7/site-packages/airflow/example_dags/example_nested_branch_dag.py for tasks to queue
[2024-06-14T22:04:44.625+0000] {logging_mixin.py:137} INFO - [2024-06-14T22:04:44.625+0000] {dagbag.py:538} INFO - Filling up the DagBag from /home/airflow/.local/lib/python3.7/site-packages/airflow/example_dags/example_nested_branch_dag.py
[2024-06-14T22:04:44.643+0000] {processor.py:753} INFO - DAG(s) dict_keys(['example_nested_branch_dag']) retrieved from /home/airflow/.local/lib/python3.7/site-packages/airflow/example_dags/example_nested_branch_dag.py
[2024-06-14T22:04:44.666+0000] {logging_mixin.py:137} INFO - [2024-06-14T22:04:44.666+0000] {dag.py:2690} INFO - Sync 1 DAGs
[2024-06-14T22:04:44.686+0000] {logging_mixin.py:137} INFO - [2024-06-14T22:04:44.686+0000] {dag.py:3441} INFO - Setting next_dagrun for example_nested_branch_dag to 2024-06-13T00:00:00+00:00, run_after=2024-06-14T00:00:00+00:00
[2024-06-14T22:04:44.700+0000] {processor.py:175} INFO - Processing /home/airflow/.local/lib/python3.7/site-packages/airflow/example_dags/example_nested_branch_dag.py took 0.081 seconds
[2024-06-14T22:05:15.210+0000] {processor.py:153} INFO - Started process (PID=1521) to work on /home/airflow/.local/lib/python3.7/site-packages/airflow/example_dags/example_nested_branch_dag.py
[2024-06-14T22:05:15.211+0000] {processor.py:743} INFO - Processing file /home/airflow/.local/lib/python3.7/site-packages/airflow/example_dags/example_nested_branch_dag.py for tasks to queue
[2024-06-14T22:05:15.212+0000] {logging_mixin.py:137} INFO - [2024-06-14T22:05:15.212+0000] {dagbag.py:538} INFO - Filling up the DagBag from /home/airflow/.local/lib/python3.7/site-packages/airflow/example_dags/example_nested_branch_dag.py
[2024-06-14T22:05:15.231+0000] {processor.py:753} INFO - DAG(s) dict_keys(['example_nested_branch_dag']) retrieved from /home/airflow/.local/lib/python3.7/site-packages/airflow/example_dags/example_nested_branch_dag.py
[2024-06-14T22:05:15.253+0000] {logging_mixin.py:137} INFO - [2024-06-14T22:05:15.253+0000] {dag.py:2690} INFO - Sync 1 DAGs
[2024-06-14T22:05:15.272+0000] {logging_mixin.py:137} INFO - [2024-06-14T22:05:15.272+0000] {dag.py:3441} INFO - Setting next_dagrun for example_nested_branch_dag to 2024-06-13T00:00:00+00:00, run_after=2024-06-14T00:00:00+00:00
[2024-06-14T22:05:15.285+0000] {processor.py:175} INFO - Processing /home/airflow/.local/lib/python3.7/site-packages/airflow/example_dags/example_nested_branch_dag.py took 0.077 seconds
[2024-06-14T22:05:45.782+0000] {processor.py:153} INFO - Started process (PID=1571) to work on /home/airflow/.local/lib/python3.7/site-packages/airflow/example_dags/example_nested_branch_dag.py
[2024-06-14T22:05:45.783+0000] {processor.py:743} INFO - Processing file /home/airflow/.local/lib/python3.7/site-packages/airflow/example_dags/example_nested_branch_dag.py for tasks to queue
[2024-06-14T22:05:45.784+0000] {logging_mixin.py:137} INFO - [2024-06-14T22:05:45.784+0000] {dagbag.py:538} INFO - Filling up the DagBag from /home/airflow/.local/lib/python3.7/site-packages/airflow/example_dags/example_nested_branch_dag.py
[2024-06-14T22:05:45.805+0000] {processor.py:753} INFO - DAG(s) dict_keys(['example_nested_branch_dag']) retrieved from /home/airflow/.local/lib/python3.7/site-packages/airflow/example_dags/example_nested_branch_dag.py
[2024-06-14T22:05:45.833+0000] {logging_mixin.py:137} INFO - [2024-06-14T22:05:45.833+0000] {dag.py:2690} INFO - Sync 1 DAGs
[2024-06-14T22:05:45.857+0000] {logging_mixin.py:137} INFO - [2024-06-14T22:05:45.857+0000] {dag.py:3441} INFO - Setting next_dagrun for example_nested_branch_dag to 2024-06-13T00:00:00+00:00, run_after=2024-06-14T00:00:00+00:00
[2024-06-14T22:05:45.873+0000] {processor.py:175} INFO - Processing /home/airflow/.local/lib/python3.7/site-packages/airflow/example_dags/example_nested_branch_dag.py took 0.095 seconds
[2024-06-14T22:06:16.461+0000] {processor.py:153} INFO - Started process (PID=1621) to work on /home/airflow/.local/lib/python3.7/site-packages/airflow/example_dags/example_nested_branch_dag.py
[2024-06-14T22:06:16.462+0000] {processor.py:743} INFO - Processing file /home/airflow/.local/lib/python3.7/site-packages/airflow/example_dags/example_nested_branch_dag.py for tasks to queue
[2024-06-14T22:06:16.463+0000] {logging_mixin.py:137} INFO - [2024-06-14T22:06:16.463+0000] {dagbag.py:538} INFO - Filling up the DagBag from /home/airflow/.local/lib/python3.7/site-packages/airflow/example_dags/example_nested_branch_dag.py
[2024-06-14T22:06:16.482+0000] {processor.py:753} INFO - DAG(s) dict_keys(['example_nested_branch_dag']) retrieved from /home/airflow/.local/lib/python3.7/site-packages/airflow/example_dags/example_nested_branch_dag.py
[2024-06-14T22:06:16.505+0000] {logging_mixin.py:137} INFO - [2024-06-14T22:06:16.505+0000] {dag.py:2690} INFO - Sync 1 DAGs
[2024-06-14T22:06:16.526+0000] {logging_mixin.py:137} INFO - [2024-06-14T22:06:16.526+0000] {dag.py:3441} INFO - Setting next_dagrun for example_nested_branch_dag to 2024-06-13T00:00:00+00:00, run_after=2024-06-14T00:00:00+00:00
[2024-06-14T22:06:16.540+0000] {processor.py:175} INFO - Processing /home/airflow/.local/lib/python3.7/site-packages/airflow/example_dags/example_nested_branch_dag.py took 0.083 seconds
[2024-06-14T22:06:46.920+0000] {processor.py:153} INFO - Started process (PID=1671) to work on /home/airflow/.local/lib/python3.7/site-packages/airflow/example_dags/example_nested_branch_dag.py
[2024-06-14T22:06:46.921+0000] {processor.py:743} INFO - Processing file /home/airflow/.local/lib/python3.7/site-packages/airflow/example_dags/example_nested_branch_dag.py for tasks to queue
[2024-06-14T22:06:46.922+0000] {logging_mixin.py:137} INFO - [2024-06-14T22:06:46.922+0000] {dagbag.py:538} INFO - Filling up the DagBag from /home/airflow/.local/lib/python3.7/site-packages/airflow/example_dags/example_nested_branch_dag.py
[2024-06-14T22:06:46.940+0000] {processor.py:753} INFO - DAG(s) dict_keys(['example_nested_branch_dag']) retrieved from /home/airflow/.local/lib/python3.7/site-packages/airflow/example_dags/example_nested_branch_dag.py
[2024-06-14T22:06:46.964+0000] {logging_mixin.py:137} INFO - [2024-06-14T22:06:46.963+0000] {dag.py:2690} INFO - Sync 1 DAGs
[2024-06-14T22:06:46.982+0000] {logging_mixin.py:137} INFO - [2024-06-14T22:06:46.982+0000] {dag.py:3441} INFO - Setting next_dagrun for example_nested_branch_dag to 2024-06-13T00:00:00+00:00, run_after=2024-06-14T00:00:00+00:00
[2024-06-14T22:06:46.994+0000] {processor.py:175} INFO - Processing /home/airflow/.local/lib/python3.7/site-packages/airflow/example_dags/example_nested_branch_dag.py took 0.077 seconds
[2024-06-14T22:07:17.445+0000] {processor.py:153} INFO - Started process (PID=1721) to work on /home/airflow/.local/lib/python3.7/site-packages/airflow/example_dags/example_nested_branch_dag.py
[2024-06-14T22:07:17.447+0000] {processor.py:743} INFO - Processing file /home/airflow/.local/lib/python3.7/site-packages/airflow/example_dags/example_nested_branch_dag.py for tasks to queue
[2024-06-14T22:07:17.448+0000] {logging_mixin.py:137} INFO - [2024-06-14T22:07:17.447+0000] {dagbag.py:538} INFO - Filling up the DagBag from /home/airflow/.local/lib/python3.7/site-packages/airflow/example_dags/example_nested_branch_dag.py
[2024-06-14T22:07:17.467+0000] {processor.py:753} INFO - DAG(s) dict_keys(['example_nested_branch_dag']) retrieved from /home/airflow/.local/lib/python3.7/site-packages/airflow/example_dags/example_nested_branch_dag.py
[2024-06-14T22:07:17.491+0000] {logging_mixin.py:137} INFO - [2024-06-14T22:07:17.491+0000] {dag.py:2690} INFO - Sync 1 DAGs
[2024-06-14T22:07:17.511+0000] {logging_mixin.py:137} INFO - [2024-06-14T22:07:17.511+0000] {dag.py:3441} INFO - Setting next_dagrun for example_nested_branch_dag to 2024-06-13T00:00:00+00:00, run_after=2024-06-14T00:00:00+00:00
[2024-06-14T22:07:17.525+0000] {processor.py:175} INFO - Processing /home/airflow/.local/lib/python3.7/site-packages/airflow/example_dags/example_nested_branch_dag.py took 0.083 seconds
[2024-06-14T22:07:48.039+0000] {processor.py:153} INFO - Started process (PID=1771) to work on /home/airflow/.local/lib/python3.7/site-packages/airflow/example_dags/example_nested_branch_dag.py
[2024-06-14T22:07:48.040+0000] {processor.py:743} INFO - Processing file /home/airflow/.local/lib/python3.7/site-packages/airflow/example_dags/example_nested_branch_dag.py for tasks to queue
[2024-06-14T22:07:48.041+0000] {logging_mixin.py:137} INFO - [2024-06-14T22:07:48.041+0000] {dagbag.py:538} INFO - Filling up the DagBag from /home/airflow/.local/lib/python3.7/site-packages/airflow/example_dags/example_nested_branch_dag.py
[2024-06-14T22:07:48.061+0000] {processor.py:753} INFO - DAG(s) dict_keys(['example_nested_branch_dag']) retrieved from /home/airflow/.local/lib/python3.7/site-packages/airflow/example_dags/example_nested_branch_dag.py
[2024-06-14T22:07:48.085+0000] {logging_mixin.py:137} INFO - [2024-06-14T22:07:48.085+0000] {dag.py:2690} INFO - Sync 1 DAGs
[2024-06-14T22:07:48.104+0000] {logging_mixin.py:137} INFO - [2024-06-14T22:07:48.104+0000] {dag.py:3441} INFO - Setting next_dagrun for example_nested_branch_dag to 2024-06-13T00:00:00+00:00, run_after=2024-06-14T00:00:00+00:00
[2024-06-14T22:07:48.119+0000] {processor.py:175} INFO - Processing /home/airflow/.local/lib/python3.7/site-packages/airflow/example_dags/example_nested_branch_dag.py took 0.084 seconds
[2024-06-14T22:08:18.782+0000] {processor.py:153} INFO - Started process (PID=1821) to work on /home/airflow/.local/lib/python3.7/site-packages/airflow/example_dags/example_nested_branch_dag.py
[2024-06-14T22:08:18.784+0000] {processor.py:743} INFO - Processing file /home/airflow/.local/lib/python3.7/site-packages/airflow/example_dags/example_nested_branch_dag.py for tasks to queue
[2024-06-14T22:08:18.785+0000] {logging_mixin.py:137} INFO - [2024-06-14T22:08:18.785+0000] {dagbag.py:538} INFO - Filling up the DagBag from /home/airflow/.local/lib/python3.7/site-packages/airflow/example_dags/example_nested_branch_dag.py
[2024-06-14T22:08:18.803+0000] {processor.py:753} INFO - DAG(s) dict_keys(['example_nested_branch_dag']) retrieved from /home/airflow/.local/lib/python3.7/site-packages/airflow/example_dags/example_nested_branch_dag.py
[2024-06-14T22:08:18.824+0000] {logging_mixin.py:137} INFO - [2024-06-14T22:08:18.824+0000] {dag.py:2690} INFO - Sync 1 DAGs
[2024-06-14T22:08:18.843+0000] {logging_mixin.py:137} INFO - [2024-06-14T22:08:18.843+0000] {dag.py:3441} INFO - Setting next_dagrun for example_nested_branch_dag to 2024-06-13T00:00:00+00:00, run_after=2024-06-14T00:00:00+00:00
[2024-06-14T22:08:18.855+0000] {processor.py:175} INFO - Processing /home/airflow/.local/lib/python3.7/site-packages/airflow/example_dags/example_nested_branch_dag.py took 0.076 seconds
[2024-06-14T22:08:49.238+0000] {processor.py:153} INFO - Started process (PID=1871) to work on /home/airflow/.local/lib/python3.7/site-packages/airflow/example_dags/example_nested_branch_dag.py
[2024-06-14T22:08:49.239+0000] {processor.py:743} INFO - Processing file /home/airflow/.local/lib/python3.7/site-packages/airflow/example_dags/example_nested_branch_dag.py for tasks to queue
[2024-06-14T22:08:49.240+0000] {logging_mixin.py:137} INFO - [2024-06-14T22:08:49.240+0000] {dagbag.py:538} INFO - Filling up the DagBag from /home/airflow/.local/lib/python3.7/site-packages/airflow/example_dags/example_nested_branch_dag.py
[2024-06-14T22:08:49.258+0000] {processor.py:753} INFO - DAG(s) dict_keys(['example_nested_branch_dag']) retrieved from /home/airflow/.local/lib/python3.7/site-packages/airflow/example_dags/example_nested_branch_dag.py
[2024-06-14T22:08:49.280+0000] {logging_mixin.py:137} INFO - [2024-06-14T22:08:49.280+0000] {dag.py:2690} INFO - Sync 1 DAGs
[2024-06-14T22:08:49.298+0000] {logging_mixin.py:137} INFO - [2024-06-14T22:08:49.298+0000] {dag.py:3441} INFO - Setting next_dagrun for example_nested_branch_dag to 2024-06-13T00:00:00+00:00, run_after=2024-06-14T00:00:00+00:00
[2024-06-14T22:08:49.310+0000] {processor.py:175} INFO - Processing /home/airflow/.local/lib/python3.7/site-packages/airflow/example_dags/example_nested_branch_dag.py took 0.075 seconds
[2024-06-14T22:09:19.826+0000] {processor.py:153} INFO - Started process (PID=1921) to work on /home/airflow/.local/lib/python3.7/site-packages/airflow/example_dags/example_nested_branch_dag.py
[2024-06-14T22:09:19.828+0000] {processor.py:743} INFO - Processing file /home/airflow/.local/lib/python3.7/site-packages/airflow/example_dags/example_nested_branch_dag.py for tasks to queue
[2024-06-14T22:09:19.828+0000] {logging_mixin.py:137} INFO - [2024-06-14T22:09:19.828+0000] {dagbag.py:538} INFO - Filling up the DagBag from /home/airflow/.local/lib/python3.7/site-packages/airflow/example_dags/example_nested_branch_dag.py
[2024-06-14T22:09:19.847+0000] {processor.py:753} INFO - DAG(s) dict_keys(['example_nested_branch_dag']) retrieved from /home/airflow/.local/lib/python3.7/site-packages/airflow/example_dags/example_nested_branch_dag.py
[2024-06-14T22:09:19.869+0000] {logging_mixin.py:137} INFO - [2024-06-14T22:09:19.869+0000] {dag.py:2690} INFO - Sync 1 DAGs
[2024-06-14T22:09:19.889+0000] {logging_mixin.py:137} INFO - [2024-06-14T22:09:19.889+0000] {dag.py:3441} INFO - Setting next_dagrun for example_nested_branch_dag to 2024-06-13T00:00:00+00:00, run_after=2024-06-14T00:00:00+00:00
[2024-06-14T22:09:19.902+0000] {processor.py:175} INFO - Processing /home/airflow/.local/lib/python3.7/site-packages/airflow/example_dags/example_nested_branch_dag.py took 0.079 seconds
[2024-06-14T22:09:50.250+0000] {processor.py:153} INFO - Started process (PID=1971) to work on /home/airflow/.local/lib/python3.7/site-packages/airflow/example_dags/example_nested_branch_dag.py
[2024-06-14T22:09:50.251+0000] {processor.py:743} INFO - Processing file /home/airflow/.local/lib/python3.7/site-packages/airflow/example_dags/example_nested_branch_dag.py for tasks to queue
[2024-06-14T22:09:50.252+0000] {logging_mixin.py:137} INFO - [2024-06-14T22:09:50.252+0000] {dagbag.py:538} INFO - Filling up the DagBag from /home/airflow/.local/lib/python3.7/site-packages/airflow/example_dags/example_nested_branch_dag.py
[2024-06-14T22:09:50.269+0000] {processor.py:753} INFO - DAG(s) dict_keys(['example_nested_branch_dag']) retrieved from /home/airflow/.local/lib/python3.7/site-packages/airflow/example_dags/example_nested_branch_dag.py
[2024-06-14T22:09:50.292+0000] {logging_mixin.py:137} INFO - [2024-06-14T22:09:50.292+0000] {dag.py:2690} INFO - Sync 1 DAGs
[2024-06-14T22:09:50.310+0000] {logging_mixin.py:137} INFO - [2024-06-14T22:09:50.310+0000] {dag.py:3441} INFO - Setting next_dagrun for example_nested_branch_dag to 2024-06-13T00:00:00+00:00, run_after=2024-06-14T00:00:00+00:00
[2024-06-14T22:09:50.322+0000] {processor.py:175} INFO - Processing /home/airflow/.local/lib/python3.7/site-packages/airflow/example_dags/example_nested_branch_dag.py took 0.075 seconds
[2024-06-14T22:10:20.746+0000] {processor.py:153} INFO - Started process (PID=2021) to work on /home/airflow/.local/lib/python3.7/site-packages/airflow/example_dags/example_nested_branch_dag.py
[2024-06-14T22:10:20.748+0000] {processor.py:743} INFO - Processing file /home/airflow/.local/lib/python3.7/site-packages/airflow/example_dags/example_nested_branch_dag.py for tasks to queue
[2024-06-14T22:10:20.749+0000] {logging_mixin.py:137} INFO - [2024-06-14T22:10:20.748+0000] {dagbag.py:538} INFO - Filling up the DagBag from /home/airflow/.local/lib/python3.7/site-packages/airflow/example_dags/example_nested_branch_dag.py
[2024-06-14T22:10:20.766+0000] {processor.py:753} INFO - DAG(s) dict_keys(['example_nested_branch_dag']) retrieved from /home/airflow/.local/lib/python3.7/site-packages/airflow/example_dags/example_nested_branch_dag.py
[2024-06-14T22:10:20.789+0000] {logging_mixin.py:137} INFO - [2024-06-14T22:10:20.789+0000] {dag.py:2690} INFO - Sync 1 DAGs
[2024-06-14T22:10:20.808+0000] {logging_mixin.py:137} INFO - [2024-06-14T22:10:20.808+0000] {dag.py:3441} INFO - Setting next_dagrun for example_nested_branch_dag to 2024-06-13T00:00:00+00:00, run_after=2024-06-14T00:00:00+00:00
[2024-06-14T22:10:20.821+0000] {processor.py:175} INFO - Processing /home/airflow/.local/lib/python3.7/site-packages/airflow/example_dags/example_nested_branch_dag.py took 0.078 seconds
[2024-06-14T22:58:50.440+0000] {processor.py:153} INFO - Started process (PID=2071) to work on /home/airflow/.local/lib/python3.7/site-packages/airflow/example_dags/example_nested_branch_dag.py
[2024-06-14T22:58:50.442+0000] {processor.py:743} INFO - Processing file /home/airflow/.local/lib/python3.7/site-packages/airflow/example_dags/example_nested_branch_dag.py for tasks to queue
[2024-06-14T22:58:50.443+0000] {logging_mixin.py:137} INFO - [2024-06-14T22:58:50.443+0000] {dagbag.py:538} INFO - Filling up the DagBag from /home/airflow/.local/lib/python3.7/site-packages/airflow/example_dags/example_nested_branch_dag.py
[2024-06-14T22:58:50.462+0000] {processor.py:753} INFO - DAG(s) dict_keys(['example_nested_branch_dag']) retrieved from /home/airflow/.local/lib/python3.7/site-packages/airflow/example_dags/example_nested_branch_dag.py
[2024-06-14T22:58:50.484+0000] {logging_mixin.py:137} INFO - [2024-06-14T22:58:50.484+0000] {dag.py:2690} INFO - Sync 1 DAGs
[2024-06-14T22:58:50.502+0000] {logging_mixin.py:137} INFO - [2024-06-14T22:58:50.501+0000] {dag.py:3441} INFO - Setting next_dagrun for example_nested_branch_dag to 2024-06-13T00:00:00+00:00, run_after=2024-06-14T00:00:00+00:00
[2024-06-14T22:58:50.515+0000] {processor.py:175} INFO - Processing /home/airflow/.local/lib/python3.7/site-packages/airflow/example_dags/example_nested_branch_dag.py took 0.078 seconds
[2024-06-14T23:14:40.302+0000] {processor.py:153} INFO - Started process (PID=2128) to work on /home/airflow/.local/lib/python3.7/site-packages/airflow/example_dags/example_nested_branch_dag.py
[2024-06-14T23:14:40.307+0000] {processor.py:743} INFO - Processing file /home/airflow/.local/lib/python3.7/site-packages/airflow/example_dags/example_nested_branch_dag.py for tasks to queue
[2024-06-14T23:14:40.310+0000] {logging_mixin.py:137} INFO - [2024-06-14T23:14:40.310+0000] {dagbag.py:538} INFO - Filling up the DagBag from /home/airflow/.local/lib/python3.7/site-packages/airflow/example_dags/example_nested_branch_dag.py
[2024-06-14T23:14:40.403+0000] {processor.py:753} INFO - DAG(s) dict_keys(['example_nested_branch_dag']) retrieved from /home/airflow/.local/lib/python3.7/site-packages/airflow/example_dags/example_nested_branch_dag.py
[2024-06-14T23:14:40.538+0000] {logging_mixin.py:137} INFO - [2024-06-14T23:14:40.538+0000] {dag.py:2690} INFO - Sync 1 DAGs
[2024-06-14T23:14:40.626+0000] {logging_mixin.py:137} INFO - [2024-06-14T23:14:40.625+0000] {dag.py:3441} INFO - Setting next_dagrun for example_nested_branch_dag to 2024-06-13T00:00:00+00:00, run_after=2024-06-14T00:00:00+00:00
[2024-06-14T23:14:40.708+0000] {processor.py:175} INFO - Processing /home/airflow/.local/lib/python3.7/site-packages/airflow/example_dags/example_nested_branch_dag.py took 0.418 seconds
