[2024-06-14T21:50:27.605+0000] {processor.py:153} INFO - Started process (PID=62) to work on /home/airflow/.local/lib/python3.7/site-packages/airflow/example_dags/example_time_delta_sensor_async.py
[2024-06-14T21:50:27.607+0000] {processor.py:743} INFO - Processing file /home/airflow/.local/lib/python3.7/site-packages/airflow/example_dags/example_time_delta_sensor_async.py for tasks to queue
[2024-06-14T21:50:27.608+0000] {logging_mixin.py:137} INFO - [2024-06-14T21:50:27.608+0000] {dagbag.py:538} INFO - Filling up the DagBag from /home/airflow/.local/lib/python3.7/site-packages/airflow/example_dags/example_time_delta_sensor_async.py
[2024-06-14T21:50:27.632+0000] {processor.py:753} INFO - DAG(s) dict_keys(['example_time_delta_sensor_async']) retrieved from /home/airflow/.local/lib/python3.7/site-packages/airflow/example_dags/example_time_delta_sensor_async.py
[2024-06-14T21:50:27.678+0000] {logging_mixin.py:137} INFO - [2024-06-14T21:50:27.677+0000] {dag.py:2690} INFO - Sync 1 DAGs
[2024-06-14T21:50:27.707+0000] {logging_mixin.py:137} INFO - [2024-06-14T21:50:27.706+0000] {dag.py:3441} INFO - Setting next_dagrun for example_time_delta_sensor_async to None, run_after=None
[2024-06-14T21:50:27.722+0000] {processor.py:175} INFO - Processing /home/airflow/.local/lib/python3.7/site-packages/airflow/example_dags/example_time_delta_sensor_async.py took 0.123 seconds
[2024-06-14T21:50:58.591+0000] {processor.py:153} INFO - Started process (PID=112) to work on /home/airflow/.local/lib/python3.7/site-packages/airflow/example_dags/example_time_delta_sensor_async.py
[2024-06-14T21:50:58.592+0000] {processor.py:743} INFO - Processing file /home/airflow/.local/lib/python3.7/site-packages/airflow/example_dags/example_time_delta_sensor_async.py for tasks to queue
[2024-06-14T21:50:58.593+0000] {logging_mixin.py:137} INFO - [2024-06-14T21:50:58.593+0000] {dagbag.py:538} INFO - Filling up the DagBag from /home/airflow/.local/lib/python3.7/site-packages/airflow/example_dags/example_time_delta_sensor_async.py
[2024-06-14T21:50:58.603+0000] {processor.py:753} INFO - DAG(s) dict_keys(['example_time_delta_sensor_async']) retrieved from /home/airflow/.local/lib/python3.7/site-packages/airflow/example_dags/example_time_delta_sensor_async.py
[2024-06-14T21:50:58.623+0000] {logging_mixin.py:137} INFO - [2024-06-14T21:50:58.623+0000] {dag.py:2690} INFO - Sync 1 DAGs
[2024-06-14T21:50:58.640+0000] {logging_mixin.py:137} INFO - [2024-06-14T21:50:58.640+0000] {dag.py:3441} INFO - Setting next_dagrun for example_time_delta_sensor_async to None, run_after=None
[2024-06-14T21:50:58.652+0000] {processor.py:175} INFO - Processing /home/airflow/.local/lib/python3.7/site-packages/airflow/example_dags/example_time_delta_sensor_async.py took 0.063 seconds
[2024-06-14T21:51:29.010+0000] {processor.py:153} INFO - Started process (PID=162) to work on /home/airflow/.local/lib/python3.7/site-packages/airflow/example_dags/example_time_delta_sensor_async.py
[2024-06-14T21:51:29.012+0000] {processor.py:743} INFO - Processing file /home/airflow/.local/lib/python3.7/site-packages/airflow/example_dags/example_time_delta_sensor_async.py for tasks to queue
[2024-06-14T21:51:29.013+0000] {logging_mixin.py:137} INFO - [2024-06-14T21:51:29.012+0000] {dagbag.py:538} INFO - Filling up the DagBag from /home/airflow/.local/lib/python3.7/site-packages/airflow/example_dags/example_time_delta_sensor_async.py
[2024-06-14T21:51:29.022+0000] {processor.py:753} INFO - DAG(s) dict_keys(['example_time_delta_sensor_async']) retrieved from /home/airflow/.local/lib/python3.7/site-packages/airflow/example_dags/example_time_delta_sensor_async.py
[2024-06-14T21:51:29.044+0000] {logging_mixin.py:137} INFO - [2024-06-14T21:51:29.044+0000] {dag.py:2690} INFO - Sync 1 DAGs
[2024-06-14T21:51:29.061+0000] {logging_mixin.py:137} INFO - [2024-06-14T21:51:29.061+0000] {dag.py:3441} INFO - Setting next_dagrun for example_time_delta_sensor_async to None, run_after=None
[2024-06-14T21:51:29.074+0000] {processor.py:175} INFO - Processing /home/airflow/.local/lib/python3.7/site-packages/airflow/example_dags/example_time_delta_sensor_async.py took 0.066 seconds
[2024-06-14T21:51:59.269+0000] {processor.py:153} INFO - Started process (PID=212) to work on /home/airflow/.local/lib/python3.7/site-packages/airflow/example_dags/example_time_delta_sensor_async.py
[2024-06-14T21:51:59.270+0000] {processor.py:743} INFO - Processing file /home/airflow/.local/lib/python3.7/site-packages/airflow/example_dags/example_time_delta_sensor_async.py for tasks to queue
[2024-06-14T21:51:59.271+0000] {logging_mixin.py:137} INFO - [2024-06-14T21:51:59.271+0000] {dagbag.py:538} INFO - Filling up the DagBag from /home/airflow/.local/lib/python3.7/site-packages/airflow/example_dags/example_time_delta_sensor_async.py
[2024-06-14T21:51:59.281+0000] {processor.py:753} INFO - DAG(s) dict_keys(['example_time_delta_sensor_async']) retrieved from /home/airflow/.local/lib/python3.7/site-packages/airflow/example_dags/example_time_delta_sensor_async.py
[2024-06-14T21:51:59.304+0000] {logging_mixin.py:137} INFO - [2024-06-14T21:51:59.303+0000] {dag.py:2690} INFO - Sync 1 DAGs
[2024-06-14T21:51:59.320+0000] {logging_mixin.py:137} INFO - [2024-06-14T21:51:59.320+0000] {dag.py:3441} INFO - Setting next_dagrun for example_time_delta_sensor_async to None, run_after=None
[2024-06-14T21:51:59.332+0000] {processor.py:175} INFO - Processing /home/airflow/.local/lib/python3.7/site-packages/airflow/example_dags/example_time_delta_sensor_async.py took 0.065 seconds
[2024-06-14T21:52:29.923+0000] {processor.py:153} INFO - Started process (PID=262) to work on /home/airflow/.local/lib/python3.7/site-packages/airflow/example_dags/example_time_delta_sensor_async.py
[2024-06-14T21:52:29.924+0000] {processor.py:743} INFO - Processing file /home/airflow/.local/lib/python3.7/site-packages/airflow/example_dags/example_time_delta_sensor_async.py for tasks to queue
[2024-06-14T21:52:29.925+0000] {logging_mixin.py:137} INFO - [2024-06-14T21:52:29.925+0000] {dagbag.py:538} INFO - Filling up the DagBag from /home/airflow/.local/lib/python3.7/site-packages/airflow/example_dags/example_time_delta_sensor_async.py
[2024-06-14T21:52:29.934+0000] {processor.py:753} INFO - DAG(s) dict_keys(['example_time_delta_sensor_async']) retrieved from /home/airflow/.local/lib/python3.7/site-packages/airflow/example_dags/example_time_delta_sensor_async.py
[2024-06-14T21:52:29.955+0000] {logging_mixin.py:137} INFO - [2024-06-14T21:52:29.955+0000] {dag.py:2690} INFO - Sync 1 DAGs
[2024-06-14T21:52:29.972+0000] {logging_mixin.py:137} INFO - [2024-06-14T21:52:29.972+0000] {dag.py:3441} INFO - Setting next_dagrun for example_time_delta_sensor_async to None, run_after=None
[2024-06-14T21:52:29.984+0000] {processor.py:175} INFO - Processing /home/airflow/.local/lib/python3.7/site-packages/airflow/example_dags/example_time_delta_sensor_async.py took 0.064 seconds
[2024-06-14T21:53:00.486+0000] {processor.py:153} INFO - Started process (PID=311) to work on /home/airflow/.local/lib/python3.7/site-packages/airflow/example_dags/example_time_delta_sensor_async.py
[2024-06-14T21:53:00.488+0000] {processor.py:743} INFO - Processing file /home/airflow/.local/lib/python3.7/site-packages/airflow/example_dags/example_time_delta_sensor_async.py for tasks to queue
[2024-06-14T21:53:00.488+0000] {logging_mixin.py:137} INFO - [2024-06-14T21:53:00.488+0000] {dagbag.py:538} INFO - Filling up the DagBag from /home/airflow/.local/lib/python3.7/site-packages/airflow/example_dags/example_time_delta_sensor_async.py
[2024-06-14T21:53:00.499+0000] {processor.py:753} INFO - DAG(s) dict_keys(['example_time_delta_sensor_async']) retrieved from /home/airflow/.local/lib/python3.7/site-packages/airflow/example_dags/example_time_delta_sensor_async.py
[2024-06-14T21:53:00.520+0000] {logging_mixin.py:137} INFO - [2024-06-14T21:53:00.520+0000] {dag.py:2690} INFO - Sync 1 DAGs
[2024-06-14T21:53:00.537+0000] {logging_mixin.py:137} INFO - [2024-06-14T21:53:00.537+0000] {dag.py:3441} INFO - Setting next_dagrun for example_time_delta_sensor_async to None, run_after=None
[2024-06-14T21:53:00.550+0000] {processor.py:175} INFO - Processing /home/airflow/.local/lib/python3.7/site-packages/airflow/example_dags/example_time_delta_sensor_async.py took 0.067 seconds
[2024-06-14T21:53:31.151+0000] {processor.py:153} INFO - Started process (PID=361) to work on /home/airflow/.local/lib/python3.7/site-packages/airflow/example_dags/example_time_delta_sensor_async.py
[2024-06-14T21:53:31.152+0000] {processor.py:743} INFO - Processing file /home/airflow/.local/lib/python3.7/site-packages/airflow/example_dags/example_time_delta_sensor_async.py for tasks to queue
[2024-06-14T21:53:31.153+0000] {logging_mixin.py:137} INFO - [2024-06-14T21:53:31.153+0000] {dagbag.py:538} INFO - Filling up the DagBag from /home/airflow/.local/lib/python3.7/site-packages/airflow/example_dags/example_time_delta_sensor_async.py
[2024-06-14T21:53:31.165+0000] {processor.py:753} INFO - DAG(s) dict_keys(['example_time_delta_sensor_async']) retrieved from /home/airflow/.local/lib/python3.7/site-packages/airflow/example_dags/example_time_delta_sensor_async.py
[2024-06-14T21:53:31.189+0000] {logging_mixin.py:137} INFO - [2024-06-14T21:53:31.189+0000] {dag.py:2690} INFO - Sync 1 DAGs
[2024-06-14T21:53:31.208+0000] {logging_mixin.py:137} INFO - [2024-06-14T21:53:31.208+0000] {dag.py:3441} INFO - Setting next_dagrun for example_time_delta_sensor_async to None, run_after=None
[2024-06-14T21:53:31.223+0000] {processor.py:175} INFO - Processing /home/airflow/.local/lib/python3.7/site-packages/airflow/example_dags/example_time_delta_sensor_async.py took 0.075 seconds
[2024-06-14T21:54:01.740+0000] {processor.py:153} INFO - Started process (PID=411) to work on /home/airflow/.local/lib/python3.7/site-packages/airflow/example_dags/example_time_delta_sensor_async.py
[2024-06-14T21:54:01.742+0000] {processor.py:743} INFO - Processing file /home/airflow/.local/lib/python3.7/site-packages/airflow/example_dags/example_time_delta_sensor_async.py for tasks to queue
[2024-06-14T21:54:01.743+0000] {logging_mixin.py:137} INFO - [2024-06-14T21:54:01.743+0000] {dagbag.py:538} INFO - Filling up the DagBag from /home/airflow/.local/lib/python3.7/site-packages/airflow/example_dags/example_time_delta_sensor_async.py
[2024-06-14T21:54:01.755+0000] {processor.py:753} INFO - DAG(s) dict_keys(['example_time_delta_sensor_async']) retrieved from /home/airflow/.local/lib/python3.7/site-packages/airflow/example_dags/example_time_delta_sensor_async.py
[2024-06-14T21:54:01.779+0000] {logging_mixin.py:137} INFO - [2024-06-14T21:54:01.779+0000] {dag.py:2690} INFO - Sync 1 DAGs
[2024-06-14T21:54:01.798+0000] {logging_mixin.py:137} INFO - [2024-06-14T21:54:01.797+0000] {dag.py:3441} INFO - Setting next_dagrun for example_time_delta_sensor_async to None, run_after=None
[2024-06-14T21:54:01.812+0000] {processor.py:175} INFO - Processing /home/airflow/.local/lib/python3.7/site-packages/airflow/example_dags/example_time_delta_sensor_async.py took 0.075 seconds
[2024-06-14T21:54:32.559+0000] {processor.py:153} INFO - Started process (PID=461) to work on /home/airflow/.local/lib/python3.7/site-packages/airflow/example_dags/example_time_delta_sensor_async.py
[2024-06-14T21:54:32.560+0000] {processor.py:743} INFO - Processing file /home/airflow/.local/lib/python3.7/site-packages/airflow/example_dags/example_time_delta_sensor_async.py for tasks to queue
[2024-06-14T21:54:32.562+0000] {logging_mixin.py:137} INFO - [2024-06-14T21:54:32.561+0000] {dagbag.py:538} INFO - Filling up the DagBag from /home/airflow/.local/lib/python3.7/site-packages/airflow/example_dags/example_time_delta_sensor_async.py
[2024-06-14T21:54:32.572+0000] {processor.py:753} INFO - DAG(s) dict_keys(['example_time_delta_sensor_async']) retrieved from /home/airflow/.local/lib/python3.7/site-packages/airflow/example_dags/example_time_delta_sensor_async.py
[2024-06-14T21:54:32.599+0000] {logging_mixin.py:137} INFO - [2024-06-14T21:54:32.599+0000] {dag.py:2690} INFO - Sync 1 DAGs
[2024-06-14T21:54:32.617+0000] {logging_mixin.py:137} INFO - [2024-06-14T21:54:32.617+0000] {dag.py:3441} INFO - Setting next_dagrun for example_time_delta_sensor_async to None, run_after=None
[2024-06-14T21:54:32.629+0000] {processor.py:175} INFO - Processing /home/airflow/.local/lib/python3.7/site-packages/airflow/example_dags/example_time_delta_sensor_async.py took 0.073 seconds
[2024-06-14T21:55:03.083+0000] {processor.py:153} INFO - Started process (PID=511) to work on /home/airflow/.local/lib/python3.7/site-packages/airflow/example_dags/example_time_delta_sensor_async.py
[2024-06-14T21:55:03.085+0000] {processor.py:743} INFO - Processing file /home/airflow/.local/lib/python3.7/site-packages/airflow/example_dags/example_time_delta_sensor_async.py for tasks to queue
[2024-06-14T21:55:03.086+0000] {logging_mixin.py:137} INFO - [2024-06-14T21:55:03.086+0000] {dagbag.py:538} INFO - Filling up the DagBag from /home/airflow/.local/lib/python3.7/site-packages/airflow/example_dags/example_time_delta_sensor_async.py
[2024-06-14T21:55:03.096+0000] {processor.py:753} INFO - DAG(s) dict_keys(['example_time_delta_sensor_async']) retrieved from /home/airflow/.local/lib/python3.7/site-packages/airflow/example_dags/example_time_delta_sensor_async.py
[2024-06-14T21:55:03.121+0000] {logging_mixin.py:137} INFO - [2024-06-14T21:55:03.121+0000] {dag.py:2690} INFO - Sync 1 DAGs
[2024-06-14T21:55:03.141+0000] {logging_mixin.py:137} INFO - [2024-06-14T21:55:03.141+0000] {dag.py:3441} INFO - Setting next_dagrun for example_time_delta_sensor_async to None, run_after=None
[2024-06-14T21:55:03.157+0000] {processor.py:175} INFO - Processing /home/airflow/.local/lib/python3.7/site-packages/airflow/example_dags/example_time_delta_sensor_async.py took 0.079 seconds
[2024-06-14T21:55:33.732+0000] {processor.py:153} INFO - Started process (PID=561) to work on /home/airflow/.local/lib/python3.7/site-packages/airflow/example_dags/example_time_delta_sensor_async.py
[2024-06-14T21:55:33.734+0000] {processor.py:743} INFO - Processing file /home/airflow/.local/lib/python3.7/site-packages/airflow/example_dags/example_time_delta_sensor_async.py for tasks to queue
[2024-06-14T21:55:33.735+0000] {logging_mixin.py:137} INFO - [2024-06-14T21:55:33.735+0000] {dagbag.py:538} INFO - Filling up the DagBag from /home/airflow/.local/lib/python3.7/site-packages/airflow/example_dags/example_time_delta_sensor_async.py
[2024-06-14T21:55:33.745+0000] {processor.py:753} INFO - DAG(s) dict_keys(['example_time_delta_sensor_async']) retrieved from /home/airflow/.local/lib/python3.7/site-packages/airflow/example_dags/example_time_delta_sensor_async.py
[2024-06-14T21:55:33.766+0000] {logging_mixin.py:137} INFO - [2024-06-14T21:55:33.766+0000] {dag.py:2690} INFO - Sync 1 DAGs
[2024-06-14T21:55:33.782+0000] {logging_mixin.py:137} INFO - [2024-06-14T21:55:33.782+0000] {dag.py:3441} INFO - Setting next_dagrun for example_time_delta_sensor_async to None, run_after=None
[2024-06-14T21:55:33.795+0000] {processor.py:175} INFO - Processing /home/airflow/.local/lib/python3.7/site-packages/airflow/example_dags/example_time_delta_sensor_async.py took 0.066 seconds
[2024-06-14T21:56:04.576+0000] {processor.py:153} INFO - Started process (PID=611) to work on /home/airflow/.local/lib/python3.7/site-packages/airflow/example_dags/example_time_delta_sensor_async.py
[2024-06-14T21:56:04.577+0000] {processor.py:743} INFO - Processing file /home/airflow/.local/lib/python3.7/site-packages/airflow/example_dags/example_time_delta_sensor_async.py for tasks to queue
[2024-06-14T21:56:04.578+0000] {logging_mixin.py:137} INFO - [2024-06-14T21:56:04.578+0000] {dagbag.py:538} INFO - Filling up the DagBag from /home/airflow/.local/lib/python3.7/site-packages/airflow/example_dags/example_time_delta_sensor_async.py
[2024-06-14T21:56:04.589+0000] {processor.py:753} INFO - DAG(s) dict_keys(['example_time_delta_sensor_async']) retrieved from /home/airflow/.local/lib/python3.7/site-packages/airflow/example_dags/example_time_delta_sensor_async.py
[2024-06-14T21:56:04.612+0000] {logging_mixin.py:137} INFO - [2024-06-14T21:56:04.612+0000] {dag.py:2690} INFO - Sync 1 DAGs
[2024-06-14T21:56:04.631+0000] {logging_mixin.py:137} INFO - [2024-06-14T21:56:04.631+0000] {dag.py:3441} INFO - Setting next_dagrun for example_time_delta_sensor_async to None, run_after=None
[2024-06-14T21:56:04.653+0000] {processor.py:175} INFO - Processing /home/airflow/.local/lib/python3.7/site-packages/airflow/example_dags/example_time_delta_sensor_async.py took 0.080 seconds
[2024-06-14T21:56:35.355+0000] {processor.py:153} INFO - Started process (PID=661) to work on /home/airflow/.local/lib/python3.7/site-packages/airflow/example_dags/example_time_delta_sensor_async.py
[2024-06-14T21:56:35.357+0000] {processor.py:743} INFO - Processing file /home/airflow/.local/lib/python3.7/site-packages/airflow/example_dags/example_time_delta_sensor_async.py for tasks to queue
[2024-06-14T21:56:35.358+0000] {logging_mixin.py:137} INFO - [2024-06-14T21:56:35.358+0000] {dagbag.py:538} INFO - Filling up the DagBag from /home/airflow/.local/lib/python3.7/site-packages/airflow/example_dags/example_time_delta_sensor_async.py
[2024-06-14T21:56:35.370+0000] {processor.py:753} INFO - DAG(s) dict_keys(['example_time_delta_sensor_async']) retrieved from /home/airflow/.local/lib/python3.7/site-packages/airflow/example_dags/example_time_delta_sensor_async.py
[2024-06-14T21:56:35.398+0000] {logging_mixin.py:137} INFO - [2024-06-14T21:56:35.397+0000] {dag.py:2690} INFO - Sync 1 DAGs
[2024-06-14T21:56:35.422+0000] {logging_mixin.py:137} INFO - [2024-06-14T21:56:35.422+0000] {dag.py:3441} INFO - Setting next_dagrun for example_time_delta_sensor_async to None, run_after=None
[2024-06-14T21:56:35.436+0000] {processor.py:175} INFO - Processing /home/airflow/.local/lib/python3.7/site-packages/airflow/example_dags/example_time_delta_sensor_async.py took 0.084 seconds
[2024-06-14T21:57:05.954+0000] {processor.py:153} INFO - Started process (PID=711) to work on /home/airflow/.local/lib/python3.7/site-packages/airflow/example_dags/example_time_delta_sensor_async.py
[2024-06-14T21:57:05.955+0000] {processor.py:743} INFO - Processing file /home/airflow/.local/lib/python3.7/site-packages/airflow/example_dags/example_time_delta_sensor_async.py for tasks to queue
[2024-06-14T21:57:05.956+0000] {logging_mixin.py:137} INFO - [2024-06-14T21:57:05.956+0000] {dagbag.py:538} INFO - Filling up the DagBag from /home/airflow/.local/lib/python3.7/site-packages/airflow/example_dags/example_time_delta_sensor_async.py
[2024-06-14T21:57:05.965+0000] {processor.py:753} INFO - DAG(s) dict_keys(['example_time_delta_sensor_async']) retrieved from /home/airflow/.local/lib/python3.7/site-packages/airflow/example_dags/example_time_delta_sensor_async.py
[2024-06-14T21:57:05.987+0000] {logging_mixin.py:137} INFO - [2024-06-14T21:57:05.987+0000] {dag.py:2690} INFO - Sync 1 DAGs
[2024-06-14T21:57:06.004+0000] {logging_mixin.py:137} INFO - [2024-06-14T21:57:06.004+0000] {dag.py:3441} INFO - Setting next_dagrun for example_time_delta_sensor_async to None, run_after=None
[2024-06-14T21:57:06.016+0000] {processor.py:175} INFO - Processing /home/airflow/.local/lib/python3.7/site-packages/airflow/example_dags/example_time_delta_sensor_async.py took 0.065 seconds
[2024-06-14T21:57:36.336+0000] {processor.py:153} INFO - Started process (PID=761) to work on /home/airflow/.local/lib/python3.7/site-packages/airflow/example_dags/example_time_delta_sensor_async.py
[2024-06-14T21:57:36.337+0000] {processor.py:743} INFO - Processing file /home/airflow/.local/lib/python3.7/site-packages/airflow/example_dags/example_time_delta_sensor_async.py for tasks to queue
[2024-06-14T21:57:36.338+0000] {logging_mixin.py:137} INFO - [2024-06-14T21:57:36.338+0000] {dagbag.py:538} INFO - Filling up the DagBag from /home/airflow/.local/lib/python3.7/site-packages/airflow/example_dags/example_time_delta_sensor_async.py
[2024-06-14T21:57:36.348+0000] {processor.py:753} INFO - DAG(s) dict_keys(['example_time_delta_sensor_async']) retrieved from /home/airflow/.local/lib/python3.7/site-packages/airflow/example_dags/example_time_delta_sensor_async.py
[2024-06-14T21:57:36.370+0000] {logging_mixin.py:137} INFO - [2024-06-14T21:57:36.370+0000] {dag.py:2690} INFO - Sync 1 DAGs
[2024-06-14T21:57:36.387+0000] {logging_mixin.py:137} INFO - [2024-06-14T21:57:36.387+0000] {dag.py:3441} INFO - Setting next_dagrun for example_time_delta_sensor_async to None, run_after=None
[2024-06-14T21:57:36.401+0000] {processor.py:175} INFO - Processing /home/airflow/.local/lib/python3.7/site-packages/airflow/example_dags/example_time_delta_sensor_async.py took 0.068 seconds
[2024-06-14T21:58:06.918+0000] {processor.py:153} INFO - Started process (PID=811) to work on /home/airflow/.local/lib/python3.7/site-packages/airflow/example_dags/example_time_delta_sensor_async.py
[2024-06-14T21:58:06.919+0000] {processor.py:743} INFO - Processing file /home/airflow/.local/lib/python3.7/site-packages/airflow/example_dags/example_time_delta_sensor_async.py for tasks to queue
[2024-06-14T21:58:06.920+0000] {logging_mixin.py:137} INFO - [2024-06-14T21:58:06.919+0000] {dagbag.py:538} INFO - Filling up the DagBag from /home/airflow/.local/lib/python3.7/site-packages/airflow/example_dags/example_time_delta_sensor_async.py
[2024-06-14T21:58:06.929+0000] {processor.py:753} INFO - DAG(s) dict_keys(['example_time_delta_sensor_async']) retrieved from /home/airflow/.local/lib/python3.7/site-packages/airflow/example_dags/example_time_delta_sensor_async.py
[2024-06-14T21:58:06.965+0000] {logging_mixin.py:137} INFO - [2024-06-14T21:58:06.965+0000] {dag.py:2690} INFO - Sync 1 DAGs
[2024-06-14T21:58:06.985+0000] {logging_mixin.py:137} INFO - [2024-06-14T21:58:06.985+0000] {dag.py:3441} INFO - Setting next_dagrun for example_time_delta_sensor_async to None, run_after=None
[2024-06-14T21:58:07.000+0000] {processor.py:175} INFO - Processing /home/airflow/.local/lib/python3.7/site-packages/airflow/example_dags/example_time_delta_sensor_async.py took 0.085 seconds
[2024-06-14T21:58:37.595+0000] {processor.py:153} INFO - Started process (PID=861) to work on /home/airflow/.local/lib/python3.7/site-packages/airflow/example_dags/example_time_delta_sensor_async.py
[2024-06-14T21:58:37.596+0000] {processor.py:743} INFO - Processing file /home/airflow/.local/lib/python3.7/site-packages/airflow/example_dags/example_time_delta_sensor_async.py for tasks to queue
[2024-06-14T21:58:37.597+0000] {logging_mixin.py:137} INFO - [2024-06-14T21:58:37.597+0000] {dagbag.py:538} INFO - Filling up the DagBag from /home/airflow/.local/lib/python3.7/site-packages/airflow/example_dags/example_time_delta_sensor_async.py
[2024-06-14T21:58:37.607+0000] {processor.py:753} INFO - DAG(s) dict_keys(['example_time_delta_sensor_async']) retrieved from /home/airflow/.local/lib/python3.7/site-packages/airflow/example_dags/example_time_delta_sensor_async.py
[2024-06-14T21:58:37.628+0000] {logging_mixin.py:137} INFO - [2024-06-14T21:58:37.628+0000] {dag.py:2690} INFO - Sync 1 DAGs
[2024-06-14T21:58:37.644+0000] {logging_mixin.py:137} INFO - [2024-06-14T21:58:37.644+0000] {dag.py:3441} INFO - Setting next_dagrun for example_time_delta_sensor_async to None, run_after=None
[2024-06-14T21:58:37.657+0000] {processor.py:175} INFO - Processing /home/airflow/.local/lib/python3.7/site-packages/airflow/example_dags/example_time_delta_sensor_async.py took 0.065 seconds
[2024-06-14T21:59:08.114+0000] {processor.py:153} INFO - Started process (PID=911) to work on /home/airflow/.local/lib/python3.7/site-packages/airflow/example_dags/example_time_delta_sensor_async.py
[2024-06-14T21:59:08.115+0000] {processor.py:743} INFO - Processing file /home/airflow/.local/lib/python3.7/site-packages/airflow/example_dags/example_time_delta_sensor_async.py for tasks to queue
[2024-06-14T21:59:08.116+0000] {logging_mixin.py:137} INFO - [2024-06-14T21:59:08.116+0000] {dagbag.py:538} INFO - Filling up the DagBag from /home/airflow/.local/lib/python3.7/site-packages/airflow/example_dags/example_time_delta_sensor_async.py
[2024-06-14T21:59:08.126+0000] {processor.py:753} INFO - DAG(s) dict_keys(['example_time_delta_sensor_async']) retrieved from /home/airflow/.local/lib/python3.7/site-packages/airflow/example_dags/example_time_delta_sensor_async.py
[2024-06-14T21:59:08.147+0000] {logging_mixin.py:137} INFO - [2024-06-14T21:59:08.147+0000] {dag.py:2690} INFO - Sync 1 DAGs
[2024-06-14T21:59:08.163+0000] {logging_mixin.py:137} INFO - [2024-06-14T21:59:08.163+0000] {dag.py:3441} INFO - Setting next_dagrun for example_time_delta_sensor_async to None, run_after=None
[2024-06-14T21:59:08.176+0000] {processor.py:175} INFO - Processing /home/airflow/.local/lib/python3.7/site-packages/airflow/example_dags/example_time_delta_sensor_async.py took 0.066 seconds
[2024-06-14T21:59:38.580+0000] {processor.py:153} INFO - Started process (PID=961) to work on /home/airflow/.local/lib/python3.7/site-packages/airflow/example_dags/example_time_delta_sensor_async.py
[2024-06-14T21:59:38.581+0000] {processor.py:743} INFO - Processing file /home/airflow/.local/lib/python3.7/site-packages/airflow/example_dags/example_time_delta_sensor_async.py for tasks to queue
[2024-06-14T21:59:38.582+0000] {logging_mixin.py:137} INFO - [2024-06-14T21:59:38.582+0000] {dagbag.py:538} INFO - Filling up the DagBag from /home/airflow/.local/lib/python3.7/site-packages/airflow/example_dags/example_time_delta_sensor_async.py
[2024-06-14T21:59:38.591+0000] {processor.py:753} INFO - DAG(s) dict_keys(['example_time_delta_sensor_async']) retrieved from /home/airflow/.local/lib/python3.7/site-packages/airflow/example_dags/example_time_delta_sensor_async.py
[2024-06-14T21:59:38.614+0000] {logging_mixin.py:137} INFO - [2024-06-14T21:59:38.614+0000] {dag.py:2690} INFO - Sync 1 DAGs
[2024-06-14T21:59:38.633+0000] {logging_mixin.py:137} INFO - [2024-06-14T21:59:38.632+0000] {dag.py:3441} INFO - Setting next_dagrun for example_time_delta_sensor_async to None, run_after=None
[2024-06-14T21:59:38.646+0000] {processor.py:175} INFO - Processing /home/airflow/.local/lib/python3.7/site-packages/airflow/example_dags/example_time_delta_sensor_async.py took 0.069 seconds
[2024-06-14T22:00:09.113+0000] {processor.py:153} INFO - Started process (PID=1011) to work on /home/airflow/.local/lib/python3.7/site-packages/airflow/example_dags/example_time_delta_sensor_async.py
[2024-06-14T22:00:09.114+0000] {processor.py:743} INFO - Processing file /home/airflow/.local/lib/python3.7/site-packages/airflow/example_dags/example_time_delta_sensor_async.py for tasks to queue
[2024-06-14T22:00:09.115+0000] {logging_mixin.py:137} INFO - [2024-06-14T22:00:09.115+0000] {dagbag.py:538} INFO - Filling up the DagBag from /home/airflow/.local/lib/python3.7/site-packages/airflow/example_dags/example_time_delta_sensor_async.py
[2024-06-14T22:00:09.125+0000] {processor.py:753} INFO - DAG(s) dict_keys(['example_time_delta_sensor_async']) retrieved from /home/airflow/.local/lib/python3.7/site-packages/airflow/example_dags/example_time_delta_sensor_async.py
[2024-06-14T22:00:09.146+0000] {logging_mixin.py:137} INFO - [2024-06-14T22:00:09.146+0000] {dag.py:2690} INFO - Sync 1 DAGs
[2024-06-14T22:00:09.162+0000] {logging_mixin.py:137} INFO - [2024-06-14T22:00:09.162+0000] {dag.py:3441} INFO - Setting next_dagrun for example_time_delta_sensor_async to None, run_after=None
[2024-06-14T22:00:09.174+0000] {processor.py:175} INFO - Processing /home/airflow/.local/lib/python3.7/site-packages/airflow/example_dags/example_time_delta_sensor_async.py took 0.064 seconds
[2024-06-14T22:00:39.576+0000] {processor.py:153} INFO - Started process (PID=1061) to work on /home/airflow/.local/lib/python3.7/site-packages/airflow/example_dags/example_time_delta_sensor_async.py
[2024-06-14T22:00:39.578+0000] {processor.py:743} INFO - Processing file /home/airflow/.local/lib/python3.7/site-packages/airflow/example_dags/example_time_delta_sensor_async.py for tasks to queue
[2024-06-14T22:00:39.579+0000] {logging_mixin.py:137} INFO - [2024-06-14T22:00:39.579+0000] {dagbag.py:538} INFO - Filling up the DagBag from /home/airflow/.local/lib/python3.7/site-packages/airflow/example_dags/example_time_delta_sensor_async.py
[2024-06-14T22:00:39.588+0000] {processor.py:753} INFO - DAG(s) dict_keys(['example_time_delta_sensor_async']) retrieved from /home/airflow/.local/lib/python3.7/site-packages/airflow/example_dags/example_time_delta_sensor_async.py
[2024-06-14T22:00:39.611+0000] {logging_mixin.py:137} INFO - [2024-06-14T22:00:39.611+0000] {dag.py:2690} INFO - Sync 1 DAGs
[2024-06-14T22:00:39.628+0000] {logging_mixin.py:137} INFO - [2024-06-14T22:00:39.628+0000] {dag.py:3441} INFO - Setting next_dagrun for example_time_delta_sensor_async to None, run_after=None
[2024-06-14T22:00:39.641+0000] {processor.py:175} INFO - Processing /home/airflow/.local/lib/python3.7/site-packages/airflow/example_dags/example_time_delta_sensor_async.py took 0.068 seconds
[2024-06-14T22:01:10.140+0000] {processor.py:153} INFO - Started process (PID=1110) to work on /home/airflow/.local/lib/python3.7/site-packages/airflow/example_dags/example_time_delta_sensor_async.py
[2024-06-14T22:01:10.141+0000] {processor.py:743} INFO - Processing file /home/airflow/.local/lib/python3.7/site-packages/airflow/example_dags/example_time_delta_sensor_async.py for tasks to queue
[2024-06-14T22:01:10.142+0000] {logging_mixin.py:137} INFO - [2024-06-14T22:01:10.142+0000] {dagbag.py:538} INFO - Filling up the DagBag from /home/airflow/.local/lib/python3.7/site-packages/airflow/example_dags/example_time_delta_sensor_async.py
[2024-06-14T22:01:10.152+0000] {processor.py:753} INFO - DAG(s) dict_keys(['example_time_delta_sensor_async']) retrieved from /home/airflow/.local/lib/python3.7/site-packages/airflow/example_dags/example_time_delta_sensor_async.py
[2024-06-14T22:01:10.173+0000] {logging_mixin.py:137} INFO - [2024-06-14T22:01:10.172+0000] {dag.py:2690} INFO - Sync 1 DAGs
[2024-06-14T22:01:10.190+0000] {logging_mixin.py:137} INFO - [2024-06-14T22:01:10.189+0000] {dag.py:3441} INFO - Setting next_dagrun for example_time_delta_sensor_async to None, run_after=None
[2024-06-14T22:01:10.201+0000] {processor.py:175} INFO - Processing /home/airflow/.local/lib/python3.7/site-packages/airflow/example_dags/example_time_delta_sensor_async.py took 0.064 seconds
[2024-06-14T22:01:40.582+0000] {processor.py:153} INFO - Started process (PID=1160) to work on /home/airflow/.local/lib/python3.7/site-packages/airflow/example_dags/example_time_delta_sensor_async.py
[2024-06-14T22:01:40.583+0000] {processor.py:743} INFO - Processing file /home/airflow/.local/lib/python3.7/site-packages/airflow/example_dags/example_time_delta_sensor_async.py for tasks to queue
[2024-06-14T22:01:40.584+0000] {logging_mixin.py:137} INFO - [2024-06-14T22:01:40.584+0000] {dagbag.py:538} INFO - Filling up the DagBag from /home/airflow/.local/lib/python3.7/site-packages/airflow/example_dags/example_time_delta_sensor_async.py
[2024-06-14T22:01:40.595+0000] {processor.py:753} INFO - DAG(s) dict_keys(['example_time_delta_sensor_async']) retrieved from /home/airflow/.local/lib/python3.7/site-packages/airflow/example_dags/example_time_delta_sensor_async.py
[2024-06-14T22:01:40.616+0000] {logging_mixin.py:137} INFO - [2024-06-14T22:01:40.616+0000] {dag.py:2690} INFO - Sync 1 DAGs
[2024-06-14T22:01:40.633+0000] {logging_mixin.py:137} INFO - [2024-06-14T22:01:40.632+0000] {dag.py:3441} INFO - Setting next_dagrun for example_time_delta_sensor_async to None, run_after=None
[2024-06-14T22:01:40.646+0000] {processor.py:175} INFO - Processing /home/airflow/.local/lib/python3.7/site-packages/airflow/example_dags/example_time_delta_sensor_async.py took 0.067 seconds
[2024-06-14T22:02:11.025+0000] {processor.py:153} INFO - Started process (PID=1210) to work on /home/airflow/.local/lib/python3.7/site-packages/airflow/example_dags/example_time_delta_sensor_async.py
[2024-06-14T22:02:11.027+0000] {processor.py:743} INFO - Processing file /home/airflow/.local/lib/python3.7/site-packages/airflow/example_dags/example_time_delta_sensor_async.py for tasks to queue
[2024-06-14T22:02:11.027+0000] {logging_mixin.py:137} INFO - [2024-06-14T22:02:11.027+0000] {dagbag.py:538} INFO - Filling up the DagBag from /home/airflow/.local/lib/python3.7/site-packages/airflow/example_dags/example_time_delta_sensor_async.py
[2024-06-14T22:02:11.037+0000] {processor.py:753} INFO - DAG(s) dict_keys(['example_time_delta_sensor_async']) retrieved from /home/airflow/.local/lib/python3.7/site-packages/airflow/example_dags/example_time_delta_sensor_async.py
[2024-06-14T22:02:11.059+0000] {logging_mixin.py:137} INFO - [2024-06-14T22:02:11.059+0000] {dag.py:2690} INFO - Sync 1 DAGs
[2024-06-14T22:02:11.077+0000] {logging_mixin.py:137} INFO - [2024-06-14T22:02:11.077+0000] {dag.py:3441} INFO - Setting next_dagrun for example_time_delta_sensor_async to None, run_after=None
[2024-06-14T22:02:11.089+0000] {processor.py:175} INFO - Processing /home/airflow/.local/lib/python3.7/site-packages/airflow/example_dags/example_time_delta_sensor_async.py took 0.067 seconds
[2024-06-14T22:02:41.764+0000] {processor.py:153} INFO - Started process (PID=1260) to work on /home/airflow/.local/lib/python3.7/site-packages/airflow/example_dags/example_time_delta_sensor_async.py
[2024-06-14T22:02:41.765+0000] {processor.py:743} INFO - Processing file /home/airflow/.local/lib/python3.7/site-packages/airflow/example_dags/example_time_delta_sensor_async.py for tasks to queue
[2024-06-14T22:02:41.766+0000] {logging_mixin.py:137} INFO - [2024-06-14T22:02:41.765+0000] {dagbag.py:538} INFO - Filling up the DagBag from /home/airflow/.local/lib/python3.7/site-packages/airflow/example_dags/example_time_delta_sensor_async.py
[2024-06-14T22:02:41.775+0000] {processor.py:753} INFO - DAG(s) dict_keys(['example_time_delta_sensor_async']) retrieved from /home/airflow/.local/lib/python3.7/site-packages/airflow/example_dags/example_time_delta_sensor_async.py
[2024-06-14T22:02:41.798+0000] {logging_mixin.py:137} INFO - [2024-06-14T22:02:41.798+0000] {dag.py:2690} INFO - Sync 1 DAGs
[2024-06-14T22:02:41.815+0000] {logging_mixin.py:137} INFO - [2024-06-14T22:02:41.815+0000] {dag.py:3441} INFO - Setting next_dagrun for example_time_delta_sensor_async to None, run_after=None
[2024-06-14T22:02:41.828+0000] {processor.py:175} INFO - Processing /home/airflow/.local/lib/python3.7/site-packages/airflow/example_dags/example_time_delta_sensor_async.py took 0.067 seconds
[2024-06-14T22:03:12.364+0000] {processor.py:153} INFO - Started process (PID=1310) to work on /home/airflow/.local/lib/python3.7/site-packages/airflow/example_dags/example_time_delta_sensor_async.py
[2024-06-14T22:03:12.365+0000] {processor.py:743} INFO - Processing file /home/airflow/.local/lib/python3.7/site-packages/airflow/example_dags/example_time_delta_sensor_async.py for tasks to queue
[2024-06-14T22:03:12.366+0000] {logging_mixin.py:137} INFO - [2024-06-14T22:03:12.366+0000] {dagbag.py:538} INFO - Filling up the DagBag from /home/airflow/.local/lib/python3.7/site-packages/airflow/example_dags/example_time_delta_sensor_async.py
[2024-06-14T22:03:12.376+0000] {processor.py:753} INFO - DAG(s) dict_keys(['example_time_delta_sensor_async']) retrieved from /home/airflow/.local/lib/python3.7/site-packages/airflow/example_dags/example_time_delta_sensor_async.py
[2024-06-14T22:03:12.396+0000] {logging_mixin.py:137} INFO - [2024-06-14T22:03:12.396+0000] {dag.py:2690} INFO - Sync 1 DAGs
[2024-06-14T22:03:12.413+0000] {logging_mixin.py:137} INFO - [2024-06-14T22:03:12.413+0000] {dag.py:3441} INFO - Setting next_dagrun for example_time_delta_sensor_async to None, run_after=None
[2024-06-14T22:03:12.426+0000] {processor.py:175} INFO - Processing /home/airflow/.local/lib/python3.7/site-packages/airflow/example_dags/example_time_delta_sensor_async.py took 0.065 seconds
[2024-06-14T22:03:42.830+0000] {processor.py:153} INFO - Started process (PID=1360) to work on /home/airflow/.local/lib/python3.7/site-packages/airflow/example_dags/example_time_delta_sensor_async.py
[2024-06-14T22:03:42.831+0000] {processor.py:743} INFO - Processing file /home/airflow/.local/lib/python3.7/site-packages/airflow/example_dags/example_time_delta_sensor_async.py for tasks to queue
[2024-06-14T22:03:42.832+0000] {logging_mixin.py:137} INFO - [2024-06-14T22:03:42.832+0000] {dagbag.py:538} INFO - Filling up the DagBag from /home/airflow/.local/lib/python3.7/site-packages/airflow/example_dags/example_time_delta_sensor_async.py
[2024-06-14T22:03:42.842+0000] {processor.py:753} INFO - DAG(s) dict_keys(['example_time_delta_sensor_async']) retrieved from /home/airflow/.local/lib/python3.7/site-packages/airflow/example_dags/example_time_delta_sensor_async.py
[2024-06-14T22:03:42.864+0000] {logging_mixin.py:137} INFO - [2024-06-14T22:03:42.864+0000] {dag.py:2690} INFO - Sync 1 DAGs
[2024-06-14T22:03:42.880+0000] {logging_mixin.py:137} INFO - [2024-06-14T22:03:42.880+0000] {dag.py:3441} INFO - Setting next_dagrun for example_time_delta_sensor_async to None, run_after=None
[2024-06-14T22:03:42.892+0000] {processor.py:175} INFO - Processing /home/airflow/.local/lib/python3.7/site-packages/airflow/example_dags/example_time_delta_sensor_async.py took 0.066 seconds
[2024-06-14T22:04:13.248+0000] {processor.py:153} INFO - Started process (PID=1410) to work on /home/airflow/.local/lib/python3.7/site-packages/airflow/example_dags/example_time_delta_sensor_async.py
[2024-06-14T22:04:13.249+0000] {processor.py:743} INFO - Processing file /home/airflow/.local/lib/python3.7/site-packages/airflow/example_dags/example_time_delta_sensor_async.py for tasks to queue
[2024-06-14T22:04:13.250+0000] {logging_mixin.py:137} INFO - [2024-06-14T22:04:13.250+0000] {dagbag.py:538} INFO - Filling up the DagBag from /home/airflow/.local/lib/python3.7/site-packages/airflow/example_dags/example_time_delta_sensor_async.py
[2024-06-14T22:04:13.262+0000] {processor.py:753} INFO - DAG(s) dict_keys(['example_time_delta_sensor_async']) retrieved from /home/airflow/.local/lib/python3.7/site-packages/airflow/example_dags/example_time_delta_sensor_async.py
[2024-06-14T22:04:13.283+0000] {logging_mixin.py:137} INFO - [2024-06-14T22:04:13.283+0000] {dag.py:2690} INFO - Sync 1 DAGs
[2024-06-14T22:04:13.300+0000] {logging_mixin.py:137} INFO - [2024-06-14T22:04:13.300+0000] {dag.py:3441} INFO - Setting next_dagrun for example_time_delta_sensor_async to None, run_after=None
[2024-06-14T22:04:13.313+0000] {processor.py:175} INFO - Processing /home/airflow/.local/lib/python3.7/site-packages/airflow/example_dags/example_time_delta_sensor_async.py took 0.068 seconds
[2024-06-14T22:04:43.996+0000] {processor.py:153} INFO - Started process (PID=1459) to work on /home/airflow/.local/lib/python3.7/site-packages/airflow/example_dags/example_time_delta_sensor_async.py
[2024-06-14T22:04:43.998+0000] {processor.py:743} INFO - Processing file /home/airflow/.local/lib/python3.7/site-packages/airflow/example_dags/example_time_delta_sensor_async.py for tasks to queue
[2024-06-14T22:04:43.999+0000] {logging_mixin.py:137} INFO - [2024-06-14T22:04:43.998+0000] {dagbag.py:538} INFO - Filling up the DagBag from /home/airflow/.local/lib/python3.7/site-packages/airflow/example_dags/example_time_delta_sensor_async.py
[2024-06-14T22:04:44.009+0000] {processor.py:753} INFO - DAG(s) dict_keys(['example_time_delta_sensor_async']) retrieved from /home/airflow/.local/lib/python3.7/site-packages/airflow/example_dags/example_time_delta_sensor_async.py
[2024-06-14T22:04:44.030+0000] {logging_mixin.py:137} INFO - [2024-06-14T22:04:44.030+0000] {dag.py:2690} INFO - Sync 1 DAGs
[2024-06-14T22:04:44.046+0000] {logging_mixin.py:137} INFO - [2024-06-14T22:04:44.046+0000] {dag.py:3441} INFO - Setting next_dagrun for example_time_delta_sensor_async to None, run_after=None
[2024-06-14T22:04:44.058+0000] {processor.py:175} INFO - Processing /home/airflow/.local/lib/python3.7/site-packages/airflow/example_dags/example_time_delta_sensor_async.py took 0.065 seconds
[2024-06-14T22:05:14.438+0000] {processor.py:153} INFO - Started process (PID=1508) to work on /home/airflow/.local/lib/python3.7/site-packages/airflow/example_dags/example_time_delta_sensor_async.py
[2024-06-14T22:05:14.439+0000] {processor.py:743} INFO - Processing file /home/airflow/.local/lib/python3.7/site-packages/airflow/example_dags/example_time_delta_sensor_async.py for tasks to queue
[2024-06-14T22:05:14.440+0000] {logging_mixin.py:137} INFO - [2024-06-14T22:05:14.440+0000] {dagbag.py:538} INFO - Filling up the DagBag from /home/airflow/.local/lib/python3.7/site-packages/airflow/example_dags/example_time_delta_sensor_async.py
[2024-06-14T22:05:14.449+0000] {processor.py:753} INFO - DAG(s) dict_keys(['example_time_delta_sensor_async']) retrieved from /home/airflow/.local/lib/python3.7/site-packages/airflow/example_dags/example_time_delta_sensor_async.py
[2024-06-14T22:05:14.471+0000] {logging_mixin.py:137} INFO - [2024-06-14T22:05:14.471+0000] {dag.py:2690} INFO - Sync 1 DAGs
[2024-06-14T22:05:14.489+0000] {logging_mixin.py:137} INFO - [2024-06-14T22:05:14.488+0000] {dag.py:3441} INFO - Setting next_dagrun for example_time_delta_sensor_async to None, run_after=None
[2024-06-14T22:05:14.501+0000] {processor.py:175} INFO - Processing /home/airflow/.local/lib/python3.7/site-packages/airflow/example_dags/example_time_delta_sensor_async.py took 0.066 seconds
[2024-06-14T22:05:45.137+0000] {processor.py:153} INFO - Started process (PID=1558) to work on /home/airflow/.local/lib/python3.7/site-packages/airflow/example_dags/example_time_delta_sensor_async.py
[2024-06-14T22:05:45.138+0000] {processor.py:743} INFO - Processing file /home/airflow/.local/lib/python3.7/site-packages/airflow/example_dags/example_time_delta_sensor_async.py for tasks to queue
[2024-06-14T22:05:45.139+0000] {logging_mixin.py:137} INFO - [2024-06-14T22:05:45.139+0000] {dagbag.py:538} INFO - Filling up the DagBag from /home/airflow/.local/lib/python3.7/site-packages/airflow/example_dags/example_time_delta_sensor_async.py
[2024-06-14T22:05:45.149+0000] {processor.py:753} INFO - DAG(s) dict_keys(['example_time_delta_sensor_async']) retrieved from /home/airflow/.local/lib/python3.7/site-packages/airflow/example_dags/example_time_delta_sensor_async.py
[2024-06-14T22:05:45.170+0000] {logging_mixin.py:137} INFO - [2024-06-14T22:05:45.169+0000] {dag.py:2690} INFO - Sync 1 DAGs
[2024-06-14T22:05:45.186+0000] {logging_mixin.py:137} INFO - [2024-06-14T22:05:45.186+0000] {dag.py:3441} INFO - Setting next_dagrun for example_time_delta_sensor_async to None, run_after=None
[2024-06-14T22:05:45.198+0000] {processor.py:175} INFO - Processing /home/airflow/.local/lib/python3.7/site-packages/airflow/example_dags/example_time_delta_sensor_async.py took 0.064 seconds
[2024-06-14T22:06:15.699+0000] {processor.py:153} INFO - Started process (PID=1608) to work on /home/airflow/.local/lib/python3.7/site-packages/airflow/example_dags/example_time_delta_sensor_async.py
[2024-06-14T22:06:15.701+0000] {processor.py:743} INFO - Processing file /home/airflow/.local/lib/python3.7/site-packages/airflow/example_dags/example_time_delta_sensor_async.py for tasks to queue
[2024-06-14T22:06:15.701+0000] {logging_mixin.py:137} INFO - [2024-06-14T22:06:15.701+0000] {dagbag.py:538} INFO - Filling up the DagBag from /home/airflow/.local/lib/python3.7/site-packages/airflow/example_dags/example_time_delta_sensor_async.py
[2024-06-14T22:06:15.713+0000] {processor.py:753} INFO - DAG(s) dict_keys(['example_time_delta_sensor_async']) retrieved from /home/airflow/.local/lib/python3.7/site-packages/airflow/example_dags/example_time_delta_sensor_async.py
[2024-06-14T22:06:15.738+0000] {logging_mixin.py:137} INFO - [2024-06-14T22:06:15.738+0000] {dag.py:2690} INFO - Sync 1 DAGs
[2024-06-14T22:06:15.757+0000] {logging_mixin.py:137} INFO - [2024-06-14T22:06:15.757+0000] {dag.py:3441} INFO - Setting next_dagrun for example_time_delta_sensor_async to None, run_after=None
[2024-06-14T22:06:15.773+0000] {processor.py:175} INFO - Processing /home/airflow/.local/lib/python3.7/site-packages/airflow/example_dags/example_time_delta_sensor_async.py took 0.076 seconds
[2024-06-14T22:06:46.269+0000] {processor.py:153} INFO - Started process (PID=1658) to work on /home/airflow/.local/lib/python3.7/site-packages/airflow/example_dags/example_time_delta_sensor_async.py
[2024-06-14T22:06:46.270+0000] {processor.py:743} INFO - Processing file /home/airflow/.local/lib/python3.7/site-packages/airflow/example_dags/example_time_delta_sensor_async.py for tasks to queue
[2024-06-14T22:06:46.270+0000] {logging_mixin.py:137} INFO - [2024-06-14T22:06:46.270+0000] {dagbag.py:538} INFO - Filling up the DagBag from /home/airflow/.local/lib/python3.7/site-packages/airflow/example_dags/example_time_delta_sensor_async.py
[2024-06-14T22:06:46.280+0000] {processor.py:753} INFO - DAG(s) dict_keys(['example_time_delta_sensor_async']) retrieved from /home/airflow/.local/lib/python3.7/site-packages/airflow/example_dags/example_time_delta_sensor_async.py
[2024-06-14T22:06:46.302+0000] {logging_mixin.py:137} INFO - [2024-06-14T22:06:46.302+0000] {dag.py:2690} INFO - Sync 1 DAGs
[2024-06-14T22:06:46.319+0000] {logging_mixin.py:137} INFO - [2024-06-14T22:06:46.319+0000] {dag.py:3441} INFO - Setting next_dagrun for example_time_delta_sensor_async to None, run_after=None
[2024-06-14T22:06:46.331+0000] {processor.py:175} INFO - Processing /home/airflow/.local/lib/python3.7/site-packages/airflow/example_dags/example_time_delta_sensor_async.py took 0.064 seconds
[2024-06-14T22:07:16.778+0000] {processor.py:153} INFO - Started process (PID=1708) to work on /home/airflow/.local/lib/python3.7/site-packages/airflow/example_dags/example_time_delta_sensor_async.py
[2024-06-14T22:07:16.779+0000] {processor.py:743} INFO - Processing file /home/airflow/.local/lib/python3.7/site-packages/airflow/example_dags/example_time_delta_sensor_async.py for tasks to queue
[2024-06-14T22:07:16.780+0000] {logging_mixin.py:137} INFO - [2024-06-14T22:07:16.780+0000] {dagbag.py:538} INFO - Filling up the DagBag from /home/airflow/.local/lib/python3.7/site-packages/airflow/example_dags/example_time_delta_sensor_async.py
[2024-06-14T22:07:16.790+0000] {processor.py:753} INFO - DAG(s) dict_keys(['example_time_delta_sensor_async']) retrieved from /home/airflow/.local/lib/python3.7/site-packages/airflow/example_dags/example_time_delta_sensor_async.py
[2024-06-14T22:07:16.813+0000] {logging_mixin.py:137} INFO - [2024-06-14T22:07:16.812+0000] {dag.py:2690} INFO - Sync 1 DAGs
[2024-06-14T22:07:16.831+0000] {logging_mixin.py:137} INFO - [2024-06-14T22:07:16.831+0000] {dag.py:3441} INFO - Setting next_dagrun for example_time_delta_sensor_async to None, run_after=None
[2024-06-14T22:07:16.846+0000] {processor.py:175} INFO - Processing /home/airflow/.local/lib/python3.7/site-packages/airflow/example_dags/example_time_delta_sensor_async.py took 0.070 seconds
[2024-06-14T22:07:47.366+0000] {processor.py:153} INFO - Started process (PID=1758) to work on /home/airflow/.local/lib/python3.7/site-packages/airflow/example_dags/example_time_delta_sensor_async.py
[2024-06-14T22:07:47.367+0000] {processor.py:743} INFO - Processing file /home/airflow/.local/lib/python3.7/site-packages/airflow/example_dags/example_time_delta_sensor_async.py for tasks to queue
[2024-06-14T22:07:47.368+0000] {logging_mixin.py:137} INFO - [2024-06-14T22:07:47.368+0000] {dagbag.py:538} INFO - Filling up the DagBag from /home/airflow/.local/lib/python3.7/site-packages/airflow/example_dags/example_time_delta_sensor_async.py
[2024-06-14T22:07:47.379+0000] {processor.py:753} INFO - DAG(s) dict_keys(['example_time_delta_sensor_async']) retrieved from /home/airflow/.local/lib/python3.7/site-packages/airflow/example_dags/example_time_delta_sensor_async.py
[2024-06-14T22:07:47.401+0000] {logging_mixin.py:137} INFO - [2024-06-14T22:07:47.401+0000] {dag.py:2690} INFO - Sync 1 DAGs
[2024-06-14T22:07:47.419+0000] {logging_mixin.py:137} INFO - [2024-06-14T22:07:47.419+0000] {dag.py:3441} INFO - Setting next_dagrun for example_time_delta_sensor_async to None, run_after=None
[2024-06-14T22:07:47.433+0000] {processor.py:175} INFO - Processing /home/airflow/.local/lib/python3.7/site-packages/airflow/example_dags/example_time_delta_sensor_async.py took 0.070 seconds
[2024-06-14T22:08:17.912+0000] {processor.py:153} INFO - Started process (PID=1808) to work on /home/airflow/.local/lib/python3.7/site-packages/airflow/example_dags/example_time_delta_sensor_async.py
[2024-06-14T22:08:17.913+0000] {processor.py:743} INFO - Processing file /home/airflow/.local/lib/python3.7/site-packages/airflow/example_dags/example_time_delta_sensor_async.py for tasks to queue
[2024-06-14T22:08:17.914+0000] {logging_mixin.py:137} INFO - [2024-06-14T22:08:17.914+0000] {dagbag.py:538} INFO - Filling up the DagBag from /home/airflow/.local/lib/python3.7/site-packages/airflow/example_dags/example_time_delta_sensor_async.py
[2024-06-14T22:08:17.923+0000] {processor.py:753} INFO - DAG(s) dict_keys(['example_time_delta_sensor_async']) retrieved from /home/airflow/.local/lib/python3.7/site-packages/airflow/example_dags/example_time_delta_sensor_async.py
[2024-06-14T22:08:17.945+0000] {logging_mixin.py:137} INFO - [2024-06-14T22:08:17.945+0000] {dag.py:2690} INFO - Sync 1 DAGs
[2024-06-14T22:08:17.963+0000] {logging_mixin.py:137} INFO - [2024-06-14T22:08:17.962+0000] {dag.py:3441} INFO - Setting next_dagrun for example_time_delta_sensor_async to None, run_after=None
[2024-06-14T22:08:17.975+0000] {processor.py:175} INFO - Processing /home/airflow/.local/lib/python3.7/site-packages/airflow/example_dags/example_time_delta_sensor_async.py took 0.066 seconds
[2024-06-14T22:08:48.624+0000] {processor.py:153} INFO - Started process (PID=1858) to work on /home/airflow/.local/lib/python3.7/site-packages/airflow/example_dags/example_time_delta_sensor_async.py
[2024-06-14T22:08:48.626+0000] {processor.py:743} INFO - Processing file /home/airflow/.local/lib/python3.7/site-packages/airflow/example_dags/example_time_delta_sensor_async.py for tasks to queue
[2024-06-14T22:08:48.627+0000] {logging_mixin.py:137} INFO - [2024-06-14T22:08:48.627+0000] {dagbag.py:538} INFO - Filling up the DagBag from /home/airflow/.local/lib/python3.7/site-packages/airflow/example_dags/example_time_delta_sensor_async.py
[2024-06-14T22:08:48.637+0000] {processor.py:753} INFO - DAG(s) dict_keys(['example_time_delta_sensor_async']) retrieved from /home/airflow/.local/lib/python3.7/site-packages/airflow/example_dags/example_time_delta_sensor_async.py
[2024-06-14T22:08:48.660+0000] {logging_mixin.py:137} INFO - [2024-06-14T22:08:48.660+0000] {dag.py:2690} INFO - Sync 1 DAGs
[2024-06-14T22:08:48.679+0000] {logging_mixin.py:137} INFO - [2024-06-14T22:08:48.679+0000] {dag.py:3441} INFO - Setting next_dagrun for example_time_delta_sensor_async to None, run_after=None
[2024-06-14T22:08:48.693+0000] {processor.py:175} INFO - Processing /home/airflow/.local/lib/python3.7/site-packages/airflow/example_dags/example_time_delta_sensor_async.py took 0.071 seconds
[2024-06-14T22:09:19.193+0000] {processor.py:153} INFO - Started process (PID=1908) to work on /home/airflow/.local/lib/python3.7/site-packages/airflow/example_dags/example_time_delta_sensor_async.py
[2024-06-14T22:09:19.194+0000] {processor.py:743} INFO - Processing file /home/airflow/.local/lib/python3.7/site-packages/airflow/example_dags/example_time_delta_sensor_async.py for tasks to queue
[2024-06-14T22:09:19.195+0000] {logging_mixin.py:137} INFO - [2024-06-14T22:09:19.195+0000] {dagbag.py:538} INFO - Filling up the DagBag from /home/airflow/.local/lib/python3.7/site-packages/airflow/example_dags/example_time_delta_sensor_async.py
[2024-06-14T22:09:19.204+0000] {processor.py:753} INFO - DAG(s) dict_keys(['example_time_delta_sensor_async']) retrieved from /home/airflow/.local/lib/python3.7/site-packages/airflow/example_dags/example_time_delta_sensor_async.py
[2024-06-14T22:09:19.226+0000] {logging_mixin.py:137} INFO - [2024-06-14T22:09:19.226+0000] {dag.py:2690} INFO - Sync 1 DAGs
[2024-06-14T22:09:19.244+0000] {logging_mixin.py:137} INFO - [2024-06-14T22:09:19.244+0000] {dag.py:3441} INFO - Setting next_dagrun for example_time_delta_sensor_async to None, run_after=None
[2024-06-14T22:09:19.257+0000] {processor.py:175} INFO - Processing /home/airflow/.local/lib/python3.7/site-packages/airflow/example_dags/example_time_delta_sensor_async.py took 0.068 seconds
[2024-06-14T22:09:49.641+0000] {processor.py:153} INFO - Started process (PID=1958) to work on /home/airflow/.local/lib/python3.7/site-packages/airflow/example_dags/example_time_delta_sensor_async.py
[2024-06-14T22:09:49.642+0000] {processor.py:743} INFO - Processing file /home/airflow/.local/lib/python3.7/site-packages/airflow/example_dags/example_time_delta_sensor_async.py for tasks to queue
[2024-06-14T22:09:49.643+0000] {logging_mixin.py:137} INFO - [2024-06-14T22:09:49.643+0000] {dagbag.py:538} INFO - Filling up the DagBag from /home/airflow/.local/lib/python3.7/site-packages/airflow/example_dags/example_time_delta_sensor_async.py
[2024-06-14T22:09:49.653+0000] {processor.py:753} INFO - DAG(s) dict_keys(['example_time_delta_sensor_async']) retrieved from /home/airflow/.local/lib/python3.7/site-packages/airflow/example_dags/example_time_delta_sensor_async.py
[2024-06-14T22:09:49.673+0000] {logging_mixin.py:137} INFO - [2024-06-14T22:09:49.673+0000] {dag.py:2690} INFO - Sync 1 DAGs
[2024-06-14T22:09:49.690+0000] {logging_mixin.py:137} INFO - [2024-06-14T22:09:49.690+0000] {dag.py:3441} INFO - Setting next_dagrun for example_time_delta_sensor_async to None, run_after=None
[2024-06-14T22:09:49.702+0000] {processor.py:175} INFO - Processing /home/airflow/.local/lib/python3.7/site-packages/airflow/example_dags/example_time_delta_sensor_async.py took 0.064 seconds
[2024-06-14T22:10:20.115+0000] {processor.py:153} INFO - Started process (PID=2008) to work on /home/airflow/.local/lib/python3.7/site-packages/airflow/example_dags/example_time_delta_sensor_async.py
[2024-06-14T22:10:20.116+0000] {processor.py:743} INFO - Processing file /home/airflow/.local/lib/python3.7/site-packages/airflow/example_dags/example_time_delta_sensor_async.py for tasks to queue
[2024-06-14T22:10:20.117+0000] {logging_mixin.py:137} INFO - [2024-06-14T22:10:20.117+0000] {dagbag.py:538} INFO - Filling up the DagBag from /home/airflow/.local/lib/python3.7/site-packages/airflow/example_dags/example_time_delta_sensor_async.py
[2024-06-14T22:10:20.127+0000] {processor.py:753} INFO - DAG(s) dict_keys(['example_time_delta_sensor_async']) retrieved from /home/airflow/.local/lib/python3.7/site-packages/airflow/example_dags/example_time_delta_sensor_async.py
[2024-06-14T22:10:20.148+0000] {logging_mixin.py:137} INFO - [2024-06-14T22:10:20.148+0000] {dag.py:2690} INFO - Sync 1 DAGs
[2024-06-14T22:10:20.166+0000] {logging_mixin.py:137} INFO - [2024-06-14T22:10:20.165+0000] {dag.py:3441} INFO - Setting next_dagrun for example_time_delta_sensor_async to None, run_after=None
[2024-06-14T22:10:20.179+0000] {processor.py:175} INFO - Processing /home/airflow/.local/lib/python3.7/site-packages/airflow/example_dags/example_time_delta_sensor_async.py took 0.067 seconds
[2024-06-14T22:58:49.638+0000] {processor.py:153} INFO - Started process (PID=2058) to work on /home/airflow/.local/lib/python3.7/site-packages/airflow/example_dags/example_time_delta_sensor_async.py
[2024-06-14T22:58:49.639+0000] {processor.py:743} INFO - Processing file /home/airflow/.local/lib/python3.7/site-packages/airflow/example_dags/example_time_delta_sensor_async.py for tasks to queue
[2024-06-14T22:58:49.640+0000] {logging_mixin.py:137} INFO - [2024-06-14T22:58:49.640+0000] {dagbag.py:538} INFO - Filling up the DagBag from /home/airflow/.local/lib/python3.7/site-packages/airflow/example_dags/example_time_delta_sensor_async.py
[2024-06-14T22:58:49.650+0000] {processor.py:753} INFO - DAG(s) dict_keys(['example_time_delta_sensor_async']) retrieved from /home/airflow/.local/lib/python3.7/site-packages/airflow/example_dags/example_time_delta_sensor_async.py
[2024-06-14T22:58:49.672+0000] {logging_mixin.py:137} INFO - [2024-06-14T22:58:49.672+0000] {dag.py:2690} INFO - Sync 1 DAGs
[2024-06-14T22:58:49.690+0000] {logging_mixin.py:137} INFO - [2024-06-14T22:58:49.690+0000] {dag.py:3441} INFO - Setting next_dagrun for example_time_delta_sensor_async to None, run_after=None
[2024-06-14T22:58:49.705+0000] {processor.py:175} INFO - Processing /home/airflow/.local/lib/python3.7/site-packages/airflow/example_dags/example_time_delta_sensor_async.py took 0.071 seconds
[2024-06-14T23:14:33.921+0000] {processor.py:153} INFO - Started process (PID=2115) to work on /home/airflow/.local/lib/python3.7/site-packages/airflow/example_dags/example_time_delta_sensor_async.py
[2024-06-14T23:14:33.938+0000] {processor.py:743} INFO - Processing file /home/airflow/.local/lib/python3.7/site-packages/airflow/example_dags/example_time_delta_sensor_async.py for tasks to queue
[2024-06-14T23:14:33.942+0000] {logging_mixin.py:137} INFO - [2024-06-14T23:14:33.941+0000] {dagbag.py:538} INFO - Filling up the DagBag from /home/airflow/.local/lib/python3.7/site-packages/airflow/example_dags/example_time_delta_sensor_async.py
[2024-06-14T23:14:33.996+0000] {processor.py:753} INFO - DAG(s) dict_keys(['example_time_delta_sensor_async']) retrieved from /home/airflow/.local/lib/python3.7/site-packages/airflow/example_dags/example_time_delta_sensor_async.py
[2024-06-14T23:14:34.089+0000] {logging_mixin.py:137} INFO - [2024-06-14T23:14:34.088+0000] {dag.py:2690} INFO - Sync 1 DAGs
[2024-06-14T23:14:34.179+0000] {logging_mixin.py:137} INFO - [2024-06-14T23:14:34.179+0000] {dag.py:3441} INFO - Setting next_dagrun for example_time_delta_sensor_async to None, run_after=None
[2024-06-14T23:14:34.265+0000] {processor.py:175} INFO - Processing /home/airflow/.local/lib/python3.7/site-packages/airflow/example_dags/example_time_delta_sensor_async.py took 0.372 seconds
