[2024-06-14T21:50:26.042+0000] {processor.py:153} INFO - Started process (PID=45) to work on /home/airflow/.local/lib/python3.7/site-packages/airflow/example_dags/example_trigger_controller_dag.py
[2024-06-14T21:50:26.043+0000] {processor.py:743} INFO - Processing file /home/airflow/.local/lib/python3.7/site-packages/airflow/example_dags/example_trigger_controller_dag.py for tasks to queue
[2024-06-14T21:50:26.044+0000] {logging_mixin.py:137} INFO - [2024-06-14T21:50:26.044+0000] {dagbag.py:538} INFO - Filling up the DagBag from /home/airflow/.local/lib/python3.7/site-packages/airflow/example_dags/example_trigger_controller_dag.py
[2024-06-14T21:50:26.062+0000] {processor.py:753} INFO - DAG(s) dict_keys(['example_trigger_controller_dag']) retrieved from /home/airflow/.local/lib/python3.7/site-packages/airflow/example_dags/example_trigger_controller_dag.py
[2024-06-14T21:50:26.087+0000] {logging_mixin.py:137} INFO - [2024-06-14T21:50:26.087+0000] {dag.py:2690} INFO - Sync 1 DAGs
[2024-06-14T21:50:26.108+0000] {logging_mixin.py:137} INFO - [2024-06-14T21:50:26.108+0000] {dag.py:3441} INFO - Setting next_dagrun for example_trigger_controller_dag to 2021-01-01T00:00:00+00:00, run_after=2021-01-01T00:00:00+00:00
[2024-06-14T21:50:26.132+0000] {processor.py:175} INFO - Processing /home/airflow/.local/lib/python3.7/site-packages/airflow/example_dags/example_trigger_controller_dag.py took 0.094 seconds
[2024-06-14T21:50:56.275+0000] {processor.py:153} INFO - Started process (PID=95) to work on /home/airflow/.local/lib/python3.7/site-packages/airflow/example_dags/example_trigger_controller_dag.py
[2024-06-14T21:50:56.277+0000] {processor.py:743} INFO - Processing file /home/airflow/.local/lib/python3.7/site-packages/airflow/example_dags/example_trigger_controller_dag.py for tasks to queue
[2024-06-14T21:50:56.278+0000] {logging_mixin.py:137} INFO - [2024-06-14T21:50:56.278+0000] {dagbag.py:538} INFO - Filling up the DagBag from /home/airflow/.local/lib/python3.7/site-packages/airflow/example_dags/example_trigger_controller_dag.py
[2024-06-14T21:50:56.288+0000] {processor.py:753} INFO - DAG(s) dict_keys(['example_trigger_controller_dag']) retrieved from /home/airflow/.local/lib/python3.7/site-packages/airflow/example_dags/example_trigger_controller_dag.py
[2024-06-14T21:50:56.313+0000] {logging_mixin.py:137} INFO - [2024-06-14T21:50:56.313+0000] {dag.py:2690} INFO - Sync 1 DAGs
[2024-06-14T21:50:56.332+0000] {logging_mixin.py:137} INFO - [2024-06-14T21:50:56.332+0000] {dag.py:3441} INFO - Setting next_dagrun for example_trigger_controller_dag to 2021-01-01T00:00:00+00:00, run_after=2021-01-01T00:00:00+00:00
[2024-06-14T21:50:56.346+0000] {processor.py:175} INFO - Processing /home/airflow/.local/lib/python3.7/site-packages/airflow/example_dags/example_trigger_controller_dag.py took 0.074 seconds
[2024-06-14T21:51:26.986+0000] {processor.py:153} INFO - Started process (PID=145) to work on /home/airflow/.local/lib/python3.7/site-packages/airflow/example_dags/example_trigger_controller_dag.py
[2024-06-14T21:51:26.988+0000] {processor.py:743} INFO - Processing file /home/airflow/.local/lib/python3.7/site-packages/airflow/example_dags/example_trigger_controller_dag.py for tasks to queue
[2024-06-14T21:51:26.989+0000] {logging_mixin.py:137} INFO - [2024-06-14T21:51:26.988+0000] {dagbag.py:538} INFO - Filling up the DagBag from /home/airflow/.local/lib/python3.7/site-packages/airflow/example_dags/example_trigger_controller_dag.py
[2024-06-14T21:51:26.997+0000] {processor.py:753} INFO - DAG(s) dict_keys(['example_trigger_controller_dag']) retrieved from /home/airflow/.local/lib/python3.7/site-packages/airflow/example_dags/example_trigger_controller_dag.py
[2024-06-14T21:51:27.020+0000] {logging_mixin.py:137} INFO - [2024-06-14T21:51:27.020+0000] {dag.py:2690} INFO - Sync 1 DAGs
[2024-06-14T21:51:27.036+0000] {logging_mixin.py:137} INFO - [2024-06-14T21:51:27.036+0000] {dag.py:3441} INFO - Setting next_dagrun for example_trigger_controller_dag to 2021-01-01T00:00:00+00:00, run_after=2021-01-01T00:00:00+00:00
[2024-06-14T21:51:27.049+0000] {processor.py:175} INFO - Processing /home/airflow/.local/lib/python3.7/site-packages/airflow/example_dags/example_trigger_controller_dag.py took 0.066 seconds
[2024-06-14T21:51:57.433+0000] {processor.py:153} INFO - Started process (PID=195) to work on /home/airflow/.local/lib/python3.7/site-packages/airflow/example_dags/example_trigger_controller_dag.py
[2024-06-14T21:51:57.434+0000] {processor.py:743} INFO - Processing file /home/airflow/.local/lib/python3.7/site-packages/airflow/example_dags/example_trigger_controller_dag.py for tasks to queue
[2024-06-14T21:51:57.435+0000] {logging_mixin.py:137} INFO - [2024-06-14T21:51:57.435+0000] {dagbag.py:538} INFO - Filling up the DagBag from /home/airflow/.local/lib/python3.7/site-packages/airflow/example_dags/example_trigger_controller_dag.py
[2024-06-14T21:51:57.445+0000] {processor.py:753} INFO - DAG(s) dict_keys(['example_trigger_controller_dag']) retrieved from /home/airflow/.local/lib/python3.7/site-packages/airflow/example_dags/example_trigger_controller_dag.py
[2024-06-14T21:51:57.467+0000] {logging_mixin.py:137} INFO - [2024-06-14T21:51:57.467+0000] {dag.py:2690} INFO - Sync 1 DAGs
[2024-06-14T21:51:57.484+0000] {logging_mixin.py:137} INFO - [2024-06-14T21:51:57.483+0000] {dag.py:3441} INFO - Setting next_dagrun for example_trigger_controller_dag to 2021-01-01T00:00:00+00:00, run_after=2021-01-01T00:00:00+00:00
[2024-06-14T21:51:57.496+0000] {processor.py:175} INFO - Processing /home/airflow/.local/lib/python3.7/site-packages/airflow/example_dags/example_trigger_controller_dag.py took 0.066 seconds
[2024-06-14T21:52:28.051+0000] {processor.py:153} INFO - Started process (PID=245) to work on /home/airflow/.local/lib/python3.7/site-packages/airflow/example_dags/example_trigger_controller_dag.py
[2024-06-14T21:52:28.053+0000] {processor.py:743} INFO - Processing file /home/airflow/.local/lib/python3.7/site-packages/airflow/example_dags/example_trigger_controller_dag.py for tasks to queue
[2024-06-14T21:52:28.054+0000] {logging_mixin.py:137} INFO - [2024-06-14T21:52:28.053+0000] {dagbag.py:538} INFO - Filling up the DagBag from /home/airflow/.local/lib/python3.7/site-packages/airflow/example_dags/example_trigger_controller_dag.py
[2024-06-14T21:52:28.063+0000] {processor.py:753} INFO - DAG(s) dict_keys(['example_trigger_controller_dag']) retrieved from /home/airflow/.local/lib/python3.7/site-packages/airflow/example_dags/example_trigger_controller_dag.py
[2024-06-14T21:52:28.086+0000] {logging_mixin.py:137} INFO - [2024-06-14T21:52:28.086+0000] {dag.py:2690} INFO - Sync 1 DAGs
[2024-06-14T21:52:28.103+0000] {logging_mixin.py:137} INFO - [2024-06-14T21:52:28.103+0000] {dag.py:3441} INFO - Setting next_dagrun for example_trigger_controller_dag to 2021-01-01T00:00:00+00:00, run_after=2021-01-01T00:00:00+00:00
[2024-06-14T21:52:28.116+0000] {processor.py:175} INFO - Processing /home/airflow/.local/lib/python3.7/site-packages/airflow/example_dags/example_trigger_controller_dag.py took 0.068 seconds
[2024-06-14T21:52:58.605+0000] {processor.py:153} INFO - Started process (PID=294) to work on /home/airflow/.local/lib/python3.7/site-packages/airflow/example_dags/example_trigger_controller_dag.py
[2024-06-14T21:52:58.607+0000] {processor.py:743} INFO - Processing file /home/airflow/.local/lib/python3.7/site-packages/airflow/example_dags/example_trigger_controller_dag.py for tasks to queue
[2024-06-14T21:52:58.608+0000] {logging_mixin.py:137} INFO - [2024-06-14T21:52:58.608+0000] {dagbag.py:538} INFO - Filling up the DagBag from /home/airflow/.local/lib/python3.7/site-packages/airflow/example_dags/example_trigger_controller_dag.py
[2024-06-14T21:52:58.618+0000] {processor.py:753} INFO - DAG(s) dict_keys(['example_trigger_controller_dag']) retrieved from /home/airflow/.local/lib/python3.7/site-packages/airflow/example_dags/example_trigger_controller_dag.py
[2024-06-14T21:52:58.642+0000] {logging_mixin.py:137} INFO - [2024-06-14T21:52:58.642+0000] {dag.py:2690} INFO - Sync 1 DAGs
[2024-06-14T21:52:58.661+0000] {logging_mixin.py:137} INFO - [2024-06-14T21:52:58.661+0000] {dag.py:3441} INFO - Setting next_dagrun for example_trigger_controller_dag to 2021-01-01T00:00:00+00:00, run_after=2021-01-01T00:00:00+00:00
[2024-06-14T21:52:58.675+0000] {processor.py:175} INFO - Processing /home/airflow/.local/lib/python3.7/site-packages/airflow/example_dags/example_trigger_controller_dag.py took 0.073 seconds
[2024-06-14T21:53:29.146+0000] {processor.py:153} INFO - Started process (PID=344) to work on /home/airflow/.local/lib/python3.7/site-packages/airflow/example_dags/example_trigger_controller_dag.py
[2024-06-14T21:53:29.148+0000] {processor.py:743} INFO - Processing file /home/airflow/.local/lib/python3.7/site-packages/airflow/example_dags/example_trigger_controller_dag.py for tasks to queue
[2024-06-14T21:53:29.149+0000] {logging_mixin.py:137} INFO - [2024-06-14T21:53:29.149+0000] {dagbag.py:538} INFO - Filling up the DagBag from /home/airflow/.local/lib/python3.7/site-packages/airflow/example_dags/example_trigger_controller_dag.py
[2024-06-14T21:53:29.159+0000] {processor.py:753} INFO - DAG(s) dict_keys(['example_trigger_controller_dag']) retrieved from /home/airflow/.local/lib/python3.7/site-packages/airflow/example_dags/example_trigger_controller_dag.py
[2024-06-14T21:53:29.185+0000] {logging_mixin.py:137} INFO - [2024-06-14T21:53:29.185+0000] {dag.py:2690} INFO - Sync 1 DAGs
[2024-06-14T21:53:29.206+0000] {logging_mixin.py:137} INFO - [2024-06-14T21:53:29.205+0000] {dag.py:3441} INFO - Setting next_dagrun for example_trigger_controller_dag to 2021-01-01T00:00:00+00:00, run_after=2021-01-01T00:00:00+00:00
[2024-06-14T21:53:29.221+0000] {processor.py:175} INFO - Processing /home/airflow/.local/lib/python3.7/site-packages/airflow/example_dags/example_trigger_controller_dag.py took 0.078 seconds
[2024-06-14T21:53:59.770+0000] {processor.py:153} INFO - Started process (PID=394) to work on /home/airflow/.local/lib/python3.7/site-packages/airflow/example_dags/example_trigger_controller_dag.py
[2024-06-14T21:53:59.771+0000] {processor.py:743} INFO - Processing file /home/airflow/.local/lib/python3.7/site-packages/airflow/example_dags/example_trigger_controller_dag.py for tasks to queue
[2024-06-14T21:53:59.772+0000] {logging_mixin.py:137} INFO - [2024-06-14T21:53:59.772+0000] {dagbag.py:538} INFO - Filling up the DagBag from /home/airflow/.local/lib/python3.7/site-packages/airflow/example_dags/example_trigger_controller_dag.py
[2024-06-14T21:53:59.782+0000] {processor.py:753} INFO - DAG(s) dict_keys(['example_trigger_controller_dag']) retrieved from /home/airflow/.local/lib/python3.7/site-packages/airflow/example_dags/example_trigger_controller_dag.py
[2024-06-14T21:53:59.810+0000] {logging_mixin.py:137} INFO - [2024-06-14T21:53:59.810+0000] {dag.py:2690} INFO - Sync 1 DAGs
[2024-06-14T21:53:59.828+0000] {logging_mixin.py:137} INFO - [2024-06-14T21:53:59.828+0000] {dag.py:3441} INFO - Setting next_dagrun for example_trigger_controller_dag to 2021-01-01T00:00:00+00:00, run_after=2021-01-01T00:00:00+00:00
[2024-06-14T21:53:59.843+0000] {processor.py:175} INFO - Processing /home/airflow/.local/lib/python3.7/site-packages/airflow/example_dags/example_trigger_controller_dag.py took 0.076 seconds
[2024-06-14T21:54:30.641+0000] {processor.py:153} INFO - Started process (PID=444) to work on /home/airflow/.local/lib/python3.7/site-packages/airflow/example_dags/example_trigger_controller_dag.py
[2024-06-14T21:54:30.642+0000] {processor.py:743} INFO - Processing file /home/airflow/.local/lib/python3.7/site-packages/airflow/example_dags/example_trigger_controller_dag.py for tasks to queue
[2024-06-14T21:54:30.643+0000] {logging_mixin.py:137} INFO - [2024-06-14T21:54:30.643+0000] {dagbag.py:538} INFO - Filling up the DagBag from /home/airflow/.local/lib/python3.7/site-packages/airflow/example_dags/example_trigger_controller_dag.py
[2024-06-14T21:54:30.652+0000] {processor.py:753} INFO - DAG(s) dict_keys(['example_trigger_controller_dag']) retrieved from /home/airflow/.local/lib/python3.7/site-packages/airflow/example_dags/example_trigger_controller_dag.py
[2024-06-14T21:54:30.677+0000] {logging_mixin.py:137} INFO - [2024-06-14T21:54:30.677+0000] {dag.py:2690} INFO - Sync 1 DAGs
[2024-06-14T21:54:30.696+0000] {logging_mixin.py:137} INFO - [2024-06-14T21:54:30.696+0000] {dag.py:3441} INFO - Setting next_dagrun for example_trigger_controller_dag to 2021-01-01T00:00:00+00:00, run_after=2021-01-01T00:00:00+00:00
[2024-06-14T21:54:30.708+0000] {processor.py:175} INFO - Processing /home/airflow/.local/lib/python3.7/site-packages/airflow/example_dags/example_trigger_controller_dag.py took 0.071 seconds
[2024-06-14T21:55:01.142+0000] {processor.py:153} INFO - Started process (PID=494) to work on /home/airflow/.local/lib/python3.7/site-packages/airflow/example_dags/example_trigger_controller_dag.py
[2024-06-14T21:55:01.143+0000] {processor.py:743} INFO - Processing file /home/airflow/.local/lib/python3.7/site-packages/airflow/example_dags/example_trigger_controller_dag.py for tasks to queue
[2024-06-14T21:55:01.144+0000] {logging_mixin.py:137} INFO - [2024-06-14T21:55:01.144+0000] {dagbag.py:538} INFO - Filling up the DagBag from /home/airflow/.local/lib/python3.7/site-packages/airflow/example_dags/example_trigger_controller_dag.py
[2024-06-14T21:55:01.154+0000] {processor.py:753} INFO - DAG(s) dict_keys(['example_trigger_controller_dag']) retrieved from /home/airflow/.local/lib/python3.7/site-packages/airflow/example_dags/example_trigger_controller_dag.py
[2024-06-14T21:55:01.194+0000] {logging_mixin.py:137} INFO - [2024-06-14T21:55:01.194+0000] {dag.py:2690} INFO - Sync 1 DAGs
[2024-06-14T21:55:01.213+0000] {logging_mixin.py:137} INFO - [2024-06-14T21:55:01.213+0000] {dag.py:3441} INFO - Setting next_dagrun for example_trigger_controller_dag to 2021-01-01T00:00:00+00:00, run_after=2021-01-01T00:00:00+00:00
[2024-06-14T21:55:01.229+0000] {processor.py:175} INFO - Processing /home/airflow/.local/lib/python3.7/site-packages/airflow/example_dags/example_trigger_controller_dag.py took 0.090 seconds
[2024-06-14T21:55:31.828+0000] {processor.py:153} INFO - Started process (PID=544) to work on /home/airflow/.local/lib/python3.7/site-packages/airflow/example_dags/example_trigger_controller_dag.py
[2024-06-14T21:55:31.829+0000] {processor.py:743} INFO - Processing file /home/airflow/.local/lib/python3.7/site-packages/airflow/example_dags/example_trigger_controller_dag.py for tasks to queue
[2024-06-14T21:55:31.831+0000] {logging_mixin.py:137} INFO - [2024-06-14T21:55:31.831+0000] {dagbag.py:538} INFO - Filling up the DagBag from /home/airflow/.local/lib/python3.7/site-packages/airflow/example_dags/example_trigger_controller_dag.py
[2024-06-14T21:55:31.841+0000] {processor.py:753} INFO - DAG(s) dict_keys(['example_trigger_controller_dag']) retrieved from /home/airflow/.local/lib/python3.7/site-packages/airflow/example_dags/example_trigger_controller_dag.py
[2024-06-14T21:55:31.863+0000] {logging_mixin.py:137} INFO - [2024-06-14T21:55:31.863+0000] {dag.py:2690} INFO - Sync 1 DAGs
[2024-06-14T21:55:31.880+0000] {logging_mixin.py:137} INFO - [2024-06-14T21:55:31.880+0000] {dag.py:3441} INFO - Setting next_dagrun for example_trigger_controller_dag to 2021-01-01T00:00:00+00:00, run_after=2021-01-01T00:00:00+00:00
[2024-06-14T21:55:31.894+0000] {processor.py:175} INFO - Processing /home/airflow/.local/lib/python3.7/site-packages/airflow/example_dags/example_trigger_controller_dag.py took 0.069 seconds
[2024-06-14T21:56:02.495+0000] {processor.py:153} INFO - Started process (PID=594) to work on /home/airflow/.local/lib/python3.7/site-packages/airflow/example_dags/example_trigger_controller_dag.py
[2024-06-14T21:56:02.497+0000] {processor.py:743} INFO - Processing file /home/airflow/.local/lib/python3.7/site-packages/airflow/example_dags/example_trigger_controller_dag.py for tasks to queue
[2024-06-14T21:56:02.498+0000] {logging_mixin.py:137} INFO - [2024-06-14T21:56:02.497+0000] {dagbag.py:538} INFO - Filling up the DagBag from /home/airflow/.local/lib/python3.7/site-packages/airflow/example_dags/example_trigger_controller_dag.py
[2024-06-14T21:56:02.507+0000] {processor.py:753} INFO - DAG(s) dict_keys(['example_trigger_controller_dag']) retrieved from /home/airflow/.local/lib/python3.7/site-packages/airflow/example_dags/example_trigger_controller_dag.py
[2024-06-14T21:56:02.530+0000] {logging_mixin.py:137} INFO - [2024-06-14T21:56:02.530+0000] {dag.py:2690} INFO - Sync 1 DAGs
[2024-06-14T21:56:02.548+0000] {logging_mixin.py:137} INFO - [2024-06-14T21:56:02.548+0000] {dag.py:3441} INFO - Setting next_dagrun for example_trigger_controller_dag to 2021-01-01T00:00:00+00:00, run_after=2021-01-01T00:00:00+00:00
[2024-06-14T21:56:02.561+0000] {processor.py:175} INFO - Processing /home/airflow/.local/lib/python3.7/site-packages/airflow/example_dags/example_trigger_controller_dag.py took 0.069 seconds
[2024-06-14T21:56:33.435+0000] {processor.py:153} INFO - Started process (PID=644) to work on /home/airflow/.local/lib/python3.7/site-packages/airflow/example_dags/example_trigger_controller_dag.py
[2024-06-14T21:56:33.437+0000] {processor.py:743} INFO - Processing file /home/airflow/.local/lib/python3.7/site-packages/airflow/example_dags/example_trigger_controller_dag.py for tasks to queue
[2024-06-14T21:56:33.438+0000] {logging_mixin.py:137} INFO - [2024-06-14T21:56:33.438+0000] {dagbag.py:538} INFO - Filling up the DagBag from /home/airflow/.local/lib/python3.7/site-packages/airflow/example_dags/example_trigger_controller_dag.py
[2024-06-14T21:56:33.447+0000] {processor.py:753} INFO - DAG(s) dict_keys(['example_trigger_controller_dag']) retrieved from /home/airflow/.local/lib/python3.7/site-packages/airflow/example_dags/example_trigger_controller_dag.py
[2024-06-14T21:56:33.474+0000] {logging_mixin.py:137} INFO - [2024-06-14T21:56:33.474+0000] {dag.py:2690} INFO - Sync 1 DAGs
[2024-06-14T21:56:33.492+0000] {logging_mixin.py:137} INFO - [2024-06-14T21:56:33.492+0000] {dag.py:3441} INFO - Setting next_dagrun for example_trigger_controller_dag to 2021-01-01T00:00:00+00:00, run_after=2021-01-01T00:00:00+00:00
[2024-06-14T21:56:33.506+0000] {processor.py:175} INFO - Processing /home/airflow/.local/lib/python3.7/site-packages/airflow/example_dags/example_trigger_controller_dag.py took 0.073 seconds
[2024-06-14T21:57:04.099+0000] {processor.py:153} INFO - Started process (PID=694) to work on /home/airflow/.local/lib/python3.7/site-packages/airflow/example_dags/example_trigger_controller_dag.py
[2024-06-14T21:57:04.101+0000] {processor.py:743} INFO - Processing file /home/airflow/.local/lib/python3.7/site-packages/airflow/example_dags/example_trigger_controller_dag.py for tasks to queue
[2024-06-14T21:57:04.102+0000] {logging_mixin.py:137} INFO - [2024-06-14T21:57:04.102+0000] {dagbag.py:538} INFO - Filling up the DagBag from /home/airflow/.local/lib/python3.7/site-packages/airflow/example_dags/example_trigger_controller_dag.py
[2024-06-14T21:57:04.111+0000] {processor.py:753} INFO - DAG(s) dict_keys(['example_trigger_controller_dag']) retrieved from /home/airflow/.local/lib/python3.7/site-packages/airflow/example_dags/example_trigger_controller_dag.py
[2024-06-14T21:57:04.134+0000] {logging_mixin.py:137} INFO - [2024-06-14T21:57:04.133+0000] {dag.py:2690} INFO - Sync 1 DAGs
[2024-06-14T21:57:04.150+0000] {logging_mixin.py:137} INFO - [2024-06-14T21:57:04.150+0000] {dag.py:3441} INFO - Setting next_dagrun for example_trigger_controller_dag to 2021-01-01T00:00:00+00:00, run_after=2021-01-01T00:00:00+00:00
[2024-06-14T21:57:04.163+0000] {processor.py:175} INFO - Processing /home/airflow/.local/lib/python3.7/site-packages/airflow/example_dags/example_trigger_controller_dag.py took 0.066 seconds
[2024-06-14T21:57:34.477+0000] {processor.py:153} INFO - Started process (PID=744) to work on /home/airflow/.local/lib/python3.7/site-packages/airflow/example_dags/example_trigger_controller_dag.py
[2024-06-14T21:57:34.478+0000] {processor.py:743} INFO - Processing file /home/airflow/.local/lib/python3.7/site-packages/airflow/example_dags/example_trigger_controller_dag.py for tasks to queue
[2024-06-14T21:57:34.479+0000] {logging_mixin.py:137} INFO - [2024-06-14T21:57:34.479+0000] {dagbag.py:538} INFO - Filling up the DagBag from /home/airflow/.local/lib/python3.7/site-packages/airflow/example_dags/example_trigger_controller_dag.py
[2024-06-14T21:57:34.488+0000] {processor.py:753} INFO - DAG(s) dict_keys(['example_trigger_controller_dag']) retrieved from /home/airflow/.local/lib/python3.7/site-packages/airflow/example_dags/example_trigger_controller_dag.py
[2024-06-14T21:57:34.511+0000] {logging_mixin.py:137} INFO - [2024-06-14T21:57:34.511+0000] {dag.py:2690} INFO - Sync 1 DAGs
[2024-06-14T21:57:34.528+0000] {logging_mixin.py:137} INFO - [2024-06-14T21:57:34.528+0000] {dag.py:3441} INFO - Setting next_dagrun for example_trigger_controller_dag to 2021-01-01T00:00:00+00:00, run_after=2021-01-01T00:00:00+00:00
[2024-06-14T21:57:34.541+0000] {processor.py:175} INFO - Processing /home/airflow/.local/lib/python3.7/site-packages/airflow/example_dags/example_trigger_controller_dag.py took 0.067 seconds
[2024-06-14T21:58:05.044+0000] {processor.py:153} INFO - Started process (PID=794) to work on /home/airflow/.local/lib/python3.7/site-packages/airflow/example_dags/example_trigger_controller_dag.py
[2024-06-14T21:58:05.045+0000] {processor.py:743} INFO - Processing file /home/airflow/.local/lib/python3.7/site-packages/airflow/example_dags/example_trigger_controller_dag.py for tasks to queue
[2024-06-14T21:58:05.046+0000] {logging_mixin.py:137} INFO - [2024-06-14T21:58:05.046+0000] {dagbag.py:538} INFO - Filling up the DagBag from /home/airflow/.local/lib/python3.7/site-packages/airflow/example_dags/example_trigger_controller_dag.py
[2024-06-14T21:58:05.055+0000] {processor.py:753} INFO - DAG(s) dict_keys(['example_trigger_controller_dag']) retrieved from /home/airflow/.local/lib/python3.7/site-packages/airflow/example_dags/example_trigger_controller_dag.py
[2024-06-14T21:58:05.078+0000] {logging_mixin.py:137} INFO - [2024-06-14T21:58:05.078+0000] {dag.py:2690} INFO - Sync 1 DAGs
[2024-06-14T21:58:05.095+0000] {logging_mixin.py:137} INFO - [2024-06-14T21:58:05.095+0000] {dag.py:3441} INFO - Setting next_dagrun for example_trigger_controller_dag to 2021-01-01T00:00:00+00:00, run_after=2021-01-01T00:00:00+00:00
[2024-06-14T21:58:05.108+0000] {processor.py:175} INFO - Processing /home/airflow/.local/lib/python3.7/site-packages/airflow/example_dags/example_trigger_controller_dag.py took 0.066 seconds
[2024-06-14T21:58:35.735+0000] {processor.py:153} INFO - Started process (PID=844) to work on /home/airflow/.local/lib/python3.7/site-packages/airflow/example_dags/example_trigger_controller_dag.py
[2024-06-14T21:58:35.736+0000] {processor.py:743} INFO - Processing file /home/airflow/.local/lib/python3.7/site-packages/airflow/example_dags/example_trigger_controller_dag.py for tasks to queue
[2024-06-14T21:58:35.737+0000] {logging_mixin.py:137} INFO - [2024-06-14T21:58:35.737+0000] {dagbag.py:538} INFO - Filling up the DagBag from /home/airflow/.local/lib/python3.7/site-packages/airflow/example_dags/example_trigger_controller_dag.py
[2024-06-14T21:58:35.746+0000] {processor.py:753} INFO - DAG(s) dict_keys(['example_trigger_controller_dag']) retrieved from /home/airflow/.local/lib/python3.7/site-packages/airflow/example_dags/example_trigger_controller_dag.py
[2024-06-14T21:58:35.768+0000] {logging_mixin.py:137} INFO - [2024-06-14T21:58:35.768+0000] {dag.py:2690} INFO - Sync 1 DAGs
[2024-06-14T21:58:35.785+0000] {logging_mixin.py:137} INFO - [2024-06-14T21:58:35.785+0000] {dag.py:3441} INFO - Setting next_dagrun for example_trigger_controller_dag to 2021-01-01T00:00:00+00:00, run_after=2021-01-01T00:00:00+00:00
[2024-06-14T21:58:35.798+0000] {processor.py:175} INFO - Processing /home/airflow/.local/lib/python3.7/site-packages/airflow/example_dags/example_trigger_controller_dag.py took 0.066 seconds
[2024-06-14T21:59:06.183+0000] {processor.py:153} INFO - Started process (PID=894) to work on /home/airflow/.local/lib/python3.7/site-packages/airflow/example_dags/example_trigger_controller_dag.py
[2024-06-14T21:59:06.184+0000] {processor.py:743} INFO - Processing file /home/airflow/.local/lib/python3.7/site-packages/airflow/example_dags/example_trigger_controller_dag.py for tasks to queue
[2024-06-14T21:59:06.185+0000] {logging_mixin.py:137} INFO - [2024-06-14T21:59:06.185+0000] {dagbag.py:538} INFO - Filling up the DagBag from /home/airflow/.local/lib/python3.7/site-packages/airflow/example_dags/example_trigger_controller_dag.py
[2024-06-14T21:59:06.194+0000] {processor.py:753} INFO - DAG(s) dict_keys(['example_trigger_controller_dag']) retrieved from /home/airflow/.local/lib/python3.7/site-packages/airflow/example_dags/example_trigger_controller_dag.py
[2024-06-14T21:59:06.217+0000] {logging_mixin.py:137} INFO - [2024-06-14T21:59:06.217+0000] {dag.py:2690} INFO - Sync 1 DAGs
[2024-06-14T21:59:06.233+0000] {logging_mixin.py:137} INFO - [2024-06-14T21:59:06.233+0000] {dag.py:3441} INFO - Setting next_dagrun for example_trigger_controller_dag to 2021-01-01T00:00:00+00:00, run_after=2021-01-01T00:00:00+00:00
[2024-06-14T21:59:06.246+0000] {processor.py:175} INFO - Processing /home/airflow/.local/lib/python3.7/site-packages/airflow/example_dags/example_trigger_controller_dag.py took 0.066 seconds
[2024-06-14T21:59:36.714+0000] {processor.py:153} INFO - Started process (PID=944) to work on /home/airflow/.local/lib/python3.7/site-packages/airflow/example_dags/example_trigger_controller_dag.py
[2024-06-14T21:59:36.716+0000] {processor.py:743} INFO - Processing file /home/airflow/.local/lib/python3.7/site-packages/airflow/example_dags/example_trigger_controller_dag.py for tasks to queue
[2024-06-14T21:59:36.717+0000] {logging_mixin.py:137} INFO - [2024-06-14T21:59:36.716+0000] {dagbag.py:538} INFO - Filling up the DagBag from /home/airflow/.local/lib/python3.7/site-packages/airflow/example_dags/example_trigger_controller_dag.py
[2024-06-14T21:59:36.726+0000] {processor.py:753} INFO - DAG(s) dict_keys(['example_trigger_controller_dag']) retrieved from /home/airflow/.local/lib/python3.7/site-packages/airflow/example_dags/example_trigger_controller_dag.py
[2024-06-14T21:59:36.748+0000] {logging_mixin.py:137} INFO - [2024-06-14T21:59:36.748+0000] {dag.py:2690} INFO - Sync 1 DAGs
[2024-06-14T21:59:36.766+0000] {logging_mixin.py:137} INFO - [2024-06-14T21:59:36.766+0000] {dag.py:3441} INFO - Setting next_dagrun for example_trigger_controller_dag to 2021-01-01T00:00:00+00:00, run_after=2021-01-01T00:00:00+00:00
[2024-06-14T21:59:36.779+0000] {processor.py:175} INFO - Processing /home/airflow/.local/lib/python3.7/site-packages/airflow/example_dags/example_trigger_controller_dag.py took 0.068 seconds
[2024-06-14T22:00:07.250+0000] {processor.py:153} INFO - Started process (PID=994) to work on /home/airflow/.local/lib/python3.7/site-packages/airflow/example_dags/example_trigger_controller_dag.py
[2024-06-14T22:00:07.251+0000] {processor.py:743} INFO - Processing file /home/airflow/.local/lib/python3.7/site-packages/airflow/example_dags/example_trigger_controller_dag.py for tasks to queue
[2024-06-14T22:00:07.252+0000] {logging_mixin.py:137} INFO - [2024-06-14T22:00:07.252+0000] {dagbag.py:538} INFO - Filling up the DagBag from /home/airflow/.local/lib/python3.7/site-packages/airflow/example_dags/example_trigger_controller_dag.py
[2024-06-14T22:00:07.261+0000] {processor.py:753} INFO - DAG(s) dict_keys(['example_trigger_controller_dag']) retrieved from /home/airflow/.local/lib/python3.7/site-packages/airflow/example_dags/example_trigger_controller_dag.py
[2024-06-14T22:00:07.284+0000] {logging_mixin.py:137} INFO - [2024-06-14T22:00:07.284+0000] {dag.py:2690} INFO - Sync 1 DAGs
[2024-06-14T22:00:07.302+0000] {logging_mixin.py:137} INFO - [2024-06-14T22:00:07.301+0000] {dag.py:3441} INFO - Setting next_dagrun for example_trigger_controller_dag to 2021-01-01T00:00:00+00:00, run_after=2021-01-01T00:00:00+00:00
[2024-06-14T22:00:07.314+0000] {processor.py:175} INFO - Processing /home/airflow/.local/lib/python3.7/site-packages/airflow/example_dags/example_trigger_controller_dag.py took 0.068 seconds
[2024-06-14T22:00:37.700+0000] {processor.py:153} INFO - Started process (PID=1044) to work on /home/airflow/.local/lib/python3.7/site-packages/airflow/example_dags/example_trigger_controller_dag.py
[2024-06-14T22:00:37.701+0000] {processor.py:743} INFO - Processing file /home/airflow/.local/lib/python3.7/site-packages/airflow/example_dags/example_trigger_controller_dag.py for tasks to queue
[2024-06-14T22:00:37.702+0000] {logging_mixin.py:137} INFO - [2024-06-14T22:00:37.702+0000] {dagbag.py:538} INFO - Filling up the DagBag from /home/airflow/.local/lib/python3.7/site-packages/airflow/example_dags/example_trigger_controller_dag.py
[2024-06-14T22:00:37.712+0000] {processor.py:753} INFO - DAG(s) dict_keys(['example_trigger_controller_dag']) retrieved from /home/airflow/.local/lib/python3.7/site-packages/airflow/example_dags/example_trigger_controller_dag.py
[2024-06-14T22:00:37.733+0000] {logging_mixin.py:137} INFO - [2024-06-14T22:00:37.733+0000] {dag.py:2690} INFO - Sync 1 DAGs
[2024-06-14T22:00:37.750+0000] {logging_mixin.py:137} INFO - [2024-06-14T22:00:37.750+0000] {dag.py:3441} INFO - Setting next_dagrun for example_trigger_controller_dag to 2021-01-01T00:00:00+00:00, run_after=2021-01-01T00:00:00+00:00
[2024-06-14T22:00:37.763+0000] {processor.py:175} INFO - Processing /home/airflow/.local/lib/python3.7/site-packages/airflow/example_dags/example_trigger_controller_dag.py took 0.066 seconds
[2024-06-14T22:01:08.260+0000] {processor.py:153} INFO - Started process (PID=1093) to work on /home/airflow/.local/lib/python3.7/site-packages/airflow/example_dags/example_trigger_controller_dag.py
[2024-06-14T22:01:08.263+0000] {processor.py:743} INFO - Processing file /home/airflow/.local/lib/python3.7/site-packages/airflow/example_dags/example_trigger_controller_dag.py for tasks to queue
[2024-06-14T22:01:08.264+0000] {logging_mixin.py:137} INFO - [2024-06-14T22:01:08.264+0000] {dagbag.py:538} INFO - Filling up the DagBag from /home/airflow/.local/lib/python3.7/site-packages/airflow/example_dags/example_trigger_controller_dag.py
[2024-06-14T22:01:08.273+0000] {processor.py:753} INFO - DAG(s) dict_keys(['example_trigger_controller_dag']) retrieved from /home/airflow/.local/lib/python3.7/site-packages/airflow/example_dags/example_trigger_controller_dag.py
[2024-06-14T22:01:08.296+0000] {logging_mixin.py:137} INFO - [2024-06-14T22:01:08.296+0000] {dag.py:2690} INFO - Sync 1 DAGs
[2024-06-14T22:01:08.313+0000] {logging_mixin.py:137} INFO - [2024-06-14T22:01:08.313+0000] {dag.py:3441} INFO - Setting next_dagrun for example_trigger_controller_dag to 2021-01-01T00:00:00+00:00, run_after=2021-01-01T00:00:00+00:00
[2024-06-14T22:01:08.326+0000] {processor.py:175} INFO - Processing /home/airflow/.local/lib/python3.7/site-packages/airflow/example_dags/example_trigger_controller_dag.py took 0.069 seconds
[2024-06-14T22:01:38.699+0000] {processor.py:153} INFO - Started process (PID=1143) to work on /home/airflow/.local/lib/python3.7/site-packages/airflow/example_dags/example_trigger_controller_dag.py
[2024-06-14T22:01:38.701+0000] {processor.py:743} INFO - Processing file /home/airflow/.local/lib/python3.7/site-packages/airflow/example_dags/example_trigger_controller_dag.py for tasks to queue
[2024-06-14T22:01:38.702+0000] {logging_mixin.py:137} INFO - [2024-06-14T22:01:38.702+0000] {dagbag.py:538} INFO - Filling up the DagBag from /home/airflow/.local/lib/python3.7/site-packages/airflow/example_dags/example_trigger_controller_dag.py
[2024-06-14T22:01:38.711+0000] {processor.py:753} INFO - DAG(s) dict_keys(['example_trigger_controller_dag']) retrieved from /home/airflow/.local/lib/python3.7/site-packages/airflow/example_dags/example_trigger_controller_dag.py
[2024-06-14T22:01:38.733+0000] {logging_mixin.py:137} INFO - [2024-06-14T22:01:38.733+0000] {dag.py:2690} INFO - Sync 1 DAGs
[2024-06-14T22:01:38.751+0000] {logging_mixin.py:137} INFO - [2024-06-14T22:01:38.750+0000] {dag.py:3441} INFO - Setting next_dagrun for example_trigger_controller_dag to 2021-01-01T00:00:00+00:00, run_after=2021-01-01T00:00:00+00:00
[2024-06-14T22:01:38.763+0000] {processor.py:175} INFO - Processing /home/airflow/.local/lib/python3.7/site-packages/airflow/example_dags/example_trigger_controller_dag.py took 0.067 seconds
[2024-06-14T22:02:09.140+0000] {processor.py:153} INFO - Started process (PID=1193) to work on /home/airflow/.local/lib/python3.7/site-packages/airflow/example_dags/example_trigger_controller_dag.py
[2024-06-14T22:02:09.142+0000] {processor.py:743} INFO - Processing file /home/airflow/.local/lib/python3.7/site-packages/airflow/example_dags/example_trigger_controller_dag.py for tasks to queue
[2024-06-14T22:02:09.143+0000] {logging_mixin.py:137} INFO - [2024-06-14T22:02:09.143+0000] {dagbag.py:538} INFO - Filling up the DagBag from /home/airflow/.local/lib/python3.7/site-packages/airflow/example_dags/example_trigger_controller_dag.py
[2024-06-14T22:02:09.152+0000] {processor.py:753} INFO - DAG(s) dict_keys(['example_trigger_controller_dag']) retrieved from /home/airflow/.local/lib/python3.7/site-packages/airflow/example_dags/example_trigger_controller_dag.py
[2024-06-14T22:02:09.176+0000] {logging_mixin.py:137} INFO - [2024-06-14T22:02:09.176+0000] {dag.py:2690} INFO - Sync 1 DAGs
[2024-06-14T22:02:09.193+0000] {logging_mixin.py:137} INFO - [2024-06-14T22:02:09.192+0000] {dag.py:3441} INFO - Setting next_dagrun for example_trigger_controller_dag to 2021-01-01T00:00:00+00:00, run_after=2021-01-01T00:00:00+00:00
[2024-06-14T22:02:09.205+0000] {processor.py:175} INFO - Processing /home/airflow/.local/lib/python3.7/site-packages/airflow/example_dags/example_trigger_controller_dag.py took 0.068 seconds
[2024-06-14T22:02:39.867+0000] {processor.py:153} INFO - Started process (PID=1243) to work on /home/airflow/.local/lib/python3.7/site-packages/airflow/example_dags/example_trigger_controller_dag.py
[2024-06-14T22:02:39.869+0000] {processor.py:743} INFO - Processing file /home/airflow/.local/lib/python3.7/site-packages/airflow/example_dags/example_trigger_controller_dag.py for tasks to queue
[2024-06-14T22:02:39.869+0000] {logging_mixin.py:137} INFO - [2024-06-14T22:02:39.869+0000] {dagbag.py:538} INFO - Filling up the DagBag from /home/airflow/.local/lib/python3.7/site-packages/airflow/example_dags/example_trigger_controller_dag.py
[2024-06-14T22:02:39.879+0000] {processor.py:753} INFO - DAG(s) dict_keys(['example_trigger_controller_dag']) retrieved from /home/airflow/.local/lib/python3.7/site-packages/airflow/example_dags/example_trigger_controller_dag.py
[2024-06-14T22:02:39.902+0000] {logging_mixin.py:137} INFO - [2024-06-14T22:02:39.901+0000] {dag.py:2690} INFO - Sync 1 DAGs
[2024-06-14T22:02:39.919+0000] {logging_mixin.py:137} INFO - [2024-06-14T22:02:39.919+0000] {dag.py:3441} INFO - Setting next_dagrun for example_trigger_controller_dag to 2021-01-01T00:00:00+00:00, run_after=2021-01-01T00:00:00+00:00
[2024-06-14T22:02:39.931+0000] {processor.py:175} INFO - Processing /home/airflow/.local/lib/python3.7/site-packages/airflow/example_dags/example_trigger_controller_dag.py took 0.067 seconds
[2024-06-14T22:03:10.481+0000] {processor.py:153} INFO - Started process (PID=1293) to work on /home/airflow/.local/lib/python3.7/site-packages/airflow/example_dags/example_trigger_controller_dag.py
[2024-06-14T22:03:10.482+0000] {processor.py:743} INFO - Processing file /home/airflow/.local/lib/python3.7/site-packages/airflow/example_dags/example_trigger_controller_dag.py for tasks to queue
[2024-06-14T22:03:10.483+0000] {logging_mixin.py:137} INFO - [2024-06-14T22:03:10.483+0000] {dagbag.py:538} INFO - Filling up the DagBag from /home/airflow/.local/lib/python3.7/site-packages/airflow/example_dags/example_trigger_controller_dag.py
[2024-06-14T22:03:10.492+0000] {processor.py:753} INFO - DAG(s) dict_keys(['example_trigger_controller_dag']) retrieved from /home/airflow/.local/lib/python3.7/site-packages/airflow/example_dags/example_trigger_controller_dag.py
[2024-06-14T22:03:10.514+0000] {logging_mixin.py:137} INFO - [2024-06-14T22:03:10.514+0000] {dag.py:2690} INFO - Sync 1 DAGs
[2024-06-14T22:03:10.531+0000] {logging_mixin.py:137} INFO - [2024-06-14T22:03:10.531+0000] {dag.py:3441} INFO - Setting next_dagrun for example_trigger_controller_dag to 2021-01-01T00:00:00+00:00, run_after=2021-01-01T00:00:00+00:00
[2024-06-14T22:03:10.544+0000] {processor.py:175} INFO - Processing /home/airflow/.local/lib/python3.7/site-packages/airflow/example_dags/example_trigger_controller_dag.py took 0.066 seconds
[2024-06-14T22:03:40.953+0000] {processor.py:153} INFO - Started process (PID=1343) to work on /home/airflow/.local/lib/python3.7/site-packages/airflow/example_dags/example_trigger_controller_dag.py
[2024-06-14T22:03:40.954+0000] {processor.py:743} INFO - Processing file /home/airflow/.local/lib/python3.7/site-packages/airflow/example_dags/example_trigger_controller_dag.py for tasks to queue
[2024-06-14T22:03:40.955+0000] {logging_mixin.py:137} INFO - [2024-06-14T22:03:40.955+0000] {dagbag.py:538} INFO - Filling up the DagBag from /home/airflow/.local/lib/python3.7/site-packages/airflow/example_dags/example_trigger_controller_dag.py
[2024-06-14T22:03:40.964+0000] {processor.py:753} INFO - DAG(s) dict_keys(['example_trigger_controller_dag']) retrieved from /home/airflow/.local/lib/python3.7/site-packages/airflow/example_dags/example_trigger_controller_dag.py
[2024-06-14T22:03:40.986+0000] {logging_mixin.py:137} INFO - [2024-06-14T22:03:40.986+0000] {dag.py:2690} INFO - Sync 1 DAGs
[2024-06-14T22:03:41.004+0000] {logging_mixin.py:137} INFO - [2024-06-14T22:03:41.004+0000] {dag.py:3441} INFO - Setting next_dagrun for example_trigger_controller_dag to 2021-01-01T00:00:00+00:00, run_after=2021-01-01T00:00:00+00:00
[2024-06-14T22:03:41.015+0000] {processor.py:175} INFO - Processing /home/airflow/.local/lib/python3.7/site-packages/airflow/example_dags/example_trigger_controller_dag.py took 0.066 seconds
[2024-06-14T22:04:11.365+0000] {processor.py:153} INFO - Started process (PID=1393) to work on /home/airflow/.local/lib/python3.7/site-packages/airflow/example_dags/example_trigger_controller_dag.py
[2024-06-14T22:04:11.367+0000] {processor.py:743} INFO - Processing file /home/airflow/.local/lib/python3.7/site-packages/airflow/example_dags/example_trigger_controller_dag.py for tasks to queue
[2024-06-14T22:04:11.367+0000] {logging_mixin.py:137} INFO - [2024-06-14T22:04:11.367+0000] {dagbag.py:538} INFO - Filling up the DagBag from /home/airflow/.local/lib/python3.7/site-packages/airflow/example_dags/example_trigger_controller_dag.py
[2024-06-14T22:04:11.377+0000] {processor.py:753} INFO - DAG(s) dict_keys(['example_trigger_controller_dag']) retrieved from /home/airflow/.local/lib/python3.7/site-packages/airflow/example_dags/example_trigger_controller_dag.py
[2024-06-14T22:04:11.399+0000] {logging_mixin.py:137} INFO - [2024-06-14T22:04:11.399+0000] {dag.py:2690} INFO - Sync 1 DAGs
[2024-06-14T22:04:11.416+0000] {logging_mixin.py:137} INFO - [2024-06-14T22:04:11.416+0000] {dag.py:3441} INFO - Setting next_dagrun for example_trigger_controller_dag to 2021-01-01T00:00:00+00:00, run_after=2021-01-01T00:00:00+00:00
[2024-06-14T22:04:11.428+0000] {processor.py:175} INFO - Processing /home/airflow/.local/lib/python3.7/site-packages/airflow/example_dags/example_trigger_controller_dag.py took 0.066 seconds
[2024-06-14T22:04:41.942+0000] {processor.py:153} INFO - Started process (PID=1442) to work on /home/airflow/.local/lib/python3.7/site-packages/airflow/example_dags/example_trigger_controller_dag.py
[2024-06-14T22:04:41.943+0000] {processor.py:743} INFO - Processing file /home/airflow/.local/lib/python3.7/site-packages/airflow/example_dags/example_trigger_controller_dag.py for tasks to queue
[2024-06-14T22:04:41.944+0000] {logging_mixin.py:137} INFO - [2024-06-14T22:04:41.944+0000] {dagbag.py:538} INFO - Filling up the DagBag from /home/airflow/.local/lib/python3.7/site-packages/airflow/example_dags/example_trigger_controller_dag.py
[2024-06-14T22:04:41.954+0000] {processor.py:753} INFO - DAG(s) dict_keys(['example_trigger_controller_dag']) retrieved from /home/airflow/.local/lib/python3.7/site-packages/airflow/example_dags/example_trigger_controller_dag.py
[2024-06-14T22:04:41.976+0000] {logging_mixin.py:137} INFO - [2024-06-14T22:04:41.976+0000] {dag.py:2690} INFO - Sync 1 DAGs
[2024-06-14T22:04:41.993+0000] {logging_mixin.py:137} INFO - [2024-06-14T22:04:41.993+0000] {dag.py:3441} INFO - Setting next_dagrun for example_trigger_controller_dag to 2021-01-01T00:00:00+00:00, run_after=2021-01-01T00:00:00+00:00
[2024-06-14T22:04:42.006+0000] {processor.py:175} INFO - Processing /home/airflow/.local/lib/python3.7/site-packages/airflow/example_dags/example_trigger_controller_dag.py took 0.068 seconds
[2024-06-14T22:05:12.548+0000] {processor.py:153} INFO - Started process (PID=1491) to work on /home/airflow/.local/lib/python3.7/site-packages/airflow/example_dags/example_trigger_controller_dag.py
[2024-06-14T22:05:12.549+0000] {processor.py:743} INFO - Processing file /home/airflow/.local/lib/python3.7/site-packages/airflow/example_dags/example_trigger_controller_dag.py for tasks to queue
[2024-06-14T22:05:12.550+0000] {logging_mixin.py:137} INFO - [2024-06-14T22:05:12.550+0000] {dagbag.py:538} INFO - Filling up the DagBag from /home/airflow/.local/lib/python3.7/site-packages/airflow/example_dags/example_trigger_controller_dag.py
[2024-06-14T22:05:12.559+0000] {processor.py:753} INFO - DAG(s) dict_keys(['example_trigger_controller_dag']) retrieved from /home/airflow/.local/lib/python3.7/site-packages/airflow/example_dags/example_trigger_controller_dag.py
[2024-06-14T22:05:12.584+0000] {logging_mixin.py:137} INFO - [2024-06-14T22:05:12.583+0000] {dag.py:2690} INFO - Sync 1 DAGs
[2024-06-14T22:05:12.601+0000] {logging_mixin.py:137} INFO - [2024-06-14T22:05:12.601+0000] {dag.py:3441} INFO - Setting next_dagrun for example_trigger_controller_dag to 2021-01-01T00:00:00+00:00, run_after=2021-01-01T00:00:00+00:00
[2024-06-14T22:05:12.615+0000] {processor.py:175} INFO - Processing /home/airflow/.local/lib/python3.7/site-packages/airflow/example_dags/example_trigger_controller_dag.py took 0.070 seconds
[2024-06-14T22:05:43.159+0000] {processor.py:153} INFO - Started process (PID=1541) to work on /home/airflow/.local/lib/python3.7/site-packages/airflow/example_dags/example_trigger_controller_dag.py
[2024-06-14T22:05:43.161+0000] {processor.py:743} INFO - Processing file /home/airflow/.local/lib/python3.7/site-packages/airflow/example_dags/example_trigger_controller_dag.py for tasks to queue
[2024-06-14T22:05:43.161+0000] {logging_mixin.py:137} INFO - [2024-06-14T22:05:43.161+0000] {dagbag.py:538} INFO - Filling up the DagBag from /home/airflow/.local/lib/python3.7/site-packages/airflow/example_dags/example_trigger_controller_dag.py
[2024-06-14T22:05:43.171+0000] {processor.py:753} INFO - DAG(s) dict_keys(['example_trigger_controller_dag']) retrieved from /home/airflow/.local/lib/python3.7/site-packages/airflow/example_dags/example_trigger_controller_dag.py
[2024-06-14T22:05:43.194+0000] {logging_mixin.py:137} INFO - [2024-06-14T22:05:43.193+0000] {dag.py:2690} INFO - Sync 1 DAGs
[2024-06-14T22:05:43.210+0000] {logging_mixin.py:137} INFO - [2024-06-14T22:05:43.210+0000] {dag.py:3441} INFO - Setting next_dagrun for example_trigger_controller_dag to 2021-01-01T00:00:00+00:00, run_after=2021-01-01T00:00:00+00:00
[2024-06-14T22:05:43.222+0000] {processor.py:175} INFO - Processing /home/airflow/.local/lib/python3.7/site-packages/airflow/example_dags/example_trigger_controller_dag.py took 0.066 seconds
[2024-06-14T22:06:13.762+0000] {processor.py:153} INFO - Started process (PID=1591) to work on /home/airflow/.local/lib/python3.7/site-packages/airflow/example_dags/example_trigger_controller_dag.py
[2024-06-14T22:06:13.763+0000] {processor.py:743} INFO - Processing file /home/airflow/.local/lib/python3.7/site-packages/airflow/example_dags/example_trigger_controller_dag.py for tasks to queue
[2024-06-14T22:06:13.764+0000] {logging_mixin.py:137} INFO - [2024-06-14T22:06:13.764+0000] {dagbag.py:538} INFO - Filling up the DagBag from /home/airflow/.local/lib/python3.7/site-packages/airflow/example_dags/example_trigger_controller_dag.py
[2024-06-14T22:06:13.773+0000] {processor.py:753} INFO - DAG(s) dict_keys(['example_trigger_controller_dag']) retrieved from /home/airflow/.local/lib/python3.7/site-packages/airflow/example_dags/example_trigger_controller_dag.py
[2024-06-14T22:06:13.797+0000] {logging_mixin.py:137} INFO - [2024-06-14T22:06:13.797+0000] {dag.py:2690} INFO - Sync 1 DAGs
[2024-06-14T22:06:13.815+0000] {logging_mixin.py:137} INFO - [2024-06-14T22:06:13.815+0000] {dag.py:3441} INFO - Setting next_dagrun for example_trigger_controller_dag to 2021-01-01T00:00:00+00:00, run_after=2021-01-01T00:00:00+00:00
[2024-06-14T22:06:13.829+0000] {processor.py:175} INFO - Processing /home/airflow/.local/lib/python3.7/site-packages/airflow/example_dags/example_trigger_controller_dag.py took 0.071 seconds
[2024-06-14T22:06:44.398+0000] {processor.py:153} INFO - Started process (PID=1641) to work on /home/airflow/.local/lib/python3.7/site-packages/airflow/example_dags/example_trigger_controller_dag.py
[2024-06-14T22:06:44.399+0000] {processor.py:743} INFO - Processing file /home/airflow/.local/lib/python3.7/site-packages/airflow/example_dags/example_trigger_controller_dag.py for tasks to queue
[2024-06-14T22:06:44.400+0000] {logging_mixin.py:137} INFO - [2024-06-14T22:06:44.400+0000] {dagbag.py:538} INFO - Filling up the DagBag from /home/airflow/.local/lib/python3.7/site-packages/airflow/example_dags/example_trigger_controller_dag.py
[2024-06-14T22:06:44.413+0000] {processor.py:753} INFO - DAG(s) dict_keys(['example_trigger_controller_dag']) retrieved from /home/airflow/.local/lib/python3.7/site-packages/airflow/example_dags/example_trigger_controller_dag.py
[2024-06-14T22:06:44.443+0000] {logging_mixin.py:137} INFO - [2024-06-14T22:06:44.443+0000] {dag.py:2690} INFO - Sync 1 DAGs
[2024-06-14T22:06:44.463+0000] {logging_mixin.py:137} INFO - [2024-06-14T22:06:44.463+0000] {dag.py:3441} INFO - Setting next_dagrun for example_trigger_controller_dag to 2021-01-01T00:00:00+00:00, run_after=2021-01-01T00:00:00+00:00
[2024-06-14T22:06:44.476+0000] {processor.py:175} INFO - Processing /home/airflow/.local/lib/python3.7/site-packages/airflow/example_dags/example_trigger_controller_dag.py took 0.082 seconds
[2024-06-14T22:07:14.840+0000] {processor.py:153} INFO - Started process (PID=1691) to work on /home/airflow/.local/lib/python3.7/site-packages/airflow/example_dags/example_trigger_controller_dag.py
[2024-06-14T22:07:14.841+0000] {processor.py:743} INFO - Processing file /home/airflow/.local/lib/python3.7/site-packages/airflow/example_dags/example_trigger_controller_dag.py for tasks to queue
[2024-06-14T22:07:14.842+0000] {logging_mixin.py:137} INFO - [2024-06-14T22:07:14.842+0000] {dagbag.py:538} INFO - Filling up the DagBag from /home/airflow/.local/lib/python3.7/site-packages/airflow/example_dags/example_trigger_controller_dag.py
[2024-06-14T22:07:14.851+0000] {processor.py:753} INFO - DAG(s) dict_keys(['example_trigger_controller_dag']) retrieved from /home/airflow/.local/lib/python3.7/site-packages/airflow/example_dags/example_trigger_controller_dag.py
[2024-06-14T22:07:14.875+0000] {logging_mixin.py:137} INFO - [2024-06-14T22:07:14.875+0000] {dag.py:2690} INFO - Sync 1 DAGs
[2024-06-14T22:07:14.893+0000] {logging_mixin.py:137} INFO - [2024-06-14T22:07:14.893+0000] {dag.py:3441} INFO - Setting next_dagrun for example_trigger_controller_dag to 2021-01-01T00:00:00+00:00, run_after=2021-01-01T00:00:00+00:00
[2024-06-14T22:07:14.909+0000] {processor.py:175} INFO - Processing /home/airflow/.local/lib/python3.7/site-packages/airflow/example_dags/example_trigger_controller_dag.py took 0.073 seconds
[2024-06-14T22:07:45.391+0000] {processor.py:153} INFO - Started process (PID=1741) to work on /home/airflow/.local/lib/python3.7/site-packages/airflow/example_dags/example_trigger_controller_dag.py
[2024-06-14T22:07:45.392+0000] {processor.py:743} INFO - Processing file /home/airflow/.local/lib/python3.7/site-packages/airflow/example_dags/example_trigger_controller_dag.py for tasks to queue
[2024-06-14T22:07:45.393+0000] {logging_mixin.py:137} INFO - [2024-06-14T22:07:45.393+0000] {dagbag.py:538} INFO - Filling up the DagBag from /home/airflow/.local/lib/python3.7/site-packages/airflow/example_dags/example_trigger_controller_dag.py
[2024-06-14T22:07:45.403+0000] {processor.py:753} INFO - DAG(s) dict_keys(['example_trigger_controller_dag']) retrieved from /home/airflow/.local/lib/python3.7/site-packages/airflow/example_dags/example_trigger_controller_dag.py
[2024-06-14T22:07:45.429+0000] {logging_mixin.py:137} INFO - [2024-06-14T22:07:45.429+0000] {dag.py:2690} INFO - Sync 1 DAGs
[2024-06-14T22:07:45.461+0000] {logging_mixin.py:137} INFO - [2024-06-14T22:07:45.461+0000] {dag.py:3441} INFO - Setting next_dagrun for example_trigger_controller_dag to 2021-01-01T00:00:00+00:00, run_after=2021-01-01T00:00:00+00:00
[2024-06-14T22:07:45.478+0000] {processor.py:175} INFO - Processing /home/airflow/.local/lib/python3.7/site-packages/airflow/example_dags/example_trigger_controller_dag.py took 0.090 seconds
[2024-06-14T22:08:16.046+0000] {processor.py:153} INFO - Started process (PID=1791) to work on /home/airflow/.local/lib/python3.7/site-packages/airflow/example_dags/example_trigger_controller_dag.py
[2024-06-14T22:08:16.047+0000] {processor.py:743} INFO - Processing file /home/airflow/.local/lib/python3.7/site-packages/airflow/example_dags/example_trigger_controller_dag.py for tasks to queue
[2024-06-14T22:08:16.048+0000] {logging_mixin.py:137} INFO - [2024-06-14T22:08:16.048+0000] {dagbag.py:538} INFO - Filling up the DagBag from /home/airflow/.local/lib/python3.7/site-packages/airflow/example_dags/example_trigger_controller_dag.py
[2024-06-14T22:08:16.057+0000] {processor.py:753} INFO - DAG(s) dict_keys(['example_trigger_controller_dag']) retrieved from /home/airflow/.local/lib/python3.7/site-packages/airflow/example_dags/example_trigger_controller_dag.py
[2024-06-14T22:08:16.079+0000] {logging_mixin.py:137} INFO - [2024-06-14T22:08:16.078+0000] {dag.py:2690} INFO - Sync 1 DAGs
[2024-06-14T22:08:16.095+0000] {logging_mixin.py:137} INFO - [2024-06-14T22:08:16.095+0000] {dag.py:3441} INFO - Setting next_dagrun for example_trigger_controller_dag to 2021-01-01T00:00:00+00:00, run_after=2021-01-01T00:00:00+00:00
[2024-06-14T22:08:16.108+0000] {processor.py:175} INFO - Processing /home/airflow/.local/lib/python3.7/site-packages/airflow/example_dags/example_trigger_controller_dag.py took 0.065 seconds
[2024-06-14T22:08:46.756+0000] {processor.py:153} INFO - Started process (PID=1841) to work on /home/airflow/.local/lib/python3.7/site-packages/airflow/example_dags/example_trigger_controller_dag.py
[2024-06-14T22:08:46.757+0000] {processor.py:743} INFO - Processing file /home/airflow/.local/lib/python3.7/site-packages/airflow/example_dags/example_trigger_controller_dag.py for tasks to queue
[2024-06-14T22:08:46.758+0000] {logging_mixin.py:137} INFO - [2024-06-14T22:08:46.758+0000] {dagbag.py:538} INFO - Filling up the DagBag from /home/airflow/.local/lib/python3.7/site-packages/airflow/example_dags/example_trigger_controller_dag.py
[2024-06-14T22:08:46.768+0000] {processor.py:753} INFO - DAG(s) dict_keys(['example_trigger_controller_dag']) retrieved from /home/airflow/.local/lib/python3.7/site-packages/airflow/example_dags/example_trigger_controller_dag.py
[2024-06-14T22:08:46.790+0000] {logging_mixin.py:137} INFO - [2024-06-14T22:08:46.790+0000] {dag.py:2690} INFO - Sync 1 DAGs
[2024-06-14T22:08:46.808+0000] {logging_mixin.py:137} INFO - [2024-06-14T22:08:46.807+0000] {dag.py:3441} INFO - Setting next_dagrun for example_trigger_controller_dag to 2021-01-01T00:00:00+00:00, run_after=2021-01-01T00:00:00+00:00
[2024-06-14T22:08:46.820+0000] {processor.py:175} INFO - Processing /home/airflow/.local/lib/python3.7/site-packages/airflow/example_dags/example_trigger_controller_dag.py took 0.067 seconds
[2024-06-14T22:09:17.212+0000] {processor.py:153} INFO - Started process (PID=1891) to work on /home/airflow/.local/lib/python3.7/site-packages/airflow/example_dags/example_trigger_controller_dag.py
[2024-06-14T22:09:17.213+0000] {processor.py:743} INFO - Processing file /home/airflow/.local/lib/python3.7/site-packages/airflow/example_dags/example_trigger_controller_dag.py for tasks to queue
[2024-06-14T22:09:17.214+0000] {logging_mixin.py:137} INFO - [2024-06-14T22:09:17.214+0000] {dagbag.py:538} INFO - Filling up the DagBag from /home/airflow/.local/lib/python3.7/site-packages/airflow/example_dags/example_trigger_controller_dag.py
[2024-06-14T22:09:17.223+0000] {processor.py:753} INFO - DAG(s) dict_keys(['example_trigger_controller_dag']) retrieved from /home/airflow/.local/lib/python3.7/site-packages/airflow/example_dags/example_trigger_controller_dag.py
[2024-06-14T22:09:17.247+0000] {logging_mixin.py:137} INFO - [2024-06-14T22:09:17.246+0000] {dag.py:2690} INFO - Sync 1 DAGs
[2024-06-14T22:09:17.264+0000] {logging_mixin.py:137} INFO - [2024-06-14T22:09:17.264+0000] {dag.py:3441} INFO - Setting next_dagrun for example_trigger_controller_dag to 2021-01-01T00:00:00+00:00, run_after=2021-01-01T00:00:00+00:00
[2024-06-14T22:09:17.276+0000] {processor.py:175} INFO - Processing /home/airflow/.local/lib/python3.7/site-packages/airflow/example_dags/example_trigger_controller_dag.py took 0.067 seconds
[2024-06-14T22:09:47.779+0000] {processor.py:153} INFO - Started process (PID=1941) to work on /home/airflow/.local/lib/python3.7/site-packages/airflow/example_dags/example_trigger_controller_dag.py
[2024-06-14T22:09:47.780+0000] {processor.py:743} INFO - Processing file /home/airflow/.local/lib/python3.7/site-packages/airflow/example_dags/example_trigger_controller_dag.py for tasks to queue
[2024-06-14T22:09:47.781+0000] {logging_mixin.py:137} INFO - [2024-06-14T22:09:47.781+0000] {dagbag.py:538} INFO - Filling up the DagBag from /home/airflow/.local/lib/python3.7/site-packages/airflow/example_dags/example_trigger_controller_dag.py
[2024-06-14T22:09:47.790+0000] {processor.py:753} INFO - DAG(s) dict_keys(['example_trigger_controller_dag']) retrieved from /home/airflow/.local/lib/python3.7/site-packages/airflow/example_dags/example_trigger_controller_dag.py
[2024-06-14T22:09:47.812+0000] {logging_mixin.py:137} INFO - [2024-06-14T22:09:47.812+0000] {dag.py:2690} INFO - Sync 1 DAGs
[2024-06-14T22:09:47.829+0000] {logging_mixin.py:137} INFO - [2024-06-14T22:09:47.828+0000] {dag.py:3441} INFO - Setting next_dagrun for example_trigger_controller_dag to 2021-01-01T00:00:00+00:00, run_after=2021-01-01T00:00:00+00:00
[2024-06-14T22:09:47.840+0000] {processor.py:175} INFO - Processing /home/airflow/.local/lib/python3.7/site-packages/airflow/example_dags/example_trigger_controller_dag.py took 0.064 seconds
[2024-06-14T22:10:18.248+0000] {processor.py:153} INFO - Started process (PID=1991) to work on /home/airflow/.local/lib/python3.7/site-packages/airflow/example_dags/example_trigger_controller_dag.py
[2024-06-14T22:10:18.249+0000] {processor.py:743} INFO - Processing file /home/airflow/.local/lib/python3.7/site-packages/airflow/example_dags/example_trigger_controller_dag.py for tasks to queue
[2024-06-14T22:10:18.250+0000] {logging_mixin.py:137} INFO - [2024-06-14T22:10:18.250+0000] {dagbag.py:538} INFO - Filling up the DagBag from /home/airflow/.local/lib/python3.7/site-packages/airflow/example_dags/example_trigger_controller_dag.py
[2024-06-14T22:10:18.259+0000] {processor.py:753} INFO - DAG(s) dict_keys(['example_trigger_controller_dag']) retrieved from /home/airflow/.local/lib/python3.7/site-packages/airflow/example_dags/example_trigger_controller_dag.py
[2024-06-14T22:10:18.282+0000] {logging_mixin.py:137} INFO - [2024-06-14T22:10:18.282+0000] {dag.py:2690} INFO - Sync 1 DAGs
[2024-06-14T22:10:18.300+0000] {logging_mixin.py:137} INFO - [2024-06-14T22:10:18.300+0000] {dag.py:3441} INFO - Setting next_dagrun for example_trigger_controller_dag to 2021-01-01T00:00:00+00:00, run_after=2021-01-01T00:00:00+00:00
[2024-06-14T22:10:18.313+0000] {processor.py:175} INFO - Processing /home/airflow/.local/lib/python3.7/site-packages/airflow/example_dags/example_trigger_controller_dag.py took 0.067 seconds
[2024-06-14T22:58:48.687+0000] {processor.py:153} INFO - Started process (PID=2041) to work on /home/airflow/.local/lib/python3.7/site-packages/airflow/example_dags/example_trigger_controller_dag.py
[2024-06-14T22:58:48.688+0000] {processor.py:743} INFO - Processing file /home/airflow/.local/lib/python3.7/site-packages/airflow/example_dags/example_trigger_controller_dag.py for tasks to queue
[2024-06-14T22:58:48.689+0000] {logging_mixin.py:137} INFO - [2024-06-14T22:58:48.689+0000] {dagbag.py:538} INFO - Filling up the DagBag from /home/airflow/.local/lib/python3.7/site-packages/airflow/example_dags/example_trigger_controller_dag.py
[2024-06-14T22:58:48.699+0000] {processor.py:753} INFO - DAG(s) dict_keys(['example_trigger_controller_dag']) retrieved from /home/airflow/.local/lib/python3.7/site-packages/airflow/example_dags/example_trigger_controller_dag.py
[2024-06-14T22:58:48.721+0000] {logging_mixin.py:137} INFO - [2024-06-14T22:58:48.721+0000] {dag.py:2690} INFO - Sync 1 DAGs
[2024-06-14T22:58:48.738+0000] {logging_mixin.py:137} INFO - [2024-06-14T22:58:48.737+0000] {dag.py:3441} INFO - Setting next_dagrun for example_trigger_controller_dag to 2021-01-01T00:00:00+00:00, run_after=2021-01-01T00:00:00+00:00
[2024-06-14T22:58:48.750+0000] {processor.py:175} INFO - Processing /home/airflow/.local/lib/python3.7/site-packages/airflow/example_dags/example_trigger_controller_dag.py took 0.066 seconds
[2024-06-14T23:14:18.262+0000] {processor.py:153} INFO - Started process (PID=2091) to work on /home/airflow/.local/lib/python3.7/site-packages/airflow/example_dags/example_trigger_controller_dag.py
[2024-06-14T23:14:18.337+0000] {processor.py:743} INFO - Processing file /home/airflow/.local/lib/python3.7/site-packages/airflow/example_dags/example_trigger_controller_dag.py for tasks to queue
[2024-06-14T23:14:18.402+0000] {logging_mixin.py:137} INFO - [2024-06-14T23:14:18.401+0000] {dagbag.py:538} INFO - Filling up the DagBag from /home/airflow/.local/lib/python3.7/site-packages/airflow/example_dags/example_trigger_controller_dag.py
[2024-06-14T23:14:18.542+0000] {processor.py:753} INFO - DAG(s) dict_keys(['example_trigger_controller_dag']) retrieved from /home/airflow/.local/lib/python3.7/site-packages/airflow/example_dags/example_trigger_controller_dag.py
[2024-06-14T23:14:19.072+0000] {logging_mixin.py:137} INFO - [2024-06-14T23:14:19.068+0000] {dag.py:2690} INFO - Sync 1 DAGs
[2024-06-14T23:14:19.201+0000] {logging_mixin.py:137} INFO - [2024-06-14T23:14:19.200+0000] {dag.py:3441} INFO - Setting next_dagrun for example_trigger_controller_dag to 2021-01-01T00:00:00+00:00, run_after=2021-01-01T00:00:00+00:00
[2024-06-14T23:14:19.347+0000] {processor.py:175} INFO - Processing /home/airflow/.local/lib/python3.7/site-packages/airflow/example_dags/example_trigger_controller_dag.py took 1.095 seconds
