[2024-06-14T21:50:27.907+0000] {processor.py:153} INFO - Started process (PID=67) to work on /home/airflow/.local/lib/python3.7/site-packages/airflow/example_dags/example_sla_dag.py
[2024-06-14T21:50:27.909+0000] {processor.py:743} INFO - Processing file /home/airflow/.local/lib/python3.7/site-packages/airflow/example_dags/example_sla_dag.py for tasks to queue
[2024-06-14T21:50:27.910+0000] {logging_mixin.py:137} INFO - [2024-06-14T21:50:27.909+0000] {dagbag.py:538} INFO - Filling up the DagBag from /home/airflow/.local/lib/python3.7/site-packages/airflow/example_dags/example_sla_dag.py
[2024-06-14T21:50:27.930+0000] {processor.py:753} INFO - DAG(s) dict_keys(['example_sla_dag']) retrieved from /home/airflow/.local/lib/python3.7/site-packages/airflow/example_dags/example_sla_dag.py
[2024-06-14T21:50:27.956+0000] {logging_mixin.py:137} INFO - [2024-06-14T21:50:27.956+0000] {dag.py:2690} INFO - Sync 1 DAGs
[2024-06-14T21:50:27.980+0000] {logging_mixin.py:137} INFO - [2024-06-14T21:50:27.980+0000] {dag.py:3441} INFO - Setting next_dagrun for example_sla_dag to 2024-06-14T21:48:00+00:00, run_after=2024-06-14T21:50:00+00:00
[2024-06-14T21:50:27.996+0000] {processor.py:175} INFO - Processing /home/airflow/.local/lib/python3.7/site-packages/airflow/example_dags/example_sla_dag.py took 0.092 seconds
[2024-06-14T21:50:58.789+0000] {processor.py:153} INFO - Started process (PID=117) to work on /home/airflow/.local/lib/python3.7/site-packages/airflow/example_dags/example_sla_dag.py
[2024-06-14T21:50:58.791+0000] {processor.py:743} INFO - Processing file /home/airflow/.local/lib/python3.7/site-packages/airflow/example_dags/example_sla_dag.py for tasks to queue
[2024-06-14T21:50:58.791+0000] {logging_mixin.py:137} INFO - [2024-06-14T21:50:58.791+0000] {dagbag.py:538} INFO - Filling up the DagBag from /home/airflow/.local/lib/python3.7/site-packages/airflow/example_dags/example_sla_dag.py
[2024-06-14T21:50:58.809+0000] {processor.py:753} INFO - DAG(s) dict_keys(['example_sla_dag']) retrieved from /home/airflow/.local/lib/python3.7/site-packages/airflow/example_dags/example_sla_dag.py
[2024-06-14T21:50:58.832+0000] {logging_mixin.py:137} INFO - [2024-06-14T21:50:58.831+0000] {dag.py:2690} INFO - Sync 1 DAGs
[2024-06-14T21:50:58.851+0000] {logging_mixin.py:137} INFO - [2024-06-14T21:50:58.851+0000] {dag.py:3441} INFO - Setting next_dagrun for example_sla_dag to 2024-06-14T21:48:00+00:00, run_after=2024-06-14T21:50:00+00:00
[2024-06-14T21:50:58.870+0000] {processor.py:175} INFO - Processing /home/airflow/.local/lib/python3.7/site-packages/airflow/example_dags/example_sla_dag.py took 0.084 seconds
[2024-06-14T21:51:29.244+0000] {processor.py:153} INFO - Started process (PID=167) to work on /home/airflow/.local/lib/python3.7/site-packages/airflow/example_dags/example_sla_dag.py
[2024-06-14T21:51:29.245+0000] {processor.py:743} INFO - Processing file /home/airflow/.local/lib/python3.7/site-packages/airflow/example_dags/example_sla_dag.py for tasks to queue
[2024-06-14T21:51:29.246+0000] {logging_mixin.py:137} INFO - [2024-06-14T21:51:29.246+0000] {dagbag.py:538} INFO - Filling up the DagBag from /home/airflow/.local/lib/python3.7/site-packages/airflow/example_dags/example_sla_dag.py
[2024-06-14T21:51:29.263+0000] {processor.py:753} INFO - DAG(s) dict_keys(['example_sla_dag']) retrieved from /home/airflow/.local/lib/python3.7/site-packages/airflow/example_dags/example_sla_dag.py
[2024-06-14T21:51:29.285+0000] {logging_mixin.py:137} INFO - [2024-06-14T21:51:29.285+0000] {dag.py:2690} INFO - Sync 1 DAGs
[2024-06-14T21:51:29.304+0000] {logging_mixin.py:137} INFO - [2024-06-14T21:51:29.304+0000] {dag.py:3441} INFO - Setting next_dagrun for example_sla_dag to 2024-06-14T21:48:00+00:00, run_after=2024-06-14T21:50:00+00:00
[2024-06-14T21:51:29.317+0000] {processor.py:175} INFO - Processing /home/airflow/.local/lib/python3.7/site-packages/airflow/example_dags/example_sla_dag.py took 0.076 seconds
[2024-06-14T21:51:59.641+0000] {processor.py:153} INFO - Started process (PID=217) to work on /home/airflow/.local/lib/python3.7/site-packages/airflow/example_dags/example_sla_dag.py
[2024-06-14T21:51:59.643+0000] {processor.py:743} INFO - Processing file /home/airflow/.local/lib/python3.7/site-packages/airflow/example_dags/example_sla_dag.py for tasks to queue
[2024-06-14T21:51:59.644+0000] {logging_mixin.py:137} INFO - [2024-06-14T21:51:59.643+0000] {dagbag.py:538} INFO - Filling up the DagBag from /home/airflow/.local/lib/python3.7/site-packages/airflow/example_dags/example_sla_dag.py
[2024-06-14T21:51:59.661+0000] {processor.py:753} INFO - DAG(s) dict_keys(['example_sla_dag']) retrieved from /home/airflow/.local/lib/python3.7/site-packages/airflow/example_dags/example_sla_dag.py
[2024-06-14T21:51:59.681+0000] {logging_mixin.py:137} INFO - [2024-06-14T21:51:59.681+0000] {dag.py:2690} INFO - Sync 1 DAGs
[2024-06-14T21:51:59.700+0000] {logging_mixin.py:137} INFO - [2024-06-14T21:51:59.700+0000] {dag.py:3441} INFO - Setting next_dagrun for example_sla_dag to 2024-06-14T21:48:00+00:00, run_after=2024-06-14T21:50:00+00:00
[2024-06-14T21:51:59.712+0000] {processor.py:175} INFO - Processing /home/airflow/.local/lib/python3.7/site-packages/airflow/example_dags/example_sla_dag.py took 0.074 seconds
[2024-06-14T21:52:30.218+0000] {processor.py:153} INFO - Started process (PID=267) to work on /home/airflow/.local/lib/python3.7/site-packages/airflow/example_dags/example_sla_dag.py
[2024-06-14T21:52:30.219+0000] {processor.py:743} INFO - Processing file /home/airflow/.local/lib/python3.7/site-packages/airflow/example_dags/example_sla_dag.py for tasks to queue
[2024-06-14T21:52:30.220+0000] {logging_mixin.py:137} INFO - [2024-06-14T21:52:30.220+0000] {dagbag.py:538} INFO - Filling up the DagBag from /home/airflow/.local/lib/python3.7/site-packages/airflow/example_dags/example_sla_dag.py
[2024-06-14T21:52:30.236+0000] {processor.py:753} INFO - DAG(s) dict_keys(['example_sla_dag']) retrieved from /home/airflow/.local/lib/python3.7/site-packages/airflow/example_dags/example_sla_dag.py
[2024-06-14T21:52:30.256+0000] {logging_mixin.py:137} INFO - [2024-06-14T21:52:30.256+0000] {dag.py:2690} INFO - Sync 1 DAGs
[2024-06-14T21:52:30.275+0000] {logging_mixin.py:137} INFO - [2024-06-14T21:52:30.275+0000] {dag.py:3441} INFO - Setting next_dagrun for example_sla_dag to 2024-06-14T21:50:00+00:00, run_after=2024-06-14T21:52:00+00:00
[2024-06-14T21:52:30.288+0000] {processor.py:175} INFO - Processing /home/airflow/.local/lib/python3.7/site-packages/airflow/example_dags/example_sla_dag.py took 0.072 seconds
[2024-06-14T21:53:00.700+0000] {processor.py:153} INFO - Started process (PID=316) to work on /home/airflow/.local/lib/python3.7/site-packages/airflow/example_dags/example_sla_dag.py
[2024-06-14T21:53:00.702+0000] {processor.py:743} INFO - Processing file /home/airflow/.local/lib/python3.7/site-packages/airflow/example_dags/example_sla_dag.py for tasks to queue
[2024-06-14T21:53:00.703+0000] {logging_mixin.py:137} INFO - [2024-06-14T21:53:00.703+0000] {dagbag.py:538} INFO - Filling up the DagBag from /home/airflow/.local/lib/python3.7/site-packages/airflow/example_dags/example_sla_dag.py
[2024-06-14T21:53:00.721+0000] {processor.py:753} INFO - DAG(s) dict_keys(['example_sla_dag']) retrieved from /home/airflow/.local/lib/python3.7/site-packages/airflow/example_dags/example_sla_dag.py
[2024-06-14T21:53:00.744+0000] {logging_mixin.py:137} INFO - [2024-06-14T21:53:00.744+0000] {dag.py:2690} INFO - Sync 1 DAGs
[2024-06-14T21:53:00.763+0000] {logging_mixin.py:137} INFO - [2024-06-14T21:53:00.763+0000] {dag.py:3441} INFO - Setting next_dagrun for example_sla_dag to 2024-06-14T21:50:00+00:00, run_after=2024-06-14T21:52:00+00:00
[2024-06-14T21:53:00.775+0000] {processor.py:175} INFO - Processing /home/airflow/.local/lib/python3.7/site-packages/airflow/example_dags/example_sla_dag.py took 0.078 seconds
[2024-06-14T21:53:31.390+0000] {processor.py:153} INFO - Started process (PID=366) to work on /home/airflow/.local/lib/python3.7/site-packages/airflow/example_dags/example_sla_dag.py
[2024-06-14T21:53:31.392+0000] {processor.py:743} INFO - Processing file /home/airflow/.local/lib/python3.7/site-packages/airflow/example_dags/example_sla_dag.py for tasks to queue
[2024-06-14T21:53:31.393+0000] {logging_mixin.py:137} INFO - [2024-06-14T21:53:31.393+0000] {dagbag.py:538} INFO - Filling up the DagBag from /home/airflow/.local/lib/python3.7/site-packages/airflow/example_dags/example_sla_dag.py
[2024-06-14T21:53:31.412+0000] {processor.py:753} INFO - DAG(s) dict_keys(['example_sla_dag']) retrieved from /home/airflow/.local/lib/python3.7/site-packages/airflow/example_dags/example_sla_dag.py
[2024-06-14T21:53:31.435+0000] {logging_mixin.py:137} INFO - [2024-06-14T21:53:31.435+0000] {dag.py:2690} INFO - Sync 1 DAGs
[2024-06-14T21:53:31.454+0000] {logging_mixin.py:137} INFO - [2024-06-14T21:53:31.454+0000] {dag.py:3441} INFO - Setting next_dagrun for example_sla_dag to 2024-06-14T21:50:00+00:00, run_after=2024-06-14T21:52:00+00:00
[2024-06-14T21:53:31.469+0000] {processor.py:175} INFO - Processing /home/airflow/.local/lib/python3.7/site-packages/airflow/example_dags/example_sla_dag.py took 0.082 seconds
[2024-06-14T21:54:02.053+0000] {processor.py:153} INFO - Started process (PID=416) to work on /home/airflow/.local/lib/python3.7/site-packages/airflow/example_dags/example_sla_dag.py
[2024-06-14T21:54:02.054+0000] {processor.py:743} INFO - Processing file /home/airflow/.local/lib/python3.7/site-packages/airflow/example_dags/example_sla_dag.py for tasks to queue
[2024-06-14T21:54:02.055+0000] {logging_mixin.py:137} INFO - [2024-06-14T21:54:02.055+0000] {dagbag.py:538} INFO - Filling up the DagBag from /home/airflow/.local/lib/python3.7/site-packages/airflow/example_dags/example_sla_dag.py
[2024-06-14T21:54:02.072+0000] {processor.py:753} INFO - DAG(s) dict_keys(['example_sla_dag']) retrieved from /home/airflow/.local/lib/python3.7/site-packages/airflow/example_dags/example_sla_dag.py
[2024-06-14T21:54:02.097+0000] {logging_mixin.py:137} INFO - [2024-06-14T21:54:02.097+0000] {dag.py:2690} INFO - Sync 1 DAGs
[2024-06-14T21:54:02.118+0000] {logging_mixin.py:137} INFO - [2024-06-14T21:54:02.118+0000] {dag.py:3441} INFO - Setting next_dagrun for example_sla_dag to 2024-06-14T21:52:00+00:00, run_after=2024-06-14T21:54:00+00:00
[2024-06-14T21:54:02.133+0000] {processor.py:175} INFO - Processing /home/airflow/.local/lib/python3.7/site-packages/airflow/example_dags/example_sla_dag.py took 0.082 seconds
[2024-06-14T21:54:32.860+0000] {processor.py:153} INFO - Started process (PID=466) to work on /home/airflow/.local/lib/python3.7/site-packages/airflow/example_dags/example_sla_dag.py
[2024-06-14T21:54:32.861+0000] {processor.py:743} INFO - Processing file /home/airflow/.local/lib/python3.7/site-packages/airflow/example_dags/example_sla_dag.py for tasks to queue
[2024-06-14T21:54:32.862+0000] {logging_mixin.py:137} INFO - [2024-06-14T21:54:32.862+0000] {dagbag.py:538} INFO - Filling up the DagBag from /home/airflow/.local/lib/python3.7/site-packages/airflow/example_dags/example_sla_dag.py
[2024-06-14T21:54:32.884+0000] {processor.py:753} INFO - DAG(s) dict_keys(['example_sla_dag']) retrieved from /home/airflow/.local/lib/python3.7/site-packages/airflow/example_dags/example_sla_dag.py
[2024-06-14T21:54:32.906+0000] {logging_mixin.py:137} INFO - [2024-06-14T21:54:32.906+0000] {dag.py:2690} INFO - Sync 1 DAGs
[2024-06-14T21:54:32.931+0000] {logging_mixin.py:137} INFO - [2024-06-14T21:54:32.931+0000] {dag.py:3441} INFO - Setting next_dagrun for example_sla_dag to 2024-06-14T21:52:00+00:00, run_after=2024-06-14T21:54:00+00:00
[2024-06-14T21:54:32.962+0000] {processor.py:175} INFO - Processing /home/airflow/.local/lib/python3.7/site-packages/airflow/example_dags/example_sla_dag.py took 0.105 seconds
[2024-06-14T21:55:03.502+0000] {processor.py:153} INFO - Started process (PID=517) to work on /home/airflow/.local/lib/python3.7/site-packages/airflow/example_dags/example_sla_dag.py
[2024-06-14T21:55:03.503+0000] {processor.py:743} INFO - Processing file /home/airflow/.local/lib/python3.7/site-packages/airflow/example_dags/example_sla_dag.py for tasks to queue
[2024-06-14T21:55:03.504+0000] {logging_mixin.py:137} INFO - [2024-06-14T21:55:03.504+0000] {dagbag.py:538} INFO - Filling up the DagBag from /home/airflow/.local/lib/python3.7/site-packages/airflow/example_dags/example_sla_dag.py
[2024-06-14T21:55:03.522+0000] {processor.py:753} INFO - DAG(s) dict_keys(['example_sla_dag']) retrieved from /home/airflow/.local/lib/python3.7/site-packages/airflow/example_dags/example_sla_dag.py
[2024-06-14T21:55:03.544+0000] {logging_mixin.py:137} INFO - [2024-06-14T21:55:03.544+0000] {dag.py:2690} INFO - Sync 1 DAGs
[2024-06-14T21:55:03.564+0000] {logging_mixin.py:137} INFO - [2024-06-14T21:55:03.564+0000] {dag.py:3441} INFO - Setting next_dagrun for example_sla_dag to 2024-06-14T21:52:00+00:00, run_after=2024-06-14T21:54:00+00:00
[2024-06-14T21:55:03.577+0000] {processor.py:175} INFO - Processing /home/airflow/.local/lib/python3.7/site-packages/airflow/example_dags/example_sla_dag.py took 0.079 seconds
[2024-06-14T21:55:33.973+0000] {processor.py:153} INFO - Started process (PID=566) to work on /home/airflow/.local/lib/python3.7/site-packages/airflow/example_dags/example_sla_dag.py
[2024-06-14T21:55:33.974+0000] {processor.py:743} INFO - Processing file /home/airflow/.local/lib/python3.7/site-packages/airflow/example_dags/example_sla_dag.py for tasks to queue
[2024-06-14T21:55:33.975+0000] {logging_mixin.py:137} INFO - [2024-06-14T21:55:33.975+0000] {dagbag.py:538} INFO - Filling up the DagBag from /home/airflow/.local/lib/python3.7/site-packages/airflow/example_dags/example_sla_dag.py
[2024-06-14T21:55:34.000+0000] {processor.py:753} INFO - DAG(s) dict_keys(['example_sla_dag']) retrieved from /home/airflow/.local/lib/python3.7/site-packages/airflow/example_dags/example_sla_dag.py
[2024-06-14T21:55:34.037+0000] {logging_mixin.py:137} INFO - [2024-06-14T21:55:34.037+0000] {dag.py:2690} INFO - Sync 1 DAGs
[2024-06-14T21:55:34.058+0000] {logging_mixin.py:137} INFO - [2024-06-14T21:55:34.058+0000] {dag.py:3441} INFO - Setting next_dagrun for example_sla_dag to 2024-06-14T21:52:00+00:00, run_after=2024-06-14T21:54:00+00:00
[2024-06-14T21:55:34.074+0000] {processor.py:175} INFO - Processing /home/airflow/.local/lib/python3.7/site-packages/airflow/example_dags/example_sla_dag.py took 0.110 seconds
[2024-06-14T21:56:04.848+0000] {processor.py:153} INFO - Started process (PID=616) to work on /home/airflow/.local/lib/python3.7/site-packages/airflow/example_dags/example_sla_dag.py
[2024-06-14T21:56:04.849+0000] {processor.py:743} INFO - Processing file /home/airflow/.local/lib/python3.7/site-packages/airflow/example_dags/example_sla_dag.py for tasks to queue
[2024-06-14T21:56:04.850+0000] {logging_mixin.py:137} INFO - [2024-06-14T21:56:04.850+0000] {dagbag.py:538} INFO - Filling up the DagBag from /home/airflow/.local/lib/python3.7/site-packages/airflow/example_dags/example_sla_dag.py
[2024-06-14T21:56:04.867+0000] {processor.py:753} INFO - DAG(s) dict_keys(['example_sla_dag']) retrieved from /home/airflow/.local/lib/python3.7/site-packages/airflow/example_dags/example_sla_dag.py
[2024-06-14T21:56:04.892+0000] {logging_mixin.py:137} INFO - [2024-06-14T21:56:04.892+0000] {dag.py:2690} INFO - Sync 1 DAGs
[2024-06-14T21:56:04.911+0000] {logging_mixin.py:137} INFO - [2024-06-14T21:56:04.911+0000] {dag.py:3441} INFO - Setting next_dagrun for example_sla_dag to 2024-06-14T21:54:00+00:00, run_after=2024-06-14T21:56:00+00:00
[2024-06-14T21:56:04.932+0000] {processor.py:175} INFO - Processing /home/airflow/.local/lib/python3.7/site-packages/airflow/example_dags/example_sla_dag.py took 0.087 seconds
[2024-06-14T21:56:35.652+0000] {processor.py:153} INFO - Started process (PID=666) to work on /home/airflow/.local/lib/python3.7/site-packages/airflow/example_dags/example_sla_dag.py
[2024-06-14T21:56:35.655+0000] {processor.py:743} INFO - Processing file /home/airflow/.local/lib/python3.7/site-packages/airflow/example_dags/example_sla_dag.py for tasks to queue
[2024-06-14T21:56:35.657+0000] {logging_mixin.py:137} INFO - [2024-06-14T21:56:35.657+0000] {dagbag.py:538} INFO - Filling up the DagBag from /home/airflow/.local/lib/python3.7/site-packages/airflow/example_dags/example_sla_dag.py
[2024-06-14T21:56:35.678+0000] {processor.py:753} INFO - DAG(s) dict_keys(['example_sla_dag']) retrieved from /home/airflow/.local/lib/python3.7/site-packages/airflow/example_dags/example_sla_dag.py
[2024-06-14T21:56:35.712+0000] {logging_mixin.py:137} INFO - [2024-06-14T21:56:35.712+0000] {dag.py:2690} INFO - Sync 1 DAGs
[2024-06-14T21:56:35.735+0000] {logging_mixin.py:137} INFO - [2024-06-14T21:56:35.735+0000] {dag.py:3441} INFO - Setting next_dagrun for example_sla_dag to 2024-06-14T21:54:00+00:00, run_after=2024-06-14T21:56:00+00:00
[2024-06-14T21:56:35.748+0000] {processor.py:175} INFO - Processing /home/airflow/.local/lib/python3.7/site-packages/airflow/example_dags/example_sla_dag.py took 0.101 seconds
[2024-06-14T21:57:06.171+0000] {processor.py:153} INFO - Started process (PID=716) to work on /home/airflow/.local/lib/python3.7/site-packages/airflow/example_dags/example_sla_dag.py
[2024-06-14T21:57:06.173+0000] {processor.py:743} INFO - Processing file /home/airflow/.local/lib/python3.7/site-packages/airflow/example_dags/example_sla_dag.py for tasks to queue
[2024-06-14T21:57:06.174+0000] {logging_mixin.py:137} INFO - [2024-06-14T21:57:06.174+0000] {dagbag.py:538} INFO - Filling up the DagBag from /home/airflow/.local/lib/python3.7/site-packages/airflow/example_dags/example_sla_dag.py
[2024-06-14T21:57:06.191+0000] {processor.py:753} INFO - DAG(s) dict_keys(['example_sla_dag']) retrieved from /home/airflow/.local/lib/python3.7/site-packages/airflow/example_dags/example_sla_dag.py
[2024-06-14T21:57:06.213+0000] {logging_mixin.py:137} INFO - [2024-06-14T21:57:06.213+0000] {dag.py:2690} INFO - Sync 1 DAGs
[2024-06-14T21:57:06.231+0000] {logging_mixin.py:137} INFO - [2024-06-14T21:57:06.231+0000] {dag.py:3441} INFO - Setting next_dagrun for example_sla_dag to 2024-06-14T21:54:00+00:00, run_after=2024-06-14T21:56:00+00:00
[2024-06-14T21:57:06.246+0000] {processor.py:175} INFO - Processing /home/airflow/.local/lib/python3.7/site-packages/airflow/example_dags/example_sla_dag.py took 0.077 seconds
[2024-06-14T21:57:36.626+0000] {processor.py:153} INFO - Started process (PID=766) to work on /home/airflow/.local/lib/python3.7/site-packages/airflow/example_dags/example_sla_dag.py
[2024-06-14T21:57:36.627+0000] {processor.py:743} INFO - Processing file /home/airflow/.local/lib/python3.7/site-packages/airflow/example_dags/example_sla_dag.py for tasks to queue
[2024-06-14T21:57:36.628+0000] {logging_mixin.py:137} INFO - [2024-06-14T21:57:36.628+0000] {dagbag.py:538} INFO - Filling up the DagBag from /home/airflow/.local/lib/python3.7/site-packages/airflow/example_dags/example_sla_dag.py
[2024-06-14T21:57:36.645+0000] {processor.py:753} INFO - DAG(s) dict_keys(['example_sla_dag']) retrieved from /home/airflow/.local/lib/python3.7/site-packages/airflow/example_dags/example_sla_dag.py
[2024-06-14T21:57:36.666+0000] {logging_mixin.py:137} INFO - [2024-06-14T21:57:36.666+0000] {dag.py:2690} INFO - Sync 1 DAGs
[2024-06-14T21:57:36.687+0000] {logging_mixin.py:137} INFO - [2024-06-14T21:57:36.687+0000] {dag.py:3441} INFO - Setting next_dagrun for example_sla_dag to 2024-06-14T21:54:00+00:00, run_after=2024-06-14T21:56:00+00:00
[2024-06-14T21:57:36.701+0000] {processor.py:175} INFO - Processing /home/airflow/.local/lib/python3.7/site-packages/airflow/example_dags/example_sla_dag.py took 0.078 seconds
[2024-06-14T21:58:07.235+0000] {processor.py:153} INFO - Started process (PID=816) to work on /home/airflow/.local/lib/python3.7/site-packages/airflow/example_dags/example_sla_dag.py
[2024-06-14T21:58:07.236+0000] {processor.py:743} INFO - Processing file /home/airflow/.local/lib/python3.7/site-packages/airflow/example_dags/example_sla_dag.py for tasks to queue
[2024-06-14T21:58:07.237+0000] {logging_mixin.py:137} INFO - [2024-06-14T21:58:07.237+0000] {dagbag.py:538} INFO - Filling up the DagBag from /home/airflow/.local/lib/python3.7/site-packages/airflow/example_dags/example_sla_dag.py
[2024-06-14T21:58:07.253+0000] {processor.py:753} INFO - DAG(s) dict_keys(['example_sla_dag']) retrieved from /home/airflow/.local/lib/python3.7/site-packages/airflow/example_dags/example_sla_dag.py
[2024-06-14T21:58:07.275+0000] {logging_mixin.py:137} INFO - [2024-06-14T21:58:07.275+0000] {dag.py:2690} INFO - Sync 1 DAGs
[2024-06-14T21:58:07.294+0000] {logging_mixin.py:137} INFO - [2024-06-14T21:58:07.294+0000] {dag.py:3441} INFO - Setting next_dagrun for example_sla_dag to 2024-06-14T21:56:00+00:00, run_after=2024-06-14T21:58:00+00:00
[2024-06-14T21:58:07.305+0000] {processor.py:175} INFO - Processing /home/airflow/.local/lib/python3.7/site-packages/airflow/example_dags/example_sla_dag.py took 0.074 seconds
[2024-06-14T21:58:37.796+0000] {processor.py:153} INFO - Started process (PID=866) to work on /home/airflow/.local/lib/python3.7/site-packages/airflow/example_dags/example_sla_dag.py
[2024-06-14T21:58:37.797+0000] {processor.py:743} INFO - Processing file /home/airflow/.local/lib/python3.7/site-packages/airflow/example_dags/example_sla_dag.py for tasks to queue
[2024-06-14T21:58:37.798+0000] {logging_mixin.py:137} INFO - [2024-06-14T21:58:37.798+0000] {dagbag.py:538} INFO - Filling up the DagBag from /home/airflow/.local/lib/python3.7/site-packages/airflow/example_dags/example_sla_dag.py
[2024-06-14T21:58:37.816+0000] {processor.py:753} INFO - DAG(s) dict_keys(['example_sla_dag']) retrieved from /home/airflow/.local/lib/python3.7/site-packages/airflow/example_dags/example_sla_dag.py
[2024-06-14T21:58:37.837+0000] {logging_mixin.py:137} INFO - [2024-06-14T21:58:37.837+0000] {dag.py:2690} INFO - Sync 1 DAGs
[2024-06-14T21:58:37.855+0000] {logging_mixin.py:137} INFO - [2024-06-14T21:58:37.855+0000] {dag.py:3441} INFO - Setting next_dagrun for example_sla_dag to 2024-06-14T21:56:00+00:00, run_after=2024-06-14T21:58:00+00:00
[2024-06-14T21:58:37.868+0000] {processor.py:175} INFO - Processing /home/airflow/.local/lib/python3.7/site-packages/airflow/example_dags/example_sla_dag.py took 0.075 seconds
[2024-06-14T21:59:08.327+0000] {processor.py:153} INFO - Started process (PID=916) to work on /home/airflow/.local/lib/python3.7/site-packages/airflow/example_dags/example_sla_dag.py
[2024-06-14T21:59:08.328+0000] {processor.py:743} INFO - Processing file /home/airflow/.local/lib/python3.7/site-packages/airflow/example_dags/example_sla_dag.py for tasks to queue
[2024-06-14T21:59:08.329+0000] {logging_mixin.py:137} INFO - [2024-06-14T21:59:08.329+0000] {dagbag.py:538} INFO - Filling up the DagBag from /home/airflow/.local/lib/python3.7/site-packages/airflow/example_dags/example_sla_dag.py
[2024-06-14T21:59:08.346+0000] {processor.py:753} INFO - DAG(s) dict_keys(['example_sla_dag']) retrieved from /home/airflow/.local/lib/python3.7/site-packages/airflow/example_dags/example_sla_dag.py
[2024-06-14T21:59:08.368+0000] {logging_mixin.py:137} INFO - [2024-06-14T21:59:08.368+0000] {dag.py:2690} INFO - Sync 1 DAGs
[2024-06-14T21:59:08.386+0000] {logging_mixin.py:137} INFO - [2024-06-14T21:59:08.386+0000] {dag.py:3441} INFO - Setting next_dagrun for example_sla_dag to 2024-06-14T21:56:00+00:00, run_after=2024-06-14T21:58:00+00:00
[2024-06-14T21:59:08.400+0000] {processor.py:175} INFO - Processing /home/airflow/.local/lib/python3.7/site-packages/airflow/example_dags/example_sla_dag.py took 0.076 seconds
[2024-06-14T21:59:38.875+0000] {processor.py:153} INFO - Started process (PID=966) to work on /home/airflow/.local/lib/python3.7/site-packages/airflow/example_dags/example_sla_dag.py
[2024-06-14T21:59:38.876+0000] {processor.py:743} INFO - Processing file /home/airflow/.local/lib/python3.7/site-packages/airflow/example_dags/example_sla_dag.py for tasks to queue
[2024-06-14T21:59:38.877+0000] {logging_mixin.py:137} INFO - [2024-06-14T21:59:38.877+0000] {dagbag.py:538} INFO - Filling up the DagBag from /home/airflow/.local/lib/python3.7/site-packages/airflow/example_dags/example_sla_dag.py
[2024-06-14T21:59:38.894+0000] {processor.py:753} INFO - DAG(s) dict_keys(['example_sla_dag']) retrieved from /home/airflow/.local/lib/python3.7/site-packages/airflow/example_dags/example_sla_dag.py
[2024-06-14T21:59:38.914+0000] {logging_mixin.py:137} INFO - [2024-06-14T21:59:38.914+0000] {dag.py:2690} INFO - Sync 1 DAGs
[2024-06-14T21:59:38.934+0000] {logging_mixin.py:137} INFO - [2024-06-14T21:59:38.934+0000] {dag.py:3441} INFO - Setting next_dagrun for example_sla_dag to 2024-06-14T21:56:00+00:00, run_after=2024-06-14T21:58:00+00:00
[2024-06-14T21:59:38.947+0000] {processor.py:175} INFO - Processing /home/airflow/.local/lib/python3.7/site-packages/airflow/example_dags/example_sla_dag.py took 0.075 seconds
[2024-06-14T22:00:09.316+0000] {processor.py:153} INFO - Started process (PID=1016) to work on /home/airflow/.local/lib/python3.7/site-packages/airflow/example_dags/example_sla_dag.py
[2024-06-14T22:00:09.317+0000] {processor.py:743} INFO - Processing file /home/airflow/.local/lib/python3.7/site-packages/airflow/example_dags/example_sla_dag.py for tasks to queue
[2024-06-14T22:00:09.318+0000] {logging_mixin.py:137} INFO - [2024-06-14T22:00:09.318+0000] {dagbag.py:538} INFO - Filling up the DagBag from /home/airflow/.local/lib/python3.7/site-packages/airflow/example_dags/example_sla_dag.py
[2024-06-14T22:00:09.335+0000] {processor.py:753} INFO - DAG(s) dict_keys(['example_sla_dag']) retrieved from /home/airflow/.local/lib/python3.7/site-packages/airflow/example_dags/example_sla_dag.py
[2024-06-14T22:00:09.357+0000] {logging_mixin.py:137} INFO - [2024-06-14T22:00:09.356+0000] {dag.py:2690} INFO - Sync 1 DAGs
[2024-06-14T22:00:09.375+0000] {logging_mixin.py:137} INFO - [2024-06-14T22:00:09.375+0000] {dag.py:3441} INFO - Setting next_dagrun for example_sla_dag to 2024-06-14T21:58:00+00:00, run_after=2024-06-14T22:00:00+00:00
[2024-06-14T22:00:09.388+0000] {processor.py:175} INFO - Processing /home/airflow/.local/lib/python3.7/site-packages/airflow/example_dags/example_sla_dag.py took 0.075 seconds
[2024-06-14T22:00:39.861+0000] {processor.py:153} INFO - Started process (PID=1066) to work on /home/airflow/.local/lib/python3.7/site-packages/airflow/example_dags/example_sla_dag.py
[2024-06-14T22:00:39.863+0000] {processor.py:743} INFO - Processing file /home/airflow/.local/lib/python3.7/site-packages/airflow/example_dags/example_sla_dag.py for tasks to queue
[2024-06-14T22:00:39.864+0000] {logging_mixin.py:137} INFO - [2024-06-14T22:00:39.864+0000] {dagbag.py:538} INFO - Filling up the DagBag from /home/airflow/.local/lib/python3.7/site-packages/airflow/example_dags/example_sla_dag.py
[2024-06-14T22:00:39.881+0000] {processor.py:753} INFO - DAG(s) dict_keys(['example_sla_dag']) retrieved from /home/airflow/.local/lib/python3.7/site-packages/airflow/example_dags/example_sla_dag.py
[2024-06-14T22:00:39.902+0000] {logging_mixin.py:137} INFO - [2024-06-14T22:00:39.902+0000] {dag.py:2690} INFO - Sync 1 DAGs
[2024-06-14T22:00:39.921+0000] {logging_mixin.py:137} INFO - [2024-06-14T22:00:39.921+0000] {dag.py:3441} INFO - Setting next_dagrun for example_sla_dag to 2024-06-14T21:58:00+00:00, run_after=2024-06-14T22:00:00+00:00
[2024-06-14T22:00:39.933+0000] {processor.py:175} INFO - Processing /home/airflow/.local/lib/python3.7/site-packages/airflow/example_dags/example_sla_dag.py took 0.075 seconds
[2024-06-14T22:01:10.346+0000] {processor.py:153} INFO - Started process (PID=1115) to work on /home/airflow/.local/lib/python3.7/site-packages/airflow/example_dags/example_sla_dag.py
[2024-06-14T22:01:10.347+0000] {processor.py:743} INFO - Processing file /home/airflow/.local/lib/python3.7/site-packages/airflow/example_dags/example_sla_dag.py for tasks to queue
[2024-06-14T22:01:10.348+0000] {logging_mixin.py:137} INFO - [2024-06-14T22:01:10.348+0000] {dagbag.py:538} INFO - Filling up the DagBag from /home/airflow/.local/lib/python3.7/site-packages/airflow/example_dags/example_sla_dag.py
[2024-06-14T22:01:10.366+0000] {processor.py:753} INFO - DAG(s) dict_keys(['example_sla_dag']) retrieved from /home/airflow/.local/lib/python3.7/site-packages/airflow/example_dags/example_sla_dag.py
[2024-06-14T22:01:10.389+0000] {logging_mixin.py:137} INFO - [2024-06-14T22:01:10.389+0000] {dag.py:2690} INFO - Sync 1 DAGs
[2024-06-14T22:01:10.409+0000] {logging_mixin.py:137} INFO - [2024-06-14T22:01:10.409+0000] {dag.py:3441} INFO - Setting next_dagrun for example_sla_dag to 2024-06-14T21:58:00+00:00, run_after=2024-06-14T22:00:00+00:00
[2024-06-14T22:01:10.422+0000] {processor.py:175} INFO - Processing /home/airflow/.local/lib/python3.7/site-packages/airflow/example_dags/example_sla_dag.py took 0.080 seconds
[2024-06-14T22:01:40.793+0000] {processor.py:153} INFO - Started process (PID=1165) to work on /home/airflow/.local/lib/python3.7/site-packages/airflow/example_dags/example_sla_dag.py
[2024-06-14T22:01:40.795+0000] {processor.py:743} INFO - Processing file /home/airflow/.local/lib/python3.7/site-packages/airflow/example_dags/example_sla_dag.py for tasks to queue
[2024-06-14T22:01:40.796+0000] {logging_mixin.py:137} INFO - [2024-06-14T22:01:40.795+0000] {dagbag.py:538} INFO - Filling up the DagBag from /home/airflow/.local/lib/python3.7/site-packages/airflow/example_dags/example_sla_dag.py
[2024-06-14T22:01:40.813+0000] {processor.py:753} INFO - DAG(s) dict_keys(['example_sla_dag']) retrieved from /home/airflow/.local/lib/python3.7/site-packages/airflow/example_dags/example_sla_dag.py
[2024-06-14T22:01:40.835+0000] {logging_mixin.py:137} INFO - [2024-06-14T22:01:40.835+0000] {dag.py:2690} INFO - Sync 1 DAGs
[2024-06-14T22:01:40.854+0000] {logging_mixin.py:137} INFO - [2024-06-14T22:01:40.854+0000] {dag.py:3441} INFO - Setting next_dagrun for example_sla_dag to 2024-06-14T21:58:00+00:00, run_after=2024-06-14T22:00:00+00:00
[2024-06-14T22:01:40.866+0000] {processor.py:175} INFO - Processing /home/airflow/.local/lib/python3.7/site-packages/airflow/example_dags/example_sla_dag.py took 0.076 seconds
[2024-06-14T22:02:11.327+0000] {processor.py:153} INFO - Started process (PID=1215) to work on /home/airflow/.local/lib/python3.7/site-packages/airflow/example_dags/example_sla_dag.py
[2024-06-14T22:02:11.329+0000] {processor.py:743} INFO - Processing file /home/airflow/.local/lib/python3.7/site-packages/airflow/example_dags/example_sla_dag.py for tasks to queue
[2024-06-14T22:02:11.329+0000] {logging_mixin.py:137} INFO - [2024-06-14T22:02:11.329+0000] {dagbag.py:538} INFO - Filling up the DagBag from /home/airflow/.local/lib/python3.7/site-packages/airflow/example_dags/example_sla_dag.py
[2024-06-14T22:02:11.346+0000] {processor.py:753} INFO - DAG(s) dict_keys(['example_sla_dag']) retrieved from /home/airflow/.local/lib/python3.7/site-packages/airflow/example_dags/example_sla_dag.py
[2024-06-14T22:02:11.367+0000] {logging_mixin.py:137} INFO - [2024-06-14T22:02:11.367+0000] {dag.py:2690} INFO - Sync 1 DAGs
[2024-06-14T22:02:11.387+0000] {logging_mixin.py:137} INFO - [2024-06-14T22:02:11.387+0000] {dag.py:3441} INFO - Setting next_dagrun for example_sla_dag to 2024-06-14T22:00:00+00:00, run_after=2024-06-14T22:02:00+00:00
[2024-06-14T22:02:11.401+0000] {processor.py:175} INFO - Processing /home/airflow/.local/lib/python3.7/site-packages/airflow/example_dags/example_sla_dag.py took 0.077 seconds
[2024-06-14T22:02:42.057+0000] {processor.py:153} INFO - Started process (PID=1265) to work on /home/airflow/.local/lib/python3.7/site-packages/airflow/example_dags/example_sla_dag.py
[2024-06-14T22:02:42.058+0000] {processor.py:743} INFO - Processing file /home/airflow/.local/lib/python3.7/site-packages/airflow/example_dags/example_sla_dag.py for tasks to queue
[2024-06-14T22:02:42.059+0000] {logging_mixin.py:137} INFO - [2024-06-14T22:02:42.059+0000] {dagbag.py:538} INFO - Filling up the DagBag from /home/airflow/.local/lib/python3.7/site-packages/airflow/example_dags/example_sla_dag.py
[2024-06-14T22:02:42.076+0000] {processor.py:753} INFO - DAG(s) dict_keys(['example_sla_dag']) retrieved from /home/airflow/.local/lib/python3.7/site-packages/airflow/example_dags/example_sla_dag.py
[2024-06-14T22:02:42.098+0000] {logging_mixin.py:137} INFO - [2024-06-14T22:02:42.098+0000] {dag.py:2690} INFO - Sync 1 DAGs
[2024-06-14T22:02:42.117+0000] {logging_mixin.py:137} INFO - [2024-06-14T22:02:42.117+0000] {dag.py:3441} INFO - Setting next_dagrun for example_sla_dag to 2024-06-14T22:00:00+00:00, run_after=2024-06-14T22:02:00+00:00
[2024-06-14T22:02:42.128+0000] {processor.py:175} INFO - Processing /home/airflow/.local/lib/python3.7/site-packages/airflow/example_dags/example_sla_dag.py took 0.074 seconds
[2024-06-14T22:03:12.578+0000] {processor.py:153} INFO - Started process (PID=1315) to work on /home/airflow/.local/lib/python3.7/site-packages/airflow/example_dags/example_sla_dag.py
[2024-06-14T22:03:12.579+0000] {processor.py:743} INFO - Processing file /home/airflow/.local/lib/python3.7/site-packages/airflow/example_dags/example_sla_dag.py for tasks to queue
[2024-06-14T22:03:12.580+0000] {logging_mixin.py:137} INFO - [2024-06-14T22:03:12.580+0000] {dagbag.py:538} INFO - Filling up the DagBag from /home/airflow/.local/lib/python3.7/site-packages/airflow/example_dags/example_sla_dag.py
[2024-06-14T22:03:12.598+0000] {processor.py:753} INFO - DAG(s) dict_keys(['example_sla_dag']) retrieved from /home/airflow/.local/lib/python3.7/site-packages/airflow/example_dags/example_sla_dag.py
[2024-06-14T22:03:12.620+0000] {logging_mixin.py:137} INFO - [2024-06-14T22:03:12.620+0000] {dag.py:2690} INFO - Sync 1 DAGs
[2024-06-14T22:03:12.639+0000] {logging_mixin.py:137} INFO - [2024-06-14T22:03:12.639+0000] {dag.py:3441} INFO - Setting next_dagrun for example_sla_dag to 2024-06-14T22:00:00+00:00, run_after=2024-06-14T22:02:00+00:00
[2024-06-14T22:03:12.652+0000] {processor.py:175} INFO - Processing /home/airflow/.local/lib/python3.7/site-packages/airflow/example_dags/example_sla_dag.py took 0.077 seconds
[2024-06-14T22:03:43.034+0000] {processor.py:153} INFO - Started process (PID=1365) to work on /home/airflow/.local/lib/python3.7/site-packages/airflow/example_dags/example_sla_dag.py
[2024-06-14T22:03:43.035+0000] {processor.py:743} INFO - Processing file /home/airflow/.local/lib/python3.7/site-packages/airflow/example_dags/example_sla_dag.py for tasks to queue
[2024-06-14T22:03:43.036+0000] {logging_mixin.py:137} INFO - [2024-06-14T22:03:43.036+0000] {dagbag.py:538} INFO - Filling up the DagBag from /home/airflow/.local/lib/python3.7/site-packages/airflow/example_dags/example_sla_dag.py
[2024-06-14T22:03:43.052+0000] {processor.py:753} INFO - DAG(s) dict_keys(['example_sla_dag']) retrieved from /home/airflow/.local/lib/python3.7/site-packages/airflow/example_dags/example_sla_dag.py
[2024-06-14T22:03:43.076+0000] {logging_mixin.py:137} INFO - [2024-06-14T22:03:43.076+0000] {dag.py:2690} INFO - Sync 1 DAGs
[2024-06-14T22:03:43.095+0000] {logging_mixin.py:137} INFO - [2024-06-14T22:03:43.095+0000] {dag.py:3441} INFO - Setting next_dagrun for example_sla_dag to 2024-06-14T22:00:00+00:00, run_after=2024-06-14T22:02:00+00:00
[2024-06-14T22:03:43.108+0000] {processor.py:175} INFO - Processing /home/airflow/.local/lib/python3.7/site-packages/airflow/example_dags/example_sla_dag.py took 0.077 seconds
[2024-06-14T22:04:13.463+0000] {processor.py:153} INFO - Started process (PID=1415) to work on /home/airflow/.local/lib/python3.7/site-packages/airflow/example_dags/example_sla_dag.py
[2024-06-14T22:04:13.464+0000] {processor.py:743} INFO - Processing file /home/airflow/.local/lib/python3.7/site-packages/airflow/example_dags/example_sla_dag.py for tasks to queue
[2024-06-14T22:04:13.465+0000] {logging_mixin.py:137} INFO - [2024-06-14T22:04:13.465+0000] {dagbag.py:538} INFO - Filling up the DagBag from /home/airflow/.local/lib/python3.7/site-packages/airflow/example_dags/example_sla_dag.py
[2024-06-14T22:04:13.482+0000] {processor.py:753} INFO - DAG(s) dict_keys(['example_sla_dag']) retrieved from /home/airflow/.local/lib/python3.7/site-packages/airflow/example_dags/example_sla_dag.py
[2024-06-14T22:04:13.505+0000] {logging_mixin.py:137} INFO - [2024-06-14T22:04:13.505+0000] {dag.py:2690} INFO - Sync 1 DAGs
[2024-06-14T22:04:13.525+0000] {logging_mixin.py:137} INFO - [2024-06-14T22:04:13.525+0000] {dag.py:3441} INFO - Setting next_dagrun for example_sla_dag to 2024-06-14T22:02:00+00:00, run_after=2024-06-14T22:04:00+00:00
[2024-06-14T22:04:13.538+0000] {processor.py:175} INFO - Processing /home/airflow/.local/lib/python3.7/site-packages/airflow/example_dags/example_sla_dag.py took 0.079 seconds
[2024-06-14T22:04:44.205+0000] {processor.py:153} INFO - Started process (PID=1464) to work on /home/airflow/.local/lib/python3.7/site-packages/airflow/example_dags/example_sla_dag.py
[2024-06-14T22:04:44.207+0000] {processor.py:743} INFO - Processing file /home/airflow/.local/lib/python3.7/site-packages/airflow/example_dags/example_sla_dag.py for tasks to queue
[2024-06-14T22:04:44.207+0000] {logging_mixin.py:137} INFO - [2024-06-14T22:04:44.207+0000] {dagbag.py:538} INFO - Filling up the DagBag from /home/airflow/.local/lib/python3.7/site-packages/airflow/example_dags/example_sla_dag.py
[2024-06-14T22:04:44.224+0000] {processor.py:753} INFO - DAG(s) dict_keys(['example_sla_dag']) retrieved from /home/airflow/.local/lib/python3.7/site-packages/airflow/example_dags/example_sla_dag.py
[2024-06-14T22:04:44.246+0000] {logging_mixin.py:137} INFO - [2024-06-14T22:04:44.246+0000] {dag.py:2690} INFO - Sync 1 DAGs
[2024-06-14T22:04:44.264+0000] {logging_mixin.py:137} INFO - [2024-06-14T22:04:44.264+0000] {dag.py:3441} INFO - Setting next_dagrun for example_sla_dag to 2024-06-14T22:02:00+00:00, run_after=2024-06-14T22:04:00+00:00
[2024-06-14T22:04:44.276+0000] {processor.py:175} INFO - Processing /home/airflow/.local/lib/python3.7/site-packages/airflow/example_dags/example_sla_dag.py took 0.075 seconds
[2024-06-14T22:05:14.722+0000] {processor.py:153} INFO - Started process (PID=1513) to work on /home/airflow/.local/lib/python3.7/site-packages/airflow/example_dags/example_sla_dag.py
[2024-06-14T22:05:14.723+0000] {processor.py:743} INFO - Processing file /home/airflow/.local/lib/python3.7/site-packages/airflow/example_dags/example_sla_dag.py for tasks to queue
[2024-06-14T22:05:14.724+0000] {logging_mixin.py:137} INFO - [2024-06-14T22:05:14.723+0000] {dagbag.py:538} INFO - Filling up the DagBag from /home/airflow/.local/lib/python3.7/site-packages/airflow/example_dags/example_sla_dag.py
[2024-06-14T22:05:14.740+0000] {processor.py:753} INFO - DAG(s) dict_keys(['example_sla_dag']) retrieved from /home/airflow/.local/lib/python3.7/site-packages/airflow/example_dags/example_sla_dag.py
[2024-06-14T22:05:14.762+0000] {logging_mixin.py:137} INFO - [2024-06-14T22:05:14.762+0000] {dag.py:2690} INFO - Sync 1 DAGs
[2024-06-14T22:05:14.782+0000] {logging_mixin.py:137} INFO - [2024-06-14T22:05:14.782+0000] {dag.py:3441} INFO - Setting next_dagrun for example_sla_dag to 2024-06-14T22:02:00+00:00, run_after=2024-06-14T22:04:00+00:00
[2024-06-14T22:05:14.795+0000] {processor.py:175} INFO - Processing /home/airflow/.local/lib/python3.7/site-packages/airflow/example_dags/example_sla_dag.py took 0.076 seconds
[2024-06-14T22:05:45.353+0000] {processor.py:153} INFO - Started process (PID=1563) to work on /home/airflow/.local/lib/python3.7/site-packages/airflow/example_dags/example_sla_dag.py
[2024-06-14T22:05:45.354+0000] {processor.py:743} INFO - Processing file /home/airflow/.local/lib/python3.7/site-packages/airflow/example_dags/example_sla_dag.py for tasks to queue
[2024-06-14T22:05:45.355+0000] {logging_mixin.py:137} INFO - [2024-06-14T22:05:45.355+0000] {dagbag.py:538} INFO - Filling up the DagBag from /home/airflow/.local/lib/python3.7/site-packages/airflow/example_dags/example_sla_dag.py
[2024-06-14T22:05:45.373+0000] {processor.py:753} INFO - DAG(s) dict_keys(['example_sla_dag']) retrieved from /home/airflow/.local/lib/python3.7/site-packages/airflow/example_dags/example_sla_dag.py
[2024-06-14T22:05:45.395+0000] {logging_mixin.py:137} INFO - [2024-06-14T22:05:45.395+0000] {dag.py:2690} INFO - Sync 1 DAGs
[2024-06-14T22:05:45.414+0000] {logging_mixin.py:137} INFO - [2024-06-14T22:05:45.414+0000] {dag.py:3441} INFO - Setting next_dagrun for example_sla_dag to 2024-06-14T22:02:00+00:00, run_after=2024-06-14T22:04:00+00:00
[2024-06-14T22:05:45.427+0000] {processor.py:175} INFO - Processing /home/airflow/.local/lib/python3.7/site-packages/airflow/example_dags/example_sla_dag.py took 0.078 seconds
[2024-06-14T22:06:16.011+0000] {processor.py:153} INFO - Started process (PID=1613) to work on /home/airflow/.local/lib/python3.7/site-packages/airflow/example_dags/example_sla_dag.py
[2024-06-14T22:06:16.012+0000] {processor.py:743} INFO - Processing file /home/airflow/.local/lib/python3.7/site-packages/airflow/example_dags/example_sla_dag.py for tasks to queue
[2024-06-14T22:06:16.017+0000] {logging_mixin.py:137} INFO - [2024-06-14T22:06:16.016+0000] {dagbag.py:538} INFO - Filling up the DagBag from /home/airflow/.local/lib/python3.7/site-packages/airflow/example_dags/example_sla_dag.py
[2024-06-14T22:06:16.034+0000] {processor.py:753} INFO - DAG(s) dict_keys(['example_sla_dag']) retrieved from /home/airflow/.local/lib/python3.7/site-packages/airflow/example_dags/example_sla_dag.py
[2024-06-14T22:06:16.059+0000] {logging_mixin.py:137} INFO - [2024-06-14T22:06:16.059+0000] {dag.py:2690} INFO - Sync 1 DAGs
[2024-06-14T22:06:16.080+0000] {logging_mixin.py:137} INFO - [2024-06-14T22:06:16.080+0000] {dag.py:3441} INFO - Setting next_dagrun for example_sla_dag to 2024-06-14T22:04:00+00:00, run_after=2024-06-14T22:06:00+00:00
[2024-06-14T22:06:16.095+0000] {processor.py:175} INFO - Processing /home/airflow/.local/lib/python3.7/site-packages/airflow/example_dags/example_sla_dag.py took 0.087 seconds
[2024-06-14T22:06:46.518+0000] {processor.py:153} INFO - Started process (PID=1663) to work on /home/airflow/.local/lib/python3.7/site-packages/airflow/example_dags/example_sla_dag.py
[2024-06-14T22:06:46.519+0000] {processor.py:743} INFO - Processing file /home/airflow/.local/lib/python3.7/site-packages/airflow/example_dags/example_sla_dag.py for tasks to queue
[2024-06-14T22:06:46.520+0000] {logging_mixin.py:137} INFO - [2024-06-14T22:06:46.520+0000] {dagbag.py:538} INFO - Filling up the DagBag from /home/airflow/.local/lib/python3.7/site-packages/airflow/example_dags/example_sla_dag.py
[2024-06-14T22:06:46.536+0000] {processor.py:753} INFO - DAG(s) dict_keys(['example_sla_dag']) retrieved from /home/airflow/.local/lib/python3.7/site-packages/airflow/example_dags/example_sla_dag.py
[2024-06-14T22:06:46.560+0000] {logging_mixin.py:137} INFO - [2024-06-14T22:06:46.560+0000] {dag.py:2690} INFO - Sync 1 DAGs
[2024-06-14T22:06:46.579+0000] {logging_mixin.py:137} INFO - [2024-06-14T22:06:46.579+0000] {dag.py:3441} INFO - Setting next_dagrun for example_sla_dag to 2024-06-14T22:04:00+00:00, run_after=2024-06-14T22:06:00+00:00
[2024-06-14T22:06:46.591+0000] {processor.py:175} INFO - Processing /home/airflow/.local/lib/python3.7/site-packages/airflow/example_dags/example_sla_dag.py took 0.077 seconds
[2024-06-14T22:07:16.994+0000] {processor.py:153} INFO - Started process (PID=1713) to work on /home/airflow/.local/lib/python3.7/site-packages/airflow/example_dags/example_sla_dag.py
[2024-06-14T22:07:16.995+0000] {processor.py:743} INFO - Processing file /home/airflow/.local/lib/python3.7/site-packages/airflow/example_dags/example_sla_dag.py for tasks to queue
[2024-06-14T22:07:16.996+0000] {logging_mixin.py:137} INFO - [2024-06-14T22:07:16.996+0000] {dagbag.py:538} INFO - Filling up the DagBag from /home/airflow/.local/lib/python3.7/site-packages/airflow/example_dags/example_sla_dag.py
[2024-06-14T22:07:17.015+0000] {processor.py:753} INFO - DAG(s) dict_keys(['example_sla_dag']) retrieved from /home/airflow/.local/lib/python3.7/site-packages/airflow/example_dags/example_sla_dag.py
[2024-06-14T22:07:17.038+0000] {logging_mixin.py:137} INFO - [2024-06-14T22:07:17.038+0000] {dag.py:2690} INFO - Sync 1 DAGs
[2024-06-14T22:07:17.059+0000] {logging_mixin.py:137} INFO - [2024-06-14T22:07:17.059+0000] {dag.py:3441} INFO - Setting next_dagrun for example_sla_dag to 2024-06-14T22:04:00+00:00, run_after=2024-06-14T22:06:00+00:00
[2024-06-14T22:07:17.072+0000] {processor.py:175} INFO - Processing /home/airflow/.local/lib/python3.7/site-packages/airflow/example_dags/example_sla_dag.py took 0.081 seconds
[2024-06-14T22:07:47.594+0000] {processor.py:153} INFO - Started process (PID=1763) to work on /home/airflow/.local/lib/python3.7/site-packages/airflow/example_dags/example_sla_dag.py
[2024-06-14T22:07:47.595+0000] {processor.py:743} INFO - Processing file /home/airflow/.local/lib/python3.7/site-packages/airflow/example_dags/example_sla_dag.py for tasks to queue
[2024-06-14T22:07:47.597+0000] {logging_mixin.py:137} INFO - [2024-06-14T22:07:47.596+0000] {dagbag.py:538} INFO - Filling up the DagBag from /home/airflow/.local/lib/python3.7/site-packages/airflow/example_dags/example_sla_dag.py
[2024-06-14T22:07:47.616+0000] {processor.py:753} INFO - DAG(s) dict_keys(['example_sla_dag']) retrieved from /home/airflow/.local/lib/python3.7/site-packages/airflow/example_dags/example_sla_dag.py
[2024-06-14T22:07:47.639+0000] {logging_mixin.py:137} INFO - [2024-06-14T22:07:47.639+0000] {dag.py:2690} INFO - Sync 1 DAGs
[2024-06-14T22:07:47.659+0000] {logging_mixin.py:137} INFO - [2024-06-14T22:07:47.659+0000] {dag.py:3441} INFO - Setting next_dagrun for example_sla_dag to 2024-06-14T22:04:00+00:00, run_after=2024-06-14T22:06:00+00:00
[2024-06-14T22:07:47.674+0000] {processor.py:175} INFO - Processing /home/airflow/.local/lib/python3.7/site-packages/airflow/example_dags/example_sla_dag.py took 0.083 seconds
[2024-06-14T22:08:18.194+0000] {processor.py:153} INFO - Started process (PID=1813) to work on /home/airflow/.local/lib/python3.7/site-packages/airflow/example_dags/example_sla_dag.py
[2024-06-14T22:08:18.195+0000] {processor.py:743} INFO - Processing file /home/airflow/.local/lib/python3.7/site-packages/airflow/example_dags/example_sla_dag.py for tasks to queue
[2024-06-14T22:08:18.196+0000] {logging_mixin.py:137} INFO - [2024-06-14T22:08:18.196+0000] {dagbag.py:538} INFO - Filling up the DagBag from /home/airflow/.local/lib/python3.7/site-packages/airflow/example_dags/example_sla_dag.py
[2024-06-14T22:08:18.212+0000] {processor.py:753} INFO - DAG(s) dict_keys(['example_sla_dag']) retrieved from /home/airflow/.local/lib/python3.7/site-packages/airflow/example_dags/example_sla_dag.py
[2024-06-14T22:08:18.234+0000] {logging_mixin.py:137} INFO - [2024-06-14T22:08:18.234+0000] {dag.py:2690} INFO - Sync 1 DAGs
[2024-06-14T22:08:18.253+0000] {logging_mixin.py:137} INFO - [2024-06-14T22:08:18.253+0000] {dag.py:3441} INFO - Setting next_dagrun for example_sla_dag to 2024-06-14T22:06:00+00:00, run_after=2024-06-14T22:08:00+00:00
[2024-06-14T22:08:18.264+0000] {processor.py:175} INFO - Processing /home/airflow/.local/lib/python3.7/site-packages/airflow/example_dags/example_sla_dag.py took 0.074 seconds
[2024-06-14T22:08:48.838+0000] {processor.py:153} INFO - Started process (PID=1863) to work on /home/airflow/.local/lib/python3.7/site-packages/airflow/example_dags/example_sla_dag.py
[2024-06-14T22:08:48.839+0000] {processor.py:743} INFO - Processing file /home/airflow/.local/lib/python3.7/site-packages/airflow/example_dags/example_sla_dag.py for tasks to queue
[2024-06-14T22:08:48.840+0000] {logging_mixin.py:137} INFO - [2024-06-14T22:08:48.840+0000] {dagbag.py:538} INFO - Filling up the DagBag from /home/airflow/.local/lib/python3.7/site-packages/airflow/example_dags/example_sla_dag.py
[2024-06-14T22:08:48.857+0000] {processor.py:753} INFO - DAG(s) dict_keys(['example_sla_dag']) retrieved from /home/airflow/.local/lib/python3.7/site-packages/airflow/example_dags/example_sla_dag.py
[2024-06-14T22:08:48.879+0000] {logging_mixin.py:137} INFO - [2024-06-14T22:08:48.879+0000] {dag.py:2690} INFO - Sync 1 DAGs
[2024-06-14T22:08:48.899+0000] {logging_mixin.py:137} INFO - [2024-06-14T22:08:48.899+0000] {dag.py:3441} INFO - Setting next_dagrun for example_sla_dag to 2024-06-14T22:06:00+00:00, run_after=2024-06-14T22:08:00+00:00
[2024-06-14T22:08:48.911+0000] {processor.py:175} INFO - Processing /home/airflow/.local/lib/python3.7/site-packages/airflow/example_dags/example_sla_dag.py took 0.076 seconds
[2024-06-14T22:09:19.405+0000] {processor.py:153} INFO - Started process (PID=1913) to work on /home/airflow/.local/lib/python3.7/site-packages/airflow/example_dags/example_sla_dag.py
[2024-06-14T22:09:19.406+0000] {processor.py:743} INFO - Processing file /home/airflow/.local/lib/python3.7/site-packages/airflow/example_dags/example_sla_dag.py for tasks to queue
[2024-06-14T22:09:19.407+0000] {logging_mixin.py:137} INFO - [2024-06-14T22:09:19.407+0000] {dagbag.py:538} INFO - Filling up the DagBag from /home/airflow/.local/lib/python3.7/site-packages/airflow/example_dags/example_sla_dag.py
[2024-06-14T22:09:19.425+0000] {processor.py:753} INFO - DAG(s) dict_keys(['example_sla_dag']) retrieved from /home/airflow/.local/lib/python3.7/site-packages/airflow/example_dags/example_sla_dag.py
[2024-06-14T22:09:19.447+0000] {logging_mixin.py:137} INFO - [2024-06-14T22:09:19.447+0000] {dag.py:2690} INFO - Sync 1 DAGs
[2024-06-14T22:09:19.466+0000] {logging_mixin.py:137} INFO - [2024-06-14T22:09:19.466+0000] {dag.py:3441} INFO - Setting next_dagrun for example_sla_dag to 2024-06-14T22:06:00+00:00, run_after=2024-06-14T22:08:00+00:00
[2024-06-14T22:09:19.478+0000] {processor.py:175} INFO - Processing /home/airflow/.local/lib/python3.7/site-packages/airflow/example_dags/example_sla_dag.py took 0.077 seconds
[2024-06-14T22:09:49.846+0000] {processor.py:153} INFO - Started process (PID=1963) to work on /home/airflow/.local/lib/python3.7/site-packages/airflow/example_dags/example_sla_dag.py
[2024-06-14T22:09:49.847+0000] {processor.py:743} INFO - Processing file /home/airflow/.local/lib/python3.7/site-packages/airflow/example_dags/example_sla_dag.py for tasks to queue
[2024-06-14T22:09:49.848+0000] {logging_mixin.py:137} INFO - [2024-06-14T22:09:49.848+0000] {dagbag.py:538} INFO - Filling up the DagBag from /home/airflow/.local/lib/python3.7/site-packages/airflow/example_dags/example_sla_dag.py
[2024-06-14T22:09:49.865+0000] {processor.py:753} INFO - DAG(s) dict_keys(['example_sla_dag']) retrieved from /home/airflow/.local/lib/python3.7/site-packages/airflow/example_dags/example_sla_dag.py
[2024-06-14T22:09:49.886+0000] {logging_mixin.py:137} INFO - [2024-06-14T22:09:49.886+0000] {dag.py:2690} INFO - Sync 1 DAGs
[2024-06-14T22:09:49.904+0000] {logging_mixin.py:137} INFO - [2024-06-14T22:09:49.904+0000] {dag.py:3441} INFO - Setting next_dagrun for example_sla_dag to 2024-06-14T22:06:00+00:00, run_after=2024-06-14T22:08:00+00:00
[2024-06-14T22:09:49.917+0000] {processor.py:175} INFO - Processing /home/airflow/.local/lib/python3.7/site-packages/airflow/example_dags/example_sla_dag.py took 0.074 seconds
[2024-06-14T22:10:20.327+0000] {processor.py:153} INFO - Started process (PID=2013) to work on /home/airflow/.local/lib/python3.7/site-packages/airflow/example_dags/example_sla_dag.py
[2024-06-14T22:10:20.329+0000] {processor.py:743} INFO - Processing file /home/airflow/.local/lib/python3.7/site-packages/airflow/example_dags/example_sla_dag.py for tasks to queue
[2024-06-14T22:10:20.330+0000] {logging_mixin.py:137} INFO - [2024-06-14T22:10:20.329+0000] {dagbag.py:538} INFO - Filling up the DagBag from /home/airflow/.local/lib/python3.7/site-packages/airflow/example_dags/example_sla_dag.py
[2024-06-14T22:10:20.347+0000] {processor.py:753} INFO - DAG(s) dict_keys(['example_sla_dag']) retrieved from /home/airflow/.local/lib/python3.7/site-packages/airflow/example_dags/example_sla_dag.py
[2024-06-14T22:10:20.369+0000] {logging_mixin.py:137} INFO - [2024-06-14T22:10:20.369+0000] {dag.py:2690} INFO - Sync 1 DAGs
[2024-06-14T22:10:20.390+0000] {logging_mixin.py:137} INFO - [2024-06-14T22:10:20.390+0000] {dag.py:3441} INFO - Setting next_dagrun for example_sla_dag to 2024-06-14T22:08:00+00:00, run_after=2024-06-14T22:10:00+00:00
[2024-06-14T22:10:20.404+0000] {processor.py:175} INFO - Processing /home/airflow/.local/lib/python3.7/site-packages/airflow/example_dags/example_sla_dag.py took 0.080 seconds
[2024-06-14T22:58:49.977+0000] {processor.py:153} INFO - Started process (PID=2063) to work on /home/airflow/.local/lib/python3.7/site-packages/airflow/example_dags/example_sla_dag.py
[2024-06-14T22:58:49.978+0000] {processor.py:743} INFO - Processing file /home/airflow/.local/lib/python3.7/site-packages/airflow/example_dags/example_sla_dag.py for tasks to queue
[2024-06-14T22:58:49.979+0000] {logging_mixin.py:137} INFO - [2024-06-14T22:58:49.979+0000] {dagbag.py:538} INFO - Filling up the DagBag from /home/airflow/.local/lib/python3.7/site-packages/airflow/example_dags/example_sla_dag.py
[2024-06-14T22:58:50.002+0000] {processor.py:753} INFO - DAG(s) dict_keys(['example_sla_dag']) retrieved from /home/airflow/.local/lib/python3.7/site-packages/airflow/example_dags/example_sla_dag.py
[2024-06-14T22:58:50.028+0000] {logging_mixin.py:137} INFO - [2024-06-14T22:58:50.028+0000] {dag.py:2690} INFO - Sync 1 DAGs
[2024-06-14T22:58:50.048+0000] {logging_mixin.py:137} INFO - [2024-06-14T22:58:50.048+0000] {dag.py:3441} INFO - Setting next_dagrun for example_sla_dag to 2024-06-14T22:56:00+00:00, run_after=2024-06-14T22:58:00+00:00
[2024-06-14T22:58:50.061+0000] {processor.py:175} INFO - Processing /home/airflow/.local/lib/python3.7/site-packages/airflow/example_dags/example_sla_dag.py took 0.091 seconds
[2024-06-14T23:14:36.499+0000] {processor.py:153} INFO - Started process (PID=2120) to work on /home/airflow/.local/lib/python3.7/site-packages/airflow/example_dags/example_sla_dag.py
[2024-06-14T23:14:36.525+0000] {processor.py:743} INFO - Processing file /home/airflow/.local/lib/python3.7/site-packages/airflow/example_dags/example_sla_dag.py for tasks to queue
[2024-06-14T23:14:36.532+0000] {logging_mixin.py:137} INFO - [2024-06-14T23:14:36.532+0000] {dagbag.py:538} INFO - Filling up the DagBag from /home/airflow/.local/lib/python3.7/site-packages/airflow/example_dags/example_sla_dag.py
[2024-06-14T23:14:36.629+0000] {processor.py:753} INFO - DAG(s) dict_keys(['example_sla_dag']) retrieved from /home/airflow/.local/lib/python3.7/site-packages/airflow/example_dags/example_sla_dag.py
[2024-06-14T23:14:36.792+0000] {logging_mixin.py:137} INFO - [2024-06-14T23:14:36.790+0000] {dag.py:2690} INFO - Sync 1 DAGs
[2024-06-14T23:14:36.897+0000] {logging_mixin.py:137} INFO - [2024-06-14T23:14:36.896+0000] {dag.py:3441} INFO - Setting next_dagrun for example_sla_dag to 2024-06-14T23:12:00+00:00, run_after=2024-06-14T23:14:00+00:00
[2024-06-14T23:14:36.996+0000] {processor.py:175} INFO - Processing /home/airflow/.local/lib/python3.7/site-packages/airflow/example_dags/example_sla_dag.py took 0.514 seconds
