[2024-06-14T21:50:26.176+0000] {processor.py:153} INFO - Started process (PID=47) to work on /home/airflow/.local/lib/python3.7/site-packages/airflow/example_dags/example_dag_decorator.py
[2024-06-14T21:50:26.178+0000] {processor.py:743} INFO - Processing file /home/airflow/.local/lib/python3.7/site-packages/airflow/example_dags/example_dag_decorator.py for tasks to queue
[2024-06-14T21:50:26.180+0000] {logging_mixin.py:137} INFO - [2024-06-14T21:50:26.180+0000] {dagbag.py:538} INFO - Filling up the DagBag from /home/airflow/.local/lib/python3.7/site-packages/airflow/example_dags/example_dag_decorator.py
[2024-06-14T21:50:26.216+0000] {logging_mixin.py:137} INFO - [2024-06-14T21:50:26.216+0000] {taskmixin.py:205} WARNING - Dependency <Task(_PythonDecoratedOperator): prepare_email>, send_email already registered for DAG: example_dag_decorator
[2024-06-14T21:50:26.217+0000] {logging_mixin.py:137} INFO - [2024-06-14T21:50:26.217+0000] {taskmixin.py:205} WARNING - Dependency <Task(EmailOperator): send_email>, prepare_email already registered for DAG: example_dag_decorator
[2024-06-14T21:50:26.237+0000] {processor.py:753} INFO - DAG(s) dict_keys(['example_dag_decorator']) retrieved from /home/airflow/.local/lib/python3.7/site-packages/airflow/example_dags/example_dag_decorator.py
[2024-06-14T21:50:26.295+0000] {logging_mixin.py:137} INFO - [2024-06-14T21:50:26.294+0000] {dag.py:2690} INFO - Sync 1 DAGs
[2024-06-14T21:50:26.317+0000] {logging_mixin.py:137} INFO - [2024-06-14T21:50:26.317+0000] {dag.py:3441} INFO - Setting next_dagrun for example_dag_decorator to None, run_after=None
[2024-06-14T21:50:26.336+0000] {processor.py:175} INFO - Processing /home/airflow/.local/lib/python3.7/site-packages/airflow/example_dags/example_dag_decorator.py took 0.165 seconds
[2024-06-14T21:50:56.375+0000] {processor.py:153} INFO - Started process (PID=97) to work on /home/airflow/.local/lib/python3.7/site-packages/airflow/example_dags/example_dag_decorator.py
[2024-06-14T21:50:56.376+0000] {processor.py:743} INFO - Processing file /home/airflow/.local/lib/python3.7/site-packages/airflow/example_dags/example_dag_decorator.py for tasks to queue
[2024-06-14T21:50:56.377+0000] {logging_mixin.py:137} INFO - [2024-06-14T21:50:56.377+0000] {dagbag.py:538} INFO - Filling up the DagBag from /home/airflow/.local/lib/python3.7/site-packages/airflow/example_dags/example_dag_decorator.py
[2024-06-14T21:50:56.391+0000] {logging_mixin.py:137} INFO - [2024-06-14T21:50:56.391+0000] {taskmixin.py:205} WARNING - Dependency <Task(_PythonDecoratedOperator): prepare_email>, send_email already registered for DAG: example_dag_decorator
[2024-06-14T21:50:56.392+0000] {logging_mixin.py:137} INFO - [2024-06-14T21:50:56.392+0000] {taskmixin.py:205} WARNING - Dependency <Task(EmailOperator): send_email>, prepare_email already registered for DAG: example_dag_decorator
[2024-06-14T21:50:56.402+0000] {processor.py:753} INFO - DAG(s) dict_keys(['example_dag_decorator']) retrieved from /home/airflow/.local/lib/python3.7/site-packages/airflow/example_dags/example_dag_decorator.py
[2024-06-14T21:50:56.451+0000] {logging_mixin.py:137} INFO - [2024-06-14T21:50:56.451+0000] {dag.py:2690} INFO - Sync 1 DAGs
[2024-06-14T21:50:56.468+0000] {logging_mixin.py:137} INFO - [2024-06-14T21:50:56.468+0000] {dag.py:3441} INFO - Setting next_dagrun for example_dag_decorator to None, run_after=None
[2024-06-14T21:50:56.485+0000] {processor.py:175} INFO - Processing /home/airflow/.local/lib/python3.7/site-packages/airflow/example_dags/example_dag_decorator.py took 0.113 seconds
[2024-06-14T21:51:27.075+0000] {processor.py:153} INFO - Started process (PID=147) to work on /home/airflow/.local/lib/python3.7/site-packages/airflow/example_dags/example_dag_decorator.py
[2024-06-14T21:51:27.076+0000] {processor.py:743} INFO - Processing file /home/airflow/.local/lib/python3.7/site-packages/airflow/example_dags/example_dag_decorator.py for tasks to queue
[2024-06-14T21:51:27.077+0000] {logging_mixin.py:137} INFO - [2024-06-14T21:51:27.077+0000] {dagbag.py:538} INFO - Filling up the DagBag from /home/airflow/.local/lib/python3.7/site-packages/airflow/example_dags/example_dag_decorator.py
[2024-06-14T21:51:27.091+0000] {logging_mixin.py:137} INFO - [2024-06-14T21:51:27.091+0000] {taskmixin.py:205} WARNING - Dependency <Task(_PythonDecoratedOperator): prepare_email>, send_email already registered for DAG: example_dag_decorator
[2024-06-14T21:51:27.091+0000] {logging_mixin.py:137} INFO - [2024-06-14T21:51:27.091+0000] {taskmixin.py:205} WARNING - Dependency <Task(EmailOperator): send_email>, prepare_email already registered for DAG: example_dag_decorator
[2024-06-14T21:51:27.101+0000] {processor.py:753} INFO - DAG(s) dict_keys(['example_dag_decorator']) retrieved from /home/airflow/.local/lib/python3.7/site-packages/airflow/example_dags/example_dag_decorator.py
[2024-06-14T21:51:27.146+0000] {logging_mixin.py:137} INFO - [2024-06-14T21:51:27.146+0000] {dag.py:2690} INFO - Sync 1 DAGs
[2024-06-14T21:51:27.161+0000] {logging_mixin.py:137} INFO - [2024-06-14T21:51:27.161+0000] {dag.py:3441} INFO - Setting next_dagrun for example_dag_decorator to None, run_after=None
[2024-06-14T21:51:27.173+0000] {processor.py:175} INFO - Processing /home/airflow/.local/lib/python3.7/site-packages/airflow/example_dags/example_dag_decorator.py took 0.102 seconds
[2024-06-14T21:51:57.520+0000] {processor.py:153} INFO - Started process (PID=197) to work on /home/airflow/.local/lib/python3.7/site-packages/airflow/example_dags/example_dag_decorator.py
[2024-06-14T21:51:57.521+0000] {processor.py:743} INFO - Processing file /home/airflow/.local/lib/python3.7/site-packages/airflow/example_dags/example_dag_decorator.py for tasks to queue
[2024-06-14T21:51:57.522+0000] {logging_mixin.py:137} INFO - [2024-06-14T21:51:57.522+0000] {dagbag.py:538} INFO - Filling up the DagBag from /home/airflow/.local/lib/python3.7/site-packages/airflow/example_dags/example_dag_decorator.py
[2024-06-14T21:51:57.535+0000] {logging_mixin.py:137} INFO - [2024-06-14T21:51:57.535+0000] {taskmixin.py:205} WARNING - Dependency <Task(_PythonDecoratedOperator): prepare_email>, send_email already registered for DAG: example_dag_decorator
[2024-06-14T21:51:57.536+0000] {logging_mixin.py:137} INFO - [2024-06-14T21:51:57.535+0000] {taskmixin.py:205} WARNING - Dependency <Task(EmailOperator): send_email>, prepare_email already registered for DAG: example_dag_decorator
[2024-06-14T21:51:57.545+0000] {processor.py:753} INFO - DAG(s) dict_keys(['example_dag_decorator']) retrieved from /home/airflow/.local/lib/python3.7/site-packages/airflow/example_dags/example_dag_decorator.py
[2024-06-14T21:51:57.592+0000] {logging_mixin.py:137} INFO - [2024-06-14T21:51:57.592+0000] {dag.py:2690} INFO - Sync 1 DAGs
[2024-06-14T21:51:57.607+0000] {logging_mixin.py:137} INFO - [2024-06-14T21:51:57.607+0000] {dag.py:3441} INFO - Setting next_dagrun for example_dag_decorator to None, run_after=None
[2024-06-14T21:51:57.620+0000] {processor.py:175} INFO - Processing /home/airflow/.local/lib/python3.7/site-packages/airflow/example_dags/example_dag_decorator.py took 0.103 seconds
[2024-06-14T21:52:28.141+0000] {processor.py:153} INFO - Started process (PID=247) to work on /home/airflow/.local/lib/python3.7/site-packages/airflow/example_dags/example_dag_decorator.py
[2024-06-14T21:52:28.142+0000] {processor.py:743} INFO - Processing file /home/airflow/.local/lib/python3.7/site-packages/airflow/example_dags/example_dag_decorator.py for tasks to queue
[2024-06-14T21:52:28.143+0000] {logging_mixin.py:137} INFO - [2024-06-14T21:52:28.143+0000] {dagbag.py:538} INFO - Filling up the DagBag from /home/airflow/.local/lib/python3.7/site-packages/airflow/example_dags/example_dag_decorator.py
[2024-06-14T21:52:28.155+0000] {logging_mixin.py:137} INFO - [2024-06-14T21:52:28.155+0000] {taskmixin.py:205} WARNING - Dependency <Task(_PythonDecoratedOperator): prepare_email>, send_email already registered for DAG: example_dag_decorator
[2024-06-14T21:52:28.156+0000] {logging_mixin.py:137} INFO - [2024-06-14T21:52:28.156+0000] {taskmixin.py:205} WARNING - Dependency <Task(EmailOperator): send_email>, prepare_email already registered for DAG: example_dag_decorator
[2024-06-14T21:52:28.166+0000] {processor.py:753} INFO - DAG(s) dict_keys(['example_dag_decorator']) retrieved from /home/airflow/.local/lib/python3.7/site-packages/airflow/example_dags/example_dag_decorator.py
[2024-06-14T21:52:28.213+0000] {logging_mixin.py:137} INFO - [2024-06-14T21:52:28.213+0000] {dag.py:2690} INFO - Sync 1 DAGs
[2024-06-14T21:52:28.228+0000] {logging_mixin.py:137} INFO - [2024-06-14T21:52:28.228+0000] {dag.py:3441} INFO - Setting next_dagrun for example_dag_decorator to None, run_after=None
[2024-06-14T21:52:28.241+0000] {processor.py:175} INFO - Processing /home/airflow/.local/lib/python3.7/site-packages/airflow/example_dags/example_dag_decorator.py took 0.103 seconds
[2024-06-14T21:52:58.701+0000] {processor.py:153} INFO - Started process (PID=296) to work on /home/airflow/.local/lib/python3.7/site-packages/airflow/example_dags/example_dag_decorator.py
[2024-06-14T21:52:58.703+0000] {processor.py:743} INFO - Processing file /home/airflow/.local/lib/python3.7/site-packages/airflow/example_dags/example_dag_decorator.py for tasks to queue
[2024-06-14T21:52:58.704+0000] {logging_mixin.py:137} INFO - [2024-06-14T21:52:58.703+0000] {dagbag.py:538} INFO - Filling up the DagBag from /home/airflow/.local/lib/python3.7/site-packages/airflow/example_dags/example_dag_decorator.py
[2024-06-14T21:52:58.735+0000] {logging_mixin.py:137} INFO - [2024-06-14T21:52:58.735+0000] {taskmixin.py:205} WARNING - Dependency <Task(_PythonDecoratedOperator): prepare_email>, send_email already registered for DAG: example_dag_decorator
[2024-06-14T21:52:58.736+0000] {logging_mixin.py:137} INFO - [2024-06-14T21:52:58.736+0000] {taskmixin.py:205} WARNING - Dependency <Task(EmailOperator): send_email>, prepare_email already registered for DAG: example_dag_decorator
[2024-06-14T21:52:58.746+0000] {processor.py:753} INFO - DAG(s) dict_keys(['example_dag_decorator']) retrieved from /home/airflow/.local/lib/python3.7/site-packages/airflow/example_dags/example_dag_decorator.py
[2024-06-14T21:52:58.793+0000] {logging_mixin.py:137} INFO - [2024-06-14T21:52:58.792+0000] {dag.py:2690} INFO - Sync 1 DAGs
[2024-06-14T21:52:58.807+0000] {logging_mixin.py:137} INFO - [2024-06-14T21:52:58.807+0000] {dag.py:3441} INFO - Setting next_dagrun for example_dag_decorator to None, run_after=None
[2024-06-14T21:52:58.822+0000] {processor.py:175} INFO - Processing /home/airflow/.local/lib/python3.7/site-packages/airflow/example_dags/example_dag_decorator.py took 0.123 seconds
[2024-06-14T21:53:29.253+0000] {processor.py:153} INFO - Started process (PID=346) to work on /home/airflow/.local/lib/python3.7/site-packages/airflow/example_dags/example_dag_decorator.py
[2024-06-14T21:53:29.255+0000] {processor.py:743} INFO - Processing file /home/airflow/.local/lib/python3.7/site-packages/airflow/example_dags/example_dag_decorator.py for tasks to queue
[2024-06-14T21:53:29.256+0000] {logging_mixin.py:137} INFO - [2024-06-14T21:53:29.256+0000] {dagbag.py:538} INFO - Filling up the DagBag from /home/airflow/.local/lib/python3.7/site-packages/airflow/example_dags/example_dag_decorator.py
[2024-06-14T21:53:29.271+0000] {logging_mixin.py:137} INFO - [2024-06-14T21:53:29.271+0000] {taskmixin.py:205} WARNING - Dependency <Task(_PythonDecoratedOperator): prepare_email>, send_email already registered for DAG: example_dag_decorator
[2024-06-14T21:53:29.272+0000] {logging_mixin.py:137} INFO - [2024-06-14T21:53:29.272+0000] {taskmixin.py:205} WARNING - Dependency <Task(EmailOperator): send_email>, prepare_email already registered for DAG: example_dag_decorator
[2024-06-14T21:53:29.283+0000] {processor.py:753} INFO - DAG(s) dict_keys(['example_dag_decorator']) retrieved from /home/airflow/.local/lib/python3.7/site-packages/airflow/example_dags/example_dag_decorator.py
[2024-06-14T21:53:29.333+0000] {logging_mixin.py:137} INFO - [2024-06-14T21:53:29.333+0000] {dag.py:2690} INFO - Sync 1 DAGs
[2024-06-14T21:53:29.351+0000] {logging_mixin.py:137} INFO - [2024-06-14T21:53:29.351+0000] {dag.py:3441} INFO - Setting next_dagrun for example_dag_decorator to None, run_after=None
[2024-06-14T21:53:29.373+0000] {processor.py:175} INFO - Processing /home/airflow/.local/lib/python3.7/site-packages/airflow/example_dags/example_dag_decorator.py took 0.124 seconds
[2024-06-14T21:53:59.871+0000] {processor.py:153} INFO - Started process (PID=396) to work on /home/airflow/.local/lib/python3.7/site-packages/airflow/example_dags/example_dag_decorator.py
[2024-06-14T21:53:59.873+0000] {processor.py:743} INFO - Processing file /home/airflow/.local/lib/python3.7/site-packages/airflow/example_dags/example_dag_decorator.py for tasks to queue
[2024-06-14T21:53:59.874+0000] {logging_mixin.py:137} INFO - [2024-06-14T21:53:59.874+0000] {dagbag.py:538} INFO - Filling up the DagBag from /home/airflow/.local/lib/python3.7/site-packages/airflow/example_dags/example_dag_decorator.py
[2024-06-14T21:53:59.891+0000] {logging_mixin.py:137} INFO - [2024-06-14T21:53:59.891+0000] {taskmixin.py:205} WARNING - Dependency <Task(_PythonDecoratedOperator): prepare_email>, send_email already registered for DAG: example_dag_decorator
[2024-06-14T21:53:59.897+0000] {logging_mixin.py:137} INFO - [2024-06-14T21:53:59.897+0000] {taskmixin.py:205} WARNING - Dependency <Task(EmailOperator): send_email>, prepare_email already registered for DAG: example_dag_decorator
[2024-06-14T21:53:59.912+0000] {processor.py:753} INFO - DAG(s) dict_keys(['example_dag_decorator']) retrieved from /home/airflow/.local/lib/python3.7/site-packages/airflow/example_dags/example_dag_decorator.py
[2024-06-14T21:53:59.969+0000] {logging_mixin.py:137} INFO - [2024-06-14T21:53:59.969+0000] {dag.py:2690} INFO - Sync 1 DAGs
[2024-06-14T21:53:59.986+0000] {logging_mixin.py:137} INFO - [2024-06-14T21:53:59.985+0000] {dag.py:3441} INFO - Setting next_dagrun for example_dag_decorator to None, run_after=None
[2024-06-14T21:54:00.001+0000] {processor.py:175} INFO - Processing /home/airflow/.local/lib/python3.7/site-packages/airflow/example_dags/example_dag_decorator.py took 0.133 seconds
[2024-06-14T21:54:30.735+0000] {processor.py:153} INFO - Started process (PID=446) to work on /home/airflow/.local/lib/python3.7/site-packages/airflow/example_dags/example_dag_decorator.py
[2024-06-14T21:54:30.736+0000] {processor.py:743} INFO - Processing file /home/airflow/.local/lib/python3.7/site-packages/airflow/example_dags/example_dag_decorator.py for tasks to queue
[2024-06-14T21:54:30.737+0000] {logging_mixin.py:137} INFO - [2024-06-14T21:54:30.737+0000] {dagbag.py:538} INFO - Filling up the DagBag from /home/airflow/.local/lib/python3.7/site-packages/airflow/example_dags/example_dag_decorator.py
[2024-06-14T21:54:30.750+0000] {logging_mixin.py:137} INFO - [2024-06-14T21:54:30.750+0000] {taskmixin.py:205} WARNING - Dependency <Task(_PythonDecoratedOperator): prepare_email>, send_email already registered for DAG: example_dag_decorator
[2024-06-14T21:54:30.751+0000] {logging_mixin.py:137} INFO - [2024-06-14T21:54:30.751+0000] {taskmixin.py:205} WARNING - Dependency <Task(EmailOperator): send_email>, prepare_email already registered for DAG: example_dag_decorator
[2024-06-14T21:54:30.760+0000] {processor.py:753} INFO - DAG(s) dict_keys(['example_dag_decorator']) retrieved from /home/airflow/.local/lib/python3.7/site-packages/airflow/example_dags/example_dag_decorator.py
[2024-06-14T21:54:30.811+0000] {logging_mixin.py:137} INFO - [2024-06-14T21:54:30.811+0000] {dag.py:2690} INFO - Sync 1 DAGs
[2024-06-14T21:54:30.827+0000] {logging_mixin.py:137} INFO - [2024-06-14T21:54:30.827+0000] {dag.py:3441} INFO - Setting next_dagrun for example_dag_decorator to None, run_after=None
[2024-06-14T21:54:30.841+0000] {processor.py:175} INFO - Processing /home/airflow/.local/lib/python3.7/site-packages/airflow/example_dags/example_dag_decorator.py took 0.109 seconds
[2024-06-14T21:55:01.265+0000] {processor.py:153} INFO - Started process (PID=496) to work on /home/airflow/.local/lib/python3.7/site-packages/airflow/example_dags/example_dag_decorator.py
[2024-06-14T21:55:01.267+0000] {processor.py:743} INFO - Processing file /home/airflow/.local/lib/python3.7/site-packages/airflow/example_dags/example_dag_decorator.py for tasks to queue
[2024-06-14T21:55:01.268+0000] {logging_mixin.py:137} INFO - [2024-06-14T21:55:01.268+0000] {dagbag.py:538} INFO - Filling up the DagBag from /home/airflow/.local/lib/python3.7/site-packages/airflow/example_dags/example_dag_decorator.py
[2024-06-14T21:55:01.282+0000] {logging_mixin.py:137} INFO - [2024-06-14T21:55:01.282+0000] {taskmixin.py:205} WARNING - Dependency <Task(_PythonDecoratedOperator): prepare_email>, send_email already registered for DAG: example_dag_decorator
[2024-06-14T21:55:01.283+0000] {logging_mixin.py:137} INFO - [2024-06-14T21:55:01.283+0000] {taskmixin.py:205} WARNING - Dependency <Task(EmailOperator): send_email>, prepare_email already registered for DAG: example_dag_decorator
[2024-06-14T21:55:01.293+0000] {processor.py:753} INFO - DAG(s) dict_keys(['example_dag_decorator']) retrieved from /home/airflow/.local/lib/python3.7/site-packages/airflow/example_dags/example_dag_decorator.py
[2024-06-14T21:55:01.343+0000] {logging_mixin.py:137} INFO - [2024-06-14T21:55:01.343+0000] {dag.py:2690} INFO - Sync 1 DAGs
[2024-06-14T21:55:01.359+0000] {logging_mixin.py:137} INFO - [2024-06-14T21:55:01.359+0000] {dag.py:3441} INFO - Setting next_dagrun for example_dag_decorator to None, run_after=None
[2024-06-14T21:55:01.373+0000] {processor.py:175} INFO - Processing /home/airflow/.local/lib/python3.7/site-packages/airflow/example_dags/example_dag_decorator.py took 0.113 seconds
[2024-06-14T21:55:31.920+0000] {processor.py:153} INFO - Started process (PID=546) to work on /home/airflow/.local/lib/python3.7/site-packages/airflow/example_dags/example_dag_decorator.py
[2024-06-14T21:55:31.922+0000] {processor.py:743} INFO - Processing file /home/airflow/.local/lib/python3.7/site-packages/airflow/example_dags/example_dag_decorator.py for tasks to queue
[2024-06-14T21:55:31.923+0000] {logging_mixin.py:137} INFO - [2024-06-14T21:55:31.923+0000] {dagbag.py:538} INFO - Filling up the DagBag from /home/airflow/.local/lib/python3.7/site-packages/airflow/example_dags/example_dag_decorator.py
[2024-06-14T21:55:31.936+0000] {logging_mixin.py:137} INFO - [2024-06-14T21:55:31.935+0000] {taskmixin.py:205} WARNING - Dependency <Task(_PythonDecoratedOperator): prepare_email>, send_email already registered for DAG: example_dag_decorator
[2024-06-14T21:55:31.936+0000] {logging_mixin.py:137} INFO - [2024-06-14T21:55:31.936+0000] {taskmixin.py:205} WARNING - Dependency <Task(EmailOperator): send_email>, prepare_email already registered for DAG: example_dag_decorator
[2024-06-14T21:55:31.946+0000] {processor.py:753} INFO - DAG(s) dict_keys(['example_dag_decorator']) retrieved from /home/airflow/.local/lib/python3.7/site-packages/airflow/example_dags/example_dag_decorator.py
[2024-06-14T21:55:31.994+0000] {logging_mixin.py:137} INFO - [2024-06-14T21:55:31.994+0000] {dag.py:2690} INFO - Sync 1 DAGs
[2024-06-14T21:55:32.009+0000] {logging_mixin.py:137} INFO - [2024-06-14T21:55:32.009+0000] {dag.py:3441} INFO - Setting next_dagrun for example_dag_decorator to None, run_after=None
[2024-06-14T21:55:32.023+0000] {processor.py:175} INFO - Processing /home/airflow/.local/lib/python3.7/site-packages/airflow/example_dags/example_dag_decorator.py took 0.106 seconds
[2024-06-14T21:56:02.597+0000] {processor.py:153} INFO - Started process (PID=596) to work on /home/airflow/.local/lib/python3.7/site-packages/airflow/example_dags/example_dag_decorator.py
[2024-06-14T21:56:02.598+0000] {processor.py:743} INFO - Processing file /home/airflow/.local/lib/python3.7/site-packages/airflow/example_dags/example_dag_decorator.py for tasks to queue
[2024-06-14T21:56:02.599+0000] {logging_mixin.py:137} INFO - [2024-06-14T21:56:02.599+0000] {dagbag.py:538} INFO - Filling up the DagBag from /home/airflow/.local/lib/python3.7/site-packages/airflow/example_dags/example_dag_decorator.py
[2024-06-14T21:56:02.613+0000] {logging_mixin.py:137} INFO - [2024-06-14T21:56:02.613+0000] {taskmixin.py:205} WARNING - Dependency <Task(_PythonDecoratedOperator): prepare_email>, send_email already registered for DAG: example_dag_decorator
[2024-06-14T21:56:02.614+0000] {logging_mixin.py:137} INFO - [2024-06-14T21:56:02.614+0000] {taskmixin.py:205} WARNING - Dependency <Task(EmailOperator): send_email>, prepare_email already registered for DAG: example_dag_decorator
[2024-06-14T21:56:02.623+0000] {processor.py:753} INFO - DAG(s) dict_keys(['example_dag_decorator']) retrieved from /home/airflow/.local/lib/python3.7/site-packages/airflow/example_dags/example_dag_decorator.py
[2024-06-14T21:56:02.671+0000] {logging_mixin.py:137} INFO - [2024-06-14T21:56:02.671+0000] {dag.py:2690} INFO - Sync 1 DAGs
[2024-06-14T21:56:02.686+0000] {logging_mixin.py:137} INFO - [2024-06-14T21:56:02.686+0000] {dag.py:3441} INFO - Setting next_dagrun for example_dag_decorator to None, run_after=None
[2024-06-14T21:56:02.699+0000] {processor.py:175} INFO - Processing /home/airflow/.local/lib/python3.7/site-packages/airflow/example_dags/example_dag_decorator.py took 0.106 seconds
[2024-06-14T21:56:33.476+0000] {processor.py:153} INFO - Started process (PID=645) to work on /home/airflow/.local/lib/python3.7/site-packages/airflow/example_dags/example_dag_decorator.py
[2024-06-14T21:56:33.477+0000] {processor.py:743} INFO - Processing file /home/airflow/.local/lib/python3.7/site-packages/airflow/example_dags/example_dag_decorator.py for tasks to queue
[2024-06-14T21:56:33.478+0000] {logging_mixin.py:137} INFO - [2024-06-14T21:56:33.478+0000] {dagbag.py:538} INFO - Filling up the DagBag from /home/airflow/.local/lib/python3.7/site-packages/airflow/example_dags/example_dag_decorator.py
[2024-06-14T21:56:33.491+0000] {logging_mixin.py:137} INFO - [2024-06-14T21:56:33.491+0000] {taskmixin.py:205} WARNING - Dependency <Task(_PythonDecoratedOperator): prepare_email>, send_email already registered for DAG: example_dag_decorator
[2024-06-14T21:56:33.492+0000] {logging_mixin.py:137} INFO - [2024-06-14T21:56:33.492+0000] {taskmixin.py:205} WARNING - Dependency <Task(EmailOperator): send_email>, prepare_email already registered for DAG: example_dag_decorator
[2024-06-14T21:56:33.501+0000] {processor.py:753} INFO - DAG(s) dict_keys(['example_dag_decorator']) retrieved from /home/airflow/.local/lib/python3.7/site-packages/airflow/example_dags/example_dag_decorator.py
[2024-06-14T21:56:33.557+0000] {logging_mixin.py:137} INFO - [2024-06-14T21:56:33.557+0000] {dag.py:2690} INFO - Sync 1 DAGs
[2024-06-14T21:56:33.572+0000] {logging_mixin.py:137} INFO - [2024-06-14T21:56:33.572+0000] {dag.py:3441} INFO - Setting next_dagrun for example_dag_decorator to None, run_after=None
[2024-06-14T21:56:33.588+0000] {processor.py:175} INFO - Processing /home/airflow/.local/lib/python3.7/site-packages/airflow/example_dags/example_dag_decorator.py took 0.115 seconds
[2024-06-14T21:57:04.190+0000] {processor.py:153} INFO - Started process (PID=696) to work on /home/airflow/.local/lib/python3.7/site-packages/airflow/example_dags/example_dag_decorator.py
[2024-06-14T21:57:04.191+0000] {processor.py:743} INFO - Processing file /home/airflow/.local/lib/python3.7/site-packages/airflow/example_dags/example_dag_decorator.py for tasks to queue
[2024-06-14T21:57:04.192+0000] {logging_mixin.py:137} INFO - [2024-06-14T21:57:04.192+0000] {dagbag.py:538} INFO - Filling up the DagBag from /home/airflow/.local/lib/python3.7/site-packages/airflow/example_dags/example_dag_decorator.py
[2024-06-14T21:57:04.205+0000] {logging_mixin.py:137} INFO - [2024-06-14T21:57:04.205+0000] {taskmixin.py:205} WARNING - Dependency <Task(_PythonDecoratedOperator): prepare_email>, send_email already registered for DAG: example_dag_decorator
[2024-06-14T21:57:04.205+0000] {logging_mixin.py:137} INFO - [2024-06-14T21:57:04.205+0000] {taskmixin.py:205} WARNING - Dependency <Task(EmailOperator): send_email>, prepare_email already registered for DAG: example_dag_decorator
[2024-06-14T21:57:04.214+0000] {processor.py:753} INFO - DAG(s) dict_keys(['example_dag_decorator']) retrieved from /home/airflow/.local/lib/python3.7/site-packages/airflow/example_dags/example_dag_decorator.py
[2024-06-14T21:57:04.261+0000] {logging_mixin.py:137} INFO - [2024-06-14T21:57:04.261+0000] {dag.py:2690} INFO - Sync 1 DAGs
[2024-06-14T21:57:04.277+0000] {logging_mixin.py:137} INFO - [2024-06-14T21:57:04.277+0000] {dag.py:3441} INFO - Setting next_dagrun for example_dag_decorator to None, run_after=None
[2024-06-14T21:57:04.290+0000] {processor.py:175} INFO - Processing /home/airflow/.local/lib/python3.7/site-packages/airflow/example_dags/example_dag_decorator.py took 0.104 seconds
[2024-06-14T21:57:34.567+0000] {processor.py:153} INFO - Started process (PID=746) to work on /home/airflow/.local/lib/python3.7/site-packages/airflow/example_dags/example_dag_decorator.py
[2024-06-14T21:57:34.568+0000] {processor.py:743} INFO - Processing file /home/airflow/.local/lib/python3.7/site-packages/airflow/example_dags/example_dag_decorator.py for tasks to queue
[2024-06-14T21:57:34.569+0000] {logging_mixin.py:137} INFO - [2024-06-14T21:57:34.569+0000] {dagbag.py:538} INFO - Filling up the DagBag from /home/airflow/.local/lib/python3.7/site-packages/airflow/example_dags/example_dag_decorator.py
[2024-06-14T21:57:34.582+0000] {logging_mixin.py:137} INFO - [2024-06-14T21:57:34.581+0000] {taskmixin.py:205} WARNING - Dependency <Task(_PythonDecoratedOperator): prepare_email>, send_email already registered for DAG: example_dag_decorator
[2024-06-14T21:57:34.582+0000] {logging_mixin.py:137} INFO - [2024-06-14T21:57:34.582+0000] {taskmixin.py:205} WARNING - Dependency <Task(EmailOperator): send_email>, prepare_email already registered for DAG: example_dag_decorator
[2024-06-14T21:57:34.591+0000] {processor.py:753} INFO - DAG(s) dict_keys(['example_dag_decorator']) retrieved from /home/airflow/.local/lib/python3.7/site-packages/airflow/example_dags/example_dag_decorator.py
[2024-06-14T21:57:34.638+0000] {logging_mixin.py:137} INFO - [2024-06-14T21:57:34.638+0000] {dag.py:2690} INFO - Sync 1 DAGs
[2024-06-14T21:57:34.652+0000] {logging_mixin.py:137} INFO - [2024-06-14T21:57:34.652+0000] {dag.py:3441} INFO - Setting next_dagrun for example_dag_decorator to None, run_after=None
[2024-06-14T21:57:34.665+0000] {processor.py:175} INFO - Processing /home/airflow/.local/lib/python3.7/site-packages/airflow/example_dags/example_dag_decorator.py took 0.102 seconds
[2024-06-14T21:58:05.135+0000] {processor.py:153} INFO - Started process (PID=796) to work on /home/airflow/.local/lib/python3.7/site-packages/airflow/example_dags/example_dag_decorator.py
[2024-06-14T21:58:05.136+0000] {processor.py:743} INFO - Processing file /home/airflow/.local/lib/python3.7/site-packages/airflow/example_dags/example_dag_decorator.py for tasks to queue
[2024-06-14T21:58:05.137+0000] {logging_mixin.py:137} INFO - [2024-06-14T21:58:05.137+0000] {dagbag.py:538} INFO - Filling up the DagBag from /home/airflow/.local/lib/python3.7/site-packages/airflow/example_dags/example_dag_decorator.py
[2024-06-14T21:58:05.149+0000] {logging_mixin.py:137} INFO - [2024-06-14T21:58:05.149+0000] {taskmixin.py:205} WARNING - Dependency <Task(_PythonDecoratedOperator): prepare_email>, send_email already registered for DAG: example_dag_decorator
[2024-06-14T21:58:05.151+0000] {logging_mixin.py:137} INFO - [2024-06-14T21:58:05.150+0000] {taskmixin.py:205} WARNING - Dependency <Task(EmailOperator): send_email>, prepare_email already registered for DAG: example_dag_decorator
[2024-06-14T21:58:05.160+0000] {processor.py:753} INFO - DAG(s) dict_keys(['example_dag_decorator']) retrieved from /home/airflow/.local/lib/python3.7/site-packages/airflow/example_dags/example_dag_decorator.py
[2024-06-14T21:58:05.207+0000] {logging_mixin.py:137} INFO - [2024-06-14T21:58:05.207+0000] {dag.py:2690} INFO - Sync 1 DAGs
[2024-06-14T21:58:05.222+0000] {logging_mixin.py:137} INFO - [2024-06-14T21:58:05.222+0000] {dag.py:3441} INFO - Setting next_dagrun for example_dag_decorator to None, run_after=None
[2024-06-14T21:58:05.235+0000] {processor.py:175} INFO - Processing /home/airflow/.local/lib/python3.7/site-packages/airflow/example_dags/example_dag_decorator.py took 0.104 seconds
[2024-06-14T21:58:35.824+0000] {processor.py:153} INFO - Started process (PID=846) to work on /home/airflow/.local/lib/python3.7/site-packages/airflow/example_dags/example_dag_decorator.py
[2024-06-14T21:58:35.825+0000] {processor.py:743} INFO - Processing file /home/airflow/.local/lib/python3.7/site-packages/airflow/example_dags/example_dag_decorator.py for tasks to queue
[2024-06-14T21:58:35.826+0000] {logging_mixin.py:137} INFO - [2024-06-14T21:58:35.826+0000] {dagbag.py:538} INFO - Filling up the DagBag from /home/airflow/.local/lib/python3.7/site-packages/airflow/example_dags/example_dag_decorator.py
[2024-06-14T21:58:35.839+0000] {logging_mixin.py:137} INFO - [2024-06-14T21:58:35.839+0000] {taskmixin.py:205} WARNING - Dependency <Task(_PythonDecoratedOperator): prepare_email>, send_email already registered for DAG: example_dag_decorator
[2024-06-14T21:58:35.840+0000] {logging_mixin.py:137} INFO - [2024-06-14T21:58:35.840+0000] {taskmixin.py:205} WARNING - Dependency <Task(EmailOperator): send_email>, prepare_email already registered for DAG: example_dag_decorator
[2024-06-14T21:58:35.849+0000] {processor.py:753} INFO - DAG(s) dict_keys(['example_dag_decorator']) retrieved from /home/airflow/.local/lib/python3.7/site-packages/airflow/example_dags/example_dag_decorator.py
[2024-06-14T21:58:35.894+0000] {logging_mixin.py:137} INFO - [2024-06-14T21:58:35.894+0000] {dag.py:2690} INFO - Sync 1 DAGs
[2024-06-14T21:58:35.909+0000] {logging_mixin.py:137} INFO - [2024-06-14T21:58:35.909+0000] {dag.py:3441} INFO - Setting next_dagrun for example_dag_decorator to None, run_after=None
[2024-06-14T21:58:35.922+0000] {processor.py:175} INFO - Processing /home/airflow/.local/lib/python3.7/site-packages/airflow/example_dags/example_dag_decorator.py took 0.102 seconds
[2024-06-14T21:59:06.273+0000] {processor.py:153} INFO - Started process (PID=896) to work on /home/airflow/.local/lib/python3.7/site-packages/airflow/example_dags/example_dag_decorator.py
[2024-06-14T21:59:06.274+0000] {processor.py:743} INFO - Processing file /home/airflow/.local/lib/python3.7/site-packages/airflow/example_dags/example_dag_decorator.py for tasks to queue
[2024-06-14T21:59:06.275+0000] {logging_mixin.py:137} INFO - [2024-06-14T21:59:06.275+0000] {dagbag.py:538} INFO - Filling up the DagBag from /home/airflow/.local/lib/python3.7/site-packages/airflow/example_dags/example_dag_decorator.py
[2024-06-14T21:59:06.288+0000] {logging_mixin.py:137} INFO - [2024-06-14T21:59:06.288+0000] {taskmixin.py:205} WARNING - Dependency <Task(_PythonDecoratedOperator): prepare_email>, send_email already registered for DAG: example_dag_decorator
[2024-06-14T21:59:06.289+0000] {logging_mixin.py:137} INFO - [2024-06-14T21:59:06.288+0000] {taskmixin.py:205} WARNING - Dependency <Task(EmailOperator): send_email>, prepare_email already registered for DAG: example_dag_decorator
[2024-06-14T21:59:06.298+0000] {processor.py:753} INFO - DAG(s) dict_keys(['example_dag_decorator']) retrieved from /home/airflow/.local/lib/python3.7/site-packages/airflow/example_dags/example_dag_decorator.py
[2024-06-14T21:59:06.345+0000] {logging_mixin.py:137} INFO - [2024-06-14T21:59:06.344+0000] {dag.py:2690} INFO - Sync 1 DAGs
[2024-06-14T21:59:06.359+0000] {logging_mixin.py:137} INFO - [2024-06-14T21:59:06.359+0000] {dag.py:3441} INFO - Setting next_dagrun for example_dag_decorator to None, run_after=None
[2024-06-14T21:59:06.373+0000] {processor.py:175} INFO - Processing /home/airflow/.local/lib/python3.7/site-packages/airflow/example_dags/example_dag_decorator.py took 0.103 seconds
[2024-06-14T21:59:36.806+0000] {processor.py:153} INFO - Started process (PID=946) to work on /home/airflow/.local/lib/python3.7/site-packages/airflow/example_dags/example_dag_decorator.py
[2024-06-14T21:59:36.807+0000] {processor.py:743} INFO - Processing file /home/airflow/.local/lib/python3.7/site-packages/airflow/example_dags/example_dag_decorator.py for tasks to queue
[2024-06-14T21:59:36.808+0000] {logging_mixin.py:137} INFO - [2024-06-14T21:59:36.808+0000] {dagbag.py:538} INFO - Filling up the DagBag from /home/airflow/.local/lib/python3.7/site-packages/airflow/example_dags/example_dag_decorator.py
[2024-06-14T21:59:36.821+0000] {logging_mixin.py:137} INFO - [2024-06-14T21:59:36.821+0000] {taskmixin.py:205} WARNING - Dependency <Task(_PythonDecoratedOperator): prepare_email>, send_email already registered for DAG: example_dag_decorator
[2024-06-14T21:59:36.822+0000] {logging_mixin.py:137} INFO - [2024-06-14T21:59:36.822+0000] {taskmixin.py:205} WARNING - Dependency <Task(EmailOperator): send_email>, prepare_email already registered for DAG: example_dag_decorator
[2024-06-14T21:59:36.831+0000] {processor.py:753} INFO - DAG(s) dict_keys(['example_dag_decorator']) retrieved from /home/airflow/.local/lib/python3.7/site-packages/airflow/example_dags/example_dag_decorator.py
[2024-06-14T21:59:36.877+0000] {logging_mixin.py:137} INFO - [2024-06-14T21:59:36.877+0000] {dag.py:2690} INFO - Sync 1 DAGs
[2024-06-14T21:59:36.892+0000] {logging_mixin.py:137} INFO - [2024-06-14T21:59:36.892+0000] {dag.py:3441} INFO - Setting next_dagrun for example_dag_decorator to None, run_after=None
[2024-06-14T21:59:36.904+0000] {processor.py:175} INFO - Processing /home/airflow/.local/lib/python3.7/site-packages/airflow/example_dags/example_dag_decorator.py took 0.102 seconds
[2024-06-14T22:00:07.340+0000] {processor.py:153} INFO - Started process (PID=996) to work on /home/airflow/.local/lib/python3.7/site-packages/airflow/example_dags/example_dag_decorator.py
[2024-06-14T22:00:07.342+0000] {processor.py:743} INFO - Processing file /home/airflow/.local/lib/python3.7/site-packages/airflow/example_dags/example_dag_decorator.py for tasks to queue
[2024-06-14T22:00:07.343+0000] {logging_mixin.py:137} INFO - [2024-06-14T22:00:07.343+0000] {dagbag.py:538} INFO - Filling up the DagBag from /home/airflow/.local/lib/python3.7/site-packages/airflow/example_dags/example_dag_decorator.py
[2024-06-14T22:00:07.355+0000] {logging_mixin.py:137} INFO - [2024-06-14T22:00:07.355+0000] {taskmixin.py:205} WARNING - Dependency <Task(_PythonDecoratedOperator): prepare_email>, send_email already registered for DAG: example_dag_decorator
[2024-06-14T22:00:07.356+0000] {logging_mixin.py:137} INFO - [2024-06-14T22:00:07.356+0000] {taskmixin.py:205} WARNING - Dependency <Task(EmailOperator): send_email>, prepare_email already registered for DAG: example_dag_decorator
[2024-06-14T22:00:07.365+0000] {processor.py:753} INFO - DAG(s) dict_keys(['example_dag_decorator']) retrieved from /home/airflow/.local/lib/python3.7/site-packages/airflow/example_dags/example_dag_decorator.py
[2024-06-14T22:00:07.412+0000] {logging_mixin.py:137} INFO - [2024-06-14T22:00:07.412+0000] {dag.py:2690} INFO - Sync 1 DAGs
[2024-06-14T22:00:07.427+0000] {logging_mixin.py:137} INFO - [2024-06-14T22:00:07.427+0000] {dag.py:3441} INFO - Setting next_dagrun for example_dag_decorator to None, run_after=None
[2024-06-14T22:00:07.440+0000] {processor.py:175} INFO - Processing /home/airflow/.local/lib/python3.7/site-packages/airflow/example_dags/example_dag_decorator.py took 0.103 seconds
[2024-06-14T22:00:37.794+0000] {processor.py:153} INFO - Started process (PID=1046) to work on /home/airflow/.local/lib/python3.7/site-packages/airflow/example_dags/example_dag_decorator.py
[2024-06-14T22:00:37.796+0000] {processor.py:743} INFO - Processing file /home/airflow/.local/lib/python3.7/site-packages/airflow/example_dags/example_dag_decorator.py for tasks to queue
[2024-06-14T22:00:37.797+0000] {logging_mixin.py:137} INFO - [2024-06-14T22:00:37.797+0000] {dagbag.py:538} INFO - Filling up the DagBag from /home/airflow/.local/lib/python3.7/site-packages/airflow/example_dags/example_dag_decorator.py
[2024-06-14T22:00:37.810+0000] {logging_mixin.py:137} INFO - [2024-06-14T22:00:37.810+0000] {taskmixin.py:205} WARNING - Dependency <Task(_PythonDecoratedOperator): prepare_email>, send_email already registered for DAG: example_dag_decorator
[2024-06-14T22:00:37.811+0000] {logging_mixin.py:137} INFO - [2024-06-14T22:00:37.811+0000] {taskmixin.py:205} WARNING - Dependency <Task(EmailOperator): send_email>, prepare_email already registered for DAG: example_dag_decorator
[2024-06-14T22:00:37.820+0000] {processor.py:753} INFO - DAG(s) dict_keys(['example_dag_decorator']) retrieved from /home/airflow/.local/lib/python3.7/site-packages/airflow/example_dags/example_dag_decorator.py
[2024-06-14T22:00:37.868+0000] {logging_mixin.py:137} INFO - [2024-06-14T22:00:37.868+0000] {dag.py:2690} INFO - Sync 1 DAGs
[2024-06-14T22:00:37.882+0000] {logging_mixin.py:137} INFO - [2024-06-14T22:00:37.882+0000] {dag.py:3441} INFO - Setting next_dagrun for example_dag_decorator to None, run_after=None
[2024-06-14T22:00:37.895+0000] {processor.py:175} INFO - Processing /home/airflow/.local/lib/python3.7/site-packages/airflow/example_dags/example_dag_decorator.py took 0.104 seconds
[2024-06-14T22:01:08.351+0000] {processor.py:153} INFO - Started process (PID=1095) to work on /home/airflow/.local/lib/python3.7/site-packages/airflow/example_dags/example_dag_decorator.py
[2024-06-14T22:01:08.353+0000] {processor.py:743} INFO - Processing file /home/airflow/.local/lib/python3.7/site-packages/airflow/example_dags/example_dag_decorator.py for tasks to queue
[2024-06-14T22:01:08.354+0000] {logging_mixin.py:137} INFO - [2024-06-14T22:01:08.354+0000] {dagbag.py:538} INFO - Filling up the DagBag from /home/airflow/.local/lib/python3.7/site-packages/airflow/example_dags/example_dag_decorator.py
[2024-06-14T22:01:08.366+0000] {logging_mixin.py:137} INFO - [2024-06-14T22:01:08.366+0000] {taskmixin.py:205} WARNING - Dependency <Task(_PythonDecoratedOperator): prepare_email>, send_email already registered for DAG: example_dag_decorator
[2024-06-14T22:01:08.367+0000] {logging_mixin.py:137} INFO - [2024-06-14T22:01:08.367+0000] {taskmixin.py:205} WARNING - Dependency <Task(EmailOperator): send_email>, prepare_email already registered for DAG: example_dag_decorator
[2024-06-14T22:01:08.376+0000] {processor.py:753} INFO - DAG(s) dict_keys(['example_dag_decorator']) retrieved from /home/airflow/.local/lib/python3.7/site-packages/airflow/example_dags/example_dag_decorator.py
[2024-06-14T22:01:08.423+0000] {logging_mixin.py:137} INFO - [2024-06-14T22:01:08.423+0000] {dag.py:2690} INFO - Sync 1 DAGs
[2024-06-14T22:01:08.438+0000] {logging_mixin.py:137} INFO - [2024-06-14T22:01:08.438+0000] {dag.py:3441} INFO - Setting next_dagrun for example_dag_decorator to None, run_after=None
[2024-06-14T22:01:08.451+0000] {processor.py:175} INFO - Processing /home/airflow/.local/lib/python3.7/site-packages/airflow/example_dags/example_dag_decorator.py took 0.103 seconds
[2024-06-14T22:01:38.792+0000] {processor.py:153} INFO - Started process (PID=1145) to work on /home/airflow/.local/lib/python3.7/site-packages/airflow/example_dags/example_dag_decorator.py
[2024-06-14T22:01:38.793+0000] {processor.py:743} INFO - Processing file /home/airflow/.local/lib/python3.7/site-packages/airflow/example_dags/example_dag_decorator.py for tasks to queue
[2024-06-14T22:01:38.794+0000] {logging_mixin.py:137} INFO - [2024-06-14T22:01:38.794+0000] {dagbag.py:538} INFO - Filling up the DagBag from /home/airflow/.local/lib/python3.7/site-packages/airflow/example_dags/example_dag_decorator.py
[2024-06-14T22:01:38.806+0000] {logging_mixin.py:137} INFO - [2024-06-14T22:01:38.806+0000] {taskmixin.py:205} WARNING - Dependency <Task(_PythonDecoratedOperator): prepare_email>, send_email already registered for DAG: example_dag_decorator
[2024-06-14T22:01:38.807+0000] {logging_mixin.py:137} INFO - [2024-06-14T22:01:38.807+0000] {taskmixin.py:205} WARNING - Dependency <Task(EmailOperator): send_email>, prepare_email already registered for DAG: example_dag_decorator
[2024-06-14T22:01:38.817+0000] {processor.py:753} INFO - DAG(s) dict_keys(['example_dag_decorator']) retrieved from /home/airflow/.local/lib/python3.7/site-packages/airflow/example_dags/example_dag_decorator.py
[2024-06-14T22:01:38.865+0000] {logging_mixin.py:137} INFO - [2024-06-14T22:01:38.865+0000] {dag.py:2690} INFO - Sync 1 DAGs
[2024-06-14T22:01:38.880+0000] {logging_mixin.py:137} INFO - [2024-06-14T22:01:38.880+0000] {dag.py:3441} INFO - Setting next_dagrun for example_dag_decorator to None, run_after=None
[2024-06-14T22:01:38.894+0000] {processor.py:175} INFO - Processing /home/airflow/.local/lib/python3.7/site-packages/airflow/example_dags/example_dag_decorator.py took 0.106 seconds
[2024-06-14T22:02:09.231+0000] {processor.py:153} INFO - Started process (PID=1195) to work on /home/airflow/.local/lib/python3.7/site-packages/airflow/example_dags/example_dag_decorator.py
[2024-06-14T22:02:09.233+0000] {processor.py:743} INFO - Processing file /home/airflow/.local/lib/python3.7/site-packages/airflow/example_dags/example_dag_decorator.py for tasks to queue
[2024-06-14T22:02:09.234+0000] {logging_mixin.py:137} INFO - [2024-06-14T22:02:09.234+0000] {dagbag.py:538} INFO - Filling up the DagBag from /home/airflow/.local/lib/python3.7/site-packages/airflow/example_dags/example_dag_decorator.py
[2024-06-14T22:02:09.247+0000] {logging_mixin.py:137} INFO - [2024-06-14T22:02:09.247+0000] {taskmixin.py:205} WARNING - Dependency <Task(_PythonDecoratedOperator): prepare_email>, send_email already registered for DAG: example_dag_decorator
[2024-06-14T22:02:09.248+0000] {logging_mixin.py:137} INFO - [2024-06-14T22:02:09.248+0000] {taskmixin.py:205} WARNING - Dependency <Task(EmailOperator): send_email>, prepare_email already registered for DAG: example_dag_decorator
[2024-06-14T22:02:09.258+0000] {processor.py:753} INFO - DAG(s) dict_keys(['example_dag_decorator']) retrieved from /home/airflow/.local/lib/python3.7/site-packages/airflow/example_dags/example_dag_decorator.py
[2024-06-14T22:02:09.305+0000] {logging_mixin.py:137} INFO - [2024-06-14T22:02:09.305+0000] {dag.py:2690} INFO - Sync 1 DAGs
[2024-06-14T22:02:09.320+0000] {logging_mixin.py:137} INFO - [2024-06-14T22:02:09.320+0000] {dag.py:3441} INFO - Setting next_dagrun for example_dag_decorator to None, run_after=None
[2024-06-14T22:02:09.334+0000] {processor.py:175} INFO - Processing /home/airflow/.local/lib/python3.7/site-packages/airflow/example_dags/example_dag_decorator.py took 0.105 seconds
[2024-06-14T22:02:39.958+0000] {processor.py:153} INFO - Started process (PID=1245) to work on /home/airflow/.local/lib/python3.7/site-packages/airflow/example_dags/example_dag_decorator.py
[2024-06-14T22:02:39.959+0000] {processor.py:743} INFO - Processing file /home/airflow/.local/lib/python3.7/site-packages/airflow/example_dags/example_dag_decorator.py for tasks to queue
[2024-06-14T22:02:39.960+0000] {logging_mixin.py:137} INFO - [2024-06-14T22:02:39.960+0000] {dagbag.py:538} INFO - Filling up the DagBag from /home/airflow/.local/lib/python3.7/site-packages/airflow/example_dags/example_dag_decorator.py
[2024-06-14T22:02:39.973+0000] {logging_mixin.py:137} INFO - [2024-06-14T22:02:39.973+0000] {taskmixin.py:205} WARNING - Dependency <Task(_PythonDecoratedOperator): prepare_email>, send_email already registered for DAG: example_dag_decorator
[2024-06-14T22:02:39.974+0000] {logging_mixin.py:137} INFO - [2024-06-14T22:02:39.974+0000] {taskmixin.py:205} WARNING - Dependency <Task(EmailOperator): send_email>, prepare_email already registered for DAG: example_dag_decorator
[2024-06-14T22:02:39.983+0000] {processor.py:753} INFO - DAG(s) dict_keys(['example_dag_decorator']) retrieved from /home/airflow/.local/lib/python3.7/site-packages/airflow/example_dags/example_dag_decorator.py
[2024-06-14T22:02:40.032+0000] {logging_mixin.py:137} INFO - [2024-06-14T22:02:40.032+0000] {dag.py:2690} INFO - Sync 1 DAGs
[2024-06-14T22:02:40.047+0000] {logging_mixin.py:137} INFO - [2024-06-14T22:02:40.047+0000] {dag.py:3441} INFO - Setting next_dagrun for example_dag_decorator to None, run_after=None
[2024-06-14T22:02:40.062+0000] {processor.py:175} INFO - Processing /home/airflow/.local/lib/python3.7/site-packages/airflow/example_dags/example_dag_decorator.py took 0.107 seconds
[2024-06-14T22:03:10.570+0000] {processor.py:153} INFO - Started process (PID=1295) to work on /home/airflow/.local/lib/python3.7/site-packages/airflow/example_dags/example_dag_decorator.py
[2024-06-14T22:03:10.572+0000] {processor.py:743} INFO - Processing file /home/airflow/.local/lib/python3.7/site-packages/airflow/example_dags/example_dag_decorator.py for tasks to queue
[2024-06-14T22:03:10.573+0000] {logging_mixin.py:137} INFO - [2024-06-14T22:03:10.573+0000] {dagbag.py:538} INFO - Filling up the DagBag from /home/airflow/.local/lib/python3.7/site-packages/airflow/example_dags/example_dag_decorator.py
[2024-06-14T22:03:10.586+0000] {logging_mixin.py:137} INFO - [2024-06-14T22:03:10.586+0000] {taskmixin.py:205} WARNING - Dependency <Task(_PythonDecoratedOperator): prepare_email>, send_email already registered for DAG: example_dag_decorator
[2024-06-14T22:03:10.587+0000] {logging_mixin.py:137} INFO - [2024-06-14T22:03:10.587+0000] {taskmixin.py:205} WARNING - Dependency <Task(EmailOperator): send_email>, prepare_email already registered for DAG: example_dag_decorator
[2024-06-14T22:03:10.597+0000] {processor.py:753} INFO - DAG(s) dict_keys(['example_dag_decorator']) retrieved from /home/airflow/.local/lib/python3.7/site-packages/airflow/example_dags/example_dag_decorator.py
[2024-06-14T22:03:10.645+0000] {logging_mixin.py:137} INFO - [2024-06-14T22:03:10.645+0000] {dag.py:2690} INFO - Sync 1 DAGs
[2024-06-14T22:03:10.661+0000] {logging_mixin.py:137} INFO - [2024-06-14T22:03:10.661+0000] {dag.py:3441} INFO - Setting next_dagrun for example_dag_decorator to None, run_after=None
[2024-06-14T22:03:10.674+0000] {processor.py:175} INFO - Processing /home/airflow/.local/lib/python3.7/site-packages/airflow/example_dags/example_dag_decorator.py took 0.107 seconds
[2024-06-14T22:03:41.041+0000] {processor.py:153} INFO - Started process (PID=1345) to work on /home/airflow/.local/lib/python3.7/site-packages/airflow/example_dags/example_dag_decorator.py
[2024-06-14T22:03:41.043+0000] {processor.py:743} INFO - Processing file /home/airflow/.local/lib/python3.7/site-packages/airflow/example_dags/example_dag_decorator.py for tasks to queue
[2024-06-14T22:03:41.044+0000] {logging_mixin.py:137} INFO - [2024-06-14T22:03:41.044+0000] {dagbag.py:538} INFO - Filling up the DagBag from /home/airflow/.local/lib/python3.7/site-packages/airflow/example_dags/example_dag_decorator.py
[2024-06-14T22:03:41.056+0000] {logging_mixin.py:137} INFO - [2024-06-14T22:03:41.056+0000] {taskmixin.py:205} WARNING - Dependency <Task(_PythonDecoratedOperator): prepare_email>, send_email already registered for DAG: example_dag_decorator
[2024-06-14T22:03:41.057+0000] {logging_mixin.py:137} INFO - [2024-06-14T22:03:41.057+0000] {taskmixin.py:205} WARNING - Dependency <Task(EmailOperator): send_email>, prepare_email already registered for DAG: example_dag_decorator
[2024-06-14T22:03:41.067+0000] {processor.py:753} INFO - DAG(s) dict_keys(['example_dag_decorator']) retrieved from /home/airflow/.local/lib/python3.7/site-packages/airflow/example_dags/example_dag_decorator.py
[2024-06-14T22:03:41.114+0000] {logging_mixin.py:137} INFO - [2024-06-14T22:03:41.113+0000] {dag.py:2690} INFO - Sync 1 DAGs
[2024-06-14T22:03:41.129+0000] {logging_mixin.py:137} INFO - [2024-06-14T22:03:41.129+0000] {dag.py:3441} INFO - Setting next_dagrun for example_dag_decorator to None, run_after=None
[2024-06-14T22:03:41.142+0000] {processor.py:175} INFO - Processing /home/airflow/.local/lib/python3.7/site-packages/airflow/example_dags/example_dag_decorator.py took 0.104 seconds
[2024-06-14T22:04:11.454+0000] {processor.py:153} INFO - Started process (PID=1395) to work on /home/airflow/.local/lib/python3.7/site-packages/airflow/example_dags/example_dag_decorator.py
[2024-06-14T22:04:11.455+0000] {processor.py:743} INFO - Processing file /home/airflow/.local/lib/python3.7/site-packages/airflow/example_dags/example_dag_decorator.py for tasks to queue
[2024-06-14T22:04:11.456+0000] {logging_mixin.py:137} INFO - [2024-06-14T22:04:11.456+0000] {dagbag.py:538} INFO - Filling up the DagBag from /home/airflow/.local/lib/python3.7/site-packages/airflow/example_dags/example_dag_decorator.py
[2024-06-14T22:04:11.469+0000] {logging_mixin.py:137} INFO - [2024-06-14T22:04:11.469+0000] {taskmixin.py:205} WARNING - Dependency <Task(_PythonDecoratedOperator): prepare_email>, send_email already registered for DAG: example_dag_decorator
[2024-06-14T22:04:11.470+0000] {logging_mixin.py:137} INFO - [2024-06-14T22:04:11.470+0000] {taskmixin.py:205} WARNING - Dependency <Task(EmailOperator): send_email>, prepare_email already registered for DAG: example_dag_decorator
[2024-06-14T22:04:11.479+0000] {processor.py:753} INFO - DAG(s) dict_keys(['example_dag_decorator']) retrieved from /home/airflow/.local/lib/python3.7/site-packages/airflow/example_dags/example_dag_decorator.py
[2024-06-14T22:04:11.525+0000] {logging_mixin.py:137} INFO - [2024-06-14T22:04:11.525+0000] {dag.py:2690} INFO - Sync 1 DAGs
[2024-06-14T22:04:11.540+0000] {logging_mixin.py:137} INFO - [2024-06-14T22:04:11.540+0000] {dag.py:3441} INFO - Setting next_dagrun for example_dag_decorator to None, run_after=None
[2024-06-14T22:04:11.553+0000] {processor.py:175} INFO - Processing /home/airflow/.local/lib/python3.7/site-packages/airflow/example_dags/example_dag_decorator.py took 0.102 seconds
[2024-06-14T22:04:42.033+0000] {processor.py:153} INFO - Started process (PID=1444) to work on /home/airflow/.local/lib/python3.7/site-packages/airflow/example_dags/example_dag_decorator.py
[2024-06-14T22:04:42.034+0000] {processor.py:743} INFO - Processing file /home/airflow/.local/lib/python3.7/site-packages/airflow/example_dags/example_dag_decorator.py for tasks to queue
[2024-06-14T22:04:42.035+0000] {logging_mixin.py:137} INFO - [2024-06-14T22:04:42.035+0000] {dagbag.py:538} INFO - Filling up the DagBag from /home/airflow/.local/lib/python3.7/site-packages/airflow/example_dags/example_dag_decorator.py
[2024-06-14T22:04:42.048+0000] {logging_mixin.py:137} INFO - [2024-06-14T22:04:42.048+0000] {taskmixin.py:205} WARNING - Dependency <Task(_PythonDecoratedOperator): prepare_email>, send_email already registered for DAG: example_dag_decorator
[2024-06-14T22:04:42.048+0000] {logging_mixin.py:137} INFO - [2024-06-14T22:04:42.048+0000] {taskmixin.py:205} WARNING - Dependency <Task(EmailOperator): send_email>, prepare_email already registered for DAG: example_dag_decorator
[2024-06-14T22:04:42.058+0000] {processor.py:753} INFO - DAG(s) dict_keys(['example_dag_decorator']) retrieved from /home/airflow/.local/lib/python3.7/site-packages/airflow/example_dags/example_dag_decorator.py
[2024-06-14T22:04:42.105+0000] {logging_mixin.py:137} INFO - [2024-06-14T22:04:42.105+0000] {dag.py:2690} INFO - Sync 1 DAGs
[2024-06-14T22:04:42.120+0000] {logging_mixin.py:137} INFO - [2024-06-14T22:04:42.120+0000] {dag.py:3441} INFO - Setting next_dagrun for example_dag_decorator to None, run_after=None
[2024-06-14T22:04:42.134+0000] {processor.py:175} INFO - Processing /home/airflow/.local/lib/python3.7/site-packages/airflow/example_dags/example_dag_decorator.py took 0.104 seconds
[2024-06-14T22:05:12.642+0000] {processor.py:153} INFO - Started process (PID=1493) to work on /home/airflow/.local/lib/python3.7/site-packages/airflow/example_dags/example_dag_decorator.py
[2024-06-14T22:05:12.644+0000] {processor.py:743} INFO - Processing file /home/airflow/.local/lib/python3.7/site-packages/airflow/example_dags/example_dag_decorator.py for tasks to queue
[2024-06-14T22:05:12.649+0000] {logging_mixin.py:137} INFO - [2024-06-14T22:05:12.649+0000] {dagbag.py:538} INFO - Filling up the DagBag from /home/airflow/.local/lib/python3.7/site-packages/airflow/example_dags/example_dag_decorator.py
[2024-06-14T22:05:12.662+0000] {logging_mixin.py:137} INFO - [2024-06-14T22:05:12.662+0000] {taskmixin.py:205} WARNING - Dependency <Task(_PythonDecoratedOperator): prepare_email>, send_email already registered for DAG: example_dag_decorator
[2024-06-14T22:05:12.662+0000] {logging_mixin.py:137} INFO - [2024-06-14T22:05:12.662+0000] {taskmixin.py:205} WARNING - Dependency <Task(EmailOperator): send_email>, prepare_email already registered for DAG: example_dag_decorator
[2024-06-14T22:05:12.672+0000] {processor.py:753} INFO - DAG(s) dict_keys(['example_dag_decorator']) retrieved from /home/airflow/.local/lib/python3.7/site-packages/airflow/example_dags/example_dag_decorator.py
[2024-06-14T22:05:12.717+0000] {logging_mixin.py:137} INFO - [2024-06-14T22:05:12.717+0000] {dag.py:2690} INFO - Sync 1 DAGs
[2024-06-14T22:05:12.733+0000] {logging_mixin.py:137} INFO - [2024-06-14T22:05:12.732+0000] {dag.py:3441} INFO - Setting next_dagrun for example_dag_decorator to None, run_after=None
[2024-06-14T22:05:12.747+0000] {processor.py:175} INFO - Processing /home/airflow/.local/lib/python3.7/site-packages/airflow/example_dags/example_dag_decorator.py took 0.108 seconds
[2024-06-14T22:05:43.248+0000] {processor.py:153} INFO - Started process (PID=1543) to work on /home/airflow/.local/lib/python3.7/site-packages/airflow/example_dags/example_dag_decorator.py
[2024-06-14T22:05:43.249+0000] {processor.py:743} INFO - Processing file /home/airflow/.local/lib/python3.7/site-packages/airflow/example_dags/example_dag_decorator.py for tasks to queue
[2024-06-14T22:05:43.250+0000] {logging_mixin.py:137} INFO - [2024-06-14T22:05:43.250+0000] {dagbag.py:538} INFO - Filling up the DagBag from /home/airflow/.local/lib/python3.7/site-packages/airflow/example_dags/example_dag_decorator.py
[2024-06-14T22:05:43.263+0000] {logging_mixin.py:137} INFO - [2024-06-14T22:05:43.263+0000] {taskmixin.py:205} WARNING - Dependency <Task(_PythonDecoratedOperator): prepare_email>, send_email already registered for DAG: example_dag_decorator
[2024-06-14T22:05:43.263+0000] {logging_mixin.py:137} INFO - [2024-06-14T22:05:43.263+0000] {taskmixin.py:205} WARNING - Dependency <Task(EmailOperator): send_email>, prepare_email already registered for DAG: example_dag_decorator
[2024-06-14T22:05:43.273+0000] {processor.py:753} INFO - DAG(s) dict_keys(['example_dag_decorator']) retrieved from /home/airflow/.local/lib/python3.7/site-packages/airflow/example_dags/example_dag_decorator.py
[2024-06-14T22:05:43.320+0000] {logging_mixin.py:137} INFO - [2024-06-14T22:05:43.320+0000] {dag.py:2690} INFO - Sync 1 DAGs
[2024-06-14T22:05:43.335+0000] {logging_mixin.py:137} INFO - [2024-06-14T22:05:43.335+0000] {dag.py:3441} INFO - Setting next_dagrun for example_dag_decorator to None, run_after=None
[2024-06-14T22:05:43.348+0000] {processor.py:175} INFO - Processing /home/airflow/.local/lib/python3.7/site-packages/airflow/example_dags/example_dag_decorator.py took 0.103 seconds
[2024-06-14T22:06:13.862+0000] {processor.py:153} INFO - Started process (PID=1593) to work on /home/airflow/.local/lib/python3.7/site-packages/airflow/example_dags/example_dag_decorator.py
[2024-06-14T22:06:13.864+0000] {processor.py:743} INFO - Processing file /home/airflow/.local/lib/python3.7/site-packages/airflow/example_dags/example_dag_decorator.py for tasks to queue
[2024-06-14T22:06:13.865+0000] {logging_mixin.py:137} INFO - [2024-06-14T22:06:13.865+0000] {dagbag.py:538} INFO - Filling up the DagBag from /home/airflow/.local/lib/python3.7/site-packages/airflow/example_dags/example_dag_decorator.py
[2024-06-14T22:06:13.879+0000] {logging_mixin.py:137} INFO - [2024-06-14T22:06:13.879+0000] {taskmixin.py:205} WARNING - Dependency <Task(_PythonDecoratedOperator): prepare_email>, send_email already registered for DAG: example_dag_decorator
[2024-06-14T22:06:13.880+0000] {logging_mixin.py:137} INFO - [2024-06-14T22:06:13.880+0000] {taskmixin.py:205} WARNING - Dependency <Task(EmailOperator): send_email>, prepare_email already registered for DAG: example_dag_decorator
[2024-06-14T22:06:13.889+0000] {processor.py:753} INFO - DAG(s) dict_keys(['example_dag_decorator']) retrieved from /home/airflow/.local/lib/python3.7/site-packages/airflow/example_dags/example_dag_decorator.py
[2024-06-14T22:06:13.947+0000] {logging_mixin.py:137} INFO - [2024-06-14T22:06:13.947+0000] {dag.py:2690} INFO - Sync 1 DAGs
[2024-06-14T22:06:13.965+0000] {logging_mixin.py:137} INFO - [2024-06-14T22:06:13.965+0000] {dag.py:3441} INFO - Setting next_dagrun for example_dag_decorator to None, run_after=None
[2024-06-14T22:06:13.983+0000] {processor.py:175} INFO - Processing /home/airflow/.local/lib/python3.7/site-packages/airflow/example_dags/example_dag_decorator.py took 0.124 seconds
[2024-06-14T22:06:44.504+0000] {processor.py:153} INFO - Started process (PID=1643) to work on /home/airflow/.local/lib/python3.7/site-packages/airflow/example_dags/example_dag_decorator.py
[2024-06-14T22:06:44.506+0000] {processor.py:743} INFO - Processing file /home/airflow/.local/lib/python3.7/site-packages/airflow/example_dags/example_dag_decorator.py for tasks to queue
[2024-06-14T22:06:44.507+0000] {logging_mixin.py:137} INFO - [2024-06-14T22:06:44.507+0000] {dagbag.py:538} INFO - Filling up the DagBag from /home/airflow/.local/lib/python3.7/site-packages/airflow/example_dags/example_dag_decorator.py
[2024-06-14T22:06:44.520+0000] {logging_mixin.py:137} INFO - [2024-06-14T22:06:44.520+0000] {taskmixin.py:205} WARNING - Dependency <Task(_PythonDecoratedOperator): prepare_email>, send_email already registered for DAG: example_dag_decorator
[2024-06-14T22:06:44.521+0000] {logging_mixin.py:137} INFO - [2024-06-14T22:06:44.521+0000] {taskmixin.py:205} WARNING - Dependency <Task(EmailOperator): send_email>, prepare_email already registered for DAG: example_dag_decorator
[2024-06-14T22:06:44.530+0000] {processor.py:753} INFO - DAG(s) dict_keys(['example_dag_decorator']) retrieved from /home/airflow/.local/lib/python3.7/site-packages/airflow/example_dags/example_dag_decorator.py
[2024-06-14T22:06:44.579+0000] {logging_mixin.py:137} INFO - [2024-06-14T22:06:44.579+0000] {dag.py:2690} INFO - Sync 1 DAGs
[2024-06-14T22:06:44.594+0000] {logging_mixin.py:137} INFO - [2024-06-14T22:06:44.594+0000] {dag.py:3441} INFO - Setting next_dagrun for example_dag_decorator to None, run_after=None
[2024-06-14T22:06:44.607+0000] {processor.py:175} INFO - Processing /home/airflow/.local/lib/python3.7/site-packages/airflow/example_dags/example_dag_decorator.py took 0.106 seconds
[2024-06-14T22:07:14.950+0000] {processor.py:153} INFO - Started process (PID=1693) to work on /home/airflow/.local/lib/python3.7/site-packages/airflow/example_dags/example_dag_decorator.py
[2024-06-14T22:07:14.952+0000] {processor.py:743} INFO - Processing file /home/airflow/.local/lib/python3.7/site-packages/airflow/example_dags/example_dag_decorator.py for tasks to queue
[2024-06-14T22:07:14.953+0000] {logging_mixin.py:137} INFO - [2024-06-14T22:07:14.953+0000] {dagbag.py:538} INFO - Filling up the DagBag from /home/airflow/.local/lib/python3.7/site-packages/airflow/example_dags/example_dag_decorator.py
[2024-06-14T22:07:14.968+0000] {logging_mixin.py:137} INFO - [2024-06-14T22:07:14.968+0000] {taskmixin.py:205} WARNING - Dependency <Task(_PythonDecoratedOperator): prepare_email>, send_email already registered for DAG: example_dag_decorator
[2024-06-14T22:07:14.969+0000] {logging_mixin.py:137} INFO - [2024-06-14T22:07:14.969+0000] {taskmixin.py:205} WARNING - Dependency <Task(EmailOperator): send_email>, prepare_email already registered for DAG: example_dag_decorator
[2024-06-14T22:07:14.979+0000] {processor.py:753} INFO - DAG(s) dict_keys(['example_dag_decorator']) retrieved from /home/airflow/.local/lib/python3.7/site-packages/airflow/example_dags/example_dag_decorator.py
[2024-06-14T22:07:15.026+0000] {logging_mixin.py:137} INFO - [2024-06-14T22:07:15.026+0000] {dag.py:2690} INFO - Sync 1 DAGs
[2024-06-14T22:07:15.042+0000] {logging_mixin.py:137} INFO - [2024-06-14T22:07:15.042+0000] {dag.py:3441} INFO - Setting next_dagrun for example_dag_decorator to None, run_after=None
[2024-06-14T22:07:15.057+0000] {processor.py:175} INFO - Processing /home/airflow/.local/lib/python3.7/site-packages/airflow/example_dags/example_dag_decorator.py took 0.111 seconds
[2024-06-14T22:07:45.506+0000] {processor.py:153} INFO - Started process (PID=1743) to work on /home/airflow/.local/lib/python3.7/site-packages/airflow/example_dags/example_dag_decorator.py
[2024-06-14T22:07:45.508+0000] {processor.py:743} INFO - Processing file /home/airflow/.local/lib/python3.7/site-packages/airflow/example_dags/example_dag_decorator.py for tasks to queue
[2024-06-14T22:07:45.508+0000] {logging_mixin.py:137} INFO - [2024-06-14T22:07:45.508+0000] {dagbag.py:538} INFO - Filling up the DagBag from /home/airflow/.local/lib/python3.7/site-packages/airflow/example_dags/example_dag_decorator.py
[2024-06-14T22:07:45.522+0000] {logging_mixin.py:137} INFO - [2024-06-14T22:07:45.522+0000] {taskmixin.py:205} WARNING - Dependency <Task(_PythonDecoratedOperator): prepare_email>, send_email already registered for DAG: example_dag_decorator
[2024-06-14T22:07:45.523+0000] {logging_mixin.py:137} INFO - [2024-06-14T22:07:45.523+0000] {taskmixin.py:205} WARNING - Dependency <Task(EmailOperator): send_email>, prepare_email already registered for DAG: example_dag_decorator
[2024-06-14T22:07:45.533+0000] {processor.py:753} INFO - DAG(s) dict_keys(['example_dag_decorator']) retrieved from /home/airflow/.local/lib/python3.7/site-packages/airflow/example_dags/example_dag_decorator.py
[2024-06-14T22:07:45.580+0000] {logging_mixin.py:137} INFO - [2024-06-14T22:07:45.580+0000] {dag.py:2690} INFO - Sync 1 DAGs
[2024-06-14T22:07:45.597+0000] {logging_mixin.py:137} INFO - [2024-06-14T22:07:45.597+0000] {dag.py:3441} INFO - Setting next_dagrun for example_dag_decorator to None, run_after=None
[2024-06-14T22:07:45.611+0000] {processor.py:175} INFO - Processing /home/airflow/.local/lib/python3.7/site-packages/airflow/example_dags/example_dag_decorator.py took 0.107 seconds
[2024-06-14T22:08:16.134+0000] {processor.py:153} INFO - Started process (PID=1793) to work on /home/airflow/.local/lib/python3.7/site-packages/airflow/example_dags/example_dag_decorator.py
[2024-06-14T22:08:16.135+0000] {processor.py:743} INFO - Processing file /home/airflow/.local/lib/python3.7/site-packages/airflow/example_dags/example_dag_decorator.py for tasks to queue
[2024-06-14T22:08:16.137+0000] {logging_mixin.py:137} INFO - [2024-06-14T22:08:16.136+0000] {dagbag.py:538} INFO - Filling up the DagBag from /home/airflow/.local/lib/python3.7/site-packages/airflow/example_dags/example_dag_decorator.py
[2024-06-14T22:08:16.149+0000] {logging_mixin.py:137} INFO - [2024-06-14T22:08:16.149+0000] {taskmixin.py:205} WARNING - Dependency <Task(_PythonDecoratedOperator): prepare_email>, send_email already registered for DAG: example_dag_decorator
[2024-06-14T22:08:16.150+0000] {logging_mixin.py:137} INFO - [2024-06-14T22:08:16.150+0000] {taskmixin.py:205} WARNING - Dependency <Task(EmailOperator): send_email>, prepare_email already registered for DAG: example_dag_decorator
[2024-06-14T22:08:16.159+0000] {processor.py:753} INFO - DAG(s) dict_keys(['example_dag_decorator']) retrieved from /home/airflow/.local/lib/python3.7/site-packages/airflow/example_dags/example_dag_decorator.py
[2024-06-14T22:08:16.207+0000] {logging_mixin.py:137} INFO - [2024-06-14T22:08:16.207+0000] {dag.py:2690} INFO - Sync 1 DAGs
[2024-06-14T22:08:16.222+0000] {logging_mixin.py:137} INFO - [2024-06-14T22:08:16.222+0000] {dag.py:3441} INFO - Setting next_dagrun for example_dag_decorator to None, run_after=None
[2024-06-14T22:08:16.235+0000] {processor.py:175} INFO - Processing /home/airflow/.local/lib/python3.7/site-packages/airflow/example_dags/example_dag_decorator.py took 0.103 seconds
[2024-06-14T22:08:46.846+0000] {processor.py:153} INFO - Started process (PID=1843) to work on /home/airflow/.local/lib/python3.7/site-packages/airflow/example_dags/example_dag_decorator.py
[2024-06-14T22:08:46.847+0000] {processor.py:743} INFO - Processing file /home/airflow/.local/lib/python3.7/site-packages/airflow/example_dags/example_dag_decorator.py for tasks to queue
[2024-06-14T22:08:46.848+0000] {logging_mixin.py:137} INFO - [2024-06-14T22:08:46.848+0000] {dagbag.py:538} INFO - Filling up the DagBag from /home/airflow/.local/lib/python3.7/site-packages/airflow/example_dags/example_dag_decorator.py
[2024-06-14T22:08:46.861+0000] {logging_mixin.py:137} INFO - [2024-06-14T22:08:46.860+0000] {taskmixin.py:205} WARNING - Dependency <Task(_PythonDecoratedOperator): prepare_email>, send_email already registered for DAG: example_dag_decorator
[2024-06-14T22:08:46.861+0000] {logging_mixin.py:137} INFO - [2024-06-14T22:08:46.861+0000] {taskmixin.py:205} WARNING - Dependency <Task(EmailOperator): send_email>, prepare_email already registered for DAG: example_dag_decorator
[2024-06-14T22:08:46.871+0000] {processor.py:753} INFO - DAG(s) dict_keys(['example_dag_decorator']) retrieved from /home/airflow/.local/lib/python3.7/site-packages/airflow/example_dags/example_dag_decorator.py
[2024-06-14T22:08:46.918+0000] {logging_mixin.py:137} INFO - [2024-06-14T22:08:46.917+0000] {dag.py:2690} INFO - Sync 1 DAGs
[2024-06-14T22:08:46.933+0000] {logging_mixin.py:137} INFO - [2024-06-14T22:08:46.933+0000] {dag.py:3441} INFO - Setting next_dagrun for example_dag_decorator to None, run_after=None
[2024-06-14T22:08:46.949+0000] {processor.py:175} INFO - Processing /home/airflow/.local/lib/python3.7/site-packages/airflow/example_dags/example_dag_decorator.py took 0.106 seconds
[2024-06-14T22:09:17.306+0000] {processor.py:153} INFO - Started process (PID=1893) to work on /home/airflow/.local/lib/python3.7/site-packages/airflow/example_dags/example_dag_decorator.py
[2024-06-14T22:09:17.307+0000] {processor.py:743} INFO - Processing file /home/airflow/.local/lib/python3.7/site-packages/airflow/example_dags/example_dag_decorator.py for tasks to queue
[2024-06-14T22:09:17.308+0000] {logging_mixin.py:137} INFO - [2024-06-14T22:09:17.308+0000] {dagbag.py:538} INFO - Filling up the DagBag from /home/airflow/.local/lib/python3.7/site-packages/airflow/example_dags/example_dag_decorator.py
[2024-06-14T22:09:17.322+0000] {logging_mixin.py:137} INFO - [2024-06-14T22:09:17.321+0000] {taskmixin.py:205} WARNING - Dependency <Task(_PythonDecoratedOperator): prepare_email>, send_email already registered for DAG: example_dag_decorator
[2024-06-14T22:09:17.322+0000] {logging_mixin.py:137} INFO - [2024-06-14T22:09:17.322+0000] {taskmixin.py:205} WARNING - Dependency <Task(EmailOperator): send_email>, prepare_email already registered for DAG: example_dag_decorator
[2024-06-14T22:09:17.333+0000] {processor.py:753} INFO - DAG(s) dict_keys(['example_dag_decorator']) retrieved from /home/airflow/.local/lib/python3.7/site-packages/airflow/example_dags/example_dag_decorator.py
[2024-06-14T22:09:17.381+0000] {logging_mixin.py:137} INFO - [2024-06-14T22:09:17.381+0000] {dag.py:2690} INFO - Sync 1 DAGs
[2024-06-14T22:09:17.397+0000] {logging_mixin.py:137} INFO - [2024-06-14T22:09:17.397+0000] {dag.py:3441} INFO - Setting next_dagrun for example_dag_decorator to None, run_after=None
[2024-06-14T22:09:17.411+0000] {processor.py:175} INFO - Processing /home/airflow/.local/lib/python3.7/site-packages/airflow/example_dags/example_dag_decorator.py took 0.108 seconds
[2024-06-14T22:09:47.866+0000] {processor.py:153} INFO - Started process (PID=1943) to work on /home/airflow/.local/lib/python3.7/site-packages/airflow/example_dags/example_dag_decorator.py
[2024-06-14T22:09:47.867+0000] {processor.py:743} INFO - Processing file /home/airflow/.local/lib/python3.7/site-packages/airflow/example_dags/example_dag_decorator.py for tasks to queue
[2024-06-14T22:09:47.868+0000] {logging_mixin.py:137} INFO - [2024-06-14T22:09:47.868+0000] {dagbag.py:538} INFO - Filling up the DagBag from /home/airflow/.local/lib/python3.7/site-packages/airflow/example_dags/example_dag_decorator.py
[2024-06-14T22:09:47.881+0000] {logging_mixin.py:137} INFO - [2024-06-14T22:09:47.881+0000] {taskmixin.py:205} WARNING - Dependency <Task(_PythonDecoratedOperator): prepare_email>, send_email already registered for DAG: example_dag_decorator
[2024-06-14T22:09:47.882+0000] {logging_mixin.py:137} INFO - [2024-06-14T22:09:47.881+0000] {taskmixin.py:205} WARNING - Dependency <Task(EmailOperator): send_email>, prepare_email already registered for DAG: example_dag_decorator
[2024-06-14T22:09:47.891+0000] {processor.py:753} INFO - DAG(s) dict_keys(['example_dag_decorator']) retrieved from /home/airflow/.local/lib/python3.7/site-packages/airflow/example_dags/example_dag_decorator.py
[2024-06-14T22:09:47.937+0000] {logging_mixin.py:137} INFO - [2024-06-14T22:09:47.937+0000] {dag.py:2690} INFO - Sync 1 DAGs
[2024-06-14T22:09:47.952+0000] {logging_mixin.py:137} INFO - [2024-06-14T22:09:47.952+0000] {dag.py:3441} INFO - Setting next_dagrun for example_dag_decorator to None, run_after=None
[2024-06-14T22:09:47.964+0000] {processor.py:175} INFO - Processing /home/airflow/.local/lib/python3.7/site-packages/airflow/example_dags/example_dag_decorator.py took 0.101 seconds
[2024-06-14T22:10:18.339+0000] {processor.py:153} INFO - Started process (PID=1993) to work on /home/airflow/.local/lib/python3.7/site-packages/airflow/example_dags/example_dag_decorator.py
[2024-06-14T22:10:18.341+0000] {processor.py:743} INFO - Processing file /home/airflow/.local/lib/python3.7/site-packages/airflow/example_dags/example_dag_decorator.py for tasks to queue
[2024-06-14T22:10:18.342+0000] {logging_mixin.py:137} INFO - [2024-06-14T22:10:18.341+0000] {dagbag.py:538} INFO - Filling up the DagBag from /home/airflow/.local/lib/python3.7/site-packages/airflow/example_dags/example_dag_decorator.py
[2024-06-14T22:10:18.354+0000] {logging_mixin.py:137} INFO - [2024-06-14T22:10:18.354+0000] {taskmixin.py:205} WARNING - Dependency <Task(_PythonDecoratedOperator): prepare_email>, send_email already registered for DAG: example_dag_decorator
[2024-06-14T22:10:18.355+0000] {logging_mixin.py:137} INFO - [2024-06-14T22:10:18.355+0000] {taskmixin.py:205} WARNING - Dependency <Task(EmailOperator): send_email>, prepare_email already registered for DAG: example_dag_decorator
[2024-06-14T22:10:18.364+0000] {processor.py:753} INFO - DAG(s) dict_keys(['example_dag_decorator']) retrieved from /home/airflow/.local/lib/python3.7/site-packages/airflow/example_dags/example_dag_decorator.py
[2024-06-14T22:10:18.410+0000] {logging_mixin.py:137} INFO - [2024-06-14T22:10:18.410+0000] {dag.py:2690} INFO - Sync 1 DAGs
[2024-06-14T22:10:18.425+0000] {logging_mixin.py:137} INFO - [2024-06-14T22:10:18.425+0000] {dag.py:3441} INFO - Setting next_dagrun for example_dag_decorator to None, run_after=None
[2024-06-14T22:10:18.437+0000] {processor.py:175} INFO - Processing /home/airflow/.local/lib/python3.7/site-packages/airflow/example_dags/example_dag_decorator.py took 0.101 seconds
[2024-06-14T22:58:48.784+0000] {processor.py:153} INFO - Started process (PID=2043) to work on /home/airflow/.local/lib/python3.7/site-packages/airflow/example_dags/example_dag_decorator.py
[2024-06-14T22:58:48.786+0000] {processor.py:743} INFO - Processing file /home/airflow/.local/lib/python3.7/site-packages/airflow/example_dags/example_dag_decorator.py for tasks to queue
[2024-06-14T22:58:48.786+0000] {logging_mixin.py:137} INFO - [2024-06-14T22:58:48.786+0000] {dagbag.py:538} INFO - Filling up the DagBag from /home/airflow/.local/lib/python3.7/site-packages/airflow/example_dags/example_dag_decorator.py
[2024-06-14T22:58:48.801+0000] {logging_mixin.py:137} INFO - [2024-06-14T22:58:48.801+0000] {taskmixin.py:205} WARNING - Dependency <Task(_PythonDecoratedOperator): prepare_email>, send_email already registered for DAG: example_dag_decorator
[2024-06-14T22:58:48.802+0000] {logging_mixin.py:137} INFO - [2024-06-14T22:58:48.802+0000] {taskmixin.py:205} WARNING - Dependency <Task(EmailOperator): send_email>, prepare_email already registered for DAG: example_dag_decorator
[2024-06-14T22:58:48.812+0000] {processor.py:753} INFO - DAG(s) dict_keys(['example_dag_decorator']) retrieved from /home/airflow/.local/lib/python3.7/site-packages/airflow/example_dags/example_dag_decorator.py
[2024-06-14T22:58:48.858+0000] {logging_mixin.py:137} INFO - [2024-06-14T22:58:48.858+0000] {dag.py:2690} INFO - Sync 1 DAGs
[2024-06-14T22:58:48.873+0000] {logging_mixin.py:137} INFO - [2024-06-14T22:58:48.873+0000] {dag.py:3441} INFO - Setting next_dagrun for example_dag_decorator to None, run_after=None
[2024-06-14T22:58:48.887+0000] {processor.py:175} INFO - Processing /home/airflow/.local/lib/python3.7/site-packages/airflow/example_dags/example_dag_decorator.py took 0.107 seconds
[2024-06-14T23:14:21.024+0000] {processor.py:153} INFO - Started process (PID=2093) to work on /home/airflow/.local/lib/python3.7/site-packages/airflow/example_dags/example_dag_decorator.py
[2024-06-14T23:14:21.101+0000] {processor.py:743} INFO - Processing file /home/airflow/.local/lib/python3.7/site-packages/airflow/example_dags/example_dag_decorator.py for tasks to queue
[2024-06-14T23:14:21.234+0000] {logging_mixin.py:137} INFO - [2024-06-14T23:14:21.233+0000] {dagbag.py:538} INFO - Filling up the DagBag from /home/airflow/.local/lib/python3.7/site-packages/airflow/example_dags/example_dag_decorator.py
[2024-06-14T23:14:21.589+0000] {logging_mixin.py:137} INFO - [2024-06-14T23:14:21.588+0000] {taskmixin.py:205} WARNING - Dependency <Task(_PythonDecoratedOperator): prepare_email>, send_email already registered for DAG: example_dag_decorator
[2024-06-14T23:14:21.700+0000] {logging_mixin.py:137} INFO - [2024-06-14T23:14:21.699+0000] {taskmixin.py:205} WARNING - Dependency <Task(EmailOperator): send_email>, prepare_email already registered for DAG: example_dag_decorator
[2024-06-14T23:14:21.838+0000] {processor.py:753} INFO - DAG(s) dict_keys(['example_dag_decorator']) retrieved from /home/airflow/.local/lib/python3.7/site-packages/airflow/example_dags/example_dag_decorator.py
[2024-06-14T23:14:22.567+0000] {logging_mixin.py:137} INFO - [2024-06-14T23:14:22.566+0000] {dag.py:2690} INFO - Sync 1 DAGs
[2024-06-14T23:14:22.874+0000] {logging_mixin.py:137} INFO - [2024-06-14T23:14:22.873+0000] {dag.py:3441} INFO - Setting next_dagrun for example_dag_decorator to None, run_after=None
[2024-06-14T23:14:23.205+0000] {processor.py:175} INFO - Processing /home/airflow/.local/lib/python3.7/site-packages/airflow/example_dags/example_dag_decorator.py took 2.216 seconds
