[2024-06-14T21:50:28.027+0000] {processor.py:153} INFO - Started process (PID=69) to work on /home/airflow/.local/lib/python3.7/site-packages/airflow/example_dags/example_branch_operator_decorator.py
[2024-06-14T21:50:28.028+0000] {processor.py:743} INFO - Processing file /home/airflow/.local/lib/python3.7/site-packages/airflow/example_dags/example_branch_operator_decorator.py for tasks to queue
[2024-06-14T21:50:28.029+0000] {logging_mixin.py:137} INFO - [2024-06-14T21:50:28.029+0000] {dagbag.py:538} INFO - Filling up the DagBag from /home/airflow/.local/lib/python3.7/site-packages/airflow/example_dags/example_branch_operator_decorator.py
[2024-06-14T21:50:28.052+0000] {processor.py:753} INFO - DAG(s) dict_keys(['example_branch_python_operator_decorator']) retrieved from /home/airflow/.local/lib/python3.7/site-packages/airflow/example_dags/example_branch_operator_decorator.py
[2024-06-14T21:50:28.074+0000] {logging_mixin.py:137} INFO - [2024-06-14T21:50:28.074+0000] {dag.py:2690} INFO - Sync 1 DAGs
[2024-06-14T21:50:28.095+0000] {logging_mixin.py:137} INFO - [2024-06-14T21:50:28.095+0000] {dag.py:3441} INFO - Setting next_dagrun for example_branch_python_operator_decorator to 2024-06-13T00:00:00+00:00, run_after=2024-06-14T00:00:00+00:00
[2024-06-14T21:50:28.110+0000] {processor.py:175} INFO - Processing /home/airflow/.local/lib/python3.7/site-packages/airflow/example_dags/example_branch_operator_decorator.py took 0.087 seconds
[2024-06-14T21:50:58.908+0000] {processor.py:153} INFO - Started process (PID=119) to work on /home/airflow/.local/lib/python3.7/site-packages/airflow/example_dags/example_branch_operator_decorator.py
[2024-06-14T21:50:58.910+0000] {processor.py:743} INFO - Processing file /home/airflow/.local/lib/python3.7/site-packages/airflow/example_dags/example_branch_operator_decorator.py for tasks to queue
[2024-06-14T21:50:58.911+0000] {logging_mixin.py:137} INFO - [2024-06-14T21:50:58.911+0000] {dagbag.py:538} INFO - Filling up the DagBag from /home/airflow/.local/lib/python3.7/site-packages/airflow/example_dags/example_branch_operator_decorator.py
[2024-06-14T21:50:58.929+0000] {processor.py:753} INFO - DAG(s) dict_keys(['example_branch_python_operator_decorator']) retrieved from /home/airflow/.local/lib/python3.7/site-packages/airflow/example_dags/example_branch_operator_decorator.py
[2024-06-14T21:50:58.951+0000] {logging_mixin.py:137} INFO - [2024-06-14T21:50:58.951+0000] {dag.py:2690} INFO - Sync 1 DAGs
[2024-06-14T21:50:58.970+0000] {logging_mixin.py:137} INFO - [2024-06-14T21:50:58.969+0000] {dag.py:3441} INFO - Setting next_dagrun for example_branch_python_operator_decorator to 2024-06-13T00:00:00+00:00, run_after=2024-06-14T00:00:00+00:00
[2024-06-14T21:50:58.982+0000] {processor.py:175} INFO - Processing /home/airflow/.local/lib/python3.7/site-packages/airflow/example_dags/example_branch_operator_decorator.py took 0.077 seconds
[2024-06-14T21:51:29.349+0000] {processor.py:153} INFO - Started process (PID=169) to work on /home/airflow/.local/lib/python3.7/site-packages/airflow/example_dags/example_branch_operator_decorator.py
[2024-06-14T21:51:29.350+0000] {processor.py:743} INFO - Processing file /home/airflow/.local/lib/python3.7/site-packages/airflow/example_dags/example_branch_operator_decorator.py for tasks to queue
[2024-06-14T21:51:29.351+0000] {logging_mixin.py:137} INFO - [2024-06-14T21:51:29.351+0000] {dagbag.py:538} INFO - Filling up the DagBag from /home/airflow/.local/lib/python3.7/site-packages/airflow/example_dags/example_branch_operator_decorator.py
[2024-06-14T21:51:29.369+0000] {processor.py:753} INFO - DAG(s) dict_keys(['example_branch_python_operator_decorator']) retrieved from /home/airflow/.local/lib/python3.7/site-packages/airflow/example_dags/example_branch_operator_decorator.py
[2024-06-14T21:51:29.391+0000] {logging_mixin.py:137} INFO - [2024-06-14T21:51:29.391+0000] {dag.py:2690} INFO - Sync 1 DAGs
[2024-06-14T21:51:29.409+0000] {logging_mixin.py:137} INFO - [2024-06-14T21:51:29.409+0000] {dag.py:3441} INFO - Setting next_dagrun for example_branch_python_operator_decorator to 2024-06-13T00:00:00+00:00, run_after=2024-06-14T00:00:00+00:00
[2024-06-14T21:51:29.422+0000] {processor.py:175} INFO - Processing /home/airflow/.local/lib/python3.7/site-packages/airflow/example_dags/example_branch_operator_decorator.py took 0.077 seconds
[2024-06-14T21:51:59.734+0000] {processor.py:153} INFO - Started process (PID=219) to work on /home/airflow/.local/lib/python3.7/site-packages/airflow/example_dags/example_branch_operator_decorator.py
[2024-06-14T21:51:59.735+0000] {processor.py:743} INFO - Processing file /home/airflow/.local/lib/python3.7/site-packages/airflow/example_dags/example_branch_operator_decorator.py for tasks to queue
[2024-06-14T21:51:59.736+0000] {logging_mixin.py:137} INFO - [2024-06-14T21:51:59.736+0000] {dagbag.py:538} INFO - Filling up the DagBag from /home/airflow/.local/lib/python3.7/site-packages/airflow/example_dags/example_branch_operator_decorator.py
[2024-06-14T21:51:59.754+0000] {processor.py:753} INFO - DAG(s) dict_keys(['example_branch_python_operator_decorator']) retrieved from /home/airflow/.local/lib/python3.7/site-packages/airflow/example_dags/example_branch_operator_decorator.py
[2024-06-14T21:51:59.777+0000] {logging_mixin.py:137} INFO - [2024-06-14T21:51:59.777+0000] {dag.py:2690} INFO - Sync 1 DAGs
[2024-06-14T21:51:59.796+0000] {logging_mixin.py:137} INFO - [2024-06-14T21:51:59.796+0000] {dag.py:3441} INFO - Setting next_dagrun for example_branch_python_operator_decorator to 2024-06-13T00:00:00+00:00, run_after=2024-06-14T00:00:00+00:00
[2024-06-14T21:51:59.809+0000] {processor.py:175} INFO - Processing /home/airflow/.local/lib/python3.7/site-packages/airflow/example_dags/example_branch_operator_decorator.py took 0.078 seconds
[2024-06-14T21:52:30.401+0000] {processor.py:153} INFO - Started process (PID=269) to work on /home/airflow/.local/lib/python3.7/site-packages/airflow/example_dags/example_branch_operator_decorator.py
[2024-06-14T21:52:30.403+0000] {processor.py:743} INFO - Processing file /home/airflow/.local/lib/python3.7/site-packages/airflow/example_dags/example_branch_operator_decorator.py for tasks to queue
[2024-06-14T21:52:30.404+0000] {logging_mixin.py:137} INFO - [2024-06-14T21:52:30.403+0000] {dagbag.py:538} INFO - Filling up the DagBag from /home/airflow/.local/lib/python3.7/site-packages/airflow/example_dags/example_branch_operator_decorator.py
[2024-06-14T21:52:30.422+0000] {processor.py:753} INFO - DAG(s) dict_keys(['example_branch_python_operator_decorator']) retrieved from /home/airflow/.local/lib/python3.7/site-packages/airflow/example_dags/example_branch_operator_decorator.py
[2024-06-14T21:52:30.443+0000] {logging_mixin.py:137} INFO - [2024-06-14T21:52:30.443+0000] {dag.py:2690} INFO - Sync 1 DAGs
[2024-06-14T21:52:30.461+0000] {logging_mixin.py:137} INFO - [2024-06-14T21:52:30.461+0000] {dag.py:3441} INFO - Setting next_dagrun for example_branch_python_operator_decorator to 2024-06-13T00:00:00+00:00, run_after=2024-06-14T00:00:00+00:00
[2024-06-14T21:52:30.472+0000] {processor.py:175} INFO - Processing /home/airflow/.local/lib/python3.7/site-packages/airflow/example_dags/example_branch_operator_decorator.py took 0.074 seconds
[2024-06-14T21:53:00.804+0000] {processor.py:153} INFO - Started process (PID=318) to work on /home/airflow/.local/lib/python3.7/site-packages/airflow/example_dags/example_branch_operator_decorator.py
[2024-06-14T21:53:00.806+0000] {processor.py:743} INFO - Processing file /home/airflow/.local/lib/python3.7/site-packages/airflow/example_dags/example_branch_operator_decorator.py for tasks to queue
[2024-06-14T21:53:00.807+0000] {logging_mixin.py:137} INFO - [2024-06-14T21:53:00.806+0000] {dagbag.py:538} INFO - Filling up the DagBag from /home/airflow/.local/lib/python3.7/site-packages/airflow/example_dags/example_branch_operator_decorator.py
[2024-06-14T21:53:00.825+0000] {processor.py:753} INFO - DAG(s) dict_keys(['example_branch_python_operator_decorator']) retrieved from /home/airflow/.local/lib/python3.7/site-packages/airflow/example_dags/example_branch_operator_decorator.py
[2024-06-14T21:53:00.849+0000] {logging_mixin.py:137} INFO - [2024-06-14T21:53:00.849+0000] {dag.py:2690} INFO - Sync 1 DAGs
[2024-06-14T21:53:00.867+0000] {logging_mixin.py:137} INFO - [2024-06-14T21:53:00.867+0000] {dag.py:3441} INFO - Setting next_dagrun for example_branch_python_operator_decorator to 2024-06-13T00:00:00+00:00, run_after=2024-06-14T00:00:00+00:00
[2024-06-14T21:53:00.881+0000] {processor.py:175} INFO - Processing /home/airflow/.local/lib/python3.7/site-packages/airflow/example_dags/example_branch_operator_decorator.py took 0.080 seconds
[2024-06-14T21:53:31.500+0000] {processor.py:153} INFO - Started process (PID=368) to work on /home/airflow/.local/lib/python3.7/site-packages/airflow/example_dags/example_branch_operator_decorator.py
[2024-06-14T21:53:31.502+0000] {processor.py:743} INFO - Processing file /home/airflow/.local/lib/python3.7/site-packages/airflow/example_dags/example_branch_operator_decorator.py for tasks to queue
[2024-06-14T21:53:31.503+0000] {logging_mixin.py:137} INFO - [2024-06-14T21:53:31.503+0000] {dagbag.py:538} INFO - Filling up the DagBag from /home/airflow/.local/lib/python3.7/site-packages/airflow/example_dags/example_branch_operator_decorator.py
[2024-06-14T21:53:31.524+0000] {processor.py:753} INFO - DAG(s) dict_keys(['example_branch_python_operator_decorator']) retrieved from /home/airflow/.local/lib/python3.7/site-packages/airflow/example_dags/example_branch_operator_decorator.py
[2024-06-14T21:53:31.549+0000] {logging_mixin.py:137} INFO - [2024-06-14T21:53:31.549+0000] {dag.py:2690} INFO - Sync 1 DAGs
[2024-06-14T21:53:31.569+0000] {logging_mixin.py:137} INFO - [2024-06-14T21:53:31.569+0000] {dag.py:3441} INFO - Setting next_dagrun for example_branch_python_operator_decorator to 2024-06-13T00:00:00+00:00, run_after=2024-06-14T00:00:00+00:00
[2024-06-14T21:53:31.586+0000] {processor.py:175} INFO - Processing /home/airflow/.local/lib/python3.7/site-packages/airflow/example_dags/example_branch_operator_decorator.py took 0.088 seconds
[2024-06-14T21:54:02.250+0000] {processor.py:153} INFO - Started process (PID=418) to work on /home/airflow/.local/lib/python3.7/site-packages/airflow/example_dags/example_branch_operator_decorator.py
[2024-06-14T21:54:02.251+0000] {processor.py:743} INFO - Processing file /home/airflow/.local/lib/python3.7/site-packages/airflow/example_dags/example_branch_operator_decorator.py for tasks to queue
[2024-06-14T21:54:02.252+0000] {logging_mixin.py:137} INFO - [2024-06-14T21:54:02.252+0000] {dagbag.py:538} INFO - Filling up the DagBag from /home/airflow/.local/lib/python3.7/site-packages/airflow/example_dags/example_branch_operator_decorator.py
[2024-06-14T21:54:02.271+0000] {processor.py:753} INFO - DAG(s) dict_keys(['example_branch_python_operator_decorator']) retrieved from /home/airflow/.local/lib/python3.7/site-packages/airflow/example_dags/example_branch_operator_decorator.py
[2024-06-14T21:54:02.298+0000] {logging_mixin.py:137} INFO - [2024-06-14T21:54:02.298+0000] {dag.py:2690} INFO - Sync 1 DAGs
[2024-06-14T21:54:02.321+0000] {logging_mixin.py:137} INFO - [2024-06-14T21:54:02.321+0000] {dag.py:3441} INFO - Setting next_dagrun for example_branch_python_operator_decorator to 2024-06-13T00:00:00+00:00, run_after=2024-06-14T00:00:00+00:00
[2024-06-14T21:54:02.391+0000] {processor.py:175} INFO - Processing /home/airflow/.local/lib/python3.7/site-packages/airflow/example_dags/example_branch_operator_decorator.py took 0.144 seconds
[2024-06-14T21:54:32.975+0000] {processor.py:153} INFO - Started process (PID=468) to work on /home/airflow/.local/lib/python3.7/site-packages/airflow/example_dags/example_branch_operator_decorator.py
[2024-06-14T21:54:32.977+0000] {processor.py:743} INFO - Processing file /home/airflow/.local/lib/python3.7/site-packages/airflow/example_dags/example_branch_operator_decorator.py for tasks to queue
[2024-06-14T21:54:32.978+0000] {logging_mixin.py:137} INFO - [2024-06-14T21:54:32.978+0000] {dagbag.py:538} INFO - Filling up the DagBag from /home/airflow/.local/lib/python3.7/site-packages/airflow/example_dags/example_branch_operator_decorator.py
[2024-06-14T21:54:33.000+0000] {processor.py:753} INFO - DAG(s) dict_keys(['example_branch_python_operator_decorator']) retrieved from /home/airflow/.local/lib/python3.7/site-packages/airflow/example_dags/example_branch_operator_decorator.py
[2024-06-14T21:54:33.023+0000] {logging_mixin.py:137} INFO - [2024-06-14T21:54:33.023+0000] {dag.py:2690} INFO - Sync 1 DAGs
[2024-06-14T21:54:33.040+0000] {logging_mixin.py:137} INFO - [2024-06-14T21:54:33.040+0000] {dag.py:3441} INFO - Setting next_dagrun for example_branch_python_operator_decorator to 2024-06-13T00:00:00+00:00, run_after=2024-06-14T00:00:00+00:00
[2024-06-14T21:54:33.054+0000] {processor.py:175} INFO - Processing /home/airflow/.local/lib/python3.7/site-packages/airflow/example_dags/example_branch_operator_decorator.py took 0.084 seconds
[2024-06-14T21:55:03.602+0000] {processor.py:153} INFO - Started process (PID=518) to work on /home/airflow/.local/lib/python3.7/site-packages/airflow/example_dags/example_branch_operator_decorator.py
[2024-06-14T21:55:03.603+0000] {processor.py:743} INFO - Processing file /home/airflow/.local/lib/python3.7/site-packages/airflow/example_dags/example_branch_operator_decorator.py for tasks to queue
[2024-06-14T21:55:03.604+0000] {logging_mixin.py:137} INFO - [2024-06-14T21:55:03.604+0000] {dagbag.py:538} INFO - Filling up the DagBag from /home/airflow/.local/lib/python3.7/site-packages/airflow/example_dags/example_branch_operator_decorator.py
[2024-06-14T21:55:03.624+0000] {processor.py:753} INFO - DAG(s) dict_keys(['example_branch_python_operator_decorator']) retrieved from /home/airflow/.local/lib/python3.7/site-packages/airflow/example_dags/example_branch_operator_decorator.py
[2024-06-14T21:55:03.650+0000] {logging_mixin.py:137} INFO - [2024-06-14T21:55:03.650+0000] {dag.py:2690} INFO - Sync 1 DAGs
[2024-06-14T21:55:03.670+0000] {logging_mixin.py:137} INFO - [2024-06-14T21:55:03.670+0000] {dag.py:3441} INFO - Setting next_dagrun for example_branch_python_operator_decorator to 2024-06-13T00:00:00+00:00, run_after=2024-06-14T00:00:00+00:00
[2024-06-14T21:55:03.684+0000] {processor.py:175} INFO - Processing /home/airflow/.local/lib/python3.7/site-packages/airflow/example_dags/example_branch_operator_decorator.py took 0.085 seconds
[2024-06-14T21:55:34.105+0000] {processor.py:153} INFO - Started process (PID=568) to work on /home/airflow/.local/lib/python3.7/site-packages/airflow/example_dags/example_branch_operator_decorator.py
[2024-06-14T21:55:34.107+0000] {processor.py:743} INFO - Processing file /home/airflow/.local/lib/python3.7/site-packages/airflow/example_dags/example_branch_operator_decorator.py for tasks to queue
[2024-06-14T21:55:34.107+0000] {logging_mixin.py:137} INFO - [2024-06-14T21:55:34.107+0000] {dagbag.py:538} INFO - Filling up the DagBag from /home/airflow/.local/lib/python3.7/site-packages/airflow/example_dags/example_branch_operator_decorator.py
[2024-06-14T21:55:34.126+0000] {processor.py:753} INFO - DAG(s) dict_keys(['example_branch_python_operator_decorator']) retrieved from /home/airflow/.local/lib/python3.7/site-packages/airflow/example_dags/example_branch_operator_decorator.py
[2024-06-14T21:55:34.148+0000] {logging_mixin.py:137} INFO - [2024-06-14T21:55:34.148+0000] {dag.py:2690} INFO - Sync 1 DAGs
[2024-06-14T21:55:34.167+0000] {logging_mixin.py:137} INFO - [2024-06-14T21:55:34.167+0000] {dag.py:3441} INFO - Setting next_dagrun for example_branch_python_operator_decorator to 2024-06-13T00:00:00+00:00, run_after=2024-06-14T00:00:00+00:00
[2024-06-14T21:55:34.181+0000] {processor.py:175} INFO - Processing /home/airflow/.local/lib/python3.7/site-packages/airflow/example_dags/example_branch_operator_decorator.py took 0.079 seconds
[2024-06-14T21:56:04.978+0000] {processor.py:153} INFO - Started process (PID=618) to work on /home/airflow/.local/lib/python3.7/site-packages/airflow/example_dags/example_branch_operator_decorator.py
[2024-06-14T21:56:04.979+0000] {processor.py:743} INFO - Processing file /home/airflow/.local/lib/python3.7/site-packages/airflow/example_dags/example_branch_operator_decorator.py for tasks to queue
[2024-06-14T21:56:04.981+0000] {logging_mixin.py:137} INFO - [2024-06-14T21:56:04.980+0000] {dagbag.py:538} INFO - Filling up the DagBag from /home/airflow/.local/lib/python3.7/site-packages/airflow/example_dags/example_branch_operator_decorator.py
[2024-06-14T21:56:04.999+0000] {processor.py:753} INFO - DAG(s) dict_keys(['example_branch_python_operator_decorator']) retrieved from /home/airflow/.local/lib/python3.7/site-packages/airflow/example_dags/example_branch_operator_decorator.py
[2024-06-14T21:56:05.025+0000] {logging_mixin.py:137} INFO - [2024-06-14T21:56:05.025+0000] {dag.py:2690} INFO - Sync 1 DAGs
[2024-06-14T21:56:05.045+0000] {logging_mixin.py:137} INFO - [2024-06-14T21:56:05.045+0000] {dag.py:3441} INFO - Setting next_dagrun for example_branch_python_operator_decorator to 2024-06-13T00:00:00+00:00, run_after=2024-06-14T00:00:00+00:00
[2024-06-14T21:56:05.061+0000] {processor.py:175} INFO - Processing /home/airflow/.local/lib/python3.7/site-packages/airflow/example_dags/example_branch_operator_decorator.py took 0.086 seconds
[2024-06-14T21:56:35.782+0000] {processor.py:153} INFO - Started process (PID=668) to work on /home/airflow/.local/lib/python3.7/site-packages/airflow/example_dags/example_branch_operator_decorator.py
[2024-06-14T21:56:35.784+0000] {processor.py:743} INFO - Processing file /home/airflow/.local/lib/python3.7/site-packages/airflow/example_dags/example_branch_operator_decorator.py for tasks to queue
[2024-06-14T21:56:35.785+0000] {logging_mixin.py:137} INFO - [2024-06-14T21:56:35.785+0000] {dagbag.py:538} INFO - Filling up the DagBag from /home/airflow/.local/lib/python3.7/site-packages/airflow/example_dags/example_branch_operator_decorator.py
[2024-06-14T21:56:35.808+0000] {processor.py:753} INFO - DAG(s) dict_keys(['example_branch_python_operator_decorator']) retrieved from /home/airflow/.local/lib/python3.7/site-packages/airflow/example_dags/example_branch_operator_decorator.py
[2024-06-14T21:56:35.832+0000] {logging_mixin.py:137} INFO - [2024-06-14T21:56:35.832+0000] {dag.py:2690} INFO - Sync 1 DAGs
[2024-06-14T21:56:35.853+0000] {logging_mixin.py:137} INFO - [2024-06-14T21:56:35.853+0000] {dag.py:3441} INFO - Setting next_dagrun for example_branch_python_operator_decorator to 2024-06-13T00:00:00+00:00, run_after=2024-06-14T00:00:00+00:00
[2024-06-14T21:56:35.869+0000] {processor.py:175} INFO - Processing /home/airflow/.local/lib/python3.7/site-packages/airflow/example_dags/example_branch_operator_decorator.py took 0.090 seconds
[2024-06-14T21:57:06.274+0000] {processor.py:153} INFO - Started process (PID=718) to work on /home/airflow/.local/lib/python3.7/site-packages/airflow/example_dags/example_branch_operator_decorator.py
[2024-06-14T21:57:06.276+0000] {processor.py:743} INFO - Processing file /home/airflow/.local/lib/python3.7/site-packages/airflow/example_dags/example_branch_operator_decorator.py for tasks to queue
[2024-06-14T21:57:06.277+0000] {logging_mixin.py:137} INFO - [2024-06-14T21:57:06.276+0000] {dagbag.py:538} INFO - Filling up the DagBag from /home/airflow/.local/lib/python3.7/site-packages/airflow/example_dags/example_branch_operator_decorator.py
[2024-06-14T21:57:06.295+0000] {processor.py:753} INFO - DAG(s) dict_keys(['example_branch_python_operator_decorator']) retrieved from /home/airflow/.local/lib/python3.7/site-packages/airflow/example_dags/example_branch_operator_decorator.py
[2024-06-14T21:57:06.319+0000] {logging_mixin.py:137} INFO - [2024-06-14T21:57:06.319+0000] {dag.py:2690} INFO - Sync 1 DAGs
[2024-06-14T21:57:06.337+0000] {logging_mixin.py:137} INFO - [2024-06-14T21:57:06.337+0000] {dag.py:3441} INFO - Setting next_dagrun for example_branch_python_operator_decorator to 2024-06-13T00:00:00+00:00, run_after=2024-06-14T00:00:00+00:00
[2024-06-14T21:57:06.352+0000] {processor.py:175} INFO - Processing /home/airflow/.local/lib/python3.7/site-packages/airflow/example_dags/example_branch_operator_decorator.py took 0.080 seconds
[2024-06-14T21:57:36.730+0000] {processor.py:153} INFO - Started process (PID=768) to work on /home/airflow/.local/lib/python3.7/site-packages/airflow/example_dags/example_branch_operator_decorator.py
[2024-06-14T21:57:36.731+0000] {processor.py:743} INFO - Processing file /home/airflow/.local/lib/python3.7/site-packages/airflow/example_dags/example_branch_operator_decorator.py for tasks to queue
[2024-06-14T21:57:36.732+0000] {logging_mixin.py:137} INFO - [2024-06-14T21:57:36.732+0000] {dagbag.py:538} INFO - Filling up the DagBag from /home/airflow/.local/lib/python3.7/site-packages/airflow/example_dags/example_branch_operator_decorator.py
[2024-06-14T21:57:36.749+0000] {processor.py:753} INFO - DAG(s) dict_keys(['example_branch_python_operator_decorator']) retrieved from /home/airflow/.local/lib/python3.7/site-packages/airflow/example_dags/example_branch_operator_decorator.py
[2024-06-14T21:57:36.772+0000] {logging_mixin.py:137} INFO - [2024-06-14T21:57:36.772+0000] {dag.py:2690} INFO - Sync 1 DAGs
[2024-06-14T21:57:36.791+0000] {logging_mixin.py:137} INFO - [2024-06-14T21:57:36.791+0000] {dag.py:3441} INFO - Setting next_dagrun for example_branch_python_operator_decorator to 2024-06-13T00:00:00+00:00, run_after=2024-06-14T00:00:00+00:00
[2024-06-14T21:57:36.804+0000] {processor.py:175} INFO - Processing /home/airflow/.local/lib/python3.7/site-packages/airflow/example_dags/example_branch_operator_decorator.py took 0.078 seconds
[2024-06-14T21:58:07.420+0000] {processor.py:153} INFO - Started process (PID=818) to work on /home/airflow/.local/lib/python3.7/site-packages/airflow/example_dags/example_branch_operator_decorator.py
[2024-06-14T21:58:07.421+0000] {processor.py:743} INFO - Processing file /home/airflow/.local/lib/python3.7/site-packages/airflow/example_dags/example_branch_operator_decorator.py for tasks to queue
[2024-06-14T21:58:07.422+0000] {logging_mixin.py:137} INFO - [2024-06-14T21:58:07.422+0000] {dagbag.py:538} INFO - Filling up the DagBag from /home/airflow/.local/lib/python3.7/site-packages/airflow/example_dags/example_branch_operator_decorator.py
[2024-06-14T21:58:07.440+0000] {processor.py:753} INFO - DAG(s) dict_keys(['example_branch_python_operator_decorator']) retrieved from /home/airflow/.local/lib/python3.7/site-packages/airflow/example_dags/example_branch_operator_decorator.py
[2024-06-14T21:58:07.463+0000] {logging_mixin.py:137} INFO - [2024-06-14T21:58:07.463+0000] {dag.py:2690} INFO - Sync 1 DAGs
[2024-06-14T21:58:07.481+0000] {logging_mixin.py:137} INFO - [2024-06-14T21:58:07.481+0000] {dag.py:3441} INFO - Setting next_dagrun for example_branch_python_operator_decorator to 2024-06-13T00:00:00+00:00, run_after=2024-06-14T00:00:00+00:00
[2024-06-14T21:58:07.493+0000] {processor.py:175} INFO - Processing /home/airflow/.local/lib/python3.7/site-packages/airflow/example_dags/example_branch_operator_decorator.py took 0.076 seconds
[2024-06-14T21:58:37.896+0000] {processor.py:153} INFO - Started process (PID=868) to work on /home/airflow/.local/lib/python3.7/site-packages/airflow/example_dags/example_branch_operator_decorator.py
[2024-06-14T21:58:37.897+0000] {processor.py:743} INFO - Processing file /home/airflow/.local/lib/python3.7/site-packages/airflow/example_dags/example_branch_operator_decorator.py for tasks to queue
[2024-06-14T21:58:37.898+0000] {logging_mixin.py:137} INFO - [2024-06-14T21:58:37.898+0000] {dagbag.py:538} INFO - Filling up the DagBag from /home/airflow/.local/lib/python3.7/site-packages/airflow/example_dags/example_branch_operator_decorator.py
[2024-06-14T21:58:37.916+0000] {processor.py:753} INFO - DAG(s) dict_keys(['example_branch_python_operator_decorator']) retrieved from /home/airflow/.local/lib/python3.7/site-packages/airflow/example_dags/example_branch_operator_decorator.py
[2024-06-14T21:58:37.937+0000] {logging_mixin.py:137} INFO - [2024-06-14T21:58:37.937+0000] {dag.py:2690} INFO - Sync 1 DAGs
[2024-06-14T21:58:37.954+0000] {logging_mixin.py:137} INFO - [2024-06-14T21:58:37.954+0000] {dag.py:3441} INFO - Setting next_dagrun for example_branch_python_operator_decorator to 2024-06-13T00:00:00+00:00, run_after=2024-06-14T00:00:00+00:00
[2024-06-14T21:58:37.967+0000] {processor.py:175} INFO - Processing /home/airflow/.local/lib/python3.7/site-packages/airflow/example_dags/example_branch_operator_decorator.py took 0.075 seconds
[2024-06-14T21:59:08.432+0000] {processor.py:153} INFO - Started process (PID=918) to work on /home/airflow/.local/lib/python3.7/site-packages/airflow/example_dags/example_branch_operator_decorator.py
[2024-06-14T21:59:08.433+0000] {processor.py:743} INFO - Processing file /home/airflow/.local/lib/python3.7/site-packages/airflow/example_dags/example_branch_operator_decorator.py for tasks to queue
[2024-06-14T21:59:08.438+0000] {logging_mixin.py:137} INFO - [2024-06-14T21:59:08.437+0000] {dagbag.py:538} INFO - Filling up the DagBag from /home/airflow/.local/lib/python3.7/site-packages/airflow/example_dags/example_branch_operator_decorator.py
[2024-06-14T21:59:08.455+0000] {processor.py:753} INFO - DAG(s) dict_keys(['example_branch_python_operator_decorator']) retrieved from /home/airflow/.local/lib/python3.7/site-packages/airflow/example_dags/example_branch_operator_decorator.py
[2024-06-14T21:59:08.478+0000] {logging_mixin.py:137} INFO - [2024-06-14T21:59:08.478+0000] {dag.py:2690} INFO - Sync 1 DAGs
[2024-06-14T21:59:08.496+0000] {logging_mixin.py:137} INFO - [2024-06-14T21:59:08.496+0000] {dag.py:3441} INFO - Setting next_dagrun for example_branch_python_operator_decorator to 2024-06-13T00:00:00+00:00, run_after=2024-06-14T00:00:00+00:00
[2024-06-14T21:59:08.511+0000] {processor.py:175} INFO - Processing /home/airflow/.local/lib/python3.7/site-packages/airflow/example_dags/example_branch_operator_decorator.py took 0.083 seconds
[2024-06-14T21:59:38.976+0000] {processor.py:153} INFO - Started process (PID=968) to work on /home/airflow/.local/lib/python3.7/site-packages/airflow/example_dags/example_branch_operator_decorator.py
[2024-06-14T21:59:38.978+0000] {processor.py:743} INFO - Processing file /home/airflow/.local/lib/python3.7/site-packages/airflow/example_dags/example_branch_operator_decorator.py for tasks to queue
[2024-06-14T21:59:38.978+0000] {logging_mixin.py:137} INFO - [2024-06-14T21:59:38.978+0000] {dagbag.py:538} INFO - Filling up the DagBag from /home/airflow/.local/lib/python3.7/site-packages/airflow/example_dags/example_branch_operator_decorator.py
[2024-06-14T21:59:38.996+0000] {processor.py:753} INFO - DAG(s) dict_keys(['example_branch_python_operator_decorator']) retrieved from /home/airflow/.local/lib/python3.7/site-packages/airflow/example_dags/example_branch_operator_decorator.py
[2024-06-14T21:59:39.018+0000] {logging_mixin.py:137} INFO - [2024-06-14T21:59:39.018+0000] {dag.py:2690} INFO - Sync 1 DAGs
[2024-06-14T21:59:39.036+0000] {logging_mixin.py:137} INFO - [2024-06-14T21:59:39.036+0000] {dag.py:3441} INFO - Setting next_dagrun for example_branch_python_operator_decorator to 2024-06-13T00:00:00+00:00, run_after=2024-06-14T00:00:00+00:00
[2024-06-14T21:59:39.048+0000] {processor.py:175} INFO - Processing /home/airflow/.local/lib/python3.7/site-packages/airflow/example_dags/example_branch_operator_decorator.py took 0.074 seconds
[2024-06-14T22:00:09.418+0000] {processor.py:153} INFO - Started process (PID=1018) to work on /home/airflow/.local/lib/python3.7/site-packages/airflow/example_dags/example_branch_operator_decorator.py
[2024-06-14T22:00:09.419+0000] {processor.py:743} INFO - Processing file /home/airflow/.local/lib/python3.7/site-packages/airflow/example_dags/example_branch_operator_decorator.py for tasks to queue
[2024-06-14T22:00:09.420+0000] {logging_mixin.py:137} INFO - [2024-06-14T22:00:09.420+0000] {dagbag.py:538} INFO - Filling up the DagBag from /home/airflow/.local/lib/python3.7/site-packages/airflow/example_dags/example_branch_operator_decorator.py
[2024-06-14T22:00:09.438+0000] {processor.py:753} INFO - DAG(s) dict_keys(['example_branch_python_operator_decorator']) retrieved from /home/airflow/.local/lib/python3.7/site-packages/airflow/example_dags/example_branch_operator_decorator.py
[2024-06-14T22:00:09.460+0000] {logging_mixin.py:137} INFO - [2024-06-14T22:00:09.460+0000] {dag.py:2690} INFO - Sync 1 DAGs
[2024-06-14T22:00:09.478+0000] {logging_mixin.py:137} INFO - [2024-06-14T22:00:09.478+0000] {dag.py:3441} INFO - Setting next_dagrun for example_branch_python_operator_decorator to 2024-06-13T00:00:00+00:00, run_after=2024-06-14T00:00:00+00:00
[2024-06-14T22:00:09.493+0000] {processor.py:175} INFO - Processing /home/airflow/.local/lib/python3.7/site-packages/airflow/example_dags/example_branch_operator_decorator.py took 0.078 seconds
[2024-06-14T22:00:39.960+0000] {processor.py:153} INFO - Started process (PID=1068) to work on /home/airflow/.local/lib/python3.7/site-packages/airflow/example_dags/example_branch_operator_decorator.py
[2024-06-14T22:00:39.961+0000] {processor.py:743} INFO - Processing file /home/airflow/.local/lib/python3.7/site-packages/airflow/example_dags/example_branch_operator_decorator.py for tasks to queue
[2024-06-14T22:00:39.962+0000] {logging_mixin.py:137} INFO - [2024-06-14T22:00:39.962+0000] {dagbag.py:538} INFO - Filling up the DagBag from /home/airflow/.local/lib/python3.7/site-packages/airflow/example_dags/example_branch_operator_decorator.py
[2024-06-14T22:00:39.982+0000] {processor.py:753} INFO - DAG(s) dict_keys(['example_branch_python_operator_decorator']) retrieved from /home/airflow/.local/lib/python3.7/site-packages/airflow/example_dags/example_branch_operator_decorator.py
[2024-06-14T22:00:40.004+0000] {logging_mixin.py:137} INFO - [2024-06-14T22:00:40.004+0000] {dag.py:2690} INFO - Sync 1 DAGs
[2024-06-14T22:00:40.021+0000] {logging_mixin.py:137} INFO - [2024-06-14T22:00:40.021+0000] {dag.py:3441} INFO - Setting next_dagrun for example_branch_python_operator_decorator to 2024-06-13T00:00:00+00:00, run_after=2024-06-14T00:00:00+00:00
[2024-06-14T22:00:40.034+0000] {processor.py:175} INFO - Processing /home/airflow/.local/lib/python3.7/site-packages/airflow/example_dags/example_branch_operator_decorator.py took 0.077 seconds
[2024-06-14T22:01:10.451+0000] {processor.py:153} INFO - Started process (PID=1117) to work on /home/airflow/.local/lib/python3.7/site-packages/airflow/example_dags/example_branch_operator_decorator.py
[2024-06-14T22:01:10.453+0000] {processor.py:743} INFO - Processing file /home/airflow/.local/lib/python3.7/site-packages/airflow/example_dags/example_branch_operator_decorator.py for tasks to queue
[2024-06-14T22:01:10.454+0000] {logging_mixin.py:137} INFO - [2024-06-14T22:01:10.454+0000] {dagbag.py:538} INFO - Filling up the DagBag from /home/airflow/.local/lib/python3.7/site-packages/airflow/example_dags/example_branch_operator_decorator.py
[2024-06-14T22:01:10.472+0000] {processor.py:753} INFO - DAG(s) dict_keys(['example_branch_python_operator_decorator']) retrieved from /home/airflow/.local/lib/python3.7/site-packages/airflow/example_dags/example_branch_operator_decorator.py
[2024-06-14T22:01:10.494+0000] {logging_mixin.py:137} INFO - [2024-06-14T22:01:10.494+0000] {dag.py:2690} INFO - Sync 1 DAGs
[2024-06-14T22:01:10.513+0000] {logging_mixin.py:137} INFO - [2024-06-14T22:01:10.512+0000] {dag.py:3441} INFO - Setting next_dagrun for example_branch_python_operator_decorator to 2024-06-13T00:00:00+00:00, run_after=2024-06-14T00:00:00+00:00
[2024-06-14T22:01:10.526+0000] {processor.py:175} INFO - Processing /home/airflow/.local/lib/python3.7/site-packages/airflow/example_dags/example_branch_operator_decorator.py took 0.078 seconds
[2024-06-14T22:01:40.897+0000] {processor.py:153} INFO - Started process (PID=1167) to work on /home/airflow/.local/lib/python3.7/site-packages/airflow/example_dags/example_branch_operator_decorator.py
[2024-06-14T22:01:40.899+0000] {processor.py:743} INFO - Processing file /home/airflow/.local/lib/python3.7/site-packages/airflow/example_dags/example_branch_operator_decorator.py for tasks to queue
[2024-06-14T22:01:40.900+0000] {logging_mixin.py:137} INFO - [2024-06-14T22:01:40.899+0000] {dagbag.py:538} INFO - Filling up the DagBag from /home/airflow/.local/lib/python3.7/site-packages/airflow/example_dags/example_branch_operator_decorator.py
[2024-06-14T22:01:40.917+0000] {processor.py:753} INFO - DAG(s) dict_keys(['example_branch_python_operator_decorator']) retrieved from /home/airflow/.local/lib/python3.7/site-packages/airflow/example_dags/example_branch_operator_decorator.py
[2024-06-14T22:01:40.940+0000] {logging_mixin.py:137} INFO - [2024-06-14T22:01:40.940+0000] {dag.py:2690} INFO - Sync 1 DAGs
[2024-06-14T22:01:40.958+0000] {logging_mixin.py:137} INFO - [2024-06-14T22:01:40.957+0000] {dag.py:3441} INFO - Setting next_dagrun for example_branch_python_operator_decorator to 2024-06-13T00:00:00+00:00, run_after=2024-06-14T00:00:00+00:00
[2024-06-14T22:01:40.971+0000] {processor.py:175} INFO - Processing /home/airflow/.local/lib/python3.7/site-packages/airflow/example_dags/example_branch_operator_decorator.py took 0.077 seconds
[2024-06-14T22:02:11.525+0000] {processor.py:153} INFO - Started process (PID=1217) to work on /home/airflow/.local/lib/python3.7/site-packages/airflow/example_dags/example_branch_operator_decorator.py
[2024-06-14T22:02:11.526+0000] {processor.py:743} INFO - Processing file /home/airflow/.local/lib/python3.7/site-packages/airflow/example_dags/example_branch_operator_decorator.py for tasks to queue
[2024-06-14T22:02:11.527+0000] {logging_mixin.py:137} INFO - [2024-06-14T22:02:11.527+0000] {dagbag.py:538} INFO - Filling up the DagBag from /home/airflow/.local/lib/python3.7/site-packages/airflow/example_dags/example_branch_operator_decorator.py
[2024-06-14T22:02:11.546+0000] {processor.py:753} INFO - DAG(s) dict_keys(['example_branch_python_operator_decorator']) retrieved from /home/airflow/.local/lib/python3.7/site-packages/airflow/example_dags/example_branch_operator_decorator.py
[2024-06-14T22:02:11.568+0000] {logging_mixin.py:137} INFO - [2024-06-14T22:02:11.568+0000] {dag.py:2690} INFO - Sync 1 DAGs
[2024-06-14T22:02:11.585+0000] {logging_mixin.py:137} INFO - [2024-06-14T22:02:11.585+0000] {dag.py:3441} INFO - Setting next_dagrun for example_branch_python_operator_decorator to 2024-06-13T00:00:00+00:00, run_after=2024-06-14T00:00:00+00:00
[2024-06-14T22:02:11.597+0000] {processor.py:175} INFO - Processing /home/airflow/.local/lib/python3.7/site-packages/airflow/example_dags/example_branch_operator_decorator.py took 0.076 seconds
[2024-06-14T22:02:42.248+0000] {processor.py:153} INFO - Started process (PID=1267) to work on /home/airflow/.local/lib/python3.7/site-packages/airflow/example_dags/example_branch_operator_decorator.py
[2024-06-14T22:02:42.249+0000] {processor.py:743} INFO - Processing file /home/airflow/.local/lib/python3.7/site-packages/airflow/example_dags/example_branch_operator_decorator.py for tasks to queue
[2024-06-14T22:02:42.250+0000] {logging_mixin.py:137} INFO - [2024-06-14T22:02:42.250+0000] {dagbag.py:538} INFO - Filling up the DagBag from /home/airflow/.local/lib/python3.7/site-packages/airflow/example_dags/example_branch_operator_decorator.py
[2024-06-14T22:02:42.269+0000] {processor.py:753} INFO - DAG(s) dict_keys(['example_branch_python_operator_decorator']) retrieved from /home/airflow/.local/lib/python3.7/site-packages/airflow/example_dags/example_branch_operator_decorator.py
[2024-06-14T22:02:42.291+0000] {logging_mixin.py:137} INFO - [2024-06-14T22:02:42.291+0000] {dag.py:2690} INFO - Sync 1 DAGs
[2024-06-14T22:02:42.311+0000] {logging_mixin.py:137} INFO - [2024-06-14T22:02:42.311+0000] {dag.py:3441} INFO - Setting next_dagrun for example_branch_python_operator_decorator to 2024-06-13T00:00:00+00:00, run_after=2024-06-14T00:00:00+00:00
[2024-06-14T22:02:42.324+0000] {processor.py:175} INFO - Processing /home/airflow/.local/lib/python3.7/site-packages/airflow/example_dags/example_branch_operator_decorator.py took 0.079 seconds
[2024-06-14T22:03:12.680+0000] {processor.py:153} INFO - Started process (PID=1317) to work on /home/airflow/.local/lib/python3.7/site-packages/airflow/example_dags/example_branch_operator_decorator.py
[2024-06-14T22:03:12.681+0000] {processor.py:743} INFO - Processing file /home/airflow/.local/lib/python3.7/site-packages/airflow/example_dags/example_branch_operator_decorator.py for tasks to queue
[2024-06-14T22:03:12.683+0000] {logging_mixin.py:137} INFO - [2024-06-14T22:03:12.683+0000] {dagbag.py:538} INFO - Filling up the DagBag from /home/airflow/.local/lib/python3.7/site-packages/airflow/example_dags/example_branch_operator_decorator.py
[2024-06-14T22:03:12.701+0000] {processor.py:753} INFO - DAG(s) dict_keys(['example_branch_python_operator_decorator']) retrieved from /home/airflow/.local/lib/python3.7/site-packages/airflow/example_dags/example_branch_operator_decorator.py
[2024-06-14T22:03:12.724+0000] {logging_mixin.py:137} INFO - [2024-06-14T22:03:12.724+0000] {dag.py:2690} INFO - Sync 1 DAGs
[2024-06-14T22:03:12.742+0000] {logging_mixin.py:137} INFO - [2024-06-14T22:03:12.742+0000] {dag.py:3441} INFO - Setting next_dagrun for example_branch_python_operator_decorator to 2024-06-13T00:00:00+00:00, run_after=2024-06-14T00:00:00+00:00
[2024-06-14T22:03:12.755+0000] {processor.py:175} INFO - Processing /home/airflow/.local/lib/python3.7/site-packages/airflow/example_dags/example_branch_operator_decorator.py took 0.079 seconds
[2024-06-14T22:03:43.134+0000] {processor.py:153} INFO - Started process (PID=1367) to work on /home/airflow/.local/lib/python3.7/site-packages/airflow/example_dags/example_branch_operator_decorator.py
[2024-06-14T22:03:43.136+0000] {processor.py:743} INFO - Processing file /home/airflow/.local/lib/python3.7/site-packages/airflow/example_dags/example_branch_operator_decorator.py for tasks to queue
[2024-06-14T22:03:43.137+0000] {logging_mixin.py:137} INFO - [2024-06-14T22:03:43.136+0000] {dagbag.py:538} INFO - Filling up the DagBag from /home/airflow/.local/lib/python3.7/site-packages/airflow/example_dags/example_branch_operator_decorator.py
[2024-06-14T22:03:43.154+0000] {processor.py:753} INFO - DAG(s) dict_keys(['example_branch_python_operator_decorator']) retrieved from /home/airflow/.local/lib/python3.7/site-packages/airflow/example_dags/example_branch_operator_decorator.py
[2024-06-14T22:03:43.176+0000] {logging_mixin.py:137} INFO - [2024-06-14T22:03:43.176+0000] {dag.py:2690} INFO - Sync 1 DAGs
[2024-06-14T22:03:43.193+0000] {logging_mixin.py:137} INFO - [2024-06-14T22:03:43.193+0000] {dag.py:3441} INFO - Setting next_dagrun for example_branch_python_operator_decorator to 2024-06-13T00:00:00+00:00, run_after=2024-06-14T00:00:00+00:00
[2024-06-14T22:03:43.205+0000] {processor.py:175} INFO - Processing /home/airflow/.local/lib/python3.7/site-packages/airflow/example_dags/example_branch_operator_decorator.py took 0.074 seconds
[2024-06-14T22:04:13.676+0000] {processor.py:153} INFO - Started process (PID=1417) to work on /home/airflow/.local/lib/python3.7/site-packages/airflow/example_dags/example_branch_operator_decorator.py
[2024-06-14T22:04:13.677+0000] {processor.py:743} INFO - Processing file /home/airflow/.local/lib/python3.7/site-packages/airflow/example_dags/example_branch_operator_decorator.py for tasks to queue
[2024-06-14T22:04:13.678+0000] {logging_mixin.py:137} INFO - [2024-06-14T22:04:13.678+0000] {dagbag.py:538} INFO - Filling up the DagBag from /home/airflow/.local/lib/python3.7/site-packages/airflow/example_dags/example_branch_operator_decorator.py
[2024-06-14T22:04:13.697+0000] {processor.py:753} INFO - DAG(s) dict_keys(['example_branch_python_operator_decorator']) retrieved from /home/airflow/.local/lib/python3.7/site-packages/airflow/example_dags/example_branch_operator_decorator.py
[2024-06-14T22:04:13.721+0000] {logging_mixin.py:137} INFO - [2024-06-14T22:04:13.721+0000] {dag.py:2690} INFO - Sync 1 DAGs
[2024-06-14T22:04:13.740+0000] {logging_mixin.py:137} INFO - [2024-06-14T22:04:13.740+0000] {dag.py:3441} INFO - Setting next_dagrun for example_branch_python_operator_decorator to 2024-06-13T00:00:00+00:00, run_after=2024-06-14T00:00:00+00:00
[2024-06-14T22:04:13.754+0000] {processor.py:175} INFO - Processing /home/airflow/.local/lib/python3.7/site-packages/airflow/example_dags/example_branch_operator_decorator.py took 0.082 seconds
[2024-06-14T22:04:44.304+0000] {processor.py:153} INFO - Started process (PID=1466) to work on /home/airflow/.local/lib/python3.7/site-packages/airflow/example_dags/example_branch_operator_decorator.py
[2024-06-14T22:04:44.305+0000] {processor.py:743} INFO - Processing file /home/airflow/.local/lib/python3.7/site-packages/airflow/example_dags/example_branch_operator_decorator.py for tasks to queue
[2024-06-14T22:04:44.306+0000] {logging_mixin.py:137} INFO - [2024-06-14T22:04:44.306+0000] {dagbag.py:538} INFO - Filling up the DagBag from /home/airflow/.local/lib/python3.7/site-packages/airflow/example_dags/example_branch_operator_decorator.py
[2024-06-14T22:04:44.324+0000] {processor.py:753} INFO - DAG(s) dict_keys(['example_branch_python_operator_decorator']) retrieved from /home/airflow/.local/lib/python3.7/site-packages/airflow/example_dags/example_branch_operator_decorator.py
[2024-06-14T22:04:44.346+0000] {logging_mixin.py:137} INFO - [2024-06-14T22:04:44.346+0000] {dag.py:2690} INFO - Sync 1 DAGs
[2024-06-14T22:04:44.365+0000] {logging_mixin.py:137} INFO - [2024-06-14T22:04:44.365+0000] {dag.py:3441} INFO - Setting next_dagrun for example_branch_python_operator_decorator to 2024-06-13T00:00:00+00:00, run_after=2024-06-14T00:00:00+00:00
[2024-06-14T22:04:44.378+0000] {processor.py:175} INFO - Processing /home/airflow/.local/lib/python3.7/site-packages/airflow/example_dags/example_branch_operator_decorator.py took 0.077 seconds
[2024-06-14T22:05:14.913+0000] {processor.py:153} INFO - Started process (PID=1515) to work on /home/airflow/.local/lib/python3.7/site-packages/airflow/example_dags/example_branch_operator_decorator.py
[2024-06-14T22:05:14.914+0000] {processor.py:743} INFO - Processing file /home/airflow/.local/lib/python3.7/site-packages/airflow/example_dags/example_branch_operator_decorator.py for tasks to queue
[2024-06-14T22:05:14.915+0000] {logging_mixin.py:137} INFO - [2024-06-14T22:05:14.915+0000] {dagbag.py:538} INFO - Filling up the DagBag from /home/airflow/.local/lib/python3.7/site-packages/airflow/example_dags/example_branch_operator_decorator.py
[2024-06-14T22:05:14.934+0000] {processor.py:753} INFO - DAG(s) dict_keys(['example_branch_python_operator_decorator']) retrieved from /home/airflow/.local/lib/python3.7/site-packages/airflow/example_dags/example_branch_operator_decorator.py
[2024-06-14T22:05:14.956+0000] {logging_mixin.py:137} INFO - [2024-06-14T22:05:14.956+0000] {dag.py:2690} INFO - Sync 1 DAGs
[2024-06-14T22:05:14.972+0000] {logging_mixin.py:137} INFO - [2024-06-14T22:05:14.972+0000] {dag.py:3441} INFO - Setting next_dagrun for example_branch_python_operator_decorator to 2024-06-13T00:00:00+00:00, run_after=2024-06-14T00:00:00+00:00
[2024-06-14T22:05:14.983+0000] {processor.py:175} INFO - Processing /home/airflow/.local/lib/python3.7/site-packages/airflow/example_dags/example_branch_operator_decorator.py took 0.074 seconds
[2024-06-14T22:05:45.456+0000] {processor.py:153} INFO - Started process (PID=1565) to work on /home/airflow/.local/lib/python3.7/site-packages/airflow/example_dags/example_branch_operator_decorator.py
[2024-06-14T22:05:45.458+0000] {processor.py:743} INFO - Processing file /home/airflow/.local/lib/python3.7/site-packages/airflow/example_dags/example_branch_operator_decorator.py for tasks to queue
[2024-06-14T22:05:45.459+0000] {logging_mixin.py:137} INFO - [2024-06-14T22:05:45.458+0000] {dagbag.py:538} INFO - Filling up the DagBag from /home/airflow/.local/lib/python3.7/site-packages/airflow/example_dags/example_branch_operator_decorator.py
[2024-06-14T22:05:45.477+0000] {processor.py:753} INFO - DAG(s) dict_keys(['example_branch_python_operator_decorator']) retrieved from /home/airflow/.local/lib/python3.7/site-packages/airflow/example_dags/example_branch_operator_decorator.py
[2024-06-14T22:05:45.502+0000] {logging_mixin.py:137} INFO - [2024-06-14T22:05:45.501+0000] {dag.py:2690} INFO - Sync 1 DAGs
[2024-06-14T22:05:45.523+0000] {logging_mixin.py:137} INFO - [2024-06-14T22:05:45.523+0000] {dag.py:3441} INFO - Setting next_dagrun for example_branch_python_operator_decorator to 2024-06-13T00:00:00+00:00, run_after=2024-06-14T00:00:00+00:00
[2024-06-14T22:05:45.537+0000] {processor.py:175} INFO - Processing /home/airflow/.local/lib/python3.7/site-packages/airflow/example_dags/example_branch_operator_decorator.py took 0.085 seconds
[2024-06-14T22:06:16.129+0000] {processor.py:153} INFO - Started process (PID=1615) to work on /home/airflow/.local/lib/python3.7/site-packages/airflow/example_dags/example_branch_operator_decorator.py
[2024-06-14T22:06:16.130+0000] {processor.py:743} INFO - Processing file /home/airflow/.local/lib/python3.7/site-packages/airflow/example_dags/example_branch_operator_decorator.py for tasks to queue
[2024-06-14T22:06:16.131+0000] {logging_mixin.py:137} INFO - [2024-06-14T22:06:16.131+0000] {dagbag.py:538} INFO - Filling up the DagBag from /home/airflow/.local/lib/python3.7/site-packages/airflow/example_dags/example_branch_operator_decorator.py
[2024-06-14T22:06:16.150+0000] {processor.py:753} INFO - DAG(s) dict_keys(['example_branch_python_operator_decorator']) retrieved from /home/airflow/.local/lib/python3.7/site-packages/airflow/example_dags/example_branch_operator_decorator.py
[2024-06-14T22:06:16.174+0000] {logging_mixin.py:137} INFO - [2024-06-14T22:06:16.174+0000] {dag.py:2690} INFO - Sync 1 DAGs
[2024-06-14T22:06:16.194+0000] {logging_mixin.py:137} INFO - [2024-06-14T22:06:16.194+0000] {dag.py:3441} INFO - Setting next_dagrun for example_branch_python_operator_decorator to 2024-06-13T00:00:00+00:00, run_after=2024-06-14T00:00:00+00:00
[2024-06-14T22:06:16.209+0000] {processor.py:175} INFO - Processing /home/airflow/.local/lib/python3.7/site-packages/airflow/example_dags/example_branch_operator_decorator.py took 0.084 seconds
[2024-06-14T22:06:46.618+0000] {processor.py:153} INFO - Started process (PID=1665) to work on /home/airflow/.local/lib/python3.7/site-packages/airflow/example_dags/example_branch_operator_decorator.py
[2024-06-14T22:06:46.620+0000] {processor.py:743} INFO - Processing file /home/airflow/.local/lib/python3.7/site-packages/airflow/example_dags/example_branch_operator_decorator.py for tasks to queue
[2024-06-14T22:06:46.621+0000] {logging_mixin.py:137} INFO - [2024-06-14T22:06:46.620+0000] {dagbag.py:538} INFO - Filling up the DagBag from /home/airflow/.local/lib/python3.7/site-packages/airflow/example_dags/example_branch_operator_decorator.py
[2024-06-14T22:06:46.638+0000] {processor.py:753} INFO - DAG(s) dict_keys(['example_branch_python_operator_decorator']) retrieved from /home/airflow/.local/lib/python3.7/site-packages/airflow/example_dags/example_branch_operator_decorator.py
[2024-06-14T22:06:46.661+0000] {logging_mixin.py:137} INFO - [2024-06-14T22:06:46.661+0000] {dag.py:2690} INFO - Sync 1 DAGs
[2024-06-14T22:06:46.679+0000] {logging_mixin.py:137} INFO - [2024-06-14T22:06:46.679+0000] {dag.py:3441} INFO - Setting next_dagrun for example_branch_python_operator_decorator to 2024-06-13T00:00:00+00:00, run_after=2024-06-14T00:00:00+00:00
[2024-06-14T22:06:46.691+0000] {processor.py:175} INFO - Processing /home/airflow/.local/lib/python3.7/site-packages/airflow/example_dags/example_branch_operator_decorator.py took 0.076 seconds
[2024-06-14T22:07:17.102+0000] {processor.py:153} INFO - Started process (PID=1715) to work on /home/airflow/.local/lib/python3.7/site-packages/airflow/example_dags/example_branch_operator_decorator.py
[2024-06-14T22:07:17.103+0000] {processor.py:743} INFO - Processing file /home/airflow/.local/lib/python3.7/site-packages/airflow/example_dags/example_branch_operator_decorator.py for tasks to queue
[2024-06-14T22:07:17.104+0000] {logging_mixin.py:137} INFO - [2024-06-14T22:07:17.104+0000] {dagbag.py:538} INFO - Filling up the DagBag from /home/airflow/.local/lib/python3.7/site-packages/airflow/example_dags/example_branch_operator_decorator.py
[2024-06-14T22:07:17.123+0000] {processor.py:753} INFO - DAG(s) dict_keys(['example_branch_python_operator_decorator']) retrieved from /home/airflow/.local/lib/python3.7/site-packages/airflow/example_dags/example_branch_operator_decorator.py
[2024-06-14T22:07:17.148+0000] {logging_mixin.py:137} INFO - [2024-06-14T22:07:17.148+0000] {dag.py:2690} INFO - Sync 1 DAGs
[2024-06-14T22:07:17.167+0000] {logging_mixin.py:137} INFO - [2024-06-14T22:07:17.167+0000] {dag.py:3441} INFO - Setting next_dagrun for example_branch_python_operator_decorator to 2024-06-13T00:00:00+00:00, run_after=2024-06-14T00:00:00+00:00
[2024-06-14T22:07:17.181+0000] {processor.py:175} INFO - Processing /home/airflow/.local/lib/python3.7/site-packages/airflow/example_dags/example_branch_operator_decorator.py took 0.083 seconds
[2024-06-14T22:07:47.705+0000] {processor.py:153} INFO - Started process (PID=1765) to work on /home/airflow/.local/lib/python3.7/site-packages/airflow/example_dags/example_branch_operator_decorator.py
[2024-06-14T22:07:47.706+0000] {processor.py:743} INFO - Processing file /home/airflow/.local/lib/python3.7/site-packages/airflow/example_dags/example_branch_operator_decorator.py for tasks to queue
[2024-06-14T22:07:47.708+0000] {logging_mixin.py:137} INFO - [2024-06-14T22:07:47.707+0000] {dagbag.py:538} INFO - Filling up the DagBag from /home/airflow/.local/lib/python3.7/site-packages/airflow/example_dags/example_branch_operator_decorator.py
[2024-06-14T22:07:47.728+0000] {processor.py:753} INFO - DAG(s) dict_keys(['example_branch_python_operator_decorator']) retrieved from /home/airflow/.local/lib/python3.7/site-packages/airflow/example_dags/example_branch_operator_decorator.py
[2024-06-14T22:07:47.753+0000] {logging_mixin.py:137} INFO - [2024-06-14T22:07:47.753+0000] {dag.py:2690} INFO - Sync 1 DAGs
[2024-06-14T22:07:47.772+0000] {logging_mixin.py:137} INFO - [2024-06-14T22:07:47.772+0000] {dag.py:3441} INFO - Setting next_dagrun for example_branch_python_operator_decorator to 2024-06-13T00:00:00+00:00, run_after=2024-06-14T00:00:00+00:00
[2024-06-14T22:07:47.789+0000] {processor.py:175} INFO - Processing /home/airflow/.local/lib/python3.7/site-packages/airflow/example_dags/example_branch_operator_decorator.py took 0.087 seconds
[2024-06-14T22:08:18.377+0000] {processor.py:153} INFO - Started process (PID=1815) to work on /home/airflow/.local/lib/python3.7/site-packages/airflow/example_dags/example_branch_operator_decorator.py
[2024-06-14T22:08:18.378+0000] {processor.py:743} INFO - Processing file /home/airflow/.local/lib/python3.7/site-packages/airflow/example_dags/example_branch_operator_decorator.py for tasks to queue
[2024-06-14T22:08:18.379+0000] {logging_mixin.py:137} INFO - [2024-06-14T22:08:18.379+0000] {dagbag.py:538} INFO - Filling up the DagBag from /home/airflow/.local/lib/python3.7/site-packages/airflow/example_dags/example_branch_operator_decorator.py
[2024-06-14T22:08:18.397+0000] {processor.py:753} INFO - DAG(s) dict_keys(['example_branch_python_operator_decorator']) retrieved from /home/airflow/.local/lib/python3.7/site-packages/airflow/example_dags/example_branch_operator_decorator.py
[2024-06-14T22:08:18.419+0000] {logging_mixin.py:137} INFO - [2024-06-14T22:08:18.419+0000] {dag.py:2690} INFO - Sync 1 DAGs
[2024-06-14T22:08:18.437+0000] {logging_mixin.py:137} INFO - [2024-06-14T22:08:18.437+0000] {dag.py:3441} INFO - Setting next_dagrun for example_branch_python_operator_decorator to 2024-06-13T00:00:00+00:00, run_after=2024-06-14T00:00:00+00:00
[2024-06-14T22:08:18.448+0000] {processor.py:175} INFO - Processing /home/airflow/.local/lib/python3.7/site-packages/airflow/example_dags/example_branch_operator_decorator.py took 0.074 seconds
[2024-06-14T22:08:48.938+0000] {processor.py:153} INFO - Started process (PID=1865) to work on /home/airflow/.local/lib/python3.7/site-packages/airflow/example_dags/example_branch_operator_decorator.py
[2024-06-14T22:08:48.939+0000] {processor.py:743} INFO - Processing file /home/airflow/.local/lib/python3.7/site-packages/airflow/example_dags/example_branch_operator_decorator.py for tasks to queue
[2024-06-14T22:08:48.940+0000] {logging_mixin.py:137} INFO - [2024-06-14T22:08:48.940+0000] {dagbag.py:538} INFO - Filling up the DagBag from /home/airflow/.local/lib/python3.7/site-packages/airflow/example_dags/example_branch_operator_decorator.py
[2024-06-14T22:08:48.958+0000] {processor.py:753} INFO - DAG(s) dict_keys(['example_branch_python_operator_decorator']) retrieved from /home/airflow/.local/lib/python3.7/site-packages/airflow/example_dags/example_branch_operator_decorator.py
[2024-06-14T22:08:48.981+0000] {logging_mixin.py:137} INFO - [2024-06-14T22:08:48.981+0000] {dag.py:2690} INFO - Sync 1 DAGs
[2024-06-14T22:08:48.999+0000] {logging_mixin.py:137} INFO - [2024-06-14T22:08:48.999+0000] {dag.py:3441} INFO - Setting next_dagrun for example_branch_python_operator_decorator to 2024-06-13T00:00:00+00:00, run_after=2024-06-14T00:00:00+00:00
[2024-06-14T22:08:49.012+0000] {processor.py:175} INFO - Processing /home/airflow/.local/lib/python3.7/site-packages/airflow/example_dags/example_branch_operator_decorator.py took 0.077 seconds
[2024-06-14T22:09:19.506+0000] {processor.py:153} INFO - Started process (PID=1915) to work on /home/airflow/.local/lib/python3.7/site-packages/airflow/example_dags/example_branch_operator_decorator.py
[2024-06-14T22:09:19.508+0000] {processor.py:743} INFO - Processing file /home/airflow/.local/lib/python3.7/site-packages/airflow/example_dags/example_branch_operator_decorator.py for tasks to queue
[2024-06-14T22:09:19.508+0000] {logging_mixin.py:137} INFO - [2024-06-14T22:09:19.508+0000] {dagbag.py:538} INFO - Filling up the DagBag from /home/airflow/.local/lib/python3.7/site-packages/airflow/example_dags/example_branch_operator_decorator.py
[2024-06-14T22:09:19.527+0000] {processor.py:753} INFO - DAG(s) dict_keys(['example_branch_python_operator_decorator']) retrieved from /home/airflow/.local/lib/python3.7/site-packages/airflow/example_dags/example_branch_operator_decorator.py
[2024-06-14T22:09:19.551+0000] {logging_mixin.py:137} INFO - [2024-06-14T22:09:19.550+0000] {dag.py:2690} INFO - Sync 1 DAGs
[2024-06-14T22:09:19.570+0000] {logging_mixin.py:137} INFO - [2024-06-14T22:09:19.570+0000] {dag.py:3441} INFO - Setting next_dagrun for example_branch_python_operator_decorator to 2024-06-13T00:00:00+00:00, run_after=2024-06-14T00:00:00+00:00
[2024-06-14T22:09:19.585+0000] {processor.py:175} INFO - Processing /home/airflow/.local/lib/python3.7/site-packages/airflow/example_dags/example_branch_operator_decorator.py took 0.082 seconds
[2024-06-14T22:09:49.946+0000] {processor.py:153} INFO - Started process (PID=1965) to work on /home/airflow/.local/lib/python3.7/site-packages/airflow/example_dags/example_branch_operator_decorator.py
[2024-06-14T22:09:49.948+0000] {processor.py:743} INFO - Processing file /home/airflow/.local/lib/python3.7/site-packages/airflow/example_dags/example_branch_operator_decorator.py for tasks to queue
[2024-06-14T22:09:49.949+0000] {logging_mixin.py:137} INFO - [2024-06-14T22:09:49.949+0000] {dagbag.py:538} INFO - Filling up the DagBag from /home/airflow/.local/lib/python3.7/site-packages/airflow/example_dags/example_branch_operator_decorator.py
[2024-06-14T22:09:49.967+0000] {processor.py:753} INFO - DAG(s) dict_keys(['example_branch_python_operator_decorator']) retrieved from /home/airflow/.local/lib/python3.7/site-packages/airflow/example_dags/example_branch_operator_decorator.py
[2024-06-14T22:09:49.988+0000] {logging_mixin.py:137} INFO - [2024-06-14T22:09:49.988+0000] {dag.py:2690} INFO - Sync 1 DAGs
[2024-06-14T22:09:50.007+0000] {logging_mixin.py:137} INFO - [2024-06-14T22:09:50.007+0000] {dag.py:3441} INFO - Setting next_dagrun for example_branch_python_operator_decorator to 2024-06-13T00:00:00+00:00, run_after=2024-06-14T00:00:00+00:00
[2024-06-14T22:09:50.019+0000] {processor.py:175} INFO - Processing /home/airflow/.local/lib/python3.7/site-packages/airflow/example_dags/example_branch_operator_decorator.py took 0.075 seconds
[2024-06-14T22:10:20.434+0000] {processor.py:153} INFO - Started process (PID=2015) to work on /home/airflow/.local/lib/python3.7/site-packages/airflow/example_dags/example_branch_operator_decorator.py
[2024-06-14T22:10:20.435+0000] {processor.py:743} INFO - Processing file /home/airflow/.local/lib/python3.7/site-packages/airflow/example_dags/example_branch_operator_decorator.py for tasks to queue
[2024-06-14T22:10:20.436+0000] {logging_mixin.py:137} INFO - [2024-06-14T22:10:20.436+0000] {dagbag.py:538} INFO - Filling up the DagBag from /home/airflow/.local/lib/python3.7/site-packages/airflow/example_dags/example_branch_operator_decorator.py
[2024-06-14T22:10:20.454+0000] {processor.py:753} INFO - DAG(s) dict_keys(['example_branch_python_operator_decorator']) retrieved from /home/airflow/.local/lib/python3.7/site-packages/airflow/example_dags/example_branch_operator_decorator.py
[2024-06-14T22:10:20.479+0000] {logging_mixin.py:137} INFO - [2024-06-14T22:10:20.479+0000] {dag.py:2690} INFO - Sync 1 DAGs
[2024-06-14T22:10:20.498+0000] {logging_mixin.py:137} INFO - [2024-06-14T22:10:20.497+0000] {dag.py:3441} INFO - Setting next_dagrun for example_branch_python_operator_decorator to 2024-06-13T00:00:00+00:00, run_after=2024-06-14T00:00:00+00:00
[2024-06-14T22:10:20.511+0000] {processor.py:175} INFO - Processing /home/airflow/.local/lib/python3.7/site-packages/airflow/example_dags/example_branch_operator_decorator.py took 0.080 seconds
[2024-06-14T22:58:50.090+0000] {processor.py:153} INFO - Started process (PID=2065) to work on /home/airflow/.local/lib/python3.7/site-packages/airflow/example_dags/example_branch_operator_decorator.py
[2024-06-14T22:58:50.092+0000] {processor.py:743} INFO - Processing file /home/airflow/.local/lib/python3.7/site-packages/airflow/example_dags/example_branch_operator_decorator.py for tasks to queue
[2024-06-14T22:58:50.093+0000] {logging_mixin.py:137} INFO - [2024-06-14T22:58:50.092+0000] {dagbag.py:538} INFO - Filling up the DagBag from /home/airflow/.local/lib/python3.7/site-packages/airflow/example_dags/example_branch_operator_decorator.py
[2024-06-14T22:58:50.115+0000] {processor.py:753} INFO - DAG(s) dict_keys(['example_branch_python_operator_decorator']) retrieved from /home/airflow/.local/lib/python3.7/site-packages/airflow/example_dags/example_branch_operator_decorator.py
[2024-06-14T22:58:50.138+0000] {logging_mixin.py:137} INFO - [2024-06-14T22:58:50.138+0000] {dag.py:2690} INFO - Sync 1 DAGs
[2024-06-14T22:58:50.157+0000] {logging_mixin.py:137} INFO - [2024-06-14T22:58:50.157+0000] {dag.py:3441} INFO - Setting next_dagrun for example_branch_python_operator_decorator to 2024-06-13T00:00:00+00:00, run_after=2024-06-14T00:00:00+00:00
[2024-06-14T22:58:50.171+0000] {processor.py:175} INFO - Processing /home/airflow/.local/lib/python3.7/site-packages/airflow/example_dags/example_branch_operator_decorator.py took 0.084 seconds
[2024-06-14T23:14:37.197+0000] {processor.py:153} INFO - Started process (PID=2122) to work on /home/airflow/.local/lib/python3.7/site-packages/airflow/example_dags/example_branch_operator_decorator.py
[2024-06-14T23:14:37.245+0000] {processor.py:743} INFO - Processing file /home/airflow/.local/lib/python3.7/site-packages/airflow/example_dags/example_branch_operator_decorator.py for tasks to queue
[2024-06-14T23:14:37.250+0000] {logging_mixin.py:137} INFO - [2024-06-14T23:14:37.250+0000] {dagbag.py:538} INFO - Filling up the DagBag from /home/airflow/.local/lib/python3.7/site-packages/airflow/example_dags/example_branch_operator_decorator.py
[2024-06-14T23:14:37.353+0000] {processor.py:753} INFO - DAG(s) dict_keys(['example_branch_python_operator_decorator']) retrieved from /home/airflow/.local/lib/python3.7/site-packages/airflow/example_dags/example_branch_operator_decorator.py
[2024-06-14T23:14:37.466+0000] {logging_mixin.py:137} INFO - [2024-06-14T23:14:37.466+0000] {dag.py:2690} INFO - Sync 1 DAGs
[2024-06-14T23:14:37.548+0000] {logging_mixin.py:137} INFO - [2024-06-14T23:14:37.547+0000] {dag.py:3441} INFO - Setting next_dagrun for example_branch_python_operator_decorator to 2024-06-13T00:00:00+00:00, run_after=2024-06-14T00:00:00+00:00
[2024-06-14T23:14:37.607+0000] {processor.py:175} INFO - Processing /home/airflow/.local/lib/python3.7/site-packages/airflow/example_dags/example_branch_operator_decorator.py took 0.426 seconds
