[2024-06-14T21:50:28.141+0000] {processor.py:153} INFO - Started process (PID=71) to work on /home/airflow/.local/lib/python3.7/site-packages/airflow/example_dags/example_subdag_operator.py
[2024-06-14T21:50:28.142+0000] {processor.py:743} INFO - Processing file /home/airflow/.local/lib/python3.7/site-packages/airflow/example_dags/example_subdag_operator.py for tasks to queue
[2024-06-14T21:50:28.143+0000] {logging_mixin.py:137} INFO - [2024-06-14T21:50:28.143+0000] {dagbag.py:538} INFO - Filling up the DagBag from /home/airflow/.local/lib/python3.7/site-packages/airflow/example_dags/example_subdag_operator.py
[2024-06-14T21:50:28.177+0000] {processor.py:753} INFO - DAG(s) dict_keys(['example_subdag_operator.section-1', 'example_subdag_operator.section-2', 'example_subdag_operator']) retrieved from /home/airflow/.local/lib/python3.7/site-packages/airflow/example_dags/example_subdag_operator.py
[2024-06-14T21:50:28.192+0000] {logging_mixin.py:137} INFO - [2024-06-14T21:50:28.191+0000] {dag.py:2690} INFO - Sync 3 DAGs
[2024-06-14T21:50:28.210+0000] {logging_mixin.py:137} INFO - [2024-06-14T21:50:28.210+0000] {dag.py:3441} INFO - Setting next_dagrun for example_subdag_operator to 2022-01-01T00:00:00+00:00, run_after=2022-01-01T00:00:00+00:00
[2024-06-14T21:50:28.213+0000] {logging_mixin.py:137} INFO - [2024-06-14T21:50:28.213+0000] {dag.py:3441} INFO - Setting next_dagrun for example_subdag_operator.section-1 to None, run_after=None
[2024-06-14T21:50:28.215+0000] {logging_mixin.py:137} INFO - [2024-06-14T21:50:28.214+0000] {dag.py:3441} INFO - Setting next_dagrun for example_subdag_operator.section-2 to None, run_after=None
[2024-06-14T21:50:28.223+0000] {logging_mixin.py:137} INFO - [2024-06-14T21:50:28.223+0000] {dag.py:2690} INFO - Sync 2 DAGs
[2024-06-14T21:50:28.227+0000] {logging_mixin.py:137} INFO - [2024-06-14T21:50:28.227+0000] {dag.py:3441} INFO - Setting next_dagrun for example_subdag_operator.section-1 to None, run_after=None
[2024-06-14T21:50:28.228+0000] {logging_mixin.py:137} INFO - [2024-06-14T21:50:28.228+0000] {dag.py:3441} INFO - Setting next_dagrun for example_subdag_operator.section-2 to None, run_after=None
[2024-06-14T21:50:28.238+0000] {processor.py:175} INFO - Processing /home/airflow/.local/lib/python3.7/site-packages/airflow/example_dags/example_subdag_operator.py took 0.101 seconds
[2024-06-14T21:50:59.009+0000] {processor.py:153} INFO - Started process (PID=121) to work on /home/airflow/.local/lib/python3.7/site-packages/airflow/example_dags/example_subdag_operator.py
[2024-06-14T21:50:59.010+0000] {processor.py:743} INFO - Processing file /home/airflow/.local/lib/python3.7/site-packages/airflow/example_dags/example_subdag_operator.py for tasks to queue
[2024-06-14T21:50:59.011+0000] {logging_mixin.py:137} INFO - [2024-06-14T21:50:59.011+0000] {dagbag.py:538} INFO - Filling up the DagBag from /home/airflow/.local/lib/python3.7/site-packages/airflow/example_dags/example_subdag_operator.py
[2024-06-14T21:50:59.038+0000] {processor.py:753} INFO - DAG(s) dict_keys(['example_subdag_operator.section-1', 'example_subdag_operator.section-2', 'example_subdag_operator']) retrieved from /home/airflow/.local/lib/python3.7/site-packages/airflow/example_dags/example_subdag_operator.py
[2024-06-14T21:50:59.053+0000] {logging_mixin.py:137} INFO - [2024-06-14T21:50:59.053+0000] {dag.py:2690} INFO - Sync 3 DAGs
[2024-06-14T21:50:59.071+0000] {logging_mixin.py:137} INFO - [2024-06-14T21:50:59.071+0000] {dag.py:3441} INFO - Setting next_dagrun for example_subdag_operator to 2022-01-01T00:00:00+00:00, run_after=2022-01-01T00:00:00+00:00
[2024-06-14T21:50:59.073+0000] {logging_mixin.py:137} INFO - [2024-06-14T21:50:59.073+0000] {dag.py:3441} INFO - Setting next_dagrun for example_subdag_operator.section-1 to None, run_after=None
[2024-06-14T21:50:59.075+0000] {logging_mixin.py:137} INFO - [2024-06-14T21:50:59.075+0000] {dag.py:3441} INFO - Setting next_dagrun for example_subdag_operator.section-2 to None, run_after=None
[2024-06-14T21:50:59.080+0000] {logging_mixin.py:137} INFO - [2024-06-14T21:50:59.080+0000] {dag.py:2690} INFO - Sync 2 DAGs
[2024-06-14T21:50:59.085+0000] {logging_mixin.py:137} INFO - [2024-06-14T21:50:59.085+0000] {dag.py:3441} INFO - Setting next_dagrun for example_subdag_operator.section-1 to None, run_after=None
[2024-06-14T21:50:59.085+0000] {logging_mixin.py:137} INFO - [2024-06-14T21:50:59.085+0000] {dag.py:3441} INFO - Setting next_dagrun for example_subdag_operator.section-2 to None, run_after=None
[2024-06-14T21:50:59.092+0000] {processor.py:175} INFO - Processing /home/airflow/.local/lib/python3.7/site-packages/airflow/example_dags/example_subdag_operator.py took 0.086 seconds
[2024-06-14T21:51:29.451+0000] {processor.py:153} INFO - Started process (PID=171) to work on /home/airflow/.local/lib/python3.7/site-packages/airflow/example_dags/example_subdag_operator.py
[2024-06-14T21:51:29.452+0000] {processor.py:743} INFO - Processing file /home/airflow/.local/lib/python3.7/site-packages/airflow/example_dags/example_subdag_operator.py for tasks to queue
[2024-06-14T21:51:29.455+0000] {logging_mixin.py:137} INFO - [2024-06-14T21:51:29.455+0000] {dagbag.py:538} INFO - Filling up the DagBag from /home/airflow/.local/lib/python3.7/site-packages/airflow/example_dags/example_subdag_operator.py
[2024-06-14T21:51:29.481+0000] {processor.py:753} INFO - DAG(s) dict_keys(['example_subdag_operator.section-1', 'example_subdag_operator.section-2', 'example_subdag_operator']) retrieved from /home/airflow/.local/lib/python3.7/site-packages/airflow/example_dags/example_subdag_operator.py
[2024-06-14T21:51:29.495+0000] {logging_mixin.py:137} INFO - [2024-06-14T21:51:29.495+0000] {dag.py:2690} INFO - Sync 3 DAGs
[2024-06-14T21:51:29.513+0000] {logging_mixin.py:137} INFO - [2024-06-14T21:51:29.513+0000] {dag.py:3441} INFO - Setting next_dagrun for example_subdag_operator to 2022-01-01T00:00:00+00:00, run_after=2022-01-01T00:00:00+00:00
[2024-06-14T21:51:29.516+0000] {logging_mixin.py:137} INFO - [2024-06-14T21:51:29.515+0000] {dag.py:3441} INFO - Setting next_dagrun for example_subdag_operator.section-1 to None, run_after=None
[2024-06-14T21:51:29.517+0000] {logging_mixin.py:137} INFO - [2024-06-14T21:51:29.517+0000] {dag.py:3441} INFO - Setting next_dagrun for example_subdag_operator.section-2 to None, run_after=None
[2024-06-14T21:51:29.523+0000] {logging_mixin.py:137} INFO - [2024-06-14T21:51:29.523+0000] {dag.py:2690} INFO - Sync 2 DAGs
[2024-06-14T21:51:29.527+0000] {logging_mixin.py:137} INFO - [2024-06-14T21:51:29.527+0000] {dag.py:3441} INFO - Setting next_dagrun for example_subdag_operator.section-1 to None, run_after=None
[2024-06-14T21:51:29.528+0000] {logging_mixin.py:137} INFO - [2024-06-14T21:51:29.528+0000] {dag.py:3441} INFO - Setting next_dagrun for example_subdag_operator.section-2 to None, run_after=None
[2024-06-14T21:51:29.537+0000] {processor.py:175} INFO - Processing /home/airflow/.local/lib/python3.7/site-packages/airflow/example_dags/example_subdag_operator.py took 0.088 seconds
[2024-06-14T21:51:59.836+0000] {processor.py:153} INFO - Started process (PID=221) to work on /home/airflow/.local/lib/python3.7/site-packages/airflow/example_dags/example_subdag_operator.py
[2024-06-14T21:51:59.837+0000] {processor.py:743} INFO - Processing file /home/airflow/.local/lib/python3.7/site-packages/airflow/example_dags/example_subdag_operator.py for tasks to queue
[2024-06-14T21:51:59.838+0000] {logging_mixin.py:137} INFO - [2024-06-14T21:51:59.838+0000] {dagbag.py:538} INFO - Filling up the DagBag from /home/airflow/.local/lib/python3.7/site-packages/airflow/example_dags/example_subdag_operator.py
[2024-06-14T21:51:59.864+0000] {processor.py:753} INFO - DAG(s) dict_keys(['example_subdag_operator.section-1', 'example_subdag_operator.section-2', 'example_subdag_operator']) retrieved from /home/airflow/.local/lib/python3.7/site-packages/airflow/example_dags/example_subdag_operator.py
[2024-06-14T21:51:59.877+0000] {logging_mixin.py:137} INFO - [2024-06-14T21:51:59.876+0000] {dag.py:2690} INFO - Sync 3 DAGs
[2024-06-14T21:51:59.892+0000] {logging_mixin.py:137} INFO - [2024-06-14T21:51:59.892+0000] {dag.py:3441} INFO - Setting next_dagrun for example_subdag_operator to 2022-01-01T00:00:00+00:00, run_after=2022-01-01T00:00:00+00:00
[2024-06-14T21:51:59.895+0000] {logging_mixin.py:137} INFO - [2024-06-14T21:51:59.895+0000] {dag.py:3441} INFO - Setting next_dagrun for example_subdag_operator.section-1 to None, run_after=None
[2024-06-14T21:51:59.896+0000] {logging_mixin.py:137} INFO - [2024-06-14T21:51:59.896+0000] {dag.py:3441} INFO - Setting next_dagrun for example_subdag_operator.section-2 to None, run_after=None
[2024-06-14T21:51:59.902+0000] {logging_mixin.py:137} INFO - [2024-06-14T21:51:59.902+0000] {dag.py:2690} INFO - Sync 2 DAGs
[2024-06-14T21:51:59.906+0000] {logging_mixin.py:137} INFO - [2024-06-14T21:51:59.906+0000] {dag.py:3441} INFO - Setting next_dagrun for example_subdag_operator.section-1 to None, run_after=None
[2024-06-14T21:51:59.907+0000] {logging_mixin.py:137} INFO - [2024-06-14T21:51:59.907+0000] {dag.py:3441} INFO - Setting next_dagrun for example_subdag_operator.section-2 to None, run_after=None
[2024-06-14T21:51:59.914+0000] {processor.py:175} INFO - Processing /home/airflow/.local/lib/python3.7/site-packages/airflow/example_dags/example_subdag_operator.py took 0.080 seconds
[2024-06-14T21:52:30.501+0000] {processor.py:153} INFO - Started process (PID=271) to work on /home/airflow/.local/lib/python3.7/site-packages/airflow/example_dags/example_subdag_operator.py
[2024-06-14T21:52:30.502+0000] {processor.py:743} INFO - Processing file /home/airflow/.local/lib/python3.7/site-packages/airflow/example_dags/example_subdag_operator.py for tasks to queue
[2024-06-14T21:52:30.503+0000] {logging_mixin.py:137} INFO - [2024-06-14T21:52:30.503+0000] {dagbag.py:538} INFO - Filling up the DagBag from /home/airflow/.local/lib/python3.7/site-packages/airflow/example_dags/example_subdag_operator.py
[2024-06-14T21:52:30.529+0000] {processor.py:753} INFO - DAG(s) dict_keys(['example_subdag_operator.section-1', 'example_subdag_operator.section-2', 'example_subdag_operator']) retrieved from /home/airflow/.local/lib/python3.7/site-packages/airflow/example_dags/example_subdag_operator.py
[2024-06-14T21:52:30.542+0000] {logging_mixin.py:137} INFO - [2024-06-14T21:52:30.542+0000] {dag.py:2690} INFO - Sync 3 DAGs
[2024-06-14T21:52:30.560+0000] {logging_mixin.py:137} INFO - [2024-06-14T21:52:30.559+0000] {dag.py:3441} INFO - Setting next_dagrun for example_subdag_operator to 2022-01-01T00:00:00+00:00, run_after=2022-01-01T00:00:00+00:00
[2024-06-14T21:52:30.562+0000] {logging_mixin.py:137} INFO - [2024-06-14T21:52:30.562+0000] {dag.py:3441} INFO - Setting next_dagrun for example_subdag_operator.section-1 to None, run_after=None
[2024-06-14T21:52:30.563+0000] {logging_mixin.py:137} INFO - [2024-06-14T21:52:30.563+0000] {dag.py:3441} INFO - Setting next_dagrun for example_subdag_operator.section-2 to None, run_after=None
[2024-06-14T21:52:30.568+0000] {logging_mixin.py:137} INFO - [2024-06-14T21:52:30.568+0000] {dag.py:2690} INFO - Sync 2 DAGs
[2024-06-14T21:52:30.572+0000] {logging_mixin.py:137} INFO - [2024-06-14T21:52:30.572+0000] {dag.py:3441} INFO - Setting next_dagrun for example_subdag_operator.section-1 to None, run_after=None
[2024-06-14T21:52:30.572+0000] {logging_mixin.py:137} INFO - [2024-06-14T21:52:30.572+0000] {dag.py:3441} INFO - Setting next_dagrun for example_subdag_operator.section-2 to None, run_after=None
[2024-06-14T21:52:30.578+0000] {processor.py:175} INFO - Processing /home/airflow/.local/lib/python3.7/site-packages/airflow/example_dags/example_subdag_operator.py took 0.080 seconds
[2024-06-14T21:53:00.909+0000] {processor.py:153} INFO - Started process (PID=320) to work on /home/airflow/.local/lib/python3.7/site-packages/airflow/example_dags/example_subdag_operator.py
[2024-06-14T21:53:00.911+0000] {processor.py:743} INFO - Processing file /home/airflow/.local/lib/python3.7/site-packages/airflow/example_dags/example_subdag_operator.py for tasks to queue
[2024-06-14T21:53:00.912+0000] {logging_mixin.py:137} INFO - [2024-06-14T21:53:00.912+0000] {dagbag.py:538} INFO - Filling up the DagBag from /home/airflow/.local/lib/python3.7/site-packages/airflow/example_dags/example_subdag_operator.py
[2024-06-14T21:53:00.939+0000] {processor.py:753} INFO - DAG(s) dict_keys(['example_subdag_operator.section-1', 'example_subdag_operator.section-2', 'example_subdag_operator']) retrieved from /home/airflow/.local/lib/python3.7/site-packages/airflow/example_dags/example_subdag_operator.py
[2024-06-14T21:53:00.953+0000] {logging_mixin.py:137} INFO - [2024-06-14T21:53:00.952+0000] {dag.py:2690} INFO - Sync 3 DAGs
[2024-06-14T21:53:00.970+0000] {logging_mixin.py:137} INFO - [2024-06-14T21:53:00.970+0000] {dag.py:3441} INFO - Setting next_dagrun for example_subdag_operator to 2022-01-01T00:00:00+00:00, run_after=2022-01-01T00:00:00+00:00
[2024-06-14T21:53:00.973+0000] {logging_mixin.py:137} INFO - [2024-06-14T21:53:00.973+0000] {dag.py:3441} INFO - Setting next_dagrun for example_subdag_operator.section-1 to None, run_after=None
[2024-06-14T21:53:00.975+0000] {logging_mixin.py:137} INFO - [2024-06-14T21:53:00.975+0000] {dag.py:3441} INFO - Setting next_dagrun for example_subdag_operator.section-2 to None, run_after=None
[2024-06-14T21:53:00.981+0000] {logging_mixin.py:137} INFO - [2024-06-14T21:53:00.981+0000] {dag.py:2690} INFO - Sync 2 DAGs
[2024-06-14T21:53:00.986+0000] {logging_mixin.py:137} INFO - [2024-06-14T21:53:00.985+0000] {dag.py:3441} INFO - Setting next_dagrun for example_subdag_operator.section-1 to None, run_after=None
[2024-06-14T21:53:00.986+0000] {logging_mixin.py:137} INFO - [2024-06-14T21:53:00.986+0000] {dag.py:3441} INFO - Setting next_dagrun for example_subdag_operator.section-2 to None, run_after=None
[2024-06-14T21:53:00.994+0000] {processor.py:175} INFO - Processing /home/airflow/.local/lib/python3.7/site-packages/airflow/example_dags/example_subdag_operator.py took 0.088 seconds
[2024-06-14T21:53:31.616+0000] {processor.py:153} INFO - Started process (PID=370) to work on /home/airflow/.local/lib/python3.7/site-packages/airflow/example_dags/example_subdag_operator.py
[2024-06-14T21:53:31.618+0000] {processor.py:743} INFO - Processing file /home/airflow/.local/lib/python3.7/site-packages/airflow/example_dags/example_subdag_operator.py for tasks to queue
[2024-06-14T21:53:31.619+0000] {logging_mixin.py:137} INFO - [2024-06-14T21:53:31.619+0000] {dagbag.py:538} INFO - Filling up the DagBag from /home/airflow/.local/lib/python3.7/site-packages/airflow/example_dags/example_subdag_operator.py
[2024-06-14T21:53:31.649+0000] {processor.py:753} INFO - DAG(s) dict_keys(['example_subdag_operator.section-1', 'example_subdag_operator.section-2', 'example_subdag_operator']) retrieved from /home/airflow/.local/lib/python3.7/site-packages/airflow/example_dags/example_subdag_operator.py
[2024-06-14T21:53:31.664+0000] {logging_mixin.py:137} INFO - [2024-06-14T21:53:31.664+0000] {dag.py:2690} INFO - Sync 3 DAGs
[2024-06-14T21:53:31.684+0000] {logging_mixin.py:137} INFO - [2024-06-14T21:53:31.683+0000] {dag.py:3441} INFO - Setting next_dagrun for example_subdag_operator to 2022-01-01T00:00:00+00:00, run_after=2022-01-01T00:00:00+00:00
[2024-06-14T21:53:31.686+0000] {logging_mixin.py:137} INFO - [2024-06-14T21:53:31.686+0000] {dag.py:3441} INFO - Setting next_dagrun for example_subdag_operator.section-1 to None, run_after=None
[2024-06-14T21:53:31.688+0000] {logging_mixin.py:137} INFO - [2024-06-14T21:53:31.688+0000] {dag.py:3441} INFO - Setting next_dagrun for example_subdag_operator.section-2 to None, run_after=None
[2024-06-14T21:53:31.694+0000] {logging_mixin.py:137} INFO - [2024-06-14T21:53:31.694+0000] {dag.py:2690} INFO - Sync 2 DAGs
[2024-06-14T21:53:31.699+0000] {logging_mixin.py:137} INFO - [2024-06-14T21:53:31.699+0000] {dag.py:3441} INFO - Setting next_dagrun for example_subdag_operator.section-1 to None, run_after=None
[2024-06-14T21:53:31.700+0000] {logging_mixin.py:137} INFO - [2024-06-14T21:53:31.700+0000] {dag.py:3441} INFO - Setting next_dagrun for example_subdag_operator.section-2 to None, run_after=None
[2024-06-14T21:53:31.709+0000] {processor.py:175} INFO - Processing /home/airflow/.local/lib/python3.7/site-packages/airflow/example_dags/example_subdag_operator.py took 0.096 seconds
[2024-06-14T21:54:02.433+0000] {processor.py:153} INFO - Started process (PID=420) to work on /home/airflow/.local/lib/python3.7/site-packages/airflow/example_dags/example_subdag_operator.py
[2024-06-14T21:54:02.447+0000] {processor.py:743} INFO - Processing file /home/airflow/.local/lib/python3.7/site-packages/airflow/example_dags/example_subdag_operator.py for tasks to queue
[2024-06-14T21:54:02.448+0000] {logging_mixin.py:137} INFO - [2024-06-14T21:54:02.448+0000] {dagbag.py:538} INFO - Filling up the DagBag from /home/airflow/.local/lib/python3.7/site-packages/airflow/example_dags/example_subdag_operator.py
[2024-06-14T21:54:02.478+0000] {processor.py:753} INFO - DAG(s) dict_keys(['example_subdag_operator.section-1', 'example_subdag_operator.section-2', 'example_subdag_operator']) retrieved from /home/airflow/.local/lib/python3.7/site-packages/airflow/example_dags/example_subdag_operator.py
[2024-06-14T21:54:02.492+0000] {logging_mixin.py:137} INFO - [2024-06-14T21:54:02.492+0000] {dag.py:2690} INFO - Sync 3 DAGs
[2024-06-14T21:54:02.509+0000] {logging_mixin.py:137} INFO - [2024-06-14T21:54:02.509+0000] {dag.py:3441} INFO - Setting next_dagrun for example_subdag_operator to 2022-01-01T00:00:00+00:00, run_after=2022-01-01T00:00:00+00:00
[2024-06-14T21:54:02.512+0000] {logging_mixin.py:137} INFO - [2024-06-14T21:54:02.512+0000] {dag.py:3441} INFO - Setting next_dagrun for example_subdag_operator.section-1 to None, run_after=None
[2024-06-14T21:54:02.514+0000] {logging_mixin.py:137} INFO - [2024-06-14T21:54:02.514+0000] {dag.py:3441} INFO - Setting next_dagrun for example_subdag_operator.section-2 to None, run_after=None
[2024-06-14T21:54:02.521+0000] {logging_mixin.py:137} INFO - [2024-06-14T21:54:02.521+0000] {dag.py:2690} INFO - Sync 2 DAGs
[2024-06-14T21:54:02.526+0000] {logging_mixin.py:137} INFO - [2024-06-14T21:54:02.526+0000] {dag.py:3441} INFO - Setting next_dagrun for example_subdag_operator.section-1 to None, run_after=None
[2024-06-14T21:54:02.526+0000] {logging_mixin.py:137} INFO - [2024-06-14T21:54:02.526+0000] {dag.py:3441} INFO - Setting next_dagrun for example_subdag_operator.section-2 to None, run_after=None
[2024-06-14T21:54:02.533+0000] {processor.py:175} INFO - Processing /home/airflow/.local/lib/python3.7/site-packages/airflow/example_dags/example_subdag_operator.py took 0.105 seconds
[2024-06-14T21:54:33.081+0000] {processor.py:153} INFO - Started process (PID=470) to work on /home/airflow/.local/lib/python3.7/site-packages/airflow/example_dags/example_subdag_operator.py
[2024-06-14T21:54:33.083+0000] {processor.py:743} INFO - Processing file /home/airflow/.local/lib/python3.7/site-packages/airflow/example_dags/example_subdag_operator.py for tasks to queue
[2024-06-14T21:54:33.084+0000] {logging_mixin.py:137} INFO - [2024-06-14T21:54:33.083+0000] {dagbag.py:538} INFO - Filling up the DagBag from /home/airflow/.local/lib/python3.7/site-packages/airflow/example_dags/example_subdag_operator.py
[2024-06-14T21:54:33.111+0000] {processor.py:753} INFO - DAG(s) dict_keys(['example_subdag_operator.section-1', 'example_subdag_operator.section-2', 'example_subdag_operator']) retrieved from /home/airflow/.local/lib/python3.7/site-packages/airflow/example_dags/example_subdag_operator.py
[2024-06-14T21:54:33.123+0000] {logging_mixin.py:137} INFO - [2024-06-14T21:54:33.123+0000] {dag.py:2690} INFO - Sync 3 DAGs
[2024-06-14T21:54:33.141+0000] {logging_mixin.py:137} INFO - [2024-06-14T21:54:33.141+0000] {dag.py:3441} INFO - Setting next_dagrun for example_subdag_operator to 2022-01-01T00:00:00+00:00, run_after=2022-01-01T00:00:00+00:00
[2024-06-14T21:54:33.143+0000] {logging_mixin.py:137} INFO - [2024-06-14T21:54:33.143+0000] {dag.py:3441} INFO - Setting next_dagrun for example_subdag_operator.section-1 to None, run_after=None
[2024-06-14T21:54:33.148+0000] {logging_mixin.py:137} INFO - [2024-06-14T21:54:33.147+0000] {dag.py:3441} INFO - Setting next_dagrun for example_subdag_operator.section-2 to None, run_after=None
[2024-06-14T21:54:33.153+0000] {logging_mixin.py:137} INFO - [2024-06-14T21:54:33.153+0000] {dag.py:2690} INFO - Sync 2 DAGs
[2024-06-14T21:54:33.157+0000] {logging_mixin.py:137} INFO - [2024-06-14T21:54:33.157+0000] {dag.py:3441} INFO - Setting next_dagrun for example_subdag_operator.section-1 to None, run_after=None
[2024-06-14T21:54:33.158+0000] {logging_mixin.py:137} INFO - [2024-06-14T21:54:33.158+0000] {dag.py:3441} INFO - Setting next_dagrun for example_subdag_operator.section-2 to None, run_after=None
[2024-06-14T21:54:33.166+0000] {processor.py:175} INFO - Processing /home/airflow/.local/lib/python3.7/site-packages/airflow/example_dags/example_subdag_operator.py took 0.088 seconds
[2024-06-14T21:55:03.711+0000] {processor.py:153} INFO - Started process (PID=520) to work on /home/airflow/.local/lib/python3.7/site-packages/airflow/example_dags/example_subdag_operator.py
[2024-06-14T21:55:03.712+0000] {processor.py:743} INFO - Processing file /home/airflow/.local/lib/python3.7/site-packages/airflow/example_dags/example_subdag_operator.py for tasks to queue
[2024-06-14T21:55:03.713+0000] {logging_mixin.py:137} INFO - [2024-06-14T21:55:03.713+0000] {dagbag.py:538} INFO - Filling up the DagBag from /home/airflow/.local/lib/python3.7/site-packages/airflow/example_dags/example_subdag_operator.py
[2024-06-14T21:55:03.739+0000] {processor.py:753} INFO - DAG(s) dict_keys(['example_subdag_operator.section-1', 'example_subdag_operator.section-2', 'example_subdag_operator']) retrieved from /home/airflow/.local/lib/python3.7/site-packages/airflow/example_dags/example_subdag_operator.py
[2024-06-14T21:55:03.753+0000] {logging_mixin.py:137} INFO - [2024-06-14T21:55:03.752+0000] {dag.py:2690} INFO - Sync 3 DAGs
[2024-06-14T21:55:03.770+0000] {logging_mixin.py:137} INFO - [2024-06-14T21:55:03.769+0000] {dag.py:3441} INFO - Setting next_dagrun for example_subdag_operator to 2022-01-01T00:00:00+00:00, run_after=2022-01-01T00:00:00+00:00
[2024-06-14T21:55:03.772+0000] {logging_mixin.py:137} INFO - [2024-06-14T21:55:03.772+0000] {dag.py:3441} INFO - Setting next_dagrun for example_subdag_operator.section-1 to None, run_after=None
[2024-06-14T21:55:03.774+0000] {logging_mixin.py:137} INFO - [2024-06-14T21:55:03.774+0000] {dag.py:3441} INFO - Setting next_dagrun for example_subdag_operator.section-2 to None, run_after=None
[2024-06-14T21:55:03.779+0000] {logging_mixin.py:137} INFO - [2024-06-14T21:55:03.779+0000] {dag.py:2690} INFO - Sync 2 DAGs
[2024-06-14T21:55:03.783+0000] {logging_mixin.py:137} INFO - [2024-06-14T21:55:03.783+0000] {dag.py:3441} INFO - Setting next_dagrun for example_subdag_operator.section-1 to None, run_after=None
[2024-06-14T21:55:03.784+0000] {logging_mixin.py:137} INFO - [2024-06-14T21:55:03.784+0000] {dag.py:3441} INFO - Setting next_dagrun for example_subdag_operator.section-2 to None, run_after=None
[2024-06-14T21:55:03.792+0000] {processor.py:175} INFO - Processing /home/airflow/.local/lib/python3.7/site-packages/airflow/example_dags/example_subdag_operator.py took 0.084 seconds
[2024-06-14T21:55:34.213+0000] {processor.py:153} INFO - Started process (PID=570) to work on /home/airflow/.local/lib/python3.7/site-packages/airflow/example_dags/example_subdag_operator.py
[2024-06-14T21:55:34.215+0000] {processor.py:743} INFO - Processing file /home/airflow/.local/lib/python3.7/site-packages/airflow/example_dags/example_subdag_operator.py for tasks to queue
[2024-06-14T21:55:34.216+0000] {logging_mixin.py:137} INFO - [2024-06-14T21:55:34.216+0000] {dagbag.py:538} INFO - Filling up the DagBag from /home/airflow/.local/lib/python3.7/site-packages/airflow/example_dags/example_subdag_operator.py
[2024-06-14T21:55:34.243+0000] {processor.py:753} INFO - DAG(s) dict_keys(['example_subdag_operator.section-1', 'example_subdag_operator.section-2', 'example_subdag_operator']) retrieved from /home/airflow/.local/lib/python3.7/site-packages/airflow/example_dags/example_subdag_operator.py
[2024-06-14T21:55:34.257+0000] {logging_mixin.py:137} INFO - [2024-06-14T21:55:34.257+0000] {dag.py:2690} INFO - Sync 3 DAGs
[2024-06-14T21:55:34.275+0000] {logging_mixin.py:137} INFO - [2024-06-14T21:55:34.275+0000] {dag.py:3441} INFO - Setting next_dagrun for example_subdag_operator to 2022-01-01T00:00:00+00:00, run_after=2022-01-01T00:00:00+00:00
[2024-06-14T21:55:34.281+0000] {logging_mixin.py:137} INFO - [2024-06-14T21:55:34.281+0000] {dag.py:3441} INFO - Setting next_dagrun for example_subdag_operator.section-1 to None, run_after=None
[2024-06-14T21:55:34.282+0000] {logging_mixin.py:137} INFO - [2024-06-14T21:55:34.282+0000] {dag.py:3441} INFO - Setting next_dagrun for example_subdag_operator.section-2 to None, run_after=None
[2024-06-14T21:55:34.288+0000] {logging_mixin.py:137} INFO - [2024-06-14T21:55:34.288+0000] {dag.py:2690} INFO - Sync 2 DAGs
[2024-06-14T21:55:34.294+0000] {logging_mixin.py:137} INFO - [2024-06-14T21:55:34.294+0000] {dag.py:3441} INFO - Setting next_dagrun for example_subdag_operator.section-1 to None, run_after=None
[2024-06-14T21:55:34.294+0000] {logging_mixin.py:137} INFO - [2024-06-14T21:55:34.294+0000] {dag.py:3441} INFO - Setting next_dagrun for example_subdag_operator.section-2 to None, run_after=None
[2024-06-14T21:55:34.303+0000] {processor.py:175} INFO - Processing /home/airflow/.local/lib/python3.7/site-packages/airflow/example_dags/example_subdag_operator.py took 0.094 seconds
[2024-06-14T21:56:05.108+0000] {processor.py:153} INFO - Started process (PID=620) to work on /home/airflow/.local/lib/python3.7/site-packages/airflow/example_dags/example_subdag_operator.py
[2024-06-14T21:56:05.111+0000] {processor.py:743} INFO - Processing file /home/airflow/.local/lib/python3.7/site-packages/airflow/example_dags/example_subdag_operator.py for tasks to queue
[2024-06-14T21:56:05.112+0000] {logging_mixin.py:137} INFO - [2024-06-14T21:56:05.112+0000] {dagbag.py:538} INFO - Filling up the DagBag from /home/airflow/.local/lib/python3.7/site-packages/airflow/example_dags/example_subdag_operator.py
[2024-06-14T21:56:05.140+0000] {processor.py:753} INFO - DAG(s) dict_keys(['example_subdag_operator.section-1', 'example_subdag_operator.section-2', 'example_subdag_operator']) retrieved from /home/airflow/.local/lib/python3.7/site-packages/airflow/example_dags/example_subdag_operator.py
[2024-06-14T21:56:05.153+0000] {logging_mixin.py:137} INFO - [2024-06-14T21:56:05.153+0000] {dag.py:2690} INFO - Sync 3 DAGs
[2024-06-14T21:56:05.171+0000] {logging_mixin.py:137} INFO - [2024-06-14T21:56:05.171+0000] {dag.py:3441} INFO - Setting next_dagrun for example_subdag_operator to 2022-01-01T00:00:00+00:00, run_after=2022-01-01T00:00:00+00:00
[2024-06-14T21:56:05.174+0000] {logging_mixin.py:137} INFO - [2024-06-14T21:56:05.174+0000] {dag.py:3441} INFO - Setting next_dagrun for example_subdag_operator.section-1 to None, run_after=None
[2024-06-14T21:56:05.176+0000] {logging_mixin.py:137} INFO - [2024-06-14T21:56:05.176+0000] {dag.py:3441} INFO - Setting next_dagrun for example_subdag_operator.section-2 to None, run_after=None
[2024-06-14T21:56:05.182+0000] {logging_mixin.py:137} INFO - [2024-06-14T21:56:05.182+0000] {dag.py:2690} INFO - Sync 2 DAGs
[2024-06-14T21:56:05.186+0000] {logging_mixin.py:137} INFO - [2024-06-14T21:56:05.186+0000] {dag.py:3441} INFO - Setting next_dagrun for example_subdag_operator.section-1 to None, run_after=None
[2024-06-14T21:56:05.187+0000] {logging_mixin.py:137} INFO - [2024-06-14T21:56:05.187+0000] {dag.py:3441} INFO - Setting next_dagrun for example_subdag_operator.section-2 to None, run_after=None
[2024-06-14T21:56:05.196+0000] {processor.py:175} INFO - Processing /home/airflow/.local/lib/python3.7/site-packages/airflow/example_dags/example_subdag_operator.py took 0.091 seconds
[2024-06-14T21:56:35.904+0000] {processor.py:153} INFO - Started process (PID=670) to work on /home/airflow/.local/lib/python3.7/site-packages/airflow/example_dags/example_subdag_operator.py
[2024-06-14T21:56:35.906+0000] {processor.py:743} INFO - Processing file /home/airflow/.local/lib/python3.7/site-packages/airflow/example_dags/example_subdag_operator.py for tasks to queue
[2024-06-14T21:56:35.908+0000] {logging_mixin.py:137} INFO - [2024-06-14T21:56:35.908+0000] {dagbag.py:538} INFO - Filling up the DagBag from /home/airflow/.local/lib/python3.7/site-packages/airflow/example_dags/example_subdag_operator.py
[2024-06-14T21:56:35.938+0000] {processor.py:753} INFO - DAG(s) dict_keys(['example_subdag_operator.section-1', 'example_subdag_operator.section-2', 'example_subdag_operator']) retrieved from /home/airflow/.local/lib/python3.7/site-packages/airflow/example_dags/example_subdag_operator.py
[2024-06-14T21:56:35.956+0000] {logging_mixin.py:137} INFO - [2024-06-14T21:56:35.956+0000] {dag.py:2690} INFO - Sync 3 DAGs
[2024-06-14T21:56:35.975+0000] {logging_mixin.py:137} INFO - [2024-06-14T21:56:35.975+0000] {dag.py:3441} INFO - Setting next_dagrun for example_subdag_operator to 2022-01-01T00:00:00+00:00, run_after=2022-01-01T00:00:00+00:00
[2024-06-14T21:56:35.978+0000] {logging_mixin.py:137} INFO - [2024-06-14T21:56:35.978+0000] {dag.py:3441} INFO - Setting next_dagrun for example_subdag_operator.section-1 to None, run_after=None
[2024-06-14T21:56:35.979+0000] {logging_mixin.py:137} INFO - [2024-06-14T21:56:35.979+0000] {dag.py:3441} INFO - Setting next_dagrun for example_subdag_operator.section-2 to None, run_after=None
[2024-06-14T21:56:35.985+0000] {logging_mixin.py:137} INFO - [2024-06-14T21:56:35.985+0000] {dag.py:2690} INFO - Sync 2 DAGs
[2024-06-14T21:56:35.989+0000] {logging_mixin.py:137} INFO - [2024-06-14T21:56:35.989+0000] {dag.py:3441} INFO - Setting next_dagrun for example_subdag_operator.section-1 to None, run_after=None
[2024-06-14T21:56:35.990+0000] {logging_mixin.py:137} INFO - [2024-06-14T21:56:35.990+0000] {dag.py:3441} INFO - Setting next_dagrun for example_subdag_operator.section-2 to None, run_after=None
[2024-06-14T21:56:35.998+0000] {processor.py:175} INFO - Processing /home/airflow/.local/lib/python3.7/site-packages/airflow/example_dags/example_subdag_operator.py took 0.097 seconds
[2024-06-14T21:57:06.380+0000] {processor.py:153} INFO - Started process (PID=720) to work on /home/airflow/.local/lib/python3.7/site-packages/airflow/example_dags/example_subdag_operator.py
[2024-06-14T21:57:06.381+0000] {processor.py:743} INFO - Processing file /home/airflow/.local/lib/python3.7/site-packages/airflow/example_dags/example_subdag_operator.py for tasks to queue
[2024-06-14T21:57:06.382+0000] {logging_mixin.py:137} INFO - [2024-06-14T21:57:06.382+0000] {dagbag.py:538} INFO - Filling up the DagBag from /home/airflow/.local/lib/python3.7/site-packages/airflow/example_dags/example_subdag_operator.py
[2024-06-14T21:57:06.409+0000] {processor.py:753} INFO - DAG(s) dict_keys(['example_subdag_operator.section-1', 'example_subdag_operator.section-2', 'example_subdag_operator']) retrieved from /home/airflow/.local/lib/python3.7/site-packages/airflow/example_dags/example_subdag_operator.py
[2024-06-14T21:57:06.422+0000] {logging_mixin.py:137} INFO - [2024-06-14T21:57:06.422+0000] {dag.py:2690} INFO - Sync 3 DAGs
[2024-06-14T21:57:06.440+0000] {logging_mixin.py:137} INFO - [2024-06-14T21:57:06.440+0000] {dag.py:3441} INFO - Setting next_dagrun for example_subdag_operator to 2022-01-01T00:00:00+00:00, run_after=2022-01-01T00:00:00+00:00
[2024-06-14T21:57:06.443+0000] {logging_mixin.py:137} INFO - [2024-06-14T21:57:06.443+0000] {dag.py:3441} INFO - Setting next_dagrun for example_subdag_operator.section-1 to None, run_after=None
[2024-06-14T21:57:06.444+0000] {logging_mixin.py:137} INFO - [2024-06-14T21:57:06.444+0000] {dag.py:3441} INFO - Setting next_dagrun for example_subdag_operator.section-2 to None, run_after=None
[2024-06-14T21:57:06.450+0000] {logging_mixin.py:137} INFO - [2024-06-14T21:57:06.450+0000] {dag.py:2690} INFO - Sync 2 DAGs
[2024-06-14T21:57:06.454+0000] {logging_mixin.py:137} INFO - [2024-06-14T21:57:06.454+0000] {dag.py:3441} INFO - Setting next_dagrun for example_subdag_operator.section-1 to None, run_after=None
[2024-06-14T21:57:06.454+0000] {logging_mixin.py:137} INFO - [2024-06-14T21:57:06.454+0000] {dag.py:3441} INFO - Setting next_dagrun for example_subdag_operator.section-2 to None, run_after=None
[2024-06-14T21:57:06.461+0000] {processor.py:175} INFO - Processing /home/airflow/.local/lib/python3.7/site-packages/airflow/example_dags/example_subdag_operator.py took 0.085 seconds
[2024-06-14T21:57:36.838+0000] {processor.py:153} INFO - Started process (PID=770) to work on /home/airflow/.local/lib/python3.7/site-packages/airflow/example_dags/example_subdag_operator.py
[2024-06-14T21:57:36.839+0000] {processor.py:743} INFO - Processing file /home/airflow/.local/lib/python3.7/site-packages/airflow/example_dags/example_subdag_operator.py for tasks to queue
[2024-06-14T21:57:36.839+0000] {logging_mixin.py:137} INFO - [2024-06-14T21:57:36.839+0000] {dagbag.py:538} INFO - Filling up the DagBag from /home/airflow/.local/lib/python3.7/site-packages/airflow/example_dags/example_subdag_operator.py
[2024-06-14T21:57:36.866+0000] {processor.py:753} INFO - DAG(s) dict_keys(['example_subdag_operator.section-1', 'example_subdag_operator.section-2', 'example_subdag_operator']) retrieved from /home/airflow/.local/lib/python3.7/site-packages/airflow/example_dags/example_subdag_operator.py
[2024-06-14T21:57:36.880+0000] {logging_mixin.py:137} INFO - [2024-06-14T21:57:36.880+0000] {dag.py:2690} INFO - Sync 3 DAGs
[2024-06-14T21:57:36.898+0000] {logging_mixin.py:137} INFO - [2024-06-14T21:57:36.898+0000] {dag.py:3441} INFO - Setting next_dagrun for example_subdag_operator to 2022-01-01T00:00:00+00:00, run_after=2022-01-01T00:00:00+00:00
[2024-06-14T21:57:36.901+0000] {logging_mixin.py:137} INFO - [2024-06-14T21:57:36.901+0000] {dag.py:3441} INFO - Setting next_dagrun for example_subdag_operator.section-1 to None, run_after=None
[2024-06-14T21:57:36.902+0000] {logging_mixin.py:137} INFO - [2024-06-14T21:57:36.902+0000] {dag.py:3441} INFO - Setting next_dagrun for example_subdag_operator.section-2 to None, run_after=None
[2024-06-14T21:57:36.908+0000] {logging_mixin.py:137} INFO - [2024-06-14T21:57:36.908+0000] {dag.py:2690} INFO - Sync 2 DAGs
[2024-06-14T21:57:36.912+0000] {logging_mixin.py:137} INFO - [2024-06-14T21:57:36.912+0000] {dag.py:3441} INFO - Setting next_dagrun for example_subdag_operator.section-1 to None, run_after=None
[2024-06-14T21:57:36.913+0000] {logging_mixin.py:137} INFO - [2024-06-14T21:57:36.913+0000] {dag.py:3441} INFO - Setting next_dagrun for example_subdag_operator.section-2 to None, run_after=None
[2024-06-14T21:57:36.920+0000] {processor.py:175} INFO - Processing /home/airflow/.local/lib/python3.7/site-packages/airflow/example_dags/example_subdag_operator.py took 0.086 seconds
[2024-06-14T21:58:07.521+0000] {processor.py:153} INFO - Started process (PID=820) to work on /home/airflow/.local/lib/python3.7/site-packages/airflow/example_dags/example_subdag_operator.py
[2024-06-14T21:58:07.522+0000] {processor.py:743} INFO - Processing file /home/airflow/.local/lib/python3.7/site-packages/airflow/example_dags/example_subdag_operator.py for tasks to queue
[2024-06-14T21:58:07.523+0000] {logging_mixin.py:137} INFO - [2024-06-14T21:58:07.522+0000] {dagbag.py:538} INFO - Filling up the DagBag from /home/airflow/.local/lib/python3.7/site-packages/airflow/example_dags/example_subdag_operator.py
[2024-06-14T21:58:07.549+0000] {processor.py:753} INFO - DAG(s) dict_keys(['example_subdag_operator.section-1', 'example_subdag_operator.section-2', 'example_subdag_operator']) retrieved from /home/airflow/.local/lib/python3.7/site-packages/airflow/example_dags/example_subdag_operator.py
[2024-06-14T21:58:07.563+0000] {logging_mixin.py:137} INFO - [2024-06-14T21:58:07.563+0000] {dag.py:2690} INFO - Sync 3 DAGs
[2024-06-14T21:58:07.583+0000] {logging_mixin.py:137} INFO - [2024-06-14T21:58:07.582+0000] {dag.py:3441} INFO - Setting next_dagrun for example_subdag_operator to 2022-01-01T00:00:00+00:00, run_after=2022-01-01T00:00:00+00:00
[2024-06-14T21:58:07.586+0000] {logging_mixin.py:137} INFO - [2024-06-14T21:58:07.586+0000] {dag.py:3441} INFO - Setting next_dagrun for example_subdag_operator.section-1 to None, run_after=None
[2024-06-14T21:58:07.588+0000] {logging_mixin.py:137} INFO - [2024-06-14T21:58:07.588+0000] {dag.py:3441} INFO - Setting next_dagrun for example_subdag_operator.section-2 to None, run_after=None
[2024-06-14T21:58:07.594+0000] {logging_mixin.py:137} INFO - [2024-06-14T21:58:07.594+0000] {dag.py:2690} INFO - Sync 2 DAGs
[2024-06-14T21:58:07.598+0000] {logging_mixin.py:137} INFO - [2024-06-14T21:58:07.598+0000] {dag.py:3441} INFO - Setting next_dagrun for example_subdag_operator.section-1 to None, run_after=None
[2024-06-14T21:58:07.599+0000] {logging_mixin.py:137} INFO - [2024-06-14T21:58:07.598+0000] {dag.py:3441} INFO - Setting next_dagrun for example_subdag_operator.section-2 to None, run_after=None
[2024-06-14T21:58:07.606+0000] {processor.py:175} INFO - Processing /home/airflow/.local/lib/python3.7/site-packages/airflow/example_dags/example_subdag_operator.py took 0.088 seconds
[2024-06-14T21:58:37.994+0000] {processor.py:153} INFO - Started process (PID=870) to work on /home/airflow/.local/lib/python3.7/site-packages/airflow/example_dags/example_subdag_operator.py
[2024-06-14T21:58:37.995+0000] {processor.py:743} INFO - Processing file /home/airflow/.local/lib/python3.7/site-packages/airflow/example_dags/example_subdag_operator.py for tasks to queue
[2024-06-14T21:58:37.996+0000] {logging_mixin.py:137} INFO - [2024-06-14T21:58:37.996+0000] {dagbag.py:538} INFO - Filling up the DagBag from /home/airflow/.local/lib/python3.7/site-packages/airflow/example_dags/example_subdag_operator.py
[2024-06-14T21:58:38.022+0000] {processor.py:753} INFO - DAG(s) dict_keys(['example_subdag_operator.section-1', 'example_subdag_operator.section-2', 'example_subdag_operator']) retrieved from /home/airflow/.local/lib/python3.7/site-packages/airflow/example_dags/example_subdag_operator.py
[2024-06-14T21:58:38.035+0000] {logging_mixin.py:137} INFO - [2024-06-14T21:58:38.035+0000] {dag.py:2690} INFO - Sync 3 DAGs
[2024-06-14T21:58:38.052+0000] {logging_mixin.py:137} INFO - [2024-06-14T21:58:38.052+0000] {dag.py:3441} INFO - Setting next_dagrun for example_subdag_operator to 2022-01-01T00:00:00+00:00, run_after=2022-01-01T00:00:00+00:00
[2024-06-14T21:58:38.055+0000] {logging_mixin.py:137} INFO - [2024-06-14T21:58:38.055+0000] {dag.py:3441} INFO - Setting next_dagrun for example_subdag_operator.section-1 to None, run_after=None
[2024-06-14T21:58:38.056+0000] {logging_mixin.py:137} INFO - [2024-06-14T21:58:38.056+0000] {dag.py:3441} INFO - Setting next_dagrun for example_subdag_operator.section-2 to None, run_after=None
[2024-06-14T21:58:38.062+0000] {logging_mixin.py:137} INFO - [2024-06-14T21:58:38.061+0000] {dag.py:2690} INFO - Sync 2 DAGs
[2024-06-14T21:58:38.065+0000] {logging_mixin.py:137} INFO - [2024-06-14T21:58:38.065+0000] {dag.py:3441} INFO - Setting next_dagrun for example_subdag_operator.section-1 to None, run_after=None
[2024-06-14T21:58:38.066+0000] {logging_mixin.py:137} INFO - [2024-06-14T21:58:38.066+0000] {dag.py:3441} INFO - Setting next_dagrun for example_subdag_operator.section-2 to None, run_after=None
[2024-06-14T21:58:38.073+0000] {processor.py:175} INFO - Processing /home/airflow/.local/lib/python3.7/site-packages/airflow/example_dags/example_subdag_operator.py took 0.082 seconds
[2024-06-14T21:59:08.540+0000] {processor.py:153} INFO - Started process (PID=920) to work on /home/airflow/.local/lib/python3.7/site-packages/airflow/example_dags/example_subdag_operator.py
[2024-06-14T21:59:08.542+0000] {processor.py:743} INFO - Processing file /home/airflow/.local/lib/python3.7/site-packages/airflow/example_dags/example_subdag_operator.py for tasks to queue
[2024-06-14T21:59:08.542+0000] {logging_mixin.py:137} INFO - [2024-06-14T21:59:08.542+0000] {dagbag.py:538} INFO - Filling up the DagBag from /home/airflow/.local/lib/python3.7/site-packages/airflow/example_dags/example_subdag_operator.py
[2024-06-14T21:59:08.569+0000] {processor.py:753} INFO - DAG(s) dict_keys(['example_subdag_operator.section-1', 'example_subdag_operator.section-2', 'example_subdag_operator']) retrieved from /home/airflow/.local/lib/python3.7/site-packages/airflow/example_dags/example_subdag_operator.py
[2024-06-14T21:59:08.582+0000] {logging_mixin.py:137} INFO - [2024-06-14T21:59:08.582+0000] {dag.py:2690} INFO - Sync 3 DAGs
[2024-06-14T21:59:08.601+0000] {logging_mixin.py:137} INFO - [2024-06-14T21:59:08.600+0000] {dag.py:3441} INFO - Setting next_dagrun for example_subdag_operator to 2022-01-01T00:00:00+00:00, run_after=2022-01-01T00:00:00+00:00
[2024-06-14T21:59:08.603+0000] {logging_mixin.py:137} INFO - [2024-06-14T21:59:08.603+0000] {dag.py:3441} INFO - Setting next_dagrun for example_subdag_operator.section-1 to None, run_after=None
[2024-06-14T21:59:08.605+0000] {logging_mixin.py:137} INFO - [2024-06-14T21:59:08.605+0000] {dag.py:3441} INFO - Setting next_dagrun for example_subdag_operator.section-2 to None, run_after=None
[2024-06-14T21:59:08.610+0000] {logging_mixin.py:137} INFO - [2024-06-14T21:59:08.610+0000] {dag.py:2690} INFO - Sync 2 DAGs
[2024-06-14T21:59:08.616+0000] {logging_mixin.py:137} INFO - [2024-06-14T21:59:08.616+0000] {dag.py:3441} INFO - Setting next_dagrun for example_subdag_operator.section-1 to None, run_after=None
[2024-06-14T21:59:08.617+0000] {logging_mixin.py:137} INFO - [2024-06-14T21:59:08.617+0000] {dag.py:3441} INFO - Setting next_dagrun for example_subdag_operator.section-2 to None, run_after=None
[2024-06-14T21:59:08.625+0000] {processor.py:175} INFO - Processing /home/airflow/.local/lib/python3.7/site-packages/airflow/example_dags/example_subdag_operator.py took 0.088 seconds
[2024-06-14T21:59:39.164+0000] {processor.py:153} INFO - Started process (PID=970) to work on /home/airflow/.local/lib/python3.7/site-packages/airflow/example_dags/example_subdag_operator.py
[2024-06-14T21:59:39.165+0000] {processor.py:743} INFO - Processing file /home/airflow/.local/lib/python3.7/site-packages/airflow/example_dags/example_subdag_operator.py for tasks to queue
[2024-06-14T21:59:39.166+0000] {logging_mixin.py:137} INFO - [2024-06-14T21:59:39.166+0000] {dagbag.py:538} INFO - Filling up the DagBag from /home/airflow/.local/lib/python3.7/site-packages/airflow/example_dags/example_subdag_operator.py
[2024-06-14T21:59:39.193+0000] {processor.py:753} INFO - DAG(s) dict_keys(['example_subdag_operator.section-1', 'example_subdag_operator.section-2', 'example_subdag_operator']) retrieved from /home/airflow/.local/lib/python3.7/site-packages/airflow/example_dags/example_subdag_operator.py
[2024-06-14T21:59:39.207+0000] {logging_mixin.py:137} INFO - [2024-06-14T21:59:39.206+0000] {dag.py:2690} INFO - Sync 3 DAGs
[2024-06-14T21:59:39.225+0000] {logging_mixin.py:137} INFO - [2024-06-14T21:59:39.225+0000] {dag.py:3441} INFO - Setting next_dagrun for example_subdag_operator to 2022-01-01T00:00:00+00:00, run_after=2022-01-01T00:00:00+00:00
[2024-06-14T21:59:39.228+0000] {logging_mixin.py:137} INFO - [2024-06-14T21:59:39.228+0000] {dag.py:3441} INFO - Setting next_dagrun for example_subdag_operator.section-1 to None, run_after=None
[2024-06-14T21:59:39.230+0000] {logging_mixin.py:137} INFO - [2024-06-14T21:59:39.229+0000] {dag.py:3441} INFO - Setting next_dagrun for example_subdag_operator.section-2 to None, run_after=None
[2024-06-14T21:59:39.235+0000] {logging_mixin.py:137} INFO - [2024-06-14T21:59:39.235+0000] {dag.py:2690} INFO - Sync 2 DAGs
[2024-06-14T21:59:39.238+0000] {logging_mixin.py:137} INFO - [2024-06-14T21:59:39.238+0000] {dag.py:3441} INFO - Setting next_dagrun for example_subdag_operator.section-1 to None, run_after=None
[2024-06-14T21:59:39.239+0000] {logging_mixin.py:137} INFO - [2024-06-14T21:59:39.239+0000] {dag.py:3441} INFO - Setting next_dagrun for example_subdag_operator.section-2 to None, run_after=None
[2024-06-14T21:59:39.247+0000] {processor.py:175} INFO - Processing /home/airflow/.local/lib/python3.7/site-packages/airflow/example_dags/example_subdag_operator.py took 0.086 seconds
[2024-06-14T22:00:09.522+0000] {processor.py:153} INFO - Started process (PID=1020) to work on /home/airflow/.local/lib/python3.7/site-packages/airflow/example_dags/example_subdag_operator.py
[2024-06-14T22:00:09.523+0000] {processor.py:743} INFO - Processing file /home/airflow/.local/lib/python3.7/site-packages/airflow/example_dags/example_subdag_operator.py for tasks to queue
[2024-06-14T22:00:09.524+0000] {logging_mixin.py:137} INFO - [2024-06-14T22:00:09.524+0000] {dagbag.py:538} INFO - Filling up the DagBag from /home/airflow/.local/lib/python3.7/site-packages/airflow/example_dags/example_subdag_operator.py
[2024-06-14T22:00:09.550+0000] {processor.py:753} INFO - DAG(s) dict_keys(['example_subdag_operator.section-1', 'example_subdag_operator.section-2', 'example_subdag_operator']) retrieved from /home/airflow/.local/lib/python3.7/site-packages/airflow/example_dags/example_subdag_operator.py
[2024-06-14T22:00:09.563+0000] {logging_mixin.py:137} INFO - [2024-06-14T22:00:09.563+0000] {dag.py:2690} INFO - Sync 3 DAGs
[2024-06-14T22:00:09.580+0000] {logging_mixin.py:137} INFO - [2024-06-14T22:00:09.580+0000] {dag.py:3441} INFO - Setting next_dagrun for example_subdag_operator to 2022-01-01T00:00:00+00:00, run_after=2022-01-01T00:00:00+00:00
[2024-06-14T22:00:09.583+0000] {logging_mixin.py:137} INFO - [2024-06-14T22:00:09.583+0000] {dag.py:3441} INFO - Setting next_dagrun for example_subdag_operator.section-1 to None, run_after=None
[2024-06-14T22:00:09.584+0000] {logging_mixin.py:137} INFO - [2024-06-14T22:00:09.584+0000] {dag.py:3441} INFO - Setting next_dagrun for example_subdag_operator.section-2 to None, run_after=None
[2024-06-14T22:00:09.589+0000] {logging_mixin.py:137} INFO - [2024-06-14T22:00:09.589+0000] {dag.py:2690} INFO - Sync 2 DAGs
[2024-06-14T22:00:09.593+0000] {logging_mixin.py:137} INFO - [2024-06-14T22:00:09.593+0000] {dag.py:3441} INFO - Setting next_dagrun for example_subdag_operator.section-1 to None, run_after=None
[2024-06-14T22:00:09.594+0000] {logging_mixin.py:137} INFO - [2024-06-14T22:00:09.594+0000] {dag.py:3441} INFO - Setting next_dagrun for example_subdag_operator.section-2 to None, run_after=None
[2024-06-14T22:00:09.602+0000] {processor.py:175} INFO - Processing /home/airflow/.local/lib/python3.7/site-packages/airflow/example_dags/example_subdag_operator.py took 0.084 seconds
[2024-06-14T22:00:40.061+0000] {processor.py:153} INFO - Started process (PID=1070) to work on /home/airflow/.local/lib/python3.7/site-packages/airflow/example_dags/example_subdag_operator.py
[2024-06-14T22:00:40.062+0000] {processor.py:743} INFO - Processing file /home/airflow/.local/lib/python3.7/site-packages/airflow/example_dags/example_subdag_operator.py for tasks to queue
[2024-06-14T22:00:40.063+0000] {logging_mixin.py:137} INFO - [2024-06-14T22:00:40.063+0000] {dagbag.py:538} INFO - Filling up the DagBag from /home/airflow/.local/lib/python3.7/site-packages/airflow/example_dags/example_subdag_operator.py
[2024-06-14T22:00:40.090+0000] {processor.py:753} INFO - DAG(s) dict_keys(['example_subdag_operator.section-1', 'example_subdag_operator.section-2', 'example_subdag_operator']) retrieved from /home/airflow/.local/lib/python3.7/site-packages/airflow/example_dags/example_subdag_operator.py
[2024-06-14T22:00:40.103+0000] {logging_mixin.py:137} INFO - [2024-06-14T22:00:40.103+0000] {dag.py:2690} INFO - Sync 3 DAGs
[2024-06-14T22:00:40.125+0000] {logging_mixin.py:137} INFO - [2024-06-14T22:00:40.124+0000] {dag.py:3441} INFO - Setting next_dagrun for example_subdag_operator to 2022-01-01T00:00:00+00:00, run_after=2022-01-01T00:00:00+00:00
[2024-06-14T22:00:40.127+0000] {logging_mixin.py:137} INFO - [2024-06-14T22:00:40.127+0000] {dag.py:3441} INFO - Setting next_dagrun for example_subdag_operator.section-1 to None, run_after=None
[2024-06-14T22:00:40.129+0000] {logging_mixin.py:137} INFO - [2024-06-14T22:00:40.129+0000] {dag.py:3441} INFO - Setting next_dagrun for example_subdag_operator.section-2 to None, run_after=None
[2024-06-14T22:00:40.134+0000] {logging_mixin.py:137} INFO - [2024-06-14T22:00:40.134+0000] {dag.py:2690} INFO - Sync 2 DAGs
[2024-06-14T22:00:40.138+0000] {logging_mixin.py:137} INFO - [2024-06-14T22:00:40.138+0000] {dag.py:3441} INFO - Setting next_dagrun for example_subdag_operator.section-1 to None, run_after=None
[2024-06-14T22:00:40.139+0000] {logging_mixin.py:137} INFO - [2024-06-14T22:00:40.139+0000] {dag.py:3441} INFO - Setting next_dagrun for example_subdag_operator.section-2 to None, run_after=None
[2024-06-14T22:00:40.147+0000] {processor.py:175} INFO - Processing /home/airflow/.local/lib/python3.7/site-packages/airflow/example_dags/example_subdag_operator.py took 0.089 seconds
[2024-06-14T22:01:10.556+0000] {processor.py:153} INFO - Started process (PID=1119) to work on /home/airflow/.local/lib/python3.7/site-packages/airflow/example_dags/example_subdag_operator.py
[2024-06-14T22:01:10.557+0000] {processor.py:743} INFO - Processing file /home/airflow/.local/lib/python3.7/site-packages/airflow/example_dags/example_subdag_operator.py for tasks to queue
[2024-06-14T22:01:10.558+0000] {logging_mixin.py:137} INFO - [2024-06-14T22:01:10.558+0000] {dagbag.py:538} INFO - Filling up the DagBag from /home/airflow/.local/lib/python3.7/site-packages/airflow/example_dags/example_subdag_operator.py
[2024-06-14T22:01:10.584+0000] {processor.py:753} INFO - DAG(s) dict_keys(['example_subdag_operator.section-1', 'example_subdag_operator.section-2', 'example_subdag_operator']) retrieved from /home/airflow/.local/lib/python3.7/site-packages/airflow/example_dags/example_subdag_operator.py
[2024-06-14T22:01:10.598+0000] {logging_mixin.py:137} INFO - [2024-06-14T22:01:10.597+0000] {dag.py:2690} INFO - Sync 3 DAGs
[2024-06-14T22:01:10.615+0000] {logging_mixin.py:137} INFO - [2024-06-14T22:01:10.615+0000] {dag.py:3441} INFO - Setting next_dagrun for example_subdag_operator to 2022-01-01T00:00:00+00:00, run_after=2022-01-01T00:00:00+00:00
[2024-06-14T22:01:10.618+0000] {logging_mixin.py:137} INFO - [2024-06-14T22:01:10.618+0000] {dag.py:3441} INFO - Setting next_dagrun for example_subdag_operator.section-1 to None, run_after=None
[2024-06-14T22:01:10.619+0000] {logging_mixin.py:137} INFO - [2024-06-14T22:01:10.619+0000] {dag.py:3441} INFO - Setting next_dagrun for example_subdag_operator.section-2 to None, run_after=None
[2024-06-14T22:01:10.625+0000] {logging_mixin.py:137} INFO - [2024-06-14T22:01:10.625+0000] {dag.py:2690} INFO - Sync 2 DAGs
[2024-06-14T22:01:10.629+0000] {logging_mixin.py:137} INFO - [2024-06-14T22:01:10.629+0000] {dag.py:3441} INFO - Setting next_dagrun for example_subdag_operator.section-1 to None, run_after=None
[2024-06-14T22:01:10.630+0000] {logging_mixin.py:137} INFO - [2024-06-14T22:01:10.630+0000] {dag.py:3441} INFO - Setting next_dagrun for example_subdag_operator.section-2 to None, run_after=None
[2024-06-14T22:01:10.636+0000] {processor.py:175} INFO - Processing /home/airflow/.local/lib/python3.7/site-packages/airflow/example_dags/example_subdag_operator.py took 0.084 seconds
[2024-06-14T22:01:40.998+0000] {processor.py:153} INFO - Started process (PID=1169) to work on /home/airflow/.local/lib/python3.7/site-packages/airflow/example_dags/example_subdag_operator.py
[2024-06-14T22:01:41.000+0000] {processor.py:743} INFO - Processing file /home/airflow/.local/lib/python3.7/site-packages/airflow/example_dags/example_subdag_operator.py for tasks to queue
[2024-06-14T22:01:41.001+0000] {logging_mixin.py:137} INFO - [2024-06-14T22:01:41.001+0000] {dagbag.py:538} INFO - Filling up the DagBag from /home/airflow/.local/lib/python3.7/site-packages/airflow/example_dags/example_subdag_operator.py
[2024-06-14T22:01:41.027+0000] {processor.py:753} INFO - DAG(s) dict_keys(['example_subdag_operator.section-1', 'example_subdag_operator.section-2', 'example_subdag_operator']) retrieved from /home/airflow/.local/lib/python3.7/site-packages/airflow/example_dags/example_subdag_operator.py
[2024-06-14T22:01:41.041+0000] {logging_mixin.py:137} INFO - [2024-06-14T22:01:41.041+0000] {dag.py:2690} INFO - Sync 3 DAGs
[2024-06-14T22:01:41.058+0000] {logging_mixin.py:137} INFO - [2024-06-14T22:01:41.058+0000] {dag.py:3441} INFO - Setting next_dagrun for example_subdag_operator to 2022-01-01T00:00:00+00:00, run_after=2022-01-01T00:00:00+00:00
[2024-06-14T22:01:41.061+0000] {logging_mixin.py:137} INFO - [2024-06-14T22:01:41.061+0000] {dag.py:3441} INFO - Setting next_dagrun for example_subdag_operator.section-1 to None, run_after=None
[2024-06-14T22:01:41.062+0000] {logging_mixin.py:137} INFO - [2024-06-14T22:01:41.062+0000] {dag.py:3441} INFO - Setting next_dagrun for example_subdag_operator.section-2 to None, run_after=None
[2024-06-14T22:01:41.068+0000] {logging_mixin.py:137} INFO - [2024-06-14T22:01:41.068+0000] {dag.py:2690} INFO - Sync 2 DAGs
[2024-06-14T22:01:41.072+0000] {logging_mixin.py:137} INFO - [2024-06-14T22:01:41.072+0000] {dag.py:3441} INFO - Setting next_dagrun for example_subdag_operator.section-1 to None, run_after=None
[2024-06-14T22:01:41.073+0000] {logging_mixin.py:137} INFO - [2024-06-14T22:01:41.073+0000] {dag.py:3441} INFO - Setting next_dagrun for example_subdag_operator.section-2 to None, run_after=None
[2024-06-14T22:01:41.079+0000] {processor.py:175} INFO - Processing /home/airflow/.local/lib/python3.7/site-packages/airflow/example_dags/example_subdag_operator.py took 0.084 seconds
[2024-06-14T22:02:11.624+0000] {processor.py:153} INFO - Started process (PID=1219) to work on /home/airflow/.local/lib/python3.7/site-packages/airflow/example_dags/example_subdag_operator.py
[2024-06-14T22:02:11.626+0000] {processor.py:743} INFO - Processing file /home/airflow/.local/lib/python3.7/site-packages/airflow/example_dags/example_subdag_operator.py for tasks to queue
[2024-06-14T22:02:11.626+0000] {logging_mixin.py:137} INFO - [2024-06-14T22:02:11.626+0000] {dagbag.py:538} INFO - Filling up the DagBag from /home/airflow/.local/lib/python3.7/site-packages/airflow/example_dags/example_subdag_operator.py
[2024-06-14T22:02:11.655+0000] {processor.py:753} INFO - DAG(s) dict_keys(['example_subdag_operator.section-1', 'example_subdag_operator.section-2', 'example_subdag_operator']) retrieved from /home/airflow/.local/lib/python3.7/site-packages/airflow/example_dags/example_subdag_operator.py
[2024-06-14T22:02:11.668+0000] {logging_mixin.py:137} INFO - [2024-06-14T22:02:11.668+0000] {dag.py:2690} INFO - Sync 3 DAGs
[2024-06-14T22:02:11.686+0000] {logging_mixin.py:137} INFO - [2024-06-14T22:02:11.686+0000] {dag.py:3441} INFO - Setting next_dagrun for example_subdag_operator to 2022-01-01T00:00:00+00:00, run_after=2022-01-01T00:00:00+00:00
[2024-06-14T22:02:11.689+0000] {logging_mixin.py:137} INFO - [2024-06-14T22:02:11.689+0000] {dag.py:3441} INFO - Setting next_dagrun for example_subdag_operator.section-1 to None, run_after=None
[2024-06-14T22:02:11.691+0000] {logging_mixin.py:137} INFO - [2024-06-14T22:02:11.690+0000] {dag.py:3441} INFO - Setting next_dagrun for example_subdag_operator.section-2 to None, run_after=None
[2024-06-14T22:02:11.696+0000] {logging_mixin.py:137} INFO - [2024-06-14T22:02:11.696+0000] {dag.py:2690} INFO - Sync 2 DAGs
[2024-06-14T22:02:11.700+0000] {logging_mixin.py:137} INFO - [2024-06-14T22:02:11.700+0000] {dag.py:3441} INFO - Setting next_dagrun for example_subdag_operator.section-1 to None, run_after=None
[2024-06-14T22:02:11.700+0000] {logging_mixin.py:137} INFO - [2024-06-14T22:02:11.700+0000] {dag.py:3441} INFO - Setting next_dagrun for example_subdag_operator.section-2 to None, run_after=None
[2024-06-14T22:02:11.708+0000] {processor.py:175} INFO - Processing /home/airflow/.local/lib/python3.7/site-packages/airflow/example_dags/example_subdag_operator.py took 0.087 seconds
[2024-06-14T22:02:42.350+0000] {processor.py:153} INFO - Started process (PID=1269) to work on /home/airflow/.local/lib/python3.7/site-packages/airflow/example_dags/example_subdag_operator.py
[2024-06-14T22:02:42.351+0000] {processor.py:743} INFO - Processing file /home/airflow/.local/lib/python3.7/site-packages/airflow/example_dags/example_subdag_operator.py for tasks to queue
[2024-06-14T22:02:42.352+0000] {logging_mixin.py:137} INFO - [2024-06-14T22:02:42.352+0000] {dagbag.py:538} INFO - Filling up the DagBag from /home/airflow/.local/lib/python3.7/site-packages/airflow/example_dags/example_subdag_operator.py
[2024-06-14T22:02:42.379+0000] {processor.py:753} INFO - DAG(s) dict_keys(['example_subdag_operator.section-1', 'example_subdag_operator.section-2', 'example_subdag_operator']) retrieved from /home/airflow/.local/lib/python3.7/site-packages/airflow/example_dags/example_subdag_operator.py
[2024-06-14T22:02:42.396+0000] {logging_mixin.py:137} INFO - [2024-06-14T22:02:42.396+0000] {dag.py:2690} INFO - Sync 3 DAGs
[2024-06-14T22:02:42.413+0000] {logging_mixin.py:137} INFO - [2024-06-14T22:02:42.413+0000] {dag.py:3441} INFO - Setting next_dagrun for example_subdag_operator to 2022-01-01T00:00:00+00:00, run_after=2022-01-01T00:00:00+00:00
[2024-06-14T22:02:42.416+0000] {logging_mixin.py:137} INFO - [2024-06-14T22:02:42.416+0000] {dag.py:3441} INFO - Setting next_dagrun for example_subdag_operator.section-1 to None, run_after=None
[2024-06-14T22:02:42.417+0000] {logging_mixin.py:137} INFO - [2024-06-14T22:02:42.417+0000] {dag.py:3441} INFO - Setting next_dagrun for example_subdag_operator.section-2 to None, run_after=None
[2024-06-14T22:02:42.423+0000] {logging_mixin.py:137} INFO - [2024-06-14T22:02:42.423+0000] {dag.py:2690} INFO - Sync 2 DAGs
[2024-06-14T22:02:42.426+0000] {logging_mixin.py:137} INFO - [2024-06-14T22:02:42.426+0000] {dag.py:3441} INFO - Setting next_dagrun for example_subdag_operator.section-1 to None, run_after=None
[2024-06-14T22:02:42.427+0000] {logging_mixin.py:137} INFO - [2024-06-14T22:02:42.427+0000] {dag.py:3441} INFO - Setting next_dagrun for example_subdag_operator.section-2 to None, run_after=None
[2024-06-14T22:02:42.434+0000] {processor.py:175} INFO - Processing /home/airflow/.local/lib/python3.7/site-packages/airflow/example_dags/example_subdag_operator.py took 0.087 seconds
[2024-06-14T22:03:12.783+0000] {processor.py:153} INFO - Started process (PID=1319) to work on /home/airflow/.local/lib/python3.7/site-packages/airflow/example_dags/example_subdag_operator.py
[2024-06-14T22:03:12.784+0000] {processor.py:743} INFO - Processing file /home/airflow/.local/lib/python3.7/site-packages/airflow/example_dags/example_subdag_operator.py for tasks to queue
[2024-06-14T22:03:12.785+0000] {logging_mixin.py:137} INFO - [2024-06-14T22:03:12.785+0000] {dagbag.py:538} INFO - Filling up the DagBag from /home/airflow/.local/lib/python3.7/site-packages/airflow/example_dags/example_subdag_operator.py
[2024-06-14T22:03:12.812+0000] {processor.py:753} INFO - DAG(s) dict_keys(['example_subdag_operator.section-1', 'example_subdag_operator.section-2', 'example_subdag_operator']) retrieved from /home/airflow/.local/lib/python3.7/site-packages/airflow/example_dags/example_subdag_operator.py
[2024-06-14T22:03:12.825+0000] {logging_mixin.py:137} INFO - [2024-06-14T22:03:12.824+0000] {dag.py:2690} INFO - Sync 3 DAGs
[2024-06-14T22:03:12.842+0000] {logging_mixin.py:137} INFO - [2024-06-14T22:03:12.842+0000] {dag.py:3441} INFO - Setting next_dagrun for example_subdag_operator to 2022-01-01T00:00:00+00:00, run_after=2022-01-01T00:00:00+00:00
[2024-06-14T22:03:12.845+0000] {logging_mixin.py:137} INFO - [2024-06-14T22:03:12.845+0000] {dag.py:3441} INFO - Setting next_dagrun for example_subdag_operator.section-1 to None, run_after=None
[2024-06-14T22:03:12.846+0000] {logging_mixin.py:137} INFO - [2024-06-14T22:03:12.846+0000] {dag.py:3441} INFO - Setting next_dagrun for example_subdag_operator.section-2 to None, run_after=None
[2024-06-14T22:03:12.851+0000] {logging_mixin.py:137} INFO - [2024-06-14T22:03:12.851+0000] {dag.py:2690} INFO - Sync 2 DAGs
[2024-06-14T22:03:12.855+0000] {logging_mixin.py:137} INFO - [2024-06-14T22:03:12.855+0000] {dag.py:3441} INFO - Setting next_dagrun for example_subdag_operator.section-1 to None, run_after=None
[2024-06-14T22:03:12.856+0000] {logging_mixin.py:137} INFO - [2024-06-14T22:03:12.856+0000] {dag.py:3441} INFO - Setting next_dagrun for example_subdag_operator.section-2 to None, run_after=None
[2024-06-14T22:03:12.862+0000] {processor.py:175} INFO - Processing /home/airflow/.local/lib/python3.7/site-packages/airflow/example_dags/example_subdag_operator.py took 0.083 seconds
[2024-06-14T22:03:43.232+0000] {processor.py:153} INFO - Started process (PID=1369) to work on /home/airflow/.local/lib/python3.7/site-packages/airflow/example_dags/example_subdag_operator.py
[2024-06-14T22:03:43.233+0000] {processor.py:743} INFO - Processing file /home/airflow/.local/lib/python3.7/site-packages/airflow/example_dags/example_subdag_operator.py for tasks to queue
[2024-06-14T22:03:43.235+0000] {logging_mixin.py:137} INFO - [2024-06-14T22:03:43.235+0000] {dagbag.py:538} INFO - Filling up the DagBag from /home/airflow/.local/lib/python3.7/site-packages/airflow/example_dags/example_subdag_operator.py
[2024-06-14T22:03:43.260+0000] {processor.py:753} INFO - DAG(s) dict_keys(['example_subdag_operator.section-1', 'example_subdag_operator.section-2', 'example_subdag_operator']) retrieved from /home/airflow/.local/lib/python3.7/site-packages/airflow/example_dags/example_subdag_operator.py
[2024-06-14T22:03:43.274+0000] {logging_mixin.py:137} INFO - [2024-06-14T22:03:43.274+0000] {dag.py:2690} INFO - Sync 3 DAGs
[2024-06-14T22:03:43.291+0000] {logging_mixin.py:137} INFO - [2024-06-14T22:03:43.291+0000] {dag.py:3441} INFO - Setting next_dagrun for example_subdag_operator to 2022-01-01T00:00:00+00:00, run_after=2022-01-01T00:00:00+00:00
[2024-06-14T22:03:43.294+0000] {logging_mixin.py:137} INFO - [2024-06-14T22:03:43.294+0000] {dag.py:3441} INFO - Setting next_dagrun for example_subdag_operator.section-1 to None, run_after=None
[2024-06-14T22:03:43.295+0000] {logging_mixin.py:137} INFO - [2024-06-14T22:03:43.295+0000] {dag.py:3441} INFO - Setting next_dagrun for example_subdag_operator.section-2 to None, run_after=None
[2024-06-14T22:03:43.301+0000] {logging_mixin.py:137} INFO - [2024-06-14T22:03:43.301+0000] {dag.py:2690} INFO - Sync 2 DAGs
[2024-06-14T22:03:43.305+0000] {logging_mixin.py:137} INFO - [2024-06-14T22:03:43.305+0000] {dag.py:3441} INFO - Setting next_dagrun for example_subdag_operator.section-1 to None, run_after=None
[2024-06-14T22:03:43.306+0000] {logging_mixin.py:137} INFO - [2024-06-14T22:03:43.306+0000] {dag.py:3441} INFO - Setting next_dagrun for example_subdag_operator.section-2 to None, run_after=None
[2024-06-14T22:03:43.313+0000] {processor.py:175} INFO - Processing /home/airflow/.local/lib/python3.7/site-packages/airflow/example_dags/example_subdag_operator.py took 0.084 seconds
[2024-06-14T22:04:13.781+0000] {processor.py:153} INFO - Started process (PID=1419) to work on /home/airflow/.local/lib/python3.7/site-packages/airflow/example_dags/example_subdag_operator.py
[2024-06-14T22:04:13.782+0000] {processor.py:743} INFO - Processing file /home/airflow/.local/lib/python3.7/site-packages/airflow/example_dags/example_subdag_operator.py for tasks to queue
[2024-06-14T22:04:13.783+0000] {logging_mixin.py:137} INFO - [2024-06-14T22:04:13.783+0000] {dagbag.py:538} INFO - Filling up the DagBag from /home/airflow/.local/lib/python3.7/site-packages/airflow/example_dags/example_subdag_operator.py
[2024-06-14T22:04:13.812+0000] {processor.py:753} INFO - DAG(s) dict_keys(['example_subdag_operator.section-1', 'example_subdag_operator.section-2', 'example_subdag_operator']) retrieved from /home/airflow/.local/lib/python3.7/site-packages/airflow/example_dags/example_subdag_operator.py
[2024-06-14T22:04:13.825+0000] {logging_mixin.py:137} INFO - [2024-06-14T22:04:13.825+0000] {dag.py:2690} INFO - Sync 3 DAGs
[2024-06-14T22:04:13.844+0000] {logging_mixin.py:137} INFO - [2024-06-14T22:04:13.843+0000] {dag.py:3441} INFO - Setting next_dagrun for example_subdag_operator to 2022-01-01T00:00:00+00:00, run_after=2022-01-01T00:00:00+00:00
[2024-06-14T22:04:13.847+0000] {logging_mixin.py:137} INFO - [2024-06-14T22:04:13.847+0000] {dag.py:3441} INFO - Setting next_dagrun for example_subdag_operator.section-1 to None, run_after=None
[2024-06-14T22:04:13.849+0000] {logging_mixin.py:137} INFO - [2024-06-14T22:04:13.849+0000] {dag.py:3441} INFO - Setting next_dagrun for example_subdag_operator.section-2 to None, run_after=None
[2024-06-14T22:04:13.854+0000] {logging_mixin.py:137} INFO - [2024-06-14T22:04:13.854+0000] {dag.py:2690} INFO - Sync 2 DAGs
[2024-06-14T22:04:13.858+0000] {logging_mixin.py:137} INFO - [2024-06-14T22:04:13.858+0000] {dag.py:3441} INFO - Setting next_dagrun for example_subdag_operator.section-1 to None, run_after=None
[2024-06-14T22:04:13.859+0000] {logging_mixin.py:137} INFO - [2024-06-14T22:04:13.859+0000] {dag.py:3441} INFO - Setting next_dagrun for example_subdag_operator.section-2 to None, run_after=None
[2024-06-14T22:04:13.867+0000] {processor.py:175} INFO - Processing /home/airflow/.local/lib/python3.7/site-packages/airflow/example_dags/example_subdag_operator.py took 0.089 seconds
[2024-06-14T22:04:44.405+0000] {processor.py:153} INFO - Started process (PID=1468) to work on /home/airflow/.local/lib/python3.7/site-packages/airflow/example_dags/example_subdag_operator.py
[2024-06-14T22:04:44.407+0000] {processor.py:743} INFO - Processing file /home/airflow/.local/lib/python3.7/site-packages/airflow/example_dags/example_subdag_operator.py for tasks to queue
[2024-06-14T22:04:44.408+0000] {logging_mixin.py:137} INFO - [2024-06-14T22:04:44.407+0000] {dagbag.py:538} INFO - Filling up the DagBag from /home/airflow/.local/lib/python3.7/site-packages/airflow/example_dags/example_subdag_operator.py
[2024-06-14T22:04:44.434+0000] {processor.py:753} INFO - DAG(s) dict_keys(['example_subdag_operator.section-1', 'example_subdag_operator.section-2', 'example_subdag_operator']) retrieved from /home/airflow/.local/lib/python3.7/site-packages/airflow/example_dags/example_subdag_operator.py
[2024-06-14T22:04:44.447+0000] {logging_mixin.py:137} INFO - [2024-06-14T22:04:44.447+0000] {dag.py:2690} INFO - Sync 3 DAGs
[2024-06-14T22:04:44.479+0000] {logging_mixin.py:137} INFO - [2024-06-14T22:04:44.478+0000] {dag.py:3441} INFO - Setting next_dagrun for example_subdag_operator to 2022-01-01T00:00:00+00:00, run_after=2022-01-01T00:00:00+00:00
[2024-06-14T22:04:44.482+0000] {logging_mixin.py:137} INFO - [2024-06-14T22:04:44.481+0000] {dag.py:3441} INFO - Setting next_dagrun for example_subdag_operator.section-1 to None, run_after=None
[2024-06-14T22:04:44.483+0000] {logging_mixin.py:137} INFO - [2024-06-14T22:04:44.483+0000] {dag.py:3441} INFO - Setting next_dagrun for example_subdag_operator.section-2 to None, run_after=None
[2024-06-14T22:04:44.489+0000] {logging_mixin.py:137} INFO - [2024-06-14T22:04:44.489+0000] {dag.py:2690} INFO - Sync 2 DAGs
[2024-06-14T22:04:44.493+0000] {logging_mixin.py:137} INFO - [2024-06-14T22:04:44.493+0000] {dag.py:3441} INFO - Setting next_dagrun for example_subdag_operator.section-1 to None, run_after=None
[2024-06-14T22:04:44.494+0000] {logging_mixin.py:137} INFO - [2024-06-14T22:04:44.494+0000] {dag.py:3441} INFO - Setting next_dagrun for example_subdag_operator.section-2 to None, run_after=None
[2024-06-14T22:04:44.501+0000] {processor.py:175} INFO - Processing /home/airflow/.local/lib/python3.7/site-packages/airflow/example_dags/example_subdag_operator.py took 0.098 seconds
[2024-06-14T22:05:15.015+0000] {processor.py:153} INFO - Started process (PID=1517) to work on /home/airflow/.local/lib/python3.7/site-packages/airflow/example_dags/example_subdag_operator.py
[2024-06-14T22:05:15.016+0000] {processor.py:743} INFO - Processing file /home/airflow/.local/lib/python3.7/site-packages/airflow/example_dags/example_subdag_operator.py for tasks to queue
[2024-06-14T22:05:15.017+0000] {logging_mixin.py:137} INFO - [2024-06-14T22:05:15.017+0000] {dagbag.py:538} INFO - Filling up the DagBag from /home/airflow/.local/lib/python3.7/site-packages/airflow/example_dags/example_subdag_operator.py
[2024-06-14T22:05:15.044+0000] {processor.py:753} INFO - DAG(s) dict_keys(['example_subdag_operator.section-1', 'example_subdag_operator.section-2', 'example_subdag_operator']) retrieved from /home/airflow/.local/lib/python3.7/site-packages/airflow/example_dags/example_subdag_operator.py
[2024-06-14T22:05:15.058+0000] {logging_mixin.py:137} INFO - [2024-06-14T22:05:15.057+0000] {dag.py:2690} INFO - Sync 3 DAGs
[2024-06-14T22:05:15.076+0000] {logging_mixin.py:137} INFO - [2024-06-14T22:05:15.076+0000] {dag.py:3441} INFO - Setting next_dagrun for example_subdag_operator to 2022-01-01T00:00:00+00:00, run_after=2022-01-01T00:00:00+00:00
[2024-06-14T22:05:15.079+0000] {logging_mixin.py:137} INFO - [2024-06-14T22:05:15.079+0000] {dag.py:3441} INFO - Setting next_dagrun for example_subdag_operator.section-1 to None, run_after=None
[2024-06-14T22:05:15.081+0000] {logging_mixin.py:137} INFO - [2024-06-14T22:05:15.081+0000] {dag.py:3441} INFO - Setting next_dagrun for example_subdag_operator.section-2 to None, run_after=None
[2024-06-14T22:05:15.087+0000] {logging_mixin.py:137} INFO - [2024-06-14T22:05:15.087+0000] {dag.py:2690} INFO - Sync 2 DAGs
[2024-06-14T22:05:15.091+0000] {logging_mixin.py:137} INFO - [2024-06-14T22:05:15.091+0000] {dag.py:3441} INFO - Setting next_dagrun for example_subdag_operator.section-1 to None, run_after=None
[2024-06-14T22:05:15.092+0000] {logging_mixin.py:137} INFO - [2024-06-14T22:05:15.092+0000] {dag.py:3441} INFO - Setting next_dagrun for example_subdag_operator.section-2 to None, run_after=None
[2024-06-14T22:05:15.099+0000] {processor.py:175} INFO - Processing /home/airflow/.local/lib/python3.7/site-packages/airflow/example_dags/example_subdag_operator.py took 0.087 seconds
[2024-06-14T22:05:45.568+0000] {processor.py:153} INFO - Started process (PID=1567) to work on /home/airflow/.local/lib/python3.7/site-packages/airflow/example_dags/example_subdag_operator.py
[2024-06-14T22:05:45.569+0000] {processor.py:743} INFO - Processing file /home/airflow/.local/lib/python3.7/site-packages/airflow/example_dags/example_subdag_operator.py for tasks to queue
[2024-06-14T22:05:45.570+0000] {logging_mixin.py:137} INFO - [2024-06-14T22:05:45.570+0000] {dagbag.py:538} INFO - Filling up the DagBag from /home/airflow/.local/lib/python3.7/site-packages/airflow/example_dags/example_subdag_operator.py
[2024-06-14T22:05:45.597+0000] {processor.py:753} INFO - DAG(s) dict_keys(['example_subdag_operator.section-1', 'example_subdag_operator.section-2', 'example_subdag_operator']) retrieved from /home/airflow/.local/lib/python3.7/site-packages/airflow/example_dags/example_subdag_operator.py
[2024-06-14T22:05:45.610+0000] {logging_mixin.py:137} INFO - [2024-06-14T22:05:45.610+0000] {dag.py:2690} INFO - Sync 3 DAGs
[2024-06-14T22:05:45.629+0000] {logging_mixin.py:137} INFO - [2024-06-14T22:05:45.629+0000] {dag.py:3441} INFO - Setting next_dagrun for example_subdag_operator to 2022-01-01T00:00:00+00:00, run_after=2022-01-01T00:00:00+00:00
[2024-06-14T22:05:45.631+0000] {logging_mixin.py:137} INFO - [2024-06-14T22:05:45.631+0000] {dag.py:3441} INFO - Setting next_dagrun for example_subdag_operator.section-1 to None, run_after=None
[2024-06-14T22:05:45.632+0000] {logging_mixin.py:137} INFO - [2024-06-14T22:05:45.632+0000] {dag.py:3441} INFO - Setting next_dagrun for example_subdag_operator.section-2 to None, run_after=None
[2024-06-14T22:05:45.638+0000] {logging_mixin.py:137} INFO - [2024-06-14T22:05:45.637+0000] {dag.py:2690} INFO - Sync 2 DAGs
[2024-06-14T22:05:45.642+0000] {logging_mixin.py:137} INFO - [2024-06-14T22:05:45.642+0000] {dag.py:3441} INFO - Setting next_dagrun for example_subdag_operator.section-1 to None, run_after=None
[2024-06-14T22:05:45.642+0000] {logging_mixin.py:137} INFO - [2024-06-14T22:05:45.642+0000] {dag.py:3441} INFO - Setting next_dagrun for example_subdag_operator.section-2 to None, run_after=None
[2024-06-14T22:05:45.651+0000] {processor.py:175} INFO - Processing /home/airflow/.local/lib/python3.7/site-packages/airflow/example_dags/example_subdag_operator.py took 0.087 seconds
[2024-06-14T22:06:16.241+0000] {processor.py:153} INFO - Started process (PID=1617) to work on /home/airflow/.local/lib/python3.7/site-packages/airflow/example_dags/example_subdag_operator.py
[2024-06-14T22:06:16.242+0000] {processor.py:743} INFO - Processing file /home/airflow/.local/lib/python3.7/site-packages/airflow/example_dags/example_subdag_operator.py for tasks to queue
[2024-06-14T22:06:16.243+0000] {logging_mixin.py:137} INFO - [2024-06-14T22:06:16.243+0000] {dagbag.py:538} INFO - Filling up the DagBag from /home/airflow/.local/lib/python3.7/site-packages/airflow/example_dags/example_subdag_operator.py
[2024-06-14T22:06:16.273+0000] {processor.py:753} INFO - DAG(s) dict_keys(['example_subdag_operator.section-1', 'example_subdag_operator.section-2', 'example_subdag_operator']) retrieved from /home/airflow/.local/lib/python3.7/site-packages/airflow/example_dags/example_subdag_operator.py
[2024-06-14T22:06:16.288+0000] {logging_mixin.py:137} INFO - [2024-06-14T22:06:16.287+0000] {dag.py:2690} INFO - Sync 3 DAGs
[2024-06-14T22:06:16.305+0000] {logging_mixin.py:137} INFO - [2024-06-14T22:06:16.305+0000] {dag.py:3441} INFO - Setting next_dagrun for example_subdag_operator to 2022-01-01T00:00:00+00:00, run_after=2022-01-01T00:00:00+00:00
[2024-06-14T22:06:16.310+0000] {logging_mixin.py:137} INFO - [2024-06-14T22:06:16.310+0000] {dag.py:3441} INFO - Setting next_dagrun for example_subdag_operator.section-1 to None, run_after=None
[2024-06-14T22:06:16.311+0000] {logging_mixin.py:137} INFO - [2024-06-14T22:06:16.311+0000] {dag.py:3441} INFO - Setting next_dagrun for example_subdag_operator.section-2 to None, run_after=None
[2024-06-14T22:06:16.318+0000] {logging_mixin.py:137} INFO - [2024-06-14T22:06:16.318+0000] {dag.py:2690} INFO - Sync 2 DAGs
[2024-06-14T22:06:16.323+0000] {logging_mixin.py:137} INFO - [2024-06-14T22:06:16.323+0000] {dag.py:3441} INFO - Setting next_dagrun for example_subdag_operator.section-1 to None, run_after=None
[2024-06-14T22:06:16.324+0000] {logging_mixin.py:137} INFO - [2024-06-14T22:06:16.324+0000] {dag.py:3441} INFO - Setting next_dagrun for example_subdag_operator.section-2 to None, run_after=None
[2024-06-14T22:06:16.333+0000] {processor.py:175} INFO - Processing /home/airflow/.local/lib/python3.7/site-packages/airflow/example_dags/example_subdag_operator.py took 0.097 seconds
[2024-06-14T22:06:46.718+0000] {processor.py:153} INFO - Started process (PID=1667) to work on /home/airflow/.local/lib/python3.7/site-packages/airflow/example_dags/example_subdag_operator.py
[2024-06-14T22:06:46.720+0000] {processor.py:743} INFO - Processing file /home/airflow/.local/lib/python3.7/site-packages/airflow/example_dags/example_subdag_operator.py for tasks to queue
[2024-06-14T22:06:46.720+0000] {logging_mixin.py:137} INFO - [2024-06-14T22:06:46.720+0000] {dagbag.py:538} INFO - Filling up the DagBag from /home/airflow/.local/lib/python3.7/site-packages/airflow/example_dags/example_subdag_operator.py
[2024-06-14T22:06:46.747+0000] {processor.py:753} INFO - DAG(s) dict_keys(['example_subdag_operator.section-1', 'example_subdag_operator.section-2', 'example_subdag_operator']) retrieved from /home/airflow/.local/lib/python3.7/site-packages/airflow/example_dags/example_subdag_operator.py
[2024-06-14T22:06:46.761+0000] {logging_mixin.py:137} INFO - [2024-06-14T22:06:46.761+0000] {dag.py:2690} INFO - Sync 3 DAGs
[2024-06-14T22:06:46.779+0000] {logging_mixin.py:137} INFO - [2024-06-14T22:06:46.779+0000] {dag.py:3441} INFO - Setting next_dagrun for example_subdag_operator to 2022-01-01T00:00:00+00:00, run_after=2022-01-01T00:00:00+00:00
[2024-06-14T22:06:46.782+0000] {logging_mixin.py:137} INFO - [2024-06-14T22:06:46.782+0000] {dag.py:3441} INFO - Setting next_dagrun for example_subdag_operator.section-1 to None, run_after=None
[2024-06-14T22:06:46.784+0000] {logging_mixin.py:137} INFO - [2024-06-14T22:06:46.783+0000] {dag.py:3441} INFO - Setting next_dagrun for example_subdag_operator.section-2 to None, run_after=None
[2024-06-14T22:06:46.789+0000] {logging_mixin.py:137} INFO - [2024-06-14T22:06:46.789+0000] {dag.py:2690} INFO - Sync 2 DAGs
[2024-06-14T22:06:46.793+0000] {logging_mixin.py:137} INFO - [2024-06-14T22:06:46.793+0000] {dag.py:3441} INFO - Setting next_dagrun for example_subdag_operator.section-1 to None, run_after=None
[2024-06-14T22:06:46.794+0000] {logging_mixin.py:137} INFO - [2024-06-14T22:06:46.794+0000] {dag.py:3441} INFO - Setting next_dagrun for example_subdag_operator.section-2 to None, run_after=None
[2024-06-14T22:06:46.801+0000] {processor.py:175} INFO - Processing /home/airflow/.local/lib/python3.7/site-packages/airflow/example_dags/example_subdag_operator.py took 0.086 seconds
[2024-06-14T22:07:17.212+0000] {processor.py:153} INFO - Started process (PID=1717) to work on /home/airflow/.local/lib/python3.7/site-packages/airflow/example_dags/example_subdag_operator.py
[2024-06-14T22:07:17.213+0000] {processor.py:743} INFO - Processing file /home/airflow/.local/lib/python3.7/site-packages/airflow/example_dags/example_subdag_operator.py for tasks to queue
[2024-06-14T22:07:17.215+0000] {logging_mixin.py:137} INFO - [2024-06-14T22:07:17.215+0000] {dagbag.py:538} INFO - Filling up the DagBag from /home/airflow/.local/lib/python3.7/site-packages/airflow/example_dags/example_subdag_operator.py
[2024-06-14T22:07:17.244+0000] {processor.py:753} INFO - DAG(s) dict_keys(['example_subdag_operator.section-1', 'example_subdag_operator.section-2', 'example_subdag_operator']) retrieved from /home/airflow/.local/lib/python3.7/site-packages/airflow/example_dags/example_subdag_operator.py
[2024-06-14T22:07:17.259+0000] {logging_mixin.py:137} INFO - [2024-06-14T22:07:17.259+0000] {dag.py:2690} INFO - Sync 3 DAGs
[2024-06-14T22:07:17.278+0000] {logging_mixin.py:137} INFO - [2024-06-14T22:07:17.277+0000] {dag.py:3441} INFO - Setting next_dagrun for example_subdag_operator to 2022-01-01T00:00:00+00:00, run_after=2022-01-01T00:00:00+00:00
[2024-06-14T22:07:17.281+0000] {logging_mixin.py:137} INFO - [2024-06-14T22:07:17.280+0000] {dag.py:3441} INFO - Setting next_dagrun for example_subdag_operator.section-1 to None, run_after=None
[2024-06-14T22:07:17.282+0000] {logging_mixin.py:137} INFO - [2024-06-14T22:07:17.282+0000] {dag.py:3441} INFO - Setting next_dagrun for example_subdag_operator.section-2 to None, run_after=None
[2024-06-14T22:07:17.288+0000] {logging_mixin.py:137} INFO - [2024-06-14T22:07:17.288+0000] {dag.py:2690} INFO - Sync 2 DAGs
[2024-06-14T22:07:17.292+0000] {logging_mixin.py:137} INFO - [2024-06-14T22:07:17.292+0000] {dag.py:3441} INFO - Setting next_dagrun for example_subdag_operator.section-1 to None, run_after=None
[2024-06-14T22:07:17.293+0000] {logging_mixin.py:137} INFO - [2024-06-14T22:07:17.293+0000] {dag.py:3441} INFO - Setting next_dagrun for example_subdag_operator.section-2 to None, run_after=None
[2024-06-14T22:07:17.302+0000] {processor.py:175} INFO - Processing /home/airflow/.local/lib/python3.7/site-packages/airflow/example_dags/example_subdag_operator.py took 0.093 seconds
[2024-06-14T22:07:47.820+0000] {processor.py:153} INFO - Started process (PID=1767) to work on /home/airflow/.local/lib/python3.7/site-packages/airflow/example_dags/example_subdag_operator.py
[2024-06-14T22:07:47.821+0000] {processor.py:743} INFO - Processing file /home/airflow/.local/lib/python3.7/site-packages/airflow/example_dags/example_subdag_operator.py for tasks to queue
[2024-06-14T22:07:47.822+0000] {logging_mixin.py:137} INFO - [2024-06-14T22:07:47.822+0000] {dagbag.py:538} INFO - Filling up the DagBag from /home/airflow/.local/lib/python3.7/site-packages/airflow/example_dags/example_subdag_operator.py
[2024-06-14T22:07:47.851+0000] {processor.py:753} INFO - DAG(s) dict_keys(['example_subdag_operator.section-1', 'example_subdag_operator.section-2', 'example_subdag_operator']) retrieved from /home/airflow/.local/lib/python3.7/site-packages/airflow/example_dags/example_subdag_operator.py
[2024-06-14T22:07:47.864+0000] {logging_mixin.py:137} INFO - [2024-06-14T22:07:47.864+0000] {dag.py:2690} INFO - Sync 3 DAGs
[2024-06-14T22:07:47.882+0000] {logging_mixin.py:137} INFO - [2024-06-14T22:07:47.882+0000] {dag.py:3441} INFO - Setting next_dagrun for example_subdag_operator to 2022-01-01T00:00:00+00:00, run_after=2022-01-01T00:00:00+00:00
[2024-06-14T22:07:47.885+0000] {logging_mixin.py:137} INFO - [2024-06-14T22:07:47.885+0000] {dag.py:3441} INFO - Setting next_dagrun for example_subdag_operator.section-1 to None, run_after=None
[2024-06-14T22:07:47.887+0000] {logging_mixin.py:137} INFO - [2024-06-14T22:07:47.887+0000] {dag.py:3441} INFO - Setting next_dagrun for example_subdag_operator.section-2 to None, run_after=None
[2024-06-14T22:07:47.893+0000] {logging_mixin.py:137} INFO - [2024-06-14T22:07:47.893+0000] {dag.py:2690} INFO - Sync 2 DAGs
[2024-06-14T22:07:47.898+0000] {logging_mixin.py:137} INFO - [2024-06-14T22:07:47.898+0000] {dag.py:3441} INFO - Setting next_dagrun for example_subdag_operator.section-1 to None, run_after=None
[2024-06-14T22:07:47.899+0000] {logging_mixin.py:137} INFO - [2024-06-14T22:07:47.899+0000] {dag.py:3441} INFO - Setting next_dagrun for example_subdag_operator.section-2 to None, run_after=None
[2024-06-14T22:07:47.907+0000] {processor.py:175} INFO - Processing /home/airflow/.local/lib/python3.7/site-packages/airflow/example_dags/example_subdag_operator.py took 0.091 seconds
[2024-06-14T22:08:18.478+0000] {processor.py:153} INFO - Started process (PID=1817) to work on /home/airflow/.local/lib/python3.7/site-packages/airflow/example_dags/example_subdag_operator.py
[2024-06-14T22:08:18.479+0000] {processor.py:743} INFO - Processing file /home/airflow/.local/lib/python3.7/site-packages/airflow/example_dags/example_subdag_operator.py for tasks to queue
[2024-06-14T22:08:18.480+0000] {logging_mixin.py:137} INFO - [2024-06-14T22:08:18.480+0000] {dagbag.py:538} INFO - Filling up the DagBag from /home/airflow/.local/lib/python3.7/site-packages/airflow/example_dags/example_subdag_operator.py
[2024-06-14T22:08:18.506+0000] {processor.py:753} INFO - DAG(s) dict_keys(['example_subdag_operator.section-1', 'example_subdag_operator.section-2', 'example_subdag_operator']) retrieved from /home/airflow/.local/lib/python3.7/site-packages/airflow/example_dags/example_subdag_operator.py
[2024-06-14T22:08:18.518+0000] {logging_mixin.py:137} INFO - [2024-06-14T22:08:18.518+0000] {dag.py:2690} INFO - Sync 3 DAGs
[2024-06-14T22:08:18.537+0000] {logging_mixin.py:137} INFO - [2024-06-14T22:08:18.536+0000] {dag.py:3441} INFO - Setting next_dagrun for example_subdag_operator to 2022-01-01T00:00:00+00:00, run_after=2022-01-01T00:00:00+00:00
[2024-06-14T22:08:18.539+0000] {logging_mixin.py:137} INFO - [2024-06-14T22:08:18.539+0000] {dag.py:3441} INFO - Setting next_dagrun for example_subdag_operator.section-1 to None, run_after=None
[2024-06-14T22:08:18.540+0000] {logging_mixin.py:137} INFO - [2024-06-14T22:08:18.540+0000] {dag.py:3441} INFO - Setting next_dagrun for example_subdag_operator.section-2 to None, run_after=None
[2024-06-14T22:08:18.545+0000] {logging_mixin.py:137} INFO - [2024-06-14T22:08:18.545+0000] {dag.py:2690} INFO - Sync 2 DAGs
[2024-06-14T22:08:18.549+0000] {logging_mixin.py:137} INFO - [2024-06-14T22:08:18.549+0000] {dag.py:3441} INFO - Setting next_dagrun for example_subdag_operator.section-1 to None, run_after=None
[2024-06-14T22:08:18.549+0000] {logging_mixin.py:137} INFO - [2024-06-14T22:08:18.549+0000] {dag.py:3441} INFO - Setting next_dagrun for example_subdag_operator.section-2 to None, run_after=None
[2024-06-14T22:08:18.557+0000] {processor.py:175} INFO - Processing /home/airflow/.local/lib/python3.7/site-packages/airflow/example_dags/example_subdag_operator.py took 0.083 seconds
[2024-06-14T22:08:49.039+0000] {processor.py:153} INFO - Started process (PID=1867) to work on /home/airflow/.local/lib/python3.7/site-packages/airflow/example_dags/example_subdag_operator.py
[2024-06-14T22:08:49.041+0000] {processor.py:743} INFO - Processing file /home/airflow/.local/lib/python3.7/site-packages/airflow/example_dags/example_subdag_operator.py for tasks to queue
[2024-06-14T22:08:49.042+0000] {logging_mixin.py:137} INFO - [2024-06-14T22:08:49.042+0000] {dagbag.py:538} INFO - Filling up the DagBag from /home/airflow/.local/lib/python3.7/site-packages/airflow/example_dags/example_subdag_operator.py
[2024-06-14T22:08:49.067+0000] {processor.py:753} INFO - DAG(s) dict_keys(['example_subdag_operator.section-1', 'example_subdag_operator.section-2', 'example_subdag_operator']) retrieved from /home/airflow/.local/lib/python3.7/site-packages/airflow/example_dags/example_subdag_operator.py
[2024-06-14T22:08:49.081+0000] {logging_mixin.py:137} INFO - [2024-06-14T22:08:49.080+0000] {dag.py:2690} INFO - Sync 3 DAGs
[2024-06-14T22:08:49.097+0000] {logging_mixin.py:137} INFO - [2024-06-14T22:08:49.097+0000] {dag.py:3441} INFO - Setting next_dagrun for example_subdag_operator to 2022-01-01T00:00:00+00:00, run_after=2022-01-01T00:00:00+00:00
[2024-06-14T22:08:49.100+0000] {logging_mixin.py:137} INFO - [2024-06-14T22:08:49.100+0000] {dag.py:3441} INFO - Setting next_dagrun for example_subdag_operator.section-1 to None, run_after=None
[2024-06-14T22:08:49.102+0000] {logging_mixin.py:137} INFO - [2024-06-14T22:08:49.102+0000] {dag.py:3441} INFO - Setting next_dagrun for example_subdag_operator.section-2 to None, run_after=None
[2024-06-14T22:08:49.107+0000] {logging_mixin.py:137} INFO - [2024-06-14T22:08:49.107+0000] {dag.py:2690} INFO - Sync 2 DAGs
[2024-06-14T22:08:49.111+0000] {logging_mixin.py:137} INFO - [2024-06-14T22:08:49.111+0000] {dag.py:3441} INFO - Setting next_dagrun for example_subdag_operator.section-1 to None, run_after=None
[2024-06-14T22:08:49.112+0000] {logging_mixin.py:137} INFO - [2024-06-14T22:08:49.112+0000] {dag.py:3441} INFO - Setting next_dagrun for example_subdag_operator.section-2 to None, run_after=None
[2024-06-14T22:08:49.118+0000] {processor.py:175} INFO - Processing /home/airflow/.local/lib/python3.7/site-packages/airflow/example_dags/example_subdag_operator.py took 0.082 seconds
[2024-06-14T22:09:19.619+0000] {processor.py:153} INFO - Started process (PID=1917) to work on /home/airflow/.local/lib/python3.7/site-packages/airflow/example_dags/example_subdag_operator.py
[2024-06-14T22:09:19.621+0000] {processor.py:743} INFO - Processing file /home/airflow/.local/lib/python3.7/site-packages/airflow/example_dags/example_subdag_operator.py for tasks to queue
[2024-06-14T22:09:19.622+0000] {logging_mixin.py:137} INFO - [2024-06-14T22:09:19.622+0000] {dagbag.py:538} INFO - Filling up the DagBag from /home/airflow/.local/lib/python3.7/site-packages/airflow/example_dags/example_subdag_operator.py
[2024-06-14T22:09:19.650+0000] {processor.py:753} INFO - DAG(s) dict_keys(['example_subdag_operator.section-1', 'example_subdag_operator.section-2', 'example_subdag_operator']) retrieved from /home/airflow/.local/lib/python3.7/site-packages/airflow/example_dags/example_subdag_operator.py
[2024-06-14T22:09:19.664+0000] {logging_mixin.py:137} INFO - [2024-06-14T22:09:19.664+0000] {dag.py:2690} INFO - Sync 3 DAGs
[2024-06-14T22:09:19.681+0000] {logging_mixin.py:137} INFO - [2024-06-14T22:09:19.681+0000] {dag.py:3441} INFO - Setting next_dagrun for example_subdag_operator to 2022-01-01T00:00:00+00:00, run_after=2022-01-01T00:00:00+00:00
[2024-06-14T22:09:19.684+0000] {logging_mixin.py:137} INFO - [2024-06-14T22:09:19.684+0000] {dag.py:3441} INFO - Setting next_dagrun for example_subdag_operator.section-1 to None, run_after=None
[2024-06-14T22:09:19.685+0000] {logging_mixin.py:137} INFO - [2024-06-14T22:09:19.685+0000] {dag.py:3441} INFO - Setting next_dagrun for example_subdag_operator.section-2 to None, run_after=None
[2024-06-14T22:09:19.691+0000] {logging_mixin.py:137} INFO - [2024-06-14T22:09:19.691+0000] {dag.py:2690} INFO - Sync 2 DAGs
[2024-06-14T22:09:19.695+0000] {logging_mixin.py:137} INFO - [2024-06-14T22:09:19.695+0000] {dag.py:3441} INFO - Setting next_dagrun for example_subdag_operator.section-1 to None, run_after=None
[2024-06-14T22:09:19.695+0000] {logging_mixin.py:137} INFO - [2024-06-14T22:09:19.695+0000] {dag.py:3441} INFO - Setting next_dagrun for example_subdag_operator.section-2 to None, run_after=None
[2024-06-14T22:09:19.703+0000] {processor.py:175} INFO - Processing /home/airflow/.local/lib/python3.7/site-packages/airflow/example_dags/example_subdag_operator.py took 0.087 seconds
[2024-06-14T22:09:50.046+0000] {processor.py:153} INFO - Started process (PID=1967) to work on /home/airflow/.local/lib/python3.7/site-packages/airflow/example_dags/example_subdag_operator.py
[2024-06-14T22:09:50.048+0000] {processor.py:743} INFO - Processing file /home/airflow/.local/lib/python3.7/site-packages/airflow/example_dags/example_subdag_operator.py for tasks to queue
[2024-06-14T22:09:50.049+0000] {logging_mixin.py:137} INFO - [2024-06-14T22:09:50.048+0000] {dagbag.py:538} INFO - Filling up the DagBag from /home/airflow/.local/lib/python3.7/site-packages/airflow/example_dags/example_subdag_operator.py
[2024-06-14T22:09:50.075+0000] {processor.py:753} INFO - DAG(s) dict_keys(['example_subdag_operator.section-1', 'example_subdag_operator.section-2', 'example_subdag_operator']) retrieved from /home/airflow/.local/lib/python3.7/site-packages/airflow/example_dags/example_subdag_operator.py
[2024-06-14T22:09:50.088+0000] {logging_mixin.py:137} INFO - [2024-06-14T22:09:50.088+0000] {dag.py:2690} INFO - Sync 3 DAGs
[2024-06-14T22:09:50.105+0000] {logging_mixin.py:137} INFO - [2024-06-14T22:09:50.105+0000] {dag.py:3441} INFO - Setting next_dagrun for example_subdag_operator to 2022-01-01T00:00:00+00:00, run_after=2022-01-01T00:00:00+00:00
[2024-06-14T22:09:50.109+0000] {logging_mixin.py:137} INFO - [2024-06-14T22:09:50.109+0000] {dag.py:3441} INFO - Setting next_dagrun for example_subdag_operator.section-1 to None, run_after=None
[2024-06-14T22:09:50.110+0000] {logging_mixin.py:137} INFO - [2024-06-14T22:09:50.110+0000] {dag.py:3441} INFO - Setting next_dagrun for example_subdag_operator.section-2 to None, run_after=None
[2024-06-14T22:09:50.116+0000] {logging_mixin.py:137} INFO - [2024-06-14T22:09:50.116+0000] {dag.py:2690} INFO - Sync 2 DAGs
[2024-06-14T22:09:50.119+0000] {logging_mixin.py:137} INFO - [2024-06-14T22:09:50.119+0000] {dag.py:3441} INFO - Setting next_dagrun for example_subdag_operator.section-1 to None, run_after=None
[2024-06-14T22:09:50.120+0000] {logging_mixin.py:137} INFO - [2024-06-14T22:09:50.120+0000] {dag.py:3441} INFO - Setting next_dagrun for example_subdag_operator.section-2 to None, run_after=None
[2024-06-14T22:09:50.127+0000] {processor.py:175} INFO - Processing /home/airflow/.local/lib/python3.7/site-packages/airflow/example_dags/example_subdag_operator.py took 0.084 seconds
[2024-06-14T22:10:20.540+0000] {processor.py:153} INFO - Started process (PID=2017) to work on /home/airflow/.local/lib/python3.7/site-packages/airflow/example_dags/example_subdag_operator.py
[2024-06-14T22:10:20.541+0000] {processor.py:743} INFO - Processing file /home/airflow/.local/lib/python3.7/site-packages/airflow/example_dags/example_subdag_operator.py for tasks to queue
[2024-06-14T22:10:20.542+0000] {logging_mixin.py:137} INFO - [2024-06-14T22:10:20.542+0000] {dagbag.py:538} INFO - Filling up the DagBag from /home/airflow/.local/lib/python3.7/site-packages/airflow/example_dags/example_subdag_operator.py
[2024-06-14T22:10:20.569+0000] {processor.py:753} INFO - DAG(s) dict_keys(['example_subdag_operator.section-1', 'example_subdag_operator.section-2', 'example_subdag_operator']) retrieved from /home/airflow/.local/lib/python3.7/site-packages/airflow/example_dags/example_subdag_operator.py
[2024-06-14T22:10:20.582+0000] {logging_mixin.py:137} INFO - [2024-06-14T22:10:20.582+0000] {dag.py:2690} INFO - Sync 3 DAGs
[2024-06-14T22:10:20.600+0000] {logging_mixin.py:137} INFO - [2024-06-14T22:10:20.600+0000] {dag.py:3441} INFO - Setting next_dagrun for example_subdag_operator to 2022-01-01T00:00:00+00:00, run_after=2022-01-01T00:00:00+00:00
[2024-06-14T22:10:20.603+0000] {logging_mixin.py:137} INFO - [2024-06-14T22:10:20.603+0000] {dag.py:3441} INFO - Setting next_dagrun for example_subdag_operator.section-1 to None, run_after=None
[2024-06-14T22:10:20.605+0000] {logging_mixin.py:137} INFO - [2024-06-14T22:10:20.605+0000] {dag.py:3441} INFO - Setting next_dagrun for example_subdag_operator.section-2 to None, run_after=None
[2024-06-14T22:10:20.611+0000] {logging_mixin.py:137} INFO - [2024-06-14T22:10:20.610+0000] {dag.py:2690} INFO - Sync 2 DAGs
[2024-06-14T22:10:20.616+0000] {logging_mixin.py:137} INFO - [2024-06-14T22:10:20.616+0000] {dag.py:3441} INFO - Setting next_dagrun for example_subdag_operator.section-1 to None, run_after=None
[2024-06-14T22:10:20.616+0000] {logging_mixin.py:137} INFO - [2024-06-14T22:10:20.616+0000] {dag.py:3441} INFO - Setting next_dagrun for example_subdag_operator.section-2 to None, run_after=None
[2024-06-14T22:10:20.624+0000] {processor.py:175} INFO - Processing /home/airflow/.local/lib/python3.7/site-packages/airflow/example_dags/example_subdag_operator.py took 0.087 seconds
[2024-06-14T22:58:50.199+0000] {processor.py:153} INFO - Started process (PID=2067) to work on /home/airflow/.local/lib/python3.7/site-packages/airflow/example_dags/example_subdag_operator.py
[2024-06-14T22:58:50.200+0000] {processor.py:743} INFO - Processing file /home/airflow/.local/lib/python3.7/site-packages/airflow/example_dags/example_subdag_operator.py for tasks to queue
[2024-06-14T22:58:50.201+0000] {logging_mixin.py:137} INFO - [2024-06-14T22:58:50.201+0000] {dagbag.py:538} INFO - Filling up the DagBag from /home/airflow/.local/lib/python3.7/site-packages/airflow/example_dags/example_subdag_operator.py
[2024-06-14T22:58:50.232+0000] {processor.py:753} INFO - DAG(s) dict_keys(['example_subdag_operator.section-1', 'example_subdag_operator.section-2', 'example_subdag_operator']) retrieved from /home/airflow/.local/lib/python3.7/site-packages/airflow/example_dags/example_subdag_operator.py
[2024-06-14T22:58:50.246+0000] {logging_mixin.py:137} INFO - [2024-06-14T22:58:50.246+0000] {dag.py:2690} INFO - Sync 3 DAGs
[2024-06-14T22:58:50.265+0000] {logging_mixin.py:137} INFO - [2024-06-14T22:58:50.265+0000] {dag.py:3441} INFO - Setting next_dagrun for example_subdag_operator to 2022-01-01T00:00:00+00:00, run_after=2022-01-01T00:00:00+00:00
[2024-06-14T22:58:50.269+0000] {logging_mixin.py:137} INFO - [2024-06-14T22:58:50.269+0000] {dag.py:3441} INFO - Setting next_dagrun for example_subdag_operator.section-1 to None, run_after=None
[2024-06-14T22:58:50.271+0000] {logging_mixin.py:137} INFO - [2024-06-14T22:58:50.271+0000] {dag.py:3441} INFO - Setting next_dagrun for example_subdag_operator.section-2 to None, run_after=None
[2024-06-14T22:58:50.278+0000] {logging_mixin.py:137} INFO - [2024-06-14T22:58:50.278+0000] {dag.py:2690} INFO - Sync 2 DAGs
[2024-06-14T22:58:50.283+0000] {logging_mixin.py:137} INFO - [2024-06-14T22:58:50.283+0000] {dag.py:3441} INFO - Setting next_dagrun for example_subdag_operator.section-1 to None, run_after=None
[2024-06-14T22:58:50.284+0000] {logging_mixin.py:137} INFO - [2024-06-14T22:58:50.284+0000] {dag.py:3441} INFO - Setting next_dagrun for example_subdag_operator.section-2 to None, run_after=None
[2024-06-14T22:58:50.293+0000] {processor.py:175} INFO - Processing /home/airflow/.local/lib/python3.7/site-packages/airflow/example_dags/example_subdag_operator.py took 0.097 seconds
[2024-06-14T23:14:37.942+0000] {processor.py:153} INFO - Started process (PID=2124) to work on /home/airflow/.local/lib/python3.7/site-packages/airflow/example_dags/example_subdag_operator.py
[2024-06-14T23:14:37.956+0000] {processor.py:743} INFO - Processing file /home/airflow/.local/lib/python3.7/site-packages/airflow/example_dags/example_subdag_operator.py for tasks to queue
[2024-06-14T23:14:37.960+0000] {logging_mixin.py:137} INFO - [2024-06-14T23:14:37.960+0000] {dagbag.py:538} INFO - Filling up the DagBag from /home/airflow/.local/lib/python3.7/site-packages/airflow/example_dags/example_subdag_operator.py
[2024-06-14T23:14:38.114+0000] {processor.py:753} INFO - DAG(s) dict_keys(['example_subdag_operator.section-1', 'example_subdag_operator.section-2', 'example_subdag_operator']) retrieved from /home/airflow/.local/lib/python3.7/site-packages/airflow/example_dags/example_subdag_operator.py
[2024-06-14T23:14:38.199+0000] {logging_mixin.py:137} INFO - [2024-06-14T23:14:38.199+0000] {dag.py:2690} INFO - Sync 3 DAGs
[2024-06-14T23:14:38.268+0000] {logging_mixin.py:137} INFO - [2024-06-14T23:14:38.267+0000] {dag.py:3441} INFO - Setting next_dagrun for example_subdag_operator to 2022-01-01T00:00:00+00:00, run_after=2022-01-01T00:00:00+00:00
[2024-06-14T23:14:38.280+0000] {logging_mixin.py:137} INFO - [2024-06-14T23:14:38.279+0000] {dag.py:3441} INFO - Setting next_dagrun for example_subdag_operator.section-1 to None, run_after=None
[2024-06-14T23:14:38.283+0000] {logging_mixin.py:137} INFO - [2024-06-14T23:14:38.283+0000] {dag.py:3441} INFO - Setting next_dagrun for example_subdag_operator.section-2 to None, run_after=None
[2024-06-14T23:14:38.300+0000] {logging_mixin.py:137} INFO - [2024-06-14T23:14:38.300+0000] {dag.py:2690} INFO - Sync 2 DAGs
[2024-06-14T23:14:38.315+0000] {logging_mixin.py:137} INFO - [2024-06-14T23:14:38.314+0000] {dag.py:3441} INFO - Setting next_dagrun for example_subdag_operator.section-1 to None, run_after=None
[2024-06-14T23:14:38.317+0000] {logging_mixin.py:137} INFO - [2024-06-14T23:14:38.316+0000] {dag.py:3441} INFO - Setting next_dagrun for example_subdag_operator.section-2 to None, run_after=None
[2024-06-14T23:14:38.342+0000] {processor.py:175} INFO - Processing /home/airflow/.local/lib/python3.7/site-packages/airflow/example_dags/example_subdag_operator.py took 0.416 seconds
