[2024-06-14T21:50:25.653+0000] {processor.py:153} INFO - Started process (PID=41) to work on /home/airflow/.local/lib/python3.7/site-packages/airflow/example_dags/example_branch_day_of_week_operator.py
[2024-06-14T21:50:25.654+0000] {processor.py:743} INFO - Processing file /home/airflow/.local/lib/python3.7/site-packages/airflow/example_dags/example_branch_day_of_week_operator.py for tasks to queue
[2024-06-14T21:50:25.655+0000] {logging_mixin.py:137} INFO - [2024-06-14T21:50:25.655+0000] {dagbag.py:538} INFO - Filling up the DagBag from /home/airflow/.local/lib/python3.7/site-packages/airflow/example_dags/example_branch_day_of_week_operator.py
[2024-06-14T21:50:25.689+0000] {processor.py:753} INFO - DAG(s) dict_keys(['example_weekday_branch_operator']) retrieved from /home/airflow/.local/lib/python3.7/site-packages/airflow/example_dags/example_branch_day_of_week_operator.py
[2024-06-14T21:50:25.725+0000] {logging_mixin.py:137} INFO - [2024-06-14T21:50:25.725+0000] {dag.py:2690} INFO - Sync 1 DAGs
[2024-06-14T21:50:25.760+0000] {logging_mixin.py:137} INFO - [2024-06-14T21:50:25.760+0000] {dag.py:3441} INFO - Setting next_dagrun for example_weekday_branch_operator to 2024-06-13T00:00:00+00:00, run_after=2024-06-14T00:00:00+00:00
[2024-06-14T21:50:25.778+0000] {processor.py:175} INFO - Processing /home/airflow/.local/lib/python3.7/site-packages/airflow/example_dags/example_branch_day_of_week_operator.py took 0.128 seconds
[2024-06-14T21:50:56.027+0000] {processor.py:153} INFO - Started process (PID=91) to work on /home/airflow/.local/lib/python3.7/site-packages/airflow/example_dags/example_branch_day_of_week_operator.py
[2024-06-14T21:50:56.029+0000] {processor.py:743} INFO - Processing file /home/airflow/.local/lib/python3.7/site-packages/airflow/example_dags/example_branch_day_of_week_operator.py for tasks to queue
[2024-06-14T21:50:56.030+0000] {logging_mixin.py:137} INFO - [2024-06-14T21:50:56.029+0000] {dagbag.py:538} INFO - Filling up the DagBag from /home/airflow/.local/lib/python3.7/site-packages/airflow/example_dags/example_branch_day_of_week_operator.py
[2024-06-14T21:50:56.043+0000] {processor.py:753} INFO - DAG(s) dict_keys(['example_weekday_branch_operator']) retrieved from /home/airflow/.local/lib/python3.7/site-packages/airflow/example_dags/example_branch_day_of_week_operator.py
[2024-06-14T21:50:56.067+0000] {logging_mixin.py:137} INFO - [2024-06-14T21:50:56.067+0000] {dag.py:2690} INFO - Sync 1 DAGs
[2024-06-14T21:50:56.087+0000] {logging_mixin.py:137} INFO - [2024-06-14T21:50:56.087+0000] {dag.py:3441} INFO - Setting next_dagrun for example_weekday_branch_operator to 2024-06-13T00:00:00+00:00, run_after=2024-06-14T00:00:00+00:00
[2024-06-14T21:50:56.103+0000] {processor.py:175} INFO - Processing /home/airflow/.local/lib/python3.7/site-packages/airflow/example_dags/example_branch_day_of_week_operator.py took 0.079 seconds
[2024-06-14T21:51:26.770+0000] {processor.py:153} INFO - Started process (PID=141) to work on /home/airflow/.local/lib/python3.7/site-packages/airflow/example_dags/example_branch_day_of_week_operator.py
[2024-06-14T21:51:26.771+0000] {processor.py:743} INFO - Processing file /home/airflow/.local/lib/python3.7/site-packages/airflow/example_dags/example_branch_day_of_week_operator.py for tasks to queue
[2024-06-14T21:51:26.772+0000] {logging_mixin.py:137} INFO - [2024-06-14T21:51:26.772+0000] {dagbag.py:538} INFO - Filling up the DagBag from /home/airflow/.local/lib/python3.7/site-packages/airflow/example_dags/example_branch_day_of_week_operator.py
[2024-06-14T21:51:26.784+0000] {processor.py:753} INFO - DAG(s) dict_keys(['example_weekday_branch_operator']) retrieved from /home/airflow/.local/lib/python3.7/site-packages/airflow/example_dags/example_branch_day_of_week_operator.py
[2024-06-14T21:51:26.806+0000] {logging_mixin.py:137} INFO - [2024-06-14T21:51:26.806+0000] {dag.py:2690} INFO - Sync 1 DAGs
[2024-06-14T21:51:26.825+0000] {logging_mixin.py:137} INFO - [2024-06-14T21:51:26.825+0000] {dag.py:3441} INFO - Setting next_dagrun for example_weekday_branch_operator to 2024-06-13T00:00:00+00:00, run_after=2024-06-14T00:00:00+00:00
[2024-06-14T21:51:26.838+0000] {processor.py:175} INFO - Processing /home/airflow/.local/lib/python3.7/site-packages/airflow/example_dags/example_branch_day_of_week_operator.py took 0.072 seconds
[2024-06-14T21:51:57.219+0000] {processor.py:153} INFO - Started process (PID=191) to work on /home/airflow/.local/lib/python3.7/site-packages/airflow/example_dags/example_branch_day_of_week_operator.py
[2024-06-14T21:51:57.220+0000] {processor.py:743} INFO - Processing file /home/airflow/.local/lib/python3.7/site-packages/airflow/example_dags/example_branch_day_of_week_operator.py for tasks to queue
[2024-06-14T21:51:57.221+0000] {logging_mixin.py:137} INFO - [2024-06-14T21:51:57.221+0000] {dagbag.py:538} INFO - Filling up the DagBag from /home/airflow/.local/lib/python3.7/site-packages/airflow/example_dags/example_branch_day_of_week_operator.py
[2024-06-14T21:51:57.234+0000] {processor.py:753} INFO - DAG(s) dict_keys(['example_weekday_branch_operator']) retrieved from /home/airflow/.local/lib/python3.7/site-packages/airflow/example_dags/example_branch_day_of_week_operator.py
[2024-06-14T21:51:57.256+0000] {logging_mixin.py:137} INFO - [2024-06-14T21:51:57.256+0000] {dag.py:2690} INFO - Sync 1 DAGs
[2024-06-14T21:51:57.273+0000] {logging_mixin.py:137} INFO - [2024-06-14T21:51:57.273+0000] {dag.py:3441} INFO - Setting next_dagrun for example_weekday_branch_operator to 2024-06-13T00:00:00+00:00, run_after=2024-06-14T00:00:00+00:00
[2024-06-14T21:51:57.286+0000] {processor.py:175} INFO - Processing /home/airflow/.local/lib/python3.7/site-packages/airflow/example_dags/example_branch_day_of_week_operator.py took 0.071 seconds
[2024-06-14T21:52:27.830+0000] {processor.py:153} INFO - Started process (PID=241) to work on /home/airflow/.local/lib/python3.7/site-packages/airflow/example_dags/example_branch_day_of_week_operator.py
[2024-06-14T21:52:27.831+0000] {processor.py:743} INFO - Processing file /home/airflow/.local/lib/python3.7/site-packages/airflow/example_dags/example_branch_day_of_week_operator.py for tasks to queue
[2024-06-14T21:52:27.832+0000] {logging_mixin.py:137} INFO - [2024-06-14T21:52:27.832+0000] {dagbag.py:538} INFO - Filling up the DagBag from /home/airflow/.local/lib/python3.7/site-packages/airflow/example_dags/example_branch_day_of_week_operator.py
[2024-06-14T21:52:27.844+0000] {processor.py:753} INFO - DAG(s) dict_keys(['example_weekday_branch_operator']) retrieved from /home/airflow/.local/lib/python3.7/site-packages/airflow/example_dags/example_branch_day_of_week_operator.py
[2024-06-14T21:52:27.866+0000] {logging_mixin.py:137} INFO - [2024-06-14T21:52:27.866+0000] {dag.py:2690} INFO - Sync 1 DAGs
[2024-06-14T21:52:27.885+0000] {logging_mixin.py:137} INFO - [2024-06-14T21:52:27.885+0000] {dag.py:3441} INFO - Setting next_dagrun for example_weekday_branch_operator to 2024-06-13T00:00:00+00:00, run_after=2024-06-14T00:00:00+00:00
[2024-06-14T21:52:27.899+0000] {processor.py:175} INFO - Processing /home/airflow/.local/lib/python3.7/site-packages/airflow/example_dags/example_branch_day_of_week_operator.py took 0.072 seconds
[2024-06-14T21:52:58.389+0000] {processor.py:153} INFO - Started process (PID=290) to work on /home/airflow/.local/lib/python3.7/site-packages/airflow/example_dags/example_branch_day_of_week_operator.py
[2024-06-14T21:52:58.390+0000] {processor.py:743} INFO - Processing file /home/airflow/.local/lib/python3.7/site-packages/airflow/example_dags/example_branch_day_of_week_operator.py for tasks to queue
[2024-06-14T21:52:58.391+0000] {logging_mixin.py:137} INFO - [2024-06-14T21:52:58.391+0000] {dagbag.py:538} INFO - Filling up the DagBag from /home/airflow/.local/lib/python3.7/site-packages/airflow/example_dags/example_branch_day_of_week_operator.py
[2024-06-14T21:52:58.403+0000] {processor.py:753} INFO - DAG(s) dict_keys(['example_weekday_branch_operator']) retrieved from /home/airflow/.local/lib/python3.7/site-packages/airflow/example_dags/example_branch_day_of_week_operator.py
[2024-06-14T21:52:58.424+0000] {logging_mixin.py:137} INFO - [2024-06-14T21:52:58.424+0000] {dag.py:2690} INFO - Sync 1 DAGs
[2024-06-14T21:52:58.443+0000] {logging_mixin.py:137} INFO - [2024-06-14T21:52:58.443+0000] {dag.py:3441} INFO - Setting next_dagrun for example_weekday_branch_operator to 2024-06-13T00:00:00+00:00, run_after=2024-06-14T00:00:00+00:00
[2024-06-14T21:52:58.456+0000] {processor.py:175} INFO - Processing /home/airflow/.local/lib/python3.7/site-packages/airflow/example_dags/example_branch_day_of_week_operator.py took 0.070 seconds
[2024-06-14T21:53:28.866+0000] {processor.py:153} INFO - Started process (PID=340) to work on /home/airflow/.local/lib/python3.7/site-packages/airflow/example_dags/example_branch_day_of_week_operator.py
[2024-06-14T21:53:28.868+0000] {processor.py:743} INFO - Processing file /home/airflow/.local/lib/python3.7/site-packages/airflow/example_dags/example_branch_day_of_week_operator.py for tasks to queue
[2024-06-14T21:53:28.869+0000] {logging_mixin.py:137} INFO - [2024-06-14T21:53:28.869+0000] {dagbag.py:538} INFO - Filling up the DagBag from /home/airflow/.local/lib/python3.7/site-packages/airflow/example_dags/example_branch_day_of_week_operator.py
[2024-06-14T21:53:28.886+0000] {processor.py:753} INFO - DAG(s) dict_keys(['example_weekday_branch_operator']) retrieved from /home/airflow/.local/lib/python3.7/site-packages/airflow/example_dags/example_branch_day_of_week_operator.py
[2024-06-14T21:53:28.914+0000] {logging_mixin.py:137} INFO - [2024-06-14T21:53:28.914+0000] {dag.py:2690} INFO - Sync 1 DAGs
[2024-06-14T21:53:28.944+0000] {logging_mixin.py:137} INFO - [2024-06-14T21:53:28.944+0000] {dag.py:3441} INFO - Setting next_dagrun for example_weekday_branch_operator to 2024-06-13T00:00:00+00:00, run_after=2024-06-14T00:00:00+00:00
[2024-06-14T21:53:28.961+0000] {processor.py:175} INFO - Processing /home/airflow/.local/lib/python3.7/site-packages/airflow/example_dags/example_branch_day_of_week_operator.py took 0.099 seconds
[2024-06-14T21:53:59.546+0000] {processor.py:153} INFO - Started process (PID=390) to work on /home/airflow/.local/lib/python3.7/site-packages/airflow/example_dags/example_branch_day_of_week_operator.py
[2024-06-14T21:53:59.547+0000] {processor.py:743} INFO - Processing file /home/airflow/.local/lib/python3.7/site-packages/airflow/example_dags/example_branch_day_of_week_operator.py for tasks to queue
[2024-06-14T21:53:59.548+0000] {logging_mixin.py:137} INFO - [2024-06-14T21:53:59.548+0000] {dagbag.py:538} INFO - Filling up the DagBag from /home/airflow/.local/lib/python3.7/site-packages/airflow/example_dags/example_branch_day_of_week_operator.py
[2024-06-14T21:53:59.559+0000] {processor.py:753} INFO - DAG(s) dict_keys(['example_weekday_branch_operator']) retrieved from /home/airflow/.local/lib/python3.7/site-packages/airflow/example_dags/example_branch_day_of_week_operator.py
[2024-06-14T21:53:59.582+0000] {logging_mixin.py:137} INFO - [2024-06-14T21:53:59.582+0000] {dag.py:2690} INFO - Sync 1 DAGs
[2024-06-14T21:53:59.599+0000] {logging_mixin.py:137} INFO - [2024-06-14T21:53:59.599+0000] {dag.py:3441} INFO - Setting next_dagrun for example_weekday_branch_operator to 2024-06-13T00:00:00+00:00, run_after=2024-06-14T00:00:00+00:00
[2024-06-14T21:53:59.614+0000] {processor.py:175} INFO - Processing /home/airflow/.local/lib/python3.7/site-packages/airflow/example_dags/example_branch_day_of_week_operator.py took 0.071 seconds
[2024-06-14T21:54:30.410+0000] {processor.py:153} INFO - Started process (PID=440) to work on /home/airflow/.local/lib/python3.7/site-packages/airflow/example_dags/example_branch_day_of_week_operator.py
[2024-06-14T21:54:30.411+0000] {processor.py:743} INFO - Processing file /home/airflow/.local/lib/python3.7/site-packages/airflow/example_dags/example_branch_day_of_week_operator.py for tasks to queue
[2024-06-14T21:54:30.412+0000] {logging_mixin.py:137} INFO - [2024-06-14T21:54:30.412+0000] {dagbag.py:538} INFO - Filling up the DagBag from /home/airflow/.local/lib/python3.7/site-packages/airflow/example_dags/example_branch_day_of_week_operator.py
[2024-06-14T21:54:30.424+0000] {processor.py:753} INFO - DAG(s) dict_keys(['example_weekday_branch_operator']) retrieved from /home/airflow/.local/lib/python3.7/site-packages/airflow/example_dags/example_branch_day_of_week_operator.py
[2024-06-14T21:54:30.446+0000] {logging_mixin.py:137} INFO - [2024-06-14T21:54:30.446+0000] {dag.py:2690} INFO - Sync 1 DAGs
[2024-06-14T21:54:30.465+0000] {logging_mixin.py:137} INFO - [2024-06-14T21:54:30.465+0000] {dag.py:3441} INFO - Setting next_dagrun for example_weekday_branch_operator to 2024-06-13T00:00:00+00:00, run_after=2024-06-14T00:00:00+00:00
[2024-06-14T21:54:30.479+0000] {processor.py:175} INFO - Processing /home/airflow/.local/lib/python3.7/site-packages/airflow/example_dags/example_branch_day_of_week_operator.py took 0.072 seconds
[2024-06-14T21:55:00.899+0000] {processor.py:153} INFO - Started process (PID=490) to work on /home/airflow/.local/lib/python3.7/site-packages/airflow/example_dags/example_branch_day_of_week_operator.py
[2024-06-14T21:55:00.901+0000] {processor.py:743} INFO - Processing file /home/airflow/.local/lib/python3.7/site-packages/airflow/example_dags/example_branch_day_of_week_operator.py for tasks to queue
[2024-06-14T21:55:00.902+0000] {logging_mixin.py:137} INFO - [2024-06-14T21:55:00.902+0000] {dagbag.py:538} INFO - Filling up the DagBag from /home/airflow/.local/lib/python3.7/site-packages/airflow/example_dags/example_branch_day_of_week_operator.py
[2024-06-14T21:55:00.915+0000] {processor.py:753} INFO - DAG(s) dict_keys(['example_weekday_branch_operator']) retrieved from /home/airflow/.local/lib/python3.7/site-packages/airflow/example_dags/example_branch_day_of_week_operator.py
[2024-06-14T21:55:00.938+0000] {logging_mixin.py:137} INFO - [2024-06-14T21:55:00.938+0000] {dag.py:2690} INFO - Sync 1 DAGs
[2024-06-14T21:55:00.957+0000] {logging_mixin.py:137} INFO - [2024-06-14T21:55:00.957+0000] {dag.py:3441} INFO - Setting next_dagrun for example_weekday_branch_operator to 2024-06-13T00:00:00+00:00, run_after=2024-06-14T00:00:00+00:00
[2024-06-14T21:55:00.970+0000] {processor.py:175} INFO - Processing /home/airflow/.local/lib/python3.7/site-packages/airflow/example_dags/example_branch_day_of_week_operator.py took 0.074 seconds
[2024-06-14T21:55:31.607+0000] {processor.py:153} INFO - Started process (PID=540) to work on /home/airflow/.local/lib/python3.7/site-packages/airflow/example_dags/example_branch_day_of_week_operator.py
[2024-06-14T21:55:31.609+0000] {processor.py:743} INFO - Processing file /home/airflow/.local/lib/python3.7/site-packages/airflow/example_dags/example_branch_day_of_week_operator.py for tasks to queue
[2024-06-14T21:55:31.610+0000] {logging_mixin.py:137} INFO - [2024-06-14T21:55:31.610+0000] {dagbag.py:538} INFO - Filling up the DagBag from /home/airflow/.local/lib/python3.7/site-packages/airflow/example_dags/example_branch_day_of_week_operator.py
[2024-06-14T21:55:31.622+0000] {processor.py:753} INFO - DAG(s) dict_keys(['example_weekday_branch_operator']) retrieved from /home/airflow/.local/lib/python3.7/site-packages/airflow/example_dags/example_branch_day_of_week_operator.py
[2024-06-14T21:55:31.644+0000] {logging_mixin.py:137} INFO - [2024-06-14T21:55:31.644+0000] {dag.py:2690} INFO - Sync 1 DAGs
[2024-06-14T21:55:31.663+0000] {logging_mixin.py:137} INFO - [2024-06-14T21:55:31.663+0000] {dag.py:3441} INFO - Setting next_dagrun for example_weekday_branch_operator to 2024-06-13T00:00:00+00:00, run_after=2024-06-14T00:00:00+00:00
[2024-06-14T21:55:31.676+0000] {processor.py:175} INFO - Processing /home/airflow/.local/lib/python3.7/site-packages/airflow/example_dags/example_branch_day_of_week_operator.py took 0.072 seconds
[2024-06-14T21:56:02.248+0000] {processor.py:153} INFO - Started process (PID=590) to work on /home/airflow/.local/lib/python3.7/site-packages/airflow/example_dags/example_branch_day_of_week_operator.py
[2024-06-14T21:56:02.249+0000] {processor.py:743} INFO - Processing file /home/airflow/.local/lib/python3.7/site-packages/airflow/example_dags/example_branch_day_of_week_operator.py for tasks to queue
[2024-06-14T21:56:02.250+0000] {logging_mixin.py:137} INFO - [2024-06-14T21:56:02.250+0000] {dagbag.py:538} INFO - Filling up the DagBag from /home/airflow/.local/lib/python3.7/site-packages/airflow/example_dags/example_branch_day_of_week_operator.py
[2024-06-14T21:56:02.263+0000] {processor.py:753} INFO - DAG(s) dict_keys(['example_weekday_branch_operator']) retrieved from /home/airflow/.local/lib/python3.7/site-packages/airflow/example_dags/example_branch_day_of_week_operator.py
[2024-06-14T21:56:02.285+0000] {logging_mixin.py:137} INFO - [2024-06-14T21:56:02.285+0000] {dag.py:2690} INFO - Sync 1 DAGs
[2024-06-14T21:56:02.304+0000] {logging_mixin.py:137} INFO - [2024-06-14T21:56:02.304+0000] {dag.py:3441} INFO - Setting next_dagrun for example_weekday_branch_operator to 2024-06-13T00:00:00+00:00, run_after=2024-06-14T00:00:00+00:00
[2024-06-14T21:56:02.319+0000] {processor.py:175} INFO - Processing /home/airflow/.local/lib/python3.7/site-packages/airflow/example_dags/example_branch_day_of_week_operator.py took 0.074 seconds
[2024-06-14T21:56:33.163+0000] {processor.py:153} INFO - Started process (PID=640) to work on /home/airflow/.local/lib/python3.7/site-packages/airflow/example_dags/example_branch_day_of_week_operator.py
[2024-06-14T21:56:33.164+0000] {processor.py:743} INFO - Processing file /home/airflow/.local/lib/python3.7/site-packages/airflow/example_dags/example_branch_day_of_week_operator.py for tasks to queue
[2024-06-14T21:56:33.166+0000] {logging_mixin.py:137} INFO - [2024-06-14T21:56:33.165+0000] {dagbag.py:538} INFO - Filling up the DagBag from /home/airflow/.local/lib/python3.7/site-packages/airflow/example_dags/example_branch_day_of_week_operator.py
[2024-06-14T21:56:33.178+0000] {processor.py:753} INFO - DAG(s) dict_keys(['example_weekday_branch_operator']) retrieved from /home/airflow/.local/lib/python3.7/site-packages/airflow/example_dags/example_branch_day_of_week_operator.py
[2024-06-14T21:56:33.201+0000] {logging_mixin.py:137} INFO - [2024-06-14T21:56:33.201+0000] {dag.py:2690} INFO - Sync 1 DAGs
[2024-06-14T21:56:33.219+0000] {logging_mixin.py:137} INFO - [2024-06-14T21:56:33.219+0000] {dag.py:3441} INFO - Setting next_dagrun for example_weekday_branch_operator to 2024-06-13T00:00:00+00:00, run_after=2024-06-14T00:00:00+00:00
[2024-06-14T21:56:33.279+0000] {processor.py:175} INFO - Processing /home/airflow/.local/lib/python3.7/site-packages/airflow/example_dags/example_branch_day_of_week_operator.py took 0.119 seconds
[2024-06-14T21:57:03.888+0000] {processor.py:153} INFO - Started process (PID=690) to work on /home/airflow/.local/lib/python3.7/site-packages/airflow/example_dags/example_branch_day_of_week_operator.py
[2024-06-14T21:57:03.889+0000] {processor.py:743} INFO - Processing file /home/airflow/.local/lib/python3.7/site-packages/airflow/example_dags/example_branch_day_of_week_operator.py for tasks to queue
[2024-06-14T21:57:03.890+0000] {logging_mixin.py:137} INFO - [2024-06-14T21:57:03.890+0000] {dagbag.py:538} INFO - Filling up the DagBag from /home/airflow/.local/lib/python3.7/site-packages/airflow/example_dags/example_branch_day_of_week_operator.py
[2024-06-14T21:57:03.902+0000] {processor.py:753} INFO - DAG(s) dict_keys(['example_weekday_branch_operator']) retrieved from /home/airflow/.local/lib/python3.7/site-packages/airflow/example_dags/example_branch_day_of_week_operator.py
[2024-06-14T21:57:03.923+0000] {logging_mixin.py:137} INFO - [2024-06-14T21:57:03.923+0000] {dag.py:2690} INFO - Sync 1 DAGs
[2024-06-14T21:57:03.941+0000] {logging_mixin.py:137} INFO - [2024-06-14T21:57:03.941+0000] {dag.py:3441} INFO - Setting next_dagrun for example_weekday_branch_operator to 2024-06-13T00:00:00+00:00, run_after=2024-06-14T00:00:00+00:00
[2024-06-14T21:57:03.954+0000] {processor.py:175} INFO - Processing /home/airflow/.local/lib/python3.7/site-packages/airflow/example_dags/example_branch_day_of_week_operator.py took 0.069 seconds
[2024-06-14T21:57:34.261+0000] {processor.py:153} INFO - Started process (PID=740) to work on /home/airflow/.local/lib/python3.7/site-packages/airflow/example_dags/example_branch_day_of_week_operator.py
[2024-06-14T21:57:34.263+0000] {processor.py:743} INFO - Processing file /home/airflow/.local/lib/python3.7/site-packages/airflow/example_dags/example_branch_day_of_week_operator.py for tasks to queue
[2024-06-14T21:57:34.264+0000] {logging_mixin.py:137} INFO - [2024-06-14T21:57:34.264+0000] {dagbag.py:538} INFO - Filling up the DagBag from /home/airflow/.local/lib/python3.7/site-packages/airflow/example_dags/example_branch_day_of_week_operator.py
[2024-06-14T21:57:34.276+0000] {processor.py:753} INFO - DAG(s) dict_keys(['example_weekday_branch_operator']) retrieved from /home/airflow/.local/lib/python3.7/site-packages/airflow/example_dags/example_branch_day_of_week_operator.py
[2024-06-14T21:57:34.297+0000] {logging_mixin.py:137} INFO - [2024-06-14T21:57:34.297+0000] {dag.py:2690} INFO - Sync 1 DAGs
[2024-06-14T21:57:34.314+0000] {logging_mixin.py:137} INFO - [2024-06-14T21:57:34.314+0000] {dag.py:3441} INFO - Setting next_dagrun for example_weekday_branch_operator to 2024-06-13T00:00:00+00:00, run_after=2024-06-14T00:00:00+00:00
[2024-06-14T21:57:34.328+0000] {processor.py:175} INFO - Processing /home/airflow/.local/lib/python3.7/site-packages/airflow/example_dags/example_branch_day_of_week_operator.py took 0.069 seconds
[2024-06-14T21:58:04.829+0000] {processor.py:153} INFO - Started process (PID=790) to work on /home/airflow/.local/lib/python3.7/site-packages/airflow/example_dags/example_branch_day_of_week_operator.py
[2024-06-14T21:58:04.830+0000] {processor.py:743} INFO - Processing file /home/airflow/.local/lib/python3.7/site-packages/airflow/example_dags/example_branch_day_of_week_operator.py for tasks to queue
[2024-06-14T21:58:04.831+0000] {logging_mixin.py:137} INFO - [2024-06-14T21:58:04.831+0000] {dagbag.py:538} INFO - Filling up the DagBag from /home/airflow/.local/lib/python3.7/site-packages/airflow/example_dags/example_branch_day_of_week_operator.py
[2024-06-14T21:58:04.843+0000] {processor.py:753} INFO - DAG(s) dict_keys(['example_weekday_branch_operator']) retrieved from /home/airflow/.local/lib/python3.7/site-packages/airflow/example_dags/example_branch_day_of_week_operator.py
[2024-06-14T21:58:04.865+0000] {logging_mixin.py:137} INFO - [2024-06-14T21:58:04.865+0000] {dag.py:2690} INFO - Sync 1 DAGs
[2024-06-14T21:58:04.884+0000] {logging_mixin.py:137} INFO - [2024-06-14T21:58:04.884+0000] {dag.py:3441} INFO - Setting next_dagrun for example_weekday_branch_operator to 2024-06-13T00:00:00+00:00, run_after=2024-06-14T00:00:00+00:00
[2024-06-14T21:58:04.897+0000] {processor.py:175} INFO - Processing /home/airflow/.local/lib/python3.7/site-packages/airflow/example_dags/example_branch_day_of_week_operator.py took 0.072 seconds
[2024-06-14T21:58:35.524+0000] {processor.py:153} INFO - Started process (PID=840) to work on /home/airflow/.local/lib/python3.7/site-packages/airflow/example_dags/example_branch_day_of_week_operator.py
[2024-06-14T21:58:35.526+0000] {processor.py:743} INFO - Processing file /home/airflow/.local/lib/python3.7/site-packages/airflow/example_dags/example_branch_day_of_week_operator.py for tasks to queue
[2024-06-14T21:58:35.527+0000] {logging_mixin.py:137} INFO - [2024-06-14T21:58:35.527+0000] {dagbag.py:538} INFO - Filling up the DagBag from /home/airflow/.local/lib/python3.7/site-packages/airflow/example_dags/example_branch_day_of_week_operator.py
[2024-06-14T21:58:35.539+0000] {processor.py:753} INFO - DAG(s) dict_keys(['example_weekday_branch_operator']) retrieved from /home/airflow/.local/lib/python3.7/site-packages/airflow/example_dags/example_branch_day_of_week_operator.py
[2024-06-14T21:58:35.560+0000] {logging_mixin.py:137} INFO - [2024-06-14T21:58:35.560+0000] {dag.py:2690} INFO - Sync 1 DAGs
[2024-06-14T21:58:35.577+0000] {logging_mixin.py:137} INFO - [2024-06-14T21:58:35.577+0000] {dag.py:3441} INFO - Setting next_dagrun for example_weekday_branch_operator to 2024-06-13T00:00:00+00:00, run_after=2024-06-14T00:00:00+00:00
[2024-06-14T21:58:35.590+0000] {processor.py:175} INFO - Processing /home/airflow/.local/lib/python3.7/site-packages/airflow/example_dags/example_branch_day_of_week_operator.py took 0.068 seconds
[2024-06-14T21:59:05.965+0000] {processor.py:153} INFO - Started process (PID=890) to work on /home/airflow/.local/lib/python3.7/site-packages/airflow/example_dags/example_branch_day_of_week_operator.py
[2024-06-14T21:59:05.966+0000] {processor.py:743} INFO - Processing file /home/airflow/.local/lib/python3.7/site-packages/airflow/example_dags/example_branch_day_of_week_operator.py for tasks to queue
[2024-06-14T21:59:05.967+0000] {logging_mixin.py:137} INFO - [2024-06-14T21:59:05.967+0000] {dagbag.py:538} INFO - Filling up the DagBag from /home/airflow/.local/lib/python3.7/site-packages/airflow/example_dags/example_branch_day_of_week_operator.py
[2024-06-14T21:59:05.979+0000] {processor.py:753} INFO - DAG(s) dict_keys(['example_weekday_branch_operator']) retrieved from /home/airflow/.local/lib/python3.7/site-packages/airflow/example_dags/example_branch_day_of_week_operator.py
[2024-06-14T21:59:06.001+0000] {logging_mixin.py:137} INFO - [2024-06-14T21:59:06.001+0000] {dag.py:2690} INFO - Sync 1 DAGs
[2024-06-14T21:59:06.018+0000] {logging_mixin.py:137} INFO - [2024-06-14T21:59:06.018+0000] {dag.py:3441} INFO - Setting next_dagrun for example_weekday_branch_operator to 2024-06-13T00:00:00+00:00, run_after=2024-06-14T00:00:00+00:00
[2024-06-14T21:59:06.031+0000] {processor.py:175} INFO - Processing /home/airflow/.local/lib/python3.7/site-packages/airflow/example_dags/example_branch_day_of_week_operator.py took 0.069 seconds
[2024-06-14T21:59:36.500+0000] {processor.py:153} INFO - Started process (PID=940) to work on /home/airflow/.local/lib/python3.7/site-packages/airflow/example_dags/example_branch_day_of_week_operator.py
[2024-06-14T21:59:36.501+0000] {processor.py:743} INFO - Processing file /home/airflow/.local/lib/python3.7/site-packages/airflow/example_dags/example_branch_day_of_week_operator.py for tasks to queue
[2024-06-14T21:59:36.502+0000] {logging_mixin.py:137} INFO - [2024-06-14T21:59:36.502+0000] {dagbag.py:538} INFO - Filling up the DagBag from /home/airflow/.local/lib/python3.7/site-packages/airflow/example_dags/example_branch_day_of_week_operator.py
[2024-06-14T21:59:36.514+0000] {processor.py:753} INFO - DAG(s) dict_keys(['example_weekday_branch_operator']) retrieved from /home/airflow/.local/lib/python3.7/site-packages/airflow/example_dags/example_branch_day_of_week_operator.py
[2024-06-14T21:59:36.536+0000] {logging_mixin.py:137} INFO - [2024-06-14T21:59:36.536+0000] {dag.py:2690} INFO - Sync 1 DAGs
[2024-06-14T21:59:36.555+0000] {logging_mixin.py:137} INFO - [2024-06-14T21:59:36.555+0000] {dag.py:3441} INFO - Setting next_dagrun for example_weekday_branch_operator to 2024-06-13T00:00:00+00:00, run_after=2024-06-14T00:00:00+00:00
[2024-06-14T21:59:36.568+0000] {processor.py:175} INFO - Processing /home/airflow/.local/lib/python3.7/site-packages/airflow/example_dags/example_branch_day_of_week_operator.py took 0.071 seconds
[2024-06-14T22:00:07.040+0000] {processor.py:153} INFO - Started process (PID=990) to work on /home/airflow/.local/lib/python3.7/site-packages/airflow/example_dags/example_branch_day_of_week_operator.py
[2024-06-14T22:00:07.041+0000] {processor.py:743} INFO - Processing file /home/airflow/.local/lib/python3.7/site-packages/airflow/example_dags/example_branch_day_of_week_operator.py for tasks to queue
[2024-06-14T22:00:07.042+0000] {logging_mixin.py:137} INFO - [2024-06-14T22:00:07.042+0000] {dagbag.py:538} INFO - Filling up the DagBag from /home/airflow/.local/lib/python3.7/site-packages/airflow/example_dags/example_branch_day_of_week_operator.py
[2024-06-14T22:00:07.054+0000] {processor.py:753} INFO - DAG(s) dict_keys(['example_weekday_branch_operator']) retrieved from /home/airflow/.local/lib/python3.7/site-packages/airflow/example_dags/example_branch_day_of_week_operator.py
[2024-06-14T22:00:07.076+0000] {logging_mixin.py:137} INFO - [2024-06-14T22:00:07.076+0000] {dag.py:2690} INFO - Sync 1 DAGs
[2024-06-14T22:00:07.093+0000] {logging_mixin.py:137} INFO - [2024-06-14T22:00:07.093+0000] {dag.py:3441} INFO - Setting next_dagrun for example_weekday_branch_operator to 2024-06-13T00:00:00+00:00, run_after=2024-06-14T00:00:00+00:00
[2024-06-14T22:00:07.106+0000] {processor.py:175} INFO - Processing /home/airflow/.local/lib/python3.7/site-packages/airflow/example_dags/example_branch_day_of_week_operator.py took 0.070 seconds
[2024-06-14T22:00:37.481+0000] {processor.py:153} INFO - Started process (PID=1040) to work on /home/airflow/.local/lib/python3.7/site-packages/airflow/example_dags/example_branch_day_of_week_operator.py
[2024-06-14T22:00:37.483+0000] {processor.py:743} INFO - Processing file /home/airflow/.local/lib/python3.7/site-packages/airflow/example_dags/example_branch_day_of_week_operator.py for tasks to queue
[2024-06-14T22:00:37.484+0000] {logging_mixin.py:137} INFO - [2024-06-14T22:00:37.484+0000] {dagbag.py:538} INFO - Filling up the DagBag from /home/airflow/.local/lib/python3.7/site-packages/airflow/example_dags/example_branch_day_of_week_operator.py
[2024-06-14T22:00:37.495+0000] {processor.py:753} INFO - DAG(s) dict_keys(['example_weekday_branch_operator']) retrieved from /home/airflow/.local/lib/python3.7/site-packages/airflow/example_dags/example_branch_day_of_week_operator.py
[2024-06-14T22:00:37.517+0000] {logging_mixin.py:137} INFO - [2024-06-14T22:00:37.517+0000] {dag.py:2690} INFO - Sync 1 DAGs
[2024-06-14T22:00:37.535+0000] {logging_mixin.py:137} INFO - [2024-06-14T22:00:37.535+0000] {dag.py:3441} INFO - Setting next_dagrun for example_weekday_branch_operator to 2024-06-13T00:00:00+00:00, run_after=2024-06-14T00:00:00+00:00
[2024-06-14T22:00:37.547+0000] {processor.py:175} INFO - Processing /home/airflow/.local/lib/python3.7/site-packages/airflow/example_dags/example_branch_day_of_week_operator.py took 0.070 seconds
[2024-06-14T22:01:08.035+0000] {processor.py:153} INFO - Started process (PID=1089) to work on /home/airflow/.local/lib/python3.7/site-packages/airflow/example_dags/example_branch_day_of_week_operator.py
[2024-06-14T22:01:08.036+0000] {processor.py:743} INFO - Processing file /home/airflow/.local/lib/python3.7/site-packages/airflow/example_dags/example_branch_day_of_week_operator.py for tasks to queue
[2024-06-14T22:01:08.037+0000] {logging_mixin.py:137} INFO - [2024-06-14T22:01:08.037+0000] {dagbag.py:538} INFO - Filling up the DagBag from /home/airflow/.local/lib/python3.7/site-packages/airflow/example_dags/example_branch_day_of_week_operator.py
[2024-06-14T22:01:08.050+0000] {processor.py:753} INFO - DAG(s) dict_keys(['example_weekday_branch_operator']) retrieved from /home/airflow/.local/lib/python3.7/site-packages/airflow/example_dags/example_branch_day_of_week_operator.py
[2024-06-14T22:01:08.074+0000] {logging_mixin.py:137} INFO - [2024-06-14T22:01:08.074+0000] {dag.py:2690} INFO - Sync 1 DAGs
[2024-06-14T22:01:08.094+0000] {logging_mixin.py:137} INFO - [2024-06-14T22:01:08.094+0000] {dag.py:3441} INFO - Setting next_dagrun for example_weekday_branch_operator to 2024-06-13T00:00:00+00:00, run_after=2024-06-14T00:00:00+00:00
[2024-06-14T22:01:08.109+0000] {processor.py:175} INFO - Processing /home/airflow/.local/lib/python3.7/site-packages/airflow/example_dags/example_branch_day_of_week_operator.py took 0.078 seconds
[2024-06-14T22:01:38.474+0000] {processor.py:153} INFO - Started process (PID=1139) to work on /home/airflow/.local/lib/python3.7/site-packages/airflow/example_dags/example_branch_day_of_week_operator.py
[2024-06-14T22:01:38.476+0000] {processor.py:743} INFO - Processing file /home/airflow/.local/lib/python3.7/site-packages/airflow/example_dags/example_branch_day_of_week_operator.py for tasks to queue
[2024-06-14T22:01:38.477+0000] {logging_mixin.py:137} INFO - [2024-06-14T22:01:38.477+0000] {dagbag.py:538} INFO - Filling up the DagBag from /home/airflow/.local/lib/python3.7/site-packages/airflow/example_dags/example_branch_day_of_week_operator.py
[2024-06-14T22:01:38.489+0000] {processor.py:753} INFO - DAG(s) dict_keys(['example_weekday_branch_operator']) retrieved from /home/airflow/.local/lib/python3.7/site-packages/airflow/example_dags/example_branch_day_of_week_operator.py
[2024-06-14T22:01:38.511+0000] {logging_mixin.py:137} INFO - [2024-06-14T22:01:38.511+0000] {dag.py:2690} INFO - Sync 1 DAGs
[2024-06-14T22:01:38.529+0000] {logging_mixin.py:137} INFO - [2024-06-14T22:01:38.529+0000] {dag.py:3441} INFO - Setting next_dagrun for example_weekday_branch_operator to 2024-06-13T00:00:00+00:00, run_after=2024-06-14T00:00:00+00:00
[2024-06-14T22:01:38.542+0000] {processor.py:175} INFO - Processing /home/airflow/.local/lib/python3.7/site-packages/airflow/example_dags/example_branch_day_of_week_operator.py took 0.071 seconds
[2024-06-14T22:02:08.925+0000] {processor.py:153} INFO - Started process (PID=1189) to work on /home/airflow/.local/lib/python3.7/site-packages/airflow/example_dags/example_branch_day_of_week_operator.py
[2024-06-14T22:02:08.926+0000] {processor.py:743} INFO - Processing file /home/airflow/.local/lib/python3.7/site-packages/airflow/example_dags/example_branch_day_of_week_operator.py for tasks to queue
[2024-06-14T22:02:08.927+0000] {logging_mixin.py:137} INFO - [2024-06-14T22:02:08.927+0000] {dagbag.py:538} INFO - Filling up the DagBag from /home/airflow/.local/lib/python3.7/site-packages/airflow/example_dags/example_branch_day_of_week_operator.py
[2024-06-14T22:02:08.939+0000] {processor.py:753} INFO - DAG(s) dict_keys(['example_weekday_branch_operator']) retrieved from /home/airflow/.local/lib/python3.7/site-packages/airflow/example_dags/example_branch_day_of_week_operator.py
[2024-06-14T22:02:08.961+0000] {logging_mixin.py:137} INFO - [2024-06-14T22:02:08.961+0000] {dag.py:2690} INFO - Sync 1 DAGs
[2024-06-14T22:02:08.979+0000] {logging_mixin.py:137} INFO - [2024-06-14T22:02:08.979+0000] {dag.py:3441} INFO - Setting next_dagrun for example_weekday_branch_operator to 2024-06-13T00:00:00+00:00, run_after=2024-06-14T00:00:00+00:00
[2024-06-14T22:02:08.992+0000] {processor.py:175} INFO - Processing /home/airflow/.local/lib/python3.7/site-packages/airflow/example_dags/example_branch_day_of_week_operator.py took 0.070 seconds
[2024-06-14T22:02:39.645+0000] {processor.py:153} INFO - Started process (PID=1239) to work on /home/airflow/.local/lib/python3.7/site-packages/airflow/example_dags/example_branch_day_of_week_operator.py
[2024-06-14T22:02:39.647+0000] {processor.py:743} INFO - Processing file /home/airflow/.local/lib/python3.7/site-packages/airflow/example_dags/example_branch_day_of_week_operator.py for tasks to queue
[2024-06-14T22:02:39.648+0000] {logging_mixin.py:137} INFO - [2024-06-14T22:02:39.648+0000] {dagbag.py:538} INFO - Filling up the DagBag from /home/airflow/.local/lib/python3.7/site-packages/airflow/example_dags/example_branch_day_of_week_operator.py
[2024-06-14T22:02:39.660+0000] {processor.py:753} INFO - DAG(s) dict_keys(['example_weekday_branch_operator']) retrieved from /home/airflow/.local/lib/python3.7/site-packages/airflow/example_dags/example_branch_day_of_week_operator.py
[2024-06-14T22:02:39.682+0000] {logging_mixin.py:137} INFO - [2024-06-14T22:02:39.682+0000] {dag.py:2690} INFO - Sync 1 DAGs
[2024-06-14T22:02:39.701+0000] {logging_mixin.py:137} INFO - [2024-06-14T22:02:39.700+0000] {dag.py:3441} INFO - Setting next_dagrun for example_weekday_branch_operator to 2024-06-13T00:00:00+00:00, run_after=2024-06-14T00:00:00+00:00
[2024-06-14T22:02:39.713+0000] {processor.py:175} INFO - Processing /home/airflow/.local/lib/python3.7/site-packages/airflow/example_dags/example_branch_day_of_week_operator.py took 0.071 seconds
[2024-06-14T22:03:10.266+0000] {processor.py:153} INFO - Started process (PID=1289) to work on /home/airflow/.local/lib/python3.7/site-packages/airflow/example_dags/example_branch_day_of_week_operator.py
[2024-06-14T22:03:10.268+0000] {processor.py:743} INFO - Processing file /home/airflow/.local/lib/python3.7/site-packages/airflow/example_dags/example_branch_day_of_week_operator.py for tasks to queue
[2024-06-14T22:03:10.269+0000] {logging_mixin.py:137} INFO - [2024-06-14T22:03:10.269+0000] {dagbag.py:538} INFO - Filling up the DagBag from /home/airflow/.local/lib/python3.7/site-packages/airflow/example_dags/example_branch_day_of_week_operator.py
[2024-06-14T22:03:10.281+0000] {processor.py:753} INFO - DAG(s) dict_keys(['example_weekday_branch_operator']) retrieved from /home/airflow/.local/lib/python3.7/site-packages/airflow/example_dags/example_branch_day_of_week_operator.py
[2024-06-14T22:03:10.303+0000] {logging_mixin.py:137} INFO - [2024-06-14T22:03:10.303+0000] {dag.py:2690} INFO - Sync 1 DAGs
[2024-06-14T22:03:10.322+0000] {logging_mixin.py:137} INFO - [2024-06-14T22:03:10.321+0000] {dag.py:3441} INFO - Setting next_dagrun for example_weekday_branch_operator to 2024-06-13T00:00:00+00:00, run_after=2024-06-14T00:00:00+00:00
[2024-06-14T22:03:10.334+0000] {processor.py:175} INFO - Processing /home/airflow/.local/lib/python3.7/site-packages/airflow/example_dags/example_branch_day_of_week_operator.py took 0.070 seconds
[2024-06-14T22:03:40.741+0000] {processor.py:153} INFO - Started process (PID=1339) to work on /home/airflow/.local/lib/python3.7/site-packages/airflow/example_dags/example_branch_day_of_week_operator.py
[2024-06-14T22:03:40.743+0000] {processor.py:743} INFO - Processing file /home/airflow/.local/lib/python3.7/site-packages/airflow/example_dags/example_branch_day_of_week_operator.py for tasks to queue
[2024-06-14T22:03:40.743+0000] {logging_mixin.py:137} INFO - [2024-06-14T22:03:40.743+0000] {dagbag.py:538} INFO - Filling up the DagBag from /home/airflow/.local/lib/python3.7/site-packages/airflow/example_dags/example_branch_day_of_week_operator.py
[2024-06-14T22:03:40.755+0000] {processor.py:753} INFO - DAG(s) dict_keys(['example_weekday_branch_operator']) retrieved from /home/airflow/.local/lib/python3.7/site-packages/airflow/example_dags/example_branch_day_of_week_operator.py
[2024-06-14T22:03:40.777+0000] {logging_mixin.py:137} INFO - [2024-06-14T22:03:40.777+0000] {dag.py:2690} INFO - Sync 1 DAGs
[2024-06-14T22:03:40.794+0000] {logging_mixin.py:137} INFO - [2024-06-14T22:03:40.794+0000] {dag.py:3441} INFO - Setting next_dagrun for example_weekday_branch_operator to 2024-06-13T00:00:00+00:00, run_after=2024-06-14T00:00:00+00:00
[2024-06-14T22:03:40.807+0000] {processor.py:175} INFO - Processing /home/airflow/.local/lib/python3.7/site-packages/airflow/example_dags/example_branch_day_of_week_operator.py took 0.069 seconds
[2024-06-14T22:04:11.151+0000] {processor.py:153} INFO - Started process (PID=1389) to work on /home/airflow/.local/lib/python3.7/site-packages/airflow/example_dags/example_branch_day_of_week_operator.py
[2024-06-14T22:04:11.152+0000] {processor.py:743} INFO - Processing file /home/airflow/.local/lib/python3.7/site-packages/airflow/example_dags/example_branch_day_of_week_operator.py for tasks to queue
[2024-06-14T22:04:11.153+0000] {logging_mixin.py:137} INFO - [2024-06-14T22:04:11.153+0000] {dagbag.py:538} INFO - Filling up the DagBag from /home/airflow/.local/lib/python3.7/site-packages/airflow/example_dags/example_branch_day_of_week_operator.py
[2024-06-14T22:04:11.166+0000] {processor.py:753} INFO - DAG(s) dict_keys(['example_weekday_branch_operator']) retrieved from /home/airflow/.local/lib/python3.7/site-packages/airflow/example_dags/example_branch_day_of_week_operator.py
[2024-06-14T22:04:11.187+0000] {logging_mixin.py:137} INFO - [2024-06-14T22:04:11.187+0000] {dag.py:2690} INFO - Sync 1 DAGs
[2024-06-14T22:04:11.205+0000] {logging_mixin.py:137} INFO - [2024-06-14T22:04:11.205+0000] {dag.py:3441} INFO - Setting next_dagrun for example_weekday_branch_operator to 2024-06-13T00:00:00+00:00, run_after=2024-06-14T00:00:00+00:00
[2024-06-14T22:04:11.217+0000] {processor.py:175} INFO - Processing /home/airflow/.local/lib/python3.7/site-packages/airflow/example_dags/example_branch_day_of_week_operator.py took 0.069 seconds
[2024-06-14T22:04:41.719+0000] {processor.py:153} INFO - Started process (PID=1438) to work on /home/airflow/.local/lib/python3.7/site-packages/airflow/example_dags/example_branch_day_of_week_operator.py
[2024-06-14T22:04:41.721+0000] {processor.py:743} INFO - Processing file /home/airflow/.local/lib/python3.7/site-packages/airflow/example_dags/example_branch_day_of_week_operator.py for tasks to queue
[2024-06-14T22:04:41.722+0000] {logging_mixin.py:137} INFO - [2024-06-14T22:04:41.722+0000] {dagbag.py:538} INFO - Filling up the DagBag from /home/airflow/.local/lib/python3.7/site-packages/airflow/example_dags/example_branch_day_of_week_operator.py
[2024-06-14T22:04:41.734+0000] {processor.py:753} INFO - DAG(s) dict_keys(['example_weekday_branch_operator']) retrieved from /home/airflow/.local/lib/python3.7/site-packages/airflow/example_dags/example_branch_day_of_week_operator.py
[2024-06-14T22:04:41.756+0000] {logging_mixin.py:137} INFO - [2024-06-14T22:04:41.756+0000] {dag.py:2690} INFO - Sync 1 DAGs
[2024-06-14T22:04:41.775+0000] {logging_mixin.py:137} INFO - [2024-06-14T22:04:41.775+0000] {dag.py:3441} INFO - Setting next_dagrun for example_weekday_branch_operator to 2024-06-13T00:00:00+00:00, run_after=2024-06-14T00:00:00+00:00
[2024-06-14T22:04:41.789+0000] {processor.py:175} INFO - Processing /home/airflow/.local/lib/python3.7/site-packages/airflow/example_dags/example_branch_day_of_week_operator.py took 0.073 seconds
[2024-06-14T22:05:12.332+0000] {processor.py:153} INFO - Started process (PID=1487) to work on /home/airflow/.local/lib/python3.7/site-packages/airflow/example_dags/example_branch_day_of_week_operator.py
[2024-06-14T22:05:12.333+0000] {processor.py:743} INFO - Processing file /home/airflow/.local/lib/python3.7/site-packages/airflow/example_dags/example_branch_day_of_week_operator.py for tasks to queue
[2024-06-14T22:05:12.334+0000] {logging_mixin.py:137} INFO - [2024-06-14T22:05:12.334+0000] {dagbag.py:538} INFO - Filling up the DagBag from /home/airflow/.local/lib/python3.7/site-packages/airflow/example_dags/example_branch_day_of_week_operator.py
[2024-06-14T22:05:12.346+0000] {processor.py:753} INFO - DAG(s) dict_keys(['example_weekday_branch_operator']) retrieved from /home/airflow/.local/lib/python3.7/site-packages/airflow/example_dags/example_branch_day_of_week_operator.py
[2024-06-14T22:05:12.369+0000] {logging_mixin.py:137} INFO - [2024-06-14T22:05:12.369+0000] {dag.py:2690} INFO - Sync 1 DAGs
[2024-06-14T22:05:12.387+0000] {logging_mixin.py:137} INFO - [2024-06-14T22:05:12.387+0000] {dag.py:3441} INFO - Setting next_dagrun for example_weekday_branch_operator to 2024-06-13T00:00:00+00:00, run_after=2024-06-14T00:00:00+00:00
[2024-06-14T22:05:12.401+0000] {processor.py:175} INFO - Processing /home/airflow/.local/lib/python3.7/site-packages/airflow/example_dags/example_branch_day_of_week_operator.py took 0.072 seconds
[2024-06-14T22:05:42.942+0000] {processor.py:153} INFO - Started process (PID=1537) to work on /home/airflow/.local/lib/python3.7/site-packages/airflow/example_dags/example_branch_day_of_week_operator.py
[2024-06-14T22:05:42.944+0000] {processor.py:743} INFO - Processing file /home/airflow/.local/lib/python3.7/site-packages/airflow/example_dags/example_branch_day_of_week_operator.py for tasks to queue
[2024-06-14T22:05:42.945+0000] {logging_mixin.py:137} INFO - [2024-06-14T22:05:42.944+0000] {dagbag.py:538} INFO - Filling up the DagBag from /home/airflow/.local/lib/python3.7/site-packages/airflow/example_dags/example_branch_day_of_week_operator.py
[2024-06-14T22:05:42.957+0000] {processor.py:753} INFO - DAG(s) dict_keys(['example_weekday_branch_operator']) retrieved from /home/airflow/.local/lib/python3.7/site-packages/airflow/example_dags/example_branch_day_of_week_operator.py
[2024-06-14T22:05:42.979+0000] {logging_mixin.py:137} INFO - [2024-06-14T22:05:42.979+0000] {dag.py:2690} INFO - Sync 1 DAGs
[2024-06-14T22:05:42.997+0000] {logging_mixin.py:137} INFO - [2024-06-14T22:05:42.997+0000] {dag.py:3441} INFO - Setting next_dagrun for example_weekday_branch_operator to 2024-06-13T00:00:00+00:00, run_after=2024-06-14T00:00:00+00:00
[2024-06-14T22:05:43.009+0000] {processor.py:175} INFO - Processing /home/airflow/.local/lib/python3.7/site-packages/airflow/example_dags/example_branch_day_of_week_operator.py took 0.071 seconds
[2024-06-14T22:06:13.514+0000] {processor.py:153} INFO - Started process (PID=1587) to work on /home/airflow/.local/lib/python3.7/site-packages/airflow/example_dags/example_branch_day_of_week_operator.py
[2024-06-14T22:06:13.515+0000] {processor.py:743} INFO - Processing file /home/airflow/.local/lib/python3.7/site-packages/airflow/example_dags/example_branch_day_of_week_operator.py for tasks to queue
[2024-06-14T22:06:13.517+0000] {logging_mixin.py:137} INFO - [2024-06-14T22:06:13.517+0000] {dagbag.py:538} INFO - Filling up the DagBag from /home/airflow/.local/lib/python3.7/site-packages/airflow/example_dags/example_branch_day_of_week_operator.py
[2024-06-14T22:06:13.530+0000] {processor.py:753} INFO - DAG(s) dict_keys(['example_weekday_branch_operator']) retrieved from /home/airflow/.local/lib/python3.7/site-packages/airflow/example_dags/example_branch_day_of_week_operator.py
[2024-06-14T22:06:13.554+0000] {logging_mixin.py:137} INFO - [2024-06-14T22:06:13.554+0000] {dag.py:2690} INFO - Sync 1 DAGs
[2024-06-14T22:06:13.574+0000] {logging_mixin.py:137} INFO - [2024-06-14T22:06:13.574+0000] {dag.py:3441} INFO - Setting next_dagrun for example_weekday_branch_operator to 2024-06-13T00:00:00+00:00, run_after=2024-06-14T00:00:00+00:00
[2024-06-14T22:06:13.588+0000] {processor.py:175} INFO - Processing /home/airflow/.local/lib/python3.7/site-packages/airflow/example_dags/example_branch_day_of_week_operator.py took 0.077 seconds
[2024-06-14T22:06:44.144+0000] {processor.py:153} INFO - Started process (PID=1637) to work on /home/airflow/.local/lib/python3.7/site-packages/airflow/example_dags/example_branch_day_of_week_operator.py
[2024-06-14T22:06:44.145+0000] {processor.py:743} INFO - Processing file /home/airflow/.local/lib/python3.7/site-packages/airflow/example_dags/example_branch_day_of_week_operator.py for tasks to queue
[2024-06-14T22:06:44.146+0000] {logging_mixin.py:137} INFO - [2024-06-14T22:06:44.146+0000] {dagbag.py:538} INFO - Filling up the DagBag from /home/airflow/.local/lib/python3.7/site-packages/airflow/example_dags/example_branch_day_of_week_operator.py
[2024-06-14T22:06:44.160+0000] {processor.py:753} INFO - DAG(s) dict_keys(['example_weekday_branch_operator']) retrieved from /home/airflow/.local/lib/python3.7/site-packages/airflow/example_dags/example_branch_day_of_week_operator.py
[2024-06-14T22:06:44.185+0000] {logging_mixin.py:137} INFO - [2024-06-14T22:06:44.185+0000] {dag.py:2690} INFO - Sync 1 DAGs
[2024-06-14T22:06:44.206+0000] {logging_mixin.py:137} INFO - [2024-06-14T22:06:44.206+0000] {dag.py:3441} INFO - Setting next_dagrun for example_weekday_branch_operator to 2024-06-13T00:00:00+00:00, run_after=2024-06-14T00:00:00+00:00
[2024-06-14T22:06:44.222+0000] {processor.py:175} INFO - Processing /home/airflow/.local/lib/python3.7/site-packages/airflow/example_dags/example_branch_day_of_week_operator.py took 0.081 seconds
[2024-06-14T22:07:14.616+0000] {processor.py:153} INFO - Started process (PID=1687) to work on /home/airflow/.local/lib/python3.7/site-packages/airflow/example_dags/example_branch_day_of_week_operator.py
[2024-06-14T22:07:14.617+0000] {processor.py:743} INFO - Processing file /home/airflow/.local/lib/python3.7/site-packages/airflow/example_dags/example_branch_day_of_week_operator.py for tasks to queue
[2024-06-14T22:07:14.618+0000] {logging_mixin.py:137} INFO - [2024-06-14T22:07:14.618+0000] {dagbag.py:538} INFO - Filling up the DagBag from /home/airflow/.local/lib/python3.7/site-packages/airflow/example_dags/example_branch_day_of_week_operator.py
[2024-06-14T22:07:14.631+0000] {processor.py:753} INFO - DAG(s) dict_keys(['example_weekday_branch_operator']) retrieved from /home/airflow/.local/lib/python3.7/site-packages/airflow/example_dags/example_branch_day_of_week_operator.py
[2024-06-14T22:07:14.655+0000] {logging_mixin.py:137} INFO - [2024-06-14T22:07:14.655+0000] {dag.py:2690} INFO - Sync 1 DAGs
[2024-06-14T22:07:14.674+0000] {logging_mixin.py:137} INFO - [2024-06-14T22:07:14.674+0000] {dag.py:3441} INFO - Setting next_dagrun for example_weekday_branch_operator to 2024-06-13T00:00:00+00:00, run_after=2024-06-14T00:00:00+00:00
[2024-06-14T22:07:14.688+0000] {processor.py:175} INFO - Processing /home/airflow/.local/lib/python3.7/site-packages/airflow/example_dags/example_branch_day_of_week_operator.py took 0.076 seconds
[2024-06-14T22:07:45.173+0000] {processor.py:153} INFO - Started process (PID=1737) to work on /home/airflow/.local/lib/python3.7/site-packages/airflow/example_dags/example_branch_day_of_week_operator.py
[2024-06-14T22:07:45.175+0000] {processor.py:743} INFO - Processing file /home/airflow/.local/lib/python3.7/site-packages/airflow/example_dags/example_branch_day_of_week_operator.py for tasks to queue
[2024-06-14T22:07:45.176+0000] {logging_mixin.py:137} INFO - [2024-06-14T22:07:45.175+0000] {dagbag.py:538} INFO - Filling up the DagBag from /home/airflow/.local/lib/python3.7/site-packages/airflow/example_dags/example_branch_day_of_week_operator.py
[2024-06-14T22:07:45.188+0000] {processor.py:753} INFO - DAG(s) dict_keys(['example_weekday_branch_operator']) retrieved from /home/airflow/.local/lib/python3.7/site-packages/airflow/example_dags/example_branch_day_of_week_operator.py
[2024-06-14T22:07:45.210+0000] {logging_mixin.py:137} INFO - [2024-06-14T22:07:45.210+0000] {dag.py:2690} INFO - Sync 1 DAGs
[2024-06-14T22:07:45.228+0000] {logging_mixin.py:137} INFO - [2024-06-14T22:07:45.228+0000] {dag.py:3441} INFO - Setting next_dagrun for example_weekday_branch_operator to 2024-06-13T00:00:00+00:00, run_after=2024-06-14T00:00:00+00:00
[2024-06-14T22:07:45.242+0000] {processor.py:175} INFO - Processing /home/airflow/.local/lib/python3.7/site-packages/airflow/example_dags/example_branch_day_of_week_operator.py took 0.071 seconds
[2024-06-14T22:08:15.802+0000] {processor.py:153} INFO - Started process (PID=1787) to work on /home/airflow/.local/lib/python3.7/site-packages/airflow/example_dags/example_branch_day_of_week_operator.py
[2024-06-14T22:08:15.803+0000] {processor.py:743} INFO - Processing file /home/airflow/.local/lib/python3.7/site-packages/airflow/example_dags/example_branch_day_of_week_operator.py for tasks to queue
[2024-06-14T22:08:15.804+0000] {logging_mixin.py:137} INFO - [2024-06-14T22:08:15.803+0000] {dagbag.py:538} INFO - Filling up the DagBag from /home/airflow/.local/lib/python3.7/site-packages/airflow/example_dags/example_branch_day_of_week_operator.py
[2024-06-14T22:08:15.816+0000] {processor.py:753} INFO - DAG(s) dict_keys(['example_weekday_branch_operator']) retrieved from /home/airflow/.local/lib/python3.7/site-packages/airflow/example_dags/example_branch_day_of_week_operator.py
[2024-06-14T22:08:15.837+0000] {logging_mixin.py:137} INFO - [2024-06-14T22:08:15.837+0000] {dag.py:2690} INFO - Sync 1 DAGs
[2024-06-14T22:08:15.855+0000] {logging_mixin.py:137} INFO - [2024-06-14T22:08:15.855+0000] {dag.py:3441} INFO - Setting next_dagrun for example_weekday_branch_operator to 2024-06-13T00:00:00+00:00, run_after=2024-06-14T00:00:00+00:00
[2024-06-14T22:08:15.869+0000] {processor.py:175} INFO - Processing /home/airflow/.local/lib/python3.7/site-packages/airflow/example_dags/example_branch_day_of_week_operator.py took 0.070 seconds
[2024-06-14T22:08:46.542+0000] {processor.py:153} INFO - Started process (PID=1837) to work on /home/airflow/.local/lib/python3.7/site-packages/airflow/example_dags/example_branch_day_of_week_operator.py
[2024-06-14T22:08:46.543+0000] {processor.py:743} INFO - Processing file /home/airflow/.local/lib/python3.7/site-packages/airflow/example_dags/example_branch_day_of_week_operator.py for tasks to queue
[2024-06-14T22:08:46.544+0000] {logging_mixin.py:137} INFO - [2024-06-14T22:08:46.544+0000] {dagbag.py:538} INFO - Filling up the DagBag from /home/airflow/.local/lib/python3.7/site-packages/airflow/example_dags/example_branch_day_of_week_operator.py
[2024-06-14T22:08:46.556+0000] {processor.py:753} INFO - DAG(s) dict_keys(['example_weekday_branch_operator']) retrieved from /home/airflow/.local/lib/python3.7/site-packages/airflow/example_dags/example_branch_day_of_week_operator.py
[2024-06-14T22:08:46.578+0000] {logging_mixin.py:137} INFO - [2024-06-14T22:08:46.578+0000] {dag.py:2690} INFO - Sync 1 DAGs
[2024-06-14T22:08:46.598+0000] {logging_mixin.py:137} INFO - [2024-06-14T22:08:46.597+0000] {dag.py:3441} INFO - Setting next_dagrun for example_weekday_branch_operator to 2024-06-13T00:00:00+00:00, run_after=2024-06-14T00:00:00+00:00
[2024-06-14T22:08:46.611+0000] {processor.py:175} INFO - Processing /home/airflow/.local/lib/python3.7/site-packages/airflow/example_dags/example_branch_day_of_week_operator.py took 0.072 seconds
[2024-06-14T22:09:16.979+0000] {processor.py:153} INFO - Started process (PID=1887) to work on /home/airflow/.local/lib/python3.7/site-packages/airflow/example_dags/example_branch_day_of_week_operator.py
[2024-06-14T22:09:16.980+0000] {processor.py:743} INFO - Processing file /home/airflow/.local/lib/python3.7/site-packages/airflow/example_dags/example_branch_day_of_week_operator.py for tasks to queue
[2024-06-14T22:09:16.981+0000] {logging_mixin.py:137} INFO - [2024-06-14T22:09:16.981+0000] {dagbag.py:538} INFO - Filling up the DagBag from /home/airflow/.local/lib/python3.7/site-packages/airflow/example_dags/example_branch_day_of_week_operator.py
[2024-06-14T22:09:16.993+0000] {processor.py:753} INFO - DAG(s) dict_keys(['example_weekday_branch_operator']) retrieved from /home/airflow/.local/lib/python3.7/site-packages/airflow/example_dags/example_branch_day_of_week_operator.py
[2024-06-14T22:09:17.017+0000] {logging_mixin.py:137} INFO - [2024-06-14T22:09:17.017+0000] {dag.py:2690} INFO - Sync 1 DAGs
[2024-06-14T22:09:17.036+0000] {logging_mixin.py:137} INFO - [2024-06-14T22:09:17.036+0000] {dag.py:3441} INFO - Setting next_dagrun for example_weekday_branch_operator to 2024-06-13T00:00:00+00:00, run_after=2024-06-14T00:00:00+00:00
[2024-06-14T22:09:17.056+0000] {processor.py:175} INFO - Processing /home/airflow/.local/lib/python3.7/site-packages/airflow/example_dags/example_branch_day_of_week_operator.py took 0.080 seconds
[2024-06-14T22:09:47.563+0000] {processor.py:153} INFO - Started process (PID=1937) to work on /home/airflow/.local/lib/python3.7/site-packages/airflow/example_dags/example_branch_day_of_week_operator.py
[2024-06-14T22:09:47.565+0000] {processor.py:743} INFO - Processing file /home/airflow/.local/lib/python3.7/site-packages/airflow/example_dags/example_branch_day_of_week_operator.py for tasks to queue
[2024-06-14T22:09:47.566+0000] {logging_mixin.py:137} INFO - [2024-06-14T22:09:47.566+0000] {dagbag.py:538} INFO - Filling up the DagBag from /home/airflow/.local/lib/python3.7/site-packages/airflow/example_dags/example_branch_day_of_week_operator.py
[2024-06-14T22:09:47.579+0000] {processor.py:753} INFO - DAG(s) dict_keys(['example_weekday_branch_operator']) retrieved from /home/airflow/.local/lib/python3.7/site-packages/airflow/example_dags/example_branch_day_of_week_operator.py
[2024-06-14T22:09:47.602+0000] {logging_mixin.py:137} INFO - [2024-06-14T22:09:47.602+0000] {dag.py:2690} INFO - Sync 1 DAGs
[2024-06-14T22:09:47.619+0000] {logging_mixin.py:137} INFO - [2024-06-14T22:09:47.619+0000] {dag.py:3441} INFO - Setting next_dagrun for example_weekday_branch_operator to 2024-06-13T00:00:00+00:00, run_after=2024-06-14T00:00:00+00:00
[2024-06-14T22:09:47.632+0000] {processor.py:175} INFO - Processing /home/airflow/.local/lib/python3.7/site-packages/airflow/example_dags/example_branch_day_of_week_operator.py took 0.072 seconds
[2024-06-14T22:10:17.998+0000] {processor.py:153} INFO - Started process (PID=1987) to work on /home/airflow/.local/lib/python3.7/site-packages/airflow/example_dags/example_branch_day_of_week_operator.py
[2024-06-14T22:10:17.999+0000] {processor.py:743} INFO - Processing file /home/airflow/.local/lib/python3.7/site-packages/airflow/example_dags/example_branch_day_of_week_operator.py for tasks to queue
[2024-06-14T22:10:18.000+0000] {logging_mixin.py:137} INFO - [2024-06-14T22:10:18.000+0000] {dagbag.py:538} INFO - Filling up the DagBag from /home/airflow/.local/lib/python3.7/site-packages/airflow/example_dags/example_branch_day_of_week_operator.py
[2024-06-14T22:10:18.012+0000] {processor.py:753} INFO - DAG(s) dict_keys(['example_weekday_branch_operator']) retrieved from /home/airflow/.local/lib/python3.7/site-packages/airflow/example_dags/example_branch_day_of_week_operator.py
[2024-06-14T22:10:18.035+0000] {logging_mixin.py:137} INFO - [2024-06-14T22:10:18.035+0000] {dag.py:2690} INFO - Sync 1 DAGs
[2024-06-14T22:10:18.054+0000] {logging_mixin.py:137} INFO - [2024-06-14T22:10:18.054+0000] {dag.py:3441} INFO - Setting next_dagrun for example_weekday_branch_operator to 2024-06-13T00:00:00+00:00, run_after=2024-06-14T00:00:00+00:00
[2024-06-14T22:10:18.067+0000] {processor.py:175} INFO - Processing /home/airflow/.local/lib/python3.7/site-packages/airflow/example_dags/example_branch_day_of_week_operator.py took 0.072 seconds
[2024-06-14T22:58:48.409+0000] {processor.py:153} INFO - Started process (PID=2037) to work on /home/airflow/.local/lib/python3.7/site-packages/airflow/example_dags/example_branch_day_of_week_operator.py
[2024-06-14T22:58:48.410+0000] {processor.py:743} INFO - Processing file /home/airflow/.local/lib/python3.7/site-packages/airflow/example_dags/example_branch_day_of_week_operator.py for tasks to queue
[2024-06-14T22:58:48.411+0000] {logging_mixin.py:137} INFO - [2024-06-14T22:58:48.411+0000] {dagbag.py:538} INFO - Filling up the DagBag from /home/airflow/.local/lib/python3.7/site-packages/airflow/example_dags/example_branch_day_of_week_operator.py
[2024-06-14T22:58:48.423+0000] {processor.py:753} INFO - DAG(s) dict_keys(['example_weekday_branch_operator']) retrieved from /home/airflow/.local/lib/python3.7/site-packages/airflow/example_dags/example_branch_day_of_week_operator.py
[2024-06-14T22:58:48.445+0000] {logging_mixin.py:137} INFO - [2024-06-14T22:58:48.445+0000] {dag.py:2690} INFO - Sync 1 DAGs
[2024-06-14T22:58:48.463+0000] {logging_mixin.py:137} INFO - [2024-06-14T22:58:48.463+0000] {dag.py:3441} INFO - Setting next_dagrun for example_weekday_branch_operator to 2024-06-13T00:00:00+00:00, run_after=2024-06-14T00:00:00+00:00
[2024-06-14T22:58:48.475+0000] {processor.py:175} INFO - Processing /home/airflow/.local/lib/python3.7/site-packages/airflow/example_dags/example_branch_day_of_week_operator.py took 0.070 seconds
[2024-06-14T23:14:17.304+0000] {processor.py:153} INFO - Started process (PID=2087) to work on /home/airflow/.local/lib/python3.7/site-packages/airflow/example_dags/example_branch_day_of_week_operator.py
[2024-06-14T23:14:17.311+0000] {processor.py:743} INFO - Processing file /home/airflow/.local/lib/python3.7/site-packages/airflow/example_dags/example_branch_day_of_week_operator.py for tasks to queue
[2024-06-14T23:14:17.317+0000] {logging_mixin.py:137} INFO - [2024-06-14T23:14:17.317+0000] {dagbag.py:538} INFO - Filling up the DagBag from /home/airflow/.local/lib/python3.7/site-packages/airflow/example_dags/example_branch_day_of_week_operator.py
[2024-06-14T23:14:17.357+0000] {processor.py:753} INFO - DAG(s) dict_keys(['example_weekday_branch_operator']) retrieved from /home/airflow/.local/lib/python3.7/site-packages/airflow/example_dags/example_branch_day_of_week_operator.py
[2024-06-14T23:14:17.427+0000] {logging_mixin.py:137} INFO - [2024-06-14T23:14:17.427+0000] {dag.py:2690} INFO - Sync 1 DAGs
[2024-06-14T23:14:17.476+0000] {logging_mixin.py:137} INFO - [2024-06-14T23:14:17.475+0000] {dag.py:3441} INFO - Setting next_dagrun for example_weekday_branch_operator to 2024-06-13T00:00:00+00:00, run_after=2024-06-14T00:00:00+00:00
[2024-06-14T23:14:17.512+0000] {processor.py:175} INFO - Processing /home/airflow/.local/lib/python3.7/site-packages/airflow/example_dags/example_branch_day_of_week_operator.py took 0.217 seconds
