[2024-06-14T21:50:25.252+0000] {processor.py:153} INFO - Started process (PID=39) to work on /home/airflow/.local/lib/python3.7/site-packages/airflow/example_dags/example_sensors.py
[2024-06-14T21:50:25.254+0000] {processor.py:743} INFO - Processing file /home/airflow/.local/lib/python3.7/site-packages/airflow/example_dags/example_sensors.py for tasks to queue
[2024-06-14T21:50:25.255+0000] {logging_mixin.py:137} INFO - [2024-06-14T21:50:25.255+0000] {dagbag.py:538} INFO - Filling up the DagBag from /home/airflow/.local/lib/python3.7/site-packages/airflow/example_dags/example_sensors.py
[2024-06-14T21:50:25.292+0000] {processor.py:753} INFO - DAG(s) dict_keys(['example_sensors']) retrieved from /home/airflow/.local/lib/python3.7/site-packages/airflow/example_dags/example_sensors.py
[2024-06-14T21:50:25.340+0000] {logging_mixin.py:137} INFO - [2024-06-14T21:50:25.340+0000] {dag.py:2690} INFO - Sync 1 DAGs
[2024-06-14T21:50:25.367+0000] {logging_mixin.py:137} INFO - [2024-06-14T21:50:25.367+0000] {dag.py:3441} INFO - Setting next_dagrun for example_sensors to None, run_after=None
[2024-06-14T21:50:25.387+0000] {processor.py:175} INFO - Processing /home/airflow/.local/lib/python3.7/site-packages/airflow/example_dags/example_sensors.py took 0.141 seconds
[2024-06-14T21:50:55.911+0000] {processor.py:153} INFO - Started process (PID=89) to work on /home/airflow/.local/lib/python3.7/site-packages/airflow/example_dags/example_sensors.py
[2024-06-14T21:50:55.913+0000] {processor.py:743} INFO - Processing file /home/airflow/.local/lib/python3.7/site-packages/airflow/example_dags/example_sensors.py for tasks to queue
[2024-06-14T21:50:55.915+0000] {logging_mixin.py:137} INFO - [2024-06-14T21:50:55.915+0000] {dagbag.py:538} INFO - Filling up the DagBag from /home/airflow/.local/lib/python3.7/site-packages/airflow/example_dags/example_sensors.py
[2024-06-14T21:50:55.930+0000] {processor.py:753} INFO - DAG(s) dict_keys(['example_sensors']) retrieved from /home/airflow/.local/lib/python3.7/site-packages/airflow/example_dags/example_sensors.py
[2024-06-14T21:50:55.959+0000] {logging_mixin.py:137} INFO - [2024-06-14T21:50:55.959+0000] {dag.py:2690} INFO - Sync 1 DAGs
[2024-06-14T21:50:55.979+0000] {logging_mixin.py:137} INFO - [2024-06-14T21:50:55.979+0000] {dag.py:3441} INFO - Setting next_dagrun for example_sensors to None, run_after=None
[2024-06-14T21:50:55.995+0000] {processor.py:175} INFO - Processing /home/airflow/.local/lib/python3.7/site-packages/airflow/example_dags/example_sensors.py took 0.087 seconds
[2024-06-14T21:51:26.671+0000] {processor.py:153} INFO - Started process (PID=139) to work on /home/airflow/.local/lib/python3.7/site-packages/airflow/example_dags/example_sensors.py
[2024-06-14T21:51:26.672+0000] {processor.py:743} INFO - Processing file /home/airflow/.local/lib/python3.7/site-packages/airflow/example_dags/example_sensors.py for tasks to queue
[2024-06-14T21:51:26.673+0000] {logging_mixin.py:137} INFO - [2024-06-14T21:51:26.673+0000] {dagbag.py:538} INFO - Filling up the DagBag from /home/airflow/.local/lib/python3.7/site-packages/airflow/example_dags/example_sensors.py
[2024-06-14T21:51:26.688+0000] {processor.py:753} INFO - DAG(s) dict_keys(['example_sensors']) retrieved from /home/airflow/.local/lib/python3.7/site-packages/airflow/example_dags/example_sensors.py
[2024-06-14T21:51:26.713+0000] {logging_mixin.py:137} INFO - [2024-06-14T21:51:26.713+0000] {dag.py:2690} INFO - Sync 1 DAGs
[2024-06-14T21:51:26.731+0000] {logging_mixin.py:137} INFO - [2024-06-14T21:51:26.731+0000] {dag.py:3441} INFO - Setting next_dagrun for example_sensors to None, run_after=None
[2024-06-14T21:51:26.744+0000] {processor.py:175} INFO - Processing /home/airflow/.local/lib/python3.7/site-packages/airflow/example_dags/example_sensors.py took 0.076 seconds
[2024-06-14T21:51:57.119+0000] {processor.py:153} INFO - Started process (PID=189) to work on /home/airflow/.local/lib/python3.7/site-packages/airflow/example_dags/example_sensors.py
[2024-06-14T21:51:57.120+0000] {processor.py:743} INFO - Processing file /home/airflow/.local/lib/python3.7/site-packages/airflow/example_dags/example_sensors.py for tasks to queue
[2024-06-14T21:51:57.122+0000] {logging_mixin.py:137} INFO - [2024-06-14T21:51:57.121+0000] {dagbag.py:538} INFO - Filling up the DagBag from /home/airflow/.local/lib/python3.7/site-packages/airflow/example_dags/example_sensors.py
[2024-06-14T21:51:57.136+0000] {processor.py:753} INFO - DAG(s) dict_keys(['example_sensors']) retrieved from /home/airflow/.local/lib/python3.7/site-packages/airflow/example_dags/example_sensors.py
[2024-06-14T21:51:57.158+0000] {logging_mixin.py:137} INFO - [2024-06-14T21:51:57.158+0000] {dag.py:2690} INFO - Sync 1 DAGs
[2024-06-14T21:51:57.176+0000] {logging_mixin.py:137} INFO - [2024-06-14T21:51:57.176+0000] {dag.py:3441} INFO - Setting next_dagrun for example_sensors to None, run_after=None
[2024-06-14T21:51:57.190+0000] {processor.py:175} INFO - Processing /home/airflow/.local/lib/python3.7/site-packages/airflow/example_dags/example_sensors.py took 0.074 seconds
[2024-06-14T21:52:27.725+0000] {processor.py:153} INFO - Started process (PID=239) to work on /home/airflow/.local/lib/python3.7/site-packages/airflow/example_dags/example_sensors.py
[2024-06-14T21:52:27.727+0000] {processor.py:743} INFO - Processing file /home/airflow/.local/lib/python3.7/site-packages/airflow/example_dags/example_sensors.py for tasks to queue
[2024-06-14T21:52:27.728+0000] {logging_mixin.py:137} INFO - [2024-06-14T21:52:27.728+0000] {dagbag.py:538} INFO - Filling up the DagBag from /home/airflow/.local/lib/python3.7/site-packages/airflow/example_dags/example_sensors.py
[2024-06-14T21:52:27.743+0000] {processor.py:753} INFO - DAG(s) dict_keys(['example_sensors']) retrieved from /home/airflow/.local/lib/python3.7/site-packages/airflow/example_dags/example_sensors.py
[2024-06-14T21:52:27.767+0000] {logging_mixin.py:137} INFO - [2024-06-14T21:52:27.766+0000] {dag.py:2690} INFO - Sync 1 DAGs
[2024-06-14T21:52:27.786+0000] {logging_mixin.py:137} INFO - [2024-06-14T21:52:27.785+0000] {dag.py:3441} INFO - Setting next_dagrun for example_sensors to None, run_after=None
[2024-06-14T21:52:27.800+0000] {processor.py:175} INFO - Processing /home/airflow/.local/lib/python3.7/site-packages/airflow/example_dags/example_sensors.py took 0.078 seconds
[2024-06-14T21:52:58.293+0000] {processor.py:153} INFO - Started process (PID=288) to work on /home/airflow/.local/lib/python3.7/site-packages/airflow/example_dags/example_sensors.py
[2024-06-14T21:52:58.294+0000] {processor.py:743} INFO - Processing file /home/airflow/.local/lib/python3.7/site-packages/airflow/example_dags/example_sensors.py for tasks to queue
[2024-06-14T21:52:58.295+0000] {logging_mixin.py:137} INFO - [2024-06-14T21:52:58.295+0000] {dagbag.py:538} INFO - Filling up the DagBag from /home/airflow/.local/lib/python3.7/site-packages/airflow/example_dags/example_sensors.py
[2024-06-14T21:52:58.309+0000] {processor.py:753} INFO - DAG(s) dict_keys(['example_sensors']) retrieved from /home/airflow/.local/lib/python3.7/site-packages/airflow/example_dags/example_sensors.py
[2024-06-14T21:52:58.333+0000] {logging_mixin.py:137} INFO - [2024-06-14T21:52:58.333+0000] {dag.py:2690} INFO - Sync 1 DAGs
[2024-06-14T21:52:58.350+0000] {logging_mixin.py:137} INFO - [2024-06-14T21:52:58.350+0000] {dag.py:3441} INFO - Setting next_dagrun for example_sensors to None, run_after=None
[2024-06-14T21:52:58.363+0000] {processor.py:175} INFO - Processing /home/airflow/.local/lib/python3.7/site-packages/airflow/example_dags/example_sensors.py took 0.073 seconds
[2024-06-14T21:53:28.733+0000] {processor.py:153} INFO - Started process (PID=338) to work on /home/airflow/.local/lib/python3.7/site-packages/airflow/example_dags/example_sensors.py
[2024-06-14T21:53:28.736+0000] {processor.py:743} INFO - Processing file /home/airflow/.local/lib/python3.7/site-packages/airflow/example_dags/example_sensors.py for tasks to queue
[2024-06-14T21:53:28.739+0000] {logging_mixin.py:137} INFO - [2024-06-14T21:53:28.739+0000] {dagbag.py:538} INFO - Filling up the DagBag from /home/airflow/.local/lib/python3.7/site-packages/airflow/example_dags/example_sensors.py
[2024-06-14T21:53:28.760+0000] {processor.py:753} INFO - DAG(s) dict_keys(['example_sensors']) retrieved from /home/airflow/.local/lib/python3.7/site-packages/airflow/example_dags/example_sensors.py
[2024-06-14T21:53:28.791+0000] {logging_mixin.py:137} INFO - [2024-06-14T21:53:28.791+0000] {dag.py:2690} INFO - Sync 1 DAGs
[2024-06-14T21:53:28.815+0000] {logging_mixin.py:137} INFO - [2024-06-14T21:53:28.815+0000] {dag.py:3441} INFO - Setting next_dagrun for example_sensors to None, run_after=None
[2024-06-14T21:53:28.830+0000] {processor.py:175} INFO - Processing /home/airflow/.local/lib/python3.7/site-packages/airflow/example_dags/example_sensors.py took 0.103 seconds
[2024-06-14T21:53:59.442+0000] {processor.py:153} INFO - Started process (PID=388) to work on /home/airflow/.local/lib/python3.7/site-packages/airflow/example_dags/example_sensors.py
[2024-06-14T21:53:59.443+0000] {processor.py:743} INFO - Processing file /home/airflow/.local/lib/python3.7/site-packages/airflow/example_dags/example_sensors.py for tasks to queue
[2024-06-14T21:53:59.444+0000] {logging_mixin.py:137} INFO - [2024-06-14T21:53:59.444+0000] {dagbag.py:538} INFO - Filling up the DagBag from /home/airflow/.local/lib/python3.7/site-packages/airflow/example_dags/example_sensors.py
[2024-06-14T21:53:59.459+0000] {processor.py:753} INFO - DAG(s) dict_keys(['example_sensors']) retrieved from /home/airflow/.local/lib/python3.7/site-packages/airflow/example_dags/example_sensors.py
[2024-06-14T21:53:59.483+0000] {logging_mixin.py:137} INFO - [2024-06-14T21:53:59.483+0000] {dag.py:2690} INFO - Sync 1 DAGs
[2024-06-14T21:53:59.502+0000] {logging_mixin.py:137} INFO - [2024-06-14T21:53:59.502+0000] {dag.py:3441} INFO - Setting next_dagrun for example_sensors to None, run_after=None
[2024-06-14T21:53:59.516+0000] {processor.py:175} INFO - Processing /home/airflow/.local/lib/python3.7/site-packages/airflow/example_dags/example_sensors.py took 0.078 seconds
[2024-06-14T21:54:30.309+0000] {processor.py:153} INFO - Started process (PID=438) to work on /home/airflow/.local/lib/python3.7/site-packages/airflow/example_dags/example_sensors.py
[2024-06-14T21:54:30.311+0000] {processor.py:743} INFO - Processing file /home/airflow/.local/lib/python3.7/site-packages/airflow/example_dags/example_sensors.py for tasks to queue
[2024-06-14T21:54:30.312+0000] {logging_mixin.py:137} INFO - [2024-06-14T21:54:30.312+0000] {dagbag.py:538} INFO - Filling up the DagBag from /home/airflow/.local/lib/python3.7/site-packages/airflow/example_dags/example_sensors.py
[2024-06-14T21:54:30.327+0000] {processor.py:753} INFO - DAG(s) dict_keys(['example_sensors']) retrieved from /home/airflow/.local/lib/python3.7/site-packages/airflow/example_dags/example_sensors.py
[2024-06-14T21:54:30.351+0000] {logging_mixin.py:137} INFO - [2024-06-14T21:54:30.351+0000] {dag.py:2690} INFO - Sync 1 DAGs
[2024-06-14T21:54:30.369+0000] {logging_mixin.py:137} INFO - [2024-06-14T21:54:30.369+0000] {dag.py:3441} INFO - Setting next_dagrun for example_sensors to None, run_after=None
[2024-06-14T21:54:30.382+0000] {processor.py:175} INFO - Processing /home/airflow/.local/lib/python3.7/site-packages/airflow/example_dags/example_sensors.py took 0.076 seconds
[2024-06-14T21:55:00.794+0000] {processor.py:153} INFO - Started process (PID=488) to work on /home/airflow/.local/lib/python3.7/site-packages/airflow/example_dags/example_sensors.py
[2024-06-14T21:55:00.796+0000] {processor.py:743} INFO - Processing file /home/airflow/.local/lib/python3.7/site-packages/airflow/example_dags/example_sensors.py for tasks to queue
[2024-06-14T21:55:00.797+0000] {logging_mixin.py:137} INFO - [2024-06-14T21:55:00.797+0000] {dagbag.py:538} INFO - Filling up the DagBag from /home/airflow/.local/lib/python3.7/site-packages/airflow/example_dags/example_sensors.py
[2024-06-14T21:55:00.812+0000] {processor.py:753} INFO - DAG(s) dict_keys(['example_sensors']) retrieved from /home/airflow/.local/lib/python3.7/site-packages/airflow/example_dags/example_sensors.py
[2024-06-14T21:55:00.836+0000] {logging_mixin.py:137} INFO - [2024-06-14T21:55:00.836+0000] {dag.py:2690} INFO - Sync 1 DAGs
[2024-06-14T21:55:00.855+0000] {logging_mixin.py:137} INFO - [2024-06-14T21:55:00.855+0000] {dag.py:3441} INFO - Setting next_dagrun for example_sensors to None, run_after=None
[2024-06-14T21:55:00.869+0000] {processor.py:175} INFO - Processing /home/airflow/.local/lib/python3.7/site-packages/airflow/example_dags/example_sensors.py took 0.078 seconds
[2024-06-14T21:55:31.504+0000] {processor.py:153} INFO - Started process (PID=538) to work on /home/airflow/.local/lib/python3.7/site-packages/airflow/example_dags/example_sensors.py
[2024-06-14T21:55:31.505+0000] {processor.py:743} INFO - Processing file /home/airflow/.local/lib/python3.7/site-packages/airflow/example_dags/example_sensors.py for tasks to queue
[2024-06-14T21:55:31.506+0000] {logging_mixin.py:137} INFO - [2024-06-14T21:55:31.506+0000] {dagbag.py:538} INFO - Filling up the DagBag from /home/airflow/.local/lib/python3.7/site-packages/airflow/example_dags/example_sensors.py
[2024-06-14T21:55:31.522+0000] {processor.py:753} INFO - DAG(s) dict_keys(['example_sensors']) retrieved from /home/airflow/.local/lib/python3.7/site-packages/airflow/example_dags/example_sensors.py
[2024-06-14T21:55:31.548+0000] {logging_mixin.py:137} INFO - [2024-06-14T21:55:31.547+0000] {dag.py:2690} INFO - Sync 1 DAGs
[2024-06-14T21:55:31.566+0000] {logging_mixin.py:137} INFO - [2024-06-14T21:55:31.565+0000] {dag.py:3441} INFO - Setting next_dagrun for example_sensors to None, run_after=None
[2024-06-14T21:55:31.580+0000] {processor.py:175} INFO - Processing /home/airflow/.local/lib/python3.7/site-packages/airflow/example_dags/example_sensors.py took 0.079 seconds
[2024-06-14T21:56:02.130+0000] {processor.py:153} INFO - Started process (PID=588) to work on /home/airflow/.local/lib/python3.7/site-packages/airflow/example_dags/example_sensors.py
[2024-06-14T21:56:02.131+0000] {processor.py:743} INFO - Processing file /home/airflow/.local/lib/python3.7/site-packages/airflow/example_dags/example_sensors.py for tasks to queue
[2024-06-14T21:56:02.132+0000] {logging_mixin.py:137} INFO - [2024-06-14T21:56:02.132+0000] {dagbag.py:538} INFO - Filling up the DagBag from /home/airflow/.local/lib/python3.7/site-packages/airflow/example_dags/example_sensors.py
[2024-06-14T21:56:02.147+0000] {processor.py:753} INFO - DAG(s) dict_keys(['example_sensors']) retrieved from /home/airflow/.local/lib/python3.7/site-packages/airflow/example_dags/example_sensors.py
[2024-06-14T21:56:02.172+0000] {logging_mixin.py:137} INFO - [2024-06-14T21:56:02.172+0000] {dag.py:2690} INFO - Sync 1 DAGs
[2024-06-14T21:56:02.190+0000] {logging_mixin.py:137} INFO - [2024-06-14T21:56:02.190+0000] {dag.py:3441} INFO - Setting next_dagrun for example_sensors to None, run_after=None
[2024-06-14T21:56:02.205+0000] {processor.py:175} INFO - Processing /home/airflow/.local/lib/python3.7/site-packages/airflow/example_dags/example_sensors.py took 0.078 seconds
[2024-06-14T21:56:33.049+0000] {processor.py:153} INFO - Started process (PID=638) to work on /home/airflow/.local/lib/python3.7/site-packages/airflow/example_dags/example_sensors.py
[2024-06-14T21:56:33.051+0000] {processor.py:743} INFO - Processing file /home/airflow/.local/lib/python3.7/site-packages/airflow/example_dags/example_sensors.py for tasks to queue
[2024-06-14T21:56:33.051+0000] {logging_mixin.py:137} INFO - [2024-06-14T21:56:33.051+0000] {dagbag.py:538} INFO - Filling up the DagBag from /home/airflow/.local/lib/python3.7/site-packages/airflow/example_dags/example_sensors.py
[2024-06-14T21:56:33.066+0000] {processor.py:753} INFO - DAG(s) dict_keys(['example_sensors']) retrieved from /home/airflow/.local/lib/python3.7/site-packages/airflow/example_dags/example_sensors.py
[2024-06-14T21:56:33.090+0000] {logging_mixin.py:137} INFO - [2024-06-14T21:56:33.090+0000] {dag.py:2690} INFO - Sync 1 DAGs
[2024-06-14T21:56:33.110+0000] {logging_mixin.py:137} INFO - [2024-06-14T21:56:33.110+0000] {dag.py:3441} INFO - Setting next_dagrun for example_sensors to None, run_after=None
[2024-06-14T21:56:33.124+0000] {processor.py:175} INFO - Processing /home/airflow/.local/lib/python3.7/site-packages/airflow/example_dags/example_sensors.py took 0.078 seconds
[2024-06-14T21:57:03.789+0000] {processor.py:153} INFO - Started process (PID=688) to work on /home/airflow/.local/lib/python3.7/site-packages/airflow/example_dags/example_sensors.py
[2024-06-14T21:57:03.791+0000] {processor.py:743} INFO - Processing file /home/airflow/.local/lib/python3.7/site-packages/airflow/example_dags/example_sensors.py for tasks to queue
[2024-06-14T21:57:03.792+0000] {logging_mixin.py:137} INFO - [2024-06-14T21:57:03.792+0000] {dagbag.py:538} INFO - Filling up the DagBag from /home/airflow/.local/lib/python3.7/site-packages/airflow/example_dags/example_sensors.py
[2024-06-14T21:57:03.807+0000] {processor.py:753} INFO - DAG(s) dict_keys(['example_sensors']) retrieved from /home/airflow/.local/lib/python3.7/site-packages/airflow/example_dags/example_sensors.py
[2024-06-14T21:57:03.830+0000] {logging_mixin.py:137} INFO - [2024-06-14T21:57:03.829+0000] {dag.py:2690} INFO - Sync 1 DAGs
[2024-06-14T21:57:03.846+0000] {logging_mixin.py:137} INFO - [2024-06-14T21:57:03.846+0000] {dag.py:3441} INFO - Setting next_dagrun for example_sensors to None, run_after=None
[2024-06-14T21:57:03.860+0000] {processor.py:175} INFO - Processing /home/airflow/.local/lib/python3.7/site-packages/airflow/example_dags/example_sensors.py took 0.073 seconds
[2024-06-14T21:57:34.167+0000] {processor.py:153} INFO - Started process (PID=738) to work on /home/airflow/.local/lib/python3.7/site-packages/airflow/example_dags/example_sensors.py
[2024-06-14T21:57:34.168+0000] {processor.py:743} INFO - Processing file /home/airflow/.local/lib/python3.7/site-packages/airflow/example_dags/example_sensors.py for tasks to queue
[2024-06-14T21:57:34.169+0000] {logging_mixin.py:137} INFO - [2024-06-14T21:57:34.169+0000] {dagbag.py:538} INFO - Filling up the DagBag from /home/airflow/.local/lib/python3.7/site-packages/airflow/example_dags/example_sensors.py
[2024-06-14T21:57:34.183+0000] {processor.py:753} INFO - DAG(s) dict_keys(['example_sensors']) retrieved from /home/airflow/.local/lib/python3.7/site-packages/airflow/example_dags/example_sensors.py
[2024-06-14T21:57:34.206+0000] {logging_mixin.py:137} INFO - [2024-06-14T21:57:34.205+0000] {dag.py:2690} INFO - Sync 1 DAGs
[2024-06-14T21:57:34.223+0000] {logging_mixin.py:137} INFO - [2024-06-14T21:57:34.223+0000] {dag.py:3441} INFO - Setting next_dagrun for example_sensors to None, run_after=None
[2024-06-14T21:57:34.236+0000] {processor.py:175} INFO - Processing /home/airflow/.local/lib/python3.7/site-packages/airflow/example_dags/example_sensors.py took 0.072 seconds
[2024-06-14T21:58:04.729+0000] {processor.py:153} INFO - Started process (PID=788) to work on /home/airflow/.local/lib/python3.7/site-packages/airflow/example_dags/example_sensors.py
[2024-06-14T21:58:04.730+0000] {processor.py:743} INFO - Processing file /home/airflow/.local/lib/python3.7/site-packages/airflow/example_dags/example_sensors.py for tasks to queue
[2024-06-14T21:58:04.731+0000] {logging_mixin.py:137} INFO - [2024-06-14T21:58:04.731+0000] {dagbag.py:538} INFO - Filling up the DagBag from /home/airflow/.local/lib/python3.7/site-packages/airflow/example_dags/example_sensors.py
[2024-06-14T21:58:04.746+0000] {processor.py:753} INFO - DAG(s) dict_keys(['example_sensors']) retrieved from /home/airflow/.local/lib/python3.7/site-packages/airflow/example_dags/example_sensors.py
[2024-06-14T21:58:04.768+0000] {logging_mixin.py:137} INFO - [2024-06-14T21:58:04.768+0000] {dag.py:2690} INFO - Sync 1 DAGs
[2024-06-14T21:58:04.787+0000] {logging_mixin.py:137} INFO - [2024-06-14T21:58:04.787+0000] {dag.py:3441} INFO - Setting next_dagrun for example_sensors to None, run_after=None
[2024-06-14T21:58:04.800+0000] {processor.py:175} INFO - Processing /home/airflow/.local/lib/python3.7/site-packages/airflow/example_dags/example_sensors.py took 0.074 seconds
[2024-06-14T21:58:35.428+0000] {processor.py:153} INFO - Started process (PID=838) to work on /home/airflow/.local/lib/python3.7/site-packages/airflow/example_dags/example_sensors.py
[2024-06-14T21:58:35.430+0000] {processor.py:743} INFO - Processing file /home/airflow/.local/lib/python3.7/site-packages/airflow/example_dags/example_sensors.py for tasks to queue
[2024-06-14T21:58:35.431+0000] {logging_mixin.py:137} INFO - [2024-06-14T21:58:35.431+0000] {dagbag.py:538} INFO - Filling up the DagBag from /home/airflow/.local/lib/python3.7/site-packages/airflow/example_dags/example_sensors.py
[2024-06-14T21:58:35.445+0000] {processor.py:753} INFO - DAG(s) dict_keys(['example_sensors']) retrieved from /home/airflow/.local/lib/python3.7/site-packages/airflow/example_dags/example_sensors.py
[2024-06-14T21:58:35.467+0000] {logging_mixin.py:137} INFO - [2024-06-14T21:58:35.467+0000] {dag.py:2690} INFO - Sync 1 DAGs
[2024-06-14T21:58:35.485+0000] {logging_mixin.py:137} INFO - [2024-06-14T21:58:35.484+0000] {dag.py:3441} INFO - Setting next_dagrun for example_sensors to None, run_after=None
[2024-06-14T21:58:35.498+0000] {processor.py:175} INFO - Processing /home/airflow/.local/lib/python3.7/site-packages/airflow/example_dags/example_sensors.py took 0.073 seconds
[2024-06-14T21:59:05.864+0000] {processor.py:153} INFO - Started process (PID=888) to work on /home/airflow/.local/lib/python3.7/site-packages/airflow/example_dags/example_sensors.py
[2024-06-14T21:59:05.866+0000] {processor.py:743} INFO - Processing file /home/airflow/.local/lib/python3.7/site-packages/airflow/example_dags/example_sensors.py for tasks to queue
[2024-06-14T21:59:05.868+0000] {logging_mixin.py:137} INFO - [2024-06-14T21:59:05.867+0000] {dagbag.py:538} INFO - Filling up the DagBag from /home/airflow/.local/lib/python3.7/site-packages/airflow/example_dags/example_sensors.py
[2024-06-14T21:59:05.882+0000] {processor.py:753} INFO - DAG(s) dict_keys(['example_sensors']) retrieved from /home/airflow/.local/lib/python3.7/site-packages/airflow/example_dags/example_sensors.py
[2024-06-14T21:59:05.905+0000] {logging_mixin.py:137} INFO - [2024-06-14T21:59:05.905+0000] {dag.py:2690} INFO - Sync 1 DAGs
[2024-06-14T21:59:05.923+0000] {logging_mixin.py:137} INFO - [2024-06-14T21:59:05.923+0000] {dag.py:3441} INFO - Setting next_dagrun for example_sensors to None, run_after=None
[2024-06-14T21:59:05.936+0000] {processor.py:175} INFO - Processing /home/airflow/.local/lib/python3.7/site-packages/airflow/example_dags/example_sensors.py took 0.075 seconds
[2024-06-14T21:59:36.402+0000] {processor.py:153} INFO - Started process (PID=938) to work on /home/airflow/.local/lib/python3.7/site-packages/airflow/example_dags/example_sensors.py
[2024-06-14T21:59:36.403+0000] {processor.py:743} INFO - Processing file /home/airflow/.local/lib/python3.7/site-packages/airflow/example_dags/example_sensors.py for tasks to queue
[2024-06-14T21:59:36.404+0000] {logging_mixin.py:137} INFO - [2024-06-14T21:59:36.404+0000] {dagbag.py:538} INFO - Filling up the DagBag from /home/airflow/.local/lib/python3.7/site-packages/airflow/example_dags/example_sensors.py
[2024-06-14T21:59:36.418+0000] {processor.py:753} INFO - DAG(s) dict_keys(['example_sensors']) retrieved from /home/airflow/.local/lib/python3.7/site-packages/airflow/example_dags/example_sensors.py
[2024-06-14T21:59:36.442+0000] {logging_mixin.py:137} INFO - [2024-06-14T21:59:36.442+0000] {dag.py:2690} INFO - Sync 1 DAGs
[2024-06-14T21:59:36.460+0000] {logging_mixin.py:137} INFO - [2024-06-14T21:59:36.460+0000] {dag.py:3441} INFO - Setting next_dagrun for example_sensors to None, run_after=None
[2024-06-14T21:59:36.473+0000] {processor.py:175} INFO - Processing /home/airflow/.local/lib/python3.7/site-packages/airflow/example_dags/example_sensors.py took 0.073 seconds
[2024-06-14T22:00:06.940+0000] {processor.py:153} INFO - Started process (PID=988) to work on /home/airflow/.local/lib/python3.7/site-packages/airflow/example_dags/example_sensors.py
[2024-06-14T22:00:06.942+0000] {processor.py:743} INFO - Processing file /home/airflow/.local/lib/python3.7/site-packages/airflow/example_dags/example_sensors.py for tasks to queue
[2024-06-14T22:00:06.942+0000] {logging_mixin.py:137} INFO - [2024-06-14T22:00:06.942+0000] {dagbag.py:538} INFO - Filling up the DagBag from /home/airflow/.local/lib/python3.7/site-packages/airflow/example_dags/example_sensors.py
[2024-06-14T22:00:06.957+0000] {processor.py:753} INFO - DAG(s) dict_keys(['example_sensors']) retrieved from /home/airflow/.local/lib/python3.7/site-packages/airflow/example_dags/example_sensors.py
[2024-06-14T22:00:06.982+0000] {logging_mixin.py:137} INFO - [2024-06-14T22:00:06.982+0000] {dag.py:2690} INFO - Sync 1 DAGs
[2024-06-14T22:00:06.999+0000] {logging_mixin.py:137} INFO - [2024-06-14T22:00:06.999+0000] {dag.py:3441} INFO - Setting next_dagrun for example_sensors to None, run_after=None
[2024-06-14T22:00:07.012+0000] {processor.py:175} INFO - Processing /home/airflow/.local/lib/python3.7/site-packages/airflow/example_dags/example_sensors.py took 0.075 seconds
[2024-06-14T22:00:37.383+0000] {processor.py:153} INFO - Started process (PID=1038) to work on /home/airflow/.local/lib/python3.7/site-packages/airflow/example_dags/example_sensors.py
[2024-06-14T22:00:37.385+0000] {processor.py:743} INFO - Processing file /home/airflow/.local/lib/python3.7/site-packages/airflow/example_dags/example_sensors.py for tasks to queue
[2024-06-14T22:00:37.385+0000] {logging_mixin.py:137} INFO - [2024-06-14T22:00:37.385+0000] {dagbag.py:538} INFO - Filling up the DagBag from /home/airflow/.local/lib/python3.7/site-packages/airflow/example_dags/example_sensors.py
[2024-06-14T22:00:37.399+0000] {processor.py:753} INFO - DAG(s) dict_keys(['example_sensors']) retrieved from /home/airflow/.local/lib/python3.7/site-packages/airflow/example_dags/example_sensors.py
[2024-06-14T22:00:37.422+0000] {logging_mixin.py:137} INFO - [2024-06-14T22:00:37.422+0000] {dag.py:2690} INFO - Sync 1 DAGs
[2024-06-14T22:00:37.440+0000] {logging_mixin.py:137} INFO - [2024-06-14T22:00:37.439+0000] {dag.py:3441} INFO - Setting next_dagrun for example_sensors to None, run_after=None
[2024-06-14T22:00:37.453+0000] {processor.py:175} INFO - Processing /home/airflow/.local/lib/python3.7/site-packages/airflow/example_dags/example_sensors.py took 0.074 seconds
[2024-06-14T22:01:07.928+0000] {processor.py:153} INFO - Started process (PID=1087) to work on /home/airflow/.local/lib/python3.7/site-packages/airflow/example_dags/example_sensors.py
[2024-06-14T22:01:07.929+0000] {processor.py:743} INFO - Processing file /home/airflow/.local/lib/python3.7/site-packages/airflow/example_dags/example_sensors.py for tasks to queue
[2024-06-14T22:01:07.930+0000] {logging_mixin.py:137} INFO - [2024-06-14T22:01:07.930+0000] {dagbag.py:538} INFO - Filling up the DagBag from /home/airflow/.local/lib/python3.7/site-packages/airflow/example_dags/example_sensors.py
[2024-06-14T22:01:07.945+0000] {processor.py:753} INFO - DAG(s) dict_keys(['example_sensors']) retrieved from /home/airflow/.local/lib/python3.7/site-packages/airflow/example_dags/example_sensors.py
[2024-06-14T22:01:07.969+0000] {logging_mixin.py:137} INFO - [2024-06-14T22:01:07.969+0000] {dag.py:2690} INFO - Sync 1 DAGs
[2024-06-14T22:01:07.988+0000] {logging_mixin.py:137} INFO - [2024-06-14T22:01:07.988+0000] {dag.py:3441} INFO - Setting next_dagrun for example_sensors to None, run_after=None
[2024-06-14T22:01:08.003+0000] {processor.py:175} INFO - Processing /home/airflow/.local/lib/python3.7/site-packages/airflow/example_dags/example_sensors.py took 0.079 seconds
[2024-06-14T22:01:38.375+0000] {processor.py:153} INFO - Started process (PID=1137) to work on /home/airflow/.local/lib/python3.7/site-packages/airflow/example_dags/example_sensors.py
[2024-06-14T22:01:38.377+0000] {processor.py:743} INFO - Processing file /home/airflow/.local/lib/python3.7/site-packages/airflow/example_dags/example_sensors.py for tasks to queue
[2024-06-14T22:01:38.378+0000] {logging_mixin.py:137} INFO - [2024-06-14T22:01:38.377+0000] {dagbag.py:538} INFO - Filling up the DagBag from /home/airflow/.local/lib/python3.7/site-packages/airflow/example_dags/example_sensors.py
[2024-06-14T22:01:38.392+0000] {processor.py:753} INFO - DAG(s) dict_keys(['example_sensors']) retrieved from /home/airflow/.local/lib/python3.7/site-packages/airflow/example_dags/example_sensors.py
[2024-06-14T22:01:38.416+0000] {logging_mixin.py:137} INFO - [2024-06-14T22:01:38.416+0000] {dag.py:2690} INFO - Sync 1 DAGs
[2024-06-14T22:01:38.433+0000] {logging_mixin.py:137} INFO - [2024-06-14T22:01:38.433+0000] {dag.py:3441} INFO - Setting next_dagrun for example_sensors to None, run_after=None
[2024-06-14T22:01:38.446+0000] {processor.py:175} INFO - Processing /home/airflow/.local/lib/python3.7/site-packages/airflow/example_dags/example_sensors.py took 0.074 seconds
[2024-06-14T22:02:08.828+0000] {processor.py:153} INFO - Started process (PID=1187) to work on /home/airflow/.local/lib/python3.7/site-packages/airflow/example_dags/example_sensors.py
[2024-06-14T22:02:08.829+0000] {processor.py:743} INFO - Processing file /home/airflow/.local/lib/python3.7/site-packages/airflow/example_dags/example_sensors.py for tasks to queue
[2024-06-14T22:02:08.830+0000] {logging_mixin.py:137} INFO - [2024-06-14T22:02:08.830+0000] {dagbag.py:538} INFO - Filling up the DagBag from /home/airflow/.local/lib/python3.7/site-packages/airflow/example_dags/example_sensors.py
[2024-06-14T22:02:08.845+0000] {processor.py:753} INFO - DAG(s) dict_keys(['example_sensors']) retrieved from /home/airflow/.local/lib/python3.7/site-packages/airflow/example_dags/example_sensors.py
[2024-06-14T22:02:08.867+0000] {logging_mixin.py:137} INFO - [2024-06-14T22:02:08.867+0000] {dag.py:2690} INFO - Sync 1 DAGs
[2024-06-14T22:02:08.884+0000] {logging_mixin.py:137} INFO - [2024-06-14T22:02:08.884+0000] {dag.py:3441} INFO - Setting next_dagrun for example_sensors to None, run_after=None
[2024-06-14T22:02:08.898+0000] {processor.py:175} INFO - Processing /home/airflow/.local/lib/python3.7/site-packages/airflow/example_dags/example_sensors.py took 0.074 seconds
[2024-06-14T22:02:39.546+0000] {processor.py:153} INFO - Started process (PID=1237) to work on /home/airflow/.local/lib/python3.7/site-packages/airflow/example_dags/example_sensors.py
[2024-06-14T22:02:39.548+0000] {processor.py:743} INFO - Processing file /home/airflow/.local/lib/python3.7/site-packages/airflow/example_dags/example_sensors.py for tasks to queue
[2024-06-14T22:02:39.548+0000] {logging_mixin.py:137} INFO - [2024-06-14T22:02:39.548+0000] {dagbag.py:538} INFO - Filling up the DagBag from /home/airflow/.local/lib/python3.7/site-packages/airflow/example_dags/example_sensors.py
[2024-06-14T22:02:39.563+0000] {processor.py:753} INFO - DAG(s) dict_keys(['example_sensors']) retrieved from /home/airflow/.local/lib/python3.7/site-packages/airflow/example_dags/example_sensors.py
[2024-06-14T22:02:39.586+0000] {logging_mixin.py:137} INFO - [2024-06-14T22:02:39.585+0000] {dag.py:2690} INFO - Sync 1 DAGs
[2024-06-14T22:02:39.603+0000] {logging_mixin.py:137} INFO - [2024-06-14T22:02:39.603+0000] {dag.py:3441} INFO - Setting next_dagrun for example_sensors to None, run_after=None
[2024-06-14T22:02:39.617+0000] {processor.py:175} INFO - Processing /home/airflow/.local/lib/python3.7/site-packages/airflow/example_dags/example_sensors.py took 0.074 seconds
[2024-06-14T22:03:10.170+0000] {processor.py:153} INFO - Started process (PID=1287) to work on /home/airflow/.local/lib/python3.7/site-packages/airflow/example_dags/example_sensors.py
[2024-06-14T22:03:10.171+0000] {processor.py:743} INFO - Processing file /home/airflow/.local/lib/python3.7/site-packages/airflow/example_dags/example_sensors.py for tasks to queue
[2024-06-14T22:03:10.172+0000] {logging_mixin.py:137} INFO - [2024-06-14T22:03:10.172+0000] {dagbag.py:538} INFO - Filling up the DagBag from /home/airflow/.local/lib/python3.7/site-packages/airflow/example_dags/example_sensors.py
[2024-06-14T22:03:10.186+0000] {processor.py:753} INFO - DAG(s) dict_keys(['example_sensors']) retrieved from /home/airflow/.local/lib/python3.7/site-packages/airflow/example_dags/example_sensors.py
[2024-06-14T22:03:10.208+0000] {logging_mixin.py:137} INFO - [2024-06-14T22:03:10.208+0000] {dag.py:2690} INFO - Sync 1 DAGs
[2024-06-14T22:03:10.227+0000] {logging_mixin.py:137} INFO - [2024-06-14T22:03:10.227+0000] {dag.py:3441} INFO - Setting next_dagrun for example_sensors to None, run_after=None
[2024-06-14T22:03:10.240+0000] {processor.py:175} INFO - Processing /home/airflow/.local/lib/python3.7/site-packages/airflow/example_dags/example_sensors.py took 0.073 seconds
[2024-06-14T22:03:40.647+0000] {processor.py:153} INFO - Started process (PID=1337) to work on /home/airflow/.local/lib/python3.7/site-packages/airflow/example_dags/example_sensors.py
[2024-06-14T22:03:40.648+0000] {processor.py:743} INFO - Processing file /home/airflow/.local/lib/python3.7/site-packages/airflow/example_dags/example_sensors.py for tasks to queue
[2024-06-14T22:03:40.649+0000] {logging_mixin.py:137} INFO - [2024-06-14T22:03:40.649+0000] {dagbag.py:538} INFO - Filling up the DagBag from /home/airflow/.local/lib/python3.7/site-packages/airflow/example_dags/example_sensors.py
[2024-06-14T22:03:40.663+0000] {processor.py:753} INFO - DAG(s) dict_keys(['example_sensors']) retrieved from /home/airflow/.local/lib/python3.7/site-packages/airflow/example_dags/example_sensors.py
[2024-06-14T22:03:40.686+0000] {logging_mixin.py:137} INFO - [2024-06-14T22:03:40.686+0000] {dag.py:2690} INFO - Sync 1 DAGs
[2024-06-14T22:03:40.703+0000] {logging_mixin.py:137} INFO - [2024-06-14T22:03:40.703+0000] {dag.py:3441} INFO - Setting next_dagrun for example_sensors to None, run_after=None
[2024-06-14T22:03:40.715+0000] {processor.py:175} INFO - Processing /home/airflow/.local/lib/python3.7/site-packages/airflow/example_dags/example_sensors.py took 0.071 seconds
[2024-06-14T22:04:11.055+0000] {processor.py:153} INFO - Started process (PID=1387) to work on /home/airflow/.local/lib/python3.7/site-packages/airflow/example_dags/example_sensors.py
[2024-06-14T22:04:11.056+0000] {processor.py:743} INFO - Processing file /home/airflow/.local/lib/python3.7/site-packages/airflow/example_dags/example_sensors.py for tasks to queue
[2024-06-14T22:04:11.057+0000] {logging_mixin.py:137} INFO - [2024-06-14T22:04:11.057+0000] {dagbag.py:538} INFO - Filling up the DagBag from /home/airflow/.local/lib/python3.7/site-packages/airflow/example_dags/example_sensors.py
[2024-06-14T22:04:11.072+0000] {processor.py:753} INFO - DAG(s) dict_keys(['example_sensors']) retrieved from /home/airflow/.local/lib/python3.7/site-packages/airflow/example_dags/example_sensors.py
[2024-06-14T22:04:11.094+0000] {logging_mixin.py:137} INFO - [2024-06-14T22:04:11.094+0000] {dag.py:2690} INFO - Sync 1 DAGs
[2024-06-14T22:04:11.111+0000] {logging_mixin.py:137} INFO - [2024-06-14T22:04:11.111+0000] {dag.py:3441} INFO - Setting next_dagrun for example_sensors to None, run_after=None
[2024-06-14T22:04:11.124+0000] {processor.py:175} INFO - Processing /home/airflow/.local/lib/python3.7/site-packages/airflow/example_dags/example_sensors.py took 0.072 seconds
[2024-06-14T22:04:41.616+0000] {processor.py:153} INFO - Started process (PID=1436) to work on /home/airflow/.local/lib/python3.7/site-packages/airflow/example_dags/example_sensors.py
[2024-06-14T22:04:41.618+0000] {processor.py:743} INFO - Processing file /home/airflow/.local/lib/python3.7/site-packages/airflow/example_dags/example_sensors.py for tasks to queue
[2024-06-14T22:04:41.619+0000] {logging_mixin.py:137} INFO - [2024-06-14T22:04:41.619+0000] {dagbag.py:538} INFO - Filling up the DagBag from /home/airflow/.local/lib/python3.7/site-packages/airflow/example_dags/example_sensors.py
[2024-06-14T22:04:41.633+0000] {processor.py:753} INFO - DAG(s) dict_keys(['example_sensors']) retrieved from /home/airflow/.local/lib/python3.7/site-packages/airflow/example_dags/example_sensors.py
[2024-06-14T22:04:41.658+0000] {logging_mixin.py:137} INFO - [2024-06-14T22:04:41.658+0000] {dag.py:2690} INFO - Sync 1 DAGs
[2024-06-14T22:04:41.677+0000] {logging_mixin.py:137} INFO - [2024-06-14T22:04:41.677+0000] {dag.py:3441} INFO - Setting next_dagrun for example_sensors to None, run_after=None
[2024-06-14T22:04:41.691+0000] {processor.py:175} INFO - Processing /home/airflow/.local/lib/python3.7/site-packages/airflow/example_dags/example_sensors.py took 0.078 seconds
[2024-06-14T22:05:12.233+0000] {processor.py:153} INFO - Started process (PID=1485) to work on /home/airflow/.local/lib/python3.7/site-packages/airflow/example_dags/example_sensors.py
[2024-06-14T22:05:12.234+0000] {processor.py:743} INFO - Processing file /home/airflow/.local/lib/python3.7/site-packages/airflow/example_dags/example_sensors.py for tasks to queue
[2024-06-14T22:05:12.235+0000] {logging_mixin.py:137} INFO - [2024-06-14T22:05:12.235+0000] {dagbag.py:538} INFO - Filling up the DagBag from /home/airflow/.local/lib/python3.7/site-packages/airflow/example_dags/example_sensors.py
[2024-06-14T22:05:12.250+0000] {processor.py:753} INFO - DAG(s) dict_keys(['example_sensors']) retrieved from /home/airflow/.local/lib/python3.7/site-packages/airflow/example_dags/example_sensors.py
[2024-06-14T22:05:12.274+0000] {logging_mixin.py:137} INFO - [2024-06-14T22:05:12.274+0000] {dag.py:2690} INFO - Sync 1 DAGs
[2024-06-14T22:05:12.292+0000] {logging_mixin.py:137} INFO - [2024-06-14T22:05:12.291+0000] {dag.py:3441} INFO - Setting next_dagrun for example_sensors to None, run_after=None
[2024-06-14T22:05:12.304+0000] {processor.py:175} INFO - Processing /home/airflow/.local/lib/python3.7/site-packages/airflow/example_dags/example_sensors.py took 0.074 seconds
[2024-06-14T22:05:42.843+0000] {processor.py:153} INFO - Started process (PID=1535) to work on /home/airflow/.local/lib/python3.7/site-packages/airflow/example_dags/example_sensors.py
[2024-06-14T22:05:42.844+0000] {processor.py:743} INFO - Processing file /home/airflow/.local/lib/python3.7/site-packages/airflow/example_dags/example_sensors.py for tasks to queue
[2024-06-14T22:05:42.845+0000] {logging_mixin.py:137} INFO - [2024-06-14T22:05:42.845+0000] {dagbag.py:538} INFO - Filling up the DagBag from /home/airflow/.local/lib/python3.7/site-packages/airflow/example_dags/example_sensors.py
[2024-06-14T22:05:42.860+0000] {processor.py:753} INFO - DAG(s) dict_keys(['example_sensors']) retrieved from /home/airflow/.local/lib/python3.7/site-packages/airflow/example_dags/example_sensors.py
[2024-06-14T22:05:42.883+0000] {logging_mixin.py:137} INFO - [2024-06-14T22:05:42.883+0000] {dag.py:2690} INFO - Sync 1 DAGs
[2024-06-14T22:05:42.900+0000] {logging_mixin.py:137} INFO - [2024-06-14T22:05:42.900+0000] {dag.py:3441} INFO - Setting next_dagrun for example_sensors to None, run_after=None
[2024-06-14T22:05:42.914+0000] {processor.py:175} INFO - Processing /home/airflow/.local/lib/python3.7/site-packages/airflow/example_dags/example_sensors.py took 0.074 seconds
[2024-06-14T22:06:13.409+0000] {processor.py:153} INFO - Started process (PID=1585) to work on /home/airflow/.local/lib/python3.7/site-packages/airflow/example_dags/example_sensors.py
[2024-06-14T22:06:13.411+0000] {processor.py:743} INFO - Processing file /home/airflow/.local/lib/python3.7/site-packages/airflow/example_dags/example_sensors.py for tasks to queue
[2024-06-14T22:06:13.412+0000] {logging_mixin.py:137} INFO - [2024-06-14T22:06:13.412+0000] {dagbag.py:538} INFO - Filling up the DagBag from /home/airflow/.local/lib/python3.7/site-packages/airflow/example_dags/example_sensors.py
[2024-06-14T22:06:13.427+0000] {processor.py:753} INFO - DAG(s) dict_keys(['example_sensors']) retrieved from /home/airflow/.local/lib/python3.7/site-packages/airflow/example_dags/example_sensors.py
[2024-06-14T22:06:13.452+0000] {logging_mixin.py:137} INFO - [2024-06-14T22:06:13.452+0000] {dag.py:2690} INFO - Sync 1 DAGs
[2024-06-14T22:06:13.470+0000] {logging_mixin.py:137} INFO - [2024-06-14T22:06:13.470+0000] {dag.py:3441} INFO - Setting next_dagrun for example_sensors to None, run_after=None
[2024-06-14T22:06:13.485+0000] {processor.py:175} INFO - Processing /home/airflow/.local/lib/python3.7/site-packages/airflow/example_dags/example_sensors.py took 0.079 seconds
[2024-06-14T22:06:44.033+0000] {processor.py:153} INFO - Started process (PID=1635) to work on /home/airflow/.local/lib/python3.7/site-packages/airflow/example_dags/example_sensors.py
[2024-06-14T22:06:44.034+0000] {processor.py:743} INFO - Processing file /home/airflow/.local/lib/python3.7/site-packages/airflow/example_dags/example_sensors.py for tasks to queue
[2024-06-14T22:06:44.037+0000] {logging_mixin.py:137} INFO - [2024-06-14T22:06:44.037+0000] {dagbag.py:538} INFO - Filling up the DagBag from /home/airflow/.local/lib/python3.7/site-packages/airflow/example_dags/example_sensors.py
[2024-06-14T22:06:44.052+0000] {processor.py:753} INFO - DAG(s) dict_keys(['example_sensors']) retrieved from /home/airflow/.local/lib/python3.7/site-packages/airflow/example_dags/example_sensors.py
[2024-06-14T22:06:44.080+0000] {logging_mixin.py:137} INFO - [2024-06-14T22:06:44.079+0000] {dag.py:2690} INFO - Sync 1 DAGs
[2024-06-14T22:06:44.099+0000] {logging_mixin.py:137} INFO - [2024-06-14T22:06:44.099+0000] {dag.py:3441} INFO - Setting next_dagrun for example_sensors to None, run_after=None
[2024-06-14T22:06:44.114+0000] {processor.py:175} INFO - Processing /home/airflow/.local/lib/python3.7/site-packages/airflow/example_dags/example_sensors.py took 0.084 seconds
[2024-06-14T22:07:14.511+0000] {processor.py:153} INFO - Started process (PID=1685) to work on /home/airflow/.local/lib/python3.7/site-packages/airflow/example_dags/example_sensors.py
[2024-06-14T22:07:14.512+0000] {processor.py:743} INFO - Processing file /home/airflow/.local/lib/python3.7/site-packages/airflow/example_dags/example_sensors.py for tasks to queue
[2024-06-14T22:07:14.513+0000] {logging_mixin.py:137} INFO - [2024-06-14T22:07:14.513+0000] {dagbag.py:538} INFO - Filling up the DagBag from /home/airflow/.local/lib/python3.7/site-packages/airflow/example_dags/example_sensors.py
[2024-06-14T22:07:14.528+0000] {processor.py:753} INFO - DAG(s) dict_keys(['example_sensors']) retrieved from /home/airflow/.local/lib/python3.7/site-packages/airflow/example_dags/example_sensors.py
[2024-06-14T22:07:14.553+0000] {logging_mixin.py:137} INFO - [2024-06-14T22:07:14.553+0000] {dag.py:2690} INFO - Sync 1 DAGs
[2024-06-14T22:07:14.571+0000] {logging_mixin.py:137} INFO - [2024-06-14T22:07:14.571+0000] {dag.py:3441} INFO - Setting next_dagrun for example_sensors to None, run_after=None
[2024-06-14T22:07:14.587+0000] {processor.py:175} INFO - Processing /home/airflow/.local/lib/python3.7/site-packages/airflow/example_dags/example_sensors.py took 0.079 seconds
[2024-06-14T22:07:45.077+0000] {processor.py:153} INFO - Started process (PID=1735) to work on /home/airflow/.local/lib/python3.7/site-packages/airflow/example_dags/example_sensors.py
[2024-06-14T22:07:45.078+0000] {processor.py:743} INFO - Processing file /home/airflow/.local/lib/python3.7/site-packages/airflow/example_dags/example_sensors.py for tasks to queue
[2024-06-14T22:07:45.079+0000] {logging_mixin.py:137} INFO - [2024-06-14T22:07:45.079+0000] {dagbag.py:538} INFO - Filling up the DagBag from /home/airflow/.local/lib/python3.7/site-packages/airflow/example_dags/example_sensors.py
[2024-06-14T22:07:45.093+0000] {processor.py:753} INFO - DAG(s) dict_keys(['example_sensors']) retrieved from /home/airflow/.local/lib/python3.7/site-packages/airflow/example_dags/example_sensors.py
[2024-06-14T22:07:45.116+0000] {logging_mixin.py:137} INFO - [2024-06-14T22:07:45.116+0000] {dag.py:2690} INFO - Sync 1 DAGs
[2024-06-14T22:07:45.135+0000] {logging_mixin.py:137} INFO - [2024-06-14T22:07:45.134+0000] {dag.py:3441} INFO - Setting next_dagrun for example_sensors to None, run_after=None
[2024-06-14T22:07:45.147+0000] {processor.py:175} INFO - Processing /home/airflow/.local/lib/python3.7/site-packages/airflow/example_dags/example_sensors.py took 0.074 seconds
[2024-06-14T22:08:15.706+0000] {processor.py:153} INFO - Started process (PID=1785) to work on /home/airflow/.local/lib/python3.7/site-packages/airflow/example_dags/example_sensors.py
[2024-06-14T22:08:15.707+0000] {processor.py:743} INFO - Processing file /home/airflow/.local/lib/python3.7/site-packages/airflow/example_dags/example_sensors.py for tasks to queue
[2024-06-14T22:08:15.708+0000] {logging_mixin.py:137} INFO - [2024-06-14T22:08:15.708+0000] {dagbag.py:538} INFO - Filling up the DagBag from /home/airflow/.local/lib/python3.7/site-packages/airflow/example_dags/example_sensors.py
[2024-06-14T22:08:15.723+0000] {processor.py:753} INFO - DAG(s) dict_keys(['example_sensors']) retrieved from /home/airflow/.local/lib/python3.7/site-packages/airflow/example_dags/example_sensors.py
[2024-06-14T22:08:15.745+0000] {logging_mixin.py:137} INFO - [2024-06-14T22:08:15.745+0000] {dag.py:2690} INFO - Sync 1 DAGs
[2024-06-14T22:08:15.763+0000] {logging_mixin.py:137} INFO - [2024-06-14T22:08:15.763+0000] {dag.py:3441} INFO - Setting next_dagrun for example_sensors to None, run_after=None
[2024-06-14T22:08:15.775+0000] {processor.py:175} INFO - Processing /home/airflow/.local/lib/python3.7/site-packages/airflow/example_dags/example_sensors.py took 0.073 seconds
[2024-06-14T22:08:46.445+0000] {processor.py:153} INFO - Started process (PID=1835) to work on /home/airflow/.local/lib/python3.7/site-packages/airflow/example_dags/example_sensors.py
[2024-06-14T22:08:46.447+0000] {processor.py:743} INFO - Processing file /home/airflow/.local/lib/python3.7/site-packages/airflow/example_dags/example_sensors.py for tasks to queue
[2024-06-14T22:08:46.448+0000] {logging_mixin.py:137} INFO - [2024-06-14T22:08:46.448+0000] {dagbag.py:538} INFO - Filling up the DagBag from /home/airflow/.local/lib/python3.7/site-packages/airflow/example_dags/example_sensors.py
[2024-06-14T22:08:46.463+0000] {processor.py:753} INFO - DAG(s) dict_keys(['example_sensors']) retrieved from /home/airflow/.local/lib/python3.7/site-packages/airflow/example_dags/example_sensors.py
[2024-06-14T22:08:46.486+0000] {logging_mixin.py:137} INFO - [2024-06-14T22:08:46.486+0000] {dag.py:2690} INFO - Sync 1 DAGs
[2024-06-14T22:08:46.503+0000] {logging_mixin.py:137} INFO - [2024-06-14T22:08:46.503+0000] {dag.py:3441} INFO - Setting next_dagrun for example_sensors to None, run_after=None
[2024-06-14T22:08:46.515+0000] {processor.py:175} INFO - Processing /home/airflow/.local/lib/python3.7/site-packages/airflow/example_dags/example_sensors.py took 0.073 seconds
[2024-06-14T22:09:16.870+0000] {processor.py:153} INFO - Started process (PID=1885) to work on /home/airflow/.local/lib/python3.7/site-packages/airflow/example_dags/example_sensors.py
[2024-06-14T22:09:16.872+0000] {processor.py:743} INFO - Processing file /home/airflow/.local/lib/python3.7/site-packages/airflow/example_dags/example_sensors.py for tasks to queue
[2024-06-14T22:09:16.873+0000] {logging_mixin.py:137} INFO - [2024-06-14T22:09:16.873+0000] {dagbag.py:538} INFO - Filling up the DagBag from /home/airflow/.local/lib/python3.7/site-packages/airflow/example_dags/example_sensors.py
[2024-06-14T22:09:16.894+0000] {processor.py:753} INFO - DAG(s) dict_keys(['example_sensors']) retrieved from /home/airflow/.local/lib/python3.7/site-packages/airflow/example_dags/example_sensors.py
[2024-06-14T22:09:16.920+0000] {logging_mixin.py:137} INFO - [2024-06-14T22:09:16.920+0000] {dag.py:2690} INFO - Sync 1 DAGs
[2024-06-14T22:09:16.938+0000] {logging_mixin.py:137} INFO - [2024-06-14T22:09:16.938+0000] {dag.py:3441} INFO - Setting next_dagrun for example_sensors to None, run_after=None
[2024-06-14T22:09:16.950+0000] {processor.py:175} INFO - Processing /home/airflow/.local/lib/python3.7/site-packages/airflow/example_dags/example_sensors.py took 0.083 seconds
[2024-06-14T22:09:47.460+0000] {processor.py:153} INFO - Started process (PID=1935) to work on /home/airflow/.local/lib/python3.7/site-packages/airflow/example_dags/example_sensors.py
[2024-06-14T22:09:47.462+0000] {processor.py:743} INFO - Processing file /home/airflow/.local/lib/python3.7/site-packages/airflow/example_dags/example_sensors.py for tasks to queue
[2024-06-14T22:09:47.462+0000] {logging_mixin.py:137} INFO - [2024-06-14T22:09:47.462+0000] {dagbag.py:538} INFO - Filling up the DagBag from /home/airflow/.local/lib/python3.7/site-packages/airflow/example_dags/example_sensors.py
[2024-06-14T22:09:47.477+0000] {processor.py:753} INFO - DAG(s) dict_keys(['example_sensors']) retrieved from /home/airflow/.local/lib/python3.7/site-packages/airflow/example_dags/example_sensors.py
[2024-06-14T22:09:47.499+0000] {logging_mixin.py:137} INFO - [2024-06-14T22:09:47.499+0000] {dag.py:2690} INFO - Sync 1 DAGs
[2024-06-14T22:09:47.518+0000] {logging_mixin.py:137} INFO - [2024-06-14T22:09:47.518+0000] {dag.py:3441} INFO - Setting next_dagrun for example_sensors to None, run_after=None
[2024-06-14T22:09:47.532+0000] {processor.py:175} INFO - Processing /home/airflow/.local/lib/python3.7/site-packages/airflow/example_dags/example_sensors.py took 0.075 seconds
[2024-06-14T22:10:17.901+0000] {processor.py:153} INFO - Started process (PID=1985) to work on /home/airflow/.local/lib/python3.7/site-packages/airflow/example_dags/example_sensors.py
[2024-06-14T22:10:17.902+0000] {processor.py:743} INFO - Processing file /home/airflow/.local/lib/python3.7/site-packages/airflow/example_dags/example_sensors.py for tasks to queue
[2024-06-14T22:10:17.903+0000] {logging_mixin.py:137} INFO - [2024-06-14T22:10:17.903+0000] {dagbag.py:538} INFO - Filling up the DagBag from /home/airflow/.local/lib/python3.7/site-packages/airflow/example_dags/example_sensors.py
[2024-06-14T22:10:17.918+0000] {processor.py:753} INFO - DAG(s) dict_keys(['example_sensors']) retrieved from /home/airflow/.local/lib/python3.7/site-packages/airflow/example_dags/example_sensors.py
[2024-06-14T22:10:17.941+0000] {logging_mixin.py:137} INFO - [2024-06-14T22:10:17.941+0000] {dag.py:2690} INFO - Sync 1 DAGs
[2024-06-14T22:10:17.958+0000] {logging_mixin.py:137} INFO - [2024-06-14T22:10:17.958+0000] {dag.py:3441} INFO - Setting next_dagrun for example_sensors to None, run_after=None
[2024-06-14T22:10:17.971+0000] {processor.py:175} INFO - Processing /home/airflow/.local/lib/python3.7/site-packages/airflow/example_dags/example_sensors.py took 0.073 seconds
[2024-06-14T22:58:48.311+0000] {processor.py:153} INFO - Started process (PID=2035) to work on /home/airflow/.local/lib/python3.7/site-packages/airflow/example_dags/example_sensors.py
[2024-06-14T22:58:48.312+0000] {processor.py:743} INFO - Processing file /home/airflow/.local/lib/python3.7/site-packages/airflow/example_dags/example_sensors.py for tasks to queue
[2024-06-14T22:58:48.313+0000] {logging_mixin.py:137} INFO - [2024-06-14T22:58:48.313+0000] {dagbag.py:538} INFO - Filling up the DagBag from /home/airflow/.local/lib/python3.7/site-packages/airflow/example_dags/example_sensors.py
[2024-06-14T22:58:48.329+0000] {processor.py:753} INFO - DAG(s) dict_keys(['example_sensors']) retrieved from /home/airflow/.local/lib/python3.7/site-packages/airflow/example_dags/example_sensors.py
[2024-06-14T22:58:48.353+0000] {logging_mixin.py:137} INFO - [2024-06-14T22:58:48.353+0000] {dag.py:2690} INFO - Sync 1 DAGs
[2024-06-14T22:58:48.369+0000] {logging_mixin.py:137} INFO - [2024-06-14T22:58:48.369+0000] {dag.py:3441} INFO - Setting next_dagrun for example_sensors to None, run_after=None
[2024-06-14T22:58:48.383+0000] {processor.py:175} INFO - Processing /home/airflow/.local/lib/python3.7/site-packages/airflow/example_dags/example_sensors.py took 0.075 seconds
[2024-06-14T23:14:16.902+0000] {processor.py:153} INFO - Started process (PID=2085) to work on /home/airflow/.local/lib/python3.7/site-packages/airflow/example_dags/example_sensors.py
[2024-06-14T23:14:16.908+0000] {processor.py:743} INFO - Processing file /home/airflow/.local/lib/python3.7/site-packages/airflow/example_dags/example_sensors.py for tasks to queue
[2024-06-14T23:14:16.914+0000] {logging_mixin.py:137} INFO - [2024-06-14T23:14:16.914+0000] {dagbag.py:538} INFO - Filling up the DagBag from /home/airflow/.local/lib/python3.7/site-packages/airflow/example_dags/example_sensors.py
[2024-06-14T23:14:16.991+0000] {processor.py:753} INFO - DAG(s) dict_keys(['example_sensors']) retrieved from /home/airflow/.local/lib/python3.7/site-packages/airflow/example_dags/example_sensors.py
[2024-06-14T23:14:17.073+0000] {logging_mixin.py:137} INFO - [2024-06-14T23:14:17.072+0000] {dag.py:2690} INFO - Sync 1 DAGs
[2024-06-14T23:14:17.131+0000] {logging_mixin.py:137} INFO - [2024-06-14T23:14:17.131+0000] {dag.py:3441} INFO - Setting next_dagrun for example_sensors to None, run_after=None
[2024-06-14T23:14:17.196+0000] {processor.py:175} INFO - Processing /home/airflow/.local/lib/python3.7/site-packages/airflow/example_dags/example_sensors.py took 0.312 seconds
