[2024-06-14T21:50:26.301+0000] {processor.py:153} INFO - Started process (PID=48) to work on /home/airflow/.local/lib/python3.7/site-packages/airflow/example_dags/example_short_circuit_operator.py
[2024-06-14T21:50:26.309+0000] {processor.py:743} INFO - Processing file /home/airflow/.local/lib/python3.7/site-packages/airflow/example_dags/example_short_circuit_operator.py for tasks to queue
[2024-06-14T21:50:26.310+0000] {logging_mixin.py:137} INFO - [2024-06-14T21:50:26.310+0000] {dagbag.py:538} INFO - Filling up the DagBag from /home/airflow/.local/lib/python3.7/site-packages/airflow/example_dags/example_short_circuit_operator.py
[2024-06-14T21:50:26.336+0000] {processor.py:753} INFO - DAG(s) dict_keys(['example_short_circuit_operator']) retrieved from /home/airflow/.local/lib/python3.7/site-packages/airflow/example_dags/example_short_circuit_operator.py
[2024-06-14T21:50:26.369+0000] {logging_mixin.py:137} INFO - [2024-06-14T21:50:26.368+0000] {dag.py:2690} INFO - Sync 1 DAGs
[2024-06-14T21:50:26.394+0000] {logging_mixin.py:137} INFO - [2024-06-14T21:50:26.394+0000] {dag.py:3441} INFO - Setting next_dagrun for example_short_circuit_operator to 2024-06-13T21:50:26.393888+00:00, run_after=2024-06-14T21:50:26.393888+00:00
[2024-06-14T21:50:26.412+0000] {processor.py:175} INFO - Processing /home/airflow/.local/lib/python3.7/site-packages/airflow/example_dags/example_short_circuit_operator.py took 0.117 seconds
[2024-06-14T21:50:56.514+0000] {processor.py:153} INFO - Started process (PID=98) to work on /home/airflow/.local/lib/python3.7/site-packages/airflow/example_dags/example_short_circuit_operator.py
[2024-06-14T21:50:56.515+0000] {processor.py:743} INFO - Processing file /home/airflow/.local/lib/python3.7/site-packages/airflow/example_dags/example_short_circuit_operator.py for tasks to queue
[2024-06-14T21:50:56.516+0000] {logging_mixin.py:137} INFO - [2024-06-14T21:50:56.516+0000] {dagbag.py:538} INFO - Filling up the DagBag from /home/airflow/.local/lib/python3.7/site-packages/airflow/example_dags/example_short_circuit_operator.py
[2024-06-14T21:50:56.530+0000] {processor.py:753} INFO - DAG(s) dict_keys(['example_short_circuit_operator']) retrieved from /home/airflow/.local/lib/python3.7/site-packages/airflow/example_dags/example_short_circuit_operator.py
[2024-06-14T21:50:56.554+0000] {logging_mixin.py:137} INFO - [2024-06-14T21:50:56.554+0000] {dag.py:2690} INFO - Sync 1 DAGs
[2024-06-14T21:50:56.573+0000] {logging_mixin.py:137} INFO - [2024-06-14T21:50:56.573+0000] {dag.py:3441} INFO - Setting next_dagrun for example_short_circuit_operator to 2024-06-13T21:50:56.573419+00:00, run_after=2024-06-14T21:50:56.573419+00:00
[2024-06-14T21:50:56.590+0000] {processor.py:175} INFO - Processing /home/airflow/.local/lib/python3.7/site-packages/airflow/example_dags/example_short_circuit_operator.py took 0.080 seconds
[2024-06-14T21:51:27.106+0000] {processor.py:153} INFO - Started process (PID=148) to work on /home/airflow/.local/lib/python3.7/site-packages/airflow/example_dags/example_short_circuit_operator.py
[2024-06-14T21:51:27.108+0000] {processor.py:743} INFO - Processing file /home/airflow/.local/lib/python3.7/site-packages/airflow/example_dags/example_short_circuit_operator.py for tasks to queue
[2024-06-14T21:51:27.109+0000] {logging_mixin.py:137} INFO - [2024-06-14T21:51:27.109+0000] {dagbag.py:538} INFO - Filling up the DagBag from /home/airflow/.local/lib/python3.7/site-packages/airflow/example_dags/example_short_circuit_operator.py
[2024-06-14T21:51:27.122+0000] {processor.py:753} INFO - DAG(s) dict_keys(['example_short_circuit_operator']) retrieved from /home/airflow/.local/lib/python3.7/site-packages/airflow/example_dags/example_short_circuit_operator.py
[2024-06-14T21:51:27.144+0000] {logging_mixin.py:137} INFO - [2024-06-14T21:51:27.144+0000] {dag.py:2690} INFO - Sync 1 DAGs
[2024-06-14T21:51:27.161+0000] {logging_mixin.py:137} INFO - [2024-06-14T21:51:27.161+0000] {dag.py:3441} INFO - Setting next_dagrun for example_short_circuit_operator to 2024-06-13T21:51:27.160857+00:00, run_after=2024-06-14T21:51:27.160857+00:00
[2024-06-14T21:51:27.173+0000] {processor.py:175} INFO - Processing /home/airflow/.local/lib/python3.7/site-packages/airflow/example_dags/example_short_circuit_operator.py took 0.070 seconds
[2024-06-14T21:51:57.573+0000] {processor.py:153} INFO - Started process (PID=198) to work on /home/airflow/.local/lib/python3.7/site-packages/airflow/example_dags/example_short_circuit_operator.py
[2024-06-14T21:51:57.575+0000] {processor.py:743} INFO - Processing file /home/airflow/.local/lib/python3.7/site-packages/airflow/example_dags/example_short_circuit_operator.py for tasks to queue
[2024-06-14T21:51:57.575+0000] {logging_mixin.py:137} INFO - [2024-06-14T21:51:57.575+0000] {dagbag.py:538} INFO - Filling up the DagBag from /home/airflow/.local/lib/python3.7/site-packages/airflow/example_dags/example_short_circuit_operator.py
[2024-06-14T21:51:57.588+0000] {processor.py:753} INFO - DAG(s) dict_keys(['example_short_circuit_operator']) retrieved from /home/airflow/.local/lib/python3.7/site-packages/airflow/example_dags/example_short_circuit_operator.py
[2024-06-14T21:51:57.609+0000] {logging_mixin.py:137} INFO - [2024-06-14T21:51:57.609+0000] {dag.py:2690} INFO - Sync 1 DAGs
[2024-06-14T21:51:57.626+0000] {logging_mixin.py:137} INFO - [2024-06-14T21:51:57.626+0000] {dag.py:3441} INFO - Setting next_dagrun for example_short_circuit_operator to 2024-06-13T21:51:57.626396+00:00, run_after=2024-06-14T21:51:57.626396+00:00
[2024-06-14T21:51:57.640+0000] {processor.py:175} INFO - Processing /home/airflow/.local/lib/python3.7/site-packages/airflow/example_dags/example_short_circuit_operator.py took 0.070 seconds
[2024-06-14T21:52:28.199+0000] {processor.py:153} INFO - Started process (PID=248) to work on /home/airflow/.local/lib/python3.7/site-packages/airflow/example_dags/example_short_circuit_operator.py
[2024-06-14T21:52:28.201+0000] {processor.py:743} INFO - Processing file /home/airflow/.local/lib/python3.7/site-packages/airflow/example_dags/example_short_circuit_operator.py for tasks to queue
[2024-06-14T21:52:28.202+0000] {logging_mixin.py:137} INFO - [2024-06-14T21:52:28.202+0000] {dagbag.py:538} INFO - Filling up the DagBag from /home/airflow/.local/lib/python3.7/site-packages/airflow/example_dags/example_short_circuit_operator.py
[2024-06-14T21:52:28.214+0000] {processor.py:753} INFO - DAG(s) dict_keys(['example_short_circuit_operator']) retrieved from /home/airflow/.local/lib/python3.7/site-packages/airflow/example_dags/example_short_circuit_operator.py
[2024-06-14T21:52:28.235+0000] {logging_mixin.py:137} INFO - [2024-06-14T21:52:28.235+0000] {dag.py:2690} INFO - Sync 1 DAGs
[2024-06-14T21:52:28.254+0000] {logging_mixin.py:137} INFO - [2024-06-14T21:52:28.253+0000] {dag.py:3441} INFO - Setting next_dagrun for example_short_circuit_operator to 2024-06-13T21:52:28.253733+00:00, run_after=2024-06-14T21:52:28.253733+00:00
[2024-06-14T21:52:28.267+0000] {processor.py:175} INFO - Processing /home/airflow/.local/lib/python3.7/site-packages/airflow/example_dags/example_short_circuit_operator.py took 0.070 seconds
[2024-06-14T21:52:58.783+0000] {processor.py:153} INFO - Started process (PID=297) to work on /home/airflow/.local/lib/python3.7/site-packages/airflow/example_dags/example_short_circuit_operator.py
[2024-06-14T21:52:58.785+0000] {processor.py:743} INFO - Processing file /home/airflow/.local/lib/python3.7/site-packages/airflow/example_dags/example_short_circuit_operator.py for tasks to queue
[2024-06-14T21:52:58.786+0000] {logging_mixin.py:137} INFO - [2024-06-14T21:52:58.785+0000] {dagbag.py:538} INFO - Filling up the DagBag from /home/airflow/.local/lib/python3.7/site-packages/airflow/example_dags/example_short_circuit_operator.py
[2024-06-14T21:52:58.798+0000] {processor.py:753} INFO - DAG(s) dict_keys(['example_short_circuit_operator']) retrieved from /home/airflow/.local/lib/python3.7/site-packages/airflow/example_dags/example_short_circuit_operator.py
[2024-06-14T21:52:58.820+0000] {logging_mixin.py:137} INFO - [2024-06-14T21:52:58.820+0000] {dag.py:2690} INFO - Sync 1 DAGs
[2024-06-14T21:52:58.838+0000] {logging_mixin.py:137} INFO - [2024-06-14T21:52:58.837+0000] {dag.py:3441} INFO - Setting next_dagrun for example_short_circuit_operator to 2024-06-13T21:52:58.837694+00:00, run_after=2024-06-14T21:52:58.837694+00:00
[2024-06-14T21:52:58.851+0000] {processor.py:175} INFO - Processing /home/airflow/.local/lib/python3.7/site-packages/airflow/example_dags/example_short_circuit_operator.py took 0.071 seconds
[2024-06-14T21:53:29.302+0000] {processor.py:153} INFO - Started process (PID=347) to work on /home/airflow/.local/lib/python3.7/site-packages/airflow/example_dags/example_short_circuit_operator.py
[2024-06-14T21:53:29.303+0000] {processor.py:743} INFO - Processing file /home/airflow/.local/lib/python3.7/site-packages/airflow/example_dags/example_short_circuit_operator.py for tasks to queue
[2024-06-14T21:53:29.304+0000] {logging_mixin.py:137} INFO - [2024-06-14T21:53:29.304+0000] {dagbag.py:538} INFO - Filling up the DagBag from /home/airflow/.local/lib/python3.7/site-packages/airflow/example_dags/example_short_circuit_operator.py
[2024-06-14T21:53:29.318+0000] {processor.py:753} INFO - DAG(s) dict_keys(['example_short_circuit_operator']) retrieved from /home/airflow/.local/lib/python3.7/site-packages/airflow/example_dags/example_short_circuit_operator.py
[2024-06-14T21:53:29.342+0000] {logging_mixin.py:137} INFO - [2024-06-14T21:53:29.342+0000] {dag.py:2690} INFO - Sync 1 DAGs
[2024-06-14T21:53:29.361+0000] {logging_mixin.py:137} INFO - [2024-06-14T21:53:29.361+0000] {dag.py:3441} INFO - Setting next_dagrun for example_short_circuit_operator to 2024-06-13T21:53:29.360705+00:00, run_after=2024-06-14T21:53:29.360705+00:00
[2024-06-14T21:53:29.375+0000] {processor.py:175} INFO - Processing /home/airflow/.local/lib/python3.7/site-packages/airflow/example_dags/example_short_circuit_operator.py took 0.077 seconds
[2024-06-14T21:53:59.961+0000] {processor.py:153} INFO - Started process (PID=397) to work on /home/airflow/.local/lib/python3.7/site-packages/airflow/example_dags/example_short_circuit_operator.py
[2024-06-14T21:53:59.963+0000] {processor.py:743} INFO - Processing file /home/airflow/.local/lib/python3.7/site-packages/airflow/example_dags/example_short_circuit_operator.py for tasks to queue
[2024-06-14T21:53:59.964+0000] {logging_mixin.py:137} INFO - [2024-06-14T21:53:59.964+0000] {dagbag.py:538} INFO - Filling up the DagBag from /home/airflow/.local/lib/python3.7/site-packages/airflow/example_dags/example_short_circuit_operator.py
[2024-06-14T21:53:59.977+0000] {processor.py:753} INFO - DAG(s) dict_keys(['example_short_circuit_operator']) retrieved from /home/airflow/.local/lib/python3.7/site-packages/airflow/example_dags/example_short_circuit_operator.py
[2024-06-14T21:54:00.004+0000] {logging_mixin.py:137} INFO - [2024-06-14T21:54:00.003+0000] {dag.py:2690} INFO - Sync 1 DAGs
[2024-06-14T21:54:00.023+0000] {logging_mixin.py:137} INFO - [2024-06-14T21:54:00.023+0000] {dag.py:3441} INFO - Setting next_dagrun for example_short_circuit_operator to 2024-06-13T21:54:00.023583+00:00, run_after=2024-06-14T21:54:00.023583+00:00
[2024-06-14T21:54:00.040+0000] {processor.py:175} INFO - Processing /home/airflow/.local/lib/python3.7/site-packages/airflow/example_dags/example_short_circuit_operator.py took 0.084 seconds
[2024-06-14T21:54:30.795+0000] {processor.py:153} INFO - Started process (PID=447) to work on /home/airflow/.local/lib/python3.7/site-packages/airflow/example_dags/example_short_circuit_operator.py
[2024-06-14T21:54:30.796+0000] {processor.py:743} INFO - Processing file /home/airflow/.local/lib/python3.7/site-packages/airflow/example_dags/example_short_circuit_operator.py for tasks to queue
[2024-06-14T21:54:30.797+0000] {logging_mixin.py:137} INFO - [2024-06-14T21:54:30.797+0000] {dagbag.py:538} INFO - Filling up the DagBag from /home/airflow/.local/lib/python3.7/site-packages/airflow/example_dags/example_short_circuit_operator.py
[2024-06-14T21:54:30.811+0000] {processor.py:753} INFO - DAG(s) dict_keys(['example_short_circuit_operator']) retrieved from /home/airflow/.local/lib/python3.7/site-packages/airflow/example_dags/example_short_circuit_operator.py
[2024-06-14T21:54:30.833+0000] {logging_mixin.py:137} INFO - [2024-06-14T21:54:30.833+0000] {dag.py:2690} INFO - Sync 1 DAGs
[2024-06-14T21:54:30.855+0000] {logging_mixin.py:137} INFO - [2024-06-14T21:54:30.855+0000] {dag.py:3441} INFO - Setting next_dagrun for example_short_circuit_operator to 2024-06-13T21:54:30.855156+00:00, run_after=2024-06-14T21:54:30.855156+00:00
[2024-06-14T21:54:30.869+0000] {processor.py:175} INFO - Processing /home/airflow/.local/lib/python3.7/site-packages/airflow/example_dags/example_short_circuit_operator.py took 0.076 seconds
[2024-06-14T21:55:01.336+0000] {processor.py:153} INFO - Started process (PID=497) to work on /home/airflow/.local/lib/python3.7/site-packages/airflow/example_dags/example_short_circuit_operator.py
[2024-06-14T21:55:01.338+0000] {processor.py:743} INFO - Processing file /home/airflow/.local/lib/python3.7/site-packages/airflow/example_dags/example_short_circuit_operator.py for tasks to queue
[2024-06-14T21:55:01.338+0000] {logging_mixin.py:137} INFO - [2024-06-14T21:55:01.338+0000] {dagbag.py:538} INFO - Filling up the DagBag from /home/airflow/.local/lib/python3.7/site-packages/airflow/example_dags/example_short_circuit_operator.py
[2024-06-14T21:55:01.351+0000] {processor.py:753} INFO - DAG(s) dict_keys(['example_short_circuit_operator']) retrieved from /home/airflow/.local/lib/python3.7/site-packages/airflow/example_dags/example_short_circuit_operator.py
[2024-06-14T21:55:01.374+0000] {logging_mixin.py:137} INFO - [2024-06-14T21:55:01.374+0000] {dag.py:2690} INFO - Sync 1 DAGs
[2024-06-14T21:55:01.392+0000] {logging_mixin.py:137} INFO - [2024-06-14T21:55:01.392+0000] {dag.py:3441} INFO - Setting next_dagrun for example_short_circuit_operator to 2024-06-13T21:55:01.392120+00:00, run_after=2024-06-14T21:55:01.392120+00:00
[2024-06-14T21:55:01.407+0000] {processor.py:175} INFO - Processing /home/airflow/.local/lib/python3.7/site-packages/airflow/example_dags/example_short_circuit_operator.py took 0.073 seconds
[2024-06-14T21:55:31.975+0000] {processor.py:153} INFO - Started process (PID=547) to work on /home/airflow/.local/lib/python3.7/site-packages/airflow/example_dags/example_short_circuit_operator.py
[2024-06-14T21:55:31.977+0000] {processor.py:743} INFO - Processing file /home/airflow/.local/lib/python3.7/site-packages/airflow/example_dags/example_short_circuit_operator.py for tasks to queue
[2024-06-14T21:55:31.977+0000] {logging_mixin.py:137} INFO - [2024-06-14T21:55:31.977+0000] {dagbag.py:538} INFO - Filling up the DagBag from /home/airflow/.local/lib/python3.7/site-packages/airflow/example_dags/example_short_circuit_operator.py
[2024-06-14T21:55:31.990+0000] {processor.py:753} INFO - DAG(s) dict_keys(['example_short_circuit_operator']) retrieved from /home/airflow/.local/lib/python3.7/site-packages/airflow/example_dags/example_short_circuit_operator.py
[2024-06-14T21:55:32.012+0000] {logging_mixin.py:137} INFO - [2024-06-14T21:55:32.012+0000] {dag.py:2690} INFO - Sync 1 DAGs
[2024-06-14T21:55:32.029+0000] {logging_mixin.py:137} INFO - [2024-06-14T21:55:32.029+0000] {dag.py:3441} INFO - Setting next_dagrun for example_short_circuit_operator to 2024-06-13T21:55:32.029463+00:00, run_after=2024-06-14T21:55:32.029463+00:00
[2024-06-14T21:55:32.043+0000] {processor.py:175} INFO - Processing /home/airflow/.local/lib/python3.7/site-packages/airflow/example_dags/example_short_circuit_operator.py took 0.072 seconds
[2024-06-14T21:56:02.748+0000] {processor.py:153} INFO - Started process (PID=597) to work on /home/airflow/.local/lib/python3.7/site-packages/airflow/example_dags/example_short_circuit_operator.py
[2024-06-14T21:56:02.749+0000] {processor.py:743} INFO - Processing file /home/airflow/.local/lib/python3.7/site-packages/airflow/example_dags/example_short_circuit_operator.py for tasks to queue
[2024-06-14T21:56:02.750+0000] {logging_mixin.py:137} INFO - [2024-06-14T21:56:02.750+0000] {dagbag.py:538} INFO - Filling up the DagBag from /home/airflow/.local/lib/python3.7/site-packages/airflow/example_dags/example_short_circuit_operator.py
[2024-06-14T21:56:02.763+0000] {processor.py:753} INFO - DAG(s) dict_keys(['example_short_circuit_operator']) retrieved from /home/airflow/.local/lib/python3.7/site-packages/airflow/example_dags/example_short_circuit_operator.py
[2024-06-14T21:56:02.788+0000] {logging_mixin.py:137} INFO - [2024-06-14T21:56:02.787+0000] {dag.py:2690} INFO - Sync 1 DAGs
[2024-06-14T21:56:02.806+0000] {logging_mixin.py:137} INFO - [2024-06-14T21:56:02.806+0000] {dag.py:3441} INFO - Setting next_dagrun for example_short_circuit_operator to 2024-06-13T21:56:02.806019+00:00, run_after=2024-06-14T21:56:02.806019+00:00
[2024-06-14T21:56:02.818+0000] {processor.py:175} INFO - Processing /home/airflow/.local/lib/python3.7/site-packages/airflow/example_dags/example_short_circuit_operator.py took 0.074 seconds
[2024-06-14T21:56:33.622+0000] {processor.py:153} INFO - Started process (PID=647) to work on /home/airflow/.local/lib/python3.7/site-packages/airflow/example_dags/example_short_circuit_operator.py
[2024-06-14T21:56:33.624+0000] {processor.py:743} INFO - Processing file /home/airflow/.local/lib/python3.7/site-packages/airflow/example_dags/example_short_circuit_operator.py for tasks to queue
[2024-06-14T21:56:33.625+0000] {logging_mixin.py:137} INFO - [2024-06-14T21:56:33.625+0000] {dagbag.py:538} INFO - Filling up the DagBag from /home/airflow/.local/lib/python3.7/site-packages/airflow/example_dags/example_short_circuit_operator.py
[2024-06-14T21:56:33.637+0000] {processor.py:753} INFO - DAG(s) dict_keys(['example_short_circuit_operator']) retrieved from /home/airflow/.local/lib/python3.7/site-packages/airflow/example_dags/example_short_circuit_operator.py
[2024-06-14T21:56:33.664+0000] {logging_mixin.py:137} INFO - [2024-06-14T21:56:33.664+0000] {dag.py:2690} INFO - Sync 1 DAGs
[2024-06-14T21:56:33.681+0000] {logging_mixin.py:137} INFO - [2024-06-14T21:56:33.681+0000] {dag.py:3441} INFO - Setting next_dagrun for example_short_circuit_operator to 2024-06-13T21:56:33.681499+00:00, run_after=2024-06-14T21:56:33.681499+00:00
[2024-06-14T21:56:33.694+0000] {processor.py:175} INFO - Processing /home/airflow/.local/lib/python3.7/site-packages/airflow/example_dags/example_short_circuit_operator.py took 0.077 seconds
[2024-06-14T21:57:04.257+0000] {processor.py:153} INFO - Started process (PID=697) to work on /home/airflow/.local/lib/python3.7/site-packages/airflow/example_dags/example_short_circuit_operator.py
[2024-06-14T21:57:04.259+0000] {processor.py:743} INFO - Processing file /home/airflow/.local/lib/python3.7/site-packages/airflow/example_dags/example_short_circuit_operator.py for tasks to queue
[2024-06-14T21:57:04.259+0000] {logging_mixin.py:137} INFO - [2024-06-14T21:57:04.259+0000] {dagbag.py:538} INFO - Filling up the DagBag from /home/airflow/.local/lib/python3.7/site-packages/airflow/example_dags/example_short_circuit_operator.py
[2024-06-14T21:57:04.273+0000] {processor.py:753} INFO - DAG(s) dict_keys(['example_short_circuit_operator']) retrieved from /home/airflow/.local/lib/python3.7/site-packages/airflow/example_dags/example_short_circuit_operator.py
[2024-06-14T21:57:04.294+0000] {logging_mixin.py:137} INFO - [2024-06-14T21:57:04.294+0000] {dag.py:2690} INFO - Sync 1 DAGs
[2024-06-14T21:57:04.311+0000] {logging_mixin.py:137} INFO - [2024-06-14T21:57:04.311+0000] {dag.py:3441} INFO - Setting next_dagrun for example_short_circuit_operator to 2024-06-13T21:57:04.311195+00:00, run_after=2024-06-14T21:57:04.311195+00:00
[2024-06-14T21:57:04.324+0000] {processor.py:175} INFO - Processing /home/airflow/.local/lib/python3.7/site-packages/airflow/example_dags/example_short_circuit_operator.py took 0.069 seconds
[2024-06-14T21:57:34.617+0000] {processor.py:153} INFO - Started process (PID=747) to work on /home/airflow/.local/lib/python3.7/site-packages/airflow/example_dags/example_short_circuit_operator.py
[2024-06-14T21:57:34.618+0000] {processor.py:743} INFO - Processing file /home/airflow/.local/lib/python3.7/site-packages/airflow/example_dags/example_short_circuit_operator.py for tasks to queue
[2024-06-14T21:57:34.619+0000] {logging_mixin.py:137} INFO - [2024-06-14T21:57:34.619+0000] {dagbag.py:538} INFO - Filling up the DagBag from /home/airflow/.local/lib/python3.7/site-packages/airflow/example_dags/example_short_circuit_operator.py
[2024-06-14T21:57:34.631+0000] {processor.py:753} INFO - DAG(s) dict_keys(['example_short_circuit_operator']) retrieved from /home/airflow/.local/lib/python3.7/site-packages/airflow/example_dags/example_short_circuit_operator.py
[2024-06-14T21:57:34.653+0000] {logging_mixin.py:137} INFO - [2024-06-14T21:57:34.653+0000] {dag.py:2690} INFO - Sync 1 DAGs
[2024-06-14T21:57:34.669+0000] {logging_mixin.py:137} INFO - [2024-06-14T21:57:34.669+0000] {dag.py:3441} INFO - Setting next_dagrun for example_short_circuit_operator to 2024-06-13T21:57:34.669400+00:00, run_after=2024-06-14T21:57:34.669400+00:00
[2024-06-14T21:57:34.683+0000] {processor.py:175} INFO - Processing /home/airflow/.local/lib/python3.7/site-packages/airflow/example_dags/example_short_circuit_operator.py took 0.069 seconds
[2024-06-14T21:58:05.197+0000] {processor.py:153} INFO - Started process (PID=797) to work on /home/airflow/.local/lib/python3.7/site-packages/airflow/example_dags/example_short_circuit_operator.py
[2024-06-14T21:58:05.198+0000] {processor.py:743} INFO - Processing file /home/airflow/.local/lib/python3.7/site-packages/airflow/example_dags/example_short_circuit_operator.py for tasks to queue
[2024-06-14T21:58:05.199+0000] {logging_mixin.py:137} INFO - [2024-06-14T21:58:05.199+0000] {dagbag.py:538} INFO - Filling up the DagBag from /home/airflow/.local/lib/python3.7/site-packages/airflow/example_dags/example_short_circuit_operator.py
[2024-06-14T21:58:05.212+0000] {processor.py:753} INFO - DAG(s) dict_keys(['example_short_circuit_operator']) retrieved from /home/airflow/.local/lib/python3.7/site-packages/airflow/example_dags/example_short_circuit_operator.py
[2024-06-14T21:58:05.233+0000] {logging_mixin.py:137} INFO - [2024-06-14T21:58:05.233+0000] {dag.py:2690} INFO - Sync 1 DAGs
[2024-06-14T21:58:05.252+0000] {logging_mixin.py:137} INFO - [2024-06-14T21:58:05.251+0000] {dag.py:3441} INFO - Setting next_dagrun for example_short_circuit_operator to 2024-06-13T21:58:05.251710+00:00, run_after=2024-06-14T21:58:05.251710+00:00
[2024-06-14T21:58:05.264+0000] {processor.py:175} INFO - Processing /home/airflow/.local/lib/python3.7/site-packages/airflow/example_dags/example_short_circuit_operator.py took 0.070 seconds
[2024-06-14T21:58:35.876+0000] {processor.py:153} INFO - Started process (PID=847) to work on /home/airflow/.local/lib/python3.7/site-packages/airflow/example_dags/example_short_circuit_operator.py
[2024-06-14T21:58:35.877+0000] {processor.py:743} INFO - Processing file /home/airflow/.local/lib/python3.7/site-packages/airflow/example_dags/example_short_circuit_operator.py for tasks to queue
[2024-06-14T21:58:35.878+0000] {logging_mixin.py:137} INFO - [2024-06-14T21:58:35.878+0000] {dagbag.py:538} INFO - Filling up the DagBag from /home/airflow/.local/lib/python3.7/site-packages/airflow/example_dags/example_short_circuit_operator.py
[2024-06-14T21:58:35.891+0000] {processor.py:753} INFO - DAG(s) dict_keys(['example_short_circuit_operator']) retrieved from /home/airflow/.local/lib/python3.7/site-packages/airflow/example_dags/example_short_circuit_operator.py
[2024-06-14T21:58:35.912+0000] {logging_mixin.py:137} INFO - [2024-06-14T21:58:35.912+0000] {dag.py:2690} INFO - Sync 1 DAGs
[2024-06-14T21:58:35.929+0000] {logging_mixin.py:137} INFO - [2024-06-14T21:58:35.928+0000] {dag.py:3441} INFO - Setting next_dagrun for example_short_circuit_operator to 2024-06-13T21:58:35.928758+00:00, run_after=2024-06-14T21:58:35.928758+00:00
[2024-06-14T21:58:35.941+0000] {processor.py:175} INFO - Processing /home/airflow/.local/lib/python3.7/site-packages/airflow/example_dags/example_short_circuit_operator.py took 0.068 seconds
[2024-06-14T21:59:06.314+0000] {processor.py:153} INFO - Started process (PID=897) to work on /home/airflow/.local/lib/python3.7/site-packages/airflow/example_dags/example_short_circuit_operator.py
[2024-06-14T21:59:06.315+0000] {processor.py:743} INFO - Processing file /home/airflow/.local/lib/python3.7/site-packages/airflow/example_dags/example_short_circuit_operator.py for tasks to queue
[2024-06-14T21:59:06.317+0000] {logging_mixin.py:137} INFO - [2024-06-14T21:59:06.317+0000] {dagbag.py:538} INFO - Filling up the DagBag from /home/airflow/.local/lib/python3.7/site-packages/airflow/example_dags/example_short_circuit_operator.py
[2024-06-14T21:59:06.329+0000] {processor.py:753} INFO - DAG(s) dict_keys(['example_short_circuit_operator']) retrieved from /home/airflow/.local/lib/python3.7/site-packages/airflow/example_dags/example_short_circuit_operator.py
[2024-06-14T21:59:06.350+0000] {logging_mixin.py:137} INFO - [2024-06-14T21:59:06.350+0000] {dag.py:2690} INFO - Sync 1 DAGs
[2024-06-14T21:59:06.367+0000] {logging_mixin.py:137} INFO - [2024-06-14T21:59:06.367+0000] {dag.py:3441} INFO - Setting next_dagrun for example_short_circuit_operator to 2024-06-13T21:59:06.367047+00:00, run_after=2024-06-14T21:59:06.367047+00:00
[2024-06-14T21:59:06.379+0000] {processor.py:175} INFO - Processing /home/airflow/.local/lib/python3.7/site-packages/airflow/example_dags/example_short_circuit_operator.py took 0.067 seconds
[2024-06-14T21:59:36.863+0000] {processor.py:153} INFO - Started process (PID=947) to work on /home/airflow/.local/lib/python3.7/site-packages/airflow/example_dags/example_short_circuit_operator.py
[2024-06-14T21:59:36.864+0000] {processor.py:743} INFO - Processing file /home/airflow/.local/lib/python3.7/site-packages/airflow/example_dags/example_short_circuit_operator.py for tasks to queue
[2024-06-14T21:59:36.865+0000] {logging_mixin.py:137} INFO - [2024-06-14T21:59:36.865+0000] {dagbag.py:538} INFO - Filling up the DagBag from /home/airflow/.local/lib/python3.7/site-packages/airflow/example_dags/example_short_circuit_operator.py
[2024-06-14T21:59:36.877+0000] {processor.py:753} INFO - DAG(s) dict_keys(['example_short_circuit_operator']) retrieved from /home/airflow/.local/lib/python3.7/site-packages/airflow/example_dags/example_short_circuit_operator.py
[2024-06-14T21:59:36.899+0000] {logging_mixin.py:137} INFO - [2024-06-14T21:59:36.898+0000] {dag.py:2690} INFO - Sync 1 DAGs
[2024-06-14T21:59:36.916+0000] {logging_mixin.py:137} INFO - [2024-06-14T21:59:36.916+0000] {dag.py:3441} INFO - Setting next_dagrun for example_short_circuit_operator to 2024-06-13T21:59:36.916141+00:00, run_after=2024-06-14T21:59:36.916141+00:00
[2024-06-14T21:59:36.929+0000] {processor.py:175} INFO - Processing /home/airflow/.local/lib/python3.7/site-packages/airflow/example_dags/example_short_circuit_operator.py took 0.069 seconds
[2024-06-14T22:00:07.391+0000] {processor.py:153} INFO - Started process (PID=997) to work on /home/airflow/.local/lib/python3.7/site-packages/airflow/example_dags/example_short_circuit_operator.py
[2024-06-14T22:00:07.393+0000] {processor.py:743} INFO - Processing file /home/airflow/.local/lib/python3.7/site-packages/airflow/example_dags/example_short_circuit_operator.py for tasks to queue
[2024-06-14T22:00:07.394+0000] {logging_mixin.py:137} INFO - [2024-06-14T22:00:07.394+0000] {dagbag.py:538} INFO - Filling up the DagBag from /home/airflow/.local/lib/python3.7/site-packages/airflow/example_dags/example_short_circuit_operator.py
[2024-06-14T22:00:07.406+0000] {processor.py:753} INFO - DAG(s) dict_keys(['example_short_circuit_operator']) retrieved from /home/airflow/.local/lib/python3.7/site-packages/airflow/example_dags/example_short_circuit_operator.py
[2024-06-14T22:00:07.428+0000] {logging_mixin.py:137} INFO - [2024-06-14T22:00:07.428+0000] {dag.py:2690} INFO - Sync 1 DAGs
[2024-06-14T22:00:07.444+0000] {logging_mixin.py:137} INFO - [2024-06-14T22:00:07.444+0000] {dag.py:3441} INFO - Setting next_dagrun for example_short_circuit_operator to 2024-06-13T22:00:07.444417+00:00, run_after=2024-06-14T22:00:07.444417+00:00
[2024-06-14T22:00:07.457+0000] {processor.py:175} INFO - Processing /home/airflow/.local/lib/python3.7/site-packages/airflow/example_dags/example_short_circuit_operator.py took 0.068 seconds
[2024-06-14T22:00:37.858+0000] {processor.py:153} INFO - Started process (PID=1047) to work on /home/airflow/.local/lib/python3.7/site-packages/airflow/example_dags/example_short_circuit_operator.py
[2024-06-14T22:00:37.859+0000] {processor.py:743} INFO - Processing file /home/airflow/.local/lib/python3.7/site-packages/airflow/example_dags/example_short_circuit_operator.py for tasks to queue
[2024-06-14T22:00:37.860+0000] {logging_mixin.py:137} INFO - [2024-06-14T22:00:37.860+0000] {dagbag.py:538} INFO - Filling up the DagBag from /home/airflow/.local/lib/python3.7/site-packages/airflow/example_dags/example_short_circuit_operator.py
[2024-06-14T22:00:37.873+0000] {processor.py:753} INFO - DAG(s) dict_keys(['example_short_circuit_operator']) retrieved from /home/airflow/.local/lib/python3.7/site-packages/airflow/example_dags/example_short_circuit_operator.py
[2024-06-14T22:00:37.895+0000] {logging_mixin.py:137} INFO - [2024-06-14T22:00:37.895+0000] {dag.py:2690} INFO - Sync 1 DAGs
[2024-06-14T22:00:37.912+0000] {logging_mixin.py:137} INFO - [2024-06-14T22:00:37.912+0000] {dag.py:3441} INFO - Setting next_dagrun for example_short_circuit_operator to 2024-06-13T22:00:37.912206+00:00, run_after=2024-06-14T22:00:37.912206+00:00
[2024-06-14T22:00:37.925+0000] {processor.py:175} INFO - Processing /home/airflow/.local/lib/python3.7/site-packages/airflow/example_dags/example_short_circuit_operator.py took 0.071 seconds
[2024-06-14T22:01:08.405+0000] {processor.py:153} INFO - Started process (PID=1096) to work on /home/airflow/.local/lib/python3.7/site-packages/airflow/example_dags/example_short_circuit_operator.py
[2024-06-14T22:01:08.407+0000] {processor.py:743} INFO - Processing file /home/airflow/.local/lib/python3.7/site-packages/airflow/example_dags/example_short_circuit_operator.py for tasks to queue
[2024-06-14T22:01:08.408+0000] {logging_mixin.py:137} INFO - [2024-06-14T22:01:08.408+0000] {dagbag.py:538} INFO - Filling up the DagBag from /home/airflow/.local/lib/python3.7/site-packages/airflow/example_dags/example_short_circuit_operator.py
[2024-06-14T22:01:08.421+0000] {processor.py:753} INFO - DAG(s) dict_keys(['example_short_circuit_operator']) retrieved from /home/airflow/.local/lib/python3.7/site-packages/airflow/example_dags/example_short_circuit_operator.py
[2024-06-14T22:01:08.442+0000] {logging_mixin.py:137} INFO - [2024-06-14T22:01:08.442+0000] {dag.py:2690} INFO - Sync 1 DAGs
[2024-06-14T22:01:08.460+0000] {logging_mixin.py:137} INFO - [2024-06-14T22:01:08.460+0000] {dag.py:3441} INFO - Setting next_dagrun for example_short_circuit_operator to 2024-06-13T22:01:08.460113+00:00, run_after=2024-06-14T22:01:08.460113+00:00
[2024-06-14T22:01:08.474+0000] {processor.py:175} INFO - Processing /home/airflow/.local/lib/python3.7/site-packages/airflow/example_dags/example_short_circuit_operator.py took 0.071 seconds
[2024-06-14T22:01:38.852+0000] {processor.py:153} INFO - Started process (PID=1146) to work on /home/airflow/.local/lib/python3.7/site-packages/airflow/example_dags/example_short_circuit_operator.py
[2024-06-14T22:01:38.854+0000] {processor.py:743} INFO - Processing file /home/airflow/.local/lib/python3.7/site-packages/airflow/example_dags/example_short_circuit_operator.py for tasks to queue
[2024-06-14T22:01:38.854+0000] {logging_mixin.py:137} INFO - [2024-06-14T22:01:38.854+0000] {dagbag.py:538} INFO - Filling up the DagBag from /home/airflow/.local/lib/python3.7/site-packages/airflow/example_dags/example_short_circuit_operator.py
[2024-06-14T22:01:38.867+0000] {processor.py:753} INFO - DAG(s) dict_keys(['example_short_circuit_operator']) retrieved from /home/airflow/.local/lib/python3.7/site-packages/airflow/example_dags/example_short_circuit_operator.py
[2024-06-14T22:01:38.889+0000] {logging_mixin.py:137} INFO - [2024-06-14T22:01:38.889+0000] {dag.py:2690} INFO - Sync 1 DAGs
[2024-06-14T22:01:38.906+0000] {logging_mixin.py:137} INFO - [2024-06-14T22:01:38.906+0000] {dag.py:3441} INFO - Setting next_dagrun for example_short_circuit_operator to 2024-06-13T22:01:38.906112+00:00, run_after=2024-06-14T22:01:38.906112+00:00
[2024-06-14T22:01:38.920+0000] {processor.py:175} INFO - Processing /home/airflow/.local/lib/python3.7/site-packages/airflow/example_dags/example_short_circuit_operator.py took 0.071 seconds
[2024-06-14T22:02:09.290+0000] {processor.py:153} INFO - Started process (PID=1196) to work on /home/airflow/.local/lib/python3.7/site-packages/airflow/example_dags/example_short_circuit_operator.py
[2024-06-14T22:02:09.291+0000] {processor.py:743} INFO - Processing file /home/airflow/.local/lib/python3.7/site-packages/airflow/example_dags/example_short_circuit_operator.py for tasks to queue
[2024-06-14T22:02:09.292+0000] {logging_mixin.py:137} INFO - [2024-06-14T22:02:09.292+0000] {dagbag.py:538} INFO - Filling up the DagBag from /home/airflow/.local/lib/python3.7/site-packages/airflow/example_dags/example_short_circuit_operator.py
[2024-06-14T22:02:09.305+0000] {processor.py:753} INFO - DAG(s) dict_keys(['example_short_circuit_operator']) retrieved from /home/airflow/.local/lib/python3.7/site-packages/airflow/example_dags/example_short_circuit_operator.py
[2024-06-14T22:02:09.327+0000] {logging_mixin.py:137} INFO - [2024-06-14T22:02:09.326+0000] {dag.py:2690} INFO - Sync 1 DAGs
[2024-06-14T22:02:09.344+0000] {logging_mixin.py:137} INFO - [2024-06-14T22:02:09.344+0000] {dag.py:3441} INFO - Setting next_dagrun for example_short_circuit_operator to 2024-06-13T22:02:09.344147+00:00, run_after=2024-06-14T22:02:09.344147+00:00
[2024-06-14T22:02:09.357+0000] {processor.py:175} INFO - Processing /home/airflow/.local/lib/python3.7/site-packages/airflow/example_dags/example_short_circuit_operator.py took 0.070 seconds
[2024-06-14T22:02:40.012+0000] {processor.py:153} INFO - Started process (PID=1246) to work on /home/airflow/.local/lib/python3.7/site-packages/airflow/example_dags/example_short_circuit_operator.py
[2024-06-14T22:02:40.013+0000] {processor.py:743} INFO - Processing file /home/airflow/.local/lib/python3.7/site-packages/airflow/example_dags/example_short_circuit_operator.py for tasks to queue
[2024-06-14T22:02:40.014+0000] {logging_mixin.py:137} INFO - [2024-06-14T22:02:40.014+0000] {dagbag.py:538} INFO - Filling up the DagBag from /home/airflow/.local/lib/python3.7/site-packages/airflow/example_dags/example_short_circuit_operator.py
[2024-06-14T22:02:40.027+0000] {processor.py:753} INFO - DAG(s) dict_keys(['example_short_circuit_operator']) retrieved from /home/airflow/.local/lib/python3.7/site-packages/airflow/example_dags/example_short_circuit_operator.py
[2024-06-14T22:02:40.049+0000] {logging_mixin.py:137} INFO - [2024-06-14T22:02:40.049+0000] {dag.py:2690} INFO - Sync 1 DAGs
[2024-06-14T22:02:40.067+0000] {logging_mixin.py:137} INFO - [2024-06-14T22:02:40.067+0000] {dag.py:3441} INFO - Setting next_dagrun for example_short_circuit_operator to 2024-06-13T22:02:40.067094+00:00, run_after=2024-06-14T22:02:40.067094+00:00
[2024-06-14T22:02:40.081+0000] {processor.py:175} INFO - Processing /home/airflow/.local/lib/python3.7/site-packages/airflow/example_dags/example_short_circuit_operator.py took 0.072 seconds
[2024-06-14T22:03:10.633+0000] {processor.py:153} INFO - Started process (PID=1296) to work on /home/airflow/.local/lib/python3.7/site-packages/airflow/example_dags/example_short_circuit_operator.py
[2024-06-14T22:03:10.635+0000] {processor.py:743} INFO - Processing file /home/airflow/.local/lib/python3.7/site-packages/airflow/example_dags/example_short_circuit_operator.py for tasks to queue
[2024-06-14T22:03:10.635+0000] {logging_mixin.py:137} INFO - [2024-06-14T22:03:10.635+0000] {dagbag.py:538} INFO - Filling up the DagBag from /home/airflow/.local/lib/python3.7/site-packages/airflow/example_dags/example_short_circuit_operator.py
[2024-06-14T22:03:10.648+0000] {processor.py:753} INFO - DAG(s) dict_keys(['example_short_circuit_operator']) retrieved from /home/airflow/.local/lib/python3.7/site-packages/airflow/example_dags/example_short_circuit_operator.py
[2024-06-14T22:03:10.670+0000] {logging_mixin.py:137} INFO - [2024-06-14T22:03:10.670+0000] {dag.py:2690} INFO - Sync 1 DAGs
[2024-06-14T22:03:10.688+0000] {logging_mixin.py:137} INFO - [2024-06-14T22:03:10.688+0000] {dag.py:3441} INFO - Setting next_dagrun for example_short_circuit_operator to 2024-06-13T22:03:10.688392+00:00, run_after=2024-06-14T22:03:10.688392+00:00
[2024-06-14T22:03:10.702+0000] {processor.py:175} INFO - Processing /home/airflow/.local/lib/python3.7/site-packages/airflow/example_dags/example_short_circuit_operator.py took 0.073 seconds
[2024-06-14T22:03:41.099+0000] {processor.py:153} INFO - Started process (PID=1346) to work on /home/airflow/.local/lib/python3.7/site-packages/airflow/example_dags/example_short_circuit_operator.py
[2024-06-14T22:03:41.100+0000] {processor.py:743} INFO - Processing file /home/airflow/.local/lib/python3.7/site-packages/airflow/example_dags/example_short_circuit_operator.py for tasks to queue
[2024-06-14T22:03:41.101+0000] {logging_mixin.py:137} INFO - [2024-06-14T22:03:41.101+0000] {dagbag.py:538} INFO - Filling up the DagBag from /home/airflow/.local/lib/python3.7/site-packages/airflow/example_dags/example_short_circuit_operator.py
[2024-06-14T22:03:41.114+0000] {processor.py:753} INFO - DAG(s) dict_keys(['example_short_circuit_operator']) retrieved from /home/airflow/.local/lib/python3.7/site-packages/airflow/example_dags/example_short_circuit_operator.py
[2024-06-14T22:03:41.136+0000] {logging_mixin.py:137} INFO - [2024-06-14T22:03:41.135+0000] {dag.py:2690} INFO - Sync 1 DAGs
[2024-06-14T22:03:41.152+0000] {logging_mixin.py:137} INFO - [2024-06-14T22:03:41.152+0000] {dag.py:3441} INFO - Setting next_dagrun for example_short_circuit_operator to 2024-06-13T22:03:41.152181+00:00, run_after=2024-06-14T22:03:41.152181+00:00
[2024-06-14T22:03:41.164+0000] {processor.py:175} INFO - Processing /home/airflow/.local/lib/python3.7/site-packages/airflow/example_dags/example_short_circuit_operator.py took 0.069 seconds
[2024-06-14T22:04:11.510+0000] {processor.py:153} INFO - Started process (PID=1396) to work on /home/airflow/.local/lib/python3.7/site-packages/airflow/example_dags/example_short_circuit_operator.py
[2024-06-14T22:04:11.511+0000] {processor.py:743} INFO - Processing file /home/airflow/.local/lib/python3.7/site-packages/airflow/example_dags/example_short_circuit_operator.py for tasks to queue
[2024-06-14T22:04:11.512+0000] {logging_mixin.py:137} INFO - [2024-06-14T22:04:11.512+0000] {dagbag.py:538} INFO - Filling up the DagBag from /home/airflow/.local/lib/python3.7/site-packages/airflow/example_dags/example_short_circuit_operator.py
[2024-06-14T22:04:11.524+0000] {processor.py:753} INFO - DAG(s) dict_keys(['example_short_circuit_operator']) retrieved from /home/airflow/.local/lib/python3.7/site-packages/airflow/example_dags/example_short_circuit_operator.py
[2024-06-14T22:04:11.546+0000] {logging_mixin.py:137} INFO - [2024-06-14T22:04:11.546+0000] {dag.py:2690} INFO - Sync 1 DAGs
[2024-06-14T22:04:11.563+0000] {logging_mixin.py:137} INFO - [2024-06-14T22:04:11.563+0000] {dag.py:3441} INFO - Setting next_dagrun for example_short_circuit_operator to 2024-06-13T22:04:11.563096+00:00, run_after=2024-06-14T22:04:11.563096+00:00
[2024-06-14T22:04:11.576+0000] {processor.py:175} INFO - Processing /home/airflow/.local/lib/python3.7/site-packages/airflow/example_dags/example_short_circuit_operator.py took 0.069 seconds
[2024-06-14T22:04:42.075+0000] {processor.py:153} INFO - Started process (PID=1445) to work on /home/airflow/.local/lib/python3.7/site-packages/airflow/example_dags/example_short_circuit_operator.py
[2024-06-14T22:04:42.076+0000] {processor.py:743} INFO - Processing file /home/airflow/.local/lib/python3.7/site-packages/airflow/example_dags/example_short_circuit_operator.py for tasks to queue
[2024-06-14T22:04:42.077+0000] {logging_mixin.py:137} INFO - [2024-06-14T22:04:42.077+0000] {dagbag.py:538} INFO - Filling up the DagBag from /home/airflow/.local/lib/python3.7/site-packages/airflow/example_dags/example_short_circuit_operator.py
[2024-06-14T22:04:42.090+0000] {processor.py:753} INFO - DAG(s) dict_keys(['example_short_circuit_operator']) retrieved from /home/airflow/.local/lib/python3.7/site-packages/airflow/example_dags/example_short_circuit_operator.py
[2024-06-14T22:04:42.112+0000] {logging_mixin.py:137} INFO - [2024-06-14T22:04:42.112+0000] {dag.py:2690} INFO - Sync 1 DAGs
[2024-06-14T22:04:42.130+0000] {logging_mixin.py:137} INFO - [2024-06-14T22:04:42.129+0000] {dag.py:3441} INFO - Setting next_dagrun for example_short_circuit_operator to 2024-06-13T22:04:42.129038+00:00, run_after=2024-06-14T22:04:42.129038+00:00
[2024-06-14T22:04:42.142+0000] {processor.py:175} INFO - Processing /home/airflow/.local/lib/python3.7/site-packages/airflow/example_dags/example_short_circuit_operator.py took 0.070 seconds
[2024-06-14T22:05:12.693+0000] {processor.py:153} INFO - Started process (PID=1494) to work on /home/airflow/.local/lib/python3.7/site-packages/airflow/example_dags/example_short_circuit_operator.py
[2024-06-14T22:05:12.694+0000] {processor.py:743} INFO - Processing file /home/airflow/.local/lib/python3.7/site-packages/airflow/example_dags/example_short_circuit_operator.py for tasks to queue
[2024-06-14T22:05:12.695+0000] {logging_mixin.py:137} INFO - [2024-06-14T22:05:12.695+0000] {dagbag.py:538} INFO - Filling up the DagBag from /home/airflow/.local/lib/python3.7/site-packages/airflow/example_dags/example_short_circuit_operator.py
[2024-06-14T22:05:12.707+0000] {processor.py:753} INFO - DAG(s) dict_keys(['example_short_circuit_operator']) retrieved from /home/airflow/.local/lib/python3.7/site-packages/airflow/example_dags/example_short_circuit_operator.py
[2024-06-14T22:05:12.729+0000] {logging_mixin.py:137} INFO - [2024-06-14T22:05:12.729+0000] {dag.py:2690} INFO - Sync 1 DAGs
[2024-06-14T22:05:12.747+0000] {logging_mixin.py:137} INFO - [2024-06-14T22:05:12.747+0000] {dag.py:3441} INFO - Setting next_dagrun for example_short_circuit_operator to 2024-06-13T22:05:12.747197+00:00, run_after=2024-06-14T22:05:12.747197+00:00
[2024-06-14T22:05:12.760+0000] {processor.py:175} INFO - Processing /home/airflow/.local/lib/python3.7/site-packages/airflow/example_dags/example_short_circuit_operator.py took 0.070 seconds
[2024-06-14T22:05:43.300+0000] {processor.py:153} INFO - Started process (PID=1544) to work on /home/airflow/.local/lib/python3.7/site-packages/airflow/example_dags/example_short_circuit_operator.py
[2024-06-14T22:05:43.302+0000] {processor.py:743} INFO - Processing file /home/airflow/.local/lib/python3.7/site-packages/airflow/example_dags/example_short_circuit_operator.py for tasks to queue
[2024-06-14T22:05:43.303+0000] {logging_mixin.py:137} INFO - [2024-06-14T22:05:43.303+0000] {dagbag.py:538} INFO - Filling up the DagBag from /home/airflow/.local/lib/python3.7/site-packages/airflow/example_dags/example_short_circuit_operator.py
[2024-06-14T22:05:43.316+0000] {processor.py:753} INFO - DAG(s) dict_keys(['example_short_circuit_operator']) retrieved from /home/airflow/.local/lib/python3.7/site-packages/airflow/example_dags/example_short_circuit_operator.py
[2024-06-14T22:05:43.337+0000] {logging_mixin.py:137} INFO - [2024-06-14T22:05:43.337+0000] {dag.py:2690} INFO - Sync 1 DAGs
[2024-06-14T22:05:43.354+0000] {logging_mixin.py:137} INFO - [2024-06-14T22:05:43.353+0000] {dag.py:3441} INFO - Setting next_dagrun for example_short_circuit_operator to 2024-06-13T22:05:43.353689+00:00, run_after=2024-06-14T22:05:43.353689+00:00
[2024-06-14T22:05:43.366+0000] {processor.py:175} INFO - Processing /home/airflow/.local/lib/python3.7/site-packages/airflow/example_dags/example_short_circuit_operator.py took 0.069 seconds
[2024-06-14T22:06:13.919+0000] {processor.py:153} INFO - Started process (PID=1594) to work on /home/airflow/.local/lib/python3.7/site-packages/airflow/example_dags/example_short_circuit_operator.py
[2024-06-14T22:06:13.922+0000] {processor.py:743} INFO - Processing file /home/airflow/.local/lib/python3.7/site-packages/airflow/example_dags/example_short_circuit_operator.py for tasks to queue
[2024-06-14T22:06:13.923+0000] {logging_mixin.py:137} INFO - [2024-06-14T22:06:13.923+0000] {dagbag.py:538} INFO - Filling up the DagBag from /home/airflow/.local/lib/python3.7/site-packages/airflow/example_dags/example_short_circuit_operator.py
[2024-06-14T22:06:13.939+0000] {processor.py:753} INFO - DAG(s) dict_keys(['example_short_circuit_operator']) retrieved from /home/airflow/.local/lib/python3.7/site-packages/airflow/example_dags/example_short_circuit_operator.py
[2024-06-14T22:06:13.974+0000] {logging_mixin.py:137} INFO - [2024-06-14T22:06:13.973+0000] {dag.py:2690} INFO - Sync 1 DAGs
[2024-06-14T22:06:13.992+0000] {logging_mixin.py:137} INFO - [2024-06-14T22:06:13.992+0000] {dag.py:3441} INFO - Setting next_dagrun for example_short_circuit_operator to 2024-06-13T22:06:13.992614+00:00, run_after=2024-06-14T22:06:13.992614+00:00
[2024-06-14T22:06:14.009+0000] {processor.py:175} INFO - Processing /home/airflow/.local/lib/python3.7/site-packages/airflow/example_dags/example_short_circuit_operator.py took 0.093 seconds
[2024-06-14T22:06:44.562+0000] {processor.py:153} INFO - Started process (PID=1644) to work on /home/airflow/.local/lib/python3.7/site-packages/airflow/example_dags/example_short_circuit_operator.py
[2024-06-14T22:06:44.564+0000] {processor.py:743} INFO - Processing file /home/airflow/.local/lib/python3.7/site-packages/airflow/example_dags/example_short_circuit_operator.py for tasks to queue
[2024-06-14T22:06:44.564+0000] {logging_mixin.py:137} INFO - [2024-06-14T22:06:44.564+0000] {dagbag.py:538} INFO - Filling up the DagBag from /home/airflow/.local/lib/python3.7/site-packages/airflow/example_dags/example_short_circuit_operator.py
[2024-06-14T22:06:44.578+0000] {processor.py:753} INFO - DAG(s) dict_keys(['example_short_circuit_operator']) retrieved from /home/airflow/.local/lib/python3.7/site-packages/airflow/example_dags/example_short_circuit_operator.py
[2024-06-14T22:06:44.600+0000] {logging_mixin.py:137} INFO - [2024-06-14T22:06:44.600+0000] {dag.py:2690} INFO - Sync 1 DAGs
[2024-06-14T22:06:44.618+0000] {logging_mixin.py:137} INFO - [2024-06-14T22:06:44.618+0000] {dag.py:3441} INFO - Setting next_dagrun for example_short_circuit_operator to 2024-06-13T22:06:44.617995+00:00, run_after=2024-06-14T22:06:44.617995+00:00
[2024-06-14T22:06:44.631+0000] {processor.py:175} INFO - Processing /home/airflow/.local/lib/python3.7/site-packages/airflow/example_dags/example_short_circuit_operator.py took 0.072 seconds
[2024-06-14T22:07:15.002+0000] {processor.py:153} INFO - Started process (PID=1694) to work on /home/airflow/.local/lib/python3.7/site-packages/airflow/example_dags/example_short_circuit_operator.py
[2024-06-14T22:07:15.003+0000] {processor.py:743} INFO - Processing file /home/airflow/.local/lib/python3.7/site-packages/airflow/example_dags/example_short_circuit_operator.py for tasks to queue
[2024-06-14T22:07:15.004+0000] {logging_mixin.py:137} INFO - [2024-06-14T22:07:15.004+0000] {dagbag.py:538} INFO - Filling up the DagBag from /home/airflow/.local/lib/python3.7/site-packages/airflow/example_dags/example_short_circuit_operator.py
[2024-06-14T22:07:15.018+0000] {processor.py:753} INFO - DAG(s) dict_keys(['example_short_circuit_operator']) retrieved from /home/airflow/.local/lib/python3.7/site-packages/airflow/example_dags/example_short_circuit_operator.py
[2024-06-14T22:07:15.041+0000] {logging_mixin.py:137} INFO - [2024-06-14T22:07:15.041+0000] {dag.py:2690} INFO - Sync 1 DAGs
[2024-06-14T22:07:15.059+0000] {logging_mixin.py:137} INFO - [2024-06-14T22:07:15.059+0000] {dag.py:3441} INFO - Setting next_dagrun for example_short_circuit_operator to 2024-06-13T22:07:15.059105+00:00, run_after=2024-06-14T22:07:15.059105+00:00
[2024-06-14T22:07:15.072+0000] {processor.py:175} INFO - Processing /home/airflow/.local/lib/python3.7/site-packages/airflow/example_dags/example_short_circuit_operator.py took 0.073 seconds
[2024-06-14T22:07:45.541+0000] {processor.py:153} INFO - Started process (PID=1744) to work on /home/airflow/.local/lib/python3.7/site-packages/airflow/example_dags/example_short_circuit_operator.py
[2024-06-14T22:07:45.542+0000] {processor.py:743} INFO - Processing file /home/airflow/.local/lib/python3.7/site-packages/airflow/example_dags/example_short_circuit_operator.py for tasks to queue
[2024-06-14T22:07:45.543+0000] {logging_mixin.py:137} INFO - [2024-06-14T22:07:45.543+0000] {dagbag.py:538} INFO - Filling up the DagBag from /home/airflow/.local/lib/python3.7/site-packages/airflow/example_dags/example_short_circuit_operator.py
[2024-06-14T22:07:45.556+0000] {processor.py:753} INFO - DAG(s) dict_keys(['example_short_circuit_operator']) retrieved from /home/airflow/.local/lib/python3.7/site-packages/airflow/example_dags/example_short_circuit_operator.py
[2024-06-14T22:07:45.579+0000] {logging_mixin.py:137} INFO - [2024-06-14T22:07:45.579+0000] {dag.py:2690} INFO - Sync 1 DAGs
[2024-06-14T22:07:45.597+0000] {logging_mixin.py:137} INFO - [2024-06-14T22:07:45.597+0000] {dag.py:3441} INFO - Setting next_dagrun for example_short_circuit_operator to 2024-06-13T22:07:45.597353+00:00, run_after=2024-06-14T22:07:45.597353+00:00
[2024-06-14T22:07:45.611+0000] {processor.py:175} INFO - Processing /home/airflow/.local/lib/python3.7/site-packages/airflow/example_dags/example_short_circuit_operator.py took 0.073 seconds
[2024-06-14T22:08:16.183+0000] {processor.py:153} INFO - Started process (PID=1794) to work on /home/airflow/.local/lib/python3.7/site-packages/airflow/example_dags/example_short_circuit_operator.py
[2024-06-14T22:08:16.185+0000] {processor.py:743} INFO - Processing file /home/airflow/.local/lib/python3.7/site-packages/airflow/example_dags/example_short_circuit_operator.py for tasks to queue
[2024-06-14T22:08:16.186+0000] {logging_mixin.py:137} INFO - [2024-06-14T22:08:16.185+0000] {dagbag.py:538} INFO - Filling up the DagBag from /home/airflow/.local/lib/python3.7/site-packages/airflow/example_dags/example_short_circuit_operator.py
[2024-06-14T22:08:16.199+0000] {processor.py:753} INFO - DAG(s) dict_keys(['example_short_circuit_operator']) retrieved from /home/airflow/.local/lib/python3.7/site-packages/airflow/example_dags/example_short_circuit_operator.py
[2024-06-14T22:08:16.221+0000] {logging_mixin.py:137} INFO - [2024-06-14T22:08:16.221+0000] {dag.py:2690} INFO - Sync 1 DAGs
[2024-06-14T22:08:16.239+0000] {logging_mixin.py:137} INFO - [2024-06-14T22:08:16.239+0000] {dag.py:3441} INFO - Setting next_dagrun for example_short_circuit_operator to 2024-06-13T22:08:16.238825+00:00, run_after=2024-06-14T22:08:16.238825+00:00
[2024-06-14T22:08:16.252+0000] {processor.py:175} INFO - Processing /home/airflow/.local/lib/python3.7/site-packages/airflow/example_dags/example_short_circuit_operator.py took 0.071 seconds
[2024-06-14T22:08:46.905+0000] {processor.py:153} INFO - Started process (PID=1844) to work on /home/airflow/.local/lib/python3.7/site-packages/airflow/example_dags/example_short_circuit_operator.py
[2024-06-14T22:08:46.906+0000] {processor.py:743} INFO - Processing file /home/airflow/.local/lib/python3.7/site-packages/airflow/example_dags/example_short_circuit_operator.py for tasks to queue
[2024-06-14T22:08:46.907+0000] {logging_mixin.py:137} INFO - [2024-06-14T22:08:46.907+0000] {dagbag.py:538} INFO - Filling up the DagBag from /home/airflow/.local/lib/python3.7/site-packages/airflow/example_dags/example_short_circuit_operator.py
[2024-06-14T22:08:46.919+0000] {processor.py:753} INFO - DAG(s) dict_keys(['example_short_circuit_operator']) retrieved from /home/airflow/.local/lib/python3.7/site-packages/airflow/example_dags/example_short_circuit_operator.py
[2024-06-14T22:08:46.941+0000] {logging_mixin.py:137} INFO - [2024-06-14T22:08:46.941+0000] {dag.py:2690} INFO - Sync 1 DAGs
[2024-06-14T22:08:46.959+0000] {logging_mixin.py:137} INFO - [2024-06-14T22:08:46.959+0000] {dag.py:3441} INFO - Setting next_dagrun for example_short_circuit_operator to 2024-06-13T22:08:46.958915+00:00, run_after=2024-06-14T22:08:46.958915+00:00
[2024-06-14T22:08:46.972+0000] {processor.py:175} INFO - Processing /home/airflow/.local/lib/python3.7/site-packages/airflow/example_dags/example_short_circuit_operator.py took 0.071 seconds
[2024-06-14T22:09:17.346+0000] {processor.py:153} INFO - Started process (PID=1894) to work on /home/airflow/.local/lib/python3.7/site-packages/airflow/example_dags/example_short_circuit_operator.py
[2024-06-14T22:09:17.348+0000] {processor.py:743} INFO - Processing file /home/airflow/.local/lib/python3.7/site-packages/airflow/example_dags/example_short_circuit_operator.py for tasks to queue
[2024-06-14T22:09:17.349+0000] {logging_mixin.py:137} INFO - [2024-06-14T22:09:17.349+0000] {dagbag.py:538} INFO - Filling up the DagBag from /home/airflow/.local/lib/python3.7/site-packages/airflow/example_dags/example_short_circuit_operator.py
[2024-06-14T22:09:17.362+0000] {processor.py:753} INFO - DAG(s) dict_keys(['example_short_circuit_operator']) retrieved from /home/airflow/.local/lib/python3.7/site-packages/airflow/example_dags/example_short_circuit_operator.py
[2024-06-14T22:09:17.386+0000] {logging_mixin.py:137} INFO - [2024-06-14T22:09:17.386+0000] {dag.py:2690} INFO - Sync 1 DAGs
[2024-06-14T22:09:17.403+0000] {logging_mixin.py:137} INFO - [2024-06-14T22:09:17.402+0000] {dag.py:3441} INFO - Setting next_dagrun for example_short_circuit_operator to 2024-06-13T22:09:17.402711+00:00, run_after=2024-06-14T22:09:17.402711+00:00
[2024-06-14T22:09:17.418+0000] {processor.py:175} INFO - Processing /home/airflow/.local/lib/python3.7/site-packages/airflow/example_dags/example_short_circuit_operator.py took 0.075 seconds
[2024-06-14T22:09:47.929+0000] {processor.py:153} INFO - Started process (PID=1944) to work on /home/airflow/.local/lib/python3.7/site-packages/airflow/example_dags/example_short_circuit_operator.py
[2024-06-14T22:09:47.931+0000] {processor.py:743} INFO - Processing file /home/airflow/.local/lib/python3.7/site-packages/airflow/example_dags/example_short_circuit_operator.py for tasks to queue
[2024-06-14T22:09:47.932+0000] {logging_mixin.py:137} INFO - [2024-06-14T22:09:47.932+0000] {dagbag.py:538} INFO - Filling up the DagBag from /home/airflow/.local/lib/python3.7/site-packages/airflow/example_dags/example_short_circuit_operator.py
[2024-06-14T22:09:47.945+0000] {processor.py:753} INFO - DAG(s) dict_keys(['example_short_circuit_operator']) retrieved from /home/airflow/.local/lib/python3.7/site-packages/airflow/example_dags/example_short_circuit_operator.py
[2024-06-14T22:09:47.966+0000] {logging_mixin.py:137} INFO - [2024-06-14T22:09:47.966+0000] {dag.py:2690} INFO - Sync 1 DAGs
[2024-06-14T22:09:47.983+0000] {logging_mixin.py:137} INFO - [2024-06-14T22:09:47.983+0000] {dag.py:3441} INFO - Setting next_dagrun for example_short_circuit_operator to 2024-06-13T22:09:47.983367+00:00, run_after=2024-06-14T22:09:47.983367+00:00
[2024-06-14T22:09:47.997+0000] {processor.py:175} INFO - Processing /home/airflow/.local/lib/python3.7/site-packages/airflow/example_dags/example_short_circuit_operator.py took 0.071 seconds
[2024-06-14T22:10:18.386+0000] {processor.py:153} INFO - Started process (PID=1994) to work on /home/airflow/.local/lib/python3.7/site-packages/airflow/example_dags/example_short_circuit_operator.py
[2024-06-14T22:10:18.387+0000] {processor.py:743} INFO - Processing file /home/airflow/.local/lib/python3.7/site-packages/airflow/example_dags/example_short_circuit_operator.py for tasks to queue
[2024-06-14T22:10:18.388+0000] {logging_mixin.py:137} INFO - [2024-06-14T22:10:18.388+0000] {dagbag.py:538} INFO - Filling up the DagBag from /home/airflow/.local/lib/python3.7/site-packages/airflow/example_dags/example_short_circuit_operator.py
[2024-06-14T22:10:18.401+0000] {processor.py:753} INFO - DAG(s) dict_keys(['example_short_circuit_operator']) retrieved from /home/airflow/.local/lib/python3.7/site-packages/airflow/example_dags/example_short_circuit_operator.py
[2024-06-14T22:10:18.423+0000] {logging_mixin.py:137} INFO - [2024-06-14T22:10:18.423+0000] {dag.py:2690} INFO - Sync 1 DAGs
[2024-06-14T22:10:18.440+0000] {logging_mixin.py:137} INFO - [2024-06-14T22:10:18.440+0000] {dag.py:3441} INFO - Setting next_dagrun for example_short_circuit_operator to 2024-06-13T22:10:18.440084+00:00, run_after=2024-06-14T22:10:18.440084+00:00
[2024-06-14T22:10:18.453+0000] {processor.py:175} INFO - Processing /home/airflow/.local/lib/python3.7/site-packages/airflow/example_dags/example_short_circuit_operator.py took 0.070 seconds
[2024-06-14T22:58:48.836+0000] {processor.py:153} INFO - Started process (PID=2044) to work on /home/airflow/.local/lib/python3.7/site-packages/airflow/example_dags/example_short_circuit_operator.py
[2024-06-14T22:58:48.838+0000] {processor.py:743} INFO - Processing file /home/airflow/.local/lib/python3.7/site-packages/airflow/example_dags/example_short_circuit_operator.py for tasks to queue
[2024-06-14T22:58:48.839+0000] {logging_mixin.py:137} INFO - [2024-06-14T22:58:48.839+0000] {dagbag.py:538} INFO - Filling up the DagBag from /home/airflow/.local/lib/python3.7/site-packages/airflow/example_dags/example_short_circuit_operator.py
[2024-06-14T22:58:48.852+0000] {processor.py:753} INFO - DAG(s) dict_keys(['example_short_circuit_operator']) retrieved from /home/airflow/.local/lib/python3.7/site-packages/airflow/example_dags/example_short_circuit_operator.py
[2024-06-14T22:58:48.874+0000] {logging_mixin.py:137} INFO - [2024-06-14T22:58:48.874+0000] {dag.py:2690} INFO - Sync 1 DAGs
[2024-06-14T22:58:48.891+0000] {logging_mixin.py:137} INFO - [2024-06-14T22:58:48.891+0000] {dag.py:3441} INFO - Setting next_dagrun for example_short_circuit_operator to 2024-06-13T22:58:48.890969+00:00, run_after=2024-06-14T22:58:48.890969+00:00
[2024-06-14T22:58:48.904+0000] {processor.py:175} INFO - Processing /home/airflow/.local/lib/python3.7/site-packages/airflow/example_dags/example_short_circuit_operator.py took 0.071 seconds
[2024-06-14T23:14:23.618+0000] {processor.py:153} INFO - Started process (PID=2099) to work on /home/airflow/.local/lib/python3.7/site-packages/airflow/example_dags/example_short_circuit_operator.py
[2024-06-14T23:14:23.649+0000] {processor.py:743} INFO - Processing file /home/airflow/.local/lib/python3.7/site-packages/airflow/example_dags/example_short_circuit_operator.py for tasks to queue
[2024-06-14T23:14:23.679+0000] {logging_mixin.py:137} INFO - [2024-06-14T23:14:23.672+0000] {dagbag.py:538} INFO - Filling up the DagBag from /home/airflow/.local/lib/python3.7/site-packages/airflow/example_dags/example_short_circuit_operator.py
[2024-06-14T23:14:23.830+0000] {processor.py:753} INFO - DAG(s) dict_keys(['example_short_circuit_operator']) retrieved from /home/airflow/.local/lib/python3.7/site-packages/airflow/example_dags/example_short_circuit_operator.py
[2024-06-14T23:14:23.995+0000] {logging_mixin.py:137} INFO - [2024-06-14T23:14:23.995+0000] {dag.py:2690} INFO - Sync 1 DAGs
[2024-06-14T23:14:24.174+0000] {logging_mixin.py:137} INFO - [2024-06-14T23:14:24.174+0000] {dag.py:3441} INFO - Setting next_dagrun for example_short_circuit_operator to 2024-06-13T23:14:24.173292+00:00, run_after=2024-06-14T23:14:24.173292+00:00
[2024-06-14T23:14:24.278+0000] {processor.py:175} INFO - Processing /home/airflow/.local/lib/python3.7/site-packages/airflow/example_dags/example_short_circuit_operator.py took 0.671 seconds
