[2024-06-14T21:50:27.147+0000] {processor.py:153} INFO - Started process (PID=57) to work on /home/airflow/.local/lib/python3.7/site-packages/airflow/example_dags/example_bash_operator.py
[2024-06-14T21:50:27.154+0000] {processor.py:743} INFO - Processing file /home/airflow/.local/lib/python3.7/site-packages/airflow/example_dags/example_bash_operator.py for tasks to queue
[2024-06-14T21:50:27.156+0000] {logging_mixin.py:137} INFO - [2024-06-14T21:50:27.156+0000] {dagbag.py:538} INFO - Filling up the DagBag from /home/airflow/.local/lib/python3.7/site-packages/airflow/example_dags/example_bash_operator.py
[2024-06-14T21:50:27.207+0000] {processor.py:753} INFO - DAG(s) dict_keys(['example_bash_operator']) retrieved from /home/airflow/.local/lib/python3.7/site-packages/airflow/example_dags/example_bash_operator.py
[2024-06-14T21:50:27.242+0000] {logging_mixin.py:137} INFO - [2024-06-14T21:50:27.242+0000] {dag.py:2690} INFO - Sync 1 DAGs
[2024-06-14T21:50:27.264+0000] {logging_mixin.py:137} INFO - [2024-06-14T21:50:27.264+0000] {dag.py:3441} INFO - Setting next_dagrun for example_bash_operator to 2024-06-13T00:00:00+00:00, run_after=2024-06-14T00:00:00+00:00
[2024-06-14T21:50:27.280+0000] {processor.py:175} INFO - Processing /home/airflow/.local/lib/python3.7/site-packages/airflow/example_dags/example_bash_operator.py took 0.138 seconds
[2024-06-14T21:50:57.386+0000] {processor.py:153} INFO - Started process (PID=107) to work on /home/airflow/.local/lib/python3.7/site-packages/airflow/example_dags/example_bash_operator.py
[2024-06-14T21:50:57.387+0000] {processor.py:743} INFO - Processing file /home/airflow/.local/lib/python3.7/site-packages/airflow/example_dags/example_bash_operator.py for tasks to queue
[2024-06-14T21:50:57.388+0000] {logging_mixin.py:137} INFO - [2024-06-14T21:50:57.388+0000] {dagbag.py:538} INFO - Filling up the DagBag from /home/airflow/.local/lib/python3.7/site-packages/airflow/example_dags/example_bash_operator.py
[2024-06-14T21:50:57.405+0000] {processor.py:753} INFO - DAG(s) dict_keys(['example_bash_operator']) retrieved from /home/airflow/.local/lib/python3.7/site-packages/airflow/example_dags/example_bash_operator.py
[2024-06-14T21:50:57.432+0000] {logging_mixin.py:137} INFO - [2024-06-14T21:50:57.432+0000] {dag.py:2690} INFO - Sync 1 DAGs
[2024-06-14T21:50:57.449+0000] {logging_mixin.py:137} INFO - [2024-06-14T21:50:57.449+0000] {dag.py:3441} INFO - Setting next_dagrun for example_bash_operator to 2024-06-13T00:00:00+00:00, run_after=2024-06-14T00:00:00+00:00
[2024-06-14T21:50:57.463+0000] {processor.py:175} INFO - Processing /home/airflow/.local/lib/python3.7/site-packages/airflow/example_dags/example_bash_operator.py took 0.081 seconds
[2024-06-14T21:51:27.800+0000] {processor.py:153} INFO - Started process (PID=157) to work on /home/airflow/.local/lib/python3.7/site-packages/airflow/example_dags/example_bash_operator.py
[2024-06-14T21:51:27.802+0000] {processor.py:743} INFO - Processing file /home/airflow/.local/lib/python3.7/site-packages/airflow/example_dags/example_bash_operator.py for tasks to queue
[2024-06-14T21:51:27.803+0000] {logging_mixin.py:137} INFO - [2024-06-14T21:51:27.803+0000] {dagbag.py:538} INFO - Filling up the DagBag from /home/airflow/.local/lib/python3.7/site-packages/airflow/example_dags/example_bash_operator.py
[2024-06-14T21:51:27.820+0000] {processor.py:753} INFO - DAG(s) dict_keys(['example_bash_operator']) retrieved from /home/airflow/.local/lib/python3.7/site-packages/airflow/example_dags/example_bash_operator.py
[2024-06-14T21:51:27.848+0000] {logging_mixin.py:137} INFO - [2024-06-14T21:51:27.848+0000] {dag.py:2690} INFO - Sync 1 DAGs
[2024-06-14T21:51:27.867+0000] {logging_mixin.py:137} INFO - [2024-06-14T21:51:27.867+0000] {dag.py:3441} INFO - Setting next_dagrun for example_bash_operator to 2024-06-13T00:00:00+00:00, run_after=2024-06-14T00:00:00+00:00
[2024-06-14T21:51:27.882+0000] {processor.py:175} INFO - Processing /home/airflow/.local/lib/python3.7/site-packages/airflow/example_dags/example_bash_operator.py took 0.085 seconds
[2024-06-14T21:51:58.034+0000] {processor.py:153} INFO - Started process (PID=207) to work on /home/airflow/.local/lib/python3.7/site-packages/airflow/example_dags/example_bash_operator.py
[2024-06-14T21:51:58.035+0000] {processor.py:743} INFO - Processing file /home/airflow/.local/lib/python3.7/site-packages/airflow/example_dags/example_bash_operator.py for tasks to queue
[2024-06-14T21:51:58.036+0000] {logging_mixin.py:137} INFO - [2024-06-14T21:51:58.036+0000] {dagbag.py:538} INFO - Filling up the DagBag from /home/airflow/.local/lib/python3.7/site-packages/airflow/example_dags/example_bash_operator.py
[2024-06-14T21:51:58.053+0000] {processor.py:753} INFO - DAG(s) dict_keys(['example_bash_operator']) retrieved from /home/airflow/.local/lib/python3.7/site-packages/airflow/example_dags/example_bash_operator.py
[2024-06-14T21:51:58.079+0000] {logging_mixin.py:137} INFO - [2024-06-14T21:51:58.078+0000] {dag.py:2690} INFO - Sync 1 DAGs
[2024-06-14T21:51:58.095+0000] {logging_mixin.py:137} INFO - [2024-06-14T21:51:58.095+0000] {dag.py:3441} INFO - Setting next_dagrun for example_bash_operator to 2024-06-13T00:00:00+00:00, run_after=2024-06-14T00:00:00+00:00
[2024-06-14T21:51:58.107+0000] {processor.py:175} INFO - Processing /home/airflow/.local/lib/python3.7/site-packages/airflow/example_dags/example_bash_operator.py took 0.076 seconds
[2024-06-14T21:52:28.661+0000] {processor.py:153} INFO - Started process (PID=257) to work on /home/airflow/.local/lib/python3.7/site-packages/airflow/example_dags/example_bash_operator.py
[2024-06-14T21:52:28.662+0000] {processor.py:743} INFO - Processing file /home/airflow/.local/lib/python3.7/site-packages/airflow/example_dags/example_bash_operator.py for tasks to queue
[2024-06-14T21:52:28.663+0000] {logging_mixin.py:137} INFO - [2024-06-14T21:52:28.663+0000] {dagbag.py:538} INFO - Filling up the DagBag from /home/airflow/.local/lib/python3.7/site-packages/airflow/example_dags/example_bash_operator.py
[2024-06-14T21:52:28.680+0000] {processor.py:753} INFO - DAG(s) dict_keys(['example_bash_operator']) retrieved from /home/airflow/.local/lib/python3.7/site-packages/airflow/example_dags/example_bash_operator.py
[2024-06-14T21:52:28.707+0000] {logging_mixin.py:137} INFO - [2024-06-14T21:52:28.707+0000] {dag.py:2690} INFO - Sync 1 DAGs
[2024-06-14T21:52:28.725+0000] {logging_mixin.py:137} INFO - [2024-06-14T21:52:28.725+0000] {dag.py:3441} INFO - Setting next_dagrun for example_bash_operator to 2024-06-13T00:00:00+00:00, run_after=2024-06-14T00:00:00+00:00
[2024-06-14T21:52:28.737+0000] {processor.py:175} INFO - Processing /home/airflow/.local/lib/python3.7/site-packages/airflow/example_dags/example_bash_operator.py took 0.079 seconds
[2024-06-14T21:52:59.235+0000] {processor.py:153} INFO - Started process (PID=306) to work on /home/airflow/.local/lib/python3.7/site-packages/airflow/example_dags/example_bash_operator.py
[2024-06-14T21:52:59.236+0000] {processor.py:743} INFO - Processing file /home/airflow/.local/lib/python3.7/site-packages/airflow/example_dags/example_bash_operator.py for tasks to queue
[2024-06-14T21:52:59.237+0000] {logging_mixin.py:137} INFO - [2024-06-14T21:52:59.237+0000] {dagbag.py:538} INFO - Filling up the DagBag from /home/airflow/.local/lib/python3.7/site-packages/airflow/example_dags/example_bash_operator.py
[2024-06-14T21:52:59.254+0000] {processor.py:753} INFO - DAG(s) dict_keys(['example_bash_operator']) retrieved from /home/airflow/.local/lib/python3.7/site-packages/airflow/example_dags/example_bash_operator.py
[2024-06-14T21:52:59.281+0000] {logging_mixin.py:137} INFO - [2024-06-14T21:52:59.281+0000] {dag.py:2690} INFO - Sync 1 DAGs
[2024-06-14T21:52:59.297+0000] {logging_mixin.py:137} INFO - [2024-06-14T21:52:59.297+0000] {dag.py:3441} INFO - Setting next_dagrun for example_bash_operator to 2024-06-13T00:00:00+00:00, run_after=2024-06-14T00:00:00+00:00
[2024-06-14T21:52:59.309+0000] {processor.py:175} INFO - Processing /home/airflow/.local/lib/python3.7/site-packages/airflow/example_dags/example_bash_operator.py took 0.077 seconds
[2024-06-14T21:53:29.913+0000] {processor.py:153} INFO - Started process (PID=356) to work on /home/airflow/.local/lib/python3.7/site-packages/airflow/example_dags/example_bash_operator.py
[2024-06-14T21:53:29.915+0000] {processor.py:743} INFO - Processing file /home/airflow/.local/lib/python3.7/site-packages/airflow/example_dags/example_bash_operator.py for tasks to queue
[2024-06-14T21:53:29.916+0000] {logging_mixin.py:137} INFO - [2024-06-14T21:53:29.916+0000] {dagbag.py:538} INFO - Filling up the DagBag from /home/airflow/.local/lib/python3.7/site-packages/airflow/example_dags/example_bash_operator.py
[2024-06-14T21:53:29.933+0000] {processor.py:753} INFO - DAG(s) dict_keys(['example_bash_operator']) retrieved from /home/airflow/.local/lib/python3.7/site-packages/airflow/example_dags/example_bash_operator.py
[2024-06-14T21:53:29.959+0000] {logging_mixin.py:137} INFO - [2024-06-14T21:53:29.959+0000] {dag.py:2690} INFO - Sync 1 DAGs
[2024-06-14T21:53:29.977+0000] {logging_mixin.py:137} INFO - [2024-06-14T21:53:29.977+0000] {dag.py:3441} INFO - Setting next_dagrun for example_bash_operator to 2024-06-13T00:00:00+00:00, run_after=2024-06-14T00:00:00+00:00
[2024-06-14T21:53:29.990+0000] {processor.py:175} INFO - Processing /home/airflow/.local/lib/python3.7/site-packages/airflow/example_dags/example_bash_operator.py took 0.080 seconds
[2024-06-14T21:54:00.479+0000] {processor.py:153} INFO - Started process (PID=406) to work on /home/airflow/.local/lib/python3.7/site-packages/airflow/example_dags/example_bash_operator.py
[2024-06-14T21:54:00.480+0000] {processor.py:743} INFO - Processing file /home/airflow/.local/lib/python3.7/site-packages/airflow/example_dags/example_bash_operator.py for tasks to queue
[2024-06-14T21:54:00.481+0000] {logging_mixin.py:137} INFO - [2024-06-14T21:54:00.481+0000] {dagbag.py:538} INFO - Filling up the DagBag from /home/airflow/.local/lib/python3.7/site-packages/airflow/example_dags/example_bash_operator.py
[2024-06-14T21:54:00.498+0000] {processor.py:753} INFO - DAG(s) dict_keys(['example_bash_operator']) retrieved from /home/airflow/.local/lib/python3.7/site-packages/airflow/example_dags/example_bash_operator.py
[2024-06-14T21:54:00.534+0000] {logging_mixin.py:137} INFO - [2024-06-14T21:54:00.534+0000] {dag.py:2690} INFO - Sync 1 DAGs
[2024-06-14T21:54:00.552+0000] {logging_mixin.py:137} INFO - [2024-06-14T21:54:00.552+0000] {dag.py:3441} INFO - Setting next_dagrun for example_bash_operator to 2024-06-13T00:00:00+00:00, run_after=2024-06-14T00:00:00+00:00
[2024-06-14T21:54:00.566+0000] {processor.py:175} INFO - Processing /home/airflow/.local/lib/python3.7/site-packages/airflow/example_dags/example_bash_operator.py took 0.090 seconds
[2024-06-14T21:54:31.280+0000] {processor.py:153} INFO - Started process (PID=456) to work on /home/airflow/.local/lib/python3.7/site-packages/airflow/example_dags/example_bash_operator.py
[2024-06-14T21:54:31.281+0000] {processor.py:743} INFO - Processing file /home/airflow/.local/lib/python3.7/site-packages/airflow/example_dags/example_bash_operator.py for tasks to queue
[2024-06-14T21:54:31.282+0000] {logging_mixin.py:137} INFO - [2024-06-14T21:54:31.282+0000] {dagbag.py:538} INFO - Filling up the DagBag from /home/airflow/.local/lib/python3.7/site-packages/airflow/example_dags/example_bash_operator.py
[2024-06-14T21:54:31.300+0000] {processor.py:753} INFO - DAG(s) dict_keys(['example_bash_operator']) retrieved from /home/airflow/.local/lib/python3.7/site-packages/airflow/example_dags/example_bash_operator.py
[2024-06-14T21:54:31.329+0000] {logging_mixin.py:137} INFO - [2024-06-14T21:54:31.328+0000] {dag.py:2690} INFO - Sync 1 DAGs
[2024-06-14T21:54:31.347+0000] {logging_mixin.py:137} INFO - [2024-06-14T21:54:31.347+0000] {dag.py:3441} INFO - Setting next_dagrun for example_bash_operator to 2024-06-13T00:00:00+00:00, run_after=2024-06-14T00:00:00+00:00
[2024-06-14T21:54:31.361+0000] {processor.py:175} INFO - Processing /home/airflow/.local/lib/python3.7/site-packages/airflow/example_dags/example_bash_operator.py took 0.084 seconds
[2024-06-14T21:55:01.838+0000] {processor.py:153} INFO - Started process (PID=506) to work on /home/airflow/.local/lib/python3.7/site-packages/airflow/example_dags/example_bash_operator.py
[2024-06-14T21:55:01.840+0000] {processor.py:743} INFO - Processing file /home/airflow/.local/lib/python3.7/site-packages/airflow/example_dags/example_bash_operator.py for tasks to queue
[2024-06-14T21:55:01.841+0000] {logging_mixin.py:137} INFO - [2024-06-14T21:55:01.841+0000] {dagbag.py:538} INFO - Filling up the DagBag from /home/airflow/.local/lib/python3.7/site-packages/airflow/example_dags/example_bash_operator.py
[2024-06-14T21:55:01.858+0000] {processor.py:753} INFO - DAG(s) dict_keys(['example_bash_operator']) retrieved from /home/airflow/.local/lib/python3.7/site-packages/airflow/example_dags/example_bash_operator.py
[2024-06-14T21:55:01.889+0000] {logging_mixin.py:137} INFO - [2024-06-14T21:55:01.889+0000] {dag.py:2690} INFO - Sync 1 DAGs
[2024-06-14T21:55:01.907+0000] {logging_mixin.py:137} INFO - [2024-06-14T21:55:01.907+0000] {dag.py:3441} INFO - Setting next_dagrun for example_bash_operator to 2024-06-13T00:00:00+00:00, run_after=2024-06-14T00:00:00+00:00
[2024-06-14T21:55:01.920+0000] {processor.py:175} INFO - Processing /home/airflow/.local/lib/python3.7/site-packages/airflow/example_dags/example_bash_operator.py took 0.085 seconds
[2024-06-14T21:55:32.474+0000] {processor.py:153} INFO - Started process (PID=556) to work on /home/airflow/.local/lib/python3.7/site-packages/airflow/example_dags/example_bash_operator.py
[2024-06-14T21:55:32.476+0000] {processor.py:743} INFO - Processing file /home/airflow/.local/lib/python3.7/site-packages/airflow/example_dags/example_bash_operator.py for tasks to queue
[2024-06-14T21:55:32.477+0000] {logging_mixin.py:137} INFO - [2024-06-14T21:55:32.477+0000] {dagbag.py:538} INFO - Filling up the DagBag from /home/airflow/.local/lib/python3.7/site-packages/airflow/example_dags/example_bash_operator.py
[2024-06-14T21:55:32.495+0000] {processor.py:753} INFO - DAG(s) dict_keys(['example_bash_operator']) retrieved from /home/airflow/.local/lib/python3.7/site-packages/airflow/example_dags/example_bash_operator.py
[2024-06-14T21:55:32.523+0000] {logging_mixin.py:137} INFO - [2024-06-14T21:55:32.523+0000] {dag.py:2690} INFO - Sync 1 DAGs
[2024-06-14T21:55:32.541+0000] {logging_mixin.py:137} INFO - [2024-06-14T21:55:32.541+0000] {dag.py:3441} INFO - Setting next_dagrun for example_bash_operator to 2024-06-13T00:00:00+00:00, run_after=2024-06-14T00:00:00+00:00
[2024-06-14T21:55:32.558+0000] {processor.py:175} INFO - Processing /home/airflow/.local/lib/python3.7/site-packages/airflow/example_dags/example_bash_operator.py took 0.086 seconds
[2024-06-14T21:56:03.295+0000] {processor.py:153} INFO - Started process (PID=606) to work on /home/airflow/.local/lib/python3.7/site-packages/airflow/example_dags/example_bash_operator.py
[2024-06-14T21:56:03.296+0000] {processor.py:743} INFO - Processing file /home/airflow/.local/lib/python3.7/site-packages/airflow/example_dags/example_bash_operator.py for tasks to queue
[2024-06-14T21:56:03.297+0000] {logging_mixin.py:137} INFO - [2024-06-14T21:56:03.297+0000] {dagbag.py:538} INFO - Filling up the DagBag from /home/airflow/.local/lib/python3.7/site-packages/airflow/example_dags/example_bash_operator.py
[2024-06-14T21:56:03.314+0000] {processor.py:753} INFO - DAG(s) dict_keys(['example_bash_operator']) retrieved from /home/airflow/.local/lib/python3.7/site-packages/airflow/example_dags/example_bash_operator.py
[2024-06-14T21:56:03.340+0000] {logging_mixin.py:137} INFO - [2024-06-14T21:56:03.340+0000] {dag.py:2690} INFO - Sync 1 DAGs
[2024-06-14T21:56:03.359+0000] {logging_mixin.py:137} INFO - [2024-06-14T21:56:03.358+0000] {dag.py:3441} INFO - Setting next_dagrun for example_bash_operator to 2024-06-13T00:00:00+00:00, run_after=2024-06-14T00:00:00+00:00
[2024-06-14T21:56:03.373+0000] {processor.py:175} INFO - Processing /home/airflow/.local/lib/python3.7/site-packages/airflow/example_dags/example_bash_operator.py took 0.081 seconds
[2024-06-14T21:56:34.044+0000] {processor.py:153} INFO - Started process (PID=656) to work on /home/airflow/.local/lib/python3.7/site-packages/airflow/example_dags/example_bash_operator.py
[2024-06-14T21:56:34.048+0000] {processor.py:743} INFO - Processing file /home/airflow/.local/lib/python3.7/site-packages/airflow/example_dags/example_bash_operator.py for tasks to queue
[2024-06-14T21:56:34.049+0000] {logging_mixin.py:137} INFO - [2024-06-14T21:56:34.048+0000] {dagbag.py:538} INFO - Filling up the DagBag from /home/airflow/.local/lib/python3.7/site-packages/airflow/example_dags/example_bash_operator.py
[2024-06-14T21:56:34.064+0000] {processor.py:753} INFO - DAG(s) dict_keys(['example_bash_operator']) retrieved from /home/airflow/.local/lib/python3.7/site-packages/airflow/example_dags/example_bash_operator.py
[2024-06-14T21:56:34.091+0000] {logging_mixin.py:137} INFO - [2024-06-14T21:56:34.091+0000] {dag.py:2690} INFO - Sync 1 DAGs
[2024-06-14T21:56:34.109+0000] {logging_mixin.py:137} INFO - [2024-06-14T21:56:34.108+0000] {dag.py:3441} INFO - Setting next_dagrun for example_bash_operator to 2024-06-13T00:00:00+00:00, run_after=2024-06-14T00:00:00+00:00
[2024-06-14T21:56:34.122+0000] {processor.py:175} INFO - Processing /home/airflow/.local/lib/python3.7/site-packages/airflow/example_dags/example_bash_operator.py took 0.081 seconds
[2024-06-14T21:57:04.704+0000] {processor.py:153} INFO - Started process (PID=706) to work on /home/airflow/.local/lib/python3.7/site-packages/airflow/example_dags/example_bash_operator.py
[2024-06-14T21:57:04.705+0000] {processor.py:743} INFO - Processing file /home/airflow/.local/lib/python3.7/site-packages/airflow/example_dags/example_bash_operator.py for tasks to queue
[2024-06-14T21:57:04.706+0000] {logging_mixin.py:137} INFO - [2024-06-14T21:57:04.706+0000] {dagbag.py:538} INFO - Filling up the DagBag from /home/airflow/.local/lib/python3.7/site-packages/airflow/example_dags/example_bash_operator.py
[2024-06-14T21:57:04.723+0000] {processor.py:753} INFO - DAG(s) dict_keys(['example_bash_operator']) retrieved from /home/airflow/.local/lib/python3.7/site-packages/airflow/example_dags/example_bash_operator.py
[2024-06-14T21:57:04.750+0000] {logging_mixin.py:137} INFO - [2024-06-14T21:57:04.750+0000] {dag.py:2690} INFO - Sync 1 DAGs
[2024-06-14T21:57:04.768+0000] {logging_mixin.py:137} INFO - [2024-06-14T21:57:04.768+0000] {dag.py:3441} INFO - Setting next_dagrun for example_bash_operator to 2024-06-13T00:00:00+00:00, run_after=2024-06-14T00:00:00+00:00
[2024-06-14T21:57:04.779+0000] {processor.py:175} INFO - Processing /home/airflow/.local/lib/python3.7/site-packages/airflow/example_dags/example_bash_operator.py took 0.078 seconds
[2024-06-14T21:57:35.084+0000] {processor.py:153} INFO - Started process (PID=756) to work on /home/airflow/.local/lib/python3.7/site-packages/airflow/example_dags/example_bash_operator.py
[2024-06-14T21:57:35.086+0000] {processor.py:743} INFO - Processing file /home/airflow/.local/lib/python3.7/site-packages/airflow/example_dags/example_bash_operator.py for tasks to queue
[2024-06-14T21:57:35.086+0000] {logging_mixin.py:137} INFO - [2024-06-14T21:57:35.086+0000] {dagbag.py:538} INFO - Filling up the DagBag from /home/airflow/.local/lib/python3.7/site-packages/airflow/example_dags/example_bash_operator.py
[2024-06-14T21:57:35.104+0000] {processor.py:753} INFO - DAG(s) dict_keys(['example_bash_operator']) retrieved from /home/airflow/.local/lib/python3.7/site-packages/airflow/example_dags/example_bash_operator.py
[2024-06-14T21:57:35.134+0000] {logging_mixin.py:137} INFO - [2024-06-14T21:57:35.133+0000] {dag.py:2690} INFO - Sync 1 DAGs
[2024-06-14T21:57:35.151+0000] {logging_mixin.py:137} INFO - [2024-06-14T21:57:35.151+0000] {dag.py:3441} INFO - Setting next_dagrun for example_bash_operator to 2024-06-13T00:00:00+00:00, run_after=2024-06-14T00:00:00+00:00
[2024-06-14T21:57:35.163+0000] {processor.py:175} INFO - Processing /home/airflow/.local/lib/python3.7/site-packages/airflow/example_dags/example_bash_operator.py took 0.082 seconds
[2024-06-14T21:58:05.663+0000] {processor.py:153} INFO - Started process (PID=806) to work on /home/airflow/.local/lib/python3.7/site-packages/airflow/example_dags/example_bash_operator.py
[2024-06-14T21:58:05.664+0000] {processor.py:743} INFO - Processing file /home/airflow/.local/lib/python3.7/site-packages/airflow/example_dags/example_bash_operator.py for tasks to queue
[2024-06-14T21:58:05.665+0000] {logging_mixin.py:137} INFO - [2024-06-14T21:58:05.665+0000] {dagbag.py:538} INFO - Filling up the DagBag from /home/airflow/.local/lib/python3.7/site-packages/airflow/example_dags/example_bash_operator.py
[2024-06-14T21:58:05.682+0000] {processor.py:753} INFO - DAG(s) dict_keys(['example_bash_operator']) retrieved from /home/airflow/.local/lib/python3.7/site-packages/airflow/example_dags/example_bash_operator.py
[2024-06-14T21:58:05.710+0000] {logging_mixin.py:137} INFO - [2024-06-14T21:58:05.710+0000] {dag.py:2690} INFO - Sync 1 DAGs
[2024-06-14T21:58:05.727+0000] {logging_mixin.py:137} INFO - [2024-06-14T21:58:05.727+0000] {dag.py:3441} INFO - Setting next_dagrun for example_bash_operator to 2024-06-13T00:00:00+00:00, run_after=2024-06-14T00:00:00+00:00
[2024-06-14T21:58:05.739+0000] {processor.py:175} INFO - Processing /home/airflow/.local/lib/python3.7/site-packages/airflow/example_dags/example_bash_operator.py took 0.079 seconds
[2024-06-14T21:58:36.340+0000] {processor.py:153} INFO - Started process (PID=856) to work on /home/airflow/.local/lib/python3.7/site-packages/airflow/example_dags/example_bash_operator.py
[2024-06-14T21:58:36.341+0000] {processor.py:743} INFO - Processing file /home/airflow/.local/lib/python3.7/site-packages/airflow/example_dags/example_bash_operator.py for tasks to queue
[2024-06-14T21:58:36.342+0000] {logging_mixin.py:137} INFO - [2024-06-14T21:58:36.341+0000] {dagbag.py:538} INFO - Filling up the DagBag from /home/airflow/.local/lib/python3.7/site-packages/airflow/example_dags/example_bash_operator.py
[2024-06-14T21:58:36.360+0000] {processor.py:753} INFO - DAG(s) dict_keys(['example_bash_operator']) retrieved from /home/airflow/.local/lib/python3.7/site-packages/airflow/example_dags/example_bash_operator.py
[2024-06-14T21:58:36.387+0000] {logging_mixin.py:137} INFO - [2024-06-14T21:58:36.387+0000] {dag.py:2690} INFO - Sync 1 DAGs
[2024-06-14T21:58:36.404+0000] {logging_mixin.py:137} INFO - [2024-06-14T21:58:36.404+0000] {dag.py:3441} INFO - Setting next_dagrun for example_bash_operator to 2024-06-13T00:00:00+00:00, run_after=2024-06-14T00:00:00+00:00
[2024-06-14T21:58:36.416+0000] {processor.py:175} INFO - Processing /home/airflow/.local/lib/python3.7/site-packages/airflow/example_dags/example_bash_operator.py took 0.080 seconds
[2024-06-14T21:59:06.888+0000] {processor.py:153} INFO - Started process (PID=906) to work on /home/airflow/.local/lib/python3.7/site-packages/airflow/example_dags/example_bash_operator.py
[2024-06-14T21:59:06.889+0000] {processor.py:743} INFO - Processing file /home/airflow/.local/lib/python3.7/site-packages/airflow/example_dags/example_bash_operator.py for tasks to queue
[2024-06-14T21:59:06.890+0000] {logging_mixin.py:137} INFO - [2024-06-14T21:59:06.890+0000] {dagbag.py:538} INFO - Filling up the DagBag from /home/airflow/.local/lib/python3.7/site-packages/airflow/example_dags/example_bash_operator.py
[2024-06-14T21:59:06.907+0000] {processor.py:753} INFO - DAG(s) dict_keys(['example_bash_operator']) retrieved from /home/airflow/.local/lib/python3.7/site-packages/airflow/example_dags/example_bash_operator.py
[2024-06-14T21:59:06.932+0000] {logging_mixin.py:137} INFO - [2024-06-14T21:59:06.932+0000] {dag.py:2690} INFO - Sync 1 DAGs
[2024-06-14T21:59:06.949+0000] {logging_mixin.py:137} INFO - [2024-06-14T21:59:06.949+0000] {dag.py:3441} INFO - Setting next_dagrun for example_bash_operator to 2024-06-13T00:00:00+00:00, run_after=2024-06-14T00:00:00+00:00
[2024-06-14T21:59:06.962+0000] {processor.py:175} INFO - Processing /home/airflow/.local/lib/python3.7/site-packages/airflow/example_dags/example_bash_operator.py took 0.077 seconds
[2024-06-14T21:59:37.334+0000] {processor.py:153} INFO - Started process (PID=956) to work on /home/airflow/.local/lib/python3.7/site-packages/airflow/example_dags/example_bash_operator.py
[2024-06-14T21:59:37.335+0000] {processor.py:743} INFO - Processing file /home/airflow/.local/lib/python3.7/site-packages/airflow/example_dags/example_bash_operator.py for tasks to queue
[2024-06-14T21:59:37.336+0000] {logging_mixin.py:137} INFO - [2024-06-14T21:59:37.336+0000] {dagbag.py:538} INFO - Filling up the DagBag from /home/airflow/.local/lib/python3.7/site-packages/airflow/example_dags/example_bash_operator.py
[2024-06-14T21:59:37.353+0000] {processor.py:753} INFO - DAG(s) dict_keys(['example_bash_operator']) retrieved from /home/airflow/.local/lib/python3.7/site-packages/airflow/example_dags/example_bash_operator.py
[2024-06-14T21:59:37.379+0000] {logging_mixin.py:137} INFO - [2024-06-14T21:59:37.379+0000] {dag.py:2690} INFO - Sync 1 DAGs
[2024-06-14T21:59:37.397+0000] {logging_mixin.py:137} INFO - [2024-06-14T21:59:37.396+0000] {dag.py:3441} INFO - Setting next_dagrun for example_bash_operator to 2024-06-13T00:00:00+00:00, run_after=2024-06-14T00:00:00+00:00
[2024-06-14T21:59:37.409+0000] {processor.py:175} INFO - Processing /home/airflow/.local/lib/python3.7/site-packages/airflow/example_dags/example_bash_operator.py took 0.078 seconds
[2024-06-14T22:00:07.864+0000] {processor.py:153} INFO - Started process (PID=1006) to work on /home/airflow/.local/lib/python3.7/site-packages/airflow/example_dags/example_bash_operator.py
[2024-06-14T22:00:07.866+0000] {processor.py:743} INFO - Processing file /home/airflow/.local/lib/python3.7/site-packages/airflow/example_dags/example_bash_operator.py for tasks to queue
[2024-06-14T22:00:07.867+0000] {logging_mixin.py:137} INFO - [2024-06-14T22:00:07.866+0000] {dagbag.py:538} INFO - Filling up the DagBag from /home/airflow/.local/lib/python3.7/site-packages/airflow/example_dags/example_bash_operator.py
[2024-06-14T22:00:07.883+0000] {processor.py:753} INFO - DAG(s) dict_keys(['example_bash_operator']) retrieved from /home/airflow/.local/lib/python3.7/site-packages/airflow/example_dags/example_bash_operator.py
[2024-06-14T22:00:07.910+0000] {logging_mixin.py:137} INFO - [2024-06-14T22:00:07.910+0000] {dag.py:2690} INFO - Sync 1 DAGs
[2024-06-14T22:00:07.928+0000] {logging_mixin.py:137} INFO - [2024-06-14T22:00:07.928+0000] {dag.py:3441} INFO - Setting next_dagrun for example_bash_operator to 2024-06-13T00:00:00+00:00, run_after=2024-06-14T00:00:00+00:00
[2024-06-14T22:00:07.939+0000] {processor.py:175} INFO - Processing /home/airflow/.local/lib/python3.7/site-packages/airflow/example_dags/example_bash_operator.py took 0.078 seconds
[2024-06-14T22:00:38.314+0000] {processor.py:153} INFO - Started process (PID=1056) to work on /home/airflow/.local/lib/python3.7/site-packages/airflow/example_dags/example_bash_operator.py
[2024-06-14T22:00:38.315+0000] {processor.py:743} INFO - Processing file /home/airflow/.local/lib/python3.7/site-packages/airflow/example_dags/example_bash_operator.py for tasks to queue
[2024-06-14T22:00:38.316+0000] {logging_mixin.py:137} INFO - [2024-06-14T22:00:38.316+0000] {dagbag.py:538} INFO - Filling up the DagBag from /home/airflow/.local/lib/python3.7/site-packages/airflow/example_dags/example_bash_operator.py
[2024-06-14T22:00:38.333+0000] {processor.py:753} INFO - DAG(s) dict_keys(['example_bash_operator']) retrieved from /home/airflow/.local/lib/python3.7/site-packages/airflow/example_dags/example_bash_operator.py
[2024-06-14T22:00:38.360+0000] {logging_mixin.py:137} INFO - [2024-06-14T22:00:38.360+0000] {dag.py:2690} INFO - Sync 1 DAGs
[2024-06-14T22:00:38.378+0000] {logging_mixin.py:137} INFO - [2024-06-14T22:00:38.378+0000] {dag.py:3441} INFO - Setting next_dagrun for example_bash_operator to 2024-06-13T00:00:00+00:00, run_after=2024-06-14T00:00:00+00:00
[2024-06-14T22:00:38.390+0000] {processor.py:175} INFO - Processing /home/airflow/.local/lib/python3.7/site-packages/airflow/example_dags/example_bash_operator.py took 0.079 seconds
[2024-06-14T22:01:08.890+0000] {processor.py:153} INFO - Started process (PID=1105) to work on /home/airflow/.local/lib/python3.7/site-packages/airflow/example_dags/example_bash_operator.py
[2024-06-14T22:01:08.891+0000] {processor.py:743} INFO - Processing file /home/airflow/.local/lib/python3.7/site-packages/airflow/example_dags/example_bash_operator.py for tasks to queue
[2024-06-14T22:01:08.892+0000] {logging_mixin.py:137} INFO - [2024-06-14T22:01:08.892+0000] {dagbag.py:538} INFO - Filling up the DagBag from /home/airflow/.local/lib/python3.7/site-packages/airflow/example_dags/example_bash_operator.py
[2024-06-14T22:01:08.909+0000] {processor.py:753} INFO - DAG(s) dict_keys(['example_bash_operator']) retrieved from /home/airflow/.local/lib/python3.7/site-packages/airflow/example_dags/example_bash_operator.py
[2024-06-14T22:01:08.936+0000] {logging_mixin.py:137} INFO - [2024-06-14T22:01:08.935+0000] {dag.py:2690} INFO - Sync 1 DAGs
[2024-06-14T22:01:08.954+0000] {logging_mixin.py:137} INFO - [2024-06-14T22:01:08.954+0000] {dag.py:3441} INFO - Setting next_dagrun for example_bash_operator to 2024-06-13T00:00:00+00:00, run_after=2024-06-14T00:00:00+00:00
[2024-06-14T22:01:08.966+0000] {processor.py:175} INFO - Processing /home/airflow/.local/lib/python3.7/site-packages/airflow/example_dags/example_bash_operator.py took 0.080 seconds
[2024-06-14T22:01:39.336+0000] {processor.py:153} INFO - Started process (PID=1155) to work on /home/airflow/.local/lib/python3.7/site-packages/airflow/example_dags/example_bash_operator.py
[2024-06-14T22:01:39.338+0000] {processor.py:743} INFO - Processing file /home/airflow/.local/lib/python3.7/site-packages/airflow/example_dags/example_bash_operator.py for tasks to queue
[2024-06-14T22:01:39.339+0000] {logging_mixin.py:137} INFO - [2024-06-14T22:01:39.338+0000] {dagbag.py:538} INFO - Filling up the DagBag from /home/airflow/.local/lib/python3.7/site-packages/airflow/example_dags/example_bash_operator.py
[2024-06-14T22:01:39.355+0000] {processor.py:753} INFO - DAG(s) dict_keys(['example_bash_operator']) retrieved from /home/airflow/.local/lib/python3.7/site-packages/airflow/example_dags/example_bash_operator.py
[2024-06-14T22:01:39.382+0000] {logging_mixin.py:137} INFO - [2024-06-14T22:01:39.382+0000] {dag.py:2690} INFO - Sync 1 DAGs
[2024-06-14T22:01:39.400+0000] {logging_mixin.py:137} INFO - [2024-06-14T22:01:39.400+0000] {dag.py:3441} INFO - Setting next_dagrun for example_bash_operator to 2024-06-13T00:00:00+00:00, run_after=2024-06-14T00:00:00+00:00
[2024-06-14T22:01:39.413+0000] {processor.py:175} INFO - Processing /home/airflow/.local/lib/python3.7/site-packages/airflow/example_dags/example_bash_operator.py took 0.080 seconds
[2024-06-14T22:02:09.763+0000] {processor.py:153} INFO - Started process (PID=1205) to work on /home/airflow/.local/lib/python3.7/site-packages/airflow/example_dags/example_bash_operator.py
[2024-06-14T22:02:09.764+0000] {processor.py:743} INFO - Processing file /home/airflow/.local/lib/python3.7/site-packages/airflow/example_dags/example_bash_operator.py for tasks to queue
[2024-06-14T22:02:09.765+0000] {logging_mixin.py:137} INFO - [2024-06-14T22:02:09.765+0000] {dagbag.py:538} INFO - Filling up the DagBag from /home/airflow/.local/lib/python3.7/site-packages/airflow/example_dags/example_bash_operator.py
[2024-06-14T22:02:09.782+0000] {processor.py:753} INFO - DAG(s) dict_keys(['example_bash_operator']) retrieved from /home/airflow/.local/lib/python3.7/site-packages/airflow/example_dags/example_bash_operator.py
[2024-06-14T22:02:09.809+0000] {logging_mixin.py:137} INFO - [2024-06-14T22:02:09.809+0000] {dag.py:2690} INFO - Sync 1 DAGs
[2024-06-14T22:02:09.827+0000] {logging_mixin.py:137} INFO - [2024-06-14T22:02:09.826+0000] {dag.py:3441} INFO - Setting next_dagrun for example_bash_operator to 2024-06-13T00:00:00+00:00, run_after=2024-06-14T00:00:00+00:00
[2024-06-14T22:02:09.839+0000] {processor.py:175} INFO - Processing /home/airflow/.local/lib/python3.7/site-packages/airflow/example_dags/example_bash_operator.py took 0.079 seconds
[2024-06-14T22:02:40.499+0000] {processor.py:153} INFO - Started process (PID=1255) to work on /home/airflow/.local/lib/python3.7/site-packages/airflow/example_dags/example_bash_operator.py
[2024-06-14T22:02:40.501+0000] {processor.py:743} INFO - Processing file /home/airflow/.local/lib/python3.7/site-packages/airflow/example_dags/example_bash_operator.py for tasks to queue
[2024-06-14T22:02:40.502+0000] {logging_mixin.py:137} INFO - [2024-06-14T22:02:40.502+0000] {dagbag.py:538} INFO - Filling up the DagBag from /home/airflow/.local/lib/python3.7/site-packages/airflow/example_dags/example_bash_operator.py
[2024-06-14T22:02:40.519+0000] {processor.py:753} INFO - DAG(s) dict_keys(['example_bash_operator']) retrieved from /home/airflow/.local/lib/python3.7/site-packages/airflow/example_dags/example_bash_operator.py
[2024-06-14T22:02:40.546+0000] {logging_mixin.py:137} INFO - [2024-06-14T22:02:40.545+0000] {dag.py:2690} INFO - Sync 1 DAGs
[2024-06-14T22:02:40.564+0000] {logging_mixin.py:137} INFO - [2024-06-14T22:02:40.564+0000] {dag.py:3441} INFO - Setting next_dagrun for example_bash_operator to 2024-06-13T00:00:00+00:00, run_after=2024-06-14T00:00:00+00:00
[2024-06-14T22:02:40.578+0000] {processor.py:175} INFO - Processing /home/airflow/.local/lib/python3.7/site-packages/airflow/example_dags/example_bash_operator.py took 0.081 seconds
[2024-06-14T22:03:11.108+0000] {processor.py:153} INFO - Started process (PID=1305) to work on /home/airflow/.local/lib/python3.7/site-packages/airflow/example_dags/example_bash_operator.py
[2024-06-14T22:03:11.122+0000] {processor.py:743} INFO - Processing file /home/airflow/.local/lib/python3.7/site-packages/airflow/example_dags/example_bash_operator.py for tasks to queue
[2024-06-14T22:03:11.123+0000] {logging_mixin.py:137} INFO - [2024-06-14T22:03:11.123+0000] {dagbag.py:538} INFO - Filling up the DagBag from /home/airflow/.local/lib/python3.7/site-packages/airflow/example_dags/example_bash_operator.py
[2024-06-14T22:03:11.142+0000] {processor.py:753} INFO - DAG(s) dict_keys(['example_bash_operator']) retrieved from /home/airflow/.local/lib/python3.7/site-packages/airflow/example_dags/example_bash_operator.py
[2024-06-14T22:03:11.168+0000] {logging_mixin.py:137} INFO - [2024-06-14T22:03:11.168+0000] {dag.py:2690} INFO - Sync 1 DAGs
[2024-06-14T22:03:11.186+0000] {logging_mixin.py:137} INFO - [2024-06-14T22:03:11.186+0000] {dag.py:3441} INFO - Setting next_dagrun for example_bash_operator to 2024-06-13T00:00:00+00:00, run_after=2024-06-14T00:00:00+00:00
[2024-06-14T22:03:11.198+0000] {processor.py:175} INFO - Processing /home/airflow/.local/lib/python3.7/site-packages/airflow/example_dags/example_bash_operator.py took 0.093 seconds
[2024-06-14T22:03:41.564+0000] {processor.py:153} INFO - Started process (PID=1355) to work on /home/airflow/.local/lib/python3.7/site-packages/airflow/example_dags/example_bash_operator.py
[2024-06-14T22:03:41.565+0000] {processor.py:743} INFO - Processing file /home/airflow/.local/lib/python3.7/site-packages/airflow/example_dags/example_bash_operator.py for tasks to queue
[2024-06-14T22:03:41.566+0000] {logging_mixin.py:137} INFO - [2024-06-14T22:03:41.566+0000] {dagbag.py:538} INFO - Filling up the DagBag from /home/airflow/.local/lib/python3.7/site-packages/airflow/example_dags/example_bash_operator.py
[2024-06-14T22:03:41.583+0000] {processor.py:753} INFO - DAG(s) dict_keys(['example_bash_operator']) retrieved from /home/airflow/.local/lib/python3.7/site-packages/airflow/example_dags/example_bash_operator.py
[2024-06-14T22:03:41.620+0000] {logging_mixin.py:137} INFO - [2024-06-14T22:03:41.620+0000] {dag.py:2690} INFO - Sync 1 DAGs
[2024-06-14T22:03:41.639+0000] {logging_mixin.py:137} INFO - [2024-06-14T22:03:41.639+0000] {dag.py:3441} INFO - Setting next_dagrun for example_bash_operator to 2024-06-13T00:00:00+00:00, run_after=2024-06-14T00:00:00+00:00
[2024-06-14T22:03:41.657+0000] {processor.py:175} INFO - Processing /home/airflow/.local/lib/python3.7/site-packages/airflow/example_dags/example_bash_operator.py took 0.097 seconds
[2024-06-14T22:04:11.976+0000] {processor.py:153} INFO - Started process (PID=1405) to work on /home/airflow/.local/lib/python3.7/site-packages/airflow/example_dags/example_bash_operator.py
[2024-06-14T22:04:11.977+0000] {processor.py:743} INFO - Processing file /home/airflow/.local/lib/python3.7/site-packages/airflow/example_dags/example_bash_operator.py for tasks to queue
[2024-06-14T22:04:11.979+0000] {logging_mixin.py:137} INFO - [2024-06-14T22:04:11.978+0000] {dagbag.py:538} INFO - Filling up the DagBag from /home/airflow/.local/lib/python3.7/site-packages/airflow/example_dags/example_bash_operator.py
[2024-06-14T22:04:11.997+0000] {processor.py:753} INFO - DAG(s) dict_keys(['example_bash_operator']) retrieved from /home/airflow/.local/lib/python3.7/site-packages/airflow/example_dags/example_bash_operator.py
[2024-06-14T22:04:12.035+0000] {logging_mixin.py:137} INFO - [2024-06-14T22:04:12.034+0000] {dag.py:2690} INFO - Sync 1 DAGs
[2024-06-14T22:04:12.054+0000] {logging_mixin.py:137} INFO - [2024-06-14T22:04:12.054+0000] {dag.py:3441} INFO - Setting next_dagrun for example_bash_operator to 2024-06-13T00:00:00+00:00, run_after=2024-06-14T00:00:00+00:00
[2024-06-14T22:04:12.068+0000] {processor.py:175} INFO - Processing /home/airflow/.local/lib/python3.7/site-packages/airflow/example_dags/example_bash_operator.py took 0.095 seconds
[2024-06-14T22:04:42.775+0000] {processor.py:153} INFO - Started process (PID=1454) to work on /home/airflow/.local/lib/python3.7/site-packages/airflow/example_dags/example_bash_operator.py
[2024-06-14T22:04:42.777+0000] {processor.py:743} INFO - Processing file /home/airflow/.local/lib/python3.7/site-packages/airflow/example_dags/example_bash_operator.py for tasks to queue
[2024-06-14T22:04:42.778+0000] {logging_mixin.py:137} INFO - [2024-06-14T22:04:42.778+0000] {dagbag.py:538} INFO - Filling up the DagBag from /home/airflow/.local/lib/python3.7/site-packages/airflow/example_dags/example_bash_operator.py
[2024-06-14T22:04:42.794+0000] {processor.py:753} INFO - DAG(s) dict_keys(['example_bash_operator']) retrieved from /home/airflow/.local/lib/python3.7/site-packages/airflow/example_dags/example_bash_operator.py
[2024-06-14T22:04:42.820+0000] {logging_mixin.py:137} INFO - [2024-06-14T22:04:42.820+0000] {dag.py:2690} INFO - Sync 1 DAGs
[2024-06-14T22:04:42.837+0000] {logging_mixin.py:137} INFO - [2024-06-14T22:04:42.837+0000] {dag.py:3441} INFO - Setting next_dagrun for example_bash_operator to 2024-06-13T00:00:00+00:00, run_after=2024-06-14T00:00:00+00:00
[2024-06-14T22:04:42.852+0000] {processor.py:175} INFO - Processing /home/airflow/.local/lib/python3.7/site-packages/airflow/example_dags/example_bash_operator.py took 0.080 seconds
[2024-06-14T22:05:13.186+0000] {processor.py:153} INFO - Started process (PID=1503) to work on /home/airflow/.local/lib/python3.7/site-packages/airflow/example_dags/example_bash_operator.py
[2024-06-14T22:05:13.187+0000] {processor.py:743} INFO - Processing file /home/airflow/.local/lib/python3.7/site-packages/airflow/example_dags/example_bash_operator.py for tasks to queue
[2024-06-14T22:05:13.188+0000] {logging_mixin.py:137} INFO - [2024-06-14T22:05:13.188+0000] {dagbag.py:538} INFO - Filling up the DagBag from /home/airflow/.local/lib/python3.7/site-packages/airflow/example_dags/example_bash_operator.py
[2024-06-14T22:05:13.205+0000] {processor.py:753} INFO - DAG(s) dict_keys(['example_bash_operator']) retrieved from /home/airflow/.local/lib/python3.7/site-packages/airflow/example_dags/example_bash_operator.py
[2024-06-14T22:05:13.233+0000] {logging_mixin.py:137} INFO - [2024-06-14T22:05:13.233+0000] {dag.py:2690} INFO - Sync 1 DAGs
[2024-06-14T22:05:13.250+0000] {logging_mixin.py:137} INFO - [2024-06-14T22:05:13.250+0000] {dag.py:3441} INFO - Setting next_dagrun for example_bash_operator to 2024-06-13T00:00:00+00:00, run_after=2024-06-14T00:00:00+00:00
[2024-06-14T22:05:13.262+0000] {processor.py:175} INFO - Processing /home/airflow/.local/lib/python3.7/site-packages/airflow/example_dags/example_bash_operator.py took 0.080 seconds
[2024-06-14T22:05:43.853+0000] {processor.py:153} INFO - Started process (PID=1553) to work on /home/airflow/.local/lib/python3.7/site-packages/airflow/example_dags/example_bash_operator.py
[2024-06-14T22:05:43.854+0000] {processor.py:743} INFO - Processing file /home/airflow/.local/lib/python3.7/site-packages/airflow/example_dags/example_bash_operator.py for tasks to queue
[2024-06-14T22:05:43.856+0000] {logging_mixin.py:137} INFO - [2024-06-14T22:05:43.856+0000] {dagbag.py:538} INFO - Filling up the DagBag from /home/airflow/.local/lib/python3.7/site-packages/airflow/example_dags/example_bash_operator.py
[2024-06-14T22:05:43.879+0000] {processor.py:753} INFO - DAG(s) dict_keys(['example_bash_operator']) retrieved from /home/airflow/.local/lib/python3.7/site-packages/airflow/example_dags/example_bash_operator.py
[2024-06-14T22:05:43.915+0000] {logging_mixin.py:137} INFO - [2024-06-14T22:05:43.915+0000] {dag.py:2690} INFO - Sync 1 DAGs
[2024-06-14T22:05:43.938+0000] {logging_mixin.py:137} INFO - [2024-06-14T22:05:43.938+0000] {dag.py:3441} INFO - Setting next_dagrun for example_bash_operator to 2024-06-13T00:00:00+00:00, run_after=2024-06-14T00:00:00+00:00
[2024-06-14T22:05:43.954+0000] {processor.py:175} INFO - Processing /home/airflow/.local/lib/python3.7/site-packages/airflow/example_dags/example_bash_operator.py took 0.106 seconds
[2024-06-14T22:06:14.423+0000] {processor.py:153} INFO - Started process (PID=1603) to work on /home/airflow/.local/lib/python3.7/site-packages/airflow/example_dags/example_bash_operator.py
[2024-06-14T22:06:14.424+0000] {processor.py:743} INFO - Processing file /home/airflow/.local/lib/python3.7/site-packages/airflow/example_dags/example_bash_operator.py for tasks to queue
[2024-06-14T22:06:14.425+0000] {logging_mixin.py:137} INFO - [2024-06-14T22:06:14.425+0000] {dagbag.py:538} INFO - Filling up the DagBag from /home/airflow/.local/lib/python3.7/site-packages/airflow/example_dags/example_bash_operator.py
[2024-06-14T22:06:14.443+0000] {processor.py:753} INFO - DAG(s) dict_keys(['example_bash_operator']) retrieved from /home/airflow/.local/lib/python3.7/site-packages/airflow/example_dags/example_bash_operator.py
[2024-06-14T22:06:14.472+0000] {logging_mixin.py:137} INFO - [2024-06-14T22:06:14.472+0000] {dag.py:2690} INFO - Sync 1 DAGs
[2024-06-14T22:06:14.492+0000] {logging_mixin.py:137} INFO - [2024-06-14T22:06:14.492+0000] {dag.py:3441} INFO - Setting next_dagrun for example_bash_operator to 2024-06-13T00:00:00+00:00, run_after=2024-06-14T00:00:00+00:00
[2024-06-14T22:06:14.505+0000] {processor.py:175} INFO - Processing /home/airflow/.local/lib/python3.7/site-packages/airflow/example_dags/example_bash_operator.py took 0.086 seconds
[2024-06-14T22:06:45.034+0000] {processor.py:153} INFO - Started process (PID=1653) to work on /home/airflow/.local/lib/python3.7/site-packages/airflow/example_dags/example_bash_operator.py
[2024-06-14T22:06:45.036+0000] {processor.py:743} INFO - Processing file /home/airflow/.local/lib/python3.7/site-packages/airflow/example_dags/example_bash_operator.py for tasks to queue
[2024-06-14T22:06:45.037+0000] {logging_mixin.py:137} INFO - [2024-06-14T22:06:45.036+0000] {dagbag.py:538} INFO - Filling up the DagBag from /home/airflow/.local/lib/python3.7/site-packages/airflow/example_dags/example_bash_operator.py
[2024-06-14T22:06:45.054+0000] {processor.py:753} INFO - DAG(s) dict_keys(['example_bash_operator']) retrieved from /home/airflow/.local/lib/python3.7/site-packages/airflow/example_dags/example_bash_operator.py
[2024-06-14T22:06:45.081+0000] {logging_mixin.py:137} INFO - [2024-06-14T22:06:45.081+0000] {dag.py:2690} INFO - Sync 1 DAGs
[2024-06-14T22:06:45.099+0000] {logging_mixin.py:137} INFO - [2024-06-14T22:06:45.099+0000] {dag.py:3441} INFO - Setting next_dagrun for example_bash_operator to 2024-06-13T00:00:00+00:00, run_after=2024-06-14T00:00:00+00:00
[2024-06-14T22:06:45.111+0000] {processor.py:175} INFO - Processing /home/airflow/.local/lib/python3.7/site-packages/airflow/example_dags/example_bash_operator.py took 0.080 seconds
[2024-06-14T22:07:15.515+0000] {processor.py:153} INFO - Started process (PID=1703) to work on /home/airflow/.local/lib/python3.7/site-packages/airflow/example_dags/example_bash_operator.py
[2024-06-14T22:07:15.517+0000] {processor.py:743} INFO - Processing file /home/airflow/.local/lib/python3.7/site-packages/airflow/example_dags/example_bash_operator.py for tasks to queue
[2024-06-14T22:07:15.518+0000] {logging_mixin.py:137} INFO - [2024-06-14T22:07:15.518+0000] {dagbag.py:538} INFO - Filling up the DagBag from /home/airflow/.local/lib/python3.7/site-packages/airflow/example_dags/example_bash_operator.py
[2024-06-14T22:07:15.537+0000] {processor.py:753} INFO - DAG(s) dict_keys(['example_bash_operator']) retrieved from /home/airflow/.local/lib/python3.7/site-packages/airflow/example_dags/example_bash_operator.py
[2024-06-14T22:07:15.566+0000] {logging_mixin.py:137} INFO - [2024-06-14T22:07:15.566+0000] {dag.py:2690} INFO - Sync 1 DAGs
[2024-06-14T22:07:15.585+0000] {logging_mixin.py:137} INFO - [2024-06-14T22:07:15.585+0000] {dag.py:3441} INFO - Setting next_dagrun for example_bash_operator to 2024-06-13T00:00:00+00:00, run_after=2024-06-14T00:00:00+00:00
[2024-06-14T22:07:15.599+0000] {processor.py:175} INFO - Processing /home/airflow/.local/lib/python3.7/site-packages/airflow/example_dags/example_bash_operator.py took 0.087 seconds
[2024-06-14T22:07:46.125+0000] {processor.py:153} INFO - Started process (PID=1753) to work on /home/airflow/.local/lib/python3.7/site-packages/airflow/example_dags/example_bash_operator.py
[2024-06-14T22:07:46.126+0000] {processor.py:743} INFO - Processing file /home/airflow/.local/lib/python3.7/site-packages/airflow/example_dags/example_bash_operator.py for tasks to queue
[2024-06-14T22:07:46.127+0000] {logging_mixin.py:137} INFO - [2024-06-14T22:07:46.127+0000] {dagbag.py:538} INFO - Filling up the DagBag from /home/airflow/.local/lib/python3.7/site-packages/airflow/example_dags/example_bash_operator.py
[2024-06-14T22:07:46.143+0000] {processor.py:753} INFO - DAG(s) dict_keys(['example_bash_operator']) retrieved from /home/airflow/.local/lib/python3.7/site-packages/airflow/example_dags/example_bash_operator.py
[2024-06-14T22:07:46.169+0000] {logging_mixin.py:137} INFO - [2024-06-14T22:07:46.169+0000] {dag.py:2690} INFO - Sync 1 DAGs
[2024-06-14T22:07:46.188+0000] {logging_mixin.py:137} INFO - [2024-06-14T22:07:46.188+0000] {dag.py:3441} INFO - Setting next_dagrun for example_bash_operator to 2024-06-13T00:00:00+00:00, run_after=2024-06-14T00:00:00+00:00
[2024-06-14T22:07:46.201+0000] {processor.py:175} INFO - Processing /home/airflow/.local/lib/python3.7/site-packages/airflow/example_dags/example_bash_operator.py took 0.080 seconds
[2024-06-14T22:08:16.653+0000] {processor.py:153} INFO - Started process (PID=1803) to work on /home/airflow/.local/lib/python3.7/site-packages/airflow/example_dags/example_bash_operator.py
[2024-06-14T22:08:16.654+0000] {processor.py:743} INFO - Processing file /home/airflow/.local/lib/python3.7/site-packages/airflow/example_dags/example_bash_operator.py for tasks to queue
[2024-06-14T22:08:16.655+0000] {logging_mixin.py:137} INFO - [2024-06-14T22:08:16.655+0000] {dagbag.py:538} INFO - Filling up the DagBag from /home/airflow/.local/lib/python3.7/site-packages/airflow/example_dags/example_bash_operator.py
[2024-06-14T22:08:16.671+0000] {processor.py:753} INFO - DAG(s) dict_keys(['example_bash_operator']) retrieved from /home/airflow/.local/lib/python3.7/site-packages/airflow/example_dags/example_bash_operator.py
[2024-06-14T22:08:16.698+0000] {logging_mixin.py:137} INFO - [2024-06-14T22:08:16.698+0000] {dag.py:2690} INFO - Sync 1 DAGs
[2024-06-14T22:08:16.716+0000] {logging_mixin.py:137} INFO - [2024-06-14T22:08:16.716+0000] {dag.py:3441} INFO - Setting next_dagrun for example_bash_operator to 2024-06-13T00:00:00+00:00, run_after=2024-06-14T00:00:00+00:00
[2024-06-14T22:08:16.729+0000] {processor.py:175} INFO - Processing /home/airflow/.local/lib/python3.7/site-packages/airflow/example_dags/example_bash_operator.py took 0.080 seconds
[2024-06-14T22:08:47.364+0000] {processor.py:153} INFO - Started process (PID=1853) to work on /home/airflow/.local/lib/python3.7/site-packages/airflow/example_dags/example_bash_operator.py
[2024-06-14T22:08:47.365+0000] {processor.py:743} INFO - Processing file /home/airflow/.local/lib/python3.7/site-packages/airflow/example_dags/example_bash_operator.py for tasks to queue
[2024-06-14T22:08:47.366+0000] {logging_mixin.py:137} INFO - [2024-06-14T22:08:47.366+0000] {dagbag.py:538} INFO - Filling up the DagBag from /home/airflow/.local/lib/python3.7/site-packages/airflow/example_dags/example_bash_operator.py
[2024-06-14T22:08:47.383+0000] {processor.py:753} INFO - DAG(s) dict_keys(['example_bash_operator']) retrieved from /home/airflow/.local/lib/python3.7/site-packages/airflow/example_dags/example_bash_operator.py
[2024-06-14T22:08:47.410+0000] {logging_mixin.py:137} INFO - [2024-06-14T22:08:47.410+0000] {dag.py:2690} INFO - Sync 1 DAGs
[2024-06-14T22:08:47.427+0000] {logging_mixin.py:137} INFO - [2024-06-14T22:08:47.427+0000] {dag.py:3441} INFO - Setting next_dagrun for example_bash_operator to 2024-06-13T00:00:00+00:00, run_after=2024-06-14T00:00:00+00:00
[2024-06-14T22:08:47.439+0000] {processor.py:175} INFO - Processing /home/airflow/.local/lib/python3.7/site-packages/airflow/example_dags/example_bash_operator.py took 0.078 seconds
[2024-06-14T22:09:17.943+0000] {processor.py:153} INFO - Started process (PID=1903) to work on /home/airflow/.local/lib/python3.7/site-packages/airflow/example_dags/example_bash_operator.py
[2024-06-14T22:09:17.945+0000] {processor.py:743} INFO - Processing file /home/airflow/.local/lib/python3.7/site-packages/airflow/example_dags/example_bash_operator.py for tasks to queue
[2024-06-14T22:09:17.945+0000] {logging_mixin.py:137} INFO - [2024-06-14T22:09:17.945+0000] {dagbag.py:538} INFO - Filling up the DagBag from /home/airflow/.local/lib/python3.7/site-packages/airflow/example_dags/example_bash_operator.py
[2024-06-14T22:09:17.963+0000] {processor.py:753} INFO - DAG(s) dict_keys(['example_bash_operator']) retrieved from /home/airflow/.local/lib/python3.7/site-packages/airflow/example_dags/example_bash_operator.py
[2024-06-14T22:09:17.990+0000] {logging_mixin.py:137} INFO - [2024-06-14T22:09:17.990+0000] {dag.py:2690} INFO - Sync 1 DAGs
[2024-06-14T22:09:18.009+0000] {logging_mixin.py:137} INFO - [2024-06-14T22:09:18.009+0000] {dag.py:3441} INFO - Setting next_dagrun for example_bash_operator to 2024-06-13T00:00:00+00:00, run_after=2024-06-14T00:00:00+00:00
[2024-06-14T22:09:18.023+0000] {processor.py:175} INFO - Processing /home/airflow/.local/lib/python3.7/site-packages/airflow/example_dags/example_bash_operator.py took 0.084 seconds
[2024-06-14T22:09:48.382+0000] {processor.py:153} INFO - Started process (PID=1953) to work on /home/airflow/.local/lib/python3.7/site-packages/airflow/example_dags/example_bash_operator.py
[2024-06-14T22:09:48.384+0000] {processor.py:743} INFO - Processing file /home/airflow/.local/lib/python3.7/site-packages/airflow/example_dags/example_bash_operator.py for tasks to queue
[2024-06-14T22:09:48.384+0000] {logging_mixin.py:137} INFO - [2024-06-14T22:09:48.384+0000] {dagbag.py:538} INFO - Filling up the DagBag from /home/airflow/.local/lib/python3.7/site-packages/airflow/example_dags/example_bash_operator.py
[2024-06-14T22:09:48.402+0000] {processor.py:753} INFO - DAG(s) dict_keys(['example_bash_operator']) retrieved from /home/airflow/.local/lib/python3.7/site-packages/airflow/example_dags/example_bash_operator.py
[2024-06-14T22:09:48.430+0000] {logging_mixin.py:137} INFO - [2024-06-14T22:09:48.430+0000] {dag.py:2690} INFO - Sync 1 DAGs
[2024-06-14T22:09:48.450+0000] {logging_mixin.py:137} INFO - [2024-06-14T22:09:48.450+0000] {dag.py:3441} INFO - Setting next_dagrun for example_bash_operator to 2024-06-13T00:00:00+00:00, run_after=2024-06-14T00:00:00+00:00
[2024-06-14T22:09:48.463+0000] {processor.py:175} INFO - Processing /home/airflow/.local/lib/python3.7/site-packages/airflow/example_dags/example_bash_operator.py took 0.084 seconds
[2024-06-14T22:10:18.866+0000] {processor.py:153} INFO - Started process (PID=2003) to work on /home/airflow/.local/lib/python3.7/site-packages/airflow/example_dags/example_bash_operator.py
[2024-06-14T22:10:18.867+0000] {processor.py:743} INFO - Processing file /home/airflow/.local/lib/python3.7/site-packages/airflow/example_dags/example_bash_operator.py for tasks to queue
[2024-06-14T22:10:18.869+0000] {logging_mixin.py:137} INFO - [2024-06-14T22:10:18.869+0000] {dagbag.py:538} INFO - Filling up the DagBag from /home/airflow/.local/lib/python3.7/site-packages/airflow/example_dags/example_bash_operator.py
[2024-06-14T22:10:18.885+0000] {processor.py:753} INFO - DAG(s) dict_keys(['example_bash_operator']) retrieved from /home/airflow/.local/lib/python3.7/site-packages/airflow/example_dags/example_bash_operator.py
[2024-06-14T22:10:18.912+0000] {logging_mixin.py:137} INFO - [2024-06-14T22:10:18.912+0000] {dag.py:2690} INFO - Sync 1 DAGs
[2024-06-14T22:10:18.930+0000] {logging_mixin.py:137} INFO - [2024-06-14T22:10:18.930+0000] {dag.py:3441} INFO - Setting next_dagrun for example_bash_operator to 2024-06-13T00:00:00+00:00, run_after=2024-06-14T00:00:00+00:00
[2024-06-14T22:10:18.943+0000] {processor.py:175} INFO - Processing /home/airflow/.local/lib/python3.7/site-packages/airflow/example_dags/example_bash_operator.py took 0.080 seconds
[2024-06-14T22:58:49.346+0000] {processor.py:153} INFO - Started process (PID=2053) to work on /home/airflow/.local/lib/python3.7/site-packages/airflow/example_dags/example_bash_operator.py
[2024-06-14T22:58:49.348+0000] {processor.py:743} INFO - Processing file /home/airflow/.local/lib/python3.7/site-packages/airflow/example_dags/example_bash_operator.py for tasks to queue
[2024-06-14T22:58:49.349+0000] {logging_mixin.py:137} INFO - [2024-06-14T22:58:49.349+0000] {dagbag.py:538} INFO - Filling up the DagBag from /home/airflow/.local/lib/python3.7/site-packages/airflow/example_dags/example_bash_operator.py
[2024-06-14T22:58:49.366+0000] {processor.py:753} INFO - DAG(s) dict_keys(['example_bash_operator']) retrieved from /home/airflow/.local/lib/python3.7/site-packages/airflow/example_dags/example_bash_operator.py
[2024-06-14T22:58:49.395+0000] {logging_mixin.py:137} INFO - [2024-06-14T22:58:49.394+0000] {dag.py:2690} INFO - Sync 1 DAGs
[2024-06-14T22:58:49.414+0000] {logging_mixin.py:137} INFO - [2024-06-14T22:58:49.414+0000] {dag.py:3441} INFO - Setting next_dagrun for example_bash_operator to 2024-06-13T00:00:00+00:00, run_after=2024-06-14T00:00:00+00:00
[2024-06-14T22:58:49.430+0000] {processor.py:175} INFO - Processing /home/airflow/.local/lib/python3.7/site-packages/airflow/example_dags/example_bash_operator.py took 0.086 seconds
[2024-06-14T23:14:31.088+0000] {processor.py:153} INFO - Started process (PID=2110) to work on /home/airflow/.local/lib/python3.7/site-packages/airflow/example_dags/example_bash_operator.py
[2024-06-14T23:14:31.123+0000] {processor.py:743} INFO - Processing file /home/airflow/.local/lib/python3.7/site-packages/airflow/example_dags/example_bash_operator.py for tasks to queue
[2024-06-14T23:14:31.129+0000] {logging_mixin.py:137} INFO - [2024-06-14T23:14:31.128+0000] {dagbag.py:538} INFO - Filling up the DagBag from /home/airflow/.local/lib/python3.7/site-packages/airflow/example_dags/example_bash_operator.py
[2024-06-14T23:14:31.206+0000] {processor.py:753} INFO - DAG(s) dict_keys(['example_bash_operator']) retrieved from /home/airflow/.local/lib/python3.7/site-packages/airflow/example_dags/example_bash_operator.py
[2024-06-14T23:14:31.342+0000] {logging_mixin.py:137} INFO - [2024-06-14T23:14:31.341+0000] {dag.py:2690} INFO - Sync 1 DAGs
[2024-06-14T23:14:31.432+0000] {logging_mixin.py:137} INFO - [2024-06-14T23:14:31.432+0000] {dag.py:3441} INFO - Setting next_dagrun for example_bash_operator to 2024-06-13T00:00:00+00:00, run_after=2024-06-14T00:00:00+00:00
[2024-06-14T23:14:31.533+0000] {processor.py:175} INFO - Processing /home/airflow/.local/lib/python3.7/site-packages/airflow/example_dags/example_bash_operator.py took 0.459 seconds
