[2024-06-14T21:50:26.894+0000] {processor.py:153} INFO - Started process (PID=54) to work on /home/airflow/.local/lib/python3.7/site-packages/airflow/example_dags/example_latest_only.py
[2024-06-14T21:50:26.897+0000] {processor.py:743} INFO - Processing file /home/airflow/.local/lib/python3.7/site-packages/airflow/example_dags/example_latest_only.py for tasks to queue
[2024-06-14T21:50:26.899+0000] {logging_mixin.py:137} INFO - [2024-06-14T21:50:26.898+0000] {dagbag.py:538} INFO - Filling up the DagBag from /home/airflow/.local/lib/python3.7/site-packages/airflow/example_dags/example_latest_only.py
[2024-06-14T21:50:26.918+0000] {processor.py:753} INFO - DAG(s) dict_keys(['latest_only']) retrieved from /home/airflow/.local/lib/python3.7/site-packages/airflow/example_dags/example_latest_only.py
[2024-06-14T21:50:26.944+0000] {logging_mixin.py:137} INFO - [2024-06-14T21:50:26.944+0000] {dag.py:2690} INFO - Sync 1 DAGs
[2024-06-14T21:50:26.980+0000] {logging_mixin.py:137} INFO - [2024-06-14T21:50:26.980+0000] {dag.py:3441} INFO - Setting next_dagrun for latest_only to 2024-06-14T17:50:26.979620+00:00, run_after=2024-06-14T21:50:26.979620+00:00
[2024-06-14T21:50:27.000+0000] {processor.py:175} INFO - Processing /home/airflow/.local/lib/python3.7/site-packages/airflow/example_dags/example_latest_only.py took 0.112 seconds
[2024-06-14T21:50:57.065+0000] {processor.py:153} INFO - Started process (PID=104) to work on /home/airflow/.local/lib/python3.7/site-packages/airflow/example_dags/example_latest_only.py
[2024-06-14T21:50:57.067+0000] {processor.py:743} INFO - Processing file /home/airflow/.local/lib/python3.7/site-packages/airflow/example_dags/example_latest_only.py for tasks to queue
[2024-06-14T21:50:57.068+0000] {logging_mixin.py:137} INFO - [2024-06-14T21:50:57.067+0000] {dagbag.py:538} INFO - Filling up the DagBag from /home/airflow/.local/lib/python3.7/site-packages/airflow/example_dags/example_latest_only.py
[2024-06-14T21:50:57.079+0000] {processor.py:753} INFO - DAG(s) dict_keys(['latest_only']) retrieved from /home/airflow/.local/lib/python3.7/site-packages/airflow/example_dags/example_latest_only.py
[2024-06-14T21:50:57.102+0000] {logging_mixin.py:137} INFO - [2024-06-14T21:50:57.102+0000] {dag.py:2690} INFO - Sync 1 DAGs
[2024-06-14T21:50:57.121+0000] {logging_mixin.py:137} INFO - [2024-06-14T21:50:57.121+0000] {dag.py:3441} INFO - Setting next_dagrun for latest_only to 2024-06-14T17:50:57.121058+00:00, run_after=2024-06-14T21:50:57.121058+00:00
[2024-06-14T21:50:57.136+0000] {processor.py:175} INFO - Processing /home/airflow/.local/lib/python3.7/site-packages/airflow/example_dags/example_latest_only.py took 0.073 seconds
[2024-06-14T21:51:27.606+0000] {processor.py:153} INFO - Started process (PID=154) to work on /home/airflow/.local/lib/python3.7/site-packages/airflow/example_dags/example_latest_only.py
[2024-06-14T21:51:27.607+0000] {processor.py:743} INFO - Processing file /home/airflow/.local/lib/python3.7/site-packages/airflow/example_dags/example_latest_only.py for tasks to queue
[2024-06-14T21:51:27.608+0000] {logging_mixin.py:137} INFO - [2024-06-14T21:51:27.608+0000] {dagbag.py:538} INFO - Filling up the DagBag from /home/airflow/.local/lib/python3.7/site-packages/airflow/example_dags/example_latest_only.py
[2024-06-14T21:51:27.619+0000] {processor.py:753} INFO - DAG(s) dict_keys(['latest_only']) retrieved from /home/airflow/.local/lib/python3.7/site-packages/airflow/example_dags/example_latest_only.py
[2024-06-14T21:51:27.640+0000] {logging_mixin.py:137} INFO - [2024-06-14T21:51:27.640+0000] {dag.py:2690} INFO - Sync 1 DAGs
[2024-06-14T21:51:27.657+0000] {logging_mixin.py:137} INFO - [2024-06-14T21:51:27.657+0000] {dag.py:3441} INFO - Setting next_dagrun for latest_only to 2024-06-14T17:51:27.657339+00:00, run_after=2024-06-14T21:51:27.657339+00:00
[2024-06-14T21:51:27.671+0000] {processor.py:175} INFO - Processing /home/airflow/.local/lib/python3.7/site-packages/airflow/example_dags/example_latest_only.py took 0.068 seconds
[2024-06-14T21:51:57.870+0000] {processor.py:153} INFO - Started process (PID=204) to work on /home/airflow/.local/lib/python3.7/site-packages/airflow/example_dags/example_latest_only.py
[2024-06-14T21:51:57.871+0000] {processor.py:743} INFO - Processing file /home/airflow/.local/lib/python3.7/site-packages/airflow/example_dags/example_latest_only.py for tasks to queue
[2024-06-14T21:51:57.872+0000] {logging_mixin.py:137} INFO - [2024-06-14T21:51:57.872+0000] {dagbag.py:538} INFO - Filling up the DagBag from /home/airflow/.local/lib/python3.7/site-packages/airflow/example_dags/example_latest_only.py
[2024-06-14T21:51:57.882+0000] {processor.py:753} INFO - DAG(s) dict_keys(['latest_only']) retrieved from /home/airflow/.local/lib/python3.7/site-packages/airflow/example_dags/example_latest_only.py
[2024-06-14T21:51:57.902+0000] {logging_mixin.py:137} INFO - [2024-06-14T21:51:57.902+0000] {dag.py:2690} INFO - Sync 1 DAGs
[2024-06-14T21:51:57.919+0000] {logging_mixin.py:137} INFO - [2024-06-14T21:51:57.919+0000] {dag.py:3441} INFO - Setting next_dagrun for latest_only to 2024-06-14T17:51:57.919123+00:00, run_after=2024-06-14T21:51:57.919123+00:00
[2024-06-14T21:51:57.932+0000] {processor.py:175} INFO - Processing /home/airflow/.local/lib/python3.7/site-packages/airflow/example_dags/example_latest_only.py took 0.066 seconds
[2024-06-14T21:52:28.498+0000] {processor.py:153} INFO - Started process (PID=254) to work on /home/airflow/.local/lib/python3.7/site-packages/airflow/example_dags/example_latest_only.py
[2024-06-14T21:52:28.500+0000] {processor.py:743} INFO - Processing file /home/airflow/.local/lib/python3.7/site-packages/airflow/example_dags/example_latest_only.py for tasks to queue
[2024-06-14T21:52:28.501+0000] {logging_mixin.py:137} INFO - [2024-06-14T21:52:28.501+0000] {dagbag.py:538} INFO - Filling up the DagBag from /home/airflow/.local/lib/python3.7/site-packages/airflow/example_dags/example_latest_only.py
[2024-06-14T21:52:28.512+0000] {processor.py:753} INFO - DAG(s) dict_keys(['latest_only']) retrieved from /home/airflow/.local/lib/python3.7/site-packages/airflow/example_dags/example_latest_only.py
[2024-06-14T21:52:28.533+0000] {logging_mixin.py:137} INFO - [2024-06-14T21:52:28.533+0000] {dag.py:2690} INFO - Sync 1 DAGs
[2024-06-14T21:52:28.551+0000] {logging_mixin.py:137} INFO - [2024-06-14T21:52:28.551+0000] {dag.py:3441} INFO - Setting next_dagrun for latest_only to 2024-06-14T17:52:28.551270+00:00, run_after=2024-06-14T21:52:28.551270+00:00
[2024-06-14T21:52:28.565+0000] {processor.py:175} INFO - Processing /home/airflow/.local/lib/python3.7/site-packages/airflow/example_dags/example_latest_only.py took 0.069 seconds
[2024-06-14T21:52:59.078+0000] {processor.py:153} INFO - Started process (PID=303) to work on /home/airflow/.local/lib/python3.7/site-packages/airflow/example_dags/example_latest_only.py
[2024-06-14T21:52:59.080+0000] {processor.py:743} INFO - Processing file /home/airflow/.local/lib/python3.7/site-packages/airflow/example_dags/example_latest_only.py for tasks to queue
[2024-06-14T21:52:59.080+0000] {logging_mixin.py:137} INFO - [2024-06-14T21:52:59.080+0000] {dagbag.py:538} INFO - Filling up the DagBag from /home/airflow/.local/lib/python3.7/site-packages/airflow/example_dags/example_latest_only.py
[2024-06-14T21:52:59.091+0000] {processor.py:753} INFO - DAG(s) dict_keys(['latest_only']) retrieved from /home/airflow/.local/lib/python3.7/site-packages/airflow/example_dags/example_latest_only.py
[2024-06-14T21:52:59.111+0000] {logging_mixin.py:137} INFO - [2024-06-14T21:52:59.111+0000] {dag.py:2690} INFO - Sync 1 DAGs
[2024-06-14T21:52:59.129+0000] {logging_mixin.py:137} INFO - [2024-06-14T21:52:59.129+0000] {dag.py:3441} INFO - Setting next_dagrun for latest_only to 2024-06-14T17:52:59.128784+00:00, run_after=2024-06-14T21:52:59.128784+00:00
[2024-06-14T21:52:59.141+0000] {processor.py:175} INFO - Processing /home/airflow/.local/lib/python3.7/site-packages/airflow/example_dags/example_latest_only.py took 0.066 seconds
[2024-06-14T21:53:29.718+0000] {processor.py:153} INFO - Started process (PID=353) to work on /home/airflow/.local/lib/python3.7/site-packages/airflow/example_dags/example_latest_only.py
[2024-06-14T21:53:29.719+0000] {processor.py:743} INFO - Processing file /home/airflow/.local/lib/python3.7/site-packages/airflow/example_dags/example_latest_only.py for tasks to queue
[2024-06-14T21:53:29.720+0000] {logging_mixin.py:137} INFO - [2024-06-14T21:53:29.720+0000] {dagbag.py:538} INFO - Filling up the DagBag from /home/airflow/.local/lib/python3.7/site-packages/airflow/example_dags/example_latest_only.py
[2024-06-14T21:53:29.731+0000] {processor.py:753} INFO - DAG(s) dict_keys(['latest_only']) retrieved from /home/airflow/.local/lib/python3.7/site-packages/airflow/example_dags/example_latest_only.py
[2024-06-14T21:53:29.753+0000] {logging_mixin.py:137} INFO - [2024-06-14T21:53:29.753+0000] {dag.py:2690} INFO - Sync 1 DAGs
[2024-06-14T21:53:29.771+0000] {logging_mixin.py:137} INFO - [2024-06-14T21:53:29.771+0000] {dag.py:3441} INFO - Setting next_dagrun for latest_only to 2024-06-14T17:53:29.771177+00:00, run_after=2024-06-14T21:53:29.771177+00:00
[2024-06-14T21:53:29.787+0000] {processor.py:175} INFO - Processing /home/airflow/.local/lib/python3.7/site-packages/airflow/example_dags/example_latest_only.py took 0.072 seconds
[2024-06-14T21:54:00.322+0000] {processor.py:153} INFO - Started process (PID=403) to work on /home/airflow/.local/lib/python3.7/site-packages/airflow/example_dags/example_latest_only.py
[2024-06-14T21:54:00.324+0000] {processor.py:743} INFO - Processing file /home/airflow/.local/lib/python3.7/site-packages/airflow/example_dags/example_latest_only.py for tasks to queue
[2024-06-14T21:54:00.325+0000] {logging_mixin.py:137} INFO - [2024-06-14T21:54:00.325+0000] {dagbag.py:538} INFO - Filling up the DagBag from /home/airflow/.local/lib/python3.7/site-packages/airflow/example_dags/example_latest_only.py
[2024-06-14T21:54:00.336+0000] {processor.py:753} INFO - DAG(s) dict_keys(['latest_only']) retrieved from /home/airflow/.local/lib/python3.7/site-packages/airflow/example_dags/example_latest_only.py
[2024-06-14T21:54:00.358+0000] {logging_mixin.py:137} INFO - [2024-06-14T21:54:00.358+0000] {dag.py:2690} INFO - Sync 1 DAGs
[2024-06-14T21:54:00.376+0000] {logging_mixin.py:137} INFO - [2024-06-14T21:54:00.376+0000] {dag.py:3441} INFO - Setting next_dagrun for latest_only to 2024-06-14T17:54:00.376215+00:00, run_after=2024-06-14T21:54:00.376215+00:00
[2024-06-14T21:54:00.391+0000] {processor.py:175} INFO - Processing /home/airflow/.local/lib/python3.7/site-packages/airflow/example_dags/example_latest_only.py took 0.073 seconds
[2024-06-14T21:54:31.127+0000] {processor.py:153} INFO - Started process (PID=453) to work on /home/airflow/.local/lib/python3.7/site-packages/airflow/example_dags/example_latest_only.py
[2024-06-14T21:54:31.129+0000] {processor.py:743} INFO - Processing file /home/airflow/.local/lib/python3.7/site-packages/airflow/example_dags/example_latest_only.py for tasks to queue
[2024-06-14T21:54:31.130+0000] {logging_mixin.py:137} INFO - [2024-06-14T21:54:31.130+0000] {dagbag.py:538} INFO - Filling up the DagBag from /home/airflow/.local/lib/python3.7/site-packages/airflow/example_dags/example_latest_only.py
[2024-06-14T21:54:31.141+0000] {processor.py:753} INFO - DAG(s) dict_keys(['latest_only']) retrieved from /home/airflow/.local/lib/python3.7/site-packages/airflow/example_dags/example_latest_only.py
[2024-06-14T21:54:31.163+0000] {logging_mixin.py:137} INFO - [2024-06-14T21:54:31.163+0000] {dag.py:2690} INFO - Sync 1 DAGs
[2024-06-14T21:54:31.182+0000] {logging_mixin.py:137} INFO - [2024-06-14T21:54:31.182+0000] {dag.py:3441} INFO - Setting next_dagrun for latest_only to 2024-06-14T17:54:31.181947+00:00, run_after=2024-06-14T21:54:31.181947+00:00
[2024-06-14T21:54:31.194+0000] {processor.py:175} INFO - Processing /home/airflow/.local/lib/python3.7/site-packages/airflow/example_dags/example_latest_only.py took 0.071 seconds
[2024-06-14T21:55:01.659+0000] {processor.py:153} INFO - Started process (PID=503) to work on /home/airflow/.local/lib/python3.7/site-packages/airflow/example_dags/example_latest_only.py
[2024-06-14T21:55:01.661+0000] {processor.py:743} INFO - Processing file /home/airflow/.local/lib/python3.7/site-packages/airflow/example_dags/example_latest_only.py for tasks to queue
[2024-06-14T21:55:01.662+0000] {logging_mixin.py:137} INFO - [2024-06-14T21:55:01.662+0000] {dagbag.py:538} INFO - Filling up the DagBag from /home/airflow/.local/lib/python3.7/site-packages/airflow/example_dags/example_latest_only.py
[2024-06-14T21:55:01.675+0000] {processor.py:753} INFO - DAG(s) dict_keys(['latest_only']) retrieved from /home/airflow/.local/lib/python3.7/site-packages/airflow/example_dags/example_latest_only.py
[2024-06-14T21:55:01.698+0000] {logging_mixin.py:137} INFO - [2024-06-14T21:55:01.698+0000] {dag.py:2690} INFO - Sync 1 DAGs
[2024-06-14T21:55:01.716+0000] {logging_mixin.py:137} INFO - [2024-06-14T21:55:01.716+0000] {dag.py:3441} INFO - Setting next_dagrun for latest_only to 2024-06-14T17:55:01.715805+00:00, run_after=2024-06-14T21:55:01.715805+00:00
[2024-06-14T21:55:01.729+0000] {processor.py:175} INFO - Processing /home/airflow/.local/lib/python3.7/site-packages/airflow/example_dags/example_latest_only.py took 0.072 seconds
[2024-06-14T21:55:32.297+0000] {processor.py:153} INFO - Started process (PID=553) to work on /home/airflow/.local/lib/python3.7/site-packages/airflow/example_dags/example_latest_only.py
[2024-06-14T21:55:32.299+0000] {processor.py:743} INFO - Processing file /home/airflow/.local/lib/python3.7/site-packages/airflow/example_dags/example_latest_only.py for tasks to queue
[2024-06-14T21:55:32.300+0000] {logging_mixin.py:137} INFO - [2024-06-14T21:55:32.300+0000] {dagbag.py:538} INFO - Filling up the DagBag from /home/airflow/.local/lib/python3.7/site-packages/airflow/example_dags/example_latest_only.py
[2024-06-14T21:55:32.312+0000] {processor.py:753} INFO - DAG(s) dict_keys(['latest_only']) retrieved from /home/airflow/.local/lib/python3.7/site-packages/airflow/example_dags/example_latest_only.py
[2024-06-14T21:55:32.335+0000] {logging_mixin.py:137} INFO - [2024-06-14T21:55:32.335+0000] {dag.py:2690} INFO - Sync 1 DAGs
[2024-06-14T21:55:32.354+0000] {logging_mixin.py:137} INFO - [2024-06-14T21:55:32.354+0000] {dag.py:3441} INFO - Setting next_dagrun for latest_only to 2024-06-14T17:55:32.354243+00:00, run_after=2024-06-14T21:55:32.354243+00:00
[2024-06-14T21:55:32.369+0000] {processor.py:175} INFO - Processing /home/airflow/.local/lib/python3.7/site-packages/airflow/example_dags/example_latest_only.py took 0.075 seconds
[2024-06-14T21:56:03.111+0000] {processor.py:153} INFO - Started process (PID=603) to work on /home/airflow/.local/lib/python3.7/site-packages/airflow/example_dags/example_latest_only.py
[2024-06-14T21:56:03.112+0000] {processor.py:743} INFO - Processing file /home/airflow/.local/lib/python3.7/site-packages/airflow/example_dags/example_latest_only.py for tasks to queue
[2024-06-14T21:56:03.113+0000] {logging_mixin.py:137} INFO - [2024-06-14T21:56:03.113+0000] {dagbag.py:538} INFO - Filling up the DagBag from /home/airflow/.local/lib/python3.7/site-packages/airflow/example_dags/example_latest_only.py
[2024-06-14T21:56:03.125+0000] {processor.py:753} INFO - DAG(s) dict_keys(['latest_only']) retrieved from /home/airflow/.local/lib/python3.7/site-packages/airflow/example_dags/example_latest_only.py
[2024-06-14T21:56:03.147+0000] {logging_mixin.py:137} INFO - [2024-06-14T21:56:03.147+0000] {dag.py:2690} INFO - Sync 1 DAGs
[2024-06-14T21:56:03.165+0000] {logging_mixin.py:137} INFO - [2024-06-14T21:56:03.165+0000] {dag.py:3441} INFO - Setting next_dagrun for latest_only to 2024-06-14T17:56:03.164888+00:00, run_after=2024-06-14T21:56:03.164888+00:00
[2024-06-14T21:56:03.178+0000] {processor.py:175} INFO - Processing /home/airflow/.local/lib/python3.7/site-packages/airflow/example_dags/example_latest_only.py took 0.070 seconds
[2024-06-14T21:56:33.927+0000] {processor.py:153} INFO - Started process (PID=653) to work on /home/airflow/.local/lib/python3.7/site-packages/airflow/example_dags/example_latest_only.py
[2024-06-14T21:56:33.931+0000] {processor.py:743} INFO - Processing file /home/airflow/.local/lib/python3.7/site-packages/airflow/example_dags/example_latest_only.py for tasks to queue
[2024-06-14T21:56:33.932+0000] {logging_mixin.py:137} INFO - [2024-06-14T21:56:33.932+0000] {dagbag.py:538} INFO - Filling up the DagBag from /home/airflow/.local/lib/python3.7/site-packages/airflow/example_dags/example_latest_only.py
[2024-06-14T21:56:33.943+0000] {processor.py:753} INFO - DAG(s) dict_keys(['latest_only']) retrieved from /home/airflow/.local/lib/python3.7/site-packages/airflow/example_dags/example_latest_only.py
[2024-06-14T21:56:33.963+0000] {logging_mixin.py:137} INFO - [2024-06-14T21:56:33.963+0000] {dag.py:2690} INFO - Sync 1 DAGs
[2024-06-14T21:56:33.979+0000] {logging_mixin.py:137} INFO - [2024-06-14T21:56:33.979+0000] {dag.py:3441} INFO - Setting next_dagrun for latest_only to 2024-06-14T17:56:33.979239+00:00, run_after=2024-06-14T21:56:33.979239+00:00
[2024-06-14T21:56:33.992+0000] {processor.py:175} INFO - Processing /home/airflow/.local/lib/python3.7/site-packages/airflow/example_dags/example_latest_only.py took 0.068 seconds
[2024-06-14T21:57:04.554+0000] {processor.py:153} INFO - Started process (PID=703) to work on /home/airflow/.local/lib/python3.7/site-packages/airflow/example_dags/example_latest_only.py
[2024-06-14T21:57:04.556+0000] {processor.py:743} INFO - Processing file /home/airflow/.local/lib/python3.7/site-packages/airflow/example_dags/example_latest_only.py for tasks to queue
[2024-06-14T21:57:04.556+0000] {logging_mixin.py:137} INFO - [2024-06-14T21:57:04.556+0000] {dagbag.py:538} INFO - Filling up the DagBag from /home/airflow/.local/lib/python3.7/site-packages/airflow/example_dags/example_latest_only.py
[2024-06-14T21:57:04.567+0000] {processor.py:753} INFO - DAG(s) dict_keys(['latest_only']) retrieved from /home/airflow/.local/lib/python3.7/site-packages/airflow/example_dags/example_latest_only.py
[2024-06-14T21:57:04.588+0000] {logging_mixin.py:137} INFO - [2024-06-14T21:57:04.588+0000] {dag.py:2690} INFO - Sync 1 DAGs
[2024-06-14T21:57:04.605+0000] {logging_mixin.py:137} INFO - [2024-06-14T21:57:04.605+0000] {dag.py:3441} INFO - Setting next_dagrun for latest_only to 2024-06-14T17:57:04.605407+00:00, run_after=2024-06-14T21:57:04.605407+00:00
[2024-06-14T21:57:04.618+0000] {processor.py:175} INFO - Processing /home/airflow/.local/lib/python3.7/site-packages/airflow/example_dags/example_latest_only.py took 0.066 seconds
[2024-06-14T21:57:34.916+0000] {processor.py:153} INFO - Started process (PID=753) to work on /home/airflow/.local/lib/python3.7/site-packages/airflow/example_dags/example_latest_only.py
[2024-06-14T21:57:34.917+0000] {processor.py:743} INFO - Processing file /home/airflow/.local/lib/python3.7/site-packages/airflow/example_dags/example_latest_only.py for tasks to queue
[2024-06-14T21:57:34.918+0000] {logging_mixin.py:137} INFO - [2024-06-14T21:57:34.918+0000] {dagbag.py:538} INFO - Filling up the DagBag from /home/airflow/.local/lib/python3.7/site-packages/airflow/example_dags/example_latest_only.py
[2024-06-14T21:57:34.929+0000] {processor.py:753} INFO - DAG(s) dict_keys(['latest_only']) retrieved from /home/airflow/.local/lib/python3.7/site-packages/airflow/example_dags/example_latest_only.py
[2024-06-14T21:57:34.949+0000] {logging_mixin.py:137} INFO - [2024-06-14T21:57:34.949+0000] {dag.py:2690} INFO - Sync 1 DAGs
[2024-06-14T21:57:34.967+0000] {logging_mixin.py:137} INFO - [2024-06-14T21:57:34.966+0000] {dag.py:3441} INFO - Setting next_dagrun for latest_only to 2024-06-14T17:57:34.966748+00:00, run_after=2024-06-14T21:57:34.966748+00:00
[2024-06-14T21:57:34.981+0000] {processor.py:175} INFO - Processing /home/airflow/.local/lib/python3.7/site-packages/airflow/example_dags/example_latest_only.py took 0.068 seconds
[2024-06-14T21:58:05.496+0000] {processor.py:153} INFO - Started process (PID=803) to work on /home/airflow/.local/lib/python3.7/site-packages/airflow/example_dags/example_latest_only.py
[2024-06-14T21:58:05.497+0000] {processor.py:743} INFO - Processing file /home/airflow/.local/lib/python3.7/site-packages/airflow/example_dags/example_latest_only.py for tasks to queue
[2024-06-14T21:58:05.498+0000] {logging_mixin.py:137} INFO - [2024-06-14T21:58:05.498+0000] {dagbag.py:538} INFO - Filling up the DagBag from /home/airflow/.local/lib/python3.7/site-packages/airflow/example_dags/example_latest_only.py
[2024-06-14T21:58:05.509+0000] {processor.py:753} INFO - DAG(s) dict_keys(['latest_only']) retrieved from /home/airflow/.local/lib/python3.7/site-packages/airflow/example_dags/example_latest_only.py
[2024-06-14T21:58:05.530+0000] {logging_mixin.py:137} INFO - [2024-06-14T21:58:05.529+0000] {dag.py:2690} INFO - Sync 1 DAGs
[2024-06-14T21:58:05.547+0000] {logging_mixin.py:137} INFO - [2024-06-14T21:58:05.547+0000] {dag.py:3441} INFO - Setting next_dagrun for latest_only to 2024-06-14T17:58:05.547015+00:00, run_after=2024-06-14T21:58:05.547015+00:00
[2024-06-14T21:58:05.560+0000] {processor.py:175} INFO - Processing /home/airflow/.local/lib/python3.7/site-packages/airflow/example_dags/example_latest_only.py took 0.067 seconds
[2024-06-14T21:58:36.177+0000] {processor.py:153} INFO - Started process (PID=853) to work on /home/airflow/.local/lib/python3.7/site-packages/airflow/example_dags/example_latest_only.py
[2024-06-14T21:58:36.178+0000] {processor.py:743} INFO - Processing file /home/airflow/.local/lib/python3.7/site-packages/airflow/example_dags/example_latest_only.py for tasks to queue
[2024-06-14T21:58:36.179+0000] {logging_mixin.py:137} INFO - [2024-06-14T21:58:36.179+0000] {dagbag.py:538} INFO - Filling up the DagBag from /home/airflow/.local/lib/python3.7/site-packages/airflow/example_dags/example_latest_only.py
[2024-06-14T21:58:36.190+0000] {processor.py:753} INFO - DAG(s) dict_keys(['latest_only']) retrieved from /home/airflow/.local/lib/python3.7/site-packages/airflow/example_dags/example_latest_only.py
[2024-06-14T21:58:36.210+0000] {logging_mixin.py:137} INFO - [2024-06-14T21:58:36.210+0000] {dag.py:2690} INFO - Sync 1 DAGs
[2024-06-14T21:58:36.227+0000] {logging_mixin.py:137} INFO - [2024-06-14T21:58:36.227+0000] {dag.py:3441} INFO - Setting next_dagrun for latest_only to 2024-06-14T17:58:36.227550+00:00, run_after=2024-06-14T21:58:36.227550+00:00
[2024-06-14T21:58:36.240+0000] {processor.py:175} INFO - Processing /home/airflow/.local/lib/python3.7/site-packages/airflow/example_dags/example_latest_only.py took 0.066 seconds
[2024-06-14T21:59:06.699+0000] {processor.py:153} INFO - Started process (PID=903) to work on /home/airflow/.local/lib/python3.7/site-packages/airflow/example_dags/example_latest_only.py
[2024-06-14T21:59:06.700+0000] {processor.py:743} INFO - Processing file /home/airflow/.local/lib/python3.7/site-packages/airflow/example_dags/example_latest_only.py for tasks to queue
[2024-06-14T21:59:06.701+0000] {logging_mixin.py:137} INFO - [2024-06-14T21:59:06.701+0000] {dagbag.py:538} INFO - Filling up the DagBag from /home/airflow/.local/lib/python3.7/site-packages/airflow/example_dags/example_latest_only.py
[2024-06-14T21:59:06.712+0000] {processor.py:753} INFO - DAG(s) dict_keys(['latest_only']) retrieved from /home/airflow/.local/lib/python3.7/site-packages/airflow/example_dags/example_latest_only.py
[2024-06-14T21:59:06.733+0000] {logging_mixin.py:137} INFO - [2024-06-14T21:59:06.733+0000] {dag.py:2690} INFO - Sync 1 DAGs
[2024-06-14T21:59:06.751+0000] {logging_mixin.py:137} INFO - [2024-06-14T21:59:06.751+0000] {dag.py:3441} INFO - Setting next_dagrun for latest_only to 2024-06-14T17:59:06.751047+00:00, run_after=2024-06-14T21:59:06.751047+00:00
[2024-06-14T21:59:06.764+0000] {processor.py:175} INFO - Processing /home/airflow/.local/lib/python3.7/site-packages/airflow/example_dags/example_latest_only.py took 0.068 seconds
[2024-06-14T21:59:37.167+0000] {processor.py:153} INFO - Started process (PID=953) to work on /home/airflow/.local/lib/python3.7/site-packages/airflow/example_dags/example_latest_only.py
[2024-06-14T21:59:37.168+0000] {processor.py:743} INFO - Processing file /home/airflow/.local/lib/python3.7/site-packages/airflow/example_dags/example_latest_only.py for tasks to queue
[2024-06-14T21:59:37.169+0000] {logging_mixin.py:137} INFO - [2024-06-14T21:59:37.169+0000] {dagbag.py:538} INFO - Filling up the DagBag from /home/airflow/.local/lib/python3.7/site-packages/airflow/example_dags/example_latest_only.py
[2024-06-14T21:59:37.180+0000] {processor.py:753} INFO - DAG(s) dict_keys(['latest_only']) retrieved from /home/airflow/.local/lib/python3.7/site-packages/airflow/example_dags/example_latest_only.py
[2024-06-14T21:59:37.201+0000] {logging_mixin.py:137} INFO - [2024-06-14T21:59:37.201+0000] {dag.py:2690} INFO - Sync 1 DAGs
[2024-06-14T21:59:37.219+0000] {logging_mixin.py:137} INFO - [2024-06-14T21:59:37.219+0000] {dag.py:3441} INFO - Setting next_dagrun for latest_only to 2024-06-14T17:59:37.219149+00:00, run_after=2024-06-14T21:59:37.219149+00:00
[2024-06-14T21:59:37.232+0000] {processor.py:175} INFO - Processing /home/airflow/.local/lib/python3.7/site-packages/airflow/example_dags/example_latest_only.py took 0.069 seconds
[2024-06-14T22:00:07.699+0000] {processor.py:153} INFO - Started process (PID=1003) to work on /home/airflow/.local/lib/python3.7/site-packages/airflow/example_dags/example_latest_only.py
[2024-06-14T22:00:07.701+0000] {processor.py:743} INFO - Processing file /home/airflow/.local/lib/python3.7/site-packages/airflow/example_dags/example_latest_only.py for tasks to queue
[2024-06-14T22:00:07.702+0000] {logging_mixin.py:137} INFO - [2024-06-14T22:00:07.702+0000] {dagbag.py:538} INFO - Filling up the DagBag from /home/airflow/.local/lib/python3.7/site-packages/airflow/example_dags/example_latest_only.py
[2024-06-14T22:00:07.712+0000] {processor.py:753} INFO - DAG(s) dict_keys(['latest_only']) retrieved from /home/airflow/.local/lib/python3.7/site-packages/airflow/example_dags/example_latest_only.py
[2024-06-14T22:00:07.733+0000] {logging_mixin.py:137} INFO - [2024-06-14T22:00:07.733+0000] {dag.py:2690} INFO - Sync 1 DAGs
[2024-06-14T22:00:07.750+0000] {logging_mixin.py:137} INFO - [2024-06-14T22:00:07.750+0000] {dag.py:3441} INFO - Setting next_dagrun for latest_only to 2024-06-14T18:00:07.750612+00:00, run_after=2024-06-14T22:00:07.750612+00:00
[2024-06-14T22:00:07.763+0000] {processor.py:175} INFO - Processing /home/airflow/.local/lib/python3.7/site-packages/airflow/example_dags/example_latest_only.py took 0.067 seconds
[2024-06-14T22:00:38.159+0000] {processor.py:153} INFO - Started process (PID=1053) to work on /home/airflow/.local/lib/python3.7/site-packages/airflow/example_dags/example_latest_only.py
[2024-06-14T22:00:38.160+0000] {processor.py:743} INFO - Processing file /home/airflow/.local/lib/python3.7/site-packages/airflow/example_dags/example_latest_only.py for tasks to queue
[2024-06-14T22:00:38.161+0000] {logging_mixin.py:137} INFO - [2024-06-14T22:00:38.161+0000] {dagbag.py:538} INFO - Filling up the DagBag from /home/airflow/.local/lib/python3.7/site-packages/airflow/example_dags/example_latest_only.py
[2024-06-14T22:00:38.172+0000] {processor.py:753} INFO - DAG(s) dict_keys(['latest_only']) retrieved from /home/airflow/.local/lib/python3.7/site-packages/airflow/example_dags/example_latest_only.py
[2024-06-14T22:00:38.194+0000] {logging_mixin.py:137} INFO - [2024-06-14T22:00:38.193+0000] {dag.py:2690} INFO - Sync 1 DAGs
[2024-06-14T22:00:38.211+0000] {logging_mixin.py:137} INFO - [2024-06-14T22:00:38.211+0000] {dag.py:3441} INFO - Setting next_dagrun for latest_only to 2024-06-14T18:00:38.211288+00:00, run_after=2024-06-14T22:00:38.211288+00:00
[2024-06-14T22:00:38.224+0000] {processor.py:175} INFO - Processing /home/airflow/.local/lib/python3.7/site-packages/airflow/example_dags/example_latest_only.py took 0.068 seconds
[2024-06-14T22:01:08.723+0000] {processor.py:153} INFO - Started process (PID=1102) to work on /home/airflow/.local/lib/python3.7/site-packages/airflow/example_dags/example_latest_only.py
[2024-06-14T22:01:08.725+0000] {processor.py:743} INFO - Processing file /home/airflow/.local/lib/python3.7/site-packages/airflow/example_dags/example_latest_only.py for tasks to queue
[2024-06-14T22:01:08.725+0000] {logging_mixin.py:137} INFO - [2024-06-14T22:01:08.725+0000] {dagbag.py:538} INFO - Filling up the DagBag from /home/airflow/.local/lib/python3.7/site-packages/airflow/example_dags/example_latest_only.py
[2024-06-14T22:01:08.737+0000] {processor.py:753} INFO - DAG(s) dict_keys(['latest_only']) retrieved from /home/airflow/.local/lib/python3.7/site-packages/airflow/example_dags/example_latest_only.py
[2024-06-14T22:01:08.758+0000] {logging_mixin.py:137} INFO - [2024-06-14T22:01:08.758+0000] {dag.py:2690} INFO - Sync 1 DAGs
[2024-06-14T22:01:08.777+0000] {logging_mixin.py:137} INFO - [2024-06-14T22:01:08.777+0000] {dag.py:3441} INFO - Setting next_dagrun for latest_only to 2024-06-14T18:01:08.776789+00:00, run_after=2024-06-14T22:01:08.776789+00:00
[2024-06-14T22:01:08.791+0000] {processor.py:175} INFO - Processing /home/airflow/.local/lib/python3.7/site-packages/airflow/example_dags/example_latest_only.py took 0.071 seconds
[2024-06-14T22:01:39.176+0000] {processor.py:153} INFO - Started process (PID=1152) to work on /home/airflow/.local/lib/python3.7/site-packages/airflow/example_dags/example_latest_only.py
[2024-06-14T22:01:39.178+0000] {processor.py:743} INFO - Processing file /home/airflow/.local/lib/python3.7/site-packages/airflow/example_dags/example_latest_only.py for tasks to queue
[2024-06-14T22:01:39.179+0000] {logging_mixin.py:137} INFO - [2024-06-14T22:01:39.179+0000] {dagbag.py:538} INFO - Filling up the DagBag from /home/airflow/.local/lib/python3.7/site-packages/airflow/example_dags/example_latest_only.py
[2024-06-14T22:01:39.190+0000] {processor.py:753} INFO - DAG(s) dict_keys(['latest_only']) retrieved from /home/airflow/.local/lib/python3.7/site-packages/airflow/example_dags/example_latest_only.py
[2024-06-14T22:01:39.210+0000] {logging_mixin.py:137} INFO - [2024-06-14T22:01:39.210+0000] {dag.py:2690} INFO - Sync 1 DAGs
[2024-06-14T22:01:39.228+0000] {logging_mixin.py:137} INFO - [2024-06-14T22:01:39.228+0000] {dag.py:3441} INFO - Setting next_dagrun for latest_only to 2024-06-14T18:01:39.228111+00:00, run_after=2024-06-14T22:01:39.228111+00:00
[2024-06-14T22:01:39.242+0000] {processor.py:175} INFO - Processing /home/airflow/.local/lib/python3.7/site-packages/airflow/example_dags/example_latest_only.py took 0.068 seconds
[2024-06-14T22:02:09.602+0000] {processor.py:153} INFO - Started process (PID=1202) to work on /home/airflow/.local/lib/python3.7/site-packages/airflow/example_dags/example_latest_only.py
[2024-06-14T22:02:09.603+0000] {processor.py:743} INFO - Processing file /home/airflow/.local/lib/python3.7/site-packages/airflow/example_dags/example_latest_only.py for tasks to queue
[2024-06-14T22:02:09.604+0000] {logging_mixin.py:137} INFO - [2024-06-14T22:02:09.604+0000] {dagbag.py:538} INFO - Filling up the DagBag from /home/airflow/.local/lib/python3.7/site-packages/airflow/example_dags/example_latest_only.py
[2024-06-14T22:02:09.615+0000] {processor.py:753} INFO - DAG(s) dict_keys(['latest_only']) retrieved from /home/airflow/.local/lib/python3.7/site-packages/airflow/example_dags/example_latest_only.py
[2024-06-14T22:02:09.636+0000] {logging_mixin.py:137} INFO - [2024-06-14T22:02:09.636+0000] {dag.py:2690} INFO - Sync 1 DAGs
[2024-06-14T22:02:09.654+0000] {logging_mixin.py:137} INFO - [2024-06-14T22:02:09.654+0000] {dag.py:3441} INFO - Setting next_dagrun for latest_only to 2024-06-14T18:02:09.654343+00:00, run_after=2024-06-14T22:02:09.654343+00:00
[2024-06-14T22:02:09.668+0000] {processor.py:175} INFO - Processing /home/airflow/.local/lib/python3.7/site-packages/airflow/example_dags/example_latest_only.py took 0.069 seconds
[2024-06-14T22:02:40.329+0000] {processor.py:153} INFO - Started process (PID=1252) to work on /home/airflow/.local/lib/python3.7/site-packages/airflow/example_dags/example_latest_only.py
[2024-06-14T22:02:40.330+0000] {processor.py:743} INFO - Processing file /home/airflow/.local/lib/python3.7/site-packages/airflow/example_dags/example_latest_only.py for tasks to queue
[2024-06-14T22:02:40.331+0000] {logging_mixin.py:137} INFO - [2024-06-14T22:02:40.331+0000] {dagbag.py:538} INFO - Filling up the DagBag from /home/airflow/.local/lib/python3.7/site-packages/airflow/example_dags/example_latest_only.py
[2024-06-14T22:02:40.342+0000] {processor.py:753} INFO - DAG(s) dict_keys(['latest_only']) retrieved from /home/airflow/.local/lib/python3.7/site-packages/airflow/example_dags/example_latest_only.py
[2024-06-14T22:02:40.364+0000] {logging_mixin.py:137} INFO - [2024-06-14T22:02:40.363+0000] {dag.py:2690} INFO - Sync 1 DAGs
[2024-06-14T22:02:40.382+0000] {logging_mixin.py:137} INFO - [2024-06-14T22:02:40.381+0000] {dag.py:3441} INFO - Setting next_dagrun for latest_only to 2024-06-14T18:02:40.381703+00:00, run_after=2024-06-14T22:02:40.381703+00:00
[2024-06-14T22:02:40.395+0000] {processor.py:175} INFO - Processing /home/airflow/.local/lib/python3.7/site-packages/airflow/example_dags/example_latest_only.py took 0.070 seconds
[2024-06-14T22:03:10.941+0000] {processor.py:153} INFO - Started process (PID=1302) to work on /home/airflow/.local/lib/python3.7/site-packages/airflow/example_dags/example_latest_only.py
[2024-06-14T22:03:10.942+0000] {processor.py:743} INFO - Processing file /home/airflow/.local/lib/python3.7/site-packages/airflow/example_dags/example_latest_only.py for tasks to queue
[2024-06-14T22:03:10.943+0000] {logging_mixin.py:137} INFO - [2024-06-14T22:03:10.943+0000] {dagbag.py:538} INFO - Filling up the DagBag from /home/airflow/.local/lib/python3.7/site-packages/airflow/example_dags/example_latest_only.py
[2024-06-14T22:03:10.954+0000] {processor.py:753} INFO - DAG(s) dict_keys(['latest_only']) retrieved from /home/airflow/.local/lib/python3.7/site-packages/airflow/example_dags/example_latest_only.py
[2024-06-14T22:03:10.974+0000] {logging_mixin.py:137} INFO - [2024-06-14T22:03:10.974+0000] {dag.py:2690} INFO - Sync 1 DAGs
[2024-06-14T22:03:10.992+0000] {logging_mixin.py:137} INFO - [2024-06-14T22:03:10.992+0000] {dag.py:3441} INFO - Setting next_dagrun for latest_only to 2024-06-14T18:03:10.992586+00:00, run_after=2024-06-14T22:03:10.992586+00:00
[2024-06-14T22:03:11.005+0000] {processor.py:175} INFO - Processing /home/airflow/.local/lib/python3.7/site-packages/airflow/example_dags/example_latest_only.py took 0.068 seconds
[2024-06-14T22:03:41.399+0000] {processor.py:153} INFO - Started process (PID=1352) to work on /home/airflow/.local/lib/python3.7/site-packages/airflow/example_dags/example_latest_only.py
[2024-06-14T22:03:41.400+0000] {processor.py:743} INFO - Processing file /home/airflow/.local/lib/python3.7/site-packages/airflow/example_dags/example_latest_only.py for tasks to queue
[2024-06-14T22:03:41.401+0000] {logging_mixin.py:137} INFO - [2024-06-14T22:03:41.401+0000] {dagbag.py:538} INFO - Filling up the DagBag from /home/airflow/.local/lib/python3.7/site-packages/airflow/example_dags/example_latest_only.py
[2024-06-14T22:03:41.412+0000] {processor.py:753} INFO - DAG(s) dict_keys(['latest_only']) retrieved from /home/airflow/.local/lib/python3.7/site-packages/airflow/example_dags/example_latest_only.py
[2024-06-14T22:03:41.433+0000] {logging_mixin.py:137} INFO - [2024-06-14T22:03:41.433+0000] {dag.py:2690} INFO - Sync 1 DAGs
[2024-06-14T22:03:41.450+0000] {logging_mixin.py:137} INFO - [2024-06-14T22:03:41.450+0000] {dag.py:3441} INFO - Setting next_dagrun for latest_only to 2024-06-14T18:03:41.450508+00:00, run_after=2024-06-14T22:03:41.450508+00:00
[2024-06-14T22:03:41.463+0000] {processor.py:175} INFO - Processing /home/airflow/.local/lib/python3.7/site-packages/airflow/example_dags/example_latest_only.py took 0.068 seconds
[2024-06-14T22:04:11.813+0000] {processor.py:153} INFO - Started process (PID=1402) to work on /home/airflow/.local/lib/python3.7/site-packages/airflow/example_dags/example_latest_only.py
[2024-06-14T22:04:11.814+0000] {processor.py:743} INFO - Processing file /home/airflow/.local/lib/python3.7/site-packages/airflow/example_dags/example_latest_only.py for tasks to queue
[2024-06-14T22:04:11.815+0000] {logging_mixin.py:137} INFO - [2024-06-14T22:04:11.815+0000] {dagbag.py:538} INFO - Filling up the DagBag from /home/airflow/.local/lib/python3.7/site-packages/airflow/example_dags/example_latest_only.py
[2024-06-14T22:04:11.826+0000] {processor.py:753} INFO - DAG(s) dict_keys(['latest_only']) retrieved from /home/airflow/.local/lib/python3.7/site-packages/airflow/example_dags/example_latest_only.py
[2024-06-14T22:04:11.848+0000] {logging_mixin.py:137} INFO - [2024-06-14T22:04:11.848+0000] {dag.py:2690} INFO - Sync 1 DAGs
[2024-06-14T22:04:11.864+0000] {logging_mixin.py:137} INFO - [2024-06-14T22:04:11.864+0000] {dag.py:3441} INFO - Setting next_dagrun for latest_only to 2024-06-14T18:04:11.864545+00:00, run_after=2024-06-14T22:04:11.864545+00:00
[2024-06-14T22:04:11.877+0000] {processor.py:175} INFO - Processing /home/airflow/.local/lib/python3.7/site-packages/airflow/example_dags/example_latest_only.py took 0.067 seconds
[2024-06-14T22:04:42.581+0000] {processor.py:153} INFO - Started process (PID=1451) to work on /home/airflow/.local/lib/python3.7/site-packages/airflow/example_dags/example_latest_only.py
[2024-06-14T22:04:42.582+0000] {processor.py:743} INFO - Processing file /home/airflow/.local/lib/python3.7/site-packages/airflow/example_dags/example_latest_only.py for tasks to queue
[2024-06-14T22:04:42.583+0000] {logging_mixin.py:137} INFO - [2024-06-14T22:04:42.583+0000] {dagbag.py:538} INFO - Filling up the DagBag from /home/airflow/.local/lib/python3.7/site-packages/airflow/example_dags/example_latest_only.py
[2024-06-14T22:04:42.595+0000] {processor.py:753} INFO - DAG(s) dict_keys(['latest_only']) retrieved from /home/airflow/.local/lib/python3.7/site-packages/airflow/example_dags/example_latest_only.py
[2024-06-14T22:04:42.616+0000] {logging_mixin.py:137} INFO - [2024-06-14T22:04:42.616+0000] {dag.py:2690} INFO - Sync 1 DAGs
[2024-06-14T22:04:42.633+0000] {logging_mixin.py:137} INFO - [2024-06-14T22:04:42.633+0000] {dag.py:3441} INFO - Setting next_dagrun for latest_only to 2024-06-14T18:04:42.632880+00:00, run_after=2024-06-14T22:04:42.632880+00:00
[2024-06-14T22:04:42.647+0000] {processor.py:175} INFO - Processing /home/airflow/.local/lib/python3.7/site-packages/airflow/example_dags/example_latest_only.py took 0.070 seconds
[2024-06-14T22:05:13.014+0000] {processor.py:153} INFO - Started process (PID=1500) to work on /home/airflow/.local/lib/python3.7/site-packages/airflow/example_dags/example_latest_only.py
[2024-06-14T22:05:13.015+0000] {processor.py:743} INFO - Processing file /home/airflow/.local/lib/python3.7/site-packages/airflow/example_dags/example_latest_only.py for tasks to queue
[2024-06-14T22:05:13.016+0000] {logging_mixin.py:137} INFO - [2024-06-14T22:05:13.016+0000] {dagbag.py:538} INFO - Filling up the DagBag from /home/airflow/.local/lib/python3.7/site-packages/airflow/example_dags/example_latest_only.py
[2024-06-14T22:05:13.030+0000] {processor.py:753} INFO - DAG(s) dict_keys(['latest_only']) retrieved from /home/airflow/.local/lib/python3.7/site-packages/airflow/example_dags/example_latest_only.py
[2024-06-14T22:05:13.054+0000] {logging_mixin.py:137} INFO - [2024-06-14T22:05:13.054+0000] {dag.py:2690} INFO - Sync 1 DAGs
[2024-06-14T22:05:13.072+0000] {logging_mixin.py:137} INFO - [2024-06-14T22:05:13.072+0000] {dag.py:3441} INFO - Setting next_dagrun for latest_only to 2024-06-14T18:05:13.071979+00:00, run_after=2024-06-14T22:05:13.071979+00:00
[2024-06-14T22:05:13.085+0000] {processor.py:175} INFO - Processing /home/airflow/.local/lib/python3.7/site-packages/airflow/example_dags/example_latest_only.py took 0.074 seconds
[2024-06-14T22:05:43.652+0000] {processor.py:153} INFO - Started process (PID=1550) to work on /home/airflow/.local/lib/python3.7/site-packages/airflow/example_dags/example_latest_only.py
[2024-06-14T22:05:43.654+0000] {processor.py:743} INFO - Processing file /home/airflow/.local/lib/python3.7/site-packages/airflow/example_dags/example_latest_only.py for tasks to queue
[2024-06-14T22:05:43.655+0000] {logging_mixin.py:137} INFO - [2024-06-14T22:05:43.655+0000] {dagbag.py:538} INFO - Filling up the DagBag from /home/airflow/.local/lib/python3.7/site-packages/airflow/example_dags/example_latest_only.py
[2024-06-14T22:05:43.669+0000] {processor.py:753} INFO - DAG(s) dict_keys(['latest_only']) retrieved from /home/airflow/.local/lib/python3.7/site-packages/airflow/example_dags/example_latest_only.py
[2024-06-14T22:05:43.700+0000] {logging_mixin.py:137} INFO - [2024-06-14T22:05:43.700+0000] {dag.py:2690} INFO - Sync 1 DAGs
[2024-06-14T22:05:43.722+0000] {logging_mixin.py:137} INFO - [2024-06-14T22:05:43.721+0000] {dag.py:3441} INFO - Setting next_dagrun for latest_only to 2024-06-14T18:05:43.721636+00:00, run_after=2024-06-14T22:05:43.721636+00:00
[2024-06-14T22:05:43.737+0000] {processor.py:175} INFO - Processing /home/airflow/.local/lib/python3.7/site-packages/airflow/example_dags/example_latest_only.py took 0.089 seconds
[2024-06-14T22:06:14.251+0000] {processor.py:153} INFO - Started process (PID=1600) to work on /home/airflow/.local/lib/python3.7/site-packages/airflow/example_dags/example_latest_only.py
[2024-06-14T22:06:14.252+0000] {processor.py:743} INFO - Processing file /home/airflow/.local/lib/python3.7/site-packages/airflow/example_dags/example_latest_only.py for tasks to queue
[2024-06-14T22:06:14.253+0000] {logging_mixin.py:137} INFO - [2024-06-14T22:06:14.253+0000] {dagbag.py:538} INFO - Filling up the DagBag from /home/airflow/.local/lib/python3.7/site-packages/airflow/example_dags/example_latest_only.py
[2024-06-14T22:06:14.264+0000] {processor.py:753} INFO - DAG(s) dict_keys(['latest_only']) retrieved from /home/airflow/.local/lib/python3.7/site-packages/airflow/example_dags/example_latest_only.py
[2024-06-14T22:06:14.286+0000] {logging_mixin.py:137} INFO - [2024-06-14T22:06:14.286+0000] {dag.py:2690} INFO - Sync 1 DAGs
[2024-06-14T22:06:14.305+0000] {logging_mixin.py:137} INFO - [2024-06-14T22:06:14.305+0000] {dag.py:3441} INFO - Setting next_dagrun for latest_only to 2024-06-14T18:06:14.305047+00:00, run_after=2024-06-14T22:06:14.305047+00:00
[2024-06-14T22:06:14.319+0000] {processor.py:175} INFO - Processing /home/airflow/.local/lib/python3.7/site-packages/airflow/example_dags/example_latest_only.py took 0.071 seconds
[2024-06-14T22:06:44.870+0000] {processor.py:153} INFO - Started process (PID=1650) to work on /home/airflow/.local/lib/python3.7/site-packages/airflow/example_dags/example_latest_only.py
[2024-06-14T22:06:44.871+0000] {processor.py:743} INFO - Processing file /home/airflow/.local/lib/python3.7/site-packages/airflow/example_dags/example_latest_only.py for tasks to queue
[2024-06-14T22:06:44.872+0000] {logging_mixin.py:137} INFO - [2024-06-14T22:06:44.872+0000] {dagbag.py:538} INFO - Filling up the DagBag from /home/airflow/.local/lib/python3.7/site-packages/airflow/example_dags/example_latest_only.py
[2024-06-14T22:06:44.883+0000] {processor.py:753} INFO - DAG(s) dict_keys(['latest_only']) retrieved from /home/airflow/.local/lib/python3.7/site-packages/airflow/example_dags/example_latest_only.py
[2024-06-14T22:06:44.904+0000] {logging_mixin.py:137} INFO - [2024-06-14T22:06:44.904+0000] {dag.py:2690} INFO - Sync 1 DAGs
[2024-06-14T22:06:44.922+0000] {logging_mixin.py:137} INFO - [2024-06-14T22:06:44.922+0000] {dag.py:3441} INFO - Setting next_dagrun for latest_only to 2024-06-14T18:06:44.922012+00:00, run_after=2024-06-14T22:06:44.922012+00:00
[2024-06-14T22:06:44.934+0000] {processor.py:175} INFO - Processing /home/airflow/.local/lib/python3.7/site-packages/airflow/example_dags/example_latest_only.py took 0.067 seconds
[2024-06-14T22:07:15.328+0000] {processor.py:153} INFO - Started process (PID=1700) to work on /home/airflow/.local/lib/python3.7/site-packages/airflow/example_dags/example_latest_only.py
[2024-06-14T22:07:15.329+0000] {processor.py:743} INFO - Processing file /home/airflow/.local/lib/python3.7/site-packages/airflow/example_dags/example_latest_only.py for tasks to queue
[2024-06-14T22:07:15.330+0000] {logging_mixin.py:137} INFO - [2024-06-14T22:07:15.330+0000] {dagbag.py:538} INFO - Filling up the DagBag from /home/airflow/.local/lib/python3.7/site-packages/airflow/example_dags/example_latest_only.py
[2024-06-14T22:07:15.342+0000] {processor.py:753} INFO - DAG(s) dict_keys(['latest_only']) retrieved from /home/airflow/.local/lib/python3.7/site-packages/airflow/example_dags/example_latest_only.py
[2024-06-14T22:07:15.366+0000] {logging_mixin.py:137} INFO - [2024-06-14T22:07:15.366+0000] {dag.py:2690} INFO - Sync 1 DAGs
[2024-06-14T22:07:15.385+0000] {logging_mixin.py:137} INFO - [2024-06-14T22:07:15.385+0000] {dag.py:3441} INFO - Setting next_dagrun for latest_only to 2024-06-14T18:07:15.385019+00:00, run_after=2024-06-14T22:07:15.385019+00:00
[2024-06-14T22:07:15.399+0000] {processor.py:175} INFO - Processing /home/airflow/.local/lib/python3.7/site-packages/airflow/example_dags/example_latest_only.py took 0.075 seconds
[2024-06-14T22:07:45.933+0000] {processor.py:153} INFO - Started process (PID=1750) to work on /home/airflow/.local/lib/python3.7/site-packages/airflow/example_dags/example_latest_only.py
[2024-06-14T22:07:45.934+0000] {processor.py:743} INFO - Processing file /home/airflow/.local/lib/python3.7/site-packages/airflow/example_dags/example_latest_only.py for tasks to queue
[2024-06-14T22:07:45.935+0000] {logging_mixin.py:137} INFO - [2024-06-14T22:07:45.935+0000] {dagbag.py:538} INFO - Filling up the DagBag from /home/airflow/.local/lib/python3.7/site-packages/airflow/example_dags/example_latest_only.py
[2024-06-14T22:07:45.946+0000] {processor.py:753} INFO - DAG(s) dict_keys(['latest_only']) retrieved from /home/airflow/.local/lib/python3.7/site-packages/airflow/example_dags/example_latest_only.py
[2024-06-14T22:07:45.967+0000] {logging_mixin.py:137} INFO - [2024-06-14T22:07:45.967+0000] {dag.py:2690} INFO - Sync 1 DAGs
[2024-06-14T22:07:45.986+0000] {logging_mixin.py:137} INFO - [2024-06-14T22:07:45.985+0000] {dag.py:3441} INFO - Setting next_dagrun for latest_only to 2024-06-14T18:07:45.985709+00:00, run_after=2024-06-14T22:07:45.985709+00:00
[2024-06-14T22:07:46.000+0000] {processor.py:175} INFO - Processing /home/airflow/.local/lib/python3.7/site-packages/airflow/example_dags/example_latest_only.py took 0.070 seconds
[2024-06-14T22:08:16.490+0000] {processor.py:153} INFO - Started process (PID=1800) to work on /home/airflow/.local/lib/python3.7/site-packages/airflow/example_dags/example_latest_only.py
[2024-06-14T22:08:16.492+0000] {processor.py:743} INFO - Processing file /home/airflow/.local/lib/python3.7/site-packages/airflow/example_dags/example_latest_only.py for tasks to queue
[2024-06-14T22:08:16.493+0000] {logging_mixin.py:137} INFO - [2024-06-14T22:08:16.492+0000] {dagbag.py:538} INFO - Filling up the DagBag from /home/airflow/.local/lib/python3.7/site-packages/airflow/example_dags/example_latest_only.py
[2024-06-14T22:08:16.503+0000] {processor.py:753} INFO - DAG(s) dict_keys(['latest_only']) retrieved from /home/airflow/.local/lib/python3.7/site-packages/airflow/example_dags/example_latest_only.py
[2024-06-14T22:08:16.524+0000] {logging_mixin.py:137} INFO - [2024-06-14T22:08:16.524+0000] {dag.py:2690} INFO - Sync 1 DAGs
[2024-06-14T22:08:16.541+0000] {logging_mixin.py:137} INFO - [2024-06-14T22:08:16.541+0000] {dag.py:3441} INFO - Setting next_dagrun for latest_only to 2024-06-14T18:08:16.541606+00:00, run_after=2024-06-14T22:08:16.541606+00:00
[2024-06-14T22:08:16.554+0000] {processor.py:175} INFO - Processing /home/airflow/.local/lib/python3.7/site-packages/airflow/example_dags/example_latest_only.py took 0.067 seconds
[2024-06-14T22:08:47.213+0000] {processor.py:153} INFO - Started process (PID=1850) to work on /home/airflow/.local/lib/python3.7/site-packages/airflow/example_dags/example_latest_only.py
[2024-06-14T22:08:47.215+0000] {processor.py:743} INFO - Processing file /home/airflow/.local/lib/python3.7/site-packages/airflow/example_dags/example_latest_only.py for tasks to queue
[2024-06-14T22:08:47.216+0000] {logging_mixin.py:137} INFO - [2024-06-14T22:08:47.215+0000] {dagbag.py:538} INFO - Filling up the DagBag from /home/airflow/.local/lib/python3.7/site-packages/airflow/example_dags/example_latest_only.py
[2024-06-14T22:08:47.226+0000] {processor.py:753} INFO - DAG(s) dict_keys(['latest_only']) retrieved from /home/airflow/.local/lib/python3.7/site-packages/airflow/example_dags/example_latest_only.py
[2024-06-14T22:08:47.247+0000] {logging_mixin.py:137} INFO - [2024-06-14T22:08:47.247+0000] {dag.py:2690} INFO - Sync 1 DAGs
[2024-06-14T22:08:47.265+0000] {logging_mixin.py:137} INFO - [2024-06-14T22:08:47.265+0000] {dag.py:3441} INFO - Setting next_dagrun for latest_only to 2024-06-14T18:08:47.265146+00:00, run_after=2024-06-14T22:08:47.265146+00:00
[2024-06-14T22:08:47.277+0000] {processor.py:175} INFO - Processing /home/airflow/.local/lib/python3.7/site-packages/airflow/example_dags/example_latest_only.py took 0.067 seconds
[2024-06-14T22:09:17.750+0000] {processor.py:153} INFO - Started process (PID=1900) to work on /home/airflow/.local/lib/python3.7/site-packages/airflow/example_dags/example_latest_only.py
[2024-06-14T22:09:17.751+0000] {processor.py:743} INFO - Processing file /home/airflow/.local/lib/python3.7/site-packages/airflow/example_dags/example_latest_only.py for tasks to queue
[2024-06-14T22:09:17.752+0000] {logging_mixin.py:137} INFO - [2024-06-14T22:09:17.752+0000] {dagbag.py:538} INFO - Filling up the DagBag from /home/airflow/.local/lib/python3.7/site-packages/airflow/example_dags/example_latest_only.py
[2024-06-14T22:09:17.762+0000] {processor.py:753} INFO - DAG(s) dict_keys(['latest_only']) retrieved from /home/airflow/.local/lib/python3.7/site-packages/airflow/example_dags/example_latest_only.py
[2024-06-14T22:09:17.784+0000] {logging_mixin.py:137} INFO - [2024-06-14T22:09:17.784+0000] {dag.py:2690} INFO - Sync 1 DAGs
[2024-06-14T22:09:17.802+0000] {logging_mixin.py:137} INFO - [2024-06-14T22:09:17.802+0000] {dag.py:3441} INFO - Setting next_dagrun for latest_only to 2024-06-14T18:09:17.802517+00:00, run_after=2024-06-14T22:09:17.802517+00:00
[2024-06-14T22:09:17.817+0000] {processor.py:175} INFO - Processing /home/airflow/.local/lib/python3.7/site-packages/airflow/example_dags/example_latest_only.py took 0.071 seconds
[2024-06-14T22:09:48.230+0000] {processor.py:153} INFO - Started process (PID=1950) to work on /home/airflow/.local/lib/python3.7/site-packages/airflow/example_dags/example_latest_only.py
[2024-06-14T22:09:48.232+0000] {processor.py:743} INFO - Processing file /home/airflow/.local/lib/python3.7/site-packages/airflow/example_dags/example_latest_only.py for tasks to queue
[2024-06-14T22:09:48.233+0000] {logging_mixin.py:137} INFO - [2024-06-14T22:09:48.233+0000] {dagbag.py:538} INFO - Filling up the DagBag from /home/airflow/.local/lib/python3.7/site-packages/airflow/example_dags/example_latest_only.py
[2024-06-14T22:09:48.244+0000] {processor.py:753} INFO - DAG(s) dict_keys(['latest_only']) retrieved from /home/airflow/.local/lib/python3.7/site-packages/airflow/example_dags/example_latest_only.py
[2024-06-14T22:09:48.264+0000] {logging_mixin.py:137} INFO - [2024-06-14T22:09:48.264+0000] {dag.py:2690} INFO - Sync 1 DAGs
[2024-06-14T22:09:48.282+0000] {logging_mixin.py:137} INFO - [2024-06-14T22:09:48.282+0000] {dag.py:3441} INFO - Setting next_dagrun for latest_only to 2024-06-14T18:09:48.282525+00:00, run_after=2024-06-14T22:09:48.282525+00:00
[2024-06-14T22:09:48.295+0000] {processor.py:175} INFO - Processing /home/airflow/.local/lib/python3.7/site-packages/airflow/example_dags/example_latest_only.py took 0.068 seconds
[2024-06-14T22:10:18.696+0000] {processor.py:153} INFO - Started process (PID=2000) to work on /home/airflow/.local/lib/python3.7/site-packages/airflow/example_dags/example_latest_only.py
[2024-06-14T22:10:18.697+0000] {processor.py:743} INFO - Processing file /home/airflow/.local/lib/python3.7/site-packages/airflow/example_dags/example_latest_only.py for tasks to queue
[2024-06-14T22:10:18.698+0000] {logging_mixin.py:137} INFO - [2024-06-14T22:10:18.698+0000] {dagbag.py:538} INFO - Filling up the DagBag from /home/airflow/.local/lib/python3.7/site-packages/airflow/example_dags/example_latest_only.py
[2024-06-14T22:10:18.710+0000] {processor.py:753} INFO - DAG(s) dict_keys(['latest_only']) retrieved from /home/airflow/.local/lib/python3.7/site-packages/airflow/example_dags/example_latest_only.py
[2024-06-14T22:10:18.731+0000] {logging_mixin.py:137} INFO - [2024-06-14T22:10:18.731+0000] {dag.py:2690} INFO - Sync 1 DAGs
[2024-06-14T22:10:18.748+0000] {logging_mixin.py:137} INFO - [2024-06-14T22:10:18.748+0000] {dag.py:3441} INFO - Setting next_dagrun for latest_only to 2024-06-14T18:10:18.748368+00:00, run_after=2024-06-14T22:10:18.748368+00:00
[2024-06-14T22:10:18.762+0000] {processor.py:175} INFO - Processing /home/airflow/.local/lib/python3.7/site-packages/airflow/example_dags/example_latest_only.py took 0.069 seconds
[2024-06-14T22:58:49.159+0000] {processor.py:153} INFO - Started process (PID=2050) to work on /home/airflow/.local/lib/python3.7/site-packages/airflow/example_dags/example_latest_only.py
[2024-06-14T22:58:49.160+0000] {processor.py:743} INFO - Processing file /home/airflow/.local/lib/python3.7/site-packages/airflow/example_dags/example_latest_only.py for tasks to queue
[2024-06-14T22:58:49.161+0000] {logging_mixin.py:137} INFO - [2024-06-14T22:58:49.161+0000] {dagbag.py:538} INFO - Filling up the DagBag from /home/airflow/.local/lib/python3.7/site-packages/airflow/example_dags/example_latest_only.py
[2024-06-14T22:58:49.173+0000] {processor.py:753} INFO - DAG(s) dict_keys(['latest_only']) retrieved from /home/airflow/.local/lib/python3.7/site-packages/airflow/example_dags/example_latest_only.py
[2024-06-14T22:58:49.195+0000] {logging_mixin.py:137} INFO - [2024-06-14T22:58:49.195+0000] {dag.py:2690} INFO - Sync 1 DAGs
[2024-06-14T22:58:49.214+0000] {logging_mixin.py:137} INFO - [2024-06-14T22:58:49.214+0000] {dag.py:3441} INFO - Setting next_dagrun for latest_only to 2024-06-14T18:58:49.214229+00:00, run_after=2024-06-14T22:58:49.214229+00:00
[2024-06-14T22:58:49.228+0000] {processor.py:175} INFO - Processing /home/airflow/.local/lib/python3.7/site-packages/airflow/example_dags/example_latest_only.py took 0.072 seconds
[2024-06-14T23:14:29.956+0000] {processor.py:153} INFO - Started process (PID=2107) to work on /home/airflow/.local/lib/python3.7/site-packages/airflow/example_dags/example_latest_only.py
[2024-06-14T23:14:29.979+0000] {processor.py:743} INFO - Processing file /home/airflow/.local/lib/python3.7/site-packages/airflow/example_dags/example_latest_only.py for tasks to queue
[2024-06-14T23:14:29.983+0000] {logging_mixin.py:137} INFO - [2024-06-14T23:14:29.983+0000] {dagbag.py:538} INFO - Filling up the DagBag from /home/airflow/.local/lib/python3.7/site-packages/airflow/example_dags/example_latest_only.py
[2024-06-14T23:14:30.066+0000] {processor.py:753} INFO - DAG(s) dict_keys(['latest_only']) retrieved from /home/airflow/.local/lib/python3.7/site-packages/airflow/example_dags/example_latest_only.py
[2024-06-14T23:14:30.157+0000] {logging_mixin.py:137} INFO - [2024-06-14T23:14:30.156+0000] {dag.py:2690} INFO - Sync 1 DAGs
[2024-06-14T23:14:30.234+0000] {logging_mixin.py:137} INFO - [2024-06-14T23:14:30.233+0000] {dag.py:3441} INFO - Setting next_dagrun for latest_only to 2024-06-14T19:14:30.232965+00:00, run_after=2024-06-14T23:14:30.232965+00:00
[2024-06-14T23:14:30.297+0000] {processor.py:175} INFO - Processing /home/airflow/.local/lib/python3.7/site-packages/airflow/example_dags/example_latest_only.py took 0.365 seconds
