[2024-06-14T21:50:27.798+0000] {processor.py:153} INFO - Started process (PID=65) to work on /home/airflow/.local/lib/python3.7/site-packages/airflow/example_dags/example_external_task_marker_dag.py
[2024-06-14T21:50:27.800+0000] {processor.py:743} INFO - Processing file /home/airflow/.local/lib/python3.7/site-packages/airflow/example_dags/example_external_task_marker_dag.py for tasks to queue
[2024-06-14T21:50:27.800+0000] {logging_mixin.py:137} INFO - [2024-06-14T21:50:27.800+0000] {dagbag.py:538} INFO - Filling up the DagBag from /home/airflow/.local/lib/python3.7/site-packages/airflow/example_dags/example_external_task_marker_dag.py
[2024-06-14T21:50:27.816+0000] {processor.py:753} INFO - DAG(s) dict_keys(['example_external_task_marker_parent', 'example_external_task_marker_child']) retrieved from /home/airflow/.local/lib/python3.7/site-packages/airflow/example_dags/example_external_task_marker_dag.py
[2024-06-14T21:50:27.843+0000] {logging_mixin.py:137} INFO - [2024-06-14T21:50:27.843+0000] {dag.py:2690} INFO - Sync 2 DAGs
[2024-06-14T21:50:27.861+0000] {logging_mixin.py:137} INFO - [2024-06-14T21:50:27.861+0000] {dag.py:3441} INFO - Setting next_dagrun for example_external_task_marker_child to None, run_after=None
[2024-06-14T21:50:27.865+0000] {logging_mixin.py:137} INFO - [2024-06-14T21:50:27.865+0000] {dag.py:3441} INFO - Setting next_dagrun for example_external_task_marker_parent to None, run_after=None
[2024-06-14T21:50:27.878+0000] {processor.py:175} INFO - Processing /home/airflow/.local/lib/python3.7/site-packages/airflow/example_dags/example_external_task_marker_dag.py took 0.083 seconds
[2024-06-14T21:50:58.695+0000] {processor.py:153} INFO - Started process (PID=115) to work on /home/airflow/.local/lib/python3.7/site-packages/airflow/example_dags/example_external_task_marker_dag.py
[2024-06-14T21:50:58.696+0000] {processor.py:743} INFO - Processing file /home/airflow/.local/lib/python3.7/site-packages/airflow/example_dags/example_external_task_marker_dag.py for tasks to queue
[2024-06-14T21:50:58.697+0000] {logging_mixin.py:137} INFO - [2024-06-14T21:50:58.697+0000] {dagbag.py:538} INFO - Filling up the DagBag from /home/airflow/.local/lib/python3.7/site-packages/airflow/example_dags/example_external_task_marker_dag.py
[2024-06-14T21:50:58.708+0000] {processor.py:753} INFO - DAG(s) dict_keys(['example_external_task_marker_parent', 'example_external_task_marker_child']) retrieved from /home/airflow/.local/lib/python3.7/site-packages/airflow/example_dags/example_external_task_marker_dag.py
[2024-06-14T21:50:58.730+0000] {logging_mixin.py:137} INFO - [2024-06-14T21:50:58.730+0000] {dag.py:2690} INFO - Sync 2 DAGs
[2024-06-14T21:50:58.747+0000] {logging_mixin.py:137} INFO - [2024-06-14T21:50:58.747+0000] {dag.py:3441} INFO - Setting next_dagrun for example_external_task_marker_child to None, run_after=None
[2024-06-14T21:50:58.749+0000] {logging_mixin.py:137} INFO - [2024-06-14T21:50:58.749+0000] {dag.py:3441} INFO - Setting next_dagrun for example_external_task_marker_parent to None, run_after=None
[2024-06-14T21:50:58.761+0000] {processor.py:175} INFO - Processing /home/airflow/.local/lib/python3.7/site-packages/airflow/example_dags/example_external_task_marker_dag.py took 0.069 seconds
[2024-06-14T21:51:29.137+0000] {processor.py:153} INFO - Started process (PID=165) to work on /home/airflow/.local/lib/python3.7/site-packages/airflow/example_dags/example_external_task_marker_dag.py
[2024-06-14T21:51:29.138+0000] {processor.py:743} INFO - Processing file /home/airflow/.local/lib/python3.7/site-packages/airflow/example_dags/example_external_task_marker_dag.py for tasks to queue
[2024-06-14T21:51:29.140+0000] {logging_mixin.py:137} INFO - [2024-06-14T21:51:29.140+0000] {dagbag.py:538} INFO - Filling up the DagBag from /home/airflow/.local/lib/python3.7/site-packages/airflow/example_dags/example_external_task_marker_dag.py
[2024-06-14T21:51:29.152+0000] {processor.py:753} INFO - DAG(s) dict_keys(['example_external_task_marker_parent', 'example_external_task_marker_child']) retrieved from /home/airflow/.local/lib/python3.7/site-packages/airflow/example_dags/example_external_task_marker_dag.py
[2024-06-14T21:51:29.182+0000] {logging_mixin.py:137} INFO - [2024-06-14T21:51:29.182+0000] {dag.py:2690} INFO - Sync 2 DAGs
[2024-06-14T21:51:29.200+0000] {logging_mixin.py:137} INFO - [2024-06-14T21:51:29.200+0000] {dag.py:3441} INFO - Setting next_dagrun for example_external_task_marker_child to None, run_after=None
[2024-06-14T21:51:29.203+0000] {logging_mixin.py:137} INFO - [2024-06-14T21:51:29.203+0000] {dag.py:3441} INFO - Setting next_dagrun for example_external_task_marker_parent to None, run_after=None
[2024-06-14T21:51:29.215+0000] {processor.py:175} INFO - Processing /home/airflow/.local/lib/python3.7/site-packages/airflow/example_dags/example_external_task_marker_dag.py took 0.082 seconds
[2024-06-14T21:51:59.450+0000] {processor.py:153} INFO - Started process (PID=215) to work on /home/airflow/.local/lib/python3.7/site-packages/airflow/example_dags/example_external_task_marker_dag.py
[2024-06-14T21:51:59.452+0000] {processor.py:743} INFO - Processing file /home/airflow/.local/lib/python3.7/site-packages/airflow/example_dags/example_external_task_marker_dag.py for tasks to queue
[2024-06-14T21:51:59.453+0000] {logging_mixin.py:137} INFO - [2024-06-14T21:51:59.453+0000] {dagbag.py:538} INFO - Filling up the DagBag from /home/airflow/.local/lib/python3.7/site-packages/airflow/example_dags/example_external_task_marker_dag.py
[2024-06-14T21:51:59.463+0000] {processor.py:753} INFO - DAG(s) dict_keys(['example_external_task_marker_child', 'example_external_task_marker_parent']) retrieved from /home/airflow/.local/lib/python3.7/site-packages/airflow/example_dags/example_external_task_marker_dag.py
[2024-06-14T21:51:59.486+0000] {logging_mixin.py:137} INFO - [2024-06-14T21:51:59.486+0000] {dag.py:2690} INFO - Sync 2 DAGs
[2024-06-14T21:51:59.504+0000] {logging_mixin.py:137} INFO - [2024-06-14T21:51:59.503+0000] {dag.py:3441} INFO - Setting next_dagrun for example_external_task_marker_child to None, run_after=None
[2024-06-14T21:51:59.507+0000] {logging_mixin.py:137} INFO - [2024-06-14T21:51:59.507+0000] {dag.py:3441} INFO - Setting next_dagrun for example_external_task_marker_parent to None, run_after=None
[2024-06-14T21:51:59.519+0000] {processor.py:175} INFO - Processing /home/airflow/.local/lib/python3.7/site-packages/airflow/example_dags/example_external_task_marker_dag.py took 0.071 seconds
[2024-06-14T21:52:30.107+0000] {processor.py:153} INFO - Started process (PID=265) to work on /home/airflow/.local/lib/python3.7/site-packages/airflow/example_dags/example_external_task_marker_dag.py
[2024-06-14T21:52:30.108+0000] {processor.py:743} INFO - Processing file /home/airflow/.local/lib/python3.7/site-packages/airflow/example_dags/example_external_task_marker_dag.py for tasks to queue
[2024-06-14T21:52:30.109+0000] {logging_mixin.py:137} INFO - [2024-06-14T21:52:30.109+0000] {dagbag.py:538} INFO - Filling up the DagBag from /home/airflow/.local/lib/python3.7/site-packages/airflow/example_dags/example_external_task_marker_dag.py
[2024-06-14T21:52:30.120+0000] {processor.py:753} INFO - DAG(s) dict_keys(['example_external_task_marker_parent', 'example_external_task_marker_child']) retrieved from /home/airflow/.local/lib/python3.7/site-packages/airflow/example_dags/example_external_task_marker_dag.py
[2024-06-14T21:52:30.158+0000] {logging_mixin.py:137} INFO - [2024-06-14T21:52:30.157+0000] {dag.py:2690} INFO - Sync 2 DAGs
[2024-06-14T21:52:30.175+0000] {logging_mixin.py:137} INFO - [2024-06-14T21:52:30.175+0000] {dag.py:3441} INFO - Setting next_dagrun for example_external_task_marker_child to None, run_after=None
[2024-06-14T21:52:30.178+0000] {logging_mixin.py:137} INFO - [2024-06-14T21:52:30.178+0000] {dag.py:3441} INFO - Setting next_dagrun for example_external_task_marker_parent to None, run_after=None
[2024-06-14T21:52:30.189+0000] {processor.py:175} INFO - Processing /home/airflow/.local/lib/python3.7/site-packages/airflow/example_dags/example_external_task_marker_dag.py took 0.084 seconds
[2024-06-14T21:53:00.600+0000] {processor.py:153} INFO - Started process (PID=314) to work on /home/airflow/.local/lib/python3.7/site-packages/airflow/example_dags/example_external_task_marker_dag.py
[2024-06-14T21:53:00.602+0000] {processor.py:743} INFO - Processing file /home/airflow/.local/lib/python3.7/site-packages/airflow/example_dags/example_external_task_marker_dag.py for tasks to queue
[2024-06-14T21:53:00.603+0000] {logging_mixin.py:137} INFO - [2024-06-14T21:53:00.603+0000] {dagbag.py:538} INFO - Filling up the DagBag from /home/airflow/.local/lib/python3.7/site-packages/airflow/example_dags/example_external_task_marker_dag.py
[2024-06-14T21:53:00.613+0000] {processor.py:753} INFO - DAG(s) dict_keys(['example_external_task_marker_child', 'example_external_task_marker_parent']) retrieved from /home/airflow/.local/lib/python3.7/site-packages/airflow/example_dags/example_external_task_marker_dag.py
[2024-06-14T21:53:00.639+0000] {logging_mixin.py:137} INFO - [2024-06-14T21:53:00.639+0000] {dag.py:2690} INFO - Sync 2 DAGs
[2024-06-14T21:53:00.656+0000] {logging_mixin.py:137} INFO - [2024-06-14T21:53:00.656+0000] {dag.py:3441} INFO - Setting next_dagrun for example_external_task_marker_child to None, run_after=None
[2024-06-14T21:53:00.659+0000] {logging_mixin.py:137} INFO - [2024-06-14T21:53:00.659+0000] {dag.py:3441} INFO - Setting next_dagrun for example_external_task_marker_parent to None, run_after=None
[2024-06-14T21:53:00.672+0000] {processor.py:175} INFO - Processing /home/airflow/.local/lib/python3.7/site-packages/airflow/example_dags/example_external_task_marker_dag.py took 0.075 seconds
[2024-06-14T21:53:31.281+0000] {processor.py:153} INFO - Started process (PID=364) to work on /home/airflow/.local/lib/python3.7/site-packages/airflow/example_dags/example_external_task_marker_dag.py
[2024-06-14T21:53:31.283+0000] {processor.py:743} INFO - Processing file /home/airflow/.local/lib/python3.7/site-packages/airflow/example_dags/example_external_task_marker_dag.py for tasks to queue
[2024-06-14T21:53:31.284+0000] {logging_mixin.py:137} INFO - [2024-06-14T21:53:31.284+0000] {dagbag.py:538} INFO - Filling up the DagBag from /home/airflow/.local/lib/python3.7/site-packages/airflow/example_dags/example_external_task_marker_dag.py
[2024-06-14T21:53:31.296+0000] {processor.py:753} INFO - DAG(s) dict_keys(['example_external_task_marker_child', 'example_external_task_marker_parent']) retrieved from /home/airflow/.local/lib/python3.7/site-packages/airflow/example_dags/example_external_task_marker_dag.py
[2024-06-14T21:53:31.323+0000] {logging_mixin.py:137} INFO - [2024-06-14T21:53:31.323+0000] {dag.py:2690} INFO - Sync 2 DAGs
[2024-06-14T21:53:31.342+0000] {logging_mixin.py:137} INFO - [2024-06-14T21:53:31.341+0000] {dag.py:3441} INFO - Setting next_dagrun for example_external_task_marker_child to None, run_after=None
[2024-06-14T21:53:31.345+0000] {logging_mixin.py:137} INFO - [2024-06-14T21:53:31.345+0000] {dag.py:3441} INFO - Setting next_dagrun for example_external_task_marker_parent to None, run_after=None
[2024-06-14T21:53:31.358+0000] {processor.py:175} INFO - Processing /home/airflow/.local/lib/python3.7/site-packages/airflow/example_dags/example_external_task_marker_dag.py took 0.080 seconds
[2024-06-14T21:54:01.946+0000] {processor.py:153} INFO - Started process (PID=414) to work on /home/airflow/.local/lib/python3.7/site-packages/airflow/example_dags/example_external_task_marker_dag.py
[2024-06-14T21:54:01.947+0000] {processor.py:743} INFO - Processing file /home/airflow/.local/lib/python3.7/site-packages/airflow/example_dags/example_external_task_marker_dag.py for tasks to queue
[2024-06-14T21:54:01.948+0000] {logging_mixin.py:137} INFO - [2024-06-14T21:54:01.948+0000] {dagbag.py:538} INFO - Filling up the DagBag from /home/airflow/.local/lib/python3.7/site-packages/airflow/example_dags/example_external_task_marker_dag.py
[2024-06-14T21:54:01.961+0000] {processor.py:753} INFO - DAG(s) dict_keys(['example_external_task_marker_parent', 'example_external_task_marker_child']) retrieved from /home/airflow/.local/lib/python3.7/site-packages/airflow/example_dags/example_external_task_marker_dag.py
[2024-06-14T21:54:01.987+0000] {logging_mixin.py:137} INFO - [2024-06-14T21:54:01.987+0000] {dag.py:2690} INFO - Sync 2 DAGs
[2024-06-14T21:54:02.007+0000] {logging_mixin.py:137} INFO - [2024-06-14T21:54:02.007+0000] {dag.py:3441} INFO - Setting next_dagrun for example_external_task_marker_child to None, run_after=None
[2024-06-14T21:54:02.010+0000] {logging_mixin.py:137} INFO - [2024-06-14T21:54:02.010+0000] {dag.py:3441} INFO - Setting next_dagrun for example_external_task_marker_parent to None, run_after=None
[2024-06-14T21:54:02.023+0000] {processor.py:175} INFO - Processing /home/airflow/.local/lib/python3.7/site-packages/airflow/example_dags/example_external_task_marker_dag.py took 0.081 seconds
[2024-06-14T21:54:32.761+0000] {processor.py:153} INFO - Started process (PID=464) to work on /home/airflow/.local/lib/python3.7/site-packages/airflow/example_dags/example_external_task_marker_dag.py
[2024-06-14T21:54:32.763+0000] {processor.py:743} INFO - Processing file /home/airflow/.local/lib/python3.7/site-packages/airflow/example_dags/example_external_task_marker_dag.py for tasks to queue
[2024-06-14T21:54:32.764+0000] {logging_mixin.py:137} INFO - [2024-06-14T21:54:32.764+0000] {dagbag.py:538} INFO - Filling up the DagBag from /home/airflow/.local/lib/python3.7/site-packages/airflow/example_dags/example_external_task_marker_dag.py
[2024-06-14T21:54:32.775+0000] {processor.py:753} INFO - DAG(s) dict_keys(['example_external_task_marker_child', 'example_external_task_marker_parent']) retrieved from /home/airflow/.local/lib/python3.7/site-packages/airflow/example_dags/example_external_task_marker_dag.py
[2024-06-14T21:54:32.799+0000] {logging_mixin.py:137} INFO - [2024-06-14T21:54:32.799+0000] {dag.py:2690} INFO - Sync 2 DAGs
[2024-06-14T21:54:32.818+0000] {logging_mixin.py:137} INFO - [2024-06-14T21:54:32.818+0000] {dag.py:3441} INFO - Setting next_dagrun for example_external_task_marker_child to None, run_after=None
[2024-06-14T21:54:32.821+0000] {logging_mixin.py:137} INFO - [2024-06-14T21:54:32.820+0000] {dag.py:3441} INFO - Setting next_dagrun for example_external_task_marker_parent to None, run_after=None
[2024-06-14T21:54:32.833+0000] {processor.py:175} INFO - Processing /home/airflow/.local/lib/python3.7/site-packages/airflow/example_dags/example_external_task_marker_dag.py took 0.075 seconds
[2024-06-14T21:55:03.295+0000] {processor.py:153} INFO - Started process (PID=514) to work on /home/airflow/.local/lib/python3.7/site-packages/airflow/example_dags/example_external_task_marker_dag.py
[2024-06-14T21:55:03.297+0000] {processor.py:743} INFO - Processing file /home/airflow/.local/lib/python3.7/site-packages/airflow/example_dags/example_external_task_marker_dag.py for tasks to queue
[2024-06-14T21:55:03.297+0000] {logging_mixin.py:137} INFO - [2024-06-14T21:55:03.297+0000] {dagbag.py:538} INFO - Filling up the DagBag from /home/airflow/.local/lib/python3.7/site-packages/airflow/example_dags/example_external_task_marker_dag.py
[2024-06-14T21:55:03.308+0000] {processor.py:753} INFO - DAG(s) dict_keys(['example_external_task_marker_child', 'example_external_task_marker_parent']) retrieved from /home/airflow/.local/lib/python3.7/site-packages/airflow/example_dags/example_external_task_marker_dag.py
[2024-06-14T21:55:03.332+0000] {logging_mixin.py:137} INFO - [2024-06-14T21:55:03.332+0000] {dag.py:2690} INFO - Sync 2 DAGs
[2024-06-14T21:55:03.349+0000] {logging_mixin.py:137} INFO - [2024-06-14T21:55:03.349+0000] {dag.py:3441} INFO - Setting next_dagrun for example_external_task_marker_child to None, run_after=None
[2024-06-14T21:55:03.352+0000] {logging_mixin.py:137} INFO - [2024-06-14T21:55:03.352+0000] {dag.py:3441} INFO - Setting next_dagrun for example_external_task_marker_parent to None, run_after=None
[2024-06-14T21:55:03.363+0000] {processor.py:175} INFO - Processing /home/airflow/.local/lib/python3.7/site-packages/airflow/example_dags/example_external_task_marker_dag.py took 0.071 seconds
[2024-06-14T21:55:33.846+0000] {processor.py:153} INFO - Started process (PID=564) to work on /home/airflow/.local/lib/python3.7/site-packages/airflow/example_dags/example_external_task_marker_dag.py
[2024-06-14T21:55:33.848+0000] {processor.py:743} INFO - Processing file /home/airflow/.local/lib/python3.7/site-packages/airflow/example_dags/example_external_task_marker_dag.py for tasks to queue
[2024-06-14T21:55:33.848+0000] {logging_mixin.py:137} INFO - [2024-06-14T21:55:33.848+0000] {dagbag.py:538} INFO - Filling up the DagBag from /home/airflow/.local/lib/python3.7/site-packages/airflow/example_dags/example_external_task_marker_dag.py
[2024-06-14T21:55:33.860+0000] {processor.py:753} INFO - DAG(s) dict_keys(['example_external_task_marker_parent', 'example_external_task_marker_child']) retrieved from /home/airflow/.local/lib/python3.7/site-packages/airflow/example_dags/example_external_task_marker_dag.py
[2024-06-14T21:55:33.884+0000] {logging_mixin.py:137} INFO - [2024-06-14T21:55:33.884+0000] {dag.py:2690} INFO - Sync 2 DAGs
[2024-06-14T21:55:33.902+0000] {logging_mixin.py:137} INFO - [2024-06-14T21:55:33.902+0000] {dag.py:3441} INFO - Setting next_dagrun for example_external_task_marker_child to None, run_after=None
[2024-06-14T21:55:33.906+0000] {logging_mixin.py:137} INFO - [2024-06-14T21:55:33.906+0000] {dag.py:3441} INFO - Setting next_dagrun for example_external_task_marker_parent to None, run_after=None
[2024-06-14T21:55:33.921+0000] {processor.py:175} INFO - Processing /home/airflow/.local/lib/python3.7/site-packages/airflow/example_dags/example_external_task_marker_dag.py took 0.079 seconds
[2024-06-14T21:56:04.718+0000] {processor.py:153} INFO - Started process (PID=614) to work on /home/airflow/.local/lib/python3.7/site-packages/airflow/example_dags/example_external_task_marker_dag.py
[2024-06-14T21:56:04.719+0000] {processor.py:743} INFO - Processing file /home/airflow/.local/lib/python3.7/site-packages/airflow/example_dags/example_external_task_marker_dag.py for tasks to queue
[2024-06-14T21:56:04.720+0000] {logging_mixin.py:137} INFO - [2024-06-14T21:56:04.720+0000] {dagbag.py:538} INFO - Filling up the DagBag from /home/airflow/.local/lib/python3.7/site-packages/airflow/example_dags/example_external_task_marker_dag.py
[2024-06-14T21:56:04.732+0000] {processor.py:753} INFO - DAG(s) dict_keys(['example_external_task_marker_child', 'example_external_task_marker_parent']) retrieved from /home/airflow/.local/lib/python3.7/site-packages/airflow/example_dags/example_external_task_marker_dag.py
[2024-06-14T21:56:04.759+0000] {logging_mixin.py:137} INFO - [2024-06-14T21:56:04.759+0000] {dag.py:2690} INFO - Sync 2 DAGs
[2024-06-14T21:56:04.778+0000] {logging_mixin.py:137} INFO - [2024-06-14T21:56:04.778+0000] {dag.py:3441} INFO - Setting next_dagrun for example_external_task_marker_child to None, run_after=None
[2024-06-14T21:56:04.782+0000] {logging_mixin.py:137} INFO - [2024-06-14T21:56:04.781+0000] {dag.py:3441} INFO - Setting next_dagrun for example_external_task_marker_parent to None, run_after=None
[2024-06-14T21:56:04.794+0000] {processor.py:175} INFO - Processing /home/airflow/.local/lib/python3.7/site-packages/airflow/example_dags/example_external_task_marker_dag.py took 0.080 seconds
[2024-06-14T21:56:35.528+0000] {processor.py:153} INFO - Started process (PID=664) to work on /home/airflow/.local/lib/python3.7/site-packages/airflow/example_dags/example_external_task_marker_dag.py
[2024-06-14T21:56:35.537+0000] {processor.py:743} INFO - Processing file /home/airflow/.local/lib/python3.7/site-packages/airflow/example_dags/example_external_task_marker_dag.py for tasks to queue
[2024-06-14T21:56:35.538+0000] {logging_mixin.py:137} INFO - [2024-06-14T21:56:35.538+0000] {dagbag.py:538} INFO - Filling up the DagBag from /home/airflow/.local/lib/python3.7/site-packages/airflow/example_dags/example_external_task_marker_dag.py
[2024-06-14T21:56:35.553+0000] {processor.py:753} INFO - DAG(s) dict_keys(['example_external_task_marker_parent', 'example_external_task_marker_child']) retrieved from /home/airflow/.local/lib/python3.7/site-packages/airflow/example_dags/example_external_task_marker_dag.py
[2024-06-14T21:56:35.582+0000] {logging_mixin.py:137} INFO - [2024-06-14T21:56:35.582+0000] {dag.py:2690} INFO - Sync 2 DAGs
[2024-06-14T21:56:35.603+0000] {logging_mixin.py:137} INFO - [2024-06-14T21:56:35.603+0000] {dag.py:3441} INFO - Setting next_dagrun for example_external_task_marker_child to None, run_after=None
[2024-06-14T21:56:35.606+0000] {logging_mixin.py:137} INFO - [2024-06-14T21:56:35.606+0000] {dag.py:3441} INFO - Setting next_dagrun for example_external_task_marker_parent to None, run_after=None
[2024-06-14T21:56:35.619+0000] {processor.py:175} INFO - Processing /home/airflow/.local/lib/python3.7/site-packages/airflow/example_dags/example_external_task_marker_dag.py took 0.108 seconds
[2024-06-14T21:57:06.072+0000] {processor.py:153} INFO - Started process (PID=714) to work on /home/airflow/.local/lib/python3.7/site-packages/airflow/example_dags/example_external_task_marker_dag.py
[2024-06-14T21:57:06.074+0000] {processor.py:743} INFO - Processing file /home/airflow/.local/lib/python3.7/site-packages/airflow/example_dags/example_external_task_marker_dag.py for tasks to queue
[2024-06-14T21:57:06.075+0000] {logging_mixin.py:137} INFO - [2024-06-14T21:57:06.074+0000] {dagbag.py:538} INFO - Filling up the DagBag from /home/airflow/.local/lib/python3.7/site-packages/airflow/example_dags/example_external_task_marker_dag.py
[2024-06-14T21:57:06.086+0000] {processor.py:753} INFO - DAG(s) dict_keys(['example_external_task_marker_parent', 'example_external_task_marker_child']) retrieved from /home/airflow/.local/lib/python3.7/site-packages/airflow/example_dags/example_external_task_marker_dag.py
[2024-06-14T21:57:06.109+0000] {logging_mixin.py:137} INFO - [2024-06-14T21:57:06.109+0000] {dag.py:2690} INFO - Sync 2 DAGs
[2024-06-14T21:57:06.127+0000] {logging_mixin.py:137} INFO - [2024-06-14T21:57:06.127+0000] {dag.py:3441} INFO - Setting next_dagrun for example_external_task_marker_child to None, run_after=None
[2024-06-14T21:57:06.130+0000] {logging_mixin.py:137} INFO - [2024-06-14T21:57:06.130+0000] {dag.py:3441} INFO - Setting next_dagrun for example_external_task_marker_parent to None, run_after=None
[2024-06-14T21:57:06.142+0000] {processor.py:175} INFO - Processing /home/airflow/.local/lib/python3.7/site-packages/airflow/example_dags/example_external_task_marker_dag.py took 0.073 seconds
[2024-06-14T21:57:36.524+0000] {processor.py:153} INFO - Started process (PID=764) to work on /home/airflow/.local/lib/python3.7/site-packages/airflow/example_dags/example_external_task_marker_dag.py
[2024-06-14T21:57:36.525+0000] {processor.py:743} INFO - Processing file /home/airflow/.local/lib/python3.7/site-packages/airflow/example_dags/example_external_task_marker_dag.py for tasks to queue
[2024-06-14T21:57:36.526+0000] {logging_mixin.py:137} INFO - [2024-06-14T21:57:36.525+0000] {dagbag.py:538} INFO - Filling up the DagBag from /home/airflow/.local/lib/python3.7/site-packages/airflow/example_dags/example_external_task_marker_dag.py
[2024-06-14T21:57:36.536+0000] {processor.py:753} INFO - DAG(s) dict_keys(['example_external_task_marker_child', 'example_external_task_marker_parent']) retrieved from /home/airflow/.local/lib/python3.7/site-packages/airflow/example_dags/example_external_task_marker_dag.py
[2024-06-14T21:57:36.559+0000] {logging_mixin.py:137} INFO - [2024-06-14T21:57:36.559+0000] {dag.py:2690} INFO - Sync 2 DAGs
[2024-06-14T21:57:36.578+0000] {logging_mixin.py:137} INFO - [2024-06-14T21:57:36.578+0000] {dag.py:3441} INFO - Setting next_dagrun for example_external_task_marker_child to None, run_after=None
[2024-06-14T21:57:36.582+0000] {logging_mixin.py:137} INFO - [2024-06-14T21:57:36.582+0000] {dag.py:3441} INFO - Setting next_dagrun for example_external_task_marker_parent to None, run_after=None
[2024-06-14T21:57:36.593+0000] {processor.py:175} INFO - Processing /home/airflow/.local/lib/python3.7/site-packages/airflow/example_dags/example_external_task_marker_dag.py took 0.073 seconds
[2024-06-14T21:58:07.127+0000] {processor.py:153} INFO - Started process (PID=814) to work on /home/airflow/.local/lib/python3.7/site-packages/airflow/example_dags/example_external_task_marker_dag.py
[2024-06-14T21:58:07.128+0000] {processor.py:743} INFO - Processing file /home/airflow/.local/lib/python3.7/site-packages/airflow/example_dags/example_external_task_marker_dag.py for tasks to queue
[2024-06-14T21:58:07.129+0000] {logging_mixin.py:137} INFO - [2024-06-14T21:58:07.129+0000] {dagbag.py:538} INFO - Filling up the DagBag from /home/airflow/.local/lib/python3.7/site-packages/airflow/example_dags/example_external_task_marker_dag.py
[2024-06-14T21:58:07.140+0000] {processor.py:753} INFO - DAG(s) dict_keys(['example_external_task_marker_parent', 'example_external_task_marker_child']) retrieved from /home/airflow/.local/lib/python3.7/site-packages/airflow/example_dags/example_external_task_marker_dag.py
[2024-06-14T21:58:07.164+0000] {logging_mixin.py:137} INFO - [2024-06-14T21:58:07.164+0000] {dag.py:2690} INFO - Sync 2 DAGs
[2024-06-14T21:58:07.184+0000] {logging_mixin.py:137} INFO - [2024-06-14T21:58:07.184+0000] {dag.py:3441} INFO - Setting next_dagrun for example_external_task_marker_child to None, run_after=None
[2024-06-14T21:58:07.187+0000] {logging_mixin.py:137} INFO - [2024-06-14T21:58:07.187+0000] {dag.py:3441} INFO - Setting next_dagrun for example_external_task_marker_parent to None, run_after=None
[2024-06-14T21:58:07.200+0000] {processor.py:175} INFO - Processing /home/airflow/.local/lib/python3.7/site-packages/airflow/example_dags/example_external_task_marker_dag.py took 0.077 seconds
[2024-06-14T21:58:37.702+0000] {processor.py:153} INFO - Started process (PID=864) to work on /home/airflow/.local/lib/python3.7/site-packages/airflow/example_dags/example_external_task_marker_dag.py
[2024-06-14T21:58:37.703+0000] {processor.py:743} INFO - Processing file /home/airflow/.local/lib/python3.7/site-packages/airflow/example_dags/example_external_task_marker_dag.py for tasks to queue
[2024-06-14T21:58:37.704+0000] {logging_mixin.py:137} INFO - [2024-06-14T21:58:37.704+0000] {dagbag.py:538} INFO - Filling up the DagBag from /home/airflow/.local/lib/python3.7/site-packages/airflow/example_dags/example_external_task_marker_dag.py
[2024-06-14T21:58:37.715+0000] {processor.py:753} INFO - DAG(s) dict_keys(['example_external_task_marker_parent', 'example_external_task_marker_child']) retrieved from /home/airflow/.local/lib/python3.7/site-packages/airflow/example_dags/example_external_task_marker_dag.py
[2024-06-14T21:58:37.738+0000] {logging_mixin.py:137} INFO - [2024-06-14T21:58:37.738+0000] {dag.py:2690} INFO - Sync 2 DAGs
[2024-06-14T21:58:37.754+0000] {logging_mixin.py:137} INFO - [2024-06-14T21:58:37.754+0000] {dag.py:3441} INFO - Setting next_dagrun for example_external_task_marker_child to None, run_after=None
[2024-06-14T21:58:37.757+0000] {logging_mixin.py:137} INFO - [2024-06-14T21:58:37.757+0000] {dag.py:3441} INFO - Setting next_dagrun for example_external_task_marker_parent to None, run_after=None
[2024-06-14T21:58:37.768+0000] {processor.py:175} INFO - Processing /home/airflow/.local/lib/python3.7/site-packages/airflow/example_dags/example_external_task_marker_dag.py took 0.069 seconds
[2024-06-14T21:59:08.232+0000] {processor.py:153} INFO - Started process (PID=914) to work on /home/airflow/.local/lib/python3.7/site-packages/airflow/example_dags/example_external_task_marker_dag.py
[2024-06-14T21:59:08.234+0000] {processor.py:743} INFO - Processing file /home/airflow/.local/lib/python3.7/site-packages/airflow/example_dags/example_external_task_marker_dag.py for tasks to queue
[2024-06-14T21:59:08.235+0000] {logging_mixin.py:137} INFO - [2024-06-14T21:59:08.234+0000] {dagbag.py:538} INFO - Filling up the DagBag from /home/airflow/.local/lib/python3.7/site-packages/airflow/example_dags/example_external_task_marker_dag.py
[2024-06-14T21:59:08.245+0000] {processor.py:753} INFO - DAG(s) dict_keys(['example_external_task_marker_parent', 'example_external_task_marker_child']) retrieved from /home/airflow/.local/lib/python3.7/site-packages/airflow/example_dags/example_external_task_marker_dag.py
[2024-06-14T21:59:08.269+0000] {logging_mixin.py:137} INFO - [2024-06-14T21:59:08.269+0000] {dag.py:2690} INFO - Sync 2 DAGs
[2024-06-14T21:59:08.286+0000] {logging_mixin.py:137} INFO - [2024-06-14T21:59:08.286+0000] {dag.py:3441} INFO - Setting next_dagrun for example_external_task_marker_child to None, run_after=None
[2024-06-14T21:59:08.289+0000] {logging_mixin.py:137} INFO - [2024-06-14T21:59:08.289+0000] {dag.py:3441} INFO - Setting next_dagrun for example_external_task_marker_parent to None, run_after=None
[2024-06-14T21:59:08.300+0000] {processor.py:175} INFO - Processing /home/airflow/.local/lib/python3.7/site-packages/airflow/example_dags/example_external_task_marker_dag.py took 0.071 seconds
[2024-06-14T21:59:38.776+0000] {processor.py:153} INFO - Started process (PID=964) to work on /home/airflow/.local/lib/python3.7/site-packages/airflow/example_dags/example_external_task_marker_dag.py
[2024-06-14T21:59:38.778+0000] {processor.py:743} INFO - Processing file /home/airflow/.local/lib/python3.7/site-packages/airflow/example_dags/example_external_task_marker_dag.py for tasks to queue
[2024-06-14T21:59:38.778+0000] {logging_mixin.py:137} INFO - [2024-06-14T21:59:38.778+0000] {dagbag.py:538} INFO - Filling up the DagBag from /home/airflow/.local/lib/python3.7/site-packages/airflow/example_dags/example_external_task_marker_dag.py
[2024-06-14T21:59:38.789+0000] {processor.py:753} INFO - DAG(s) dict_keys(['example_external_task_marker_parent', 'example_external_task_marker_child']) retrieved from /home/airflow/.local/lib/python3.7/site-packages/airflow/example_dags/example_external_task_marker_dag.py
[2024-06-14T21:59:38.813+0000] {logging_mixin.py:137} INFO - [2024-06-14T21:59:38.813+0000] {dag.py:2690} INFO - Sync 2 DAGs
[2024-06-14T21:59:38.831+0000] {logging_mixin.py:137} INFO - [2024-06-14T21:59:38.831+0000] {dag.py:3441} INFO - Setting next_dagrun for example_external_task_marker_child to None, run_after=None
[2024-06-14T21:59:38.835+0000] {logging_mixin.py:137} INFO - [2024-06-14T21:59:38.835+0000] {dag.py:3441} INFO - Setting next_dagrun for example_external_task_marker_parent to None, run_after=None
[2024-06-14T21:59:38.847+0000] {processor.py:175} INFO - Processing /home/airflow/.local/lib/python3.7/site-packages/airflow/example_dags/example_external_task_marker_dag.py took 0.073 seconds
[2024-06-14T22:00:09.222+0000] {processor.py:153} INFO - Started process (PID=1014) to work on /home/airflow/.local/lib/python3.7/site-packages/airflow/example_dags/example_external_task_marker_dag.py
[2024-06-14T22:00:09.223+0000] {processor.py:743} INFO - Processing file /home/airflow/.local/lib/python3.7/site-packages/airflow/example_dags/example_external_task_marker_dag.py for tasks to queue
[2024-06-14T22:00:09.224+0000] {logging_mixin.py:137} INFO - [2024-06-14T22:00:09.224+0000] {dagbag.py:538} INFO - Filling up the DagBag from /home/airflow/.local/lib/python3.7/site-packages/airflow/example_dags/example_external_task_marker_dag.py
[2024-06-14T22:00:09.235+0000] {processor.py:753} INFO - DAG(s) dict_keys(['example_external_task_marker_parent', 'example_external_task_marker_child']) retrieved from /home/airflow/.local/lib/python3.7/site-packages/airflow/example_dags/example_external_task_marker_dag.py
[2024-06-14T22:00:09.258+0000] {logging_mixin.py:137} INFO - [2024-06-14T22:00:09.258+0000] {dag.py:2690} INFO - Sync 2 DAGs
[2024-06-14T22:00:09.275+0000] {logging_mixin.py:137} INFO - [2024-06-14T22:00:09.275+0000] {dag.py:3441} INFO - Setting next_dagrun for example_external_task_marker_child to None, run_after=None
[2024-06-14T22:00:09.278+0000] {logging_mixin.py:137} INFO - [2024-06-14T22:00:09.278+0000] {dag.py:3441} INFO - Setting next_dagrun for example_external_task_marker_parent to None, run_after=None
[2024-06-14T22:00:09.290+0000] {processor.py:175} INFO - Processing /home/airflow/.local/lib/python3.7/site-packages/airflow/example_dags/example_external_task_marker_dag.py took 0.071 seconds
[2024-06-14T22:00:39.768+0000] {processor.py:153} INFO - Started process (PID=1064) to work on /home/airflow/.local/lib/python3.7/site-packages/airflow/example_dags/example_external_task_marker_dag.py
[2024-06-14T22:00:39.769+0000] {processor.py:743} INFO - Processing file /home/airflow/.local/lib/python3.7/site-packages/airflow/example_dags/example_external_task_marker_dag.py for tasks to queue
[2024-06-14T22:00:39.770+0000] {logging_mixin.py:137} INFO - [2024-06-14T22:00:39.770+0000] {dagbag.py:538} INFO - Filling up the DagBag from /home/airflow/.local/lib/python3.7/site-packages/airflow/example_dags/example_external_task_marker_dag.py
[2024-06-14T22:00:39.781+0000] {processor.py:753} INFO - DAG(s) dict_keys(['example_external_task_marker_parent', 'example_external_task_marker_child']) retrieved from /home/airflow/.local/lib/python3.7/site-packages/airflow/example_dags/example_external_task_marker_dag.py
[2024-06-14T22:00:39.804+0000] {logging_mixin.py:137} INFO - [2024-06-14T22:00:39.804+0000] {dag.py:2690} INFO - Sync 2 DAGs
[2024-06-14T22:00:39.821+0000] {logging_mixin.py:137} INFO - [2024-06-14T22:00:39.821+0000] {dag.py:3441} INFO - Setting next_dagrun for example_external_task_marker_child to None, run_after=None
[2024-06-14T22:00:39.824+0000] {logging_mixin.py:137} INFO - [2024-06-14T22:00:39.824+0000] {dag.py:3441} INFO - Setting next_dagrun for example_external_task_marker_parent to None, run_after=None
[2024-06-14T22:00:39.835+0000] {processor.py:175} INFO - Processing /home/airflow/.local/lib/python3.7/site-packages/airflow/example_dags/example_external_task_marker_dag.py took 0.070 seconds
[2024-06-14T22:01:10.247+0000] {processor.py:153} INFO - Started process (PID=1113) to work on /home/airflow/.local/lib/python3.7/site-packages/airflow/example_dags/example_external_task_marker_dag.py
[2024-06-14T22:01:10.248+0000] {processor.py:743} INFO - Processing file /home/airflow/.local/lib/python3.7/site-packages/airflow/example_dags/example_external_task_marker_dag.py for tasks to queue
[2024-06-14T22:01:10.249+0000] {logging_mixin.py:137} INFO - [2024-06-14T22:01:10.249+0000] {dagbag.py:538} INFO - Filling up the DagBag from /home/airflow/.local/lib/python3.7/site-packages/airflow/example_dags/example_external_task_marker_dag.py
[2024-06-14T22:01:10.260+0000] {processor.py:753} INFO - DAG(s) dict_keys(['example_external_task_marker_child', 'example_external_task_marker_parent']) retrieved from /home/airflow/.local/lib/python3.7/site-packages/airflow/example_dags/example_external_task_marker_dag.py
[2024-06-14T22:01:10.283+0000] {logging_mixin.py:137} INFO - [2024-06-14T22:01:10.283+0000] {dag.py:2690} INFO - Sync 2 DAGs
[2024-06-14T22:01:10.301+0000] {logging_mixin.py:137} INFO - [2024-06-14T22:01:10.301+0000] {dag.py:3441} INFO - Setting next_dagrun for example_external_task_marker_child to None, run_after=None
[2024-06-14T22:01:10.304+0000] {logging_mixin.py:137} INFO - [2024-06-14T22:01:10.304+0000] {dag.py:3441} INFO - Setting next_dagrun for example_external_task_marker_parent to None, run_after=None
[2024-06-14T22:01:10.316+0000] {processor.py:175} INFO - Processing /home/airflow/.local/lib/python3.7/site-packages/airflow/example_dags/example_external_task_marker_dag.py took 0.072 seconds
[2024-06-14T22:01:40.694+0000] {processor.py:153} INFO - Started process (PID=1163) to work on /home/airflow/.local/lib/python3.7/site-packages/airflow/example_dags/example_external_task_marker_dag.py
[2024-06-14T22:01:40.696+0000] {processor.py:743} INFO - Processing file /home/airflow/.local/lib/python3.7/site-packages/airflow/example_dags/example_external_task_marker_dag.py for tasks to queue
[2024-06-14T22:01:40.697+0000] {logging_mixin.py:137} INFO - [2024-06-14T22:01:40.697+0000] {dagbag.py:538} INFO - Filling up the DagBag from /home/airflow/.local/lib/python3.7/site-packages/airflow/example_dags/example_external_task_marker_dag.py
[2024-06-14T22:01:40.708+0000] {processor.py:753} INFO - DAG(s) dict_keys(['example_external_task_marker_child', 'example_external_task_marker_parent']) retrieved from /home/airflow/.local/lib/python3.7/site-packages/airflow/example_dags/example_external_task_marker_dag.py
[2024-06-14T22:01:40.731+0000] {logging_mixin.py:137} INFO - [2024-06-14T22:01:40.731+0000] {dag.py:2690} INFO - Sync 2 DAGs
[2024-06-14T22:01:40.749+0000] {logging_mixin.py:137} INFO - [2024-06-14T22:01:40.749+0000] {dag.py:3441} INFO - Setting next_dagrun for example_external_task_marker_child to None, run_after=None
[2024-06-14T22:01:40.752+0000] {logging_mixin.py:137} INFO - [2024-06-14T22:01:40.752+0000] {dag.py:3441} INFO - Setting next_dagrun for example_external_task_marker_parent to None, run_after=None
[2024-06-14T22:01:40.764+0000] {processor.py:175} INFO - Processing /home/airflow/.local/lib/python3.7/site-packages/airflow/example_dags/example_external_task_marker_dag.py took 0.072 seconds
[2024-06-14T22:02:11.225+0000] {processor.py:153} INFO - Started process (PID=1213) to work on /home/airflow/.local/lib/python3.7/site-packages/airflow/example_dags/example_external_task_marker_dag.py
[2024-06-14T22:02:11.226+0000] {processor.py:743} INFO - Processing file /home/airflow/.local/lib/python3.7/site-packages/airflow/example_dags/example_external_task_marker_dag.py for tasks to queue
[2024-06-14T22:02:11.227+0000] {logging_mixin.py:137} INFO - [2024-06-14T22:02:11.227+0000] {dagbag.py:538} INFO - Filling up the DagBag from /home/airflow/.local/lib/python3.7/site-packages/airflow/example_dags/example_external_task_marker_dag.py
[2024-06-14T22:02:11.239+0000] {processor.py:753} INFO - DAG(s) dict_keys(['example_external_task_marker_parent', 'example_external_task_marker_child']) retrieved from /home/airflow/.local/lib/python3.7/site-packages/airflow/example_dags/example_external_task_marker_dag.py
[2024-06-14T22:02:11.263+0000] {logging_mixin.py:137} INFO - [2024-06-14T22:02:11.263+0000] {dag.py:2690} INFO - Sync 2 DAGs
[2024-06-14T22:02:11.280+0000] {logging_mixin.py:137} INFO - [2024-06-14T22:02:11.280+0000] {dag.py:3441} INFO - Setting next_dagrun for example_external_task_marker_child to None, run_after=None
[2024-06-14T22:02:11.283+0000] {logging_mixin.py:137} INFO - [2024-06-14T22:02:11.283+0000] {dag.py:3441} INFO - Setting next_dagrun for example_external_task_marker_parent to None, run_after=None
[2024-06-14T22:02:11.295+0000] {processor.py:175} INFO - Processing /home/airflow/.local/lib/python3.7/site-packages/airflow/example_dags/example_external_task_marker_dag.py took 0.073 seconds
[2024-06-14T22:02:41.956+0000] {processor.py:153} INFO - Started process (PID=1263) to work on /home/airflow/.local/lib/python3.7/site-packages/airflow/example_dags/example_external_task_marker_dag.py
[2024-06-14T22:02:41.957+0000] {processor.py:743} INFO - Processing file /home/airflow/.local/lib/python3.7/site-packages/airflow/example_dags/example_external_task_marker_dag.py for tasks to queue
[2024-06-14T22:02:41.957+0000] {logging_mixin.py:137} INFO - [2024-06-14T22:02:41.957+0000] {dagbag.py:538} INFO - Filling up the DagBag from /home/airflow/.local/lib/python3.7/site-packages/airflow/example_dags/example_external_task_marker_dag.py
[2024-06-14T22:02:41.968+0000] {processor.py:753} INFO - DAG(s) dict_keys(['example_external_task_marker_parent', 'example_external_task_marker_child']) retrieved from /home/airflow/.local/lib/python3.7/site-packages/airflow/example_dags/example_external_task_marker_dag.py
[2024-06-14T22:02:41.992+0000] {logging_mixin.py:137} INFO - [2024-06-14T22:02:41.992+0000] {dag.py:2690} INFO - Sync 2 DAGs
[2024-06-14T22:02:42.009+0000] {logging_mixin.py:137} INFO - [2024-06-14T22:02:42.009+0000] {dag.py:3441} INFO - Setting next_dagrun for example_external_task_marker_child to None, run_after=None
[2024-06-14T22:02:42.013+0000] {logging_mixin.py:137} INFO - [2024-06-14T22:02:42.012+0000] {dag.py:3441} INFO - Setting next_dagrun for example_external_task_marker_parent to None, run_after=None
[2024-06-14T22:02:42.026+0000] {processor.py:175} INFO - Processing /home/airflow/.local/lib/python3.7/site-packages/airflow/example_dags/example_external_task_marker_dag.py took 0.074 seconds
[2024-06-14T22:03:12.478+0000] {processor.py:153} INFO - Started process (PID=1313) to work on /home/airflow/.local/lib/python3.7/site-packages/airflow/example_dags/example_external_task_marker_dag.py
[2024-06-14T22:03:12.480+0000] {processor.py:743} INFO - Processing file /home/airflow/.local/lib/python3.7/site-packages/airflow/example_dags/example_external_task_marker_dag.py for tasks to queue
[2024-06-14T22:03:12.481+0000] {logging_mixin.py:137} INFO - [2024-06-14T22:03:12.481+0000] {dagbag.py:538} INFO - Filling up the DagBag from /home/airflow/.local/lib/python3.7/site-packages/airflow/example_dags/example_external_task_marker_dag.py
[2024-06-14T22:03:12.492+0000] {processor.py:753} INFO - DAG(s) dict_keys(['example_external_task_marker_parent', 'example_external_task_marker_child']) retrieved from /home/airflow/.local/lib/python3.7/site-packages/airflow/example_dags/example_external_task_marker_dag.py
[2024-06-14T22:03:12.515+0000] {logging_mixin.py:137} INFO - [2024-06-14T22:03:12.515+0000] {dag.py:2690} INFO - Sync 2 DAGs
[2024-06-14T22:03:12.533+0000] {logging_mixin.py:137} INFO - [2024-06-14T22:03:12.532+0000] {dag.py:3441} INFO - Setting next_dagrun for example_external_task_marker_child to None, run_after=None
[2024-06-14T22:03:12.535+0000] {logging_mixin.py:137} INFO - [2024-06-14T22:03:12.535+0000] {dag.py:3441} INFO - Setting next_dagrun for example_external_task_marker_parent to None, run_after=None
[2024-06-14T22:03:12.547+0000] {processor.py:175} INFO - Processing /home/airflow/.local/lib/python3.7/site-packages/airflow/example_dags/example_external_task_marker_dag.py took 0.073 seconds
[2024-06-14T22:03:42.940+0000] {processor.py:153} INFO - Started process (PID=1363) to work on /home/airflow/.local/lib/python3.7/site-packages/airflow/example_dags/example_external_task_marker_dag.py
[2024-06-14T22:03:42.941+0000] {processor.py:743} INFO - Processing file /home/airflow/.local/lib/python3.7/site-packages/airflow/example_dags/example_external_task_marker_dag.py for tasks to queue
[2024-06-14T22:03:42.942+0000] {logging_mixin.py:137} INFO - [2024-06-14T22:03:42.942+0000] {dagbag.py:538} INFO - Filling up the DagBag from /home/airflow/.local/lib/python3.7/site-packages/airflow/example_dags/example_external_task_marker_dag.py
[2024-06-14T22:03:42.953+0000] {processor.py:753} INFO - DAG(s) dict_keys(['example_external_task_marker_child', 'example_external_task_marker_parent']) retrieved from /home/airflow/.local/lib/python3.7/site-packages/airflow/example_dags/example_external_task_marker_dag.py
[2024-06-14T22:03:42.977+0000] {logging_mixin.py:137} INFO - [2024-06-14T22:03:42.977+0000] {dag.py:2690} INFO - Sync 2 DAGs
[2024-06-14T22:03:42.993+0000] {logging_mixin.py:137} INFO - [2024-06-14T22:03:42.993+0000] {dag.py:3441} INFO - Setting next_dagrun for example_external_task_marker_child to None, run_after=None
[2024-06-14T22:03:42.996+0000] {logging_mixin.py:137} INFO - [2024-06-14T22:03:42.996+0000] {dag.py:3441} INFO - Setting next_dagrun for example_external_task_marker_parent to None, run_after=None
[2024-06-14T22:03:43.007+0000] {processor.py:175} INFO - Processing /home/airflow/.local/lib/python3.7/site-packages/airflow/example_dags/example_external_task_marker_dag.py took 0.070 seconds
[2024-06-14T22:04:13.362+0000] {processor.py:153} INFO - Started process (PID=1413) to work on /home/airflow/.local/lib/python3.7/site-packages/airflow/example_dags/example_external_task_marker_dag.py
[2024-06-14T22:04:13.363+0000] {processor.py:743} INFO - Processing file /home/airflow/.local/lib/python3.7/site-packages/airflow/example_dags/example_external_task_marker_dag.py for tasks to queue
[2024-06-14T22:04:13.364+0000] {logging_mixin.py:137} INFO - [2024-06-14T22:04:13.364+0000] {dagbag.py:538} INFO - Filling up the DagBag from /home/airflow/.local/lib/python3.7/site-packages/airflow/example_dags/example_external_task_marker_dag.py
[2024-06-14T22:04:13.376+0000] {processor.py:753} INFO - DAG(s) dict_keys(['example_external_task_marker_child', 'example_external_task_marker_parent']) retrieved from /home/airflow/.local/lib/python3.7/site-packages/airflow/example_dags/example_external_task_marker_dag.py
[2024-06-14T22:04:13.400+0000] {logging_mixin.py:137} INFO - [2024-06-14T22:04:13.400+0000] {dag.py:2690} INFO - Sync 2 DAGs
[2024-06-14T22:04:13.420+0000] {logging_mixin.py:137} INFO - [2024-06-14T22:04:13.420+0000] {dag.py:3441} INFO - Setting next_dagrun for example_external_task_marker_child to None, run_after=None
[2024-06-14T22:04:13.423+0000] {logging_mixin.py:137} INFO - [2024-06-14T22:04:13.423+0000] {dag.py:3441} INFO - Setting next_dagrun for example_external_task_marker_parent to None, run_after=None
[2024-06-14T22:04:13.433+0000] {processor.py:175} INFO - Processing /home/airflow/.local/lib/python3.7/site-packages/airflow/example_dags/example_external_task_marker_dag.py took 0.075 seconds
[2024-06-14T22:04:44.109+0000] {processor.py:153} INFO - Started process (PID=1462) to work on /home/airflow/.local/lib/python3.7/site-packages/airflow/example_dags/example_external_task_marker_dag.py
[2024-06-14T22:04:44.111+0000] {processor.py:743} INFO - Processing file /home/airflow/.local/lib/python3.7/site-packages/airflow/example_dags/example_external_task_marker_dag.py for tasks to queue
[2024-06-14T22:04:44.112+0000] {logging_mixin.py:137} INFO - [2024-06-14T22:04:44.111+0000] {dagbag.py:538} INFO - Filling up the DagBag from /home/airflow/.local/lib/python3.7/site-packages/airflow/example_dags/example_external_task_marker_dag.py
[2024-06-14T22:04:44.122+0000] {processor.py:753} INFO - DAG(s) dict_keys(['example_external_task_marker_parent', 'example_external_task_marker_child']) retrieved from /home/airflow/.local/lib/python3.7/site-packages/airflow/example_dags/example_external_task_marker_dag.py
[2024-06-14T22:04:44.146+0000] {logging_mixin.py:137} INFO - [2024-06-14T22:04:44.145+0000] {dag.py:2690} INFO - Sync 2 DAGs
[2024-06-14T22:04:44.163+0000] {logging_mixin.py:137} INFO - [2024-06-14T22:04:44.163+0000] {dag.py:3441} INFO - Setting next_dagrun for example_external_task_marker_child to None, run_after=None
[2024-06-14T22:04:44.166+0000] {logging_mixin.py:137} INFO - [2024-06-14T22:04:44.166+0000] {dag.py:3441} INFO - Setting next_dagrun for example_external_task_marker_parent to None, run_after=None
[2024-06-14T22:04:44.177+0000] {processor.py:175} INFO - Processing /home/airflow/.local/lib/python3.7/site-packages/airflow/example_dags/example_external_task_marker_dag.py took 0.072 seconds
[2024-06-14T22:05:14.626+0000] {processor.py:153} INFO - Started process (PID=1511) to work on /home/airflow/.local/lib/python3.7/site-packages/airflow/example_dags/example_external_task_marker_dag.py
[2024-06-14T22:05:14.627+0000] {processor.py:743} INFO - Processing file /home/airflow/.local/lib/python3.7/site-packages/airflow/example_dags/example_external_task_marker_dag.py for tasks to queue
[2024-06-14T22:05:14.628+0000] {logging_mixin.py:137} INFO - [2024-06-14T22:05:14.628+0000] {dagbag.py:538} INFO - Filling up the DagBag from /home/airflow/.local/lib/python3.7/site-packages/airflow/example_dags/example_external_task_marker_dag.py
[2024-06-14T22:05:14.638+0000] {processor.py:753} INFO - DAG(s) dict_keys(['example_external_task_marker_parent', 'example_external_task_marker_child']) retrieved from /home/airflow/.local/lib/python3.7/site-packages/airflow/example_dags/example_external_task_marker_dag.py
[2024-06-14T22:05:14.662+0000] {logging_mixin.py:137} INFO - [2024-06-14T22:05:14.662+0000] {dag.py:2690} INFO - Sync 2 DAGs
[2024-06-14T22:05:14.679+0000] {logging_mixin.py:137} INFO - [2024-06-14T22:05:14.679+0000] {dag.py:3441} INFO - Setting next_dagrun for example_external_task_marker_child to None, run_after=None
[2024-06-14T22:05:14.682+0000] {logging_mixin.py:137} INFO - [2024-06-14T22:05:14.682+0000] {dag.py:3441} INFO - Setting next_dagrun for example_external_task_marker_parent to None, run_after=None
[2024-06-14T22:05:14.693+0000] {processor.py:175} INFO - Processing /home/airflow/.local/lib/python3.7/site-packages/airflow/example_dags/example_external_task_marker_dag.py took 0.070 seconds
[2024-06-14T22:05:45.253+0000] {processor.py:153} INFO - Started process (PID=1561) to work on /home/airflow/.local/lib/python3.7/site-packages/airflow/example_dags/example_external_task_marker_dag.py
[2024-06-14T22:05:45.255+0000] {processor.py:743} INFO - Processing file /home/airflow/.local/lib/python3.7/site-packages/airflow/example_dags/example_external_task_marker_dag.py for tasks to queue
[2024-06-14T22:05:45.256+0000] {logging_mixin.py:137} INFO - [2024-06-14T22:05:45.256+0000] {dagbag.py:538} INFO - Filling up the DagBag from /home/airflow/.local/lib/python3.7/site-packages/airflow/example_dags/example_external_task_marker_dag.py
[2024-06-14T22:05:45.268+0000] {processor.py:753} INFO - DAG(s) dict_keys(['example_external_task_marker_child', 'example_external_task_marker_parent']) retrieved from /home/airflow/.local/lib/python3.7/site-packages/airflow/example_dags/example_external_task_marker_dag.py
[2024-06-14T22:05:45.293+0000] {logging_mixin.py:137} INFO - [2024-06-14T22:05:45.293+0000] {dag.py:2690} INFO - Sync 2 DAGs
[2024-06-14T22:05:45.311+0000] {logging_mixin.py:137} INFO - [2024-06-14T22:05:45.311+0000] {dag.py:3441} INFO - Setting next_dagrun for example_external_task_marker_child to None, run_after=None
[2024-06-14T22:05:45.314+0000] {logging_mixin.py:137} INFO - [2024-06-14T22:05:45.314+0000] {dag.py:3441} INFO - Setting next_dagrun for example_external_task_marker_parent to None, run_after=None
[2024-06-14T22:05:45.326+0000] {processor.py:175} INFO - Processing /home/airflow/.local/lib/python3.7/site-packages/airflow/example_dags/example_external_task_marker_dag.py took 0.076 seconds
[2024-06-14T22:06:15.908+0000] {processor.py:153} INFO - Started process (PID=1611) to work on /home/airflow/.local/lib/python3.7/site-packages/airflow/example_dags/example_external_task_marker_dag.py
[2024-06-14T22:06:15.909+0000] {processor.py:743} INFO - Processing file /home/airflow/.local/lib/python3.7/site-packages/airflow/example_dags/example_external_task_marker_dag.py for tasks to queue
[2024-06-14T22:06:15.910+0000] {logging_mixin.py:137} INFO - [2024-06-14T22:06:15.910+0000] {dagbag.py:538} INFO - Filling up the DagBag from /home/airflow/.local/lib/python3.7/site-packages/airflow/example_dags/example_external_task_marker_dag.py
[2024-06-14T22:06:15.923+0000] {processor.py:753} INFO - DAG(s) dict_keys(['example_external_task_marker_child', 'example_external_task_marker_parent']) retrieved from /home/airflow/.local/lib/python3.7/site-packages/airflow/example_dags/example_external_task_marker_dag.py
[2024-06-14T22:06:15.947+0000] {logging_mixin.py:137} INFO - [2024-06-14T22:06:15.947+0000] {dag.py:2690} INFO - Sync 2 DAGs
[2024-06-14T22:06:15.966+0000] {logging_mixin.py:137} INFO - [2024-06-14T22:06:15.966+0000] {dag.py:3441} INFO - Setting next_dagrun for example_external_task_marker_child to None, run_after=None
[2024-06-14T22:06:15.969+0000] {logging_mixin.py:137} INFO - [2024-06-14T22:06:15.969+0000] {dag.py:3441} INFO - Setting next_dagrun for example_external_task_marker_parent to None, run_after=None
[2024-06-14T22:06:15.983+0000] {processor.py:175} INFO - Processing /home/airflow/.local/lib/python3.7/site-packages/airflow/example_dags/example_external_task_marker_dag.py took 0.078 seconds
[2024-06-14T22:06:46.416+0000] {processor.py:153} INFO - Started process (PID=1661) to work on /home/airflow/.local/lib/python3.7/site-packages/airflow/example_dags/example_external_task_marker_dag.py
[2024-06-14T22:06:46.421+0000] {processor.py:743} INFO - Processing file /home/airflow/.local/lib/python3.7/site-packages/airflow/example_dags/example_external_task_marker_dag.py for tasks to queue
[2024-06-14T22:06:46.423+0000] {logging_mixin.py:137} INFO - [2024-06-14T22:06:46.422+0000] {dagbag.py:538} INFO - Filling up the DagBag from /home/airflow/.local/lib/python3.7/site-packages/airflow/example_dags/example_external_task_marker_dag.py
[2024-06-14T22:06:46.435+0000] {processor.py:753} INFO - DAG(s) dict_keys(['example_external_task_marker_child', 'example_external_task_marker_parent']) retrieved from /home/airflow/.local/lib/python3.7/site-packages/airflow/example_dags/example_external_task_marker_dag.py
[2024-06-14T22:06:46.459+0000] {logging_mixin.py:137} INFO - [2024-06-14T22:06:46.459+0000] {dag.py:2690} INFO - Sync 2 DAGs
[2024-06-14T22:06:46.476+0000] {logging_mixin.py:137} INFO - [2024-06-14T22:06:46.476+0000] {dag.py:3441} INFO - Setting next_dagrun for example_external_task_marker_child to None, run_after=None
[2024-06-14T22:06:46.479+0000] {logging_mixin.py:137} INFO - [2024-06-14T22:06:46.479+0000] {dag.py:3441} INFO - Setting next_dagrun for example_external_task_marker_parent to None, run_after=None
[2024-06-14T22:06:46.491+0000] {processor.py:175} INFO - Processing /home/airflow/.local/lib/python3.7/site-packages/airflow/example_dags/example_external_task_marker_dag.py took 0.078 seconds
[2024-06-14T22:07:16.892+0000] {processor.py:153} INFO - Started process (PID=1711) to work on /home/airflow/.local/lib/python3.7/site-packages/airflow/example_dags/example_external_task_marker_dag.py
[2024-06-14T22:07:16.893+0000] {processor.py:743} INFO - Processing file /home/airflow/.local/lib/python3.7/site-packages/airflow/example_dags/example_external_task_marker_dag.py for tasks to queue
[2024-06-14T22:07:16.894+0000] {logging_mixin.py:137} INFO - [2024-06-14T22:07:16.894+0000] {dagbag.py:538} INFO - Filling up the DagBag from /home/airflow/.local/lib/python3.7/site-packages/airflow/example_dags/example_external_task_marker_dag.py
[2024-06-14T22:07:16.905+0000] {processor.py:753} INFO - DAG(s) dict_keys(['example_external_task_marker_parent', 'example_external_task_marker_child']) retrieved from /home/airflow/.local/lib/python3.7/site-packages/airflow/example_dags/example_external_task_marker_dag.py
[2024-06-14T22:07:16.931+0000] {logging_mixin.py:137} INFO - [2024-06-14T22:07:16.931+0000] {dag.py:2690} INFO - Sync 2 DAGs
[2024-06-14T22:07:16.949+0000] {logging_mixin.py:137} INFO - [2024-06-14T22:07:16.949+0000] {dag.py:3441} INFO - Setting next_dagrun for example_external_task_marker_child to None, run_after=None
[2024-06-14T22:07:16.951+0000] {logging_mixin.py:137} INFO - [2024-06-14T22:07:16.951+0000] {dag.py:3441} INFO - Setting next_dagrun for example_external_task_marker_parent to None, run_after=None
[2024-06-14T22:07:16.963+0000] {processor.py:175} INFO - Processing /home/airflow/.local/lib/python3.7/site-packages/airflow/example_dags/example_external_task_marker_dag.py took 0.075 seconds
[2024-06-14T22:07:47.490+0000] {processor.py:153} INFO - Started process (PID=1761) to work on /home/airflow/.local/lib/python3.7/site-packages/airflow/example_dags/example_external_task_marker_dag.py
[2024-06-14T22:07:47.491+0000] {processor.py:743} INFO - Processing file /home/airflow/.local/lib/python3.7/site-packages/airflow/example_dags/example_external_task_marker_dag.py for tasks to queue
[2024-06-14T22:07:47.492+0000] {logging_mixin.py:137} INFO - [2024-06-14T22:07:47.492+0000] {dagbag.py:538} INFO - Filling up the DagBag from /home/airflow/.local/lib/python3.7/site-packages/airflow/example_dags/example_external_task_marker_dag.py
[2024-06-14T22:07:47.503+0000] {processor.py:753} INFO - DAG(s) dict_keys(['example_external_task_marker_child', 'example_external_task_marker_parent']) retrieved from /home/airflow/.local/lib/python3.7/site-packages/airflow/example_dags/example_external_task_marker_dag.py
[2024-06-14T22:07:47.529+0000] {logging_mixin.py:137} INFO - [2024-06-14T22:07:47.529+0000] {dag.py:2690} INFO - Sync 2 DAGs
[2024-06-14T22:07:47.547+0000] {logging_mixin.py:137} INFO - [2024-06-14T22:07:47.547+0000] {dag.py:3441} INFO - Setting next_dagrun for example_external_task_marker_child to None, run_after=None
[2024-06-14T22:07:47.551+0000] {logging_mixin.py:137} INFO - [2024-06-14T22:07:47.551+0000] {dag.py:3441} INFO - Setting next_dagrun for example_external_task_marker_parent to None, run_after=None
[2024-06-14T22:07:47.563+0000] {processor.py:175} INFO - Processing /home/airflow/.local/lib/python3.7/site-packages/airflow/example_dags/example_external_task_marker_dag.py took 0.077 seconds
[2024-06-14T22:08:18.096+0000] {processor.py:153} INFO - Started process (PID=1811) to work on /home/airflow/.local/lib/python3.7/site-packages/airflow/example_dags/example_external_task_marker_dag.py
[2024-06-14T22:08:18.097+0000] {processor.py:743} INFO - Processing file /home/airflow/.local/lib/python3.7/site-packages/airflow/example_dags/example_external_task_marker_dag.py for tasks to queue
[2024-06-14T22:08:18.099+0000] {logging_mixin.py:137} INFO - [2024-06-14T22:08:18.098+0000] {dagbag.py:538} INFO - Filling up the DagBag from /home/airflow/.local/lib/python3.7/site-packages/airflow/example_dags/example_external_task_marker_dag.py
[2024-06-14T22:08:18.109+0000] {processor.py:753} INFO - DAG(s) dict_keys(['example_external_task_marker_parent', 'example_external_task_marker_child']) retrieved from /home/airflow/.local/lib/python3.7/site-packages/airflow/example_dags/example_external_task_marker_dag.py
[2024-06-14T22:08:18.133+0000] {logging_mixin.py:137} INFO - [2024-06-14T22:08:18.133+0000] {dag.py:2690} INFO - Sync 2 DAGs
[2024-06-14T22:08:18.151+0000] {logging_mixin.py:137} INFO - [2024-06-14T22:08:18.151+0000] {dag.py:3441} INFO - Setting next_dagrun for example_external_task_marker_child to None, run_after=None
[2024-06-14T22:08:18.154+0000] {logging_mixin.py:137} INFO - [2024-06-14T22:08:18.154+0000] {dag.py:3441} INFO - Setting next_dagrun for example_external_task_marker_parent to None, run_after=None
[2024-06-14T22:08:18.165+0000] {processor.py:175} INFO - Processing /home/airflow/.local/lib/python3.7/site-packages/airflow/example_dags/example_external_task_marker_dag.py took 0.071 seconds
[2024-06-14T22:08:48.740+0000] {processor.py:153} INFO - Started process (PID=1861) to work on /home/airflow/.local/lib/python3.7/site-packages/airflow/example_dags/example_external_task_marker_dag.py
[2024-06-14T22:08:48.741+0000] {processor.py:743} INFO - Processing file /home/airflow/.local/lib/python3.7/site-packages/airflow/example_dags/example_external_task_marker_dag.py for tasks to queue
[2024-06-14T22:08:48.742+0000] {logging_mixin.py:137} INFO - [2024-06-14T22:08:48.742+0000] {dagbag.py:538} INFO - Filling up the DagBag from /home/airflow/.local/lib/python3.7/site-packages/airflow/example_dags/example_external_task_marker_dag.py
[2024-06-14T22:08:48.754+0000] {processor.py:753} INFO - DAG(s) dict_keys(['example_external_task_marker_parent', 'example_external_task_marker_child']) retrieved from /home/airflow/.local/lib/python3.7/site-packages/airflow/example_dags/example_external_task_marker_dag.py
[2024-06-14T22:08:48.777+0000] {logging_mixin.py:137} INFO - [2024-06-14T22:08:48.777+0000] {dag.py:2690} INFO - Sync 2 DAGs
[2024-06-14T22:08:48.796+0000] {logging_mixin.py:137} INFO - [2024-06-14T22:08:48.796+0000] {dag.py:3441} INFO - Setting next_dagrun for example_external_task_marker_child to None, run_after=None
[2024-06-14T22:08:48.799+0000] {logging_mixin.py:137} INFO - [2024-06-14T22:08:48.799+0000] {dag.py:3441} INFO - Setting next_dagrun for example_external_task_marker_parent to None, run_after=None
[2024-06-14T22:08:48.811+0000] {processor.py:175} INFO - Processing /home/airflow/.local/lib/python3.7/site-packages/airflow/example_dags/example_external_task_marker_dag.py took 0.074 seconds
[2024-06-14T22:09:19.308+0000] {processor.py:153} INFO - Started process (PID=1911) to work on /home/airflow/.local/lib/python3.7/site-packages/airflow/example_dags/example_external_task_marker_dag.py
[2024-06-14T22:09:19.310+0000] {processor.py:743} INFO - Processing file /home/airflow/.local/lib/python3.7/site-packages/airflow/example_dags/example_external_task_marker_dag.py for tasks to queue
[2024-06-14T22:09:19.311+0000] {logging_mixin.py:137} INFO - [2024-06-14T22:09:19.311+0000] {dagbag.py:538} INFO - Filling up the DagBag from /home/airflow/.local/lib/python3.7/site-packages/airflow/example_dags/example_external_task_marker_dag.py
[2024-06-14T22:09:19.322+0000] {processor.py:753} INFO - DAG(s) dict_keys(['example_external_task_marker_parent', 'example_external_task_marker_child']) retrieved from /home/airflow/.local/lib/python3.7/site-packages/airflow/example_dags/example_external_task_marker_dag.py
[2024-06-14T22:09:19.345+0000] {logging_mixin.py:137} INFO - [2024-06-14T22:09:19.345+0000] {dag.py:2690} INFO - Sync 2 DAGs
[2024-06-14T22:09:19.363+0000] {logging_mixin.py:137} INFO - [2024-06-14T22:09:19.363+0000] {dag.py:3441} INFO - Setting next_dagrun for example_external_task_marker_child to None, run_after=None
[2024-06-14T22:09:19.366+0000] {logging_mixin.py:137} INFO - [2024-06-14T22:09:19.366+0000] {dag.py:3441} INFO - Setting next_dagrun for example_external_task_marker_parent to None, run_after=None
[2024-06-14T22:09:19.377+0000] {processor.py:175} INFO - Processing /home/airflow/.local/lib/python3.7/site-packages/airflow/example_dags/example_external_task_marker_dag.py took 0.072 seconds
[2024-06-14T22:09:49.749+0000] {processor.py:153} INFO - Started process (PID=1961) to work on /home/airflow/.local/lib/python3.7/site-packages/airflow/example_dags/example_external_task_marker_dag.py
[2024-06-14T22:09:49.750+0000] {processor.py:743} INFO - Processing file /home/airflow/.local/lib/python3.7/site-packages/airflow/example_dags/example_external_task_marker_dag.py for tasks to queue
[2024-06-14T22:09:49.751+0000] {logging_mixin.py:137} INFO - [2024-06-14T22:09:49.751+0000] {dagbag.py:538} INFO - Filling up the DagBag from /home/airflow/.local/lib/python3.7/site-packages/airflow/example_dags/example_external_task_marker_dag.py
[2024-06-14T22:09:49.762+0000] {processor.py:753} INFO - DAG(s) dict_keys(['example_external_task_marker_child', 'example_external_task_marker_parent']) retrieved from /home/airflow/.local/lib/python3.7/site-packages/airflow/example_dags/example_external_task_marker_dag.py
[2024-06-14T22:09:49.784+0000] {logging_mixin.py:137} INFO - [2024-06-14T22:09:49.784+0000] {dag.py:2690} INFO - Sync 2 DAGs
[2024-06-14T22:09:49.801+0000] {logging_mixin.py:137} INFO - [2024-06-14T22:09:49.801+0000] {dag.py:3441} INFO - Setting next_dagrun for example_external_task_marker_child to None, run_after=None
[2024-06-14T22:09:49.804+0000] {logging_mixin.py:137} INFO - [2024-06-14T22:09:49.804+0000] {dag.py:3441} INFO - Setting next_dagrun for example_external_task_marker_parent to None, run_after=None
[2024-06-14T22:09:49.818+0000] {processor.py:175} INFO - Processing /home/airflow/.local/lib/python3.7/site-packages/airflow/example_dags/example_external_task_marker_dag.py took 0.073 seconds
[2024-06-14T22:10:20.227+0000] {processor.py:153} INFO - Started process (PID=2011) to work on /home/airflow/.local/lib/python3.7/site-packages/airflow/example_dags/example_external_task_marker_dag.py
[2024-06-14T22:10:20.228+0000] {processor.py:743} INFO - Processing file /home/airflow/.local/lib/python3.7/site-packages/airflow/example_dags/example_external_task_marker_dag.py for tasks to queue
[2024-06-14T22:10:20.229+0000] {logging_mixin.py:137} INFO - [2024-06-14T22:10:20.229+0000] {dagbag.py:538} INFO - Filling up the DagBag from /home/airflow/.local/lib/python3.7/site-packages/airflow/example_dags/example_external_task_marker_dag.py
[2024-06-14T22:10:20.239+0000] {processor.py:753} INFO - DAG(s) dict_keys(['example_external_task_marker_child', 'example_external_task_marker_parent']) retrieved from /home/airflow/.local/lib/python3.7/site-packages/airflow/example_dags/example_external_task_marker_dag.py
[2024-06-14T22:10:20.262+0000] {logging_mixin.py:137} INFO - [2024-06-14T22:10:20.262+0000] {dag.py:2690} INFO - Sync 2 DAGs
[2024-06-14T22:10:20.281+0000] {logging_mixin.py:137} INFO - [2024-06-14T22:10:20.281+0000] {dag.py:3441} INFO - Setting next_dagrun for example_external_task_marker_child to None, run_after=None
[2024-06-14T22:10:20.284+0000] {logging_mixin.py:137} INFO - [2024-06-14T22:10:20.284+0000] {dag.py:3441} INFO - Setting next_dagrun for example_external_task_marker_parent to None, run_after=None
[2024-06-14T22:10:20.296+0000] {processor.py:175} INFO - Processing /home/airflow/.local/lib/python3.7/site-packages/airflow/example_dags/example_external_task_marker_dag.py took 0.073 seconds
[2024-06-14T22:58:49.823+0000] {processor.py:153} INFO - Started process (PID=2061) to work on /home/airflow/.local/lib/python3.7/site-packages/airflow/example_dags/example_external_task_marker_dag.py
[2024-06-14T22:58:49.844+0000] {processor.py:743} INFO - Processing file /home/airflow/.local/lib/python3.7/site-packages/airflow/example_dags/example_external_task_marker_dag.py for tasks to queue
[2024-06-14T22:58:49.846+0000] {logging_mixin.py:137} INFO - [2024-06-14T22:58:49.846+0000] {dagbag.py:538} INFO - Filling up the DagBag from /home/airflow/.local/lib/python3.7/site-packages/airflow/example_dags/example_external_task_marker_dag.py
[2024-06-14T22:58:49.862+0000] {processor.py:753} INFO - DAG(s) dict_keys(['example_external_task_marker_child', 'example_external_task_marker_parent']) retrieved from /home/airflow/.local/lib/python3.7/site-packages/airflow/example_dags/example_external_task_marker_dag.py
[2024-06-14T22:58:49.888+0000] {logging_mixin.py:137} INFO - [2024-06-14T22:58:49.887+0000] {dag.py:2690} INFO - Sync 2 DAGs
[2024-06-14T22:58:49.907+0000] {logging_mixin.py:137} INFO - [2024-06-14T22:58:49.907+0000] {dag.py:3441} INFO - Setting next_dagrun for example_external_task_marker_child to None, run_after=None
[2024-06-14T22:58:49.915+0000] {logging_mixin.py:137} INFO - [2024-06-14T22:58:49.914+0000] {dag.py:3441} INFO - Setting next_dagrun for example_external_task_marker_parent to None, run_after=None
[2024-06-14T22:58:49.932+0000] {processor.py:175} INFO - Processing /home/airflow/.local/lib/python3.7/site-packages/airflow/example_dags/example_external_task_marker_dag.py took 0.126 seconds
[2024-06-14T23:14:35.699+0000] {processor.py:153} INFO - Started process (PID=2118) to work on /home/airflow/.local/lib/python3.7/site-packages/airflow/example_dags/example_external_task_marker_dag.py
[2024-06-14T23:14:35.724+0000] {processor.py:743} INFO - Processing file /home/airflow/.local/lib/python3.7/site-packages/airflow/example_dags/example_external_task_marker_dag.py for tasks to queue
[2024-06-14T23:14:35.729+0000] {logging_mixin.py:137} INFO - [2024-06-14T23:14:35.729+0000] {dagbag.py:538} INFO - Filling up the DagBag from /home/airflow/.local/lib/python3.7/site-packages/airflow/example_dags/example_external_task_marker_dag.py
[2024-06-14T23:14:35.840+0000] {processor.py:753} INFO - DAG(s) dict_keys(['example_external_task_marker_child', 'example_external_task_marker_parent']) retrieved from /home/airflow/.local/lib/python3.7/site-packages/airflow/example_dags/example_external_task_marker_dag.py
[2024-06-14T23:14:36.017+0000] {logging_mixin.py:137} INFO - [2024-06-14T23:14:36.016+0000] {dag.py:2690} INFO - Sync 2 DAGs
[2024-06-14T23:14:36.121+0000] {logging_mixin.py:137} INFO - [2024-06-14T23:14:36.117+0000] {dag.py:3441} INFO - Setting next_dagrun for example_external_task_marker_child to None, run_after=None
[2024-06-14T23:14:36.140+0000] {logging_mixin.py:137} INFO - [2024-06-14T23:14:36.140+0000] {dag.py:3441} INFO - Setting next_dagrun for example_external_task_marker_parent to None, run_after=None
[2024-06-14T23:14:36.206+0000] {processor.py:175} INFO - Processing /home/airflow/.local/lib/python3.7/site-packages/airflow/example_dags/example_external_task_marker_dag.py took 0.516 seconds
