[2024-06-14T21:50:26.380+0000] {processor.py:153} INFO - Started process (PID=49) to work on /home/airflow/.local/lib/python3.7/site-packages/airflow/example_dags/example_latest_only_with_trigger.py
[2024-06-14T21:50:26.386+0000] {processor.py:743} INFO - Processing file /home/airflow/.local/lib/python3.7/site-packages/airflow/example_dags/example_latest_only_with_trigger.py for tasks to queue
[2024-06-14T21:50:26.387+0000] {logging_mixin.py:137} INFO - [2024-06-14T21:50:26.387+0000] {dagbag.py:538} INFO - Filling up the DagBag from /home/airflow/.local/lib/python3.7/site-packages/airflow/example_dags/example_latest_only_with_trigger.py
[2024-06-14T21:50:26.412+0000] {processor.py:753} INFO - DAG(s) dict_keys(['latest_only_with_trigger']) retrieved from /home/airflow/.local/lib/python3.7/site-packages/airflow/example_dags/example_latest_only_with_trigger.py
[2024-06-14T21:50:26.452+0000] {logging_mixin.py:137} INFO - [2024-06-14T21:50:26.452+0000] {dag.py:2690} INFO - Sync 1 DAGs
[2024-06-14T21:50:26.487+0000] {logging_mixin.py:137} INFO - [2024-06-14T21:50:26.487+0000] {dag.py:3441} INFO - Setting next_dagrun for latest_only_with_trigger to 2024-06-14T17:50:26.486970+00:00, run_after=2024-06-14T21:50:26.486970+00:00
[2024-06-14T21:50:26.509+0000] {processor.py:175} INFO - Processing /home/airflow/.local/lib/python3.7/site-packages/airflow/example_dags/example_latest_only_with_trigger.py took 0.134 seconds
[2024-06-14T21:50:56.619+0000] {processor.py:153} INFO - Started process (PID=99) to work on /home/airflow/.local/lib/python3.7/site-packages/airflow/example_dags/example_latest_only_with_trigger.py
[2024-06-14T21:50:56.621+0000] {processor.py:743} INFO - Processing file /home/airflow/.local/lib/python3.7/site-packages/airflow/example_dags/example_latest_only_with_trigger.py for tasks to queue
[2024-06-14T21:50:56.622+0000] {logging_mixin.py:137} INFO - [2024-06-14T21:50:56.622+0000] {dagbag.py:538} INFO - Filling up the DagBag from /home/airflow/.local/lib/python3.7/site-packages/airflow/example_dags/example_latest_only_with_trigger.py
[2024-06-14T21:50:56.634+0000] {processor.py:753} INFO - DAG(s) dict_keys(['latest_only_with_trigger']) retrieved from /home/airflow/.local/lib/python3.7/site-packages/airflow/example_dags/example_latest_only_with_trigger.py
[2024-06-14T21:50:56.658+0000] {logging_mixin.py:137} INFO - [2024-06-14T21:50:56.658+0000] {dag.py:2690} INFO - Sync 1 DAGs
[2024-06-14T21:50:56.677+0000] {logging_mixin.py:137} INFO - [2024-06-14T21:50:56.677+0000] {dag.py:3441} INFO - Setting next_dagrun for latest_only_with_trigger to 2024-06-14T17:50:56.677086+00:00, run_after=2024-06-14T21:50:56.677086+00:00
[2024-06-14T21:50:56.692+0000] {processor.py:175} INFO - Processing /home/airflow/.local/lib/python3.7/site-packages/airflow/example_dags/example_latest_only_with_trigger.py took 0.077 seconds
[2024-06-14T21:51:27.201+0000] {processor.py:153} INFO - Started process (PID=149) to work on /home/airflow/.local/lib/python3.7/site-packages/airflow/example_dags/example_latest_only_with_trigger.py
[2024-06-14T21:51:27.202+0000] {processor.py:743} INFO - Processing file /home/airflow/.local/lib/python3.7/site-packages/airflow/example_dags/example_latest_only_with_trigger.py for tasks to queue
[2024-06-14T21:51:27.203+0000] {logging_mixin.py:137} INFO - [2024-06-14T21:51:27.203+0000] {dagbag.py:538} INFO - Filling up the DagBag from /home/airflow/.local/lib/python3.7/site-packages/airflow/example_dags/example_latest_only_with_trigger.py
[2024-06-14T21:51:27.215+0000] {processor.py:753} INFO - DAG(s) dict_keys(['latest_only_with_trigger']) retrieved from /home/airflow/.local/lib/python3.7/site-packages/airflow/example_dags/example_latest_only_with_trigger.py
[2024-06-14T21:51:27.236+0000] {logging_mixin.py:137} INFO - [2024-06-14T21:51:27.236+0000] {dag.py:2690} INFO - Sync 1 DAGs
[2024-06-14T21:51:27.253+0000] {logging_mixin.py:137} INFO - [2024-06-14T21:51:27.253+0000] {dag.py:3441} INFO - Setting next_dagrun for latest_only_with_trigger to 2024-06-14T17:51:27.252842+00:00, run_after=2024-06-14T21:51:27.252842+00:00
[2024-06-14T21:51:27.267+0000] {processor.py:175} INFO - Processing /home/airflow/.local/lib/python3.7/site-packages/airflow/example_dags/example_latest_only_with_trigger.py took 0.069 seconds
[2024-06-14T21:51:57.646+0000] {processor.py:153} INFO - Started process (PID=199) to work on /home/airflow/.local/lib/python3.7/site-packages/airflow/example_dags/example_latest_only_with_trigger.py
[2024-06-14T21:51:57.647+0000] {processor.py:743} INFO - Processing file /home/airflow/.local/lib/python3.7/site-packages/airflow/example_dags/example_latest_only_with_trigger.py for tasks to queue
[2024-06-14T21:51:57.648+0000] {logging_mixin.py:137} INFO - [2024-06-14T21:51:57.648+0000] {dagbag.py:538} INFO - Filling up the DagBag from /home/airflow/.local/lib/python3.7/site-packages/airflow/example_dags/example_latest_only_with_trigger.py
[2024-06-14T21:51:57.660+0000] {processor.py:753} INFO - DAG(s) dict_keys(['latest_only_with_trigger']) retrieved from /home/airflow/.local/lib/python3.7/site-packages/airflow/example_dags/example_latest_only_with_trigger.py
[2024-06-14T21:51:57.681+0000] {logging_mixin.py:137} INFO - [2024-06-14T21:51:57.681+0000] {dag.py:2690} INFO - Sync 1 DAGs
[2024-06-14T21:51:57.698+0000] {logging_mixin.py:137} INFO - [2024-06-14T21:51:57.698+0000] {dag.py:3441} INFO - Setting next_dagrun for latest_only_with_trigger to 2024-06-14T17:51:57.697915+00:00, run_after=2024-06-14T21:51:57.697915+00:00
[2024-06-14T21:51:57.710+0000] {processor.py:175} INFO - Processing /home/airflow/.local/lib/python3.7/site-packages/airflow/example_dags/example_latest_only_with_trigger.py took 0.067 seconds
[2024-06-14T21:52:28.266+0000] {processor.py:153} INFO - Started process (PID=249) to work on /home/airflow/.local/lib/python3.7/site-packages/airflow/example_dags/example_latest_only_with_trigger.py
[2024-06-14T21:52:28.268+0000] {processor.py:743} INFO - Processing file /home/airflow/.local/lib/python3.7/site-packages/airflow/example_dags/example_latest_only_with_trigger.py for tasks to queue
[2024-06-14T21:52:28.269+0000] {logging_mixin.py:137} INFO - [2024-06-14T21:52:28.268+0000] {dagbag.py:538} INFO - Filling up the DagBag from /home/airflow/.local/lib/python3.7/site-packages/airflow/example_dags/example_latest_only_with_trigger.py
[2024-06-14T21:52:28.281+0000] {processor.py:753} INFO - DAG(s) dict_keys(['latest_only_with_trigger']) retrieved from /home/airflow/.local/lib/python3.7/site-packages/airflow/example_dags/example_latest_only_with_trigger.py
[2024-06-14T21:52:28.302+0000] {logging_mixin.py:137} INFO - [2024-06-14T21:52:28.302+0000] {dag.py:2690} INFO - Sync 1 DAGs
[2024-06-14T21:52:28.320+0000] {logging_mixin.py:137} INFO - [2024-06-14T21:52:28.320+0000] {dag.py:3441} INFO - Setting next_dagrun for latest_only_with_trigger to 2024-06-14T17:52:28.319958+00:00, run_after=2024-06-14T21:52:28.319958+00:00
[2024-06-14T21:52:28.332+0000] {processor.py:175} INFO - Processing /home/airflow/.local/lib/python3.7/site-packages/airflow/example_dags/example_latest_only_with_trigger.py took 0.068 seconds
[2024-06-14T21:52:58.849+0000] {processor.py:153} INFO - Started process (PID=298) to work on /home/airflow/.local/lib/python3.7/site-packages/airflow/example_dags/example_latest_only_with_trigger.py
[2024-06-14T21:52:58.850+0000] {processor.py:743} INFO - Processing file /home/airflow/.local/lib/python3.7/site-packages/airflow/example_dags/example_latest_only_with_trigger.py for tasks to queue
[2024-06-14T21:52:58.851+0000] {logging_mixin.py:137} INFO - [2024-06-14T21:52:58.851+0000] {dagbag.py:538} INFO - Filling up the DagBag from /home/airflow/.local/lib/python3.7/site-packages/airflow/example_dags/example_latest_only_with_trigger.py
[2024-06-14T21:52:58.863+0000] {processor.py:753} INFO - DAG(s) dict_keys(['latest_only_with_trigger']) retrieved from /home/airflow/.local/lib/python3.7/site-packages/airflow/example_dags/example_latest_only_with_trigger.py
[2024-06-14T21:52:58.884+0000] {logging_mixin.py:137} INFO - [2024-06-14T21:52:58.884+0000] {dag.py:2690} INFO - Sync 1 DAGs
[2024-06-14T21:52:58.901+0000] {logging_mixin.py:137} INFO - [2024-06-14T21:52:58.901+0000] {dag.py:3441} INFO - Setting next_dagrun for latest_only_with_trigger to 2024-06-14T17:52:58.900822+00:00, run_after=2024-06-14T21:52:58.900822+00:00
[2024-06-14T21:52:58.913+0000] {processor.py:175} INFO - Processing /home/airflow/.local/lib/python3.7/site-packages/airflow/example_dags/example_latest_only_with_trigger.py took 0.067 seconds
[2024-06-14T21:53:29.405+0000] {processor.py:153} INFO - Started process (PID=348) to work on /home/airflow/.local/lib/python3.7/site-packages/airflow/example_dags/example_latest_only_with_trigger.py
[2024-06-14T21:53:29.407+0000] {processor.py:743} INFO - Processing file /home/airflow/.local/lib/python3.7/site-packages/airflow/example_dags/example_latest_only_with_trigger.py for tasks to queue
[2024-06-14T21:53:29.408+0000] {logging_mixin.py:137} INFO - [2024-06-14T21:53:29.408+0000] {dagbag.py:538} INFO - Filling up the DagBag from /home/airflow/.local/lib/python3.7/site-packages/airflow/example_dags/example_latest_only_with_trigger.py
[2024-06-14T21:53:29.419+0000] {processor.py:753} INFO - DAG(s) dict_keys(['latest_only_with_trigger']) retrieved from /home/airflow/.local/lib/python3.7/site-packages/airflow/example_dags/example_latest_only_with_trigger.py
[2024-06-14T21:53:29.442+0000] {logging_mixin.py:137} INFO - [2024-06-14T21:53:29.441+0000] {dag.py:2690} INFO - Sync 1 DAGs
[2024-06-14T21:53:29.460+0000] {logging_mixin.py:137} INFO - [2024-06-14T21:53:29.459+0000] {dag.py:3441} INFO - Setting next_dagrun for latest_only_with_trigger to 2024-06-14T17:53:29.459726+00:00, run_after=2024-06-14T21:53:29.459726+00:00
[2024-06-14T21:53:29.473+0000] {processor.py:175} INFO - Processing /home/airflow/.local/lib/python3.7/site-packages/airflow/example_dags/example_latest_only_with_trigger.py took 0.071 seconds
[2024-06-14T21:54:00.034+0000] {processor.py:153} INFO - Started process (PID=398) to work on /home/airflow/.local/lib/python3.7/site-packages/airflow/example_dags/example_latest_only_with_trigger.py
[2024-06-14T21:54:00.035+0000] {processor.py:743} INFO - Processing file /home/airflow/.local/lib/python3.7/site-packages/airflow/example_dags/example_latest_only_with_trigger.py for tasks to queue
[2024-06-14T21:54:00.036+0000] {logging_mixin.py:137} INFO - [2024-06-14T21:54:00.036+0000] {dagbag.py:538} INFO - Filling up the DagBag from /home/airflow/.local/lib/python3.7/site-packages/airflow/example_dags/example_latest_only_with_trigger.py
[2024-06-14T21:54:00.052+0000] {processor.py:753} INFO - DAG(s) dict_keys(['latest_only_with_trigger']) retrieved from /home/airflow/.local/lib/python3.7/site-packages/airflow/example_dags/example_latest_only_with_trigger.py
[2024-06-14T21:54:00.088+0000] {logging_mixin.py:137} INFO - [2024-06-14T21:54:00.088+0000] {dag.py:2690} INFO - Sync 1 DAGs
[2024-06-14T21:54:00.108+0000] {logging_mixin.py:137} INFO - [2024-06-14T21:54:00.108+0000] {dag.py:3441} INFO - Setting next_dagrun for latest_only_with_trigger to 2024-06-14T17:54:00.107830+00:00, run_after=2024-06-14T21:54:00.107830+00:00
[2024-06-14T21:54:00.124+0000] {processor.py:175} INFO - Processing /home/airflow/.local/lib/python3.7/site-packages/airflow/example_dags/example_latest_only_with_trigger.py took 0.094 seconds
[2024-06-14T21:54:30.870+0000] {processor.py:153} INFO - Started process (PID=448) to work on /home/airflow/.local/lib/python3.7/site-packages/airflow/example_dags/example_latest_only_with_trigger.py
[2024-06-14T21:54:30.871+0000] {processor.py:743} INFO - Processing file /home/airflow/.local/lib/python3.7/site-packages/airflow/example_dags/example_latest_only_with_trigger.py for tasks to queue
[2024-06-14T21:54:30.872+0000] {logging_mixin.py:137} INFO - [2024-06-14T21:54:30.872+0000] {dagbag.py:538} INFO - Filling up the DagBag from /home/airflow/.local/lib/python3.7/site-packages/airflow/example_dags/example_latest_only_with_trigger.py
[2024-06-14T21:54:30.884+0000] {processor.py:753} INFO - DAG(s) dict_keys(['latest_only_with_trigger']) retrieved from /home/airflow/.local/lib/python3.7/site-packages/airflow/example_dags/example_latest_only_with_trigger.py
[2024-06-14T21:54:30.905+0000] {logging_mixin.py:137} INFO - [2024-06-14T21:54:30.905+0000] {dag.py:2690} INFO - Sync 1 DAGs
[2024-06-14T21:54:30.925+0000] {logging_mixin.py:137} INFO - [2024-06-14T21:54:30.924+0000] {dag.py:3441} INFO - Setting next_dagrun for latest_only_with_trigger to 2024-06-14T17:54:30.924637+00:00, run_after=2024-06-14T21:54:30.924637+00:00
[2024-06-14T21:54:30.938+0000] {processor.py:175} INFO - Processing /home/airflow/.local/lib/python3.7/site-packages/airflow/example_dags/example_latest_only_with_trigger.py took 0.071 seconds
[2024-06-14T21:55:01.404+0000] {processor.py:153} INFO - Started process (PID=498) to work on /home/airflow/.local/lib/python3.7/site-packages/airflow/example_dags/example_latest_only_with_trigger.py
[2024-06-14T21:55:01.406+0000] {processor.py:743} INFO - Processing file /home/airflow/.local/lib/python3.7/site-packages/airflow/example_dags/example_latest_only_with_trigger.py for tasks to queue
[2024-06-14T21:55:01.406+0000] {logging_mixin.py:137} INFO - [2024-06-14T21:55:01.406+0000] {dagbag.py:538} INFO - Filling up the DagBag from /home/airflow/.local/lib/python3.7/site-packages/airflow/example_dags/example_latest_only_with_trigger.py
[2024-06-14T21:55:01.418+0000] {processor.py:753} INFO - DAG(s) dict_keys(['latest_only_with_trigger']) retrieved from /home/airflow/.local/lib/python3.7/site-packages/airflow/example_dags/example_latest_only_with_trigger.py
[2024-06-14T21:55:01.441+0000] {logging_mixin.py:137} INFO - [2024-06-14T21:55:01.441+0000] {dag.py:2690} INFO - Sync 1 DAGs
[2024-06-14T21:55:01.466+0000] {logging_mixin.py:137} INFO - [2024-06-14T21:55:01.466+0000] {dag.py:3441} INFO - Setting next_dagrun for latest_only_with_trigger to 2024-06-14T17:55:01.466132+00:00, run_after=2024-06-14T21:55:01.466132+00:00
[2024-06-14T21:55:01.480+0000] {processor.py:175} INFO - Processing /home/airflow/.local/lib/python3.7/site-packages/airflow/example_dags/example_latest_only_with_trigger.py took 0.079 seconds
[2024-06-14T21:55:32.054+0000] {processor.py:153} INFO - Started process (PID=548) to work on /home/airflow/.local/lib/python3.7/site-packages/airflow/example_dags/example_latest_only_with_trigger.py
[2024-06-14T21:55:32.055+0000] {processor.py:743} INFO - Processing file /home/airflow/.local/lib/python3.7/site-packages/airflow/example_dags/example_latest_only_with_trigger.py for tasks to queue
[2024-06-14T21:55:32.056+0000] {logging_mixin.py:137} INFO - [2024-06-14T21:55:32.056+0000] {dagbag.py:538} INFO - Filling up the DagBag from /home/airflow/.local/lib/python3.7/site-packages/airflow/example_dags/example_latest_only_with_trigger.py
[2024-06-14T21:55:32.067+0000] {processor.py:753} INFO - DAG(s) dict_keys(['latest_only_with_trigger']) retrieved from /home/airflow/.local/lib/python3.7/site-packages/airflow/example_dags/example_latest_only_with_trigger.py
[2024-06-14T21:55:32.087+0000] {logging_mixin.py:137} INFO - [2024-06-14T21:55:32.087+0000] {dag.py:2690} INFO - Sync 1 DAGs
[2024-06-14T21:55:32.105+0000] {logging_mixin.py:137} INFO - [2024-06-14T21:55:32.105+0000] {dag.py:3441} INFO - Setting next_dagrun for latest_only_with_trigger to 2024-06-14T17:55:32.104920+00:00, run_after=2024-06-14T21:55:32.104920+00:00
[2024-06-14T21:55:32.118+0000] {processor.py:175} INFO - Processing /home/airflow/.local/lib/python3.7/site-packages/airflow/example_dags/example_latest_only_with_trigger.py took 0.068 seconds
[2024-06-14T21:56:02.833+0000] {processor.py:153} INFO - Started process (PID=598) to work on /home/airflow/.local/lib/python3.7/site-packages/airflow/example_dags/example_latest_only_with_trigger.py
[2024-06-14T21:56:02.834+0000] {processor.py:743} INFO - Processing file /home/airflow/.local/lib/python3.7/site-packages/airflow/example_dags/example_latest_only_with_trigger.py for tasks to queue
[2024-06-14T21:56:02.835+0000] {logging_mixin.py:137} INFO - [2024-06-14T21:56:02.835+0000] {dagbag.py:538} INFO - Filling up the DagBag from /home/airflow/.local/lib/python3.7/site-packages/airflow/example_dags/example_latest_only_with_trigger.py
[2024-06-14T21:56:02.847+0000] {processor.py:753} INFO - DAG(s) dict_keys(['latest_only_with_trigger']) retrieved from /home/airflow/.local/lib/python3.7/site-packages/airflow/example_dags/example_latest_only_with_trigger.py
[2024-06-14T21:56:02.867+0000] {logging_mixin.py:137} INFO - [2024-06-14T21:56:02.867+0000] {dag.py:2690} INFO - Sync 1 DAGs
[2024-06-14T21:56:02.885+0000] {logging_mixin.py:137} INFO - [2024-06-14T21:56:02.885+0000] {dag.py:3441} INFO - Setting next_dagrun for latest_only_with_trigger to 2024-06-14T17:56:02.885644+00:00, run_after=2024-06-14T21:56:02.885644+00:00
[2024-06-14T21:56:02.901+0000] {processor.py:175} INFO - Processing /home/airflow/.local/lib/python3.7/site-packages/airflow/example_dags/example_latest_only_with_trigger.py took 0.070 seconds
[2024-06-14T21:56:33.642+0000] {processor.py:153} INFO - Started process (PID=648) to work on /home/airflow/.local/lib/python3.7/site-packages/airflow/example_dags/example_latest_only_with_trigger.py
[2024-06-14T21:56:33.647+0000] {processor.py:743} INFO - Processing file /home/airflow/.local/lib/python3.7/site-packages/airflow/example_dags/example_latest_only_with_trigger.py for tasks to queue
[2024-06-14T21:56:33.651+0000] {logging_mixin.py:137} INFO - [2024-06-14T21:56:33.650+0000] {dagbag.py:538} INFO - Filling up the DagBag from /home/airflow/.local/lib/python3.7/site-packages/airflow/example_dags/example_latest_only_with_trigger.py
[2024-06-14T21:56:33.662+0000] {processor.py:753} INFO - DAG(s) dict_keys(['latest_only_with_trigger']) retrieved from /home/airflow/.local/lib/python3.7/site-packages/airflow/example_dags/example_latest_only_with_trigger.py
[2024-06-14T21:56:33.685+0000] {logging_mixin.py:137} INFO - [2024-06-14T21:56:33.685+0000] {dag.py:2690} INFO - Sync 1 DAGs
[2024-06-14T21:56:33.703+0000] {logging_mixin.py:137} INFO - [2024-06-14T21:56:33.703+0000] {dag.py:3441} INFO - Setting next_dagrun for latest_only_with_trigger to 2024-06-14T17:56:33.702989+00:00, run_after=2024-06-14T21:56:33.702989+00:00
[2024-06-14T21:56:33.715+0000] {processor.py:175} INFO - Processing /home/airflow/.local/lib/python3.7/site-packages/airflow/example_dags/example_latest_only_with_trigger.py took 0.077 seconds
[2024-06-14T21:57:04.318+0000] {processor.py:153} INFO - Started process (PID=698) to work on /home/airflow/.local/lib/python3.7/site-packages/airflow/example_dags/example_latest_only_with_trigger.py
[2024-06-14T21:57:04.319+0000] {processor.py:743} INFO - Processing file /home/airflow/.local/lib/python3.7/site-packages/airflow/example_dags/example_latest_only_with_trigger.py for tasks to queue
[2024-06-14T21:57:04.320+0000] {logging_mixin.py:137} INFO - [2024-06-14T21:57:04.320+0000] {dagbag.py:538} INFO - Filling up the DagBag from /home/airflow/.local/lib/python3.7/site-packages/airflow/example_dags/example_latest_only_with_trigger.py
[2024-06-14T21:57:04.332+0000] {processor.py:753} INFO - DAG(s) dict_keys(['latest_only_with_trigger']) retrieved from /home/airflow/.local/lib/python3.7/site-packages/airflow/example_dags/example_latest_only_with_trigger.py
[2024-06-14T21:57:04.353+0000] {logging_mixin.py:137} INFO - [2024-06-14T21:57:04.353+0000] {dag.py:2690} INFO - Sync 1 DAGs
[2024-06-14T21:57:04.370+0000] {logging_mixin.py:137} INFO - [2024-06-14T21:57:04.370+0000] {dag.py:3441} INFO - Setting next_dagrun for latest_only_with_trigger to 2024-06-14T17:57:04.370529+00:00, run_after=2024-06-14T21:57:04.370529+00:00
[2024-06-14T21:57:04.382+0000] {processor.py:175} INFO - Processing /home/airflow/.local/lib/python3.7/site-packages/airflow/example_dags/example_latest_only_with_trigger.py took 0.067 seconds
[2024-06-14T21:57:34.693+0000] {processor.py:153} INFO - Started process (PID=748) to work on /home/airflow/.local/lib/python3.7/site-packages/airflow/example_dags/example_latest_only_with_trigger.py
[2024-06-14T21:57:34.694+0000] {processor.py:743} INFO - Processing file /home/airflow/.local/lib/python3.7/site-packages/airflow/example_dags/example_latest_only_with_trigger.py for tasks to queue
[2024-06-14T21:57:34.695+0000] {logging_mixin.py:137} INFO - [2024-06-14T21:57:34.695+0000] {dagbag.py:538} INFO - Filling up the DagBag from /home/airflow/.local/lib/python3.7/site-packages/airflow/example_dags/example_latest_only_with_trigger.py
[2024-06-14T21:57:34.707+0000] {processor.py:753} INFO - DAG(s) dict_keys(['latest_only_with_trigger']) retrieved from /home/airflow/.local/lib/python3.7/site-packages/airflow/example_dags/example_latest_only_with_trigger.py
[2024-06-14T21:57:34.728+0000] {logging_mixin.py:137} INFO - [2024-06-14T21:57:34.728+0000] {dag.py:2690} INFO - Sync 1 DAGs
[2024-06-14T21:57:34.744+0000] {logging_mixin.py:137} INFO - [2024-06-14T21:57:34.744+0000] {dag.py:3441} INFO - Setting next_dagrun for latest_only_with_trigger to 2024-06-14T17:57:34.744591+00:00, run_after=2024-06-14T21:57:34.744591+00:00
[2024-06-14T21:57:34.758+0000] {processor.py:175} INFO - Processing /home/airflow/.local/lib/python3.7/site-packages/airflow/example_dags/example_latest_only_with_trigger.py took 0.069 seconds
[2024-06-14T21:58:05.264+0000] {processor.py:153} INFO - Started process (PID=798) to work on /home/airflow/.local/lib/python3.7/site-packages/airflow/example_dags/example_latest_only_with_trigger.py
[2024-06-14T21:58:05.269+0000] {processor.py:743} INFO - Processing file /home/airflow/.local/lib/python3.7/site-packages/airflow/example_dags/example_latest_only_with_trigger.py for tasks to queue
[2024-06-14T21:58:05.270+0000] {logging_mixin.py:137} INFO - [2024-06-14T21:58:05.270+0000] {dagbag.py:538} INFO - Filling up the DagBag from /home/airflow/.local/lib/python3.7/site-packages/airflow/example_dags/example_latest_only_with_trigger.py
[2024-06-14T21:58:05.281+0000] {processor.py:753} INFO - DAG(s) dict_keys(['latest_only_with_trigger']) retrieved from /home/airflow/.local/lib/python3.7/site-packages/airflow/example_dags/example_latest_only_with_trigger.py
[2024-06-14T21:58:05.302+0000] {logging_mixin.py:137} INFO - [2024-06-14T21:58:05.302+0000] {dag.py:2690} INFO - Sync 1 DAGs
[2024-06-14T21:58:05.324+0000] {logging_mixin.py:137} INFO - [2024-06-14T21:58:05.324+0000] {dag.py:3441} INFO - Setting next_dagrun for latest_only_with_trigger to 2024-06-14T17:58:05.323971+00:00, run_after=2024-06-14T21:58:05.323971+00:00
[2024-06-14T21:58:05.337+0000] {processor.py:175} INFO - Processing /home/airflow/.local/lib/python3.7/site-packages/airflow/example_dags/example_latest_only_with_trigger.py took 0.075 seconds
[2024-06-14T21:58:35.955+0000] {processor.py:153} INFO - Started process (PID=848) to work on /home/airflow/.local/lib/python3.7/site-packages/airflow/example_dags/example_latest_only_with_trigger.py
[2024-06-14T21:58:35.956+0000] {processor.py:743} INFO - Processing file /home/airflow/.local/lib/python3.7/site-packages/airflow/example_dags/example_latest_only_with_trigger.py for tasks to queue
[2024-06-14T21:58:35.957+0000] {logging_mixin.py:137} INFO - [2024-06-14T21:58:35.957+0000] {dagbag.py:538} INFO - Filling up the DagBag from /home/airflow/.local/lib/python3.7/site-packages/airflow/example_dags/example_latest_only_with_trigger.py
[2024-06-14T21:58:35.968+0000] {processor.py:753} INFO - DAG(s) dict_keys(['latest_only_with_trigger']) retrieved from /home/airflow/.local/lib/python3.7/site-packages/airflow/example_dags/example_latest_only_with_trigger.py
[2024-06-14T21:58:35.989+0000] {logging_mixin.py:137} INFO - [2024-06-14T21:58:35.989+0000] {dag.py:2690} INFO - Sync 1 DAGs
[2024-06-14T21:58:36.005+0000] {logging_mixin.py:137} INFO - [2024-06-14T21:58:36.005+0000] {dag.py:3441} INFO - Setting next_dagrun for latest_only_with_trigger to 2024-06-14T17:58:36.005476+00:00, run_after=2024-06-14T21:58:36.005476+00:00
[2024-06-14T21:58:36.018+0000] {processor.py:175} INFO - Processing /home/airflow/.local/lib/python3.7/site-packages/airflow/example_dags/example_latest_only_with_trigger.py took 0.066 seconds
[2024-06-14T21:59:06.400+0000] {processor.py:153} INFO - Started process (PID=898) to work on /home/airflow/.local/lib/python3.7/site-packages/airflow/example_dags/example_latest_only_with_trigger.py
[2024-06-14T21:59:06.401+0000] {processor.py:743} INFO - Processing file /home/airflow/.local/lib/python3.7/site-packages/airflow/example_dags/example_latest_only_with_trigger.py for tasks to queue
[2024-06-14T21:59:06.403+0000] {logging_mixin.py:137} INFO - [2024-06-14T21:59:06.403+0000] {dagbag.py:538} INFO - Filling up the DagBag from /home/airflow/.local/lib/python3.7/site-packages/airflow/example_dags/example_latest_only_with_trigger.py
[2024-06-14T21:59:06.414+0000] {processor.py:753} INFO - DAG(s) dict_keys(['latest_only_with_trigger']) retrieved from /home/airflow/.local/lib/python3.7/site-packages/airflow/example_dags/example_latest_only_with_trigger.py
[2024-06-14T21:59:06.435+0000] {logging_mixin.py:137} INFO - [2024-06-14T21:59:06.435+0000] {dag.py:2690} INFO - Sync 1 DAGs
[2024-06-14T21:59:06.453+0000] {logging_mixin.py:137} INFO - [2024-06-14T21:59:06.453+0000] {dag.py:3441} INFO - Setting next_dagrun for latest_only_with_trigger to 2024-06-14T17:59:06.453235+00:00, run_after=2024-06-14T21:59:06.453235+00:00
[2024-06-14T21:59:06.467+0000] {processor.py:175} INFO - Processing /home/airflow/.local/lib/python3.7/site-packages/airflow/example_dags/example_latest_only_with_trigger.py took 0.069 seconds
[2024-06-14T21:59:36.931+0000] {processor.py:153} INFO - Started process (PID=948) to work on /home/airflow/.local/lib/python3.7/site-packages/airflow/example_dags/example_latest_only_with_trigger.py
[2024-06-14T21:59:36.932+0000] {processor.py:743} INFO - Processing file /home/airflow/.local/lib/python3.7/site-packages/airflow/example_dags/example_latest_only_with_trigger.py for tasks to queue
[2024-06-14T21:59:36.933+0000] {logging_mixin.py:137} INFO - [2024-06-14T21:59:36.932+0000] {dagbag.py:538} INFO - Filling up the DagBag from /home/airflow/.local/lib/python3.7/site-packages/airflow/example_dags/example_latest_only_with_trigger.py
[2024-06-14T21:59:36.944+0000] {processor.py:753} INFO - DAG(s) dict_keys(['latest_only_with_trigger']) retrieved from /home/airflow/.local/lib/python3.7/site-packages/airflow/example_dags/example_latest_only_with_trigger.py
[2024-06-14T21:59:36.966+0000] {logging_mixin.py:137} INFO - [2024-06-14T21:59:36.965+0000] {dag.py:2690} INFO - Sync 1 DAGs
[2024-06-14T21:59:36.983+0000] {logging_mixin.py:137} INFO - [2024-06-14T21:59:36.983+0000] {dag.py:3441} INFO - Setting next_dagrun for latest_only_with_trigger to 2024-06-14T17:59:36.983151+00:00, run_after=2024-06-14T21:59:36.983151+00:00
[2024-06-14T21:59:36.995+0000] {processor.py:175} INFO - Processing /home/airflow/.local/lib/python3.7/site-packages/airflow/example_dags/example_latest_only_with_trigger.py took 0.067 seconds
[2024-06-14T22:00:07.467+0000] {processor.py:153} INFO - Started process (PID=998) to work on /home/airflow/.local/lib/python3.7/site-packages/airflow/example_dags/example_latest_only_with_trigger.py
[2024-06-14T22:00:07.469+0000] {processor.py:743} INFO - Processing file /home/airflow/.local/lib/python3.7/site-packages/airflow/example_dags/example_latest_only_with_trigger.py for tasks to queue
[2024-06-14T22:00:07.470+0000] {logging_mixin.py:137} INFO - [2024-06-14T22:00:07.470+0000] {dagbag.py:538} INFO - Filling up the DagBag from /home/airflow/.local/lib/python3.7/site-packages/airflow/example_dags/example_latest_only_with_trigger.py
[2024-06-14T22:00:07.482+0000] {processor.py:753} INFO - DAG(s) dict_keys(['latest_only_with_trigger']) retrieved from /home/airflow/.local/lib/python3.7/site-packages/airflow/example_dags/example_latest_only_with_trigger.py
[2024-06-14T22:00:07.503+0000] {logging_mixin.py:137} INFO - [2024-06-14T22:00:07.503+0000] {dag.py:2690} INFO - Sync 1 DAGs
[2024-06-14T22:00:07.520+0000] {logging_mixin.py:137} INFO - [2024-06-14T22:00:07.520+0000] {dag.py:3441} INFO - Setting next_dagrun for latest_only_with_trigger to 2024-06-14T18:00:07.520055+00:00, run_after=2024-06-14T22:00:07.520055+00:00
[2024-06-14T22:00:07.532+0000] {processor.py:175} INFO - Processing /home/airflow/.local/lib/python3.7/site-packages/airflow/example_dags/example_latest_only_with_trigger.py took 0.067 seconds
[2024-06-14T22:00:37.923+0000] {processor.py:153} INFO - Started process (PID=1048) to work on /home/airflow/.local/lib/python3.7/site-packages/airflow/example_dags/example_latest_only_with_trigger.py
[2024-06-14T22:00:37.926+0000] {processor.py:743} INFO - Processing file /home/airflow/.local/lib/python3.7/site-packages/airflow/example_dags/example_latest_only_with_trigger.py for tasks to queue
[2024-06-14T22:00:37.926+0000] {logging_mixin.py:137} INFO - [2024-06-14T22:00:37.926+0000] {dagbag.py:538} INFO - Filling up the DagBag from /home/airflow/.local/lib/python3.7/site-packages/airflow/example_dags/example_latest_only_with_trigger.py
[2024-06-14T22:00:37.939+0000] {processor.py:753} INFO - DAG(s) dict_keys(['latest_only_with_trigger']) retrieved from /home/airflow/.local/lib/python3.7/site-packages/airflow/example_dags/example_latest_only_with_trigger.py
[2024-06-14T22:00:37.960+0000] {logging_mixin.py:137} INFO - [2024-06-14T22:00:37.959+0000] {dag.py:2690} INFO - Sync 1 DAGs
[2024-06-14T22:00:37.976+0000] {logging_mixin.py:137} INFO - [2024-06-14T22:00:37.976+0000] {dag.py:3441} INFO - Setting next_dagrun for latest_only_with_trigger to 2024-06-14T18:00:37.976571+00:00, run_after=2024-06-14T22:00:37.976571+00:00
[2024-06-14T22:00:37.989+0000] {processor.py:175} INFO - Processing /home/airflow/.local/lib/python3.7/site-packages/airflow/example_dags/example_latest_only_with_trigger.py took 0.068 seconds
[2024-06-14T22:01:08.482+0000] {processor.py:153} INFO - Started process (PID=1097) to work on /home/airflow/.local/lib/python3.7/site-packages/airflow/example_dags/example_latest_only_with_trigger.py
[2024-06-14T22:01:08.484+0000] {processor.py:743} INFO - Processing file /home/airflow/.local/lib/python3.7/site-packages/airflow/example_dags/example_latest_only_with_trigger.py for tasks to queue
[2024-06-14T22:01:08.485+0000] {logging_mixin.py:137} INFO - [2024-06-14T22:01:08.484+0000] {dagbag.py:538} INFO - Filling up the DagBag from /home/airflow/.local/lib/python3.7/site-packages/airflow/example_dags/example_latest_only_with_trigger.py
[2024-06-14T22:01:08.497+0000] {processor.py:753} INFO - DAG(s) dict_keys(['latest_only_with_trigger']) retrieved from /home/airflow/.local/lib/python3.7/site-packages/airflow/example_dags/example_latest_only_with_trigger.py
[2024-06-14T22:01:08.518+0000] {logging_mixin.py:137} INFO - [2024-06-14T22:01:08.518+0000] {dag.py:2690} INFO - Sync 1 DAGs
[2024-06-14T22:01:08.535+0000] {logging_mixin.py:137} INFO - [2024-06-14T22:01:08.535+0000] {dag.py:3441} INFO - Setting next_dagrun for latest_only_with_trigger to 2024-06-14T18:01:08.535638+00:00, run_after=2024-06-14T22:01:08.535638+00:00
[2024-06-14T22:01:08.550+0000] {processor.py:175} INFO - Processing /home/airflow/.local/lib/python3.7/site-packages/airflow/example_dags/example_latest_only_with_trigger.py took 0.071 seconds
[2024-06-14T22:01:38.923+0000] {processor.py:153} INFO - Started process (PID=1147) to work on /home/airflow/.local/lib/python3.7/site-packages/airflow/example_dags/example_latest_only_with_trigger.py
[2024-06-14T22:01:38.925+0000] {processor.py:743} INFO - Processing file /home/airflow/.local/lib/python3.7/site-packages/airflow/example_dags/example_latest_only_with_trigger.py for tasks to queue
[2024-06-14T22:01:38.925+0000] {logging_mixin.py:137} INFO - [2024-06-14T22:01:38.925+0000] {dagbag.py:538} INFO - Filling up the DagBag from /home/airflow/.local/lib/python3.7/site-packages/airflow/example_dags/example_latest_only_with_trigger.py
[2024-06-14T22:01:38.937+0000] {processor.py:753} INFO - DAG(s) dict_keys(['latest_only_with_trigger']) retrieved from /home/airflow/.local/lib/python3.7/site-packages/airflow/example_dags/example_latest_only_with_trigger.py
[2024-06-14T22:01:38.959+0000] {logging_mixin.py:137} INFO - [2024-06-14T22:01:38.959+0000] {dag.py:2690} INFO - Sync 1 DAGs
[2024-06-14T22:01:38.977+0000] {logging_mixin.py:137} INFO - [2024-06-14T22:01:38.977+0000] {dag.py:3441} INFO - Setting next_dagrun for latest_only_with_trigger to 2024-06-14T18:01:38.977075+00:00, run_after=2024-06-14T22:01:38.977075+00:00
[2024-06-14T22:01:38.990+0000] {processor.py:175} INFO - Processing /home/airflow/.local/lib/python3.7/site-packages/airflow/example_dags/example_latest_only_with_trigger.py took 0.070 seconds
[2024-06-14T22:02:09.363+0000] {processor.py:153} INFO - Started process (PID=1197) to work on /home/airflow/.local/lib/python3.7/site-packages/airflow/example_dags/example_latest_only_with_trigger.py
[2024-06-14T22:02:09.364+0000] {processor.py:743} INFO - Processing file /home/airflow/.local/lib/python3.7/site-packages/airflow/example_dags/example_latest_only_with_trigger.py for tasks to queue
[2024-06-14T22:02:09.365+0000] {logging_mixin.py:137} INFO - [2024-06-14T22:02:09.365+0000] {dagbag.py:538} INFO - Filling up the DagBag from /home/airflow/.local/lib/python3.7/site-packages/airflow/example_dags/example_latest_only_with_trigger.py
[2024-06-14T22:02:09.377+0000] {processor.py:753} INFO - DAG(s) dict_keys(['latest_only_with_trigger']) retrieved from /home/airflow/.local/lib/python3.7/site-packages/airflow/example_dags/example_latest_only_with_trigger.py
[2024-06-14T22:02:09.399+0000] {logging_mixin.py:137} INFO - [2024-06-14T22:02:09.399+0000] {dag.py:2690} INFO - Sync 1 DAGs
[2024-06-14T22:02:09.416+0000] {logging_mixin.py:137} INFO - [2024-06-14T22:02:09.416+0000] {dag.py:3441} INFO - Setting next_dagrun for latest_only_with_trigger to 2024-06-14T18:02:09.416221+00:00, run_after=2024-06-14T22:02:09.416221+00:00
[2024-06-14T22:02:09.429+0000] {processor.py:175} INFO - Processing /home/airflow/.local/lib/python3.7/site-packages/airflow/example_dags/example_latest_only_with_trigger.py took 0.069 seconds
[2024-06-14T22:02:40.092+0000] {processor.py:153} INFO - Started process (PID=1247) to work on /home/airflow/.local/lib/python3.7/site-packages/airflow/example_dags/example_latest_only_with_trigger.py
[2024-06-14T22:02:40.093+0000] {processor.py:743} INFO - Processing file /home/airflow/.local/lib/python3.7/site-packages/airflow/example_dags/example_latest_only_with_trigger.py for tasks to queue
[2024-06-14T22:02:40.094+0000] {logging_mixin.py:137} INFO - [2024-06-14T22:02:40.094+0000] {dagbag.py:538} INFO - Filling up the DagBag from /home/airflow/.local/lib/python3.7/site-packages/airflow/example_dags/example_latest_only_with_trigger.py
[2024-06-14T22:02:40.106+0000] {processor.py:753} INFO - DAG(s) dict_keys(['latest_only_with_trigger']) retrieved from /home/airflow/.local/lib/python3.7/site-packages/airflow/example_dags/example_latest_only_with_trigger.py
[2024-06-14T22:02:40.128+0000] {logging_mixin.py:137} INFO - [2024-06-14T22:02:40.128+0000] {dag.py:2690} INFO - Sync 1 DAGs
[2024-06-14T22:02:40.146+0000] {logging_mixin.py:137} INFO - [2024-06-14T22:02:40.146+0000] {dag.py:3441} INFO - Setting next_dagrun for latest_only_with_trigger to 2024-06-14T18:02:40.146532+00:00, run_after=2024-06-14T22:02:40.146532+00:00
[2024-06-14T22:02:40.160+0000] {processor.py:175} INFO - Processing /home/airflow/.local/lib/python3.7/site-packages/airflow/example_dags/example_latest_only_with_trigger.py took 0.071 seconds
[2024-06-14T22:03:10.703+0000] {processor.py:153} INFO - Started process (PID=1297) to work on /home/airflow/.local/lib/python3.7/site-packages/airflow/example_dags/example_latest_only_with_trigger.py
[2024-06-14T22:03:10.705+0000] {processor.py:743} INFO - Processing file /home/airflow/.local/lib/python3.7/site-packages/airflow/example_dags/example_latest_only_with_trigger.py for tasks to queue
[2024-06-14T22:03:10.706+0000] {logging_mixin.py:137} INFO - [2024-06-14T22:03:10.705+0000] {dagbag.py:538} INFO - Filling up the DagBag from /home/airflow/.local/lib/python3.7/site-packages/airflow/example_dags/example_latest_only_with_trigger.py
[2024-06-14T22:03:10.717+0000] {processor.py:753} INFO - DAG(s) dict_keys(['latest_only_with_trigger']) retrieved from /home/airflow/.local/lib/python3.7/site-packages/airflow/example_dags/example_latest_only_with_trigger.py
[2024-06-14T22:03:10.739+0000] {logging_mixin.py:137} INFO - [2024-06-14T22:03:10.739+0000] {dag.py:2690} INFO - Sync 1 DAGs
[2024-06-14T22:03:10.758+0000] {logging_mixin.py:137} INFO - [2024-06-14T22:03:10.758+0000] {dag.py:3441} INFO - Setting next_dagrun for latest_only_with_trigger to 2024-06-14T18:03:10.758074+00:00, run_after=2024-06-14T22:03:10.758074+00:00
[2024-06-14T22:03:10.770+0000] {processor.py:175} INFO - Processing /home/airflow/.local/lib/python3.7/site-packages/airflow/example_dags/example_latest_only_with_trigger.py took 0.070 seconds
[2024-06-14T22:03:41.171+0000] {processor.py:153} INFO - Started process (PID=1347) to work on /home/airflow/.local/lib/python3.7/site-packages/airflow/example_dags/example_latest_only_with_trigger.py
[2024-06-14T22:03:41.172+0000] {processor.py:743} INFO - Processing file /home/airflow/.local/lib/python3.7/site-packages/airflow/example_dags/example_latest_only_with_trigger.py for tasks to queue
[2024-06-14T22:03:41.173+0000] {logging_mixin.py:137} INFO - [2024-06-14T22:03:41.173+0000] {dagbag.py:538} INFO - Filling up the DagBag from /home/airflow/.local/lib/python3.7/site-packages/airflow/example_dags/example_latest_only_with_trigger.py
[2024-06-14T22:03:41.185+0000] {processor.py:753} INFO - DAG(s) dict_keys(['latest_only_with_trigger']) retrieved from /home/airflow/.local/lib/python3.7/site-packages/airflow/example_dags/example_latest_only_with_trigger.py
[2024-06-14T22:03:41.205+0000] {logging_mixin.py:137} INFO - [2024-06-14T22:03:41.205+0000] {dag.py:2690} INFO - Sync 1 DAGs
[2024-06-14T22:03:41.222+0000] {logging_mixin.py:137} INFO - [2024-06-14T22:03:41.222+0000] {dag.py:3441} INFO - Setting next_dagrun for latest_only_with_trigger to 2024-06-14T18:03:41.222246+00:00, run_after=2024-06-14T22:03:41.222246+00:00
[2024-06-14T22:03:41.234+0000] {processor.py:175} INFO - Processing /home/airflow/.local/lib/python3.7/site-packages/airflow/example_dags/example_latest_only_with_trigger.py took 0.066 seconds
[2024-06-14T22:04:11.585+0000] {processor.py:153} INFO - Started process (PID=1397) to work on /home/airflow/.local/lib/python3.7/site-packages/airflow/example_dags/example_latest_only_with_trigger.py
[2024-06-14T22:04:11.586+0000] {processor.py:743} INFO - Processing file /home/airflow/.local/lib/python3.7/site-packages/airflow/example_dags/example_latest_only_with_trigger.py for tasks to queue
[2024-06-14T22:04:11.587+0000] {logging_mixin.py:137} INFO - [2024-06-14T22:04:11.587+0000] {dagbag.py:538} INFO - Filling up the DagBag from /home/airflow/.local/lib/python3.7/site-packages/airflow/example_dags/example_latest_only_with_trigger.py
[2024-06-14T22:04:11.598+0000] {processor.py:753} INFO - DAG(s) dict_keys(['latest_only_with_trigger']) retrieved from /home/airflow/.local/lib/python3.7/site-packages/airflow/example_dags/example_latest_only_with_trigger.py
[2024-06-14T22:04:11.619+0000] {logging_mixin.py:137} INFO - [2024-06-14T22:04:11.619+0000] {dag.py:2690} INFO - Sync 1 DAGs
[2024-06-14T22:04:11.636+0000] {logging_mixin.py:137} INFO - [2024-06-14T22:04:11.636+0000] {dag.py:3441} INFO - Setting next_dagrun for latest_only_with_trigger to 2024-06-14T18:04:11.635889+00:00, run_after=2024-06-14T22:04:11.635889+00:00
[2024-06-14T22:04:11.649+0000] {processor.py:175} INFO - Processing /home/airflow/.local/lib/python3.7/site-packages/airflow/example_dags/example_latest_only_with_trigger.py took 0.068 seconds
[2024-06-14T22:04:42.161+0000] {processor.py:153} INFO - Started process (PID=1446) to work on /home/airflow/.local/lib/python3.7/site-packages/airflow/example_dags/example_latest_only_with_trigger.py
[2024-06-14T22:04:42.162+0000] {processor.py:743} INFO - Processing file /home/airflow/.local/lib/python3.7/site-packages/airflow/example_dags/example_latest_only_with_trigger.py for tasks to queue
[2024-06-14T22:04:42.163+0000] {logging_mixin.py:137} INFO - [2024-06-14T22:04:42.163+0000] {dagbag.py:538} INFO - Filling up the DagBag from /home/airflow/.local/lib/python3.7/site-packages/airflow/example_dags/example_latest_only_with_trigger.py
[2024-06-14T22:04:42.173+0000] {processor.py:753} INFO - DAG(s) dict_keys(['latest_only_with_trigger']) retrieved from /home/airflow/.local/lib/python3.7/site-packages/airflow/example_dags/example_latest_only_with_trigger.py
[2024-06-14T22:04:42.196+0000] {logging_mixin.py:137} INFO - [2024-06-14T22:04:42.196+0000] {dag.py:2690} INFO - Sync 1 DAGs
[2024-06-14T22:04:42.213+0000] {logging_mixin.py:137} INFO - [2024-06-14T22:04:42.213+0000] {dag.py:3441} INFO - Setting next_dagrun for latest_only_with_trigger to 2024-06-14T18:04:42.213479+00:00, run_after=2024-06-14T22:04:42.213479+00:00
[2024-06-14T22:04:42.227+0000] {processor.py:175} INFO - Processing /home/airflow/.local/lib/python3.7/site-packages/airflow/example_dags/example_latest_only_with_trigger.py took 0.069 seconds
[2024-06-14T22:05:12.774+0000] {processor.py:153} INFO - Started process (PID=1495) to work on /home/airflow/.local/lib/python3.7/site-packages/airflow/example_dags/example_latest_only_with_trigger.py
[2024-06-14T22:05:12.776+0000] {processor.py:743} INFO - Processing file /home/airflow/.local/lib/python3.7/site-packages/airflow/example_dags/example_latest_only_with_trigger.py for tasks to queue
[2024-06-14T22:05:12.776+0000] {logging_mixin.py:137} INFO - [2024-06-14T22:05:12.776+0000] {dagbag.py:538} INFO - Filling up the DagBag from /home/airflow/.local/lib/python3.7/site-packages/airflow/example_dags/example_latest_only_with_trigger.py
[2024-06-14T22:05:12.788+0000] {processor.py:753} INFO - DAG(s) dict_keys(['latest_only_with_trigger']) retrieved from /home/airflow/.local/lib/python3.7/site-packages/airflow/example_dags/example_latest_only_with_trigger.py
[2024-06-14T22:05:12.809+0000] {logging_mixin.py:137} INFO - [2024-06-14T22:05:12.809+0000] {dag.py:2690} INFO - Sync 1 DAGs
[2024-06-14T22:05:12.826+0000] {logging_mixin.py:137} INFO - [2024-06-14T22:05:12.826+0000] {dag.py:3441} INFO - Setting next_dagrun for latest_only_with_trigger to 2024-06-14T18:05:12.826443+00:00, run_after=2024-06-14T22:05:12.826443+00:00
[2024-06-14T22:05:12.839+0000] {processor.py:175} INFO - Processing /home/airflow/.local/lib/python3.7/site-packages/airflow/example_dags/example_latest_only_with_trigger.py took 0.067 seconds
[2024-06-14T22:05:43.375+0000] {processor.py:153} INFO - Started process (PID=1545) to work on /home/airflow/.local/lib/python3.7/site-packages/airflow/example_dags/example_latest_only_with_trigger.py
[2024-06-14T22:05:43.376+0000] {processor.py:743} INFO - Processing file /home/airflow/.local/lib/python3.7/site-packages/airflow/example_dags/example_latest_only_with_trigger.py for tasks to queue
[2024-06-14T22:05:43.377+0000] {logging_mixin.py:137} INFO - [2024-06-14T22:05:43.377+0000] {dagbag.py:538} INFO - Filling up the DagBag from /home/airflow/.local/lib/python3.7/site-packages/airflow/example_dags/example_latest_only_with_trigger.py
[2024-06-14T22:05:43.388+0000] {processor.py:753} INFO - DAG(s) dict_keys(['latest_only_with_trigger']) retrieved from /home/airflow/.local/lib/python3.7/site-packages/airflow/example_dags/example_latest_only_with_trigger.py
[2024-06-14T22:05:43.410+0000] {logging_mixin.py:137} INFO - [2024-06-14T22:05:43.410+0000] {dag.py:2690} INFO - Sync 1 DAGs
[2024-06-14T22:05:43.428+0000] {logging_mixin.py:137} INFO - [2024-06-14T22:05:43.428+0000] {dag.py:3441} INFO - Setting next_dagrun for latest_only_with_trigger to 2024-06-14T18:05:43.427744+00:00, run_after=2024-06-14T22:05:43.427744+00:00
[2024-06-14T22:05:43.441+0000] {processor.py:175} INFO - Processing /home/airflow/.local/lib/python3.7/site-packages/airflow/example_dags/example_latest_only_with_trigger.py took 0.069 seconds
[2024-06-14T22:06:14.019+0000] {processor.py:153} INFO - Started process (PID=1595) to work on /home/airflow/.local/lib/python3.7/site-packages/airflow/example_dags/example_latest_only_with_trigger.py
[2024-06-14T22:06:14.020+0000] {processor.py:743} INFO - Processing file /home/airflow/.local/lib/python3.7/site-packages/airflow/example_dags/example_latest_only_with_trigger.py for tasks to queue
[2024-06-14T22:06:14.021+0000] {logging_mixin.py:137} INFO - [2024-06-14T22:06:14.021+0000] {dagbag.py:538} INFO - Filling up the DagBag from /home/airflow/.local/lib/python3.7/site-packages/airflow/example_dags/example_latest_only_with_trigger.py
[2024-06-14T22:06:14.033+0000] {processor.py:753} INFO - DAG(s) dict_keys(['latest_only_with_trigger']) retrieved from /home/airflow/.local/lib/python3.7/site-packages/airflow/example_dags/example_latest_only_with_trigger.py
[2024-06-14T22:06:14.054+0000] {logging_mixin.py:137} INFO - [2024-06-14T22:06:14.054+0000] {dag.py:2690} INFO - Sync 1 DAGs
[2024-06-14T22:06:14.072+0000] {logging_mixin.py:137} INFO - [2024-06-14T22:06:14.071+0000] {dag.py:3441} INFO - Setting next_dagrun for latest_only_with_trigger to 2024-06-14T18:06:14.071712+00:00, run_after=2024-06-14T22:06:14.071712+00:00
[2024-06-14T22:06:14.086+0000] {processor.py:175} INFO - Processing /home/airflow/.local/lib/python3.7/site-packages/airflow/example_dags/example_latest_only_with_trigger.py took 0.070 seconds
[2024-06-14T22:06:44.634+0000] {processor.py:153} INFO - Started process (PID=1645) to work on /home/airflow/.local/lib/python3.7/site-packages/airflow/example_dags/example_latest_only_with_trigger.py
[2024-06-14T22:06:44.636+0000] {processor.py:743} INFO - Processing file /home/airflow/.local/lib/python3.7/site-packages/airflow/example_dags/example_latest_only_with_trigger.py for tasks to queue
[2024-06-14T22:06:44.637+0000] {logging_mixin.py:137} INFO - [2024-06-14T22:06:44.636+0000] {dagbag.py:538} INFO - Filling up the DagBag from /home/airflow/.local/lib/python3.7/site-packages/airflow/example_dags/example_latest_only_with_trigger.py
[2024-06-14T22:06:44.649+0000] {processor.py:753} INFO - DAG(s) dict_keys(['latest_only_with_trigger']) retrieved from /home/airflow/.local/lib/python3.7/site-packages/airflow/example_dags/example_latest_only_with_trigger.py
[2024-06-14T22:06:44.673+0000] {logging_mixin.py:137} INFO - [2024-06-14T22:06:44.672+0000] {dag.py:2690} INFO - Sync 1 DAGs
[2024-06-14T22:06:44.690+0000] {logging_mixin.py:137} INFO - [2024-06-14T22:06:44.690+0000] {dag.py:3441} INFO - Setting next_dagrun for latest_only_with_trigger to 2024-06-14T18:06:44.690383+00:00, run_after=2024-06-14T22:06:44.690383+00:00
[2024-06-14T22:06:44.703+0000] {processor.py:175} INFO - Processing /home/airflow/.local/lib/python3.7/site-packages/airflow/example_dags/example_latest_only_with_trigger.py took 0.072 seconds
[2024-06-14T22:07:15.086+0000] {processor.py:153} INFO - Started process (PID=1695) to work on /home/airflow/.local/lib/python3.7/site-packages/airflow/example_dags/example_latest_only_with_trigger.py
[2024-06-14T22:07:15.087+0000] {processor.py:743} INFO - Processing file /home/airflow/.local/lib/python3.7/site-packages/airflow/example_dags/example_latest_only_with_trigger.py for tasks to queue
[2024-06-14T22:07:15.088+0000] {logging_mixin.py:137} INFO - [2024-06-14T22:07:15.088+0000] {dagbag.py:538} INFO - Filling up the DagBag from /home/airflow/.local/lib/python3.7/site-packages/airflow/example_dags/example_latest_only_with_trigger.py
[2024-06-14T22:07:15.099+0000] {processor.py:753} INFO - DAG(s) dict_keys(['latest_only_with_trigger']) retrieved from /home/airflow/.local/lib/python3.7/site-packages/airflow/example_dags/example_latest_only_with_trigger.py
[2024-06-14T22:07:15.120+0000] {logging_mixin.py:137} INFO - [2024-06-14T22:07:15.120+0000] {dag.py:2690} INFO - Sync 1 DAGs
[2024-06-14T22:07:15.137+0000] {logging_mixin.py:137} INFO - [2024-06-14T22:07:15.137+0000] {dag.py:3441} INFO - Setting next_dagrun for latest_only_with_trigger to 2024-06-14T18:07:15.137604+00:00, run_after=2024-06-14T22:07:15.137604+00:00
[2024-06-14T22:07:15.152+0000] {processor.py:175} INFO - Processing /home/airflow/.local/lib/python3.7/site-packages/airflow/example_dags/example_latest_only_with_trigger.py took 0.070 seconds
[2024-06-14T22:07:45.636+0000] {processor.py:153} INFO - Started process (PID=1745) to work on /home/airflow/.local/lib/python3.7/site-packages/airflow/example_dags/example_latest_only_with_trigger.py
[2024-06-14T22:07:45.637+0000] {processor.py:743} INFO - Processing file /home/airflow/.local/lib/python3.7/site-packages/airflow/example_dags/example_latest_only_with_trigger.py for tasks to queue
[2024-06-14T22:07:45.638+0000] {logging_mixin.py:137} INFO - [2024-06-14T22:07:45.638+0000] {dagbag.py:538} INFO - Filling up the DagBag from /home/airflow/.local/lib/python3.7/site-packages/airflow/example_dags/example_latest_only_with_trigger.py
[2024-06-14T22:07:45.650+0000] {processor.py:753} INFO - DAG(s) dict_keys(['latest_only_with_trigger']) retrieved from /home/airflow/.local/lib/python3.7/site-packages/airflow/example_dags/example_latest_only_with_trigger.py
[2024-06-14T22:07:45.673+0000] {logging_mixin.py:137} INFO - [2024-06-14T22:07:45.673+0000] {dag.py:2690} INFO - Sync 1 DAGs
[2024-06-14T22:07:45.690+0000] {logging_mixin.py:137} INFO - [2024-06-14T22:07:45.690+0000] {dag.py:3441} INFO - Setting next_dagrun for latest_only_with_trigger to 2024-06-14T18:07:45.689795+00:00, run_after=2024-06-14T22:07:45.689795+00:00
[2024-06-14T22:07:45.702+0000] {processor.py:175} INFO - Processing /home/airflow/.local/lib/python3.7/site-packages/airflow/example_dags/example_latest_only_with_trigger.py took 0.069 seconds
[2024-06-14T22:08:16.263+0000] {processor.py:153} INFO - Started process (PID=1795) to work on /home/airflow/.local/lib/python3.7/site-packages/airflow/example_dags/example_latest_only_with_trigger.py
[2024-06-14T22:08:16.264+0000] {processor.py:743} INFO - Processing file /home/airflow/.local/lib/python3.7/site-packages/airflow/example_dags/example_latest_only_with_trigger.py for tasks to queue
[2024-06-14T22:08:16.265+0000] {logging_mixin.py:137} INFO - [2024-06-14T22:08:16.265+0000] {dagbag.py:538} INFO - Filling up the DagBag from /home/airflow/.local/lib/python3.7/site-packages/airflow/example_dags/example_latest_only_with_trigger.py
[2024-06-14T22:08:16.276+0000] {processor.py:753} INFO - DAG(s) dict_keys(['latest_only_with_trigger']) retrieved from /home/airflow/.local/lib/python3.7/site-packages/airflow/example_dags/example_latest_only_with_trigger.py
[2024-06-14T22:08:16.297+0000] {logging_mixin.py:137} INFO - [2024-06-14T22:08:16.297+0000] {dag.py:2690} INFO - Sync 1 DAGs
[2024-06-14T22:08:16.315+0000] {logging_mixin.py:137} INFO - [2024-06-14T22:08:16.315+0000] {dag.py:3441} INFO - Setting next_dagrun for latest_only_with_trigger to 2024-06-14T18:08:16.314895+00:00, run_after=2024-06-14T22:08:16.314895+00:00
[2024-06-14T22:08:16.329+0000] {processor.py:175} INFO - Processing /home/airflow/.local/lib/python3.7/site-packages/airflow/example_dags/example_latest_only_with_trigger.py took 0.069 seconds
[2024-06-14T22:08:46.977+0000] {processor.py:153} INFO - Started process (PID=1845) to work on /home/airflow/.local/lib/python3.7/site-packages/airflow/example_dags/example_latest_only_with_trigger.py
[2024-06-14T22:08:46.978+0000] {processor.py:743} INFO - Processing file /home/airflow/.local/lib/python3.7/site-packages/airflow/example_dags/example_latest_only_with_trigger.py for tasks to queue
[2024-06-14T22:08:46.979+0000] {logging_mixin.py:137} INFO - [2024-06-14T22:08:46.979+0000] {dagbag.py:538} INFO - Filling up the DagBag from /home/airflow/.local/lib/python3.7/site-packages/airflow/example_dags/example_latest_only_with_trigger.py
[2024-06-14T22:08:46.990+0000] {processor.py:753} INFO - DAG(s) dict_keys(['latest_only_with_trigger']) retrieved from /home/airflow/.local/lib/python3.7/site-packages/airflow/example_dags/example_latest_only_with_trigger.py
[2024-06-14T22:08:47.011+0000] {logging_mixin.py:137} INFO - [2024-06-14T22:08:47.011+0000] {dag.py:2690} INFO - Sync 1 DAGs
[2024-06-14T22:08:47.028+0000] {logging_mixin.py:137} INFO - [2024-06-14T22:08:47.027+0000] {dag.py:3441} INFO - Setting next_dagrun for latest_only_with_trigger to 2024-06-14T18:08:47.027703+00:00, run_after=2024-06-14T22:08:47.027703+00:00
[2024-06-14T22:08:47.042+0000] {processor.py:175} INFO - Processing /home/airflow/.local/lib/python3.7/site-packages/airflow/example_dags/example_latest_only_with_trigger.py took 0.069 seconds
[2024-06-14T22:09:17.439+0000] {processor.py:153} INFO - Started process (PID=1895) to work on /home/airflow/.local/lib/python3.7/site-packages/airflow/example_dags/example_latest_only_with_trigger.py
[2024-06-14T22:09:17.441+0000] {processor.py:743} INFO - Processing file /home/airflow/.local/lib/python3.7/site-packages/airflow/example_dags/example_latest_only_with_trigger.py for tasks to queue
[2024-06-14T22:09:17.442+0000] {logging_mixin.py:137} INFO - [2024-06-14T22:09:17.442+0000] {dagbag.py:538} INFO - Filling up the DagBag from /home/airflow/.local/lib/python3.7/site-packages/airflow/example_dags/example_latest_only_with_trigger.py
[2024-06-14T22:09:17.453+0000] {processor.py:753} INFO - DAG(s) dict_keys(['latest_only_with_trigger']) retrieved from /home/airflow/.local/lib/python3.7/site-packages/airflow/example_dags/example_latest_only_with_trigger.py
[2024-06-14T22:09:17.475+0000] {logging_mixin.py:137} INFO - [2024-06-14T22:09:17.475+0000] {dag.py:2690} INFO - Sync 1 DAGs
[2024-06-14T22:09:17.491+0000] {logging_mixin.py:137} INFO - [2024-06-14T22:09:17.491+0000] {dag.py:3441} INFO - Setting next_dagrun for latest_only_with_trigger to 2024-06-14T18:09:17.491645+00:00, run_after=2024-06-14T22:09:17.491645+00:00
[2024-06-14T22:09:17.505+0000] {processor.py:175} INFO - Processing /home/airflow/.local/lib/python3.7/site-packages/airflow/example_dags/example_latest_only_with_trigger.py took 0.069 seconds
[2024-06-14T22:09:47.992+0000] {processor.py:153} INFO - Started process (PID=1945) to work on /home/airflow/.local/lib/python3.7/site-packages/airflow/example_dags/example_latest_only_with_trigger.py
[2024-06-14T22:09:47.993+0000] {processor.py:743} INFO - Processing file /home/airflow/.local/lib/python3.7/site-packages/airflow/example_dags/example_latest_only_with_trigger.py for tasks to queue
[2024-06-14T22:09:47.994+0000] {logging_mixin.py:137} INFO - [2024-06-14T22:09:47.994+0000] {dagbag.py:538} INFO - Filling up the DagBag from /home/airflow/.local/lib/python3.7/site-packages/airflow/example_dags/example_latest_only_with_trigger.py
[2024-06-14T22:09:48.006+0000] {processor.py:753} INFO - DAG(s) dict_keys(['latest_only_with_trigger']) retrieved from /home/airflow/.local/lib/python3.7/site-packages/airflow/example_dags/example_latest_only_with_trigger.py
[2024-06-14T22:09:48.027+0000] {logging_mixin.py:137} INFO - [2024-06-14T22:09:48.027+0000] {dag.py:2690} INFO - Sync 1 DAGs
[2024-06-14T22:09:48.044+0000] {logging_mixin.py:137} INFO - [2024-06-14T22:09:48.043+0000] {dag.py:3441} INFO - Setting next_dagrun for latest_only_with_trigger to 2024-06-14T18:09:48.043711+00:00, run_after=2024-06-14T22:09:48.043711+00:00
[2024-06-14T22:09:48.056+0000] {processor.py:175} INFO - Processing /home/airflow/.local/lib/python3.7/site-packages/airflow/example_dags/example_latest_only_with_trigger.py took 0.067 seconds
[2024-06-14T22:10:18.465+0000] {processor.py:153} INFO - Started process (PID=1995) to work on /home/airflow/.local/lib/python3.7/site-packages/airflow/example_dags/example_latest_only_with_trigger.py
[2024-06-14T22:10:18.466+0000] {processor.py:743} INFO - Processing file /home/airflow/.local/lib/python3.7/site-packages/airflow/example_dags/example_latest_only_with_trigger.py for tasks to queue
[2024-06-14T22:10:18.467+0000] {logging_mixin.py:137} INFO - [2024-06-14T22:10:18.467+0000] {dagbag.py:538} INFO - Filling up the DagBag from /home/airflow/.local/lib/python3.7/site-packages/airflow/example_dags/example_latest_only_with_trigger.py
[2024-06-14T22:10:18.478+0000] {processor.py:753} INFO - DAG(s) dict_keys(['latest_only_with_trigger']) retrieved from /home/airflow/.local/lib/python3.7/site-packages/airflow/example_dags/example_latest_only_with_trigger.py
[2024-06-14T22:10:18.499+0000] {logging_mixin.py:137} INFO - [2024-06-14T22:10:18.498+0000] {dag.py:2690} INFO - Sync 1 DAGs
[2024-06-14T22:10:18.516+0000] {logging_mixin.py:137} INFO - [2024-06-14T22:10:18.516+0000] {dag.py:3441} INFO - Setting next_dagrun for latest_only_with_trigger to 2024-06-14T18:10:18.515977+00:00, run_after=2024-06-14T22:10:18.515977+00:00
[2024-06-14T22:10:18.530+0000] {processor.py:175} INFO - Processing /home/airflow/.local/lib/python3.7/site-packages/airflow/example_dags/example_latest_only_with_trigger.py took 0.068 seconds
[2024-06-14T22:58:48.923+0000] {processor.py:153} INFO - Started process (PID=2045) to work on /home/airflow/.local/lib/python3.7/site-packages/airflow/example_dags/example_latest_only_with_trigger.py
[2024-06-14T22:58:48.924+0000] {processor.py:743} INFO - Processing file /home/airflow/.local/lib/python3.7/site-packages/airflow/example_dags/example_latest_only_with_trigger.py for tasks to queue
[2024-06-14T22:58:48.925+0000] {logging_mixin.py:137} INFO - [2024-06-14T22:58:48.925+0000] {dagbag.py:538} INFO - Filling up the DagBag from /home/airflow/.local/lib/python3.7/site-packages/airflow/example_dags/example_latest_only_with_trigger.py
[2024-06-14T22:58:48.936+0000] {processor.py:753} INFO - DAG(s) dict_keys(['latest_only_with_trigger']) retrieved from /home/airflow/.local/lib/python3.7/site-packages/airflow/example_dags/example_latest_only_with_trigger.py
[2024-06-14T22:58:48.958+0000] {logging_mixin.py:137} INFO - [2024-06-14T22:58:48.958+0000] {dag.py:2690} INFO - Sync 1 DAGs
[2024-06-14T22:58:48.975+0000] {logging_mixin.py:137} INFO - [2024-06-14T22:58:48.975+0000] {dag.py:3441} INFO - Setting next_dagrun for latest_only_with_trigger to 2024-06-14T18:58:48.975374+00:00, run_after=2024-06-14T22:58:48.975374+00:00
[2024-06-14T22:58:48.988+0000] {processor.py:175} INFO - Processing /home/airflow/.local/lib/python3.7/site-packages/airflow/example_dags/example_latest_only_with_trigger.py took 0.068 seconds
[2024-06-14T23:14:24.516+0000] {processor.py:153} INFO - Started process (PID=2102) to work on /home/airflow/.local/lib/python3.7/site-packages/airflow/example_dags/example_latest_only_with_trigger.py
[2024-06-14T23:14:24.526+0000] {processor.py:743} INFO - Processing file /home/airflow/.local/lib/python3.7/site-packages/airflow/example_dags/example_latest_only_with_trigger.py for tasks to queue
[2024-06-14T23:14:24.629+0000] {logging_mixin.py:137} INFO - [2024-06-14T23:14:24.626+0000] {dagbag.py:538} INFO - Filling up the DagBag from /home/airflow/.local/lib/python3.7/site-packages/airflow/example_dags/example_latest_only_with_trigger.py
[2024-06-14T23:14:24.756+0000] {processor.py:753} INFO - DAG(s) dict_keys(['latest_only_with_trigger']) retrieved from /home/airflow/.local/lib/python3.7/site-packages/airflow/example_dags/example_latest_only_with_trigger.py
[2024-06-14T23:14:25.080+0000] {logging_mixin.py:137} INFO - [2024-06-14T23:14:25.080+0000] {dag.py:2690} INFO - Sync 1 DAGs
[2024-06-14T23:14:25.174+0000] {logging_mixin.py:137} INFO - [2024-06-14T23:14:25.173+0000] {dag.py:3441} INFO - Setting next_dagrun for latest_only_with_trigger to 2024-06-14T19:14:25.172917+00:00, run_after=2024-06-14T23:14:25.172917+00:00
[2024-06-14T23:14:25.385+0000] {processor.py:175} INFO - Processing /home/airflow/.local/lib/python3.7/site-packages/airflow/example_dags/example_latest_only_with_trigger.py took 0.897 seconds
