[2024-06-14T21:50:26.706+0000] {processor.py:153} INFO - Started process (PID=52) to work on /home/airflow/.local/lib/python3.7/site-packages/airflow/example_dags/example_branch_python_dop_operator_3.py
[2024-06-14T21:50:26.713+0000] {processor.py:743} INFO - Processing file /home/airflow/.local/lib/python3.7/site-packages/airflow/example_dags/example_branch_python_dop_operator_3.py for tasks to queue
[2024-06-14T21:50:26.715+0000] {logging_mixin.py:137} INFO - [2024-06-14T21:50:26.714+0000] {dagbag.py:538} INFO - Filling up the DagBag from /home/airflow/.local/lib/python3.7/site-packages/airflow/example_dags/example_branch_python_dop_operator_3.py
[2024-06-14T21:50:26.740+0000] {processor.py:753} INFO - DAG(s) dict_keys(['example_branch_dop_operator_v3']) retrieved from /home/airflow/.local/lib/python3.7/site-packages/airflow/example_dags/example_branch_python_dop_operator_3.py
[2024-06-14T21:50:26.772+0000] {logging_mixin.py:137} INFO - [2024-06-14T21:50:26.772+0000] {dag.py:2690} INFO - Sync 1 DAGs
[2024-06-14T21:50:26.810+0000] {logging_mixin.py:137} INFO - [2024-06-14T21:50:26.810+0000] {dag.py:3441} INFO - Setting next_dagrun for example_branch_dop_operator_v3 to 2024-06-14T21:49:00+00:00, run_after=2024-06-14T21:50:00+00:00
[2024-06-14T21:50:26.829+0000] {processor.py:175} INFO - Processing /home/airflow/.local/lib/python3.7/site-packages/airflow/example_dags/example_branch_python_dop_operator_3.py took 0.129 seconds
[2024-06-14T21:50:56.951+0000] {processor.py:153} INFO - Started process (PID=102) to work on /home/airflow/.local/lib/python3.7/site-packages/airflow/example_dags/example_branch_python_dop_operator_3.py
[2024-06-14T21:50:56.953+0000] {processor.py:743} INFO - Processing file /home/airflow/.local/lib/python3.7/site-packages/airflow/example_dags/example_branch_python_dop_operator_3.py for tasks to queue
[2024-06-14T21:50:56.954+0000] {logging_mixin.py:137} INFO - [2024-06-14T21:50:56.954+0000] {dagbag.py:538} INFO - Filling up the DagBag from /home/airflow/.local/lib/python3.7/site-packages/airflow/example_dags/example_branch_python_dop_operator_3.py
[2024-06-14T21:50:56.973+0000] {processor.py:753} INFO - DAG(s) dict_keys(['example_branch_dop_operator_v3']) retrieved from /home/airflow/.local/lib/python3.7/site-packages/airflow/example_dags/example_branch_python_dop_operator_3.py
[2024-06-14T21:50:56.997+0000] {logging_mixin.py:137} INFO - [2024-06-14T21:50:56.997+0000] {dag.py:2690} INFO - Sync 1 DAGs
[2024-06-14T21:50:57.019+0000] {logging_mixin.py:137} INFO - [2024-06-14T21:50:57.019+0000] {dag.py:3441} INFO - Setting next_dagrun for example_branch_dop_operator_v3 to 2024-06-14T21:49:00+00:00, run_after=2024-06-14T21:50:00+00:00
[2024-06-14T21:50:57.034+0000] {processor.py:175} INFO - Processing /home/airflow/.local/lib/python3.7/site-packages/airflow/example_dags/example_branch_python_dop_operator_3.py took 0.086 seconds
[2024-06-14T21:51:27.394+0000] {processor.py:153} INFO - Started process (PID=152) to work on /home/airflow/.local/lib/python3.7/site-packages/airflow/example_dags/example_branch_python_dop_operator_3.py
[2024-06-14T21:51:27.395+0000] {processor.py:743} INFO - Processing file /home/airflow/.local/lib/python3.7/site-packages/airflow/example_dags/example_branch_python_dop_operator_3.py for tasks to queue
[2024-06-14T21:51:27.396+0000] {logging_mixin.py:137} INFO - [2024-06-14T21:51:27.396+0000] {dagbag.py:538} INFO - Filling up the DagBag from /home/airflow/.local/lib/python3.7/site-packages/airflow/example_dags/example_branch_python_dop_operator_3.py
[2024-06-14T21:51:27.414+0000] {processor.py:753} INFO - DAG(s) dict_keys(['example_branch_dop_operator_v3']) retrieved from /home/airflow/.local/lib/python3.7/site-packages/airflow/example_dags/example_branch_python_dop_operator_3.py
[2024-06-14T21:51:27.436+0000] {logging_mixin.py:137} INFO - [2024-06-14T21:51:27.436+0000] {dag.py:2690} INFO - Sync 1 DAGs
[2024-06-14T21:51:27.455+0000] {logging_mixin.py:137} INFO - [2024-06-14T21:51:27.455+0000] {dag.py:3441} INFO - Setting next_dagrun for example_branch_dop_operator_v3 to 2024-06-14T21:50:00+00:00, run_after=2024-06-14T21:51:00+00:00
[2024-06-14T21:51:27.469+0000] {processor.py:175} INFO - Processing /home/airflow/.local/lib/python3.7/site-packages/airflow/example_dags/example_branch_python_dop_operator_3.py took 0.078 seconds
[2024-06-14T21:51:57.771+0000] {processor.py:153} INFO - Started process (PID=202) to work on /home/airflow/.local/lib/python3.7/site-packages/airflow/example_dags/example_branch_python_dop_operator_3.py
[2024-06-14T21:51:57.772+0000] {processor.py:743} INFO - Processing file /home/airflow/.local/lib/python3.7/site-packages/airflow/example_dags/example_branch_python_dop_operator_3.py for tasks to queue
[2024-06-14T21:51:57.773+0000] {logging_mixin.py:137} INFO - [2024-06-14T21:51:57.773+0000] {dagbag.py:538} INFO - Filling up the DagBag from /home/airflow/.local/lib/python3.7/site-packages/airflow/example_dags/example_branch_python_dop_operator_3.py
[2024-06-14T21:51:57.790+0000] {processor.py:753} INFO - DAG(s) dict_keys(['example_branch_dop_operator_v3']) retrieved from /home/airflow/.local/lib/python3.7/site-packages/airflow/example_dags/example_branch_python_dop_operator_3.py
[2024-06-14T21:51:57.811+0000] {logging_mixin.py:137} INFO - [2024-06-14T21:51:57.811+0000] {dag.py:2690} INFO - Sync 1 DAGs
[2024-06-14T21:51:57.830+0000] {logging_mixin.py:137} INFO - [2024-06-14T21:51:57.830+0000] {dag.py:3441} INFO - Setting next_dagrun for example_branch_dop_operator_v3 to 2024-06-14T21:50:00+00:00, run_after=2024-06-14T21:51:00+00:00
[2024-06-14T21:51:57.844+0000] {processor.py:175} INFO - Processing /home/airflow/.local/lib/python3.7/site-packages/airflow/example_dags/example_branch_python_dop_operator_3.py took 0.076 seconds
[2024-06-14T21:52:28.396+0000] {processor.py:153} INFO - Started process (PID=252) to work on /home/airflow/.local/lib/python3.7/site-packages/airflow/example_dags/example_branch_python_dop_operator_3.py
[2024-06-14T21:52:28.398+0000] {processor.py:743} INFO - Processing file /home/airflow/.local/lib/python3.7/site-packages/airflow/example_dags/example_branch_python_dop_operator_3.py for tasks to queue
[2024-06-14T21:52:28.398+0000] {logging_mixin.py:137} INFO - [2024-06-14T21:52:28.398+0000] {dagbag.py:538} INFO - Filling up the DagBag from /home/airflow/.local/lib/python3.7/site-packages/airflow/example_dags/example_branch_python_dop_operator_3.py
[2024-06-14T21:52:28.415+0000] {processor.py:753} INFO - DAG(s) dict_keys(['example_branch_dop_operator_v3']) retrieved from /home/airflow/.local/lib/python3.7/site-packages/airflow/example_dags/example_branch_python_dop_operator_3.py
[2024-06-14T21:52:28.437+0000] {logging_mixin.py:137} INFO - [2024-06-14T21:52:28.437+0000] {dag.py:2690} INFO - Sync 1 DAGs
[2024-06-14T21:52:28.459+0000] {logging_mixin.py:137} INFO - [2024-06-14T21:52:28.459+0000] {dag.py:3441} INFO - Setting next_dagrun for example_branch_dop_operator_v3 to 2024-06-14T21:51:00+00:00, run_after=2024-06-14T21:52:00+00:00
[2024-06-14T21:52:28.473+0000] {processor.py:175} INFO - Processing /home/airflow/.local/lib/python3.7/site-packages/airflow/example_dags/example_branch_python_dop_operator_3.py took 0.079 seconds
[2024-06-14T21:52:58.979+0000] {processor.py:153} INFO - Started process (PID=301) to work on /home/airflow/.local/lib/python3.7/site-packages/airflow/example_dags/example_branch_python_dop_operator_3.py
[2024-06-14T21:52:58.981+0000] {processor.py:743} INFO - Processing file /home/airflow/.local/lib/python3.7/site-packages/airflow/example_dags/example_branch_python_dop_operator_3.py for tasks to queue
[2024-06-14T21:52:58.982+0000] {logging_mixin.py:137} INFO - [2024-06-14T21:52:58.982+0000] {dagbag.py:538} INFO - Filling up the DagBag from /home/airflow/.local/lib/python3.7/site-packages/airflow/example_dags/example_branch_python_dop_operator_3.py
[2024-06-14T21:52:58.998+0000] {processor.py:753} INFO - DAG(s) dict_keys(['example_branch_dop_operator_v3']) retrieved from /home/airflow/.local/lib/python3.7/site-packages/airflow/example_dags/example_branch_python_dop_operator_3.py
[2024-06-14T21:52:59.020+0000] {logging_mixin.py:137} INFO - [2024-06-14T21:52:59.020+0000] {dag.py:2690} INFO - Sync 1 DAGs
[2024-06-14T21:52:59.039+0000] {logging_mixin.py:137} INFO - [2024-06-14T21:52:59.039+0000] {dag.py:3441} INFO - Setting next_dagrun for example_branch_dop_operator_v3 to 2024-06-14T21:51:00+00:00, run_after=2024-06-14T21:52:00+00:00
[2024-06-14T21:52:59.051+0000] {processor.py:175} INFO - Processing /home/airflow/.local/lib/python3.7/site-packages/airflow/example_dags/example_branch_python_dop_operator_3.py took 0.075 seconds
[2024-06-14T21:53:29.613+0000] {processor.py:153} INFO - Started process (PID=351) to work on /home/airflow/.local/lib/python3.7/site-packages/airflow/example_dags/example_branch_python_dop_operator_3.py
[2024-06-14T21:53:29.614+0000] {processor.py:743} INFO - Processing file /home/airflow/.local/lib/python3.7/site-packages/airflow/example_dags/example_branch_python_dop_operator_3.py for tasks to queue
[2024-06-14T21:53:29.615+0000] {logging_mixin.py:137} INFO - [2024-06-14T21:53:29.615+0000] {dagbag.py:538} INFO - Filling up the DagBag from /home/airflow/.local/lib/python3.7/site-packages/airflow/example_dags/example_branch_python_dop_operator_3.py
[2024-06-14T21:53:29.632+0000] {processor.py:753} INFO - DAG(s) dict_keys(['example_branch_dop_operator_v3']) retrieved from /home/airflow/.local/lib/python3.7/site-packages/airflow/example_dags/example_branch_python_dop_operator_3.py
[2024-06-14T21:53:29.654+0000] {logging_mixin.py:137} INFO - [2024-06-14T21:53:29.654+0000] {dag.py:2690} INFO - Sync 1 DAGs
[2024-06-14T21:53:29.675+0000] {logging_mixin.py:137} INFO - [2024-06-14T21:53:29.675+0000] {dag.py:3441} INFO - Setting next_dagrun for example_branch_dop_operator_v3 to 2024-06-14T21:52:00+00:00, run_after=2024-06-14T21:53:00+00:00
[2024-06-14T21:53:29.689+0000] {processor.py:175} INFO - Processing /home/airflow/.local/lib/python3.7/site-packages/airflow/example_dags/example_branch_python_dop_operator_3.py took 0.079 seconds
[2024-06-14T21:54:00.214+0000] {processor.py:153} INFO - Started process (PID=401) to work on /home/airflow/.local/lib/python3.7/site-packages/airflow/example_dags/example_branch_python_dop_operator_3.py
[2024-06-14T21:54:00.215+0000] {processor.py:743} INFO - Processing file /home/airflow/.local/lib/python3.7/site-packages/airflow/example_dags/example_branch_python_dop_operator_3.py for tasks to queue
[2024-06-14T21:54:00.216+0000] {logging_mixin.py:137} INFO - [2024-06-14T21:54:00.216+0000] {dagbag.py:538} INFO - Filling up the DagBag from /home/airflow/.local/lib/python3.7/site-packages/airflow/example_dags/example_branch_python_dop_operator_3.py
[2024-06-14T21:54:00.234+0000] {processor.py:753} INFO - DAG(s) dict_keys(['example_branch_dop_operator_v3']) retrieved from /home/airflow/.local/lib/python3.7/site-packages/airflow/example_dags/example_branch_python_dop_operator_3.py
[2024-06-14T21:54:00.257+0000] {logging_mixin.py:137} INFO - [2024-06-14T21:54:00.257+0000] {dag.py:2690} INFO - Sync 1 DAGs
[2024-06-14T21:54:00.278+0000] {logging_mixin.py:137} INFO - [2024-06-14T21:54:00.278+0000] {dag.py:3441} INFO - Setting next_dagrun for example_branch_dop_operator_v3 to 2024-06-14T21:53:00+00:00, run_after=2024-06-14T21:54:00+00:00
[2024-06-14T21:54:00.294+0000] {processor.py:175} INFO - Processing /home/airflow/.local/lib/python3.7/site-packages/airflow/example_dags/example_branch_python_dop_operator_3.py took 0.083 seconds
[2024-06-14T21:54:31.023+0000] {processor.py:153} INFO - Started process (PID=451) to work on /home/airflow/.local/lib/python3.7/site-packages/airflow/example_dags/example_branch_python_dop_operator_3.py
[2024-06-14T21:54:31.024+0000] {processor.py:743} INFO - Processing file /home/airflow/.local/lib/python3.7/site-packages/airflow/example_dags/example_branch_python_dop_operator_3.py for tasks to queue
[2024-06-14T21:54:31.026+0000] {logging_mixin.py:137} INFO - [2024-06-14T21:54:31.026+0000] {dagbag.py:538} INFO - Filling up the DagBag from /home/airflow/.local/lib/python3.7/site-packages/airflow/example_dags/example_branch_python_dop_operator_3.py
[2024-06-14T21:54:31.042+0000] {processor.py:753} INFO - DAG(s) dict_keys(['example_branch_dop_operator_v3']) retrieved from /home/airflow/.local/lib/python3.7/site-packages/airflow/example_dags/example_branch_python_dop_operator_3.py
[2024-06-14T21:54:31.065+0000] {logging_mixin.py:137} INFO - [2024-06-14T21:54:31.065+0000] {dag.py:2690} INFO - Sync 1 DAGs
[2024-06-14T21:54:31.086+0000] {logging_mixin.py:137} INFO - [2024-06-14T21:54:31.086+0000] {dag.py:3441} INFO - Setting next_dagrun for example_branch_dop_operator_v3 to 2024-06-14T21:53:00+00:00, run_after=2024-06-14T21:54:00+00:00
[2024-06-14T21:54:31.099+0000] {processor.py:175} INFO - Processing /home/airflow/.local/lib/python3.7/site-packages/airflow/example_dags/example_branch_python_dop_operator_3.py took 0.079 seconds
[2024-06-14T21:55:01.546+0000] {processor.py:153} INFO - Started process (PID=501) to work on /home/airflow/.local/lib/python3.7/site-packages/airflow/example_dags/example_branch_python_dop_operator_3.py
[2024-06-14T21:55:01.548+0000] {processor.py:743} INFO - Processing file /home/airflow/.local/lib/python3.7/site-packages/airflow/example_dags/example_branch_python_dop_operator_3.py for tasks to queue
[2024-06-14T21:55:01.549+0000] {logging_mixin.py:137} INFO - [2024-06-14T21:55:01.549+0000] {dagbag.py:538} INFO - Filling up the DagBag from /home/airflow/.local/lib/python3.7/site-packages/airflow/example_dags/example_branch_python_dop_operator_3.py
[2024-06-14T21:55:01.570+0000] {processor.py:753} INFO - DAG(s) dict_keys(['example_branch_dop_operator_v3']) retrieved from /home/airflow/.local/lib/python3.7/site-packages/airflow/example_dags/example_branch_python_dop_operator_3.py
[2024-06-14T21:55:01.596+0000] {logging_mixin.py:137} INFO - [2024-06-14T21:55:01.596+0000] {dag.py:2690} INFO - Sync 1 DAGs
[2024-06-14T21:55:01.617+0000] {logging_mixin.py:137} INFO - [2024-06-14T21:55:01.617+0000] {dag.py:3441} INFO - Setting next_dagrun for example_branch_dop_operator_v3 to 2024-06-14T21:54:00+00:00, run_after=2024-06-14T21:55:00+00:00
[2024-06-14T21:55:01.631+0000] {processor.py:175} INFO - Processing /home/airflow/.local/lib/python3.7/site-packages/airflow/example_dags/example_branch_python_dop_operator_3.py took 0.088 seconds
[2024-06-14T21:55:32.188+0000] {processor.py:153} INFO - Started process (PID=551) to work on /home/airflow/.local/lib/python3.7/site-packages/airflow/example_dags/example_branch_python_dop_operator_3.py
[2024-06-14T21:55:32.189+0000] {processor.py:743} INFO - Processing file /home/airflow/.local/lib/python3.7/site-packages/airflow/example_dags/example_branch_python_dop_operator_3.py for tasks to queue
[2024-06-14T21:55:32.190+0000] {logging_mixin.py:137} INFO - [2024-06-14T21:55:32.190+0000] {dagbag.py:538} INFO - Filling up the DagBag from /home/airflow/.local/lib/python3.7/site-packages/airflow/example_dags/example_branch_python_dop_operator_3.py
[2024-06-14T21:55:32.209+0000] {processor.py:753} INFO - DAG(s) dict_keys(['example_branch_dop_operator_v3']) retrieved from /home/airflow/.local/lib/python3.7/site-packages/airflow/example_dags/example_branch_python_dop_operator_3.py
[2024-06-14T21:55:32.232+0000] {logging_mixin.py:137} INFO - [2024-06-14T21:55:32.232+0000] {dag.py:2690} INFO - Sync 1 DAGs
[2024-06-14T21:55:32.253+0000] {logging_mixin.py:137} INFO - [2024-06-14T21:55:32.253+0000] {dag.py:3441} INFO - Setting next_dagrun for example_branch_dop_operator_v3 to 2024-06-14T21:54:00+00:00, run_after=2024-06-14T21:55:00+00:00
[2024-06-14T21:55:32.268+0000] {processor.py:175} INFO - Processing /home/airflow/.local/lib/python3.7/site-packages/airflow/example_dags/example_branch_python_dop_operator_3.py took 0.083 seconds
[2024-06-14T21:56:02.991+0000] {processor.py:153} INFO - Started process (PID=601) to work on /home/airflow/.local/lib/python3.7/site-packages/airflow/example_dags/example_branch_python_dop_operator_3.py
[2024-06-14T21:56:02.992+0000] {processor.py:743} INFO - Processing file /home/airflow/.local/lib/python3.7/site-packages/airflow/example_dags/example_branch_python_dop_operator_3.py for tasks to queue
[2024-06-14T21:56:02.993+0000] {logging_mixin.py:137} INFO - [2024-06-14T21:56:02.993+0000] {dagbag.py:538} INFO - Filling up the DagBag from /home/airflow/.local/lib/python3.7/site-packages/airflow/example_dags/example_branch_python_dop_operator_3.py
[2024-06-14T21:56:03.011+0000] {processor.py:753} INFO - DAG(s) dict_keys(['example_branch_dop_operator_v3']) retrieved from /home/airflow/.local/lib/python3.7/site-packages/airflow/example_dags/example_branch_python_dop_operator_3.py
[2024-06-14T21:56:03.033+0000] {logging_mixin.py:137} INFO - [2024-06-14T21:56:03.033+0000] {dag.py:2690} INFO - Sync 1 DAGs
[2024-06-14T21:56:03.053+0000] {logging_mixin.py:137} INFO - [2024-06-14T21:56:03.052+0000] {dag.py:3441} INFO - Setting next_dagrun for example_branch_dop_operator_v3 to 2024-06-14T21:55:00+00:00, run_after=2024-06-14T21:56:00+00:00
[2024-06-14T21:56:03.065+0000] {processor.py:175} INFO - Processing /home/airflow/.local/lib/python3.7/site-packages/airflow/example_dags/example_branch_python_dop_operator_3.py took 0.077 seconds
[2024-06-14T21:56:33.828+0000] {processor.py:153} INFO - Started process (PID=651) to work on /home/airflow/.local/lib/python3.7/site-packages/airflow/example_dags/example_branch_python_dop_operator_3.py
[2024-06-14T21:56:33.830+0000] {processor.py:743} INFO - Processing file /home/airflow/.local/lib/python3.7/site-packages/airflow/example_dags/example_branch_python_dop_operator_3.py for tasks to queue
[2024-06-14T21:56:33.831+0000] {logging_mixin.py:137} INFO - [2024-06-14T21:56:33.830+0000] {dagbag.py:538} INFO - Filling up the DagBag from /home/airflow/.local/lib/python3.7/site-packages/airflow/example_dags/example_branch_python_dop_operator_3.py
[2024-06-14T21:56:33.848+0000] {processor.py:753} INFO - DAG(s) dict_keys(['example_branch_dop_operator_v3']) retrieved from /home/airflow/.local/lib/python3.7/site-packages/airflow/example_dags/example_branch_python_dop_operator_3.py
[2024-06-14T21:56:33.869+0000] {logging_mixin.py:137} INFO - [2024-06-14T21:56:33.869+0000] {dag.py:2690} INFO - Sync 1 DAGs
[2024-06-14T21:56:33.888+0000] {logging_mixin.py:137} INFO - [2024-06-14T21:56:33.888+0000] {dag.py:3441} INFO - Setting next_dagrun for example_branch_dop_operator_v3 to 2024-06-14T21:55:00+00:00, run_after=2024-06-14T21:56:00+00:00
[2024-06-14T21:56:33.901+0000] {processor.py:175} INFO - Processing /home/airflow/.local/lib/python3.7/site-packages/airflow/example_dags/example_branch_python_dop_operator_3.py took 0.075 seconds
[2024-06-14T21:57:04.455+0000] {processor.py:153} INFO - Started process (PID=701) to work on /home/airflow/.local/lib/python3.7/site-packages/airflow/example_dags/example_branch_python_dop_operator_3.py
[2024-06-14T21:57:04.456+0000] {processor.py:743} INFO - Processing file /home/airflow/.local/lib/python3.7/site-packages/airflow/example_dags/example_branch_python_dop_operator_3.py for tasks to queue
[2024-06-14T21:57:04.457+0000] {logging_mixin.py:137} INFO - [2024-06-14T21:57:04.457+0000] {dagbag.py:538} INFO - Filling up the DagBag from /home/airflow/.local/lib/python3.7/site-packages/airflow/example_dags/example_branch_python_dop_operator_3.py
[2024-06-14T21:57:04.474+0000] {processor.py:753} INFO - DAG(s) dict_keys(['example_branch_dop_operator_v3']) retrieved from /home/airflow/.local/lib/python3.7/site-packages/airflow/example_dags/example_branch_python_dop_operator_3.py
[2024-06-14T21:57:04.496+0000] {logging_mixin.py:137} INFO - [2024-06-14T21:57:04.496+0000] {dag.py:2690} INFO - Sync 1 DAGs
[2024-06-14T21:57:04.515+0000] {logging_mixin.py:137} INFO - [2024-06-14T21:57:04.515+0000] {dag.py:3441} INFO - Setting next_dagrun for example_branch_dop_operator_v3 to 2024-06-14T21:56:00+00:00, run_after=2024-06-14T21:57:00+00:00
[2024-06-14T21:57:04.527+0000] {processor.py:175} INFO - Processing /home/airflow/.local/lib/python3.7/site-packages/airflow/example_dags/example_branch_python_dop_operator_3.py took 0.076 seconds
[2024-06-14T21:57:34.815+0000] {processor.py:153} INFO - Started process (PID=751) to work on /home/airflow/.local/lib/python3.7/site-packages/airflow/example_dags/example_branch_python_dop_operator_3.py
[2024-06-14T21:57:34.817+0000] {processor.py:743} INFO - Processing file /home/airflow/.local/lib/python3.7/site-packages/airflow/example_dags/example_branch_python_dop_operator_3.py for tasks to queue
[2024-06-14T21:57:34.818+0000] {logging_mixin.py:137} INFO - [2024-06-14T21:57:34.818+0000] {dagbag.py:538} INFO - Filling up the DagBag from /home/airflow/.local/lib/python3.7/site-packages/airflow/example_dags/example_branch_python_dop_operator_3.py
[2024-06-14T21:57:34.835+0000] {processor.py:753} INFO - DAG(s) dict_keys(['example_branch_dop_operator_v3']) retrieved from /home/airflow/.local/lib/python3.7/site-packages/airflow/example_dags/example_branch_python_dop_operator_3.py
[2024-06-14T21:57:34.856+0000] {logging_mixin.py:137} INFO - [2024-06-14T21:57:34.856+0000] {dag.py:2690} INFO - Sync 1 DAGs
[2024-06-14T21:57:34.876+0000] {logging_mixin.py:137} INFO - [2024-06-14T21:57:34.876+0000] {dag.py:3441} INFO - Setting next_dagrun for example_branch_dop_operator_v3 to 2024-06-14T21:56:00+00:00, run_after=2024-06-14T21:57:00+00:00
[2024-06-14T21:57:34.889+0000] {processor.py:175} INFO - Processing /home/airflow/.local/lib/python3.7/site-packages/airflow/example_dags/example_branch_python_dop_operator_3.py took 0.077 seconds
[2024-06-14T21:58:05.396+0000] {processor.py:153} INFO - Started process (PID=801) to work on /home/airflow/.local/lib/python3.7/site-packages/airflow/example_dags/example_branch_python_dop_operator_3.py
[2024-06-14T21:58:05.397+0000] {processor.py:743} INFO - Processing file /home/airflow/.local/lib/python3.7/site-packages/airflow/example_dags/example_branch_python_dop_operator_3.py for tasks to queue
[2024-06-14T21:58:05.398+0000] {logging_mixin.py:137} INFO - [2024-06-14T21:58:05.398+0000] {dagbag.py:538} INFO - Filling up the DagBag from /home/airflow/.local/lib/python3.7/site-packages/airflow/example_dags/example_branch_python_dop_operator_3.py
[2024-06-14T21:58:05.415+0000] {processor.py:753} INFO - DAG(s) dict_keys(['example_branch_dop_operator_v3']) retrieved from /home/airflow/.local/lib/python3.7/site-packages/airflow/example_dags/example_branch_python_dop_operator_3.py
[2024-06-14T21:58:05.438+0000] {logging_mixin.py:137} INFO - [2024-06-14T21:58:05.437+0000] {dag.py:2690} INFO - Sync 1 DAGs
[2024-06-14T21:58:05.457+0000] {logging_mixin.py:137} INFO - [2024-06-14T21:58:05.457+0000] {dag.py:3441} INFO - Setting next_dagrun for example_branch_dop_operator_v3 to 2024-06-14T21:57:00+00:00, run_after=2024-06-14T21:58:00+00:00
[2024-06-14T21:58:05.469+0000] {processor.py:175} INFO - Processing /home/airflow/.local/lib/python3.7/site-packages/airflow/example_dags/example_branch_python_dop_operator_3.py took 0.076 seconds
[2024-06-14T21:58:36.074+0000] {processor.py:153} INFO - Started process (PID=851) to work on /home/airflow/.local/lib/python3.7/site-packages/airflow/example_dags/example_branch_python_dop_operator_3.py
[2024-06-14T21:58:36.075+0000] {processor.py:743} INFO - Processing file /home/airflow/.local/lib/python3.7/site-packages/airflow/example_dags/example_branch_python_dop_operator_3.py for tasks to queue
[2024-06-14T21:58:36.076+0000] {logging_mixin.py:137} INFO - [2024-06-14T21:58:36.076+0000] {dagbag.py:538} INFO - Filling up the DagBag from /home/airflow/.local/lib/python3.7/site-packages/airflow/example_dags/example_branch_python_dop_operator_3.py
[2024-06-14T21:58:36.093+0000] {processor.py:753} INFO - DAG(s) dict_keys(['example_branch_dop_operator_v3']) retrieved from /home/airflow/.local/lib/python3.7/site-packages/airflow/example_dags/example_branch_python_dop_operator_3.py
[2024-06-14T21:58:36.115+0000] {logging_mixin.py:137} INFO - [2024-06-14T21:58:36.115+0000] {dag.py:2690} INFO - Sync 1 DAGs
[2024-06-14T21:58:36.136+0000] {logging_mixin.py:137} INFO - [2024-06-14T21:58:36.135+0000] {dag.py:3441} INFO - Setting next_dagrun for example_branch_dop_operator_v3 to 2024-06-14T21:57:00+00:00, run_after=2024-06-14T21:58:00+00:00
[2024-06-14T21:58:36.149+0000] {processor.py:175} INFO - Processing /home/airflow/.local/lib/python3.7/site-packages/airflow/example_dags/example_branch_python_dop_operator_3.py took 0.078 seconds
[2024-06-14T21:59:06.598+0000] {processor.py:153} INFO - Started process (PID=901) to work on /home/airflow/.local/lib/python3.7/site-packages/airflow/example_dags/example_branch_python_dop_operator_3.py
[2024-06-14T21:59:06.599+0000] {processor.py:743} INFO - Processing file /home/airflow/.local/lib/python3.7/site-packages/airflow/example_dags/example_branch_python_dop_operator_3.py for tasks to queue
[2024-06-14T21:59:06.600+0000] {logging_mixin.py:137} INFO - [2024-06-14T21:59:06.600+0000] {dagbag.py:538} INFO - Filling up the DagBag from /home/airflow/.local/lib/python3.7/site-packages/airflow/example_dags/example_branch_python_dop_operator_3.py
[2024-06-14T21:59:06.616+0000] {processor.py:753} INFO - DAG(s) dict_keys(['example_branch_dop_operator_v3']) retrieved from /home/airflow/.local/lib/python3.7/site-packages/airflow/example_dags/example_branch_python_dop_operator_3.py
[2024-06-14T21:59:06.638+0000] {logging_mixin.py:137} INFO - [2024-06-14T21:59:06.638+0000] {dag.py:2690} INFO - Sync 1 DAGs
[2024-06-14T21:59:06.657+0000] {logging_mixin.py:137} INFO - [2024-06-14T21:59:06.657+0000] {dag.py:3441} INFO - Setting next_dagrun for example_branch_dop_operator_v3 to 2024-06-14T21:58:00+00:00, run_after=2024-06-14T21:59:00+00:00
[2024-06-14T21:59:06.671+0000] {processor.py:175} INFO - Processing /home/airflow/.local/lib/python3.7/site-packages/airflow/example_dags/example_branch_python_dop_operator_3.py took 0.076 seconds
[2024-06-14T21:59:37.062+0000] {processor.py:153} INFO - Started process (PID=951) to work on /home/airflow/.local/lib/python3.7/site-packages/airflow/example_dags/example_branch_python_dop_operator_3.py
[2024-06-14T21:59:37.064+0000] {processor.py:743} INFO - Processing file /home/airflow/.local/lib/python3.7/site-packages/airflow/example_dags/example_branch_python_dop_operator_3.py for tasks to queue
[2024-06-14T21:59:37.065+0000] {logging_mixin.py:137} INFO - [2024-06-14T21:59:37.064+0000] {dagbag.py:538} INFO - Filling up the DagBag from /home/airflow/.local/lib/python3.7/site-packages/airflow/example_dags/example_branch_python_dop_operator_3.py
[2024-06-14T21:59:37.082+0000] {processor.py:753} INFO - DAG(s) dict_keys(['example_branch_dop_operator_v3']) retrieved from /home/airflow/.local/lib/python3.7/site-packages/airflow/example_dags/example_branch_python_dop_operator_3.py
[2024-06-14T21:59:37.106+0000] {logging_mixin.py:137} INFO - [2024-06-14T21:59:37.106+0000] {dag.py:2690} INFO - Sync 1 DAGs
[2024-06-14T21:59:37.126+0000] {logging_mixin.py:137} INFO - [2024-06-14T21:59:37.126+0000] {dag.py:3441} INFO - Setting next_dagrun for example_branch_dop_operator_v3 to 2024-06-14T21:58:00+00:00, run_after=2024-06-14T21:59:00+00:00
[2024-06-14T21:59:37.140+0000] {processor.py:175} INFO - Processing /home/airflow/.local/lib/python3.7/site-packages/airflow/example_dags/example_branch_python_dop_operator_3.py took 0.080 seconds
[2024-06-14T22:00:07.594+0000] {processor.py:153} INFO - Started process (PID=1001) to work on /home/airflow/.local/lib/python3.7/site-packages/airflow/example_dags/example_branch_python_dop_operator_3.py
[2024-06-14T22:00:07.595+0000] {processor.py:743} INFO - Processing file /home/airflow/.local/lib/python3.7/site-packages/airflow/example_dags/example_branch_python_dop_operator_3.py for tasks to queue
[2024-06-14T22:00:07.596+0000] {logging_mixin.py:137} INFO - [2024-06-14T22:00:07.596+0000] {dagbag.py:538} INFO - Filling up the DagBag from /home/airflow/.local/lib/python3.7/site-packages/airflow/example_dags/example_branch_python_dop_operator_3.py
[2024-06-14T22:00:07.612+0000] {processor.py:753} INFO - DAG(s) dict_keys(['example_branch_dop_operator_v3']) retrieved from /home/airflow/.local/lib/python3.7/site-packages/airflow/example_dags/example_branch_python_dop_operator_3.py
[2024-06-14T22:00:07.634+0000] {logging_mixin.py:137} INFO - [2024-06-14T22:00:07.634+0000] {dag.py:2690} INFO - Sync 1 DAGs
[2024-06-14T22:00:07.658+0000] {logging_mixin.py:137} INFO - [2024-06-14T22:00:07.658+0000] {dag.py:3441} INFO - Setting next_dagrun for example_branch_dop_operator_v3 to 2024-06-14T21:59:00+00:00, run_after=2024-06-14T22:00:00+00:00
[2024-06-14T22:00:07.672+0000] {processor.py:175} INFO - Processing /home/airflow/.local/lib/python3.7/site-packages/airflow/example_dags/example_branch_python_dop_operator_3.py took 0.082 seconds
[2024-06-14T22:00:38.058+0000] {processor.py:153} INFO - Started process (PID=1051) to work on /home/airflow/.local/lib/python3.7/site-packages/airflow/example_dags/example_branch_python_dop_operator_3.py
[2024-06-14T22:00:38.060+0000] {processor.py:743} INFO - Processing file /home/airflow/.local/lib/python3.7/site-packages/airflow/example_dags/example_branch_python_dop_operator_3.py for tasks to queue
[2024-06-14T22:00:38.061+0000] {logging_mixin.py:137} INFO - [2024-06-14T22:00:38.061+0000] {dagbag.py:538} INFO - Filling up the DagBag from /home/airflow/.local/lib/python3.7/site-packages/airflow/example_dags/example_branch_python_dop_operator_3.py
[2024-06-14T22:00:38.078+0000] {processor.py:753} INFO - DAG(s) dict_keys(['example_branch_dop_operator_v3']) retrieved from /home/airflow/.local/lib/python3.7/site-packages/airflow/example_dags/example_branch_python_dop_operator_3.py
[2024-06-14T22:00:38.100+0000] {logging_mixin.py:137} INFO - [2024-06-14T22:00:38.100+0000] {dag.py:2690} INFO - Sync 1 DAGs
[2024-06-14T22:00:38.119+0000] {logging_mixin.py:137} INFO - [2024-06-14T22:00:38.119+0000] {dag.py:3441} INFO - Setting next_dagrun for example_branch_dop_operator_v3 to 2024-06-14T21:59:00+00:00, run_after=2024-06-14T22:00:00+00:00
[2024-06-14T22:00:38.132+0000] {processor.py:175} INFO - Processing /home/airflow/.local/lib/python3.7/site-packages/airflow/example_dags/example_branch_python_dop_operator_3.py took 0.077 seconds
[2024-06-14T22:01:08.612+0000] {processor.py:153} INFO - Started process (PID=1100) to work on /home/airflow/.local/lib/python3.7/site-packages/airflow/example_dags/example_branch_python_dop_operator_3.py
[2024-06-14T22:01:08.613+0000] {processor.py:743} INFO - Processing file /home/airflow/.local/lib/python3.7/site-packages/airflow/example_dags/example_branch_python_dop_operator_3.py for tasks to queue
[2024-06-14T22:01:08.614+0000] {logging_mixin.py:137} INFO - [2024-06-14T22:01:08.614+0000] {dagbag.py:538} INFO - Filling up the DagBag from /home/airflow/.local/lib/python3.7/site-packages/airflow/example_dags/example_branch_python_dop_operator_3.py
[2024-06-14T22:01:08.633+0000] {processor.py:753} INFO - DAG(s) dict_keys(['example_branch_dop_operator_v3']) retrieved from /home/airflow/.local/lib/python3.7/site-packages/airflow/example_dags/example_branch_python_dop_operator_3.py
[2024-06-14T22:01:08.655+0000] {logging_mixin.py:137} INFO - [2024-06-14T22:01:08.655+0000] {dag.py:2690} INFO - Sync 1 DAGs
[2024-06-14T22:01:08.678+0000] {logging_mixin.py:137} INFO - [2024-06-14T22:01:08.678+0000] {dag.py:3441} INFO - Setting next_dagrun for example_branch_dop_operator_v3 to 2024-06-14T22:00:00+00:00, run_after=2024-06-14T22:01:00+00:00
[2024-06-14T22:01:08.693+0000] {processor.py:175} INFO - Processing /home/airflow/.local/lib/python3.7/site-packages/airflow/example_dags/example_branch_python_dop_operator_3.py took 0.084 seconds
[2024-06-14T22:01:39.058+0000] {processor.py:153} INFO - Started process (PID=1150) to work on /home/airflow/.local/lib/python3.7/site-packages/airflow/example_dags/example_branch_python_dop_operator_3.py
[2024-06-14T22:01:39.060+0000] {processor.py:743} INFO - Processing file /home/airflow/.local/lib/python3.7/site-packages/airflow/example_dags/example_branch_python_dop_operator_3.py for tasks to queue
[2024-06-14T22:01:39.061+0000] {logging_mixin.py:137} INFO - [2024-06-14T22:01:39.060+0000] {dagbag.py:538} INFO - Filling up the DagBag from /home/airflow/.local/lib/python3.7/site-packages/airflow/example_dags/example_branch_python_dop_operator_3.py
[2024-06-14T22:01:39.091+0000] {processor.py:753} INFO - DAG(s) dict_keys(['example_branch_dop_operator_v3']) retrieved from /home/airflow/.local/lib/python3.7/site-packages/airflow/example_dags/example_branch_python_dop_operator_3.py
[2024-06-14T22:01:39.116+0000] {logging_mixin.py:137} INFO - [2024-06-14T22:01:39.115+0000] {dag.py:2690} INFO - Sync 1 DAGs
[2024-06-14T22:01:39.137+0000] {logging_mixin.py:137} INFO - [2024-06-14T22:01:39.136+0000] {dag.py:3441} INFO - Setting next_dagrun for example_branch_dop_operator_v3 to 2024-06-14T22:00:00+00:00, run_after=2024-06-14T22:01:00+00:00
[2024-06-14T22:01:39.150+0000] {processor.py:175} INFO - Processing /home/airflow/.local/lib/python3.7/site-packages/airflow/example_dags/example_branch_python_dop_operator_3.py took 0.094 seconds
[2024-06-14T22:02:09.498+0000] {processor.py:153} INFO - Started process (PID=1200) to work on /home/airflow/.local/lib/python3.7/site-packages/airflow/example_dags/example_branch_python_dop_operator_3.py
[2024-06-14T22:02:09.500+0000] {processor.py:743} INFO - Processing file /home/airflow/.local/lib/python3.7/site-packages/airflow/example_dags/example_branch_python_dop_operator_3.py for tasks to queue
[2024-06-14T22:02:09.501+0000] {logging_mixin.py:137} INFO - [2024-06-14T22:02:09.501+0000] {dagbag.py:538} INFO - Filling up the DagBag from /home/airflow/.local/lib/python3.7/site-packages/airflow/example_dags/example_branch_python_dop_operator_3.py
[2024-06-14T22:02:09.519+0000] {processor.py:753} INFO - DAG(s) dict_keys(['example_branch_dop_operator_v3']) retrieved from /home/airflow/.local/lib/python3.7/site-packages/airflow/example_dags/example_branch_python_dop_operator_3.py
[2024-06-14T22:02:09.542+0000] {logging_mixin.py:137} INFO - [2024-06-14T22:02:09.542+0000] {dag.py:2690} INFO - Sync 1 DAGs
[2024-06-14T22:02:09.562+0000] {logging_mixin.py:137} INFO - [2024-06-14T22:02:09.562+0000] {dag.py:3441} INFO - Setting next_dagrun for example_branch_dop_operator_v3 to 2024-06-14T22:01:00+00:00, run_after=2024-06-14T22:02:00+00:00
[2024-06-14T22:02:09.574+0000] {processor.py:175} INFO - Processing /home/airflow/.local/lib/python3.7/site-packages/airflow/example_dags/example_branch_python_dop_operator_3.py took 0.079 seconds
[2024-06-14T22:02:40.225+0000] {processor.py:153} INFO - Started process (PID=1250) to work on /home/airflow/.local/lib/python3.7/site-packages/airflow/example_dags/example_branch_python_dop_operator_3.py
[2024-06-14T22:02:40.226+0000] {processor.py:743} INFO - Processing file /home/airflow/.local/lib/python3.7/site-packages/airflow/example_dags/example_branch_python_dop_operator_3.py for tasks to queue
[2024-06-14T22:02:40.227+0000] {logging_mixin.py:137} INFO - [2024-06-14T22:02:40.227+0000] {dagbag.py:538} INFO - Filling up the DagBag from /home/airflow/.local/lib/python3.7/site-packages/airflow/example_dags/example_branch_python_dop_operator_3.py
[2024-06-14T22:02:40.244+0000] {processor.py:753} INFO - DAG(s) dict_keys(['example_branch_dop_operator_v3']) retrieved from /home/airflow/.local/lib/python3.7/site-packages/airflow/example_dags/example_branch_python_dop_operator_3.py
[2024-06-14T22:02:40.266+0000] {logging_mixin.py:137} INFO - [2024-06-14T22:02:40.266+0000] {dag.py:2690} INFO - Sync 1 DAGs
[2024-06-14T22:02:40.286+0000] {logging_mixin.py:137} INFO - [2024-06-14T22:02:40.286+0000] {dag.py:3441} INFO - Setting next_dagrun for example_branch_dop_operator_v3 to 2024-06-14T22:01:00+00:00, run_after=2024-06-14T22:02:00+00:00
[2024-06-14T22:02:40.301+0000] {processor.py:175} INFO - Processing /home/airflow/.local/lib/python3.7/site-packages/airflow/example_dags/example_branch_python_dop_operator_3.py took 0.079 seconds
[2024-06-14T22:03:10.836+0000] {processor.py:153} INFO - Started process (PID=1300) to work on /home/airflow/.local/lib/python3.7/site-packages/airflow/example_dags/example_branch_python_dop_operator_3.py
[2024-06-14T22:03:10.837+0000] {processor.py:743} INFO - Processing file /home/airflow/.local/lib/python3.7/site-packages/airflow/example_dags/example_branch_python_dop_operator_3.py for tasks to queue
[2024-06-14T22:03:10.838+0000] {logging_mixin.py:137} INFO - [2024-06-14T22:03:10.838+0000] {dagbag.py:538} INFO - Filling up the DagBag from /home/airflow/.local/lib/python3.7/site-packages/airflow/example_dags/example_branch_python_dop_operator_3.py
[2024-06-14T22:03:10.856+0000] {processor.py:753} INFO - DAG(s) dict_keys(['example_branch_dop_operator_v3']) retrieved from /home/airflow/.local/lib/python3.7/site-packages/airflow/example_dags/example_branch_python_dop_operator_3.py
[2024-06-14T22:03:10.878+0000] {logging_mixin.py:137} INFO - [2024-06-14T22:03:10.878+0000] {dag.py:2690} INFO - Sync 1 DAGs
[2024-06-14T22:03:10.899+0000] {logging_mixin.py:137} INFO - [2024-06-14T22:03:10.899+0000] {dag.py:3441} INFO - Setting next_dagrun for example_branch_dop_operator_v3 to 2024-06-14T22:02:00+00:00, run_after=2024-06-14T22:03:00+00:00
[2024-06-14T22:03:10.912+0000] {processor.py:175} INFO - Processing /home/airflow/.local/lib/python3.7/site-packages/airflow/example_dags/example_branch_python_dop_operator_3.py took 0.079 seconds
[2024-06-14T22:03:41.298+0000] {processor.py:153} INFO - Started process (PID=1350) to work on /home/airflow/.local/lib/python3.7/site-packages/airflow/example_dags/example_branch_python_dop_operator_3.py
[2024-06-14T22:03:41.300+0000] {processor.py:743} INFO - Processing file /home/airflow/.local/lib/python3.7/site-packages/airflow/example_dags/example_branch_python_dop_operator_3.py for tasks to queue
[2024-06-14T22:03:41.301+0000] {logging_mixin.py:137} INFO - [2024-06-14T22:03:41.301+0000] {dagbag.py:538} INFO - Filling up the DagBag from /home/airflow/.local/lib/python3.7/site-packages/airflow/example_dags/example_branch_python_dop_operator_3.py
[2024-06-14T22:03:41.318+0000] {processor.py:753} INFO - DAG(s) dict_keys(['example_branch_dop_operator_v3']) retrieved from /home/airflow/.local/lib/python3.7/site-packages/airflow/example_dags/example_branch_python_dop_operator_3.py
[2024-06-14T22:03:41.340+0000] {logging_mixin.py:137} INFO - [2024-06-14T22:03:41.340+0000] {dag.py:2690} INFO - Sync 1 DAGs
[2024-06-14T22:03:41.360+0000] {logging_mixin.py:137} INFO - [2024-06-14T22:03:41.360+0000] {dag.py:3441} INFO - Setting next_dagrun for example_branch_dop_operator_v3 to 2024-06-14T22:02:00+00:00, run_after=2024-06-14T22:03:00+00:00
[2024-06-14T22:03:41.372+0000] {processor.py:175} INFO - Processing /home/airflow/.local/lib/python3.7/site-packages/airflow/example_dags/example_branch_python_dop_operator_3.py took 0.076 seconds
[2024-06-14T22:04:11.710+0000] {processor.py:153} INFO - Started process (PID=1400) to work on /home/airflow/.local/lib/python3.7/site-packages/airflow/example_dags/example_branch_python_dop_operator_3.py
[2024-06-14T22:04:11.712+0000] {processor.py:743} INFO - Processing file /home/airflow/.local/lib/python3.7/site-packages/airflow/example_dags/example_branch_python_dop_operator_3.py for tasks to queue
[2024-06-14T22:04:11.713+0000] {logging_mixin.py:137} INFO - [2024-06-14T22:04:11.713+0000] {dagbag.py:538} INFO - Filling up the DagBag from /home/airflow/.local/lib/python3.7/site-packages/airflow/example_dags/example_branch_python_dop_operator_3.py
[2024-06-14T22:04:11.730+0000] {processor.py:753} INFO - DAG(s) dict_keys(['example_branch_dop_operator_v3']) retrieved from /home/airflow/.local/lib/python3.7/site-packages/airflow/example_dags/example_branch_python_dop_operator_3.py
[2024-06-14T22:04:11.752+0000] {logging_mixin.py:137} INFO - [2024-06-14T22:04:11.752+0000] {dag.py:2690} INFO - Sync 1 DAGs
[2024-06-14T22:04:11.772+0000] {logging_mixin.py:137} INFO - [2024-06-14T22:04:11.772+0000] {dag.py:3441} INFO - Setting next_dagrun for example_branch_dop_operator_v3 to 2024-06-14T22:03:00+00:00, run_after=2024-06-14T22:04:00+00:00
[2024-06-14T22:04:11.784+0000] {processor.py:175} INFO - Processing /home/airflow/.local/lib/python3.7/site-packages/airflow/example_dags/example_branch_python_dop_operator_3.py took 0.077 seconds
[2024-06-14T22:04:42.356+0000] {processor.py:153} INFO - Started process (PID=1449) to work on /home/airflow/.local/lib/python3.7/site-packages/airflow/example_dags/example_branch_python_dop_operator_3.py
[2024-06-14T22:04:42.357+0000] {processor.py:743} INFO - Processing file /home/airflow/.local/lib/python3.7/site-packages/airflow/example_dags/example_branch_python_dop_operator_3.py for tasks to queue
[2024-06-14T22:04:42.358+0000] {logging_mixin.py:137} INFO - [2024-06-14T22:04:42.358+0000] {dagbag.py:538} INFO - Filling up the DagBag from /home/airflow/.local/lib/python3.7/site-packages/airflow/example_dags/example_branch_python_dop_operator_3.py
[2024-06-14T22:04:42.376+0000] {processor.py:753} INFO - DAG(s) dict_keys(['example_branch_dop_operator_v3']) retrieved from /home/airflow/.local/lib/python3.7/site-packages/airflow/example_dags/example_branch_python_dop_operator_3.py
[2024-06-14T22:04:42.399+0000] {logging_mixin.py:137} INFO - [2024-06-14T22:04:42.398+0000] {dag.py:2690} INFO - Sync 1 DAGs
[2024-06-14T22:04:42.424+0000] {logging_mixin.py:137} INFO - [2024-06-14T22:04:42.424+0000] {dag.py:3441} INFO - Setting next_dagrun for example_branch_dop_operator_v3 to 2024-06-14T22:03:00+00:00, run_after=2024-06-14T22:04:00+00:00
[2024-06-14T22:04:42.436+0000] {processor.py:175} INFO - Processing /home/airflow/.local/lib/python3.7/site-packages/airflow/example_dags/example_branch_python_dop_operator_3.py took 0.083 seconds
[2024-06-14T22:05:12.902+0000] {processor.py:153} INFO - Started process (PID=1498) to work on /home/airflow/.local/lib/python3.7/site-packages/airflow/example_dags/example_branch_python_dop_operator_3.py
[2024-06-14T22:05:12.903+0000] {processor.py:743} INFO - Processing file /home/airflow/.local/lib/python3.7/site-packages/airflow/example_dags/example_branch_python_dop_operator_3.py for tasks to queue
[2024-06-14T22:05:12.904+0000] {logging_mixin.py:137} INFO - [2024-06-14T22:05:12.904+0000] {dagbag.py:538} INFO - Filling up the DagBag from /home/airflow/.local/lib/python3.7/site-packages/airflow/example_dags/example_branch_python_dop_operator_3.py
[2024-06-14T22:05:12.922+0000] {processor.py:753} INFO - DAG(s) dict_keys(['example_branch_dop_operator_v3']) retrieved from /home/airflow/.local/lib/python3.7/site-packages/airflow/example_dags/example_branch_python_dop_operator_3.py
[2024-06-14T22:05:12.944+0000] {logging_mixin.py:137} INFO - [2024-06-14T22:05:12.944+0000] {dag.py:2690} INFO - Sync 1 DAGs
[2024-06-14T22:05:12.964+0000] {logging_mixin.py:137} INFO - [2024-06-14T22:05:12.964+0000] {dag.py:3441} INFO - Setting next_dagrun for example_branch_dop_operator_v3 to 2024-06-14T22:04:00+00:00, run_after=2024-06-14T22:05:00+00:00
[2024-06-14T22:05:12.979+0000] {processor.py:175} INFO - Processing /home/airflow/.local/lib/python3.7/site-packages/airflow/example_dags/example_branch_python_dop_operator_3.py took 0.080 seconds
[2024-06-14T22:05:43.530+0000] {processor.py:153} INFO - Started process (PID=1548) to work on /home/airflow/.local/lib/python3.7/site-packages/airflow/example_dags/example_branch_python_dop_operator_3.py
[2024-06-14T22:05:43.531+0000] {processor.py:743} INFO - Processing file /home/airflow/.local/lib/python3.7/site-packages/airflow/example_dags/example_branch_python_dop_operator_3.py for tasks to queue
[2024-06-14T22:05:43.532+0000] {logging_mixin.py:137} INFO - [2024-06-14T22:05:43.532+0000] {dagbag.py:538} INFO - Filling up the DagBag from /home/airflow/.local/lib/python3.7/site-packages/airflow/example_dags/example_branch_python_dop_operator_3.py
[2024-06-14T22:05:43.553+0000] {processor.py:753} INFO - DAG(s) dict_keys(['example_branch_dop_operator_v3']) retrieved from /home/airflow/.local/lib/python3.7/site-packages/airflow/example_dags/example_branch_python_dop_operator_3.py
[2024-06-14T22:05:43.579+0000] {logging_mixin.py:137} INFO - [2024-06-14T22:05:43.579+0000] {dag.py:2690} INFO - Sync 1 DAGs
[2024-06-14T22:05:43.603+0000] {logging_mixin.py:137} INFO - [2024-06-14T22:05:43.603+0000] {dag.py:3441} INFO - Setting next_dagrun for example_branch_dop_operator_v3 to 2024-06-14T22:04:00+00:00, run_after=2024-06-14T22:05:00+00:00
[2024-06-14T22:05:43.619+0000] {processor.py:175} INFO - Processing /home/airflow/.local/lib/python3.7/site-packages/airflow/example_dags/example_branch_python_dop_operator_3.py took 0.093 seconds
[2024-06-14T22:06:14.148+0000] {processor.py:153} INFO - Started process (PID=1598) to work on /home/airflow/.local/lib/python3.7/site-packages/airflow/example_dags/example_branch_python_dop_operator_3.py
[2024-06-14T22:06:14.149+0000] {processor.py:743} INFO - Processing file /home/airflow/.local/lib/python3.7/site-packages/airflow/example_dags/example_branch_python_dop_operator_3.py for tasks to queue
[2024-06-14T22:06:14.150+0000] {logging_mixin.py:137} INFO - [2024-06-14T22:06:14.150+0000] {dagbag.py:538} INFO - Filling up the DagBag from /home/airflow/.local/lib/python3.7/site-packages/airflow/example_dags/example_branch_python_dop_operator_3.py
[2024-06-14T22:06:14.167+0000] {processor.py:753} INFO - DAG(s) dict_keys(['example_branch_dop_operator_v3']) retrieved from /home/airflow/.local/lib/python3.7/site-packages/airflow/example_dags/example_branch_python_dop_operator_3.py
[2024-06-14T22:06:14.189+0000] {logging_mixin.py:137} INFO - [2024-06-14T22:06:14.189+0000] {dag.py:2690} INFO - Sync 1 DAGs
[2024-06-14T22:06:14.210+0000] {logging_mixin.py:137} INFO - [2024-06-14T22:06:14.210+0000] {dag.py:3441} INFO - Setting next_dagrun for example_branch_dop_operator_v3 to 2024-06-14T22:05:00+00:00, run_after=2024-06-14T22:06:00+00:00
[2024-06-14T22:06:14.223+0000] {processor.py:175} INFO - Processing /home/airflow/.local/lib/python3.7/site-packages/airflow/example_dags/example_branch_python_dop_operator_3.py took 0.078 seconds
[2024-06-14T22:06:44.766+0000] {processor.py:153} INFO - Started process (PID=1648) to work on /home/airflow/.local/lib/python3.7/site-packages/airflow/example_dags/example_branch_python_dop_operator_3.py
[2024-06-14T22:06:44.768+0000] {processor.py:743} INFO - Processing file /home/airflow/.local/lib/python3.7/site-packages/airflow/example_dags/example_branch_python_dop_operator_3.py for tasks to queue
[2024-06-14T22:06:44.769+0000] {logging_mixin.py:137} INFO - [2024-06-14T22:06:44.768+0000] {dagbag.py:538} INFO - Filling up the DagBag from /home/airflow/.local/lib/python3.7/site-packages/airflow/example_dags/example_branch_python_dop_operator_3.py
[2024-06-14T22:06:44.786+0000] {processor.py:753} INFO - DAG(s) dict_keys(['example_branch_dop_operator_v3']) retrieved from /home/airflow/.local/lib/python3.7/site-packages/airflow/example_dags/example_branch_python_dop_operator_3.py
[2024-06-14T22:06:44.808+0000] {logging_mixin.py:137} INFO - [2024-06-14T22:06:44.808+0000] {dag.py:2690} INFO - Sync 1 DAGs
[2024-06-14T22:06:44.829+0000] {logging_mixin.py:137} INFO - [2024-06-14T22:06:44.829+0000] {dag.py:3441} INFO - Setting next_dagrun for example_branch_dop_operator_v3 to 2024-06-14T22:05:00+00:00, run_after=2024-06-14T22:06:00+00:00
[2024-06-14T22:06:44.843+0000] {processor.py:175} INFO - Processing /home/airflow/.local/lib/python3.7/site-packages/airflow/example_dags/example_branch_python_dop_operator_3.py took 0.079 seconds
[2024-06-14T22:07:15.213+0000] {processor.py:153} INFO - Started process (PID=1698) to work on /home/airflow/.local/lib/python3.7/site-packages/airflow/example_dags/example_branch_python_dop_operator_3.py
[2024-06-14T22:07:15.214+0000] {processor.py:743} INFO - Processing file /home/airflow/.local/lib/python3.7/site-packages/airflow/example_dags/example_branch_python_dop_operator_3.py for tasks to queue
[2024-06-14T22:07:15.215+0000] {logging_mixin.py:137} INFO - [2024-06-14T22:07:15.215+0000] {dagbag.py:538} INFO - Filling up the DagBag from /home/airflow/.local/lib/python3.7/site-packages/airflow/example_dags/example_branch_python_dop_operator_3.py
[2024-06-14T22:07:15.234+0000] {processor.py:753} INFO - DAG(s) dict_keys(['example_branch_dop_operator_v3']) retrieved from /home/airflow/.local/lib/python3.7/site-packages/airflow/example_dags/example_branch_python_dop_operator_3.py
[2024-06-14T22:07:15.259+0000] {logging_mixin.py:137} INFO - [2024-06-14T22:07:15.259+0000] {dag.py:2690} INFO - Sync 1 DAGs
[2024-06-14T22:07:15.280+0000] {logging_mixin.py:137} INFO - [2024-06-14T22:07:15.279+0000] {dag.py:3441} INFO - Setting next_dagrun for example_branch_dop_operator_v3 to 2024-06-14T22:06:00+00:00, run_after=2024-06-14T22:07:00+00:00
[2024-06-14T22:07:15.296+0000] {processor.py:175} INFO - Processing /home/airflow/.local/lib/python3.7/site-packages/airflow/example_dags/example_branch_python_dop_operator_3.py took 0.086 seconds
[2024-06-14T22:07:45.830+0000] {processor.py:153} INFO - Started process (PID=1748) to work on /home/airflow/.local/lib/python3.7/site-packages/airflow/example_dags/example_branch_python_dop_operator_3.py
[2024-06-14T22:07:45.831+0000] {processor.py:743} INFO - Processing file /home/airflow/.local/lib/python3.7/site-packages/airflow/example_dags/example_branch_python_dop_operator_3.py for tasks to queue
[2024-06-14T22:07:45.832+0000] {logging_mixin.py:137} INFO - [2024-06-14T22:07:45.832+0000] {dagbag.py:538} INFO - Filling up the DagBag from /home/airflow/.local/lib/python3.7/site-packages/airflow/example_dags/example_branch_python_dop_operator_3.py
[2024-06-14T22:07:45.849+0000] {processor.py:753} INFO - DAG(s) dict_keys(['example_branch_dop_operator_v3']) retrieved from /home/airflow/.local/lib/python3.7/site-packages/airflow/example_dags/example_branch_python_dop_operator_3.py
[2024-06-14T22:07:45.871+0000] {logging_mixin.py:137} INFO - [2024-06-14T22:07:45.871+0000] {dag.py:2690} INFO - Sync 1 DAGs
[2024-06-14T22:07:45.891+0000] {logging_mixin.py:137} INFO - [2024-06-14T22:07:45.890+0000] {dag.py:3441} INFO - Setting next_dagrun for example_branch_dop_operator_v3 to 2024-06-14T22:06:00+00:00, run_after=2024-06-14T22:07:00+00:00
[2024-06-14T22:07:45.904+0000] {processor.py:175} INFO - Processing /home/airflow/.local/lib/python3.7/site-packages/airflow/example_dags/example_branch_python_dop_operator_3.py took 0.077 seconds
[2024-06-14T22:08:16.390+0000] {processor.py:153} INFO - Started process (PID=1798) to work on /home/airflow/.local/lib/python3.7/site-packages/airflow/example_dags/example_branch_python_dop_operator_3.py
[2024-06-14T22:08:16.392+0000] {processor.py:743} INFO - Processing file /home/airflow/.local/lib/python3.7/site-packages/airflow/example_dags/example_branch_python_dop_operator_3.py for tasks to queue
[2024-06-14T22:08:16.393+0000] {logging_mixin.py:137} INFO - [2024-06-14T22:08:16.393+0000] {dagbag.py:538} INFO - Filling up the DagBag from /home/airflow/.local/lib/python3.7/site-packages/airflow/example_dags/example_branch_python_dop_operator_3.py
[2024-06-14T22:08:16.410+0000] {processor.py:753} INFO - DAG(s) dict_keys(['example_branch_dop_operator_v3']) retrieved from /home/airflow/.local/lib/python3.7/site-packages/airflow/example_dags/example_branch_python_dop_operator_3.py
[2024-06-14T22:08:16.431+0000] {logging_mixin.py:137} INFO - [2024-06-14T22:08:16.431+0000] {dag.py:2690} INFO - Sync 1 DAGs
[2024-06-14T22:08:16.452+0000] {logging_mixin.py:137} INFO - [2024-06-14T22:08:16.451+0000] {dag.py:3441} INFO - Setting next_dagrun for example_branch_dop_operator_v3 to 2024-06-14T22:07:00+00:00, run_after=2024-06-14T22:08:00+00:00
[2024-06-14T22:08:16.464+0000] {processor.py:175} INFO - Processing /home/airflow/.local/lib/python3.7/site-packages/airflow/example_dags/example_branch_python_dop_operator_3.py took 0.077 seconds
[2024-06-14T22:08:47.112+0000] {processor.py:153} INFO - Started process (PID=1848) to work on /home/airflow/.local/lib/python3.7/site-packages/airflow/example_dags/example_branch_python_dop_operator_3.py
[2024-06-14T22:08:47.113+0000] {processor.py:743} INFO - Processing file /home/airflow/.local/lib/python3.7/site-packages/airflow/example_dags/example_branch_python_dop_operator_3.py for tasks to queue
[2024-06-14T22:08:47.114+0000] {logging_mixin.py:137} INFO - [2024-06-14T22:08:47.114+0000] {dagbag.py:538} INFO - Filling up the DagBag from /home/airflow/.local/lib/python3.7/site-packages/airflow/example_dags/example_branch_python_dop_operator_3.py
[2024-06-14T22:08:47.132+0000] {processor.py:753} INFO - DAG(s) dict_keys(['example_branch_dop_operator_v3']) retrieved from /home/airflow/.local/lib/python3.7/site-packages/airflow/example_dags/example_branch_python_dop_operator_3.py
[2024-06-14T22:08:47.155+0000] {logging_mixin.py:137} INFO - [2024-06-14T22:08:47.155+0000] {dag.py:2690} INFO - Sync 1 DAGs
[2024-06-14T22:08:47.175+0000] {logging_mixin.py:137} INFO - [2024-06-14T22:08:47.175+0000] {dag.py:3441} INFO - Setting next_dagrun for example_branch_dop_operator_v3 to 2024-06-14T22:07:00+00:00, run_after=2024-06-14T22:08:00+00:00
[2024-06-14T22:08:47.187+0000] {processor.py:175} INFO - Processing /home/airflow/.local/lib/python3.7/site-packages/airflow/example_dags/example_branch_python_dop_operator_3.py took 0.078 seconds
[2024-06-14T22:09:17.645+0000] {processor.py:153} INFO - Started process (PID=1898) to work on /home/airflow/.local/lib/python3.7/site-packages/airflow/example_dags/example_branch_python_dop_operator_3.py
[2024-06-14T22:09:17.646+0000] {processor.py:743} INFO - Processing file /home/airflow/.local/lib/python3.7/site-packages/airflow/example_dags/example_branch_python_dop_operator_3.py for tasks to queue
[2024-06-14T22:09:17.647+0000] {logging_mixin.py:137} INFO - [2024-06-14T22:09:17.647+0000] {dagbag.py:538} INFO - Filling up the DagBag from /home/airflow/.local/lib/python3.7/site-packages/airflow/example_dags/example_branch_python_dop_operator_3.py
[2024-06-14T22:09:17.666+0000] {processor.py:753} INFO - DAG(s) dict_keys(['example_branch_dop_operator_v3']) retrieved from /home/airflow/.local/lib/python3.7/site-packages/airflow/example_dags/example_branch_python_dop_operator_3.py
[2024-06-14T22:09:17.689+0000] {logging_mixin.py:137} INFO - [2024-06-14T22:09:17.688+0000] {dag.py:2690} INFO - Sync 1 DAGs
[2024-06-14T22:09:17.708+0000] {logging_mixin.py:137} INFO - [2024-06-14T22:09:17.708+0000] {dag.py:3441} INFO - Setting next_dagrun for example_branch_dop_operator_v3 to 2024-06-14T22:08:00+00:00, run_after=2024-06-14T22:09:00+00:00
[2024-06-14T22:09:17.721+0000] {processor.py:175} INFO - Processing /home/airflow/.local/lib/python3.7/site-packages/airflow/example_dags/example_branch_python_dop_operator_3.py took 0.079 seconds
[2024-06-14T22:09:48.131+0000] {processor.py:153} INFO - Started process (PID=1948) to work on /home/airflow/.local/lib/python3.7/site-packages/airflow/example_dags/example_branch_python_dop_operator_3.py
[2024-06-14T22:09:48.132+0000] {processor.py:743} INFO - Processing file /home/airflow/.local/lib/python3.7/site-packages/airflow/example_dags/example_branch_python_dop_operator_3.py for tasks to queue
[2024-06-14T22:09:48.133+0000] {logging_mixin.py:137} INFO - [2024-06-14T22:09:48.133+0000] {dagbag.py:538} INFO - Filling up the DagBag from /home/airflow/.local/lib/python3.7/site-packages/airflow/example_dags/example_branch_python_dop_operator_3.py
[2024-06-14T22:09:48.150+0000] {processor.py:753} INFO - DAG(s) dict_keys(['example_branch_dop_operator_v3']) retrieved from /home/airflow/.local/lib/python3.7/site-packages/airflow/example_dags/example_branch_python_dop_operator_3.py
[2024-06-14T22:09:48.172+0000] {logging_mixin.py:137} INFO - [2024-06-14T22:09:48.172+0000] {dag.py:2690} INFO - Sync 1 DAGs
[2024-06-14T22:09:48.191+0000] {logging_mixin.py:137} INFO - [2024-06-14T22:09:48.191+0000] {dag.py:3441} INFO - Setting next_dagrun for example_branch_dop_operator_v3 to 2024-06-14T22:08:00+00:00, run_after=2024-06-14T22:09:00+00:00
[2024-06-14T22:09:48.204+0000] {processor.py:175} INFO - Processing /home/airflow/.local/lib/python3.7/site-packages/airflow/example_dags/example_branch_python_dop_operator_3.py took 0.077 seconds
[2024-06-14T22:10:18.587+0000] {processor.py:153} INFO - Started process (PID=1998) to work on /home/airflow/.local/lib/python3.7/site-packages/airflow/example_dags/example_branch_python_dop_operator_3.py
[2024-06-14T22:10:18.588+0000] {processor.py:743} INFO - Processing file /home/airflow/.local/lib/python3.7/site-packages/airflow/example_dags/example_branch_python_dop_operator_3.py for tasks to queue
[2024-06-14T22:10:18.589+0000] {logging_mixin.py:137} INFO - [2024-06-14T22:10:18.589+0000] {dagbag.py:538} INFO - Filling up the DagBag from /home/airflow/.local/lib/python3.7/site-packages/airflow/example_dags/example_branch_python_dop_operator_3.py
[2024-06-14T22:10:18.607+0000] {processor.py:753} INFO - DAG(s) dict_keys(['example_branch_dop_operator_v3']) retrieved from /home/airflow/.local/lib/python3.7/site-packages/airflow/example_dags/example_branch_python_dop_operator_3.py
[2024-06-14T22:10:18.630+0000] {logging_mixin.py:137} INFO - [2024-06-14T22:10:18.630+0000] {dag.py:2690} INFO - Sync 1 DAGs
[2024-06-14T22:10:18.653+0000] {logging_mixin.py:137} INFO - [2024-06-14T22:10:18.652+0000] {dag.py:3441} INFO - Setting next_dagrun for example_branch_dop_operator_v3 to 2024-06-14T22:09:00+00:00, run_after=2024-06-14T22:10:00+00:00
[2024-06-14T22:10:18.667+0000] {processor.py:175} INFO - Processing /home/airflow/.local/lib/python3.7/site-packages/airflow/example_dags/example_branch_python_dop_operator_3.py took 0.083 seconds
[2024-06-14T22:58:49.053+0000] {processor.py:153} INFO - Started process (PID=2048) to work on /home/airflow/.local/lib/python3.7/site-packages/airflow/example_dags/example_branch_python_dop_operator_3.py
[2024-06-14T22:58:49.055+0000] {processor.py:743} INFO - Processing file /home/airflow/.local/lib/python3.7/site-packages/airflow/example_dags/example_branch_python_dop_operator_3.py for tasks to queue
[2024-06-14T22:58:49.055+0000] {logging_mixin.py:137} INFO - [2024-06-14T22:58:49.055+0000] {dagbag.py:538} INFO - Filling up the DagBag from /home/airflow/.local/lib/python3.7/site-packages/airflow/example_dags/example_branch_python_dop_operator_3.py
[2024-06-14T22:58:49.073+0000] {processor.py:753} INFO - DAG(s) dict_keys(['example_branch_dop_operator_v3']) retrieved from /home/airflow/.local/lib/python3.7/site-packages/airflow/example_dags/example_branch_python_dop_operator_3.py
[2024-06-14T22:58:49.095+0000] {logging_mixin.py:137} INFO - [2024-06-14T22:58:49.095+0000] {dag.py:2690} INFO - Sync 1 DAGs
[2024-06-14T22:58:49.115+0000] {logging_mixin.py:137} INFO - [2024-06-14T22:58:49.115+0000] {dag.py:3441} INFO - Setting next_dagrun for example_branch_dop_operator_v3 to 2024-06-14T22:57:00+00:00, run_after=2024-06-14T22:58:00+00:00
[2024-06-14T22:58:49.127+0000] {processor.py:175} INFO - Processing /home/airflow/.local/lib/python3.7/site-packages/airflow/example_dags/example_branch_python_dop_operator_3.py took 0.077 seconds
[2024-06-14T23:14:28.133+0000] {processor.py:153} INFO - Started process (PID=2105) to work on /home/airflow/.local/lib/python3.7/site-packages/airflow/example_dags/example_branch_python_dop_operator_3.py
[2024-06-14T23:14:28.151+0000] {processor.py:743} INFO - Processing file /home/airflow/.local/lib/python3.7/site-packages/airflow/example_dags/example_branch_python_dop_operator_3.py for tasks to queue
[2024-06-14T23:14:28.178+0000] {logging_mixin.py:137} INFO - [2024-06-14T23:14:28.178+0000] {dagbag.py:538} INFO - Filling up the DagBag from /home/airflow/.local/lib/python3.7/site-packages/airflow/example_dags/example_branch_python_dop_operator_3.py
[2024-06-14T23:14:28.275+0000] {processor.py:753} INFO - DAG(s) dict_keys(['example_branch_dop_operator_v3']) retrieved from /home/airflow/.local/lib/python3.7/site-packages/airflow/example_dags/example_branch_python_dop_operator_3.py
[2024-06-14T23:14:28.523+0000] {logging_mixin.py:137} INFO - [2024-06-14T23:14:28.522+0000] {dag.py:2690} INFO - Sync 1 DAGs
[2024-06-14T23:14:28.657+0000] {logging_mixin.py:137} INFO - [2024-06-14T23:14:28.656+0000] {dag.py:3441} INFO - Setting next_dagrun for example_branch_dop_operator_v3 to 2024-06-14T23:13:00+00:00, run_after=2024-06-14T23:14:00+00:00
[2024-06-14T23:14:28.838+0000] {processor.py:175} INFO - Processing /home/airflow/.local/lib/python3.7/site-packages/airflow/example_dags/example_branch_python_dop_operator_3.py took 0.719 seconds
