[2024-06-14T21:50:26.126+0000] {processor.py:153} INFO - Started process (PID=46) to work on /home/airflow/.local/lib/python3.7/site-packages/airflow/example_dags/example_local_kubernetes_executor.py
[2024-06-14T21:50:26.128+0000] {processor.py:743} INFO - Processing file /home/airflow/.local/lib/python3.7/site-packages/airflow/example_dags/example_local_kubernetes_executor.py for tasks to queue
[2024-06-14T21:50:26.130+0000] {logging_mixin.py:137} INFO - [2024-06-14T21:50:26.129+0000] {dagbag.py:538} INFO - Filling up the DagBag from /home/airflow/.local/lib/python3.7/site-packages/airflow/example_dags/example_local_kubernetes_executor.py
[2024-06-14T21:50:26.173+0000] {processor.py:753} INFO - DAG(s) dict_keys(['example_local_kubernetes_executor']) retrieved from /home/airflow/.local/lib/python3.7/site-packages/airflow/example_dags/example_local_kubernetes_executor.py
[2024-06-14T21:50:26.213+0000] {logging_mixin.py:137} INFO - [2024-06-14T21:50:26.213+0000] {dag.py:2690} INFO - Sync 1 DAGs
[2024-06-14T21:50:26.245+0000] {logging_mixin.py:137} INFO - [2024-06-14T21:50:26.245+0000] {dag.py:3441} INFO - Setting next_dagrun for example_local_kubernetes_executor to None, run_after=None
[2024-06-14T21:50:26.260+0000] {processor.py:175} INFO - Processing /home/airflow/.local/lib/python3.7/site-packages/airflow/example_dags/example_local_kubernetes_executor.py took 0.139 seconds
[2024-06-14T21:50:56.316+0000] {processor.py:153} INFO - Started process (PID=96) to work on /home/airflow/.local/lib/python3.7/site-packages/airflow/example_dags/example_local_kubernetes_executor.py
[2024-06-14T21:50:56.317+0000] {processor.py:743} INFO - Processing file /home/airflow/.local/lib/python3.7/site-packages/airflow/example_dags/example_local_kubernetes_executor.py for tasks to queue
[2024-06-14T21:50:56.319+0000] {logging_mixin.py:137} INFO - [2024-06-14T21:50:56.319+0000] {dagbag.py:538} INFO - Filling up the DagBag from /home/airflow/.local/lib/python3.7/site-packages/airflow/example_dags/example_local_kubernetes_executor.py
[2024-06-14T21:50:56.337+0000] {processor.py:753} INFO - DAG(s) dict_keys(['example_local_kubernetes_executor']) retrieved from /home/airflow/.local/lib/python3.7/site-packages/airflow/example_dags/example_local_kubernetes_executor.py
[2024-06-14T21:50:56.363+0000] {logging_mixin.py:137} INFO - [2024-06-14T21:50:56.363+0000] {dag.py:2690} INFO - Sync 1 DAGs
[2024-06-14T21:50:56.382+0000] {logging_mixin.py:137} INFO - [2024-06-14T21:50:56.382+0000] {dag.py:3441} INFO - Setting next_dagrun for example_local_kubernetes_executor to None, run_after=None
[2024-06-14T21:50:56.397+0000] {processor.py:175} INFO - Processing /home/airflow/.local/lib/python3.7/site-packages/airflow/example_dags/example_local_kubernetes_executor.py took 0.084 seconds
[2024-06-14T21:51:27.006+0000] {processor.py:153} INFO - Started process (PID=146) to work on /home/airflow/.local/lib/python3.7/site-packages/airflow/example_dags/example_local_kubernetes_executor.py
[2024-06-14T21:51:27.008+0000] {processor.py:743} INFO - Processing file /home/airflow/.local/lib/python3.7/site-packages/airflow/example_dags/example_local_kubernetes_executor.py for tasks to queue
[2024-06-14T21:51:27.009+0000] {logging_mixin.py:137} INFO - [2024-06-14T21:51:27.009+0000] {dagbag.py:538} INFO - Filling up the DagBag from /home/airflow/.local/lib/python3.7/site-packages/airflow/example_dags/example_local_kubernetes_executor.py
[2024-06-14T21:51:27.026+0000] {processor.py:753} INFO - DAG(s) dict_keys(['example_local_kubernetes_executor']) retrieved from /home/airflow/.local/lib/python3.7/site-packages/airflow/example_dags/example_local_kubernetes_executor.py
[2024-06-14T21:51:27.048+0000] {logging_mixin.py:137} INFO - [2024-06-14T21:51:27.048+0000] {dag.py:2690} INFO - Sync 1 DAGs
[2024-06-14T21:51:27.066+0000] {logging_mixin.py:137} INFO - [2024-06-14T21:51:27.066+0000] {dag.py:3441} INFO - Setting next_dagrun for example_local_kubernetes_executor to None, run_after=None
[2024-06-14T21:51:27.079+0000] {processor.py:175} INFO - Processing /home/airflow/.local/lib/python3.7/site-packages/airflow/example_dags/example_local_kubernetes_executor.py took 0.076 seconds
[2024-06-14T21:51:57.471+0000] {processor.py:153} INFO - Started process (PID=196) to work on /home/airflow/.local/lib/python3.7/site-packages/airflow/example_dags/example_local_kubernetes_executor.py
[2024-06-14T21:51:57.473+0000] {processor.py:743} INFO - Processing file /home/airflow/.local/lib/python3.7/site-packages/airflow/example_dags/example_local_kubernetes_executor.py for tasks to queue
[2024-06-14T21:51:57.473+0000] {logging_mixin.py:137} INFO - [2024-06-14T21:51:57.473+0000] {dagbag.py:538} INFO - Filling up the DagBag from /home/airflow/.local/lib/python3.7/site-packages/airflow/example_dags/example_local_kubernetes_executor.py
[2024-06-14T21:51:57.490+0000] {processor.py:753} INFO - DAG(s) dict_keys(['example_local_kubernetes_executor']) retrieved from /home/airflow/.local/lib/python3.7/site-packages/airflow/example_dags/example_local_kubernetes_executor.py
[2024-06-14T21:51:57.513+0000] {logging_mixin.py:137} INFO - [2024-06-14T21:51:57.513+0000] {dag.py:2690} INFO - Sync 1 DAGs
[2024-06-14T21:51:57.529+0000] {logging_mixin.py:137} INFO - [2024-06-14T21:51:57.529+0000] {dag.py:3441} INFO - Setting next_dagrun for example_local_kubernetes_executor to None, run_after=None
[2024-06-14T21:51:57.542+0000] {processor.py:175} INFO - Processing /home/airflow/.local/lib/python3.7/site-packages/airflow/example_dags/example_local_kubernetes_executor.py took 0.074 seconds
[2024-06-14T21:52:28.097+0000] {processor.py:153} INFO - Started process (PID=246) to work on /home/airflow/.local/lib/python3.7/site-packages/airflow/example_dags/example_local_kubernetes_executor.py
[2024-06-14T21:52:28.099+0000] {processor.py:743} INFO - Processing file /home/airflow/.local/lib/python3.7/site-packages/airflow/example_dags/example_local_kubernetes_executor.py for tasks to queue
[2024-06-14T21:52:28.099+0000] {logging_mixin.py:137} INFO - [2024-06-14T21:52:28.099+0000] {dagbag.py:538} INFO - Filling up the DagBag from /home/airflow/.local/lib/python3.7/site-packages/airflow/example_dags/example_local_kubernetes_executor.py
[2024-06-14T21:52:28.116+0000] {processor.py:753} INFO - DAG(s) dict_keys(['example_local_kubernetes_executor']) retrieved from /home/airflow/.local/lib/python3.7/site-packages/airflow/example_dags/example_local_kubernetes_executor.py
[2024-06-14T21:52:28.141+0000] {logging_mixin.py:137} INFO - [2024-06-14T21:52:28.141+0000] {dag.py:2690} INFO - Sync 1 DAGs
[2024-06-14T21:52:28.159+0000] {logging_mixin.py:137} INFO - [2024-06-14T21:52:28.159+0000] {dag.py:3441} INFO - Setting next_dagrun for example_local_kubernetes_executor to None, run_after=None
[2024-06-14T21:52:28.172+0000] {processor.py:175} INFO - Processing /home/airflow/.local/lib/python3.7/site-packages/airflow/example_dags/example_local_kubernetes_executor.py took 0.078 seconds
[2024-06-14T21:52:58.653+0000] {processor.py:153} INFO - Started process (PID=295) to work on /home/airflow/.local/lib/python3.7/site-packages/airflow/example_dags/example_local_kubernetes_executor.py
[2024-06-14T21:52:58.656+0000] {processor.py:743} INFO - Processing file /home/airflow/.local/lib/python3.7/site-packages/airflow/example_dags/example_local_kubernetes_executor.py for tasks to queue
[2024-06-14T21:52:58.658+0000] {logging_mixin.py:137} INFO - [2024-06-14T21:52:58.658+0000] {dagbag.py:538} INFO - Filling up the DagBag from /home/airflow/.local/lib/python3.7/site-packages/airflow/example_dags/example_local_kubernetes_executor.py
[2024-06-14T21:52:58.679+0000] {processor.py:753} INFO - DAG(s) dict_keys(['example_local_kubernetes_executor']) retrieved from /home/airflow/.local/lib/python3.7/site-packages/airflow/example_dags/example_local_kubernetes_executor.py
[2024-06-14T21:52:58.703+0000] {logging_mixin.py:137} INFO - [2024-06-14T21:52:58.703+0000] {dag.py:2690} INFO - Sync 1 DAGs
[2024-06-14T21:52:58.740+0000] {logging_mixin.py:137} INFO - [2024-06-14T21:52:58.740+0000] {dag.py:3441} INFO - Setting next_dagrun for example_local_kubernetes_executor to None, run_after=None
[2024-06-14T21:52:58.753+0000] {processor.py:175} INFO - Processing /home/airflow/.local/lib/python3.7/site-packages/airflow/example_dags/example_local_kubernetes_executor.py took 0.103 seconds
[2024-06-14T21:53:29.185+0000] {processor.py:153} INFO - Started process (PID=345) to work on /home/airflow/.local/lib/python3.7/site-packages/airflow/example_dags/example_local_kubernetes_executor.py
[2024-06-14T21:53:29.187+0000] {processor.py:743} INFO - Processing file /home/airflow/.local/lib/python3.7/site-packages/airflow/example_dags/example_local_kubernetes_executor.py for tasks to queue
[2024-06-14T21:53:29.188+0000] {logging_mixin.py:137} INFO - [2024-06-14T21:53:29.188+0000] {dagbag.py:538} INFO - Filling up the DagBag from /home/airflow/.local/lib/python3.7/site-packages/airflow/example_dags/example_local_kubernetes_executor.py
[2024-06-14T21:53:29.211+0000] {processor.py:753} INFO - DAG(s) dict_keys(['example_local_kubernetes_executor']) retrieved from /home/airflow/.local/lib/python3.7/site-packages/airflow/example_dags/example_local_kubernetes_executor.py
[2024-06-14T21:53:29.239+0000] {logging_mixin.py:137} INFO - [2024-06-14T21:53:29.238+0000] {dag.py:2690} INFO - Sync 1 DAGs
[2024-06-14T21:53:29.257+0000] {logging_mixin.py:137} INFO - [2024-06-14T21:53:29.257+0000] {dag.py:3441} INFO - Setting next_dagrun for example_local_kubernetes_executor to None, run_after=None
[2024-06-14T21:53:29.271+0000] {processor.py:175} INFO - Processing /home/airflow/.local/lib/python3.7/site-packages/airflow/example_dags/example_local_kubernetes_executor.py took 0.088 seconds
[2024-06-14T21:53:59.837+0000] {processor.py:153} INFO - Started process (PID=395) to work on /home/airflow/.local/lib/python3.7/site-packages/airflow/example_dags/example_local_kubernetes_executor.py
[2024-06-14T21:53:59.838+0000] {processor.py:743} INFO - Processing file /home/airflow/.local/lib/python3.7/site-packages/airflow/example_dags/example_local_kubernetes_executor.py for tasks to queue
[2024-06-14T21:53:59.840+0000] {logging_mixin.py:137} INFO - [2024-06-14T21:53:59.839+0000] {dagbag.py:538} INFO - Filling up the DagBag from /home/airflow/.local/lib/python3.7/site-packages/airflow/example_dags/example_local_kubernetes_executor.py
[2024-06-14T21:53:59.860+0000] {processor.py:753} INFO - DAG(s) dict_keys(['example_local_kubernetes_executor']) retrieved from /home/airflow/.local/lib/python3.7/site-packages/airflow/example_dags/example_local_kubernetes_executor.py
[2024-06-14T21:53:59.888+0000] {logging_mixin.py:137} INFO - [2024-06-14T21:53:59.888+0000] {dag.py:2690} INFO - Sync 1 DAGs
[2024-06-14T21:53:59.913+0000] {logging_mixin.py:137} INFO - [2024-06-14T21:53:59.913+0000] {dag.py:3441} INFO - Setting next_dagrun for example_local_kubernetes_executor to None, run_after=None
[2024-06-14T21:53:59.930+0000] {processor.py:175} INFO - Processing /home/airflow/.local/lib/python3.7/site-packages/airflow/example_dags/example_local_kubernetes_executor.py took 0.096 seconds
[2024-06-14T21:54:30.693+0000] {processor.py:153} INFO - Started process (PID=445) to work on /home/airflow/.local/lib/python3.7/site-packages/airflow/example_dags/example_local_kubernetes_executor.py
[2024-06-14T21:54:30.694+0000] {processor.py:743} INFO - Processing file /home/airflow/.local/lib/python3.7/site-packages/airflow/example_dags/example_local_kubernetes_executor.py for tasks to queue
[2024-06-14T21:54:30.695+0000] {logging_mixin.py:137} INFO - [2024-06-14T21:54:30.695+0000] {dagbag.py:538} INFO - Filling up the DagBag from /home/airflow/.local/lib/python3.7/site-packages/airflow/example_dags/example_local_kubernetes_executor.py
[2024-06-14T21:54:30.713+0000] {processor.py:753} INFO - DAG(s) dict_keys(['example_local_kubernetes_executor']) retrieved from /home/airflow/.local/lib/python3.7/site-packages/airflow/example_dags/example_local_kubernetes_executor.py
[2024-06-14T21:54:30.736+0000] {logging_mixin.py:137} INFO - [2024-06-14T21:54:30.736+0000] {dag.py:2690} INFO - Sync 1 DAGs
[2024-06-14T21:54:30.753+0000] {logging_mixin.py:137} INFO - [2024-06-14T21:54:30.753+0000] {dag.py:3441} INFO - Setting next_dagrun for example_local_kubernetes_executor to None, run_after=None
[2024-06-14T21:54:30.766+0000] {processor.py:175} INFO - Processing /home/airflow/.local/lib/python3.7/site-packages/airflow/example_dags/example_local_kubernetes_executor.py took 0.077 seconds
[2024-06-14T21:55:01.201+0000] {processor.py:153} INFO - Started process (PID=495) to work on /home/airflow/.local/lib/python3.7/site-packages/airflow/example_dags/example_local_kubernetes_executor.py
[2024-06-14T21:55:01.205+0000] {processor.py:743} INFO - Processing file /home/airflow/.local/lib/python3.7/site-packages/airflow/example_dags/example_local_kubernetes_executor.py for tasks to queue
[2024-06-14T21:55:01.206+0000] {logging_mixin.py:137} INFO - [2024-06-14T21:55:01.205+0000] {dagbag.py:538} INFO - Filling up the DagBag from /home/airflow/.local/lib/python3.7/site-packages/airflow/example_dags/example_local_kubernetes_executor.py
[2024-06-14T21:55:01.236+0000] {processor.py:753} INFO - DAG(s) dict_keys(['example_local_kubernetes_executor']) retrieved from /home/airflow/.local/lib/python3.7/site-packages/airflow/example_dags/example_local_kubernetes_executor.py
[2024-06-14T21:55:01.265+0000] {logging_mixin.py:137} INFO - [2024-06-14T21:55:01.265+0000] {dag.py:2690} INFO - Sync 1 DAGs
[2024-06-14T21:55:01.284+0000] {logging_mixin.py:137} INFO - [2024-06-14T21:55:01.283+0000] {dag.py:3441} INFO - Setting next_dagrun for example_local_kubernetes_executor to None, run_after=None
[2024-06-14T21:55:01.297+0000] {processor.py:175} INFO - Processing /home/airflow/.local/lib/python3.7/site-packages/airflow/example_dags/example_local_kubernetes_executor.py took 0.099 seconds
[2024-06-14T21:55:31.866+0000] {processor.py:153} INFO - Started process (PID=545) to work on /home/airflow/.local/lib/python3.7/site-packages/airflow/example_dags/example_local_kubernetes_executor.py
[2024-06-14T21:55:31.867+0000] {processor.py:743} INFO - Processing file /home/airflow/.local/lib/python3.7/site-packages/airflow/example_dags/example_local_kubernetes_executor.py for tasks to queue
[2024-06-14T21:55:31.869+0000] {logging_mixin.py:137} INFO - [2024-06-14T21:55:31.869+0000] {dagbag.py:538} INFO - Filling up the DagBag from /home/airflow/.local/lib/python3.7/site-packages/airflow/example_dags/example_local_kubernetes_executor.py
[2024-06-14T21:55:31.886+0000] {processor.py:753} INFO - DAG(s) dict_keys(['example_local_kubernetes_executor']) retrieved from /home/airflow/.local/lib/python3.7/site-packages/airflow/example_dags/example_local_kubernetes_executor.py
[2024-06-14T21:55:31.915+0000] {logging_mixin.py:137} INFO - [2024-06-14T21:55:31.915+0000] {dag.py:2690} INFO - Sync 1 DAGs
[2024-06-14T21:55:31.932+0000] {logging_mixin.py:137} INFO - [2024-06-14T21:55:31.932+0000] {dag.py:3441} INFO - Setting next_dagrun for example_local_kubernetes_executor to None, run_after=None
[2024-06-14T21:55:31.946+0000] {processor.py:175} INFO - Processing /home/airflow/.local/lib/python3.7/site-packages/airflow/example_dags/example_local_kubernetes_executor.py took 0.083 seconds
[2024-06-14T21:56:02.715+0000] {processor.py:153} INFO - Started process (PID=595) to work on /home/airflow/.local/lib/python3.7/site-packages/airflow/example_dags/example_local_kubernetes_executor.py
[2024-06-14T21:56:02.716+0000] {processor.py:743} INFO - Processing file /home/airflow/.local/lib/python3.7/site-packages/airflow/example_dags/example_local_kubernetes_executor.py for tasks to queue
[2024-06-14T21:56:02.717+0000] {logging_mixin.py:137} INFO - [2024-06-14T21:56:02.716+0000] {dagbag.py:538} INFO - Filling up the DagBag from /home/airflow/.local/lib/python3.7/site-packages/airflow/example_dags/example_local_kubernetes_executor.py
[2024-06-14T21:56:02.735+0000] {processor.py:753} INFO - DAG(s) dict_keys(['example_local_kubernetes_executor']) retrieved from /home/airflow/.local/lib/python3.7/site-packages/airflow/example_dags/example_local_kubernetes_executor.py
[2024-06-14T21:56:02.759+0000] {logging_mixin.py:137} INFO - [2024-06-14T21:56:02.759+0000] {dag.py:2690} INFO - Sync 1 DAGs
[2024-06-14T21:56:02.778+0000] {logging_mixin.py:137} INFO - [2024-06-14T21:56:02.778+0000] {dag.py:3441} INFO - Setting next_dagrun for example_local_kubernetes_executor to None, run_after=None
[2024-06-14T21:56:02.792+0000] {processor.py:175} INFO - Processing /home/airflow/.local/lib/python3.7/site-packages/airflow/example_dags/example_local_kubernetes_executor.py took 0.080 seconds
[2024-06-14T21:56:33.534+0000] {processor.py:153} INFO - Started process (PID=646) to work on /home/airflow/.local/lib/python3.7/site-packages/airflow/example_dags/example_local_kubernetes_executor.py
[2024-06-14T21:56:33.536+0000] {processor.py:743} INFO - Processing file /home/airflow/.local/lib/python3.7/site-packages/airflow/example_dags/example_local_kubernetes_executor.py for tasks to queue
[2024-06-14T21:56:33.536+0000] {logging_mixin.py:137} INFO - [2024-06-14T21:56:33.536+0000] {dagbag.py:538} INFO - Filling up the DagBag from /home/airflow/.local/lib/python3.7/site-packages/airflow/example_dags/example_local_kubernetes_executor.py
[2024-06-14T21:56:33.554+0000] {processor.py:753} INFO - DAG(s) dict_keys(['example_local_kubernetes_executor']) retrieved from /home/airflow/.local/lib/python3.7/site-packages/airflow/example_dags/example_local_kubernetes_executor.py
[2024-06-14T21:56:33.581+0000] {logging_mixin.py:137} INFO - [2024-06-14T21:56:33.581+0000] {dag.py:2690} INFO - Sync 1 DAGs
[2024-06-14T21:56:33.598+0000] {logging_mixin.py:137} INFO - [2024-06-14T21:56:33.598+0000] {dag.py:3441} INFO - Setting next_dagrun for example_local_kubernetes_executor to None, run_after=None
[2024-06-14T21:56:33.614+0000] {processor.py:175} INFO - Processing /home/airflow/.local/lib/python3.7/site-packages/airflow/example_dags/example_local_kubernetes_executor.py took 0.082 seconds
[2024-06-14T21:57:04.157+0000] {processor.py:153} INFO - Started process (PID=695) to work on /home/airflow/.local/lib/python3.7/site-packages/airflow/example_dags/example_local_kubernetes_executor.py
[2024-06-14T21:57:04.158+0000] {processor.py:743} INFO - Processing file /home/airflow/.local/lib/python3.7/site-packages/airflow/example_dags/example_local_kubernetes_executor.py for tasks to queue
[2024-06-14T21:57:04.159+0000] {logging_mixin.py:137} INFO - [2024-06-14T21:57:04.159+0000] {dagbag.py:538} INFO - Filling up the DagBag from /home/airflow/.local/lib/python3.7/site-packages/airflow/example_dags/example_local_kubernetes_executor.py
[2024-06-14T21:57:04.178+0000] {processor.py:753} INFO - DAG(s) dict_keys(['example_local_kubernetes_executor']) retrieved from /home/airflow/.local/lib/python3.7/site-packages/airflow/example_dags/example_local_kubernetes_executor.py
[2024-06-14T21:57:04.202+0000] {logging_mixin.py:137} INFO - [2024-06-14T21:57:04.202+0000] {dag.py:2690} INFO - Sync 1 DAGs
[2024-06-14T21:57:04.219+0000] {logging_mixin.py:137} INFO - [2024-06-14T21:57:04.218+0000] {dag.py:3441} INFO - Setting next_dagrun for example_local_kubernetes_executor to None, run_after=None
[2024-06-14T21:57:04.231+0000] {processor.py:175} INFO - Processing /home/airflow/.local/lib/python3.7/site-packages/airflow/example_dags/example_local_kubernetes_executor.py took 0.077 seconds
[2024-06-14T21:57:34.519+0000] {processor.py:153} INFO - Started process (PID=745) to work on /home/airflow/.local/lib/python3.7/site-packages/airflow/example_dags/example_local_kubernetes_executor.py
[2024-06-14T21:57:34.520+0000] {processor.py:743} INFO - Processing file /home/airflow/.local/lib/python3.7/site-packages/airflow/example_dags/example_local_kubernetes_executor.py for tasks to queue
[2024-06-14T21:57:34.521+0000] {logging_mixin.py:137} INFO - [2024-06-14T21:57:34.521+0000] {dagbag.py:538} INFO - Filling up the DagBag from /home/airflow/.local/lib/python3.7/site-packages/airflow/example_dags/example_local_kubernetes_executor.py
[2024-06-14T21:57:34.538+0000] {processor.py:753} INFO - DAG(s) dict_keys(['example_local_kubernetes_executor']) retrieved from /home/airflow/.local/lib/python3.7/site-packages/airflow/example_dags/example_local_kubernetes_executor.py
[2024-06-14T21:57:34.562+0000] {logging_mixin.py:137} INFO - [2024-06-14T21:57:34.562+0000] {dag.py:2690} INFO - Sync 1 DAGs
[2024-06-14T21:57:34.579+0000] {logging_mixin.py:137} INFO - [2024-06-14T21:57:34.579+0000] {dag.py:3441} INFO - Setting next_dagrun for example_local_kubernetes_executor to None, run_after=None
[2024-06-14T21:57:34.591+0000] {processor.py:175} INFO - Processing /home/airflow/.local/lib/python3.7/site-packages/airflow/example_dags/example_local_kubernetes_executor.py took 0.075 seconds
[2024-06-14T21:58:05.101+0000] {processor.py:153} INFO - Started process (PID=795) to work on /home/airflow/.local/lib/python3.7/site-packages/airflow/example_dags/example_local_kubernetes_executor.py
[2024-06-14T21:58:05.102+0000] {processor.py:743} INFO - Processing file /home/airflow/.local/lib/python3.7/site-packages/airflow/example_dags/example_local_kubernetes_executor.py for tasks to queue
[2024-06-14T21:58:05.103+0000] {logging_mixin.py:137} INFO - [2024-06-14T21:58:05.103+0000] {dagbag.py:538} INFO - Filling up the DagBag from /home/airflow/.local/lib/python3.7/site-packages/airflow/example_dags/example_local_kubernetes_executor.py
[2024-06-14T21:58:05.121+0000] {processor.py:753} INFO - DAG(s) dict_keys(['example_local_kubernetes_executor']) retrieved from /home/airflow/.local/lib/python3.7/site-packages/airflow/example_dags/example_local_kubernetes_executor.py
[2024-06-14T21:58:05.144+0000] {logging_mixin.py:137} INFO - [2024-06-14T21:58:05.144+0000] {dag.py:2690} INFO - Sync 1 DAGs
[2024-06-14T21:58:05.160+0000] {logging_mixin.py:137} INFO - [2024-06-14T21:58:05.160+0000] {dag.py:3441} INFO - Setting next_dagrun for example_local_kubernetes_executor to None, run_after=None
[2024-06-14T21:58:05.172+0000] {processor.py:175} INFO - Processing /home/airflow/.local/lib/python3.7/site-packages/airflow/example_dags/example_local_kubernetes_executor.py took 0.074 seconds
[2024-06-14T21:58:35.776+0000] {processor.py:153} INFO - Started process (PID=845) to work on /home/airflow/.local/lib/python3.7/site-packages/airflow/example_dags/example_local_kubernetes_executor.py
[2024-06-14T21:58:35.778+0000] {processor.py:743} INFO - Processing file /home/airflow/.local/lib/python3.7/site-packages/airflow/example_dags/example_local_kubernetes_executor.py for tasks to queue
[2024-06-14T21:58:35.779+0000] {logging_mixin.py:137} INFO - [2024-06-14T21:58:35.778+0000] {dagbag.py:538} INFO - Filling up the DagBag from /home/airflow/.local/lib/python3.7/site-packages/airflow/example_dags/example_local_kubernetes_executor.py
[2024-06-14T21:58:35.796+0000] {processor.py:753} INFO - DAG(s) dict_keys(['example_local_kubernetes_executor']) retrieved from /home/airflow/.local/lib/python3.7/site-packages/airflow/example_dags/example_local_kubernetes_executor.py
[2024-06-14T21:58:35.821+0000] {logging_mixin.py:137} INFO - [2024-06-14T21:58:35.820+0000] {dag.py:2690} INFO - Sync 1 DAGs
[2024-06-14T21:58:35.837+0000] {logging_mixin.py:137} INFO - [2024-06-14T21:58:35.837+0000] {dag.py:3441} INFO - Setting next_dagrun for example_local_kubernetes_executor to None, run_after=None
[2024-06-14T21:58:35.850+0000] {processor.py:175} INFO - Processing /home/airflow/.local/lib/python3.7/site-packages/airflow/example_dags/example_local_kubernetes_executor.py took 0.077 seconds
[2024-06-14T21:59:06.214+0000] {processor.py:153} INFO - Started process (PID=895) to work on /home/airflow/.local/lib/python3.7/site-packages/airflow/example_dags/example_local_kubernetes_executor.py
[2024-06-14T21:59:06.215+0000] {processor.py:743} INFO - Processing file /home/airflow/.local/lib/python3.7/site-packages/airflow/example_dags/example_local_kubernetes_executor.py for tasks to queue
[2024-06-14T21:59:06.216+0000] {logging_mixin.py:137} INFO - [2024-06-14T21:59:06.216+0000] {dagbag.py:538} INFO - Filling up the DagBag from /home/airflow/.local/lib/python3.7/site-packages/airflow/example_dags/example_local_kubernetes_executor.py
[2024-06-14T21:59:06.233+0000] {processor.py:753} INFO - DAG(s) dict_keys(['example_local_kubernetes_executor']) retrieved from /home/airflow/.local/lib/python3.7/site-packages/airflow/example_dags/example_local_kubernetes_executor.py
[2024-06-14T21:59:06.256+0000] {logging_mixin.py:137} INFO - [2024-06-14T21:59:06.256+0000] {dag.py:2690} INFO - Sync 1 DAGs
[2024-06-14T21:59:06.272+0000] {logging_mixin.py:137} INFO - [2024-06-14T21:59:06.272+0000] {dag.py:3441} INFO - Setting next_dagrun for example_local_kubernetes_executor to None, run_after=None
[2024-06-14T21:59:06.285+0000] {processor.py:175} INFO - Processing /home/airflow/.local/lib/python3.7/site-packages/airflow/example_dags/example_local_kubernetes_executor.py took 0.074 seconds
[2024-06-14T21:59:36.764+0000] {processor.py:153} INFO - Started process (PID=945) to work on /home/airflow/.local/lib/python3.7/site-packages/airflow/example_dags/example_local_kubernetes_executor.py
[2024-06-14T21:59:36.765+0000] {processor.py:743} INFO - Processing file /home/airflow/.local/lib/python3.7/site-packages/airflow/example_dags/example_local_kubernetes_executor.py for tasks to queue
[2024-06-14T21:59:36.766+0000] {logging_mixin.py:137} INFO - [2024-06-14T21:59:36.766+0000] {dagbag.py:538} INFO - Filling up the DagBag from /home/airflow/.local/lib/python3.7/site-packages/airflow/example_dags/example_local_kubernetes_executor.py
[2024-06-14T21:59:36.784+0000] {processor.py:753} INFO - DAG(s) dict_keys(['example_local_kubernetes_executor']) retrieved from /home/airflow/.local/lib/python3.7/site-packages/airflow/example_dags/example_local_kubernetes_executor.py
[2024-06-14T21:59:36.807+0000] {logging_mixin.py:137} INFO - [2024-06-14T21:59:36.807+0000] {dag.py:2690} INFO - Sync 1 DAGs
[2024-06-14T21:59:36.825+0000] {logging_mixin.py:137} INFO - [2024-06-14T21:59:36.824+0000] {dag.py:3441} INFO - Setting next_dagrun for example_local_kubernetes_executor to None, run_after=None
[2024-06-14T21:59:36.837+0000] {processor.py:175} INFO - Processing /home/airflow/.local/lib/python3.7/site-packages/airflow/example_dags/example_local_kubernetes_executor.py took 0.076 seconds
[2024-06-14T22:00:07.292+0000] {processor.py:153} INFO - Started process (PID=995) to work on /home/airflow/.local/lib/python3.7/site-packages/airflow/example_dags/example_local_kubernetes_executor.py
[2024-06-14T22:00:07.294+0000] {processor.py:743} INFO - Processing file /home/airflow/.local/lib/python3.7/site-packages/airflow/example_dags/example_local_kubernetes_executor.py for tasks to queue
[2024-06-14T22:00:07.295+0000] {logging_mixin.py:137} INFO - [2024-06-14T22:00:07.295+0000] {dagbag.py:538} INFO - Filling up the DagBag from /home/airflow/.local/lib/python3.7/site-packages/airflow/example_dags/example_local_kubernetes_executor.py
[2024-06-14T22:00:07.312+0000] {processor.py:753} INFO - DAG(s) dict_keys(['example_local_kubernetes_executor']) retrieved from /home/airflow/.local/lib/python3.7/site-packages/airflow/example_dags/example_local_kubernetes_executor.py
[2024-06-14T22:00:07.336+0000] {logging_mixin.py:137} INFO - [2024-06-14T22:00:07.336+0000] {dag.py:2690} INFO - Sync 1 DAGs
[2024-06-14T22:00:07.353+0000] {logging_mixin.py:137} INFO - [2024-06-14T22:00:07.353+0000] {dag.py:3441} INFO - Setting next_dagrun for example_local_kubernetes_executor to None, run_after=None
[2024-06-14T22:00:07.365+0000] {processor.py:175} INFO - Processing /home/airflow/.local/lib/python3.7/site-packages/airflow/example_dags/example_local_kubernetes_executor.py took 0.076 seconds
[2024-06-14T22:00:37.757+0000] {processor.py:153} INFO - Started process (PID=1045) to work on /home/airflow/.local/lib/python3.7/site-packages/airflow/example_dags/example_local_kubernetes_executor.py
[2024-06-14T22:00:37.758+0000] {processor.py:743} INFO - Processing file /home/airflow/.local/lib/python3.7/site-packages/airflow/example_dags/example_local_kubernetes_executor.py for tasks to queue
[2024-06-14T22:00:37.759+0000] {logging_mixin.py:137} INFO - [2024-06-14T22:00:37.759+0000] {dagbag.py:538} INFO - Filling up the DagBag from /home/airflow/.local/lib/python3.7/site-packages/airflow/example_dags/example_local_kubernetes_executor.py
[2024-06-14T22:00:37.777+0000] {processor.py:753} INFO - DAG(s) dict_keys(['example_local_kubernetes_executor']) retrieved from /home/airflow/.local/lib/python3.7/site-packages/airflow/example_dags/example_local_kubernetes_executor.py
[2024-06-14T22:00:37.802+0000] {logging_mixin.py:137} INFO - [2024-06-14T22:00:37.801+0000] {dag.py:2690} INFO - Sync 1 DAGs
[2024-06-14T22:00:37.818+0000] {logging_mixin.py:137} INFO - [2024-06-14T22:00:37.818+0000] {dag.py:3441} INFO - Setting next_dagrun for example_local_kubernetes_executor to None, run_after=None
[2024-06-14T22:00:37.831+0000] {processor.py:175} INFO - Processing /home/airflow/.local/lib/python3.7/site-packages/airflow/example_dags/example_local_kubernetes_executor.py took 0.077 seconds
[2024-06-14T22:01:08.303+0000] {processor.py:153} INFO - Started process (PID=1094) to work on /home/airflow/.local/lib/python3.7/site-packages/airflow/example_dags/example_local_kubernetes_executor.py
[2024-06-14T22:01:08.305+0000] {processor.py:743} INFO - Processing file /home/airflow/.local/lib/python3.7/site-packages/airflow/example_dags/example_local_kubernetes_executor.py for tasks to queue
[2024-06-14T22:01:08.306+0000] {logging_mixin.py:137} INFO - [2024-06-14T22:01:08.306+0000] {dagbag.py:538} INFO - Filling up the DagBag from /home/airflow/.local/lib/python3.7/site-packages/airflow/example_dags/example_local_kubernetes_executor.py
[2024-06-14T22:01:08.323+0000] {processor.py:753} INFO - DAG(s) dict_keys(['example_local_kubernetes_executor']) retrieved from /home/airflow/.local/lib/python3.7/site-packages/airflow/example_dags/example_local_kubernetes_executor.py
[2024-06-14T22:01:08.348+0000] {logging_mixin.py:137} INFO - [2024-06-14T22:01:08.348+0000] {dag.py:2690} INFO - Sync 1 DAGs
[2024-06-14T22:01:08.366+0000] {logging_mixin.py:137} INFO - [2024-06-14T22:01:08.366+0000] {dag.py:3441} INFO - Setting next_dagrun for example_local_kubernetes_executor to None, run_after=None
[2024-06-14T22:01:08.378+0000] {processor.py:175} INFO - Processing /home/airflow/.local/lib/python3.7/site-packages/airflow/example_dags/example_local_kubernetes_executor.py took 0.078 seconds
[2024-06-14T22:01:38.748+0000] {processor.py:153} INFO - Started process (PID=1144) to work on /home/airflow/.local/lib/python3.7/site-packages/airflow/example_dags/example_local_kubernetes_executor.py
[2024-06-14T22:01:38.750+0000] {processor.py:743} INFO - Processing file /home/airflow/.local/lib/python3.7/site-packages/airflow/example_dags/example_local_kubernetes_executor.py for tasks to queue
[2024-06-14T22:01:38.751+0000] {logging_mixin.py:137} INFO - [2024-06-14T22:01:38.750+0000] {dagbag.py:538} INFO - Filling up the DagBag from /home/airflow/.local/lib/python3.7/site-packages/airflow/example_dags/example_local_kubernetes_executor.py
[2024-06-14T22:01:38.768+0000] {processor.py:753} INFO - DAG(s) dict_keys(['example_local_kubernetes_executor']) retrieved from /home/airflow/.local/lib/python3.7/site-packages/airflow/example_dags/example_local_kubernetes_executor.py
[2024-06-14T22:01:38.793+0000] {logging_mixin.py:137} INFO - [2024-06-14T22:01:38.793+0000] {dag.py:2690} INFO - Sync 1 DAGs
[2024-06-14T22:01:38.811+0000] {logging_mixin.py:137} INFO - [2024-06-14T22:01:38.811+0000] {dag.py:3441} INFO - Setting next_dagrun for example_local_kubernetes_executor to None, run_after=None
[2024-06-14T22:01:38.824+0000] {processor.py:175} INFO - Processing /home/airflow/.local/lib/python3.7/site-packages/airflow/example_dags/example_local_kubernetes_executor.py took 0.080 seconds
[2024-06-14T22:02:09.190+0000] {processor.py:153} INFO - Started process (PID=1194) to work on /home/airflow/.local/lib/python3.7/site-packages/airflow/example_dags/example_local_kubernetes_executor.py
[2024-06-14T22:02:09.192+0000] {processor.py:743} INFO - Processing file /home/airflow/.local/lib/python3.7/site-packages/airflow/example_dags/example_local_kubernetes_executor.py for tasks to queue
[2024-06-14T22:02:09.192+0000] {logging_mixin.py:137} INFO - [2024-06-14T22:02:09.192+0000] {dagbag.py:538} INFO - Filling up the DagBag from /home/airflow/.local/lib/python3.7/site-packages/airflow/example_dags/example_local_kubernetes_executor.py
[2024-06-14T22:02:09.211+0000] {processor.py:753} INFO - DAG(s) dict_keys(['example_local_kubernetes_executor']) retrieved from /home/airflow/.local/lib/python3.7/site-packages/airflow/example_dags/example_local_kubernetes_executor.py
[2024-06-14T22:02:09.234+0000] {logging_mixin.py:137} INFO - [2024-06-14T22:02:09.234+0000] {dag.py:2690} INFO - Sync 1 DAGs
[2024-06-14T22:02:09.250+0000] {logging_mixin.py:137} INFO - [2024-06-14T22:02:09.250+0000] {dag.py:3441} INFO - Setting next_dagrun for example_local_kubernetes_executor to None, run_after=None
[2024-06-14T22:02:09.262+0000] {processor.py:175} INFO - Processing /home/airflow/.local/lib/python3.7/site-packages/airflow/example_dags/example_local_kubernetes_executor.py took 0.075 seconds
[2024-06-14T22:02:39.907+0000] {processor.py:153} INFO - Started process (PID=1244) to work on /home/airflow/.local/lib/python3.7/site-packages/airflow/example_dags/example_local_kubernetes_executor.py
[2024-06-14T22:02:39.908+0000] {processor.py:743} INFO - Processing file /home/airflow/.local/lib/python3.7/site-packages/airflow/example_dags/example_local_kubernetes_executor.py for tasks to queue
[2024-06-14T22:02:39.909+0000] {logging_mixin.py:137} INFO - [2024-06-14T22:02:39.909+0000] {dagbag.py:538} INFO - Filling up the DagBag from /home/airflow/.local/lib/python3.7/site-packages/airflow/example_dags/example_local_kubernetes_executor.py
[2024-06-14T22:02:39.927+0000] {processor.py:753} INFO - DAG(s) dict_keys(['example_local_kubernetes_executor']) retrieved from /home/airflow/.local/lib/python3.7/site-packages/airflow/example_dags/example_local_kubernetes_executor.py
[2024-06-14T22:02:39.952+0000] {logging_mixin.py:137} INFO - [2024-06-14T22:02:39.952+0000] {dag.py:2690} INFO - Sync 1 DAGs
[2024-06-14T22:02:39.969+0000] {logging_mixin.py:137} INFO - [2024-06-14T22:02:39.969+0000] {dag.py:3441} INFO - Setting next_dagrun for example_local_kubernetes_executor to None, run_after=None
[2024-06-14T22:02:39.982+0000] {processor.py:175} INFO - Processing /home/airflow/.local/lib/python3.7/site-packages/airflow/example_dags/example_local_kubernetes_executor.py took 0.078 seconds
[2024-06-14T22:03:10.531+0000] {processor.py:153} INFO - Started process (PID=1294) to work on /home/airflow/.local/lib/python3.7/site-packages/airflow/example_dags/example_local_kubernetes_executor.py
[2024-06-14T22:03:10.532+0000] {processor.py:743} INFO - Processing file /home/airflow/.local/lib/python3.7/site-packages/airflow/example_dags/example_local_kubernetes_executor.py for tasks to queue
[2024-06-14T22:03:10.534+0000] {logging_mixin.py:137} INFO - [2024-06-14T22:03:10.534+0000] {dagbag.py:538} INFO - Filling up the DagBag from /home/airflow/.local/lib/python3.7/site-packages/airflow/example_dags/example_local_kubernetes_executor.py
[2024-06-14T22:03:10.551+0000] {processor.py:753} INFO - DAG(s) dict_keys(['example_local_kubernetes_executor']) retrieved from /home/airflow/.local/lib/python3.7/site-packages/airflow/example_dags/example_local_kubernetes_executor.py
[2024-06-14T22:03:10.574+0000] {logging_mixin.py:137} INFO - [2024-06-14T22:03:10.574+0000] {dag.py:2690} INFO - Sync 1 DAGs
[2024-06-14T22:03:10.592+0000] {logging_mixin.py:137} INFO - [2024-06-14T22:03:10.592+0000] {dag.py:3441} INFO - Setting next_dagrun for example_local_kubernetes_executor to None, run_after=None
[2024-06-14T22:03:10.605+0000] {processor.py:175} INFO - Processing /home/airflow/.local/lib/python3.7/site-packages/airflow/example_dags/example_local_kubernetes_executor.py took 0.077 seconds
[2024-06-14T22:03:40.999+0000] {processor.py:153} INFO - Started process (PID=1344) to work on /home/airflow/.local/lib/python3.7/site-packages/airflow/example_dags/example_local_kubernetes_executor.py
[2024-06-14T22:03:41.000+0000] {processor.py:743} INFO - Processing file /home/airflow/.local/lib/python3.7/site-packages/airflow/example_dags/example_local_kubernetes_executor.py for tasks to queue
[2024-06-14T22:03:41.001+0000] {logging_mixin.py:137} INFO - [2024-06-14T22:03:41.001+0000] {dagbag.py:538} INFO - Filling up the DagBag from /home/airflow/.local/lib/python3.7/site-packages/airflow/example_dags/example_local_kubernetes_executor.py
[2024-06-14T22:03:41.019+0000] {processor.py:753} INFO - DAG(s) dict_keys(['example_local_kubernetes_executor']) retrieved from /home/airflow/.local/lib/python3.7/site-packages/airflow/example_dags/example_local_kubernetes_executor.py
[2024-06-14T22:03:41.044+0000] {logging_mixin.py:137} INFO - [2024-06-14T22:03:41.043+0000] {dag.py:2690} INFO - Sync 1 DAGs
[2024-06-14T22:03:41.060+0000] {logging_mixin.py:137} INFO - [2024-06-14T22:03:41.060+0000] {dag.py:3441} INFO - Setting next_dagrun for example_local_kubernetes_executor to None, run_after=None
[2024-06-14T22:03:41.072+0000] {processor.py:175} INFO - Processing /home/airflow/.local/lib/python3.7/site-packages/airflow/example_dags/example_local_kubernetes_executor.py took 0.076 seconds
[2024-06-14T22:04:11.411+0000] {processor.py:153} INFO - Started process (PID=1394) to work on /home/airflow/.local/lib/python3.7/site-packages/airflow/example_dags/example_local_kubernetes_executor.py
[2024-06-14T22:04:11.413+0000] {processor.py:743} INFO - Processing file /home/airflow/.local/lib/python3.7/site-packages/airflow/example_dags/example_local_kubernetes_executor.py for tasks to queue
[2024-06-14T22:04:11.414+0000] {logging_mixin.py:137} INFO - [2024-06-14T22:04:11.414+0000] {dagbag.py:538} INFO - Filling up the DagBag from /home/airflow/.local/lib/python3.7/site-packages/airflow/example_dags/example_local_kubernetes_executor.py
[2024-06-14T22:04:11.432+0000] {processor.py:753} INFO - DAG(s) dict_keys(['example_local_kubernetes_executor']) retrieved from /home/airflow/.local/lib/python3.7/site-packages/airflow/example_dags/example_local_kubernetes_executor.py
[2024-06-14T22:04:11.455+0000] {logging_mixin.py:137} INFO - [2024-06-14T22:04:11.455+0000] {dag.py:2690} INFO - Sync 1 DAGs
[2024-06-14T22:04:11.472+0000] {logging_mixin.py:137} INFO - [2024-06-14T22:04:11.472+0000] {dag.py:3441} INFO - Setting next_dagrun for example_local_kubernetes_executor to None, run_after=None
[2024-06-14T22:04:11.484+0000] {processor.py:175} INFO - Processing /home/airflow/.local/lib/python3.7/site-packages/airflow/example_dags/example_local_kubernetes_executor.py took 0.076 seconds
[2024-06-14T22:04:41.976+0000] {processor.py:153} INFO - Started process (PID=1443) to work on /home/airflow/.local/lib/python3.7/site-packages/airflow/example_dags/example_local_kubernetes_executor.py
[2024-06-14T22:04:41.978+0000] {processor.py:743} INFO - Processing file /home/airflow/.local/lib/python3.7/site-packages/airflow/example_dags/example_local_kubernetes_executor.py for tasks to queue
[2024-06-14T22:04:41.979+0000] {logging_mixin.py:137} INFO - [2024-06-14T22:04:41.979+0000] {dagbag.py:538} INFO - Filling up the DagBag from /home/airflow/.local/lib/python3.7/site-packages/airflow/example_dags/example_local_kubernetes_executor.py
[2024-06-14T22:04:41.996+0000] {processor.py:753} INFO - DAG(s) dict_keys(['example_local_kubernetes_executor']) retrieved from /home/airflow/.local/lib/python3.7/site-packages/airflow/example_dags/example_local_kubernetes_executor.py
[2024-06-14T22:04:42.020+0000] {logging_mixin.py:137} INFO - [2024-06-14T22:04:42.020+0000] {dag.py:2690} INFO - Sync 1 DAGs
[2024-06-14T22:04:42.037+0000] {logging_mixin.py:137} INFO - [2024-06-14T22:04:42.037+0000] {dag.py:3441} INFO - Setting next_dagrun for example_local_kubernetes_executor to None, run_after=None
[2024-06-14T22:04:42.048+0000] {processor.py:175} INFO - Processing /home/airflow/.local/lib/python3.7/site-packages/airflow/example_dags/example_local_kubernetes_executor.py took 0.075 seconds
[2024-06-14T22:05:12.593+0000] {processor.py:153} INFO - Started process (PID=1492) to work on /home/airflow/.local/lib/python3.7/site-packages/airflow/example_dags/example_local_kubernetes_executor.py
[2024-06-14T22:05:12.595+0000] {processor.py:743} INFO - Processing file /home/airflow/.local/lib/python3.7/site-packages/airflow/example_dags/example_local_kubernetes_executor.py for tasks to queue
[2024-06-14T22:05:12.596+0000] {logging_mixin.py:137} INFO - [2024-06-14T22:05:12.596+0000] {dagbag.py:538} INFO - Filling up the DagBag from /home/airflow/.local/lib/python3.7/site-packages/airflow/example_dags/example_local_kubernetes_executor.py
[2024-06-14T22:05:12.613+0000] {processor.py:753} INFO - DAG(s) dict_keys(['example_local_kubernetes_executor']) retrieved from /home/airflow/.local/lib/python3.7/site-packages/airflow/example_dags/example_local_kubernetes_executor.py
[2024-06-14T22:05:12.637+0000] {logging_mixin.py:137} INFO - [2024-06-14T22:05:12.637+0000] {dag.py:2690} INFO - Sync 1 DAGs
[2024-06-14T22:05:12.654+0000] {logging_mixin.py:137} INFO - [2024-06-14T22:05:12.654+0000] {dag.py:3441} INFO - Setting next_dagrun for example_local_kubernetes_executor to None, run_after=None
[2024-06-14T22:05:12.666+0000] {processor.py:175} INFO - Processing /home/airflow/.local/lib/python3.7/site-packages/airflow/example_dags/example_local_kubernetes_executor.py took 0.076 seconds
[2024-06-14T22:05:43.200+0000] {processor.py:153} INFO - Started process (PID=1542) to work on /home/airflow/.local/lib/python3.7/site-packages/airflow/example_dags/example_local_kubernetes_executor.py
[2024-06-14T22:05:43.201+0000] {processor.py:743} INFO - Processing file /home/airflow/.local/lib/python3.7/site-packages/airflow/example_dags/example_local_kubernetes_executor.py for tasks to queue
[2024-06-14T22:05:43.202+0000] {logging_mixin.py:137} INFO - [2024-06-14T22:05:43.202+0000] {dagbag.py:538} INFO - Filling up the DagBag from /home/airflow/.local/lib/python3.7/site-packages/airflow/example_dags/example_local_kubernetes_executor.py
[2024-06-14T22:05:43.220+0000] {processor.py:753} INFO - DAG(s) dict_keys(['example_local_kubernetes_executor']) retrieved from /home/airflow/.local/lib/python3.7/site-packages/airflow/example_dags/example_local_kubernetes_executor.py
[2024-06-14T22:05:43.244+0000] {logging_mixin.py:137} INFO - [2024-06-14T22:05:43.244+0000] {dag.py:2690} INFO - Sync 1 DAGs
[2024-06-14T22:05:43.260+0000] {logging_mixin.py:137} INFO - [2024-06-14T22:05:43.260+0000] {dag.py:3441} INFO - Setting next_dagrun for example_local_kubernetes_executor to None, run_after=None
[2024-06-14T22:05:43.273+0000] {processor.py:175} INFO - Processing /home/airflow/.local/lib/python3.7/site-packages/airflow/example_dags/example_local_kubernetes_executor.py took 0.076 seconds
[2024-06-14T22:06:13.796+0000] {processor.py:153} INFO - Started process (PID=1592) to work on /home/airflow/.local/lib/python3.7/site-packages/airflow/example_dags/example_local_kubernetes_executor.py
[2024-06-14T22:06:13.797+0000] {processor.py:743} INFO - Processing file /home/airflow/.local/lib/python3.7/site-packages/airflow/example_dags/example_local_kubernetes_executor.py for tasks to queue
[2024-06-14T22:06:13.798+0000] {logging_mixin.py:137} INFO - [2024-06-14T22:06:13.798+0000] {dagbag.py:538} INFO - Filling up the DagBag from /home/airflow/.local/lib/python3.7/site-packages/airflow/example_dags/example_local_kubernetes_executor.py
[2024-06-14T22:06:13.816+0000] {processor.py:753} INFO - DAG(s) dict_keys(['example_local_kubernetes_executor']) retrieved from /home/airflow/.local/lib/python3.7/site-packages/airflow/example_dags/example_local_kubernetes_executor.py
[2024-06-14T22:06:13.841+0000] {logging_mixin.py:137} INFO - [2024-06-14T22:06:13.841+0000] {dag.py:2690} INFO - Sync 1 DAGs
[2024-06-14T22:06:13.860+0000] {logging_mixin.py:137} INFO - [2024-06-14T22:06:13.860+0000] {dag.py:3441} INFO - Setting next_dagrun for example_local_kubernetes_executor to None, run_after=None
[2024-06-14T22:06:13.878+0000] {processor.py:175} INFO - Processing /home/airflow/.local/lib/python3.7/site-packages/airflow/example_dags/example_local_kubernetes_executor.py took 0.086 seconds
[2024-06-14T22:06:44.458+0000] {processor.py:153} INFO - Started process (PID=1642) to work on /home/airflow/.local/lib/python3.7/site-packages/airflow/example_dags/example_local_kubernetes_executor.py
[2024-06-14T22:06:44.459+0000] {processor.py:743} INFO - Processing file /home/airflow/.local/lib/python3.7/site-packages/airflow/example_dags/example_local_kubernetes_executor.py for tasks to queue
[2024-06-14T22:06:44.460+0000] {logging_mixin.py:137} INFO - [2024-06-14T22:06:44.460+0000] {dagbag.py:538} INFO - Filling up the DagBag from /home/airflow/.local/lib/python3.7/site-packages/airflow/example_dags/example_local_kubernetes_executor.py
[2024-06-14T22:06:44.479+0000] {processor.py:753} INFO - DAG(s) dict_keys(['example_local_kubernetes_executor']) retrieved from /home/airflow/.local/lib/python3.7/site-packages/airflow/example_dags/example_local_kubernetes_executor.py
[2024-06-14T22:06:44.504+0000] {logging_mixin.py:137} INFO - [2024-06-14T22:06:44.503+0000] {dag.py:2690} INFO - Sync 1 DAGs
[2024-06-14T22:06:44.521+0000] {logging_mixin.py:137} INFO - [2024-06-14T22:06:44.521+0000] {dag.py:3441} INFO - Setting next_dagrun for example_local_kubernetes_executor to None, run_after=None
[2024-06-14T22:06:44.534+0000] {processor.py:175} INFO - Processing /home/airflow/.local/lib/python3.7/site-packages/airflow/example_dags/example_local_kubernetes_executor.py took 0.080 seconds
[2024-06-14T22:07:14.881+0000] {processor.py:153} INFO - Started process (PID=1692) to work on /home/airflow/.local/lib/python3.7/site-packages/airflow/example_dags/example_local_kubernetes_executor.py
[2024-06-14T22:07:14.882+0000] {processor.py:743} INFO - Processing file /home/airflow/.local/lib/python3.7/site-packages/airflow/example_dags/example_local_kubernetes_executor.py for tasks to queue
[2024-06-14T22:07:14.883+0000] {logging_mixin.py:137} INFO - [2024-06-14T22:07:14.883+0000] {dagbag.py:538} INFO - Filling up the DagBag from /home/airflow/.local/lib/python3.7/site-packages/airflow/example_dags/example_local_kubernetes_executor.py
[2024-06-14T22:07:14.902+0000] {processor.py:753} INFO - DAG(s) dict_keys(['example_local_kubernetes_executor']) retrieved from /home/airflow/.local/lib/python3.7/site-packages/airflow/example_dags/example_local_kubernetes_executor.py
[2024-06-14T22:07:14.937+0000] {logging_mixin.py:137} INFO - [2024-06-14T22:07:14.937+0000] {dag.py:2690} INFO - Sync 1 DAGs
[2024-06-14T22:07:14.961+0000] {logging_mixin.py:137} INFO - [2024-06-14T22:07:14.961+0000] {dag.py:3441} INFO - Setting next_dagrun for example_local_kubernetes_executor to None, run_after=None
[2024-06-14T22:07:14.975+0000] {processor.py:175} INFO - Processing /home/airflow/.local/lib/python3.7/site-packages/airflow/example_dags/example_local_kubernetes_executor.py took 0.097 seconds
[2024-06-14T22:07:45.430+0000] {processor.py:153} INFO - Started process (PID=1742) to work on /home/airflow/.local/lib/python3.7/site-packages/airflow/example_dags/example_local_kubernetes_executor.py
[2024-06-14T22:07:45.431+0000] {processor.py:743} INFO - Processing file /home/airflow/.local/lib/python3.7/site-packages/airflow/example_dags/example_local_kubernetes_executor.py for tasks to queue
[2024-06-14T22:07:45.432+0000] {logging_mixin.py:137} INFO - [2024-06-14T22:07:45.432+0000] {dagbag.py:538} INFO - Filling up the DagBag from /home/airflow/.local/lib/python3.7/site-packages/airflow/example_dags/example_local_kubernetes_executor.py
[2024-06-14T22:07:45.452+0000] {processor.py:753} INFO - DAG(s) dict_keys(['example_local_kubernetes_executor']) retrieved from /home/airflow/.local/lib/python3.7/site-packages/airflow/example_dags/example_local_kubernetes_executor.py
[2024-06-14T22:07:45.481+0000] {logging_mixin.py:137} INFO - [2024-06-14T22:07:45.481+0000] {dag.py:2690} INFO - Sync 1 DAGs
[2024-06-14T22:07:45.499+0000] {logging_mixin.py:137} INFO - [2024-06-14T22:07:45.499+0000] {dag.py:3441} INFO - Setting next_dagrun for example_local_kubernetes_executor to None, run_after=None
[2024-06-14T22:07:45.513+0000] {processor.py:175} INFO - Processing /home/airflow/.local/lib/python3.7/site-packages/airflow/example_dags/example_local_kubernetes_executor.py took 0.087 seconds
[2024-06-14T22:08:16.075+0000] {processor.py:153} INFO - Started process (PID=1792) to work on /home/airflow/.local/lib/python3.7/site-packages/airflow/example_dags/example_local_kubernetes_executor.py
[2024-06-14T22:08:16.076+0000] {processor.py:743} INFO - Processing file /home/airflow/.local/lib/python3.7/site-packages/airflow/example_dags/example_local_kubernetes_executor.py for tasks to queue
[2024-06-14T22:08:16.077+0000] {logging_mixin.py:137} INFO - [2024-06-14T22:08:16.077+0000] {dagbag.py:538} INFO - Filling up the DagBag from /home/airflow/.local/lib/python3.7/site-packages/airflow/example_dags/example_local_kubernetes_executor.py
[2024-06-14T22:08:16.095+0000] {processor.py:753} INFO - DAG(s) dict_keys(['example_local_kubernetes_executor']) retrieved from /home/airflow/.local/lib/python3.7/site-packages/airflow/example_dags/example_local_kubernetes_executor.py
[2024-06-14T22:08:16.118+0000] {logging_mixin.py:137} INFO - [2024-06-14T22:08:16.118+0000] {dag.py:2690} INFO - Sync 1 DAGs
[2024-06-14T22:08:16.136+0000] {logging_mixin.py:137} INFO - [2024-06-14T22:08:16.136+0000] {dag.py:3441} INFO - Setting next_dagrun for example_local_kubernetes_executor to None, run_after=None
[2024-06-14T22:08:16.148+0000] {processor.py:175} INFO - Processing /home/airflow/.local/lib/python3.7/site-packages/airflow/example_dags/example_local_kubernetes_executor.py took 0.076 seconds
[2024-06-14T22:08:46.803+0000] {processor.py:153} INFO - Started process (PID=1842) to work on /home/airflow/.local/lib/python3.7/site-packages/airflow/example_dags/example_local_kubernetes_executor.py
[2024-06-14T22:08:46.804+0000] {processor.py:743} INFO - Processing file /home/airflow/.local/lib/python3.7/site-packages/airflow/example_dags/example_local_kubernetes_executor.py for tasks to queue
[2024-06-14T22:08:46.805+0000] {logging_mixin.py:137} INFO - [2024-06-14T22:08:46.805+0000] {dagbag.py:538} INFO - Filling up the DagBag from /home/airflow/.local/lib/python3.7/site-packages/airflow/example_dags/example_local_kubernetes_executor.py
[2024-06-14T22:08:46.823+0000] {processor.py:753} INFO - DAG(s) dict_keys(['example_local_kubernetes_executor']) retrieved from /home/airflow/.local/lib/python3.7/site-packages/airflow/example_dags/example_local_kubernetes_executor.py
[2024-06-14T22:08:46.847+0000] {logging_mixin.py:137} INFO - [2024-06-14T22:08:46.847+0000] {dag.py:2690} INFO - Sync 1 DAGs
[2024-06-14T22:08:46.863+0000] {logging_mixin.py:137} INFO - [2024-06-14T22:08:46.863+0000] {dag.py:3441} INFO - Setting next_dagrun for example_local_kubernetes_executor to None, run_after=None
[2024-06-14T22:08:46.876+0000] {processor.py:175} INFO - Processing /home/airflow/.local/lib/python3.7/site-packages/airflow/example_dags/example_local_kubernetes_executor.py took 0.076 seconds
[2024-06-14T22:09:17.242+0000] {processor.py:153} INFO - Started process (PID=1892) to work on /home/airflow/.local/lib/python3.7/site-packages/airflow/example_dags/example_local_kubernetes_executor.py
[2024-06-14T22:09:17.243+0000] {processor.py:743} INFO - Processing file /home/airflow/.local/lib/python3.7/site-packages/airflow/example_dags/example_local_kubernetes_executor.py for tasks to queue
[2024-06-14T22:09:17.244+0000] {logging_mixin.py:137} INFO - [2024-06-14T22:09:17.244+0000] {dagbag.py:538} INFO - Filling up the DagBag from /home/airflow/.local/lib/python3.7/site-packages/airflow/example_dags/example_local_kubernetes_executor.py
[2024-06-14T22:09:17.262+0000] {processor.py:753} INFO - DAG(s) dict_keys(['example_local_kubernetes_executor']) retrieved from /home/airflow/.local/lib/python3.7/site-packages/airflow/example_dags/example_local_kubernetes_executor.py
[2024-06-14T22:09:17.287+0000] {logging_mixin.py:137} INFO - [2024-06-14T22:09:17.287+0000] {dag.py:2690} INFO - Sync 1 DAGs
[2024-06-14T22:09:17.304+0000] {logging_mixin.py:137} INFO - [2024-06-14T22:09:17.304+0000] {dag.py:3441} INFO - Setting next_dagrun for example_local_kubernetes_executor to None, run_after=None
[2024-06-14T22:09:17.317+0000] {processor.py:175} INFO - Processing /home/airflow/.local/lib/python3.7/site-packages/airflow/example_dags/example_local_kubernetes_executor.py took 0.079 seconds
[2024-06-14T22:09:47.828+0000] {processor.py:153} INFO - Started process (PID=1942) to work on /home/airflow/.local/lib/python3.7/site-packages/airflow/example_dags/example_local_kubernetes_executor.py
[2024-06-14T22:09:47.830+0000] {processor.py:743} INFO - Processing file /home/airflow/.local/lib/python3.7/site-packages/airflow/example_dags/example_local_kubernetes_executor.py for tasks to queue
[2024-06-14T22:09:47.831+0000] {logging_mixin.py:137} INFO - [2024-06-14T22:09:47.831+0000] {dagbag.py:538} INFO - Filling up the DagBag from /home/airflow/.local/lib/python3.7/site-packages/airflow/example_dags/example_local_kubernetes_executor.py
[2024-06-14T22:09:47.848+0000] {processor.py:753} INFO - DAG(s) dict_keys(['example_local_kubernetes_executor']) retrieved from /home/airflow/.local/lib/python3.7/site-packages/airflow/example_dags/example_local_kubernetes_executor.py
[2024-06-14T22:09:47.872+0000] {logging_mixin.py:137} INFO - [2024-06-14T22:09:47.872+0000] {dag.py:2690} INFO - Sync 1 DAGs
[2024-06-14T22:09:47.888+0000] {logging_mixin.py:137} INFO - [2024-06-14T22:09:47.888+0000] {dag.py:3441} INFO - Setting next_dagrun for example_local_kubernetes_executor to None, run_after=None
[2024-06-14T22:09:47.901+0000] {processor.py:175} INFO - Processing /home/airflow/.local/lib/python3.7/site-packages/airflow/example_dags/example_local_kubernetes_executor.py took 0.076 seconds
[2024-06-14T22:10:18.284+0000] {processor.py:153} INFO - Started process (PID=1992) to work on /home/airflow/.local/lib/python3.7/site-packages/airflow/example_dags/example_local_kubernetes_executor.py
[2024-06-14T22:10:18.285+0000] {processor.py:743} INFO - Processing file /home/airflow/.local/lib/python3.7/site-packages/airflow/example_dags/example_local_kubernetes_executor.py for tasks to queue
[2024-06-14T22:10:18.286+0000] {logging_mixin.py:137} INFO - [2024-06-14T22:10:18.286+0000] {dagbag.py:538} INFO - Filling up the DagBag from /home/airflow/.local/lib/python3.7/site-packages/airflow/example_dags/example_local_kubernetes_executor.py
[2024-06-14T22:10:18.304+0000] {processor.py:753} INFO - DAG(s) dict_keys(['example_local_kubernetes_executor']) retrieved from /home/airflow/.local/lib/python3.7/site-packages/airflow/example_dags/example_local_kubernetes_executor.py
[2024-06-14T22:10:18.327+0000] {logging_mixin.py:137} INFO - [2024-06-14T22:10:18.327+0000] {dag.py:2690} INFO - Sync 1 DAGs
[2024-06-14T22:10:18.345+0000] {logging_mixin.py:137} INFO - [2024-06-14T22:10:18.345+0000] {dag.py:3441} INFO - Setting next_dagrun for example_local_kubernetes_executor to None, run_after=None
[2024-06-14T22:10:18.357+0000] {processor.py:175} INFO - Processing /home/airflow/.local/lib/python3.7/site-packages/airflow/example_dags/example_local_kubernetes_executor.py took 0.076 seconds
[2024-06-14T22:58:48.720+0000] {processor.py:153} INFO - Started process (PID=2042) to work on /home/airflow/.local/lib/python3.7/site-packages/airflow/example_dags/example_local_kubernetes_executor.py
[2024-06-14T22:58:48.721+0000] {processor.py:743} INFO - Processing file /home/airflow/.local/lib/python3.7/site-packages/airflow/example_dags/example_local_kubernetes_executor.py for tasks to queue
[2024-06-14T22:58:48.722+0000] {logging_mixin.py:137} INFO - [2024-06-14T22:58:48.722+0000] {dagbag.py:538} INFO - Filling up the DagBag from /home/airflow/.local/lib/python3.7/site-packages/airflow/example_dags/example_local_kubernetes_executor.py
[2024-06-14T22:58:48.740+0000] {processor.py:753} INFO - DAG(s) dict_keys(['example_local_kubernetes_executor']) retrieved from /home/airflow/.local/lib/python3.7/site-packages/airflow/example_dags/example_local_kubernetes_executor.py
[2024-06-14T22:58:48.772+0000] {logging_mixin.py:137} INFO - [2024-06-14T22:58:48.772+0000] {dag.py:2690} INFO - Sync 1 DAGs
[2024-06-14T22:58:48.790+0000] {logging_mixin.py:137} INFO - [2024-06-14T22:58:48.790+0000] {dag.py:3441} INFO - Setting next_dagrun for example_local_kubernetes_executor to None, run_after=None
[2024-06-14T22:58:48.805+0000] {processor.py:175} INFO - Processing /home/airflow/.local/lib/python3.7/site-packages/airflow/example_dags/example_local_kubernetes_executor.py took 0.088 seconds
[2024-06-14T23:14:20.224+0000] {processor.py:153} INFO - Started process (PID=2092) to work on /home/airflow/.local/lib/python3.7/site-packages/airflow/example_dags/example_local_kubernetes_executor.py
[2024-06-14T23:14:20.314+0000] {processor.py:743} INFO - Processing file /home/airflow/.local/lib/python3.7/site-packages/airflow/example_dags/example_local_kubernetes_executor.py for tasks to queue
[2024-06-14T23:14:20.343+0000] {logging_mixin.py:137} INFO - [2024-06-14T23:14:20.342+0000] {dagbag.py:538} INFO - Filling up the DagBag from /home/airflow/.local/lib/python3.7/site-packages/airflow/example_dags/example_local_kubernetes_executor.py
[2024-06-14T23:14:20.526+0000] {processor.py:753} INFO - DAG(s) dict_keys(['example_local_kubernetes_executor']) retrieved from /home/airflow/.local/lib/python3.7/site-packages/airflow/example_dags/example_local_kubernetes_executor.py
[2024-06-14T23:14:21.038+0000] {logging_mixin.py:137} INFO - [2024-06-14T23:14:21.038+0000] {dag.py:2690} INFO - Sync 1 DAGs
[2024-06-14T23:14:21.514+0000] {logging_mixin.py:137} INFO - [2024-06-14T23:14:21.510+0000] {dag.py:3441} INFO - Setting next_dagrun for example_local_kubernetes_executor to None, run_after=None
[2024-06-14T23:14:21.797+0000] {processor.py:175} INFO - Processing /home/airflow/.local/lib/python3.7/site-packages/airflow/example_dags/example_local_kubernetes_executor.py took 1.596 seconds
