[2024-06-14T21:50:27.988+0000] {processor.py:153} INFO - Started process (PID=68) to work on /home/airflow/.local/lib/python3.7/site-packages/airflow/example_dags/tutorial_dag.py
[2024-06-14T21:50:27.989+0000] {processor.py:743} INFO - Processing file /home/airflow/.local/lib/python3.7/site-packages/airflow/example_dags/tutorial_dag.py for tasks to queue
[2024-06-14T21:50:27.990+0000] {logging_mixin.py:137} INFO - [2024-06-14T21:50:27.990+0000] {dagbag.py:538} INFO - Filling up the DagBag from /home/airflow/.local/lib/python3.7/site-packages/airflow/example_dags/tutorial_dag.py
[2024-06-14T21:50:28.005+0000] {processor.py:753} INFO - DAG(s) dict_keys(['tutorial_dag']) retrieved from /home/airflow/.local/lib/python3.7/site-packages/airflow/example_dags/tutorial_dag.py
[2024-06-14T21:50:28.027+0000] {logging_mixin.py:137} INFO - [2024-06-14T21:50:28.027+0000] {dag.py:2690} INFO - Sync 1 DAGs
[2024-06-14T21:50:28.044+0000] {logging_mixin.py:137} INFO - [2024-06-14T21:50:28.044+0000] {dag.py:3441} INFO - Setting next_dagrun for tutorial_dag to None, run_after=None
[2024-06-14T21:50:28.058+0000] {processor.py:175} INFO - Processing /home/airflow/.local/lib/python3.7/site-packages/airflow/example_dags/tutorial_dag.py took 0.073 seconds
[2024-06-14T21:50:58.881+0000] {processor.py:153} INFO - Started process (PID=118) to work on /home/airflow/.local/lib/python3.7/site-packages/airflow/example_dags/tutorial_dag.py
[2024-06-14T21:50:58.883+0000] {processor.py:743} INFO - Processing file /home/airflow/.local/lib/python3.7/site-packages/airflow/example_dags/tutorial_dag.py for tasks to queue
[2024-06-14T21:50:58.884+0000] {logging_mixin.py:137} INFO - [2024-06-14T21:50:58.884+0000] {dagbag.py:538} INFO - Filling up the DagBag from /home/airflow/.local/lib/python3.7/site-packages/airflow/example_dags/tutorial_dag.py
[2024-06-14T21:50:58.895+0000] {processor.py:753} INFO - DAG(s) dict_keys(['tutorial_dag']) retrieved from /home/airflow/.local/lib/python3.7/site-packages/airflow/example_dags/tutorial_dag.py
[2024-06-14T21:50:58.917+0000] {logging_mixin.py:137} INFO - [2024-06-14T21:50:58.917+0000] {dag.py:2690} INFO - Sync 1 DAGs
[2024-06-14T21:50:58.934+0000] {logging_mixin.py:137} INFO - [2024-06-14T21:50:58.934+0000] {dag.py:3441} INFO - Setting next_dagrun for tutorial_dag to None, run_after=None
[2024-06-14T21:50:58.946+0000] {processor.py:175} INFO - Processing /home/airflow/.local/lib/python3.7/site-packages/airflow/example_dags/tutorial_dag.py took 0.068 seconds
[2024-06-14T21:51:29.319+0000] {processor.py:153} INFO - Started process (PID=168) to work on /home/airflow/.local/lib/python3.7/site-packages/airflow/example_dags/tutorial_dag.py
[2024-06-14T21:51:29.321+0000] {processor.py:743} INFO - Processing file /home/airflow/.local/lib/python3.7/site-packages/airflow/example_dags/tutorial_dag.py for tasks to queue
[2024-06-14T21:51:29.321+0000] {logging_mixin.py:137} INFO - [2024-06-14T21:51:29.321+0000] {dagbag.py:538} INFO - Filling up the DagBag from /home/airflow/.local/lib/python3.7/site-packages/airflow/example_dags/tutorial_dag.py
[2024-06-14T21:51:29.332+0000] {processor.py:753} INFO - DAG(s) dict_keys(['tutorial_dag']) retrieved from /home/airflow/.local/lib/python3.7/site-packages/airflow/example_dags/tutorial_dag.py
[2024-06-14T21:51:29.354+0000] {logging_mixin.py:137} INFO - [2024-06-14T21:51:29.354+0000] {dag.py:2690} INFO - Sync 1 DAGs
[2024-06-14T21:51:29.371+0000] {logging_mixin.py:137} INFO - [2024-06-14T21:51:29.371+0000] {dag.py:3441} INFO - Setting next_dagrun for tutorial_dag to None, run_after=None
[2024-06-14T21:51:29.383+0000] {processor.py:175} INFO - Processing /home/airflow/.local/lib/python3.7/site-packages/airflow/example_dags/tutorial_dag.py took 0.067 seconds
[2024-06-14T21:51:59.650+0000] {processor.py:153} INFO - Started process (PID=218) to work on /home/airflow/.local/lib/python3.7/site-packages/airflow/example_dags/tutorial_dag.py
[2024-06-14T21:51:59.651+0000] {processor.py:743} INFO - Processing file /home/airflow/.local/lib/python3.7/site-packages/airflow/example_dags/tutorial_dag.py for tasks to queue
[2024-06-14T21:51:59.652+0000] {logging_mixin.py:137} INFO - [2024-06-14T21:51:59.652+0000] {dagbag.py:538} INFO - Filling up the DagBag from /home/airflow/.local/lib/python3.7/site-packages/airflow/example_dags/tutorial_dag.py
[2024-06-14T21:51:59.662+0000] {processor.py:753} INFO - DAG(s) dict_keys(['tutorial_dag']) retrieved from /home/airflow/.local/lib/python3.7/site-packages/airflow/example_dags/tutorial_dag.py
[2024-06-14T21:51:59.681+0000] {logging_mixin.py:137} INFO - [2024-06-14T21:51:59.681+0000] {dag.py:2690} INFO - Sync 1 DAGs
[2024-06-14T21:51:59.697+0000] {logging_mixin.py:137} INFO - [2024-06-14T21:51:59.697+0000] {dag.py:3441} INFO - Setting next_dagrun for tutorial_dag to None, run_after=None
[2024-06-14T21:51:59.710+0000] {processor.py:175} INFO - Processing /home/airflow/.local/lib/python3.7/site-packages/airflow/example_dags/tutorial_dag.py took 0.063 seconds
[2024-06-14T21:52:30.313+0000] {processor.py:153} INFO - Started process (PID=268) to work on /home/airflow/.local/lib/python3.7/site-packages/airflow/example_dags/tutorial_dag.py
[2024-06-14T21:52:30.315+0000] {processor.py:743} INFO - Processing file /home/airflow/.local/lib/python3.7/site-packages/airflow/example_dags/tutorial_dag.py for tasks to queue
[2024-06-14T21:52:30.315+0000] {logging_mixin.py:137} INFO - [2024-06-14T21:52:30.315+0000] {dagbag.py:538} INFO - Filling up the DagBag from /home/airflow/.local/lib/python3.7/site-packages/airflow/example_dags/tutorial_dag.py
[2024-06-14T21:52:30.325+0000] {processor.py:753} INFO - DAG(s) dict_keys(['tutorial_dag']) retrieved from /home/airflow/.local/lib/python3.7/site-packages/airflow/example_dags/tutorial_dag.py
[2024-06-14T21:52:30.347+0000] {logging_mixin.py:137} INFO - [2024-06-14T21:52:30.347+0000] {dag.py:2690} INFO - Sync 1 DAGs
[2024-06-14T21:52:30.364+0000] {logging_mixin.py:137} INFO - [2024-06-14T21:52:30.364+0000] {dag.py:3441} INFO - Setting next_dagrun for tutorial_dag to None, run_after=None
[2024-06-14T21:52:30.377+0000] {processor.py:175} INFO - Processing /home/airflow/.local/lib/python3.7/site-packages/airflow/example_dags/tutorial_dag.py took 0.066 seconds
[2024-06-14T21:53:00.791+0000] {processor.py:153} INFO - Started process (PID=317) to work on /home/airflow/.local/lib/python3.7/site-packages/airflow/example_dags/tutorial_dag.py
[2024-06-14T21:53:00.792+0000] {processor.py:743} INFO - Processing file /home/airflow/.local/lib/python3.7/site-packages/airflow/example_dags/tutorial_dag.py for tasks to queue
[2024-06-14T21:53:00.793+0000] {logging_mixin.py:137} INFO - [2024-06-14T21:53:00.793+0000] {dagbag.py:538} INFO - Filling up the DagBag from /home/airflow/.local/lib/python3.7/site-packages/airflow/example_dags/tutorial_dag.py
[2024-06-14T21:53:00.804+0000] {processor.py:753} INFO - DAG(s) dict_keys(['tutorial_dag']) retrieved from /home/airflow/.local/lib/python3.7/site-packages/airflow/example_dags/tutorial_dag.py
[2024-06-14T21:53:00.827+0000] {logging_mixin.py:137} INFO - [2024-06-14T21:53:00.826+0000] {dag.py:2690} INFO - Sync 1 DAGs
[2024-06-14T21:53:00.844+0000] {logging_mixin.py:137} INFO - [2024-06-14T21:53:00.844+0000] {dag.py:3441} INFO - Setting next_dagrun for tutorial_dag to None, run_after=None
[2024-06-14T21:53:00.857+0000] {processor.py:175} INFO - Processing /home/airflow/.local/lib/python3.7/site-packages/airflow/example_dags/tutorial_dag.py took 0.068 seconds
[2024-06-14T21:53:31.477+0000] {processor.py:153} INFO - Started process (PID=367) to work on /home/airflow/.local/lib/python3.7/site-packages/airflow/example_dags/tutorial_dag.py
[2024-06-14T21:53:31.479+0000] {processor.py:743} INFO - Processing file /home/airflow/.local/lib/python3.7/site-packages/airflow/example_dags/tutorial_dag.py for tasks to queue
[2024-06-14T21:53:31.480+0000] {logging_mixin.py:137} INFO - [2024-06-14T21:53:31.480+0000] {dagbag.py:538} INFO - Filling up the DagBag from /home/airflow/.local/lib/python3.7/site-packages/airflow/example_dags/tutorial_dag.py
[2024-06-14T21:53:31.492+0000] {processor.py:753} INFO - DAG(s) dict_keys(['tutorial_dag']) retrieved from /home/airflow/.local/lib/python3.7/site-packages/airflow/example_dags/tutorial_dag.py
[2024-06-14T21:53:31.517+0000] {logging_mixin.py:137} INFO - [2024-06-14T21:53:31.517+0000] {dag.py:2690} INFO - Sync 1 DAGs
[2024-06-14T21:53:31.537+0000] {logging_mixin.py:137} INFO - [2024-06-14T21:53:31.536+0000] {dag.py:3441} INFO - Setting next_dagrun for tutorial_dag to None, run_after=None
[2024-06-14T21:53:31.551+0000] {processor.py:175} INFO - Processing /home/airflow/.local/lib/python3.7/site-packages/airflow/example_dags/tutorial_dag.py took 0.078 seconds
[2024-06-14T21:54:02.159+0000] {processor.py:153} INFO - Started process (PID=417) to work on /home/airflow/.local/lib/python3.7/site-packages/airflow/example_dags/tutorial_dag.py
[2024-06-14T21:54:02.160+0000] {processor.py:743} INFO - Processing file /home/airflow/.local/lib/python3.7/site-packages/airflow/example_dags/tutorial_dag.py for tasks to queue
[2024-06-14T21:54:02.161+0000] {logging_mixin.py:137} INFO - [2024-06-14T21:54:02.161+0000] {dagbag.py:538} INFO - Filling up the DagBag from /home/airflow/.local/lib/python3.7/site-packages/airflow/example_dags/tutorial_dag.py
[2024-06-14T21:54:02.171+0000] {processor.py:753} INFO - DAG(s) dict_keys(['tutorial_dag']) retrieved from /home/airflow/.local/lib/python3.7/site-packages/airflow/example_dags/tutorial_dag.py
[2024-06-14T21:54:02.194+0000] {logging_mixin.py:137} INFO - [2024-06-14T21:54:02.194+0000] {dag.py:2690} INFO - Sync 1 DAGs
[2024-06-14T21:54:02.210+0000] {logging_mixin.py:137} INFO - [2024-06-14T21:54:02.210+0000] {dag.py:3441} INFO - Setting next_dagrun for tutorial_dag to None, run_after=None
[2024-06-14T21:54:02.224+0000] {processor.py:175} INFO - Processing /home/airflow/.local/lib/python3.7/site-packages/airflow/example_dags/tutorial_dag.py took 0.068 seconds
[2024-06-14T21:54:32.871+0000] {processor.py:153} INFO - Started process (PID=467) to work on /home/airflow/.local/lib/python3.7/site-packages/airflow/example_dags/tutorial_dag.py
[2024-06-14T21:54:32.873+0000] {processor.py:743} INFO - Processing file /home/airflow/.local/lib/python3.7/site-packages/airflow/example_dags/tutorial_dag.py for tasks to queue
[2024-06-14T21:54:32.874+0000] {logging_mixin.py:137} INFO - [2024-06-14T21:54:32.874+0000] {dagbag.py:538} INFO - Filling up the DagBag from /home/airflow/.local/lib/python3.7/site-packages/airflow/example_dags/tutorial_dag.py
[2024-06-14T21:54:32.884+0000] {processor.py:753} INFO - DAG(s) dict_keys(['tutorial_dag']) retrieved from /home/airflow/.local/lib/python3.7/site-packages/airflow/example_dags/tutorial_dag.py
[2024-06-14T21:54:32.906+0000] {logging_mixin.py:137} INFO - [2024-06-14T21:54:32.906+0000] {dag.py:2690} INFO - Sync 1 DAGs
[2024-06-14T21:54:32.926+0000] {logging_mixin.py:137} INFO - [2024-06-14T21:54:32.926+0000] {dag.py:3441} INFO - Setting next_dagrun for tutorial_dag to None, run_after=None
[2024-06-14T21:54:32.943+0000] {processor.py:175} INFO - Processing /home/airflow/.local/lib/python3.7/site-packages/airflow/example_dags/tutorial_dag.py took 0.075 seconds
[2024-06-14T21:55:03.390+0000] {processor.py:153} INFO - Started process (PID=516) to work on /home/airflow/.local/lib/python3.7/site-packages/airflow/example_dags/tutorial_dag.py
[2024-06-14T21:55:03.392+0000] {processor.py:743} INFO - Processing file /home/airflow/.local/lib/python3.7/site-packages/airflow/example_dags/tutorial_dag.py for tasks to queue
[2024-06-14T21:55:03.392+0000] {logging_mixin.py:137} INFO - [2024-06-14T21:55:03.392+0000] {dagbag.py:538} INFO - Filling up the DagBag from /home/airflow/.local/lib/python3.7/site-packages/airflow/example_dags/tutorial_dag.py
[2024-06-14T21:55:03.402+0000] {processor.py:753} INFO - DAG(s) dict_keys(['tutorial_dag']) retrieved from /home/airflow/.local/lib/python3.7/site-packages/airflow/example_dags/tutorial_dag.py
[2024-06-14T21:55:03.425+0000] {logging_mixin.py:137} INFO - [2024-06-14T21:55:03.425+0000] {dag.py:2690} INFO - Sync 1 DAGs
[2024-06-14T21:55:03.450+0000] {logging_mixin.py:137} INFO - [2024-06-14T21:55:03.450+0000] {dag.py:3441} INFO - Setting next_dagrun for tutorial_dag to None, run_after=None
[2024-06-14T21:55:03.465+0000] {processor.py:175} INFO - Processing /home/airflow/.local/lib/python3.7/site-packages/airflow/example_dags/tutorial_dag.py took 0.078 seconds
[2024-06-14T21:55:34.091+0000] {processor.py:153} INFO - Started process (PID=567) to work on /home/airflow/.local/lib/python3.7/site-packages/airflow/example_dags/tutorial_dag.py
[2024-06-14T21:55:34.093+0000] {processor.py:743} INFO - Processing file /home/airflow/.local/lib/python3.7/site-packages/airflow/example_dags/tutorial_dag.py for tasks to queue
[2024-06-14T21:55:34.093+0000] {logging_mixin.py:137} INFO - [2024-06-14T21:55:34.093+0000] {dagbag.py:538} INFO - Filling up the DagBag from /home/airflow/.local/lib/python3.7/site-packages/airflow/example_dags/tutorial_dag.py
[2024-06-14T21:55:34.105+0000] {processor.py:753} INFO - DAG(s) dict_keys(['tutorial_dag']) retrieved from /home/airflow/.local/lib/python3.7/site-packages/airflow/example_dags/tutorial_dag.py
[2024-06-14T21:55:34.127+0000] {logging_mixin.py:137} INFO - [2024-06-14T21:55:34.127+0000] {dag.py:2690} INFO - Sync 1 DAGs
[2024-06-14T21:55:34.143+0000] {logging_mixin.py:137} INFO - [2024-06-14T21:55:34.143+0000] {dag.py:3441} INFO - Setting next_dagrun for tutorial_dag to None, run_after=None
[2024-06-14T21:55:34.156+0000] {processor.py:175} INFO - Processing /home/airflow/.local/lib/python3.7/site-packages/airflow/example_dags/tutorial_dag.py took 0.068 seconds
[2024-06-14T21:56:04.969+0000] {processor.py:153} INFO - Started process (PID=617) to work on /home/airflow/.local/lib/python3.7/site-packages/airflow/example_dags/tutorial_dag.py
[2024-06-14T21:56:04.970+0000] {processor.py:743} INFO - Processing file /home/airflow/.local/lib/python3.7/site-packages/airflow/example_dags/tutorial_dag.py for tasks to queue
[2024-06-14T21:56:04.971+0000] {logging_mixin.py:137} INFO - [2024-06-14T21:56:04.971+0000] {dagbag.py:538} INFO - Filling up the DagBag from /home/airflow/.local/lib/python3.7/site-packages/airflow/example_dags/tutorial_dag.py
[2024-06-14T21:56:04.982+0000] {processor.py:753} INFO - DAG(s) dict_keys(['tutorial_dag']) retrieved from /home/airflow/.local/lib/python3.7/site-packages/airflow/example_dags/tutorial_dag.py
[2024-06-14T21:56:05.006+0000] {logging_mixin.py:137} INFO - [2024-06-14T21:56:05.006+0000] {dag.py:2690} INFO - Sync 1 DAGs
[2024-06-14T21:56:05.025+0000] {logging_mixin.py:137} INFO - [2024-06-14T21:56:05.025+0000] {dag.py:3441} INFO - Setting next_dagrun for tutorial_dag to None, run_after=None
[2024-06-14T21:56:05.042+0000] {processor.py:175} INFO - Processing /home/airflow/.local/lib/python3.7/site-packages/airflow/example_dags/tutorial_dag.py took 0.075 seconds
[2024-06-14T21:56:35.757+0000] {processor.py:153} INFO - Started process (PID=667) to work on /home/airflow/.local/lib/python3.7/site-packages/airflow/example_dags/tutorial_dag.py
[2024-06-14T21:56:35.759+0000] {processor.py:743} INFO - Processing file /home/airflow/.local/lib/python3.7/site-packages/airflow/example_dags/tutorial_dag.py for tasks to queue
[2024-06-14T21:56:35.760+0000] {logging_mixin.py:137} INFO - [2024-06-14T21:56:35.760+0000] {dagbag.py:538} INFO - Filling up the DagBag from /home/airflow/.local/lib/python3.7/site-packages/airflow/example_dags/tutorial_dag.py
[2024-06-14T21:56:35.772+0000] {processor.py:753} INFO - DAG(s) dict_keys(['tutorial_dag']) retrieved from /home/airflow/.local/lib/python3.7/site-packages/airflow/example_dags/tutorial_dag.py
[2024-06-14T21:56:35.803+0000] {logging_mixin.py:137} INFO - [2024-06-14T21:56:35.803+0000] {dag.py:2690} INFO - Sync 1 DAGs
[2024-06-14T21:56:35.822+0000] {logging_mixin.py:137} INFO - [2024-06-14T21:56:35.822+0000] {dag.py:3441} INFO - Setting next_dagrun for tutorial_dag to None, run_after=None
[2024-06-14T21:56:35.836+0000] {processor.py:175} INFO - Processing /home/airflow/.local/lib/python3.7/site-packages/airflow/example_dags/tutorial_dag.py took 0.082 seconds
[2024-06-14T21:57:06.253+0000] {processor.py:153} INFO - Started process (PID=717) to work on /home/airflow/.local/lib/python3.7/site-packages/airflow/example_dags/tutorial_dag.py
[2024-06-14T21:57:06.255+0000] {processor.py:743} INFO - Processing file /home/airflow/.local/lib/python3.7/site-packages/airflow/example_dags/tutorial_dag.py for tasks to queue
[2024-06-14T21:57:06.256+0000] {logging_mixin.py:137} INFO - [2024-06-14T21:57:06.256+0000] {dagbag.py:538} INFO - Filling up the DagBag from /home/airflow/.local/lib/python3.7/site-packages/airflow/example_dags/tutorial_dag.py
[2024-06-14T21:57:06.266+0000] {processor.py:753} INFO - DAG(s) dict_keys(['tutorial_dag']) retrieved from /home/airflow/.local/lib/python3.7/site-packages/airflow/example_dags/tutorial_dag.py
[2024-06-14T21:57:06.289+0000] {logging_mixin.py:137} INFO - [2024-06-14T21:57:06.289+0000] {dag.py:2690} INFO - Sync 1 DAGs
[2024-06-14T21:57:06.306+0000] {logging_mixin.py:137} INFO - [2024-06-14T21:57:06.306+0000] {dag.py:3441} INFO - Setting next_dagrun for tutorial_dag to None, run_after=None
[2024-06-14T21:57:06.320+0000] {processor.py:175} INFO - Processing /home/airflow/.local/lib/python3.7/site-packages/airflow/example_dags/tutorial_dag.py took 0.070 seconds
[2024-06-14T21:57:36.727+0000] {processor.py:153} INFO - Started process (PID=767) to work on /home/airflow/.local/lib/python3.7/site-packages/airflow/example_dags/tutorial_dag.py
[2024-06-14T21:57:36.728+0000] {processor.py:743} INFO - Processing file /home/airflow/.local/lib/python3.7/site-packages/airflow/example_dags/tutorial_dag.py for tasks to queue
[2024-06-14T21:57:36.729+0000] {logging_mixin.py:137} INFO - [2024-06-14T21:57:36.728+0000] {dagbag.py:538} INFO - Filling up the DagBag from /home/airflow/.local/lib/python3.7/site-packages/airflow/example_dags/tutorial_dag.py
[2024-06-14T21:57:36.739+0000] {processor.py:753} INFO - DAG(s) dict_keys(['tutorial_dag']) retrieved from /home/airflow/.local/lib/python3.7/site-packages/airflow/example_dags/tutorial_dag.py
[2024-06-14T21:57:36.761+0000] {logging_mixin.py:137} INFO - [2024-06-14T21:57:36.761+0000] {dag.py:2690} INFO - Sync 1 DAGs
[2024-06-14T21:57:36.778+0000] {logging_mixin.py:137} INFO - [2024-06-14T21:57:36.778+0000] {dag.py:3441} INFO - Setting next_dagrun for tutorial_dag to None, run_after=None
[2024-06-14T21:57:36.792+0000] {processor.py:175} INFO - Processing /home/airflow/.local/lib/python3.7/site-packages/airflow/example_dags/tutorial_dag.py took 0.069 seconds
[2024-06-14T21:58:07.330+0000] {processor.py:153} INFO - Started process (PID=817) to work on /home/airflow/.local/lib/python3.7/site-packages/airflow/example_dags/tutorial_dag.py
[2024-06-14T21:58:07.331+0000] {processor.py:743} INFO - Processing file /home/airflow/.local/lib/python3.7/site-packages/airflow/example_dags/tutorial_dag.py for tasks to queue
[2024-06-14T21:58:07.332+0000] {logging_mixin.py:137} INFO - [2024-06-14T21:58:07.331+0000] {dagbag.py:538} INFO - Filling up the DagBag from /home/airflow/.local/lib/python3.7/site-packages/airflow/example_dags/tutorial_dag.py
[2024-06-14T21:58:07.342+0000] {processor.py:753} INFO - DAG(s) dict_keys(['tutorial_dag']) retrieved from /home/airflow/.local/lib/python3.7/site-packages/airflow/example_dags/tutorial_dag.py
[2024-06-14T21:58:07.364+0000] {logging_mixin.py:137} INFO - [2024-06-14T21:58:07.364+0000] {dag.py:2690} INFO - Sync 1 DAGs
[2024-06-14T21:58:07.382+0000] {logging_mixin.py:137} INFO - [2024-06-14T21:58:07.382+0000] {dag.py:3441} INFO - Setting next_dagrun for tutorial_dag to None, run_after=None
[2024-06-14T21:58:07.395+0000] {processor.py:175} INFO - Processing /home/airflow/.local/lib/python3.7/site-packages/airflow/example_dags/tutorial_dag.py took 0.068 seconds
[2024-06-14T21:58:37.881+0000] {processor.py:153} INFO - Started process (PID=867) to work on /home/airflow/.local/lib/python3.7/site-packages/airflow/example_dags/tutorial_dag.py
[2024-06-14T21:58:37.882+0000] {processor.py:743} INFO - Processing file /home/airflow/.local/lib/python3.7/site-packages/airflow/example_dags/tutorial_dag.py for tasks to queue
[2024-06-14T21:58:37.883+0000] {logging_mixin.py:137} INFO - [2024-06-14T21:58:37.883+0000] {dagbag.py:538} INFO - Filling up the DagBag from /home/airflow/.local/lib/python3.7/site-packages/airflow/example_dags/tutorial_dag.py
[2024-06-14T21:58:37.894+0000] {processor.py:753} INFO - DAG(s) dict_keys(['tutorial_dag']) retrieved from /home/airflow/.local/lib/python3.7/site-packages/airflow/example_dags/tutorial_dag.py
[2024-06-14T21:58:37.915+0000] {logging_mixin.py:137} INFO - [2024-06-14T21:58:37.915+0000] {dag.py:2690} INFO - Sync 1 DAGs
[2024-06-14T21:58:37.931+0000] {logging_mixin.py:137} INFO - [2024-06-14T21:58:37.931+0000] {dag.py:3441} INFO - Setting next_dagrun for tutorial_dag to None, run_after=None
[2024-06-14T21:58:37.944+0000] {processor.py:175} INFO - Processing /home/airflow/.local/lib/python3.7/site-packages/airflow/example_dags/tutorial_dag.py took 0.066 seconds
[2024-06-14T21:59:08.409+0000] {processor.py:153} INFO - Started process (PID=917) to work on /home/airflow/.local/lib/python3.7/site-packages/airflow/example_dags/tutorial_dag.py
[2024-06-14T21:59:08.410+0000] {processor.py:743} INFO - Processing file /home/airflow/.local/lib/python3.7/site-packages/airflow/example_dags/tutorial_dag.py for tasks to queue
[2024-06-14T21:59:08.411+0000] {logging_mixin.py:137} INFO - [2024-06-14T21:59:08.411+0000] {dagbag.py:538} INFO - Filling up the DagBag from /home/airflow/.local/lib/python3.7/site-packages/airflow/example_dags/tutorial_dag.py
[2024-06-14T21:59:08.421+0000] {processor.py:753} INFO - DAG(s) dict_keys(['tutorial_dag']) retrieved from /home/airflow/.local/lib/python3.7/site-packages/airflow/example_dags/tutorial_dag.py
[2024-06-14T21:59:08.442+0000] {logging_mixin.py:137} INFO - [2024-06-14T21:59:08.442+0000] {dag.py:2690} INFO - Sync 1 DAGs
[2024-06-14T21:59:08.459+0000] {logging_mixin.py:137} INFO - [2024-06-14T21:59:08.459+0000] {dag.py:3441} INFO - Setting next_dagrun for tutorial_dag to None, run_after=None
[2024-06-14T21:59:08.472+0000] {processor.py:175} INFO - Processing /home/airflow/.local/lib/python3.7/site-packages/airflow/example_dags/tutorial_dag.py took 0.067 seconds
[2024-06-14T21:59:38.976+0000] {processor.py:153} INFO - Started process (PID=967) to work on /home/airflow/.local/lib/python3.7/site-packages/airflow/example_dags/tutorial_dag.py
[2024-06-14T21:59:38.978+0000] {processor.py:743} INFO - Processing file /home/airflow/.local/lib/python3.7/site-packages/airflow/example_dags/tutorial_dag.py for tasks to queue
[2024-06-14T21:59:38.979+0000] {logging_mixin.py:137} INFO - [2024-06-14T21:59:38.979+0000] {dagbag.py:538} INFO - Filling up the DagBag from /home/airflow/.local/lib/python3.7/site-packages/airflow/example_dags/tutorial_dag.py
[2024-06-14T21:59:38.989+0000] {processor.py:753} INFO - DAG(s) dict_keys(['tutorial_dag']) retrieved from /home/airflow/.local/lib/python3.7/site-packages/airflow/example_dags/tutorial_dag.py
[2024-06-14T21:59:39.011+0000] {logging_mixin.py:137} INFO - [2024-06-14T21:59:39.011+0000] {dag.py:2690} INFO - Sync 1 DAGs
[2024-06-14T21:59:39.030+0000] {logging_mixin.py:137} INFO - [2024-06-14T21:59:39.029+0000] {dag.py:3441} INFO - Setting next_dagrun for tutorial_dag to None, run_after=None
[2024-06-14T21:59:39.042+0000] {processor.py:175} INFO - Processing /home/airflow/.local/lib/python3.7/site-packages/airflow/example_dags/tutorial_dag.py took 0.069 seconds
[2024-06-14T22:00:09.398+0000] {processor.py:153} INFO - Started process (PID=1017) to work on /home/airflow/.local/lib/python3.7/site-packages/airflow/example_dags/tutorial_dag.py
[2024-06-14T22:00:09.400+0000] {processor.py:743} INFO - Processing file /home/airflow/.local/lib/python3.7/site-packages/airflow/example_dags/tutorial_dag.py for tasks to queue
[2024-06-14T22:00:09.401+0000] {logging_mixin.py:137} INFO - [2024-06-14T22:00:09.400+0000] {dagbag.py:538} INFO - Filling up the DagBag from /home/airflow/.local/lib/python3.7/site-packages/airflow/example_dags/tutorial_dag.py
[2024-06-14T22:00:09.411+0000] {processor.py:753} INFO - DAG(s) dict_keys(['tutorial_dag']) retrieved from /home/airflow/.local/lib/python3.7/site-packages/airflow/example_dags/tutorial_dag.py
[2024-06-14T22:00:09.433+0000] {logging_mixin.py:137} INFO - [2024-06-14T22:00:09.433+0000] {dag.py:2690} INFO - Sync 1 DAGs
[2024-06-14T22:00:09.450+0000] {logging_mixin.py:137} INFO - [2024-06-14T22:00:09.450+0000] {dag.py:3441} INFO - Setting next_dagrun for tutorial_dag to None, run_after=None
[2024-06-14T22:00:09.462+0000] {processor.py:175} INFO - Processing /home/airflow/.local/lib/python3.7/site-packages/airflow/example_dags/tutorial_dag.py took 0.067 seconds
[2024-06-14T22:00:39.885+0000] {processor.py:153} INFO - Started process (PID=1067) to work on /home/airflow/.local/lib/python3.7/site-packages/airflow/example_dags/tutorial_dag.py
[2024-06-14T22:00:39.886+0000] {processor.py:743} INFO - Processing file /home/airflow/.local/lib/python3.7/site-packages/airflow/example_dags/tutorial_dag.py for tasks to queue
[2024-06-14T22:00:39.887+0000] {logging_mixin.py:137} INFO - [2024-06-14T22:00:39.887+0000] {dagbag.py:538} INFO - Filling up the DagBag from /home/airflow/.local/lib/python3.7/site-packages/airflow/example_dags/tutorial_dag.py
[2024-06-14T22:00:39.898+0000] {processor.py:753} INFO - DAG(s) dict_keys(['tutorial_dag']) retrieved from /home/airflow/.local/lib/python3.7/site-packages/airflow/example_dags/tutorial_dag.py
[2024-06-14T22:00:39.920+0000] {logging_mixin.py:137} INFO - [2024-06-14T22:00:39.920+0000] {dag.py:2690} INFO - Sync 1 DAGs
[2024-06-14T22:00:39.937+0000] {logging_mixin.py:137} INFO - [2024-06-14T22:00:39.937+0000] {dag.py:3441} INFO - Setting next_dagrun for tutorial_dag to None, run_after=None
[2024-06-14T22:00:39.951+0000] {processor.py:175} INFO - Processing /home/airflow/.local/lib/python3.7/site-packages/airflow/example_dags/tutorial_dag.py took 0.069 seconds
[2024-06-14T22:01:10.435+0000] {processor.py:153} INFO - Started process (PID=1116) to work on /home/airflow/.local/lib/python3.7/site-packages/airflow/example_dags/tutorial_dag.py
[2024-06-14T22:01:10.436+0000] {processor.py:743} INFO - Processing file /home/airflow/.local/lib/python3.7/site-packages/airflow/example_dags/tutorial_dag.py for tasks to queue
[2024-06-14T22:01:10.437+0000] {logging_mixin.py:137} INFO - [2024-06-14T22:01:10.437+0000] {dagbag.py:538} INFO - Filling up the DagBag from /home/airflow/.local/lib/python3.7/site-packages/airflow/example_dags/tutorial_dag.py
[2024-06-14T22:01:10.448+0000] {processor.py:753} INFO - DAG(s) dict_keys(['tutorial_dag']) retrieved from /home/airflow/.local/lib/python3.7/site-packages/airflow/example_dags/tutorial_dag.py
[2024-06-14T22:01:10.475+0000] {logging_mixin.py:137} INFO - [2024-06-14T22:01:10.474+0000] {dag.py:2690} INFO - Sync 1 DAGs
[2024-06-14T22:01:10.492+0000] {logging_mixin.py:137} INFO - [2024-06-14T22:01:10.492+0000] {dag.py:3441} INFO - Setting next_dagrun for tutorial_dag to None, run_after=None
[2024-06-14T22:01:10.505+0000] {processor.py:175} INFO - Processing /home/airflow/.local/lib/python3.7/site-packages/airflow/example_dags/tutorial_dag.py took 0.074 seconds
[2024-06-14T22:01:40.885+0000] {processor.py:153} INFO - Started process (PID=1166) to work on /home/airflow/.local/lib/python3.7/site-packages/airflow/example_dags/tutorial_dag.py
[2024-06-14T22:01:40.886+0000] {processor.py:743} INFO - Processing file /home/airflow/.local/lib/python3.7/site-packages/airflow/example_dags/tutorial_dag.py for tasks to queue
[2024-06-14T22:01:40.887+0000] {logging_mixin.py:137} INFO - [2024-06-14T22:01:40.887+0000] {dagbag.py:538} INFO - Filling up the DagBag from /home/airflow/.local/lib/python3.7/site-packages/airflow/example_dags/tutorial_dag.py
[2024-06-14T22:01:40.897+0000] {processor.py:753} INFO - DAG(s) dict_keys(['tutorial_dag']) retrieved from /home/airflow/.local/lib/python3.7/site-packages/airflow/example_dags/tutorial_dag.py
[2024-06-14T22:01:40.919+0000] {logging_mixin.py:137} INFO - [2024-06-14T22:01:40.919+0000] {dag.py:2690} INFO - Sync 1 DAGs
[2024-06-14T22:01:40.935+0000] {logging_mixin.py:137} INFO - [2024-06-14T22:01:40.935+0000] {dag.py:3441} INFO - Setting next_dagrun for tutorial_dag to None, run_after=None
[2024-06-14T22:01:40.948+0000] {processor.py:175} INFO - Processing /home/airflow/.local/lib/python3.7/site-packages/airflow/example_dags/tutorial_dag.py took 0.065 seconds
[2024-06-14T22:02:11.431+0000] {processor.py:153} INFO - Started process (PID=1216) to work on /home/airflow/.local/lib/python3.7/site-packages/airflow/example_dags/tutorial_dag.py
[2024-06-14T22:02:11.433+0000] {processor.py:743} INFO - Processing file /home/airflow/.local/lib/python3.7/site-packages/airflow/example_dags/tutorial_dag.py for tasks to queue
[2024-06-14T22:02:11.434+0000] {logging_mixin.py:137} INFO - [2024-06-14T22:02:11.433+0000] {dagbag.py:538} INFO - Filling up the DagBag from /home/airflow/.local/lib/python3.7/site-packages/airflow/example_dags/tutorial_dag.py
[2024-06-14T22:02:11.444+0000] {processor.py:753} INFO - DAG(s) dict_keys(['tutorial_dag']) retrieved from /home/airflow/.local/lib/python3.7/site-packages/airflow/example_dags/tutorial_dag.py
[2024-06-14T22:02:11.467+0000] {logging_mixin.py:137} INFO - [2024-06-14T22:02:11.467+0000] {dag.py:2690} INFO - Sync 1 DAGs
[2024-06-14T22:02:11.484+0000] {logging_mixin.py:137} INFO - [2024-06-14T22:02:11.484+0000] {dag.py:3441} INFO - Setting next_dagrun for tutorial_dag to None, run_after=None
[2024-06-14T22:02:11.497+0000] {processor.py:175} INFO - Processing /home/airflow/.local/lib/python3.7/site-packages/airflow/example_dags/tutorial_dag.py took 0.069 seconds
[2024-06-14T22:02:42.158+0000] {processor.py:153} INFO - Started process (PID=1266) to work on /home/airflow/.local/lib/python3.7/site-packages/airflow/example_dags/tutorial_dag.py
[2024-06-14T22:02:42.159+0000] {processor.py:743} INFO - Processing file /home/airflow/.local/lib/python3.7/site-packages/airflow/example_dags/tutorial_dag.py for tasks to queue
[2024-06-14T22:02:42.160+0000] {logging_mixin.py:137} INFO - [2024-06-14T22:02:42.160+0000] {dagbag.py:538} INFO - Filling up the DagBag from /home/airflow/.local/lib/python3.7/site-packages/airflow/example_dags/tutorial_dag.py
[2024-06-14T22:02:42.170+0000] {processor.py:753} INFO - DAG(s) dict_keys(['tutorial_dag']) retrieved from /home/airflow/.local/lib/python3.7/site-packages/airflow/example_dags/tutorial_dag.py
[2024-06-14T22:02:42.193+0000] {logging_mixin.py:137} INFO - [2024-06-14T22:02:42.192+0000] {dag.py:2690} INFO - Sync 1 DAGs
[2024-06-14T22:02:42.209+0000] {logging_mixin.py:137} INFO - [2024-06-14T22:02:42.209+0000] {dag.py:3441} INFO - Setting next_dagrun for tutorial_dag to None, run_after=None
[2024-06-14T22:02:42.224+0000] {processor.py:175} INFO - Processing /home/airflow/.local/lib/python3.7/site-packages/airflow/example_dags/tutorial_dag.py took 0.069 seconds
[2024-06-14T22:03:12.660+0000] {processor.py:153} INFO - Started process (PID=1316) to work on /home/airflow/.local/lib/python3.7/site-packages/airflow/example_dags/tutorial_dag.py
[2024-06-14T22:03:12.662+0000] {processor.py:743} INFO - Processing file /home/airflow/.local/lib/python3.7/site-packages/airflow/example_dags/tutorial_dag.py for tasks to queue
[2024-06-14T22:03:12.663+0000] {logging_mixin.py:137} INFO - [2024-06-14T22:03:12.663+0000] {dagbag.py:538} INFO - Filling up the DagBag from /home/airflow/.local/lib/python3.7/site-packages/airflow/example_dags/tutorial_dag.py
[2024-06-14T22:03:12.673+0000] {processor.py:753} INFO - DAG(s) dict_keys(['tutorial_dag']) retrieved from /home/airflow/.local/lib/python3.7/site-packages/airflow/example_dags/tutorial_dag.py
[2024-06-14T22:03:12.695+0000] {logging_mixin.py:137} INFO - [2024-06-14T22:03:12.695+0000] {dag.py:2690} INFO - Sync 1 DAGs
[2024-06-14T22:03:12.712+0000] {logging_mixin.py:137} INFO - [2024-06-14T22:03:12.712+0000] {dag.py:3441} INFO - Setting next_dagrun for tutorial_dag to None, run_after=None
[2024-06-14T22:03:12.724+0000] {processor.py:175} INFO - Processing /home/airflow/.local/lib/python3.7/site-packages/airflow/example_dags/tutorial_dag.py took 0.067 seconds
[2024-06-14T22:03:43.124+0000] {processor.py:153} INFO - Started process (PID=1366) to work on /home/airflow/.local/lib/python3.7/site-packages/airflow/example_dags/tutorial_dag.py
[2024-06-14T22:03:43.126+0000] {processor.py:743} INFO - Processing file /home/airflow/.local/lib/python3.7/site-packages/airflow/example_dags/tutorial_dag.py for tasks to queue
[2024-06-14T22:03:43.127+0000] {logging_mixin.py:137} INFO - [2024-06-14T22:03:43.127+0000] {dagbag.py:538} INFO - Filling up the DagBag from /home/airflow/.local/lib/python3.7/site-packages/airflow/example_dags/tutorial_dag.py
[2024-06-14T22:03:43.137+0000] {processor.py:753} INFO - DAG(s) dict_keys(['tutorial_dag']) retrieved from /home/airflow/.local/lib/python3.7/site-packages/airflow/example_dags/tutorial_dag.py
[2024-06-14T22:03:43.159+0000] {logging_mixin.py:137} INFO - [2024-06-14T22:03:43.159+0000] {dag.py:2690} INFO - Sync 1 DAGs
[2024-06-14T22:03:43.175+0000] {logging_mixin.py:137} INFO - [2024-06-14T22:03:43.175+0000] {dag.py:3441} INFO - Setting next_dagrun for tutorial_dag to None, run_after=None
[2024-06-14T22:03:43.187+0000] {processor.py:175} INFO - Processing /home/airflow/.local/lib/python3.7/site-packages/airflow/example_dags/tutorial_dag.py took 0.065 seconds
[2024-06-14T22:04:13.569+0000] {processor.py:153} INFO - Started process (PID=1416) to work on /home/airflow/.local/lib/python3.7/site-packages/airflow/example_dags/tutorial_dag.py
[2024-06-14T22:04:13.570+0000] {processor.py:743} INFO - Processing file /home/airflow/.local/lib/python3.7/site-packages/airflow/example_dags/tutorial_dag.py for tasks to queue
[2024-06-14T22:04:13.571+0000] {logging_mixin.py:137} INFO - [2024-06-14T22:04:13.571+0000] {dagbag.py:538} INFO - Filling up the DagBag from /home/airflow/.local/lib/python3.7/site-packages/airflow/example_dags/tutorial_dag.py
[2024-06-14T22:04:13.582+0000] {processor.py:753} INFO - DAG(s) dict_keys(['tutorial_dag']) retrieved from /home/airflow/.local/lib/python3.7/site-packages/airflow/example_dags/tutorial_dag.py
[2024-06-14T22:04:13.607+0000] {logging_mixin.py:137} INFO - [2024-06-14T22:04:13.607+0000] {dag.py:2690} INFO - Sync 1 DAGs
[2024-06-14T22:04:13.626+0000] {logging_mixin.py:137} INFO - [2024-06-14T22:04:13.625+0000] {dag.py:3441} INFO - Setting next_dagrun for tutorial_dag to None, run_after=None
[2024-06-14T22:04:13.643+0000] {processor.py:175} INFO - Processing /home/airflow/.local/lib/python3.7/site-packages/airflow/example_dags/tutorial_dag.py took 0.077 seconds
[2024-06-14T22:04:44.283+0000] {processor.py:153} INFO - Started process (PID=1465) to work on /home/airflow/.local/lib/python3.7/site-packages/airflow/example_dags/tutorial_dag.py
[2024-06-14T22:04:44.284+0000] {processor.py:743} INFO - Processing file /home/airflow/.local/lib/python3.7/site-packages/airflow/example_dags/tutorial_dag.py for tasks to queue
[2024-06-14T22:04:44.285+0000] {logging_mixin.py:137} INFO - [2024-06-14T22:04:44.285+0000] {dagbag.py:538} INFO - Filling up the DagBag from /home/airflow/.local/lib/python3.7/site-packages/airflow/example_dags/tutorial_dag.py
[2024-06-14T22:04:44.295+0000] {processor.py:753} INFO - DAG(s) dict_keys(['tutorial_dag']) retrieved from /home/airflow/.local/lib/python3.7/site-packages/airflow/example_dags/tutorial_dag.py
[2024-06-14T22:04:44.317+0000] {logging_mixin.py:137} INFO - [2024-06-14T22:04:44.317+0000] {dag.py:2690} INFO - Sync 1 DAGs
[2024-06-14T22:04:44.334+0000] {logging_mixin.py:137} INFO - [2024-06-14T22:04:44.334+0000] {dag.py:3441} INFO - Setting next_dagrun for tutorial_dag to None, run_after=None
[2024-06-14T22:04:44.347+0000] {processor.py:175} INFO - Processing /home/airflow/.local/lib/python3.7/site-packages/airflow/example_dags/tutorial_dag.py took 0.067 seconds
[2024-06-14T22:05:14.821+0000] {processor.py:153} INFO - Started process (PID=1514) to work on /home/airflow/.local/lib/python3.7/site-packages/airflow/example_dags/tutorial_dag.py
[2024-06-14T22:05:14.823+0000] {processor.py:743} INFO - Processing file /home/airflow/.local/lib/python3.7/site-packages/airflow/example_dags/tutorial_dag.py for tasks to queue
[2024-06-14T22:05:14.823+0000] {logging_mixin.py:137} INFO - [2024-06-14T22:05:14.823+0000] {dagbag.py:538} INFO - Filling up the DagBag from /home/airflow/.local/lib/python3.7/site-packages/airflow/example_dags/tutorial_dag.py
[2024-06-14T22:05:14.834+0000] {processor.py:753} INFO - DAG(s) dict_keys(['tutorial_dag']) retrieved from /home/airflow/.local/lib/python3.7/site-packages/airflow/example_dags/tutorial_dag.py
[2024-06-14T22:05:14.856+0000] {logging_mixin.py:137} INFO - [2024-06-14T22:05:14.856+0000] {dag.py:2690} INFO - Sync 1 DAGs
[2024-06-14T22:05:14.874+0000] {logging_mixin.py:137} INFO - [2024-06-14T22:05:14.873+0000] {dag.py:3441} INFO - Setting next_dagrun for tutorial_dag to None, run_after=None
[2024-06-14T22:05:14.887+0000] {processor.py:175} INFO - Processing /home/airflow/.local/lib/python3.7/site-packages/airflow/example_dags/tutorial_dag.py took 0.069 seconds
[2024-06-14T22:05:45.431+0000] {processor.py:153} INFO - Started process (PID=1564) to work on /home/airflow/.local/lib/python3.7/site-packages/airflow/example_dags/tutorial_dag.py
[2024-06-14T22:05:45.432+0000] {processor.py:743} INFO - Processing file /home/airflow/.local/lib/python3.7/site-packages/airflow/example_dags/tutorial_dag.py for tasks to queue
[2024-06-14T22:05:45.433+0000] {logging_mixin.py:137} INFO - [2024-06-14T22:05:45.433+0000] {dagbag.py:538} INFO - Filling up the DagBag from /home/airflow/.local/lib/python3.7/site-packages/airflow/example_dags/tutorial_dag.py
[2024-06-14T22:05:45.444+0000] {processor.py:753} INFO - DAG(s) dict_keys(['tutorial_dag']) retrieved from /home/airflow/.local/lib/python3.7/site-packages/airflow/example_dags/tutorial_dag.py
[2024-06-14T22:05:45.467+0000] {logging_mixin.py:137} INFO - [2024-06-14T22:05:45.467+0000] {dag.py:2690} INFO - Sync 1 DAGs
[2024-06-14T22:05:45.483+0000] {logging_mixin.py:137} INFO - [2024-06-14T22:05:45.483+0000] {dag.py:3441} INFO - Setting next_dagrun for tutorial_dag to None, run_after=None
[2024-06-14T22:05:45.497+0000] {processor.py:175} INFO - Processing /home/airflow/.local/lib/python3.7/site-packages/airflow/example_dags/tutorial_dag.py took 0.069 seconds
[2024-06-14T22:06:16.040+0000] {processor.py:153} INFO - Started process (PID=1614) to work on /home/airflow/.local/lib/python3.7/site-packages/airflow/example_dags/tutorial_dag.py
[2024-06-14T22:06:16.042+0000] {processor.py:743} INFO - Processing file /home/airflow/.local/lib/python3.7/site-packages/airflow/example_dags/tutorial_dag.py for tasks to queue
[2024-06-14T22:06:16.044+0000] {logging_mixin.py:137} INFO - [2024-06-14T22:06:16.043+0000] {dagbag.py:538} INFO - Filling up the DagBag from /home/airflow/.local/lib/python3.7/site-packages/airflow/example_dags/tutorial_dag.py
[2024-06-14T22:06:16.055+0000] {processor.py:753} INFO - DAG(s) dict_keys(['tutorial_dag']) retrieved from /home/airflow/.local/lib/python3.7/site-packages/airflow/example_dags/tutorial_dag.py
[2024-06-14T22:06:16.080+0000] {logging_mixin.py:137} INFO - [2024-06-14T22:06:16.080+0000] {dag.py:2690} INFO - Sync 1 DAGs
[2024-06-14T22:06:16.099+0000] {logging_mixin.py:137} INFO - [2024-06-14T22:06:16.099+0000] {dag.py:3441} INFO - Setting next_dagrun for tutorial_dag to None, run_after=None
[2024-06-14T22:06:16.115+0000] {processor.py:175} INFO - Processing /home/airflow/.local/lib/python3.7/site-packages/airflow/example_dags/tutorial_dag.py took 0.078 seconds
[2024-06-14T22:06:46.596+0000] {processor.py:153} INFO - Started process (PID=1664) to work on /home/airflow/.local/lib/python3.7/site-packages/airflow/example_dags/tutorial_dag.py
[2024-06-14T22:06:46.598+0000] {processor.py:743} INFO - Processing file /home/airflow/.local/lib/python3.7/site-packages/airflow/example_dags/tutorial_dag.py for tasks to queue
[2024-06-14T22:06:46.598+0000] {logging_mixin.py:137} INFO - [2024-06-14T22:06:46.598+0000] {dagbag.py:538} INFO - Filling up the DagBag from /home/airflow/.local/lib/python3.7/site-packages/airflow/example_dags/tutorial_dag.py
[2024-06-14T22:06:46.609+0000] {processor.py:753} INFO - DAG(s) dict_keys(['tutorial_dag']) retrieved from /home/airflow/.local/lib/python3.7/site-packages/airflow/example_dags/tutorial_dag.py
[2024-06-14T22:06:46.631+0000] {logging_mixin.py:137} INFO - [2024-06-14T22:06:46.630+0000] {dag.py:2690} INFO - Sync 1 DAGs
[2024-06-14T22:06:46.647+0000] {logging_mixin.py:137} INFO - [2024-06-14T22:06:46.647+0000] {dag.py:3441} INFO - Setting next_dagrun for tutorial_dag to None, run_after=None
[2024-06-14T22:06:46.661+0000] {processor.py:175} INFO - Processing /home/airflow/.local/lib/python3.7/site-packages/airflow/example_dags/tutorial_dag.py took 0.068 seconds
[2024-06-14T22:07:17.091+0000] {processor.py:153} INFO - Started process (PID=1714) to work on /home/airflow/.local/lib/python3.7/site-packages/airflow/example_dags/tutorial_dag.py
[2024-06-14T22:07:17.092+0000] {processor.py:743} INFO - Processing file /home/airflow/.local/lib/python3.7/site-packages/airflow/example_dags/tutorial_dag.py for tasks to queue
[2024-06-14T22:07:17.093+0000] {logging_mixin.py:137} INFO - [2024-06-14T22:07:17.093+0000] {dagbag.py:538} INFO - Filling up the DagBag from /home/airflow/.local/lib/python3.7/site-packages/airflow/example_dags/tutorial_dag.py
[2024-06-14T22:07:17.104+0000] {processor.py:753} INFO - DAG(s) dict_keys(['tutorial_dag']) retrieved from /home/airflow/.local/lib/python3.7/site-packages/airflow/example_dags/tutorial_dag.py
[2024-06-14T22:07:17.127+0000] {logging_mixin.py:137} INFO - [2024-06-14T22:07:17.127+0000] {dag.py:2690} INFO - Sync 1 DAGs
[2024-06-14T22:07:17.144+0000] {logging_mixin.py:137} INFO - [2024-06-14T22:07:17.144+0000] {dag.py:3441} INFO - Setting next_dagrun for tutorial_dag to None, run_after=None
[2024-06-14T22:07:17.160+0000] {processor.py:175} INFO - Processing /home/airflow/.local/lib/python3.7/site-packages/airflow/example_dags/tutorial_dag.py took 0.072 seconds
[2024-06-14T22:07:47.687+0000] {processor.py:153} INFO - Started process (PID=1764) to work on /home/airflow/.local/lib/python3.7/site-packages/airflow/example_dags/tutorial_dag.py
[2024-06-14T22:07:47.688+0000] {processor.py:743} INFO - Processing file /home/airflow/.local/lib/python3.7/site-packages/airflow/example_dags/tutorial_dag.py for tasks to queue
[2024-06-14T22:07:47.690+0000] {logging_mixin.py:137} INFO - [2024-06-14T22:07:47.689+0000] {dagbag.py:538} INFO - Filling up the DagBag from /home/airflow/.local/lib/python3.7/site-packages/airflow/example_dags/tutorial_dag.py
[2024-06-14T22:07:47.701+0000] {processor.py:753} INFO - DAG(s) dict_keys(['tutorial_dag']) retrieved from /home/airflow/.local/lib/python3.7/site-packages/airflow/example_dags/tutorial_dag.py
[2024-06-14T22:07:47.724+0000] {logging_mixin.py:137} INFO - [2024-06-14T22:07:47.724+0000] {dag.py:2690} INFO - Sync 1 DAGs
[2024-06-14T22:07:47.743+0000] {logging_mixin.py:137} INFO - [2024-06-14T22:07:47.742+0000] {dag.py:3441} INFO - Setting next_dagrun for tutorial_dag to None, run_after=None
[2024-06-14T22:07:47.759+0000] {processor.py:175} INFO - Processing /home/airflow/.local/lib/python3.7/site-packages/airflow/example_dags/tutorial_dag.py took 0.075 seconds
[2024-06-14T22:08:18.290+0000] {processor.py:153} INFO - Started process (PID=1814) to work on /home/airflow/.local/lib/python3.7/site-packages/airflow/example_dags/tutorial_dag.py
[2024-06-14T22:08:18.291+0000] {processor.py:743} INFO - Processing file /home/airflow/.local/lib/python3.7/site-packages/airflow/example_dags/tutorial_dag.py for tasks to queue
[2024-06-14T22:08:18.292+0000] {logging_mixin.py:137} INFO - [2024-06-14T22:08:18.292+0000] {dagbag.py:538} INFO - Filling up the DagBag from /home/airflow/.local/lib/python3.7/site-packages/airflow/example_dags/tutorial_dag.py
[2024-06-14T22:08:18.302+0000] {processor.py:753} INFO - DAG(s) dict_keys(['tutorial_dag']) retrieved from /home/airflow/.local/lib/python3.7/site-packages/airflow/example_dags/tutorial_dag.py
[2024-06-14T22:08:18.324+0000] {logging_mixin.py:137} INFO - [2024-06-14T22:08:18.324+0000] {dag.py:2690} INFO - Sync 1 DAGs
[2024-06-14T22:08:18.341+0000] {logging_mixin.py:137} INFO - [2024-06-14T22:08:18.340+0000] {dag.py:3441} INFO - Setting next_dagrun for tutorial_dag to None, run_after=None
[2024-06-14T22:08:18.353+0000] {processor.py:175} INFO - Processing /home/airflow/.local/lib/python3.7/site-packages/airflow/example_dags/tutorial_dag.py took 0.065 seconds
[2024-06-14T22:08:48.921+0000] {processor.py:153} INFO - Started process (PID=1864) to work on /home/airflow/.local/lib/python3.7/site-packages/airflow/example_dags/tutorial_dag.py
[2024-06-14T22:08:48.923+0000] {processor.py:743} INFO - Processing file /home/airflow/.local/lib/python3.7/site-packages/airflow/example_dags/tutorial_dag.py for tasks to queue
[2024-06-14T22:08:48.924+0000] {logging_mixin.py:137} INFO - [2024-06-14T22:08:48.924+0000] {dagbag.py:538} INFO - Filling up the DagBag from /home/airflow/.local/lib/python3.7/site-packages/airflow/example_dags/tutorial_dag.py
[2024-06-14T22:08:48.934+0000] {processor.py:753} INFO - DAG(s) dict_keys(['tutorial_dag']) retrieved from /home/airflow/.local/lib/python3.7/site-packages/airflow/example_dags/tutorial_dag.py
[2024-06-14T22:08:48.956+0000] {logging_mixin.py:137} INFO - [2024-06-14T22:08:48.955+0000] {dag.py:2690} INFO - Sync 1 DAGs
[2024-06-14T22:08:48.972+0000] {logging_mixin.py:137} INFO - [2024-06-14T22:08:48.972+0000] {dag.py:3441} INFO - Setting next_dagrun for tutorial_dag to None, run_after=None
[2024-06-14T22:08:48.985+0000] {processor.py:175} INFO - Processing /home/airflow/.local/lib/python3.7/site-packages/airflow/example_dags/tutorial_dag.py took 0.067 seconds
[2024-06-14T22:09:19.488+0000] {processor.py:153} INFO - Started process (PID=1914) to work on /home/airflow/.local/lib/python3.7/site-packages/airflow/example_dags/tutorial_dag.py
[2024-06-14T22:09:19.490+0000] {processor.py:743} INFO - Processing file /home/airflow/.local/lib/python3.7/site-packages/airflow/example_dags/tutorial_dag.py for tasks to queue
[2024-06-14T22:09:19.491+0000] {logging_mixin.py:137} INFO - [2024-06-14T22:09:19.490+0000] {dagbag.py:538} INFO - Filling up the DagBag from /home/airflow/.local/lib/python3.7/site-packages/airflow/example_dags/tutorial_dag.py
[2024-06-14T22:09:19.501+0000] {processor.py:753} INFO - DAG(s) dict_keys(['tutorial_dag']) retrieved from /home/airflow/.local/lib/python3.7/site-packages/airflow/example_dags/tutorial_dag.py
[2024-06-14T22:09:19.523+0000] {logging_mixin.py:137} INFO - [2024-06-14T22:09:19.523+0000] {dag.py:2690} INFO - Sync 1 DAGs
[2024-06-14T22:09:19.540+0000] {logging_mixin.py:137} INFO - [2024-06-14T22:09:19.540+0000] {dag.py:3441} INFO - Setting next_dagrun for tutorial_dag to None, run_after=None
[2024-06-14T22:09:19.553+0000] {processor.py:175} INFO - Processing /home/airflow/.local/lib/python3.7/site-packages/airflow/example_dags/tutorial_dag.py took 0.069 seconds
[2024-06-14T22:09:49.930+0000] {processor.py:153} INFO - Started process (PID=1964) to work on /home/airflow/.local/lib/python3.7/site-packages/airflow/example_dags/tutorial_dag.py
[2024-06-14T22:09:49.931+0000] {processor.py:743} INFO - Processing file /home/airflow/.local/lib/python3.7/site-packages/airflow/example_dags/tutorial_dag.py for tasks to queue
[2024-06-14T22:09:49.932+0000] {logging_mixin.py:137} INFO - [2024-06-14T22:09:49.932+0000] {dagbag.py:538} INFO - Filling up the DagBag from /home/airflow/.local/lib/python3.7/site-packages/airflow/example_dags/tutorial_dag.py
[2024-06-14T22:09:49.942+0000] {processor.py:753} INFO - DAG(s) dict_keys(['tutorial_dag']) retrieved from /home/airflow/.local/lib/python3.7/site-packages/airflow/example_dags/tutorial_dag.py
[2024-06-14T22:09:49.963+0000] {logging_mixin.py:137} INFO - [2024-06-14T22:09:49.963+0000] {dag.py:2690} INFO - Sync 1 DAGs
[2024-06-14T22:09:49.980+0000] {logging_mixin.py:137} INFO - [2024-06-14T22:09:49.979+0000] {dag.py:3441} INFO - Setting next_dagrun for tutorial_dag to None, run_after=None
[2024-06-14T22:09:49.993+0000] {processor.py:175} INFO - Processing /home/airflow/.local/lib/python3.7/site-packages/airflow/example_dags/tutorial_dag.py took 0.066 seconds
[2024-06-14T22:10:20.422+0000] {processor.py:153} INFO - Started process (PID=2014) to work on /home/airflow/.local/lib/python3.7/site-packages/airflow/example_dags/tutorial_dag.py
[2024-06-14T22:10:20.423+0000] {processor.py:743} INFO - Processing file /home/airflow/.local/lib/python3.7/site-packages/airflow/example_dags/tutorial_dag.py for tasks to queue
[2024-06-14T22:10:20.425+0000] {logging_mixin.py:137} INFO - [2024-06-14T22:10:20.425+0000] {dagbag.py:538} INFO - Filling up the DagBag from /home/airflow/.local/lib/python3.7/site-packages/airflow/example_dags/tutorial_dag.py
[2024-06-14T22:10:20.435+0000] {processor.py:753} INFO - DAG(s) dict_keys(['tutorial_dag']) retrieved from /home/airflow/.local/lib/python3.7/site-packages/airflow/example_dags/tutorial_dag.py
[2024-06-14T22:10:20.457+0000] {logging_mixin.py:137} INFO - [2024-06-14T22:10:20.457+0000] {dag.py:2690} INFO - Sync 1 DAGs
[2024-06-14T22:10:20.475+0000] {logging_mixin.py:137} INFO - [2024-06-14T22:10:20.475+0000] {dag.py:3441} INFO - Setting next_dagrun for tutorial_dag to None, run_after=None
[2024-06-14T22:10:20.489+0000] {processor.py:175} INFO - Processing /home/airflow/.local/lib/python3.7/site-packages/airflow/example_dags/tutorial_dag.py took 0.069 seconds
[2024-06-14T22:58:50.042+0000] {processor.py:153} INFO - Started process (PID=2064) to work on /home/airflow/.local/lib/python3.7/site-packages/airflow/example_dags/tutorial_dag.py
[2024-06-14T22:58:50.043+0000] {processor.py:743} INFO - Processing file /home/airflow/.local/lib/python3.7/site-packages/airflow/example_dags/tutorial_dag.py for tasks to queue
[2024-06-14T22:58:50.044+0000] {logging_mixin.py:137} INFO - [2024-06-14T22:58:50.044+0000] {dagbag.py:538} INFO - Filling up the DagBag from /home/airflow/.local/lib/python3.7/site-packages/airflow/example_dags/tutorial_dag.py
[2024-06-14T22:58:50.055+0000] {processor.py:753} INFO - DAG(s) dict_keys(['tutorial_dag']) retrieved from /home/airflow/.local/lib/python3.7/site-packages/airflow/example_dags/tutorial_dag.py
[2024-06-14T22:58:50.084+0000] {logging_mixin.py:137} INFO - [2024-06-14T22:58:50.084+0000] {dag.py:2690} INFO - Sync 1 DAGs
[2024-06-14T22:58:50.104+0000] {logging_mixin.py:137} INFO - [2024-06-14T22:58:50.104+0000] {dag.py:3441} INFO - Setting next_dagrun for tutorial_dag to None, run_after=None
[2024-06-14T22:58:50.118+0000] {processor.py:175} INFO - Processing /home/airflow/.local/lib/python3.7/site-packages/airflow/example_dags/tutorial_dag.py took 0.080 seconds
[2024-06-14T23:14:36.991+0000] {processor.py:153} INFO - Started process (PID=2121) to work on /home/airflow/.local/lib/python3.7/site-packages/airflow/example_dags/tutorial_dag.py
[2024-06-14T23:14:36.996+0000] {processor.py:743} INFO - Processing file /home/airflow/.local/lib/python3.7/site-packages/airflow/example_dags/tutorial_dag.py for tasks to queue
[2024-06-14T23:14:36.999+0000] {logging_mixin.py:137} INFO - [2024-06-14T23:14:36.999+0000] {dagbag.py:538} INFO - Filling up the DagBag from /home/airflow/.local/lib/python3.7/site-packages/airflow/example_dags/tutorial_dag.py
[2024-06-14T23:14:37.066+0000] {processor.py:753} INFO - DAG(s) dict_keys(['tutorial_dag']) retrieved from /home/airflow/.local/lib/python3.7/site-packages/airflow/example_dags/tutorial_dag.py
[2024-06-14T23:14:37.183+0000] {logging_mixin.py:137} INFO - [2024-06-14T23:14:37.183+0000] {dag.py:2690} INFO - Sync 1 DAGs
[2024-06-14T23:14:37.282+0000] {logging_mixin.py:137} INFO - [2024-06-14T23:14:37.282+0000] {dag.py:3441} INFO - Setting next_dagrun for tutorial_dag to None, run_after=None
[2024-06-14T23:14:37.373+0000] {processor.py:175} INFO - Processing /home/airflow/.local/lib/python3.7/site-packages/airflow/example_dags/tutorial_dag.py took 0.399 seconds
