[2024-06-14T21:50:24.830+0000] {processor.py:153} INFO - Started process (PID=36) to work on /opt/airflow/dags/check_dag.py
[2024-06-14T21:50:24.834+0000] {processor.py:743} INFO - Processing file /opt/airflow/dags/check_dag.py for tasks to queue
[2024-06-14T21:50:24.836+0000] {logging_mixin.py:137} INFO - [2024-06-14T21:50:24.836+0000] {dagbag.py:538} INFO - Filling up the DagBag from /opt/airflow/dags/check_dag.py
[2024-06-14T21:50:24.872+0000] {processor.py:753} INFO - DAG(s) dict_keys(['check_dag']) retrieved from /opt/airflow/dags/check_dag.py
[2024-06-14T21:50:24.933+0000] {logging_mixin.py:137} INFO - [2024-06-14T21:50:24.933+0000] {dag.py:2690} INFO - Sync 1 DAGs
[2024-06-14T21:50:24.979+0000] {logging_mixin.py:137} INFO - [2024-06-14T21:50:24.979+0000] {dag.py:3441} INFO - Setting next_dagrun for check_dag to 2024-05-07T00:00:00+00:00, run_after=2024-06-07T00:00:00+00:00
[2024-06-14T21:50:25.006+0000] {processor.py:175} INFO - Processing /opt/airflow/dags/check_dag.py took 0.182 seconds
[2024-06-14T21:50:55.688+0000] {processor.py:153} INFO - Started process (PID=86) to work on /opt/airflow/dags/check_dag.py
[2024-06-14T21:50:55.689+0000] {processor.py:743} INFO - Processing file /opt/airflow/dags/check_dag.py for tasks to queue
[2024-06-14T21:50:55.691+0000] {logging_mixin.py:137} INFO - [2024-06-14T21:50:55.691+0000] {dagbag.py:538} INFO - Filling up the DagBag from /opt/airflow/dags/check_dag.py
[2024-06-14T21:50:55.710+0000] {processor.py:753} INFO - DAG(s) dict_keys(['check_dag']) retrieved from /opt/airflow/dags/check_dag.py
[2024-06-14T21:50:55.734+0000] {logging_mixin.py:137} INFO - [2024-06-14T21:50:55.733+0000] {dag.py:2690} INFO - Sync 1 DAGs
[2024-06-14T21:50:55.753+0000] {logging_mixin.py:137} INFO - [2024-06-14T21:50:55.753+0000] {dag.py:3441} INFO - Setting next_dagrun for check_dag to 2024-05-07T00:00:00+00:00, run_after=2024-06-07T00:00:00+00:00
[2024-06-14T21:50:55.767+0000] {processor.py:175} INFO - Processing /opt/airflow/dags/check_dag.py took 0.082 seconds
[2024-06-14T21:51:26.460+0000] {processor.py:153} INFO - Started process (PID=136) to work on /opt/airflow/dags/check_dag.py
[2024-06-14T21:51:26.461+0000] {processor.py:743} INFO - Processing file /opt/airflow/dags/check_dag.py for tasks to queue
[2024-06-14T21:51:26.462+0000] {logging_mixin.py:137} INFO - [2024-06-14T21:51:26.462+0000] {dagbag.py:538} INFO - Filling up the DagBag from /opt/airflow/dags/check_dag.py
[2024-06-14T21:51:26.478+0000] {processor.py:753} INFO - DAG(s) dict_keys(['check_dag']) retrieved from /opt/airflow/dags/check_dag.py
[2024-06-14T21:51:26.499+0000] {logging_mixin.py:137} INFO - [2024-06-14T21:51:26.499+0000] {dag.py:2690} INFO - Sync 1 DAGs
[2024-06-14T21:51:26.516+0000] {logging_mixin.py:137} INFO - [2024-06-14T21:51:26.516+0000] {dag.py:3441} INFO - Setting next_dagrun for check_dag to 2024-05-07T00:00:00+00:00, run_after=2024-06-07T00:00:00+00:00
[2024-06-14T21:51:26.531+0000] {processor.py:175} INFO - Processing /opt/airflow/dags/check_dag.py took 0.074 seconds
[2024-06-14T21:51:56.931+0000] {processor.py:153} INFO - Started process (PID=186) to work on /opt/airflow/dags/check_dag.py
[2024-06-14T21:51:56.932+0000] {processor.py:743} INFO - Processing file /opt/airflow/dags/check_dag.py for tasks to queue
[2024-06-14T21:51:56.932+0000] {logging_mixin.py:137} INFO - [2024-06-14T21:51:56.932+0000] {dagbag.py:538} INFO - Filling up the DagBag from /opt/airflow/dags/check_dag.py
[2024-06-14T21:51:56.949+0000] {processor.py:753} INFO - DAG(s) dict_keys(['check_dag']) retrieved from /opt/airflow/dags/check_dag.py
[2024-06-14T21:51:56.971+0000] {logging_mixin.py:137} INFO - [2024-06-14T21:51:56.971+0000] {dag.py:2690} INFO - Sync 1 DAGs
[2024-06-14T21:51:56.989+0000] {logging_mixin.py:137} INFO - [2024-06-14T21:51:56.989+0000] {dag.py:3441} INFO - Setting next_dagrun for check_dag to 2024-05-07T00:00:00+00:00, run_after=2024-06-07T00:00:00+00:00
[2024-06-14T21:51:57.002+0000] {processor.py:175} INFO - Processing /opt/airflow/dags/check_dag.py took 0.074 seconds
[2024-06-14T21:52:27.527+0000] {processor.py:153} INFO - Started process (PID=236) to work on /opt/airflow/dags/check_dag.py
[2024-06-14T21:52:27.528+0000] {processor.py:743} INFO - Processing file /opt/airflow/dags/check_dag.py for tasks to queue
[2024-06-14T21:52:27.529+0000] {logging_mixin.py:137} INFO - [2024-06-14T21:52:27.529+0000] {dagbag.py:538} INFO - Filling up the DagBag from /opt/airflow/dags/check_dag.py
[2024-06-14T21:52:27.546+0000] {processor.py:753} INFO - DAG(s) dict_keys(['check_dag']) retrieved from /opt/airflow/dags/check_dag.py
[2024-06-14T21:52:27.568+0000] {logging_mixin.py:137} INFO - [2024-06-14T21:52:27.567+0000] {dag.py:2690} INFO - Sync 1 DAGs
[2024-06-14T21:52:27.587+0000] {logging_mixin.py:137} INFO - [2024-06-14T21:52:27.587+0000] {dag.py:3441} INFO - Setting next_dagrun for check_dag to 2024-05-07T00:00:00+00:00, run_after=2024-06-07T00:00:00+00:00
[2024-06-14T21:52:27.600+0000] {processor.py:175} INFO - Processing /opt/airflow/dags/check_dag.py took 0.076 seconds
[2024-06-14T21:52:58.097+0000] {processor.py:153} INFO - Started process (PID=285) to work on /opt/airflow/dags/check_dag.py
[2024-06-14T21:52:58.099+0000] {processor.py:743} INFO - Processing file /opt/airflow/dags/check_dag.py for tasks to queue
[2024-06-14T21:52:58.099+0000] {logging_mixin.py:137} INFO - [2024-06-14T21:52:58.099+0000] {dagbag.py:538} INFO - Filling up the DagBag from /opt/airflow/dags/check_dag.py
[2024-06-14T21:52:58.117+0000] {processor.py:753} INFO - DAG(s) dict_keys(['check_dag']) retrieved from /opt/airflow/dags/check_dag.py
[2024-06-14T21:52:58.138+0000] {logging_mixin.py:137} INFO - [2024-06-14T21:52:58.138+0000] {dag.py:2690} INFO - Sync 1 DAGs
[2024-06-14T21:52:58.156+0000] {logging_mixin.py:137} INFO - [2024-06-14T21:52:58.156+0000] {dag.py:3441} INFO - Setting next_dagrun for check_dag to 2024-05-07T00:00:00+00:00, run_after=2024-06-07T00:00:00+00:00
[2024-06-14T21:52:58.169+0000] {processor.py:175} INFO - Processing /opt/airflow/dags/check_dag.py took 0.075 seconds
[2024-06-14T21:53:28.410+0000] {processor.py:153} INFO - Started process (PID=335) to work on /opt/airflow/dags/check_dag.py
[2024-06-14T21:53:28.411+0000] {processor.py:743} INFO - Processing file /opt/airflow/dags/check_dag.py for tasks to queue
[2024-06-14T21:53:28.413+0000] {logging_mixin.py:137} INFO - [2024-06-14T21:53:28.413+0000] {dagbag.py:538} INFO - Filling up the DagBag from /opt/airflow/dags/check_dag.py
[2024-06-14T21:53:28.441+0000] {processor.py:753} INFO - DAG(s) dict_keys(['check_dag']) retrieved from /opt/airflow/dags/check_dag.py
[2024-06-14T21:53:28.475+0000] {logging_mixin.py:137} INFO - [2024-06-14T21:53:28.475+0000] {dag.py:2690} INFO - Sync 1 DAGs
[2024-06-14T21:53:28.505+0000] {logging_mixin.py:137} INFO - [2024-06-14T21:53:28.504+0000] {dag.py:3441} INFO - Setting next_dagrun for check_dag to 2024-05-07T00:00:00+00:00, run_after=2024-06-07T00:00:00+00:00
[2024-06-14T21:53:28.540+0000] {processor.py:175} INFO - Processing /opt/airflow/dags/check_dag.py took 0.134 seconds
[2024-06-14T21:53:59.191+0000] {processor.py:153} INFO - Started process (PID=385) to work on /opt/airflow/dags/check_dag.py
[2024-06-14T21:53:59.193+0000] {processor.py:743} INFO - Processing file /opt/airflow/dags/check_dag.py for tasks to queue
[2024-06-14T21:53:59.194+0000] {logging_mixin.py:137} INFO - [2024-06-14T21:53:59.194+0000] {dagbag.py:538} INFO - Filling up the DagBag from /opt/airflow/dags/check_dag.py
[2024-06-14T21:53:59.217+0000] {processor.py:753} INFO - DAG(s) dict_keys(['check_dag']) retrieved from /opt/airflow/dags/check_dag.py
[2024-06-14T21:53:59.250+0000] {logging_mixin.py:137} INFO - [2024-06-14T21:53:59.250+0000] {dag.py:2690} INFO - Sync 1 DAGs
[2024-06-14T21:53:59.271+0000] {logging_mixin.py:137} INFO - [2024-06-14T21:53:59.271+0000] {dag.py:3441} INFO - Setting next_dagrun for check_dag to 2024-05-07T00:00:00+00:00, run_after=2024-06-07T00:00:00+00:00
[2024-06-14T21:53:59.310+0000] {processor.py:175} INFO - Processing /opt/airflow/dags/check_dag.py took 0.122 seconds
[2024-06-14T21:54:30.076+0000] {processor.py:153} INFO - Started process (PID=435) to work on /opt/airflow/dags/check_dag.py
[2024-06-14T21:54:30.078+0000] {processor.py:743} INFO - Processing file /opt/airflow/dags/check_dag.py for tasks to queue
[2024-06-14T21:54:30.079+0000] {logging_mixin.py:137} INFO - [2024-06-14T21:54:30.079+0000] {dagbag.py:538} INFO - Filling up the DagBag from /opt/airflow/dags/check_dag.py
[2024-06-14T21:54:30.101+0000] {processor.py:753} INFO - DAG(s) dict_keys(['check_dag']) retrieved from /opt/airflow/dags/check_dag.py
[2024-06-14T21:54:30.124+0000] {logging_mixin.py:137} INFO - [2024-06-14T21:54:30.124+0000] {dag.py:2690} INFO - Sync 1 DAGs
[2024-06-14T21:54:30.145+0000] {logging_mixin.py:137} INFO - [2024-06-14T21:54:30.144+0000] {dag.py:3441} INFO - Setting next_dagrun for check_dag to 2024-05-07T00:00:00+00:00, run_after=2024-06-07T00:00:00+00:00
[2024-06-14T21:54:30.157+0000] {processor.py:175} INFO - Processing /opt/airflow/dags/check_dag.py took 0.084 seconds
[2024-06-14T21:55:00.594+0000] {processor.py:153} INFO - Started process (PID=485) to work on /opt/airflow/dags/check_dag.py
[2024-06-14T21:55:00.595+0000] {processor.py:743} INFO - Processing file /opt/airflow/dags/check_dag.py for tasks to queue
[2024-06-14T21:55:00.596+0000] {logging_mixin.py:137} INFO - [2024-06-14T21:55:00.596+0000] {dagbag.py:538} INFO - Filling up the DagBag from /opt/airflow/dags/check_dag.py
[2024-06-14T21:55:00.612+0000] {processor.py:753} INFO - DAG(s) dict_keys(['check_dag']) retrieved from /opt/airflow/dags/check_dag.py
[2024-06-14T21:55:00.634+0000] {logging_mixin.py:137} INFO - [2024-06-14T21:55:00.633+0000] {dag.py:2690} INFO - Sync 1 DAGs
[2024-06-14T21:55:00.652+0000] {logging_mixin.py:137} INFO - [2024-06-14T21:55:00.652+0000] {dag.py:3441} INFO - Setting next_dagrun for check_dag to 2024-05-07T00:00:00+00:00, run_after=2024-06-07T00:00:00+00:00
[2024-06-14T21:55:00.665+0000] {processor.py:175} INFO - Processing /opt/airflow/dags/check_dag.py took 0.074 seconds
[2024-06-14T21:55:31.285+0000] {processor.py:153} INFO - Started process (PID=535) to work on /opt/airflow/dags/check_dag.py
[2024-06-14T21:55:31.286+0000] {processor.py:743} INFO - Processing file /opt/airflow/dags/check_dag.py for tasks to queue
[2024-06-14T21:55:31.287+0000] {logging_mixin.py:137} INFO - [2024-06-14T21:55:31.287+0000] {dagbag.py:538} INFO - Filling up the DagBag from /opt/airflow/dags/check_dag.py
[2024-06-14T21:55:31.305+0000] {processor.py:753} INFO - DAG(s) dict_keys(['check_dag']) retrieved from /opt/airflow/dags/check_dag.py
[2024-06-14T21:55:31.328+0000] {logging_mixin.py:137} INFO - [2024-06-14T21:55:31.328+0000] {dag.py:2690} INFO - Sync 1 DAGs
[2024-06-14T21:55:31.348+0000] {logging_mixin.py:137} INFO - [2024-06-14T21:55:31.348+0000] {dag.py:3441} INFO - Setting next_dagrun for check_dag to 2024-05-07T00:00:00+00:00, run_after=2024-06-07T00:00:00+00:00
[2024-06-14T21:55:31.364+0000] {processor.py:175} INFO - Processing /opt/airflow/dags/check_dag.py took 0.081 seconds
[2024-06-14T21:56:01.846+0000] {processor.py:153} INFO - Started process (PID=585) to work on /opt/airflow/dags/check_dag.py
[2024-06-14T21:56:01.847+0000] {processor.py:743} INFO - Processing file /opt/airflow/dags/check_dag.py for tasks to queue
[2024-06-14T21:56:01.848+0000] {logging_mixin.py:137} INFO - [2024-06-14T21:56:01.848+0000] {dagbag.py:538} INFO - Filling up the DagBag from /opt/airflow/dags/check_dag.py
[2024-06-14T21:56:01.883+0000] {processor.py:753} INFO - DAG(s) dict_keys(['check_dag']) retrieved from /opt/airflow/dags/check_dag.py
[2024-06-14T21:56:01.907+0000] {logging_mixin.py:137} INFO - [2024-06-14T21:56:01.906+0000] {dag.py:2690} INFO - Sync 1 DAGs
[2024-06-14T21:56:01.927+0000] {logging_mixin.py:137} INFO - [2024-06-14T21:56:01.927+0000] {dag.py:3441} INFO - Setting next_dagrun for check_dag to 2024-05-07T00:00:00+00:00, run_after=2024-06-07T00:00:00+00:00
[2024-06-14T21:56:01.943+0000] {processor.py:175} INFO - Processing /opt/airflow/dags/check_dag.py took 0.100 seconds
[2024-06-14T21:56:32.819+0000] {processor.py:153} INFO - Started process (PID=635) to work on /opt/airflow/dags/check_dag.py
[2024-06-14T21:56:32.821+0000] {processor.py:743} INFO - Processing file /opt/airflow/dags/check_dag.py for tasks to queue
[2024-06-14T21:56:32.822+0000] {logging_mixin.py:137} INFO - [2024-06-14T21:56:32.822+0000] {dagbag.py:538} INFO - Filling up the DagBag from /opt/airflow/dags/check_dag.py
[2024-06-14T21:56:32.841+0000] {processor.py:753} INFO - DAG(s) dict_keys(['check_dag']) retrieved from /opt/airflow/dags/check_dag.py
[2024-06-14T21:56:32.866+0000] {logging_mixin.py:137} INFO - [2024-06-14T21:56:32.866+0000] {dag.py:2690} INFO - Sync 1 DAGs
[2024-06-14T21:56:32.886+0000] {logging_mixin.py:137} INFO - [2024-06-14T21:56:32.885+0000] {dag.py:3441} INFO - Setting next_dagrun for check_dag to 2024-05-07T00:00:00+00:00, run_after=2024-06-07T00:00:00+00:00
[2024-06-14T21:56:32.899+0000] {processor.py:175} INFO - Processing /opt/airflow/dags/check_dag.py took 0.082 seconds
[2024-06-14T21:57:03.571+0000] {processor.py:153} INFO - Started process (PID=685) to work on /opt/airflow/dags/check_dag.py
[2024-06-14T21:57:03.572+0000] {processor.py:743} INFO - Processing file /opt/airflow/dags/check_dag.py for tasks to queue
[2024-06-14T21:57:03.573+0000] {logging_mixin.py:137} INFO - [2024-06-14T21:57:03.573+0000] {dagbag.py:538} INFO - Filling up the DagBag from /opt/airflow/dags/check_dag.py
[2024-06-14T21:57:03.592+0000] {processor.py:753} INFO - DAG(s) dict_keys(['check_dag']) retrieved from /opt/airflow/dags/check_dag.py
[2024-06-14T21:57:03.617+0000] {logging_mixin.py:137} INFO - [2024-06-14T21:57:03.617+0000] {dag.py:2690} INFO - Sync 1 DAGs
[2024-06-14T21:57:03.640+0000] {logging_mixin.py:137} INFO - [2024-06-14T21:57:03.640+0000] {dag.py:3441} INFO - Setting next_dagrun for check_dag to 2024-05-07T00:00:00+00:00, run_after=2024-06-07T00:00:00+00:00
[2024-06-14T21:57:03.660+0000] {processor.py:175} INFO - Processing /opt/airflow/dags/check_dag.py took 0.092 seconds
[2024-06-14T21:57:33.960+0000] {processor.py:153} INFO - Started process (PID=735) to work on /opt/airflow/dags/check_dag.py
[2024-06-14T21:57:33.961+0000] {processor.py:743} INFO - Processing file /opt/airflow/dags/check_dag.py for tasks to queue
[2024-06-14T21:57:33.962+0000] {logging_mixin.py:137} INFO - [2024-06-14T21:57:33.962+0000] {dagbag.py:538} INFO - Filling up the DagBag from /opt/airflow/dags/check_dag.py
[2024-06-14T21:57:33.982+0000] {processor.py:753} INFO - DAG(s) dict_keys(['check_dag']) retrieved from /opt/airflow/dags/check_dag.py
[2024-06-14T21:57:34.006+0000] {logging_mixin.py:137} INFO - [2024-06-14T21:57:34.006+0000] {dag.py:2690} INFO - Sync 1 DAGs
[2024-06-14T21:57:34.025+0000] {logging_mixin.py:137} INFO - [2024-06-14T21:57:34.025+0000] {dag.py:3441} INFO - Setting next_dagrun for check_dag to 2024-05-07T00:00:00+00:00, run_after=2024-06-07T00:00:00+00:00
[2024-06-14T21:57:34.040+0000] {processor.py:175} INFO - Processing /opt/airflow/dags/check_dag.py took 0.084 seconds
[2024-06-14T21:58:04.524+0000] {processor.py:153} INFO - Started process (PID=785) to work on /opt/airflow/dags/check_dag.py
[2024-06-14T21:58:04.526+0000] {processor.py:743} INFO - Processing file /opt/airflow/dags/check_dag.py for tasks to queue
[2024-06-14T21:58:04.527+0000] {logging_mixin.py:137} INFO - [2024-06-14T21:58:04.527+0000] {dagbag.py:538} INFO - Filling up the DagBag from /opt/airflow/dags/check_dag.py
[2024-06-14T21:58:04.549+0000] {processor.py:753} INFO - DAG(s) dict_keys(['check_dag']) retrieved from /opt/airflow/dags/check_dag.py
[2024-06-14T21:58:04.574+0000] {logging_mixin.py:137} INFO - [2024-06-14T21:58:04.574+0000] {dag.py:2690} INFO - Sync 1 DAGs
[2024-06-14T21:58:04.593+0000] {logging_mixin.py:137} INFO - [2024-06-14T21:58:04.593+0000] {dag.py:3441} INFO - Setting next_dagrun for check_dag to 2024-05-07T00:00:00+00:00, run_after=2024-06-07T00:00:00+00:00
[2024-06-14T21:58:04.607+0000] {processor.py:175} INFO - Processing /opt/airflow/dags/check_dag.py took 0.085 seconds
[2024-06-14T21:58:35.231+0000] {processor.py:153} INFO - Started process (PID=835) to work on /opt/airflow/dags/check_dag.py
[2024-06-14T21:58:35.233+0000] {processor.py:743} INFO - Processing file /opt/airflow/dags/check_dag.py for tasks to queue
[2024-06-14T21:58:35.234+0000] {logging_mixin.py:137} INFO - [2024-06-14T21:58:35.234+0000] {dagbag.py:538} INFO - Filling up the DagBag from /opt/airflow/dags/check_dag.py
[2024-06-14T21:58:35.251+0000] {processor.py:753} INFO - DAG(s) dict_keys(['check_dag']) retrieved from /opt/airflow/dags/check_dag.py
[2024-06-14T21:58:35.274+0000] {logging_mixin.py:137} INFO - [2024-06-14T21:58:35.274+0000] {dag.py:2690} INFO - Sync 1 DAGs
[2024-06-14T21:58:35.294+0000] {logging_mixin.py:137} INFO - [2024-06-14T21:58:35.294+0000] {dag.py:3441} INFO - Setting next_dagrun for check_dag to 2024-05-07T00:00:00+00:00, run_after=2024-06-07T00:00:00+00:00
[2024-06-14T21:58:35.307+0000] {processor.py:175} INFO - Processing /opt/airflow/dags/check_dag.py took 0.079 seconds
[2024-06-14T21:59:05.658+0000] {processor.py:153} INFO - Started process (PID=885) to work on /opt/airflow/dags/check_dag.py
[2024-06-14T21:59:05.660+0000] {processor.py:743} INFO - Processing file /opt/airflow/dags/check_dag.py for tasks to queue
[2024-06-14T21:59:05.661+0000] {logging_mixin.py:137} INFO - [2024-06-14T21:59:05.661+0000] {dagbag.py:538} INFO - Filling up the DagBag from /opt/airflow/dags/check_dag.py
[2024-06-14T21:59:05.681+0000] {processor.py:753} INFO - DAG(s) dict_keys(['check_dag']) retrieved from /opt/airflow/dags/check_dag.py
[2024-06-14T21:59:05.704+0000] {logging_mixin.py:137} INFO - [2024-06-14T21:59:05.704+0000] {dag.py:2690} INFO - Sync 1 DAGs
[2024-06-14T21:59:05.723+0000] {logging_mixin.py:137} INFO - [2024-06-14T21:59:05.723+0000] {dag.py:3441} INFO - Setting next_dagrun for check_dag to 2024-05-07T00:00:00+00:00, run_after=2024-06-07T00:00:00+00:00
[2024-06-14T21:59:05.737+0000] {processor.py:175} INFO - Processing /opt/airflow/dags/check_dag.py took 0.082 seconds
[2024-06-14T21:59:36.202+0000] {processor.py:153} INFO - Started process (PID=935) to work on /opt/airflow/dags/check_dag.py
[2024-06-14T21:59:36.203+0000] {processor.py:743} INFO - Processing file /opt/airflow/dags/check_dag.py for tasks to queue
[2024-06-14T21:59:36.204+0000] {logging_mixin.py:137} INFO - [2024-06-14T21:59:36.204+0000] {dagbag.py:538} INFO - Filling up the DagBag from /opt/airflow/dags/check_dag.py
[2024-06-14T21:59:36.222+0000] {processor.py:753} INFO - DAG(s) dict_keys(['check_dag']) retrieved from /opt/airflow/dags/check_dag.py
[2024-06-14T21:59:36.245+0000] {logging_mixin.py:137} INFO - [2024-06-14T21:59:36.245+0000] {dag.py:2690} INFO - Sync 1 DAGs
[2024-06-14T21:59:36.265+0000] {logging_mixin.py:137} INFO - [2024-06-14T21:59:36.265+0000] {dag.py:3441} INFO - Setting next_dagrun for check_dag to 2024-05-07T00:00:00+00:00, run_after=2024-06-07T00:00:00+00:00
[2024-06-14T21:59:36.279+0000] {processor.py:175} INFO - Processing /opt/airflow/dags/check_dag.py took 0.080 seconds
[2024-06-14T22:00:06.741+0000] {processor.py:153} INFO - Started process (PID=985) to work on /opt/airflow/dags/check_dag.py
[2024-06-14T22:00:06.742+0000] {processor.py:743} INFO - Processing file /opt/airflow/dags/check_dag.py for tasks to queue
[2024-06-14T22:00:06.743+0000] {logging_mixin.py:137} INFO - [2024-06-14T22:00:06.743+0000] {dagbag.py:538} INFO - Filling up the DagBag from /opt/airflow/dags/check_dag.py
[2024-06-14T22:00:06.760+0000] {processor.py:753} INFO - DAG(s) dict_keys(['check_dag']) retrieved from /opt/airflow/dags/check_dag.py
[2024-06-14T22:00:06.782+0000] {logging_mixin.py:137} INFO - [2024-06-14T22:00:06.782+0000] {dag.py:2690} INFO - Sync 1 DAGs
[2024-06-14T22:00:06.801+0000] {logging_mixin.py:137} INFO - [2024-06-14T22:00:06.801+0000] {dag.py:3441} INFO - Setting next_dagrun for check_dag to 2024-05-07T00:00:00+00:00, run_after=2024-06-07T00:00:00+00:00
[2024-06-14T22:00:06.814+0000] {processor.py:175} INFO - Processing /opt/airflow/dags/check_dag.py took 0.076 seconds
[2024-06-14T22:00:37.186+0000] {processor.py:153} INFO - Started process (PID=1035) to work on /opt/airflow/dags/check_dag.py
[2024-06-14T22:00:37.187+0000] {processor.py:743} INFO - Processing file /opt/airflow/dags/check_dag.py for tasks to queue
[2024-06-14T22:00:37.189+0000] {logging_mixin.py:137} INFO - [2024-06-14T22:00:37.189+0000] {dagbag.py:538} INFO - Filling up the DagBag from /opt/airflow/dags/check_dag.py
[2024-06-14T22:00:37.205+0000] {processor.py:753} INFO - DAG(s) dict_keys(['check_dag']) retrieved from /opt/airflow/dags/check_dag.py
[2024-06-14T22:00:37.227+0000] {logging_mixin.py:137} INFO - [2024-06-14T22:00:37.227+0000] {dag.py:2690} INFO - Sync 1 DAGs
[2024-06-14T22:00:37.245+0000] {logging_mixin.py:137} INFO - [2024-06-14T22:00:37.245+0000] {dag.py:3441} INFO - Setting next_dagrun for check_dag to 2024-05-07T00:00:00+00:00, run_after=2024-06-07T00:00:00+00:00
[2024-06-14T22:00:37.259+0000] {processor.py:175} INFO - Processing /opt/airflow/dags/check_dag.py took 0.075 seconds
[2024-06-14T22:01:07.727+0000] {processor.py:153} INFO - Started process (PID=1084) to work on /opt/airflow/dags/check_dag.py
[2024-06-14T22:01:07.729+0000] {processor.py:743} INFO - Processing file /opt/airflow/dags/check_dag.py for tasks to queue
[2024-06-14T22:01:07.729+0000] {logging_mixin.py:137} INFO - [2024-06-14T22:01:07.729+0000] {dagbag.py:538} INFO - Filling up the DagBag from /opt/airflow/dags/check_dag.py
[2024-06-14T22:01:07.752+0000] {processor.py:753} INFO - DAG(s) dict_keys(['check_dag']) retrieved from /opt/airflow/dags/check_dag.py
[2024-06-14T22:01:07.773+0000] {logging_mixin.py:137} INFO - [2024-06-14T22:01:07.773+0000] {dag.py:2690} INFO - Sync 1 DAGs
[2024-06-14T22:01:07.792+0000] {logging_mixin.py:137} INFO - [2024-06-14T22:01:07.792+0000] {dag.py:3441} INFO - Setting next_dagrun for check_dag to 2024-05-07T00:00:00+00:00, run_after=2024-06-07T00:00:00+00:00
[2024-06-14T22:01:07.806+0000] {processor.py:175} INFO - Processing /opt/airflow/dags/check_dag.py took 0.081 seconds
[2024-06-14T22:01:38.173+0000] {processor.py:153} INFO - Started process (PID=1134) to work on /opt/airflow/dags/check_dag.py
[2024-06-14T22:01:38.175+0000] {processor.py:743} INFO - Processing file /opt/airflow/dags/check_dag.py for tasks to queue
[2024-06-14T22:01:38.176+0000] {logging_mixin.py:137} INFO - [2024-06-14T22:01:38.175+0000] {dagbag.py:538} INFO - Filling up the DagBag from /opt/airflow/dags/check_dag.py
[2024-06-14T22:01:38.194+0000] {processor.py:753} INFO - DAG(s) dict_keys(['check_dag']) retrieved from /opt/airflow/dags/check_dag.py
[2024-06-14T22:01:38.217+0000] {logging_mixin.py:137} INFO - [2024-06-14T22:01:38.217+0000] {dag.py:2690} INFO - Sync 1 DAGs
[2024-06-14T22:01:38.236+0000] {logging_mixin.py:137} INFO - [2024-06-14T22:01:38.236+0000] {dag.py:3441} INFO - Setting next_dagrun for check_dag to 2024-05-07T00:00:00+00:00, run_after=2024-06-07T00:00:00+00:00
[2024-06-14T22:01:38.249+0000] {processor.py:175} INFO - Processing /opt/airflow/dags/check_dag.py took 0.078 seconds
[2024-06-14T22:02:08.616+0000] {processor.py:153} INFO - Started process (PID=1184) to work on /opt/airflow/dags/check_dag.py
[2024-06-14T22:02:08.619+0000] {processor.py:743} INFO - Processing file /opt/airflow/dags/check_dag.py for tasks to queue
[2024-06-14T22:02:08.620+0000] {logging_mixin.py:137} INFO - [2024-06-14T22:02:08.620+0000] {dagbag.py:538} INFO - Filling up the DagBag from /opt/airflow/dags/check_dag.py
[2024-06-14T22:02:08.644+0000] {processor.py:753} INFO - DAG(s) dict_keys(['check_dag']) retrieved from /opt/airflow/dags/check_dag.py
[2024-06-14T22:02:08.668+0000] {logging_mixin.py:137} INFO - [2024-06-14T22:02:08.668+0000] {dag.py:2690} INFO - Sync 1 DAGs
[2024-06-14T22:02:08.687+0000] {logging_mixin.py:137} INFO - [2024-06-14T22:02:08.687+0000] {dag.py:3441} INFO - Setting next_dagrun for check_dag to 2024-05-07T00:00:00+00:00, run_after=2024-06-07T00:00:00+00:00
[2024-06-14T22:02:08.703+0000] {processor.py:175} INFO - Processing /opt/airflow/dags/check_dag.py took 0.090 seconds
[2024-06-14T22:02:39.350+0000] {processor.py:153} INFO - Started process (PID=1234) to work on /opt/airflow/dags/check_dag.py
[2024-06-14T22:02:39.351+0000] {processor.py:743} INFO - Processing file /opt/airflow/dags/check_dag.py for tasks to queue
[2024-06-14T22:02:39.352+0000] {logging_mixin.py:137} INFO - [2024-06-14T22:02:39.352+0000] {dagbag.py:538} INFO - Filling up the DagBag from /opt/airflow/dags/check_dag.py
[2024-06-14T22:02:39.369+0000] {processor.py:753} INFO - DAG(s) dict_keys(['check_dag']) retrieved from /opt/airflow/dags/check_dag.py
[2024-06-14T22:02:39.392+0000] {logging_mixin.py:137} INFO - [2024-06-14T22:02:39.392+0000] {dag.py:2690} INFO - Sync 1 DAGs
[2024-06-14T22:02:39.410+0000] {logging_mixin.py:137} INFO - [2024-06-14T22:02:39.410+0000] {dag.py:3441} INFO - Setting next_dagrun for check_dag to 2024-05-07T00:00:00+00:00, run_after=2024-06-07T00:00:00+00:00
[2024-06-14T22:02:39.422+0000] {processor.py:175} INFO - Processing /opt/airflow/dags/check_dag.py took 0.075 seconds
[2024-06-14T22:03:09.976+0000] {processor.py:153} INFO - Started process (PID=1284) to work on /opt/airflow/dags/check_dag.py
[2024-06-14T22:03:09.977+0000] {processor.py:743} INFO - Processing file /opt/airflow/dags/check_dag.py for tasks to queue
[2024-06-14T22:03:09.978+0000] {logging_mixin.py:137} INFO - [2024-06-14T22:03:09.978+0000] {dagbag.py:538} INFO - Filling up the DagBag from /opt/airflow/dags/check_dag.py
[2024-06-14T22:03:09.994+0000] {processor.py:753} INFO - DAG(s) dict_keys(['check_dag']) retrieved from /opt/airflow/dags/check_dag.py
[2024-06-14T22:03:10.015+0000] {logging_mixin.py:137} INFO - [2024-06-14T22:03:10.015+0000] {dag.py:2690} INFO - Sync 1 DAGs
[2024-06-14T22:03:10.034+0000] {logging_mixin.py:137} INFO - [2024-06-14T22:03:10.034+0000] {dag.py:3441} INFO - Setting next_dagrun for check_dag to 2024-05-07T00:00:00+00:00, run_after=2024-06-07T00:00:00+00:00
[2024-06-14T22:03:10.048+0000] {processor.py:175} INFO - Processing /opt/airflow/dags/check_dag.py took 0.075 seconds
[2024-06-14T22:03:40.449+0000] {processor.py:153} INFO - Started process (PID=1334) to work on /opt/airflow/dags/check_dag.py
[2024-06-14T22:03:40.450+0000] {processor.py:743} INFO - Processing file /opt/airflow/dags/check_dag.py for tasks to queue
[2024-06-14T22:03:40.452+0000] {logging_mixin.py:137} INFO - [2024-06-14T22:03:40.451+0000] {dagbag.py:538} INFO - Filling up the DagBag from /opt/airflow/dags/check_dag.py
[2024-06-14T22:03:40.468+0000] {processor.py:753} INFO - DAG(s) dict_keys(['check_dag']) retrieved from /opt/airflow/dags/check_dag.py
[2024-06-14T22:03:40.489+0000] {logging_mixin.py:137} INFO - [2024-06-14T22:03:40.489+0000] {dag.py:2690} INFO - Sync 1 DAGs
[2024-06-14T22:03:40.507+0000] {logging_mixin.py:137} INFO - [2024-06-14T22:03:40.507+0000] {dag.py:3441} INFO - Setting next_dagrun for check_dag to 2024-05-07T00:00:00+00:00, run_after=2024-06-07T00:00:00+00:00
[2024-06-14T22:03:40.521+0000] {processor.py:175} INFO - Processing /opt/airflow/dags/check_dag.py took 0.075 seconds
[2024-06-14T22:04:10.860+0000] {processor.py:153} INFO - Started process (PID=1384) to work on /opt/airflow/dags/check_dag.py
[2024-06-14T22:04:10.862+0000] {processor.py:743} INFO - Processing file /opt/airflow/dags/check_dag.py for tasks to queue
[2024-06-14T22:04:10.863+0000] {logging_mixin.py:137} INFO - [2024-06-14T22:04:10.863+0000] {dagbag.py:538} INFO - Filling up the DagBag from /opt/airflow/dags/check_dag.py
[2024-06-14T22:04:10.881+0000] {processor.py:753} INFO - DAG(s) dict_keys(['check_dag']) retrieved from /opt/airflow/dags/check_dag.py
[2024-06-14T22:04:10.902+0000] {logging_mixin.py:137} INFO - [2024-06-14T22:04:10.902+0000] {dag.py:2690} INFO - Sync 1 DAGs
[2024-06-14T22:04:10.919+0000] {logging_mixin.py:137} INFO - [2024-06-14T22:04:10.919+0000] {dag.py:3441} INFO - Setting next_dagrun for check_dag to 2024-05-07T00:00:00+00:00, run_after=2024-06-07T00:00:00+00:00
[2024-06-14T22:04:10.932+0000] {processor.py:175} INFO - Processing /opt/airflow/dags/check_dag.py took 0.074 seconds
[2024-06-14T22:04:41.410+0000] {processor.py:153} INFO - Started process (PID=1433) to work on /opt/airflow/dags/check_dag.py
[2024-06-14T22:04:41.411+0000] {processor.py:743} INFO - Processing file /opt/airflow/dags/check_dag.py for tasks to queue
[2024-06-14T22:04:41.412+0000] {logging_mixin.py:137} INFO - [2024-06-14T22:04:41.412+0000] {dagbag.py:538} INFO - Filling up the DagBag from /opt/airflow/dags/check_dag.py
[2024-06-14T22:04:41.430+0000] {processor.py:753} INFO - DAG(s) dict_keys(['check_dag']) retrieved from /opt/airflow/dags/check_dag.py
[2024-06-14T22:04:41.452+0000] {logging_mixin.py:137} INFO - [2024-06-14T22:04:41.452+0000] {dag.py:2690} INFO - Sync 1 DAGs
[2024-06-14T22:04:41.470+0000] {logging_mixin.py:137} INFO - [2024-06-14T22:04:41.470+0000] {dag.py:3441} INFO - Setting next_dagrun for check_dag to 2024-05-07T00:00:00+00:00, run_after=2024-06-07T00:00:00+00:00
[2024-06-14T22:04:41.485+0000] {processor.py:175} INFO - Processing /opt/airflow/dags/check_dag.py took 0.078 seconds
[2024-06-14T22:05:12.026+0000] {processor.py:153} INFO - Started process (PID=1482) to work on /opt/airflow/dags/check_dag.py
[2024-06-14T22:05:12.028+0000] {processor.py:743} INFO - Processing file /opt/airflow/dags/check_dag.py for tasks to queue
[2024-06-14T22:05:12.029+0000] {logging_mixin.py:137} INFO - [2024-06-14T22:05:12.028+0000] {dagbag.py:538} INFO - Filling up the DagBag from /opt/airflow/dags/check_dag.py
[2024-06-14T22:05:12.045+0000] {processor.py:753} INFO - DAG(s) dict_keys(['check_dag']) retrieved from /opt/airflow/dags/check_dag.py
[2024-06-14T22:05:12.069+0000] {logging_mixin.py:137} INFO - [2024-06-14T22:05:12.069+0000] {dag.py:2690} INFO - Sync 1 DAGs
[2024-06-14T22:05:12.089+0000] {logging_mixin.py:137} INFO - [2024-06-14T22:05:12.089+0000] {dag.py:3441} INFO - Setting next_dagrun for check_dag to 2024-05-07T00:00:00+00:00, run_after=2024-06-07T00:00:00+00:00
[2024-06-14T22:05:12.103+0000] {processor.py:175} INFO - Processing /opt/airflow/dags/check_dag.py took 0.079 seconds
[2024-06-14T22:05:42.638+0000] {processor.py:153} INFO - Started process (PID=1532) to work on /opt/airflow/dags/check_dag.py
[2024-06-14T22:05:42.639+0000] {processor.py:743} INFO - Processing file /opt/airflow/dags/check_dag.py for tasks to queue
[2024-06-14T22:05:42.640+0000] {logging_mixin.py:137} INFO - [2024-06-14T22:05:42.640+0000] {dagbag.py:538} INFO - Filling up the DagBag from /opt/airflow/dags/check_dag.py
[2024-06-14T22:05:42.659+0000] {processor.py:753} INFO - DAG(s) dict_keys(['check_dag']) retrieved from /opt/airflow/dags/check_dag.py
[2024-06-14T22:05:42.680+0000] {logging_mixin.py:137} INFO - [2024-06-14T22:05:42.680+0000] {dag.py:2690} INFO - Sync 1 DAGs
[2024-06-14T22:05:42.699+0000] {logging_mixin.py:137} INFO - [2024-06-14T22:05:42.699+0000] {dag.py:3441} INFO - Setting next_dagrun for check_dag to 2024-05-07T00:00:00+00:00, run_after=2024-06-07T00:00:00+00:00
[2024-06-14T22:05:42.712+0000] {processor.py:175} INFO - Processing /opt/airflow/dags/check_dag.py took 0.077 seconds
[2024-06-14T22:06:13.194+0000] {processor.py:153} INFO - Started process (PID=1582) to work on /opt/airflow/dags/check_dag.py
[2024-06-14T22:06:13.195+0000] {processor.py:743} INFO - Processing file /opt/airflow/dags/check_dag.py for tasks to queue
[2024-06-14T22:06:13.196+0000] {logging_mixin.py:137} INFO - [2024-06-14T22:06:13.196+0000] {dagbag.py:538} INFO - Filling up the DagBag from /opt/airflow/dags/check_dag.py
[2024-06-14T22:06:13.214+0000] {processor.py:753} INFO - DAG(s) dict_keys(['check_dag']) retrieved from /opt/airflow/dags/check_dag.py
[2024-06-14T22:06:13.239+0000] {logging_mixin.py:137} INFO - [2024-06-14T22:06:13.238+0000] {dag.py:2690} INFO - Sync 1 DAGs
[2024-06-14T22:06:13.258+0000] {logging_mixin.py:137} INFO - [2024-06-14T22:06:13.258+0000] {dag.py:3441} INFO - Setting next_dagrun for check_dag to 2024-05-07T00:00:00+00:00, run_after=2024-06-07T00:00:00+00:00
[2024-06-14T22:06:13.275+0000] {processor.py:175} INFO - Processing /opt/airflow/dags/check_dag.py took 0.084 seconds
[2024-06-14T22:06:43.812+0000] {processor.py:153} INFO - Started process (PID=1632) to work on /opt/airflow/dags/check_dag.py
[2024-06-14T22:06:43.814+0000] {processor.py:743} INFO - Processing file /opt/airflow/dags/check_dag.py for tasks to queue
[2024-06-14T22:06:43.815+0000] {logging_mixin.py:137} INFO - [2024-06-14T22:06:43.815+0000] {dagbag.py:538} INFO - Filling up the DagBag from /opt/airflow/dags/check_dag.py
[2024-06-14T22:06:43.837+0000] {processor.py:753} INFO - DAG(s) dict_keys(['check_dag']) retrieved from /opt/airflow/dags/check_dag.py
[2024-06-14T22:06:43.861+0000] {logging_mixin.py:137} INFO - [2024-06-14T22:06:43.861+0000] {dag.py:2690} INFO - Sync 1 DAGs
[2024-06-14T22:06:43.881+0000] {logging_mixin.py:137} INFO - [2024-06-14T22:06:43.881+0000] {dag.py:3441} INFO - Setting next_dagrun for check_dag to 2024-05-07T00:00:00+00:00, run_after=2024-06-07T00:00:00+00:00
[2024-06-14T22:06:43.894+0000] {processor.py:175} INFO - Processing /opt/airflow/dags/check_dag.py took 0.085 seconds
[2024-06-14T22:07:14.301+0000] {processor.py:153} INFO - Started process (PID=1682) to work on /opt/airflow/dags/check_dag.py
[2024-06-14T22:07:14.302+0000] {processor.py:743} INFO - Processing file /opt/airflow/dags/check_dag.py for tasks to queue
[2024-06-14T22:07:14.303+0000] {logging_mixin.py:137} INFO - [2024-06-14T22:07:14.303+0000] {dagbag.py:538} INFO - Filling up the DagBag from /opt/airflow/dags/check_dag.py
[2024-06-14T22:07:14.321+0000] {processor.py:753} INFO - DAG(s) dict_keys(['check_dag']) retrieved from /opt/airflow/dags/check_dag.py
[2024-06-14T22:07:14.343+0000] {logging_mixin.py:137} INFO - [2024-06-14T22:07:14.343+0000] {dag.py:2690} INFO - Sync 1 DAGs
[2024-06-14T22:07:14.362+0000] {logging_mixin.py:137} INFO - [2024-06-14T22:07:14.362+0000] {dag.py:3441} INFO - Setting next_dagrun for check_dag to 2024-05-07T00:00:00+00:00, run_after=2024-06-07T00:00:00+00:00
[2024-06-14T22:07:14.377+0000] {processor.py:175} INFO - Processing /opt/airflow/dags/check_dag.py took 0.078 seconds
[2024-06-14T22:07:44.872+0000] {processor.py:153} INFO - Started process (PID=1732) to work on /opt/airflow/dags/check_dag.py
[2024-06-14T22:07:44.874+0000] {processor.py:743} INFO - Processing file /opt/airflow/dags/check_dag.py for tasks to queue
[2024-06-14T22:07:44.875+0000] {logging_mixin.py:137} INFO - [2024-06-14T22:07:44.875+0000] {dagbag.py:538} INFO - Filling up the DagBag from /opt/airflow/dags/check_dag.py
[2024-06-14T22:07:44.895+0000] {processor.py:753} INFO - DAG(s) dict_keys(['check_dag']) retrieved from /opt/airflow/dags/check_dag.py
[2024-06-14T22:07:44.917+0000] {logging_mixin.py:137} INFO - [2024-06-14T22:07:44.917+0000] {dag.py:2690} INFO - Sync 1 DAGs
[2024-06-14T22:07:44.936+0000] {logging_mixin.py:137} INFO - [2024-06-14T22:07:44.936+0000] {dag.py:3441} INFO - Setting next_dagrun for check_dag to 2024-05-07T00:00:00+00:00, run_after=2024-06-07T00:00:00+00:00
[2024-06-14T22:07:44.949+0000] {processor.py:175} INFO - Processing /opt/airflow/dags/check_dag.py took 0.080 seconds
[2024-06-14T22:08:15.499+0000] {processor.py:153} INFO - Started process (PID=1782) to work on /opt/airflow/dags/check_dag.py
[2024-06-14T22:08:15.500+0000] {processor.py:743} INFO - Processing file /opt/airflow/dags/check_dag.py for tasks to queue
[2024-06-14T22:08:15.501+0000] {logging_mixin.py:137} INFO - [2024-06-14T22:08:15.501+0000] {dagbag.py:538} INFO - Filling up the DagBag from /opt/airflow/dags/check_dag.py
[2024-06-14T22:08:15.520+0000] {processor.py:753} INFO - DAG(s) dict_keys(['check_dag']) retrieved from /opt/airflow/dags/check_dag.py
[2024-06-14T22:08:15.544+0000] {logging_mixin.py:137} INFO - [2024-06-14T22:08:15.544+0000] {dag.py:2690} INFO - Sync 1 DAGs
[2024-06-14T22:08:15.564+0000] {logging_mixin.py:137} INFO - [2024-06-14T22:08:15.564+0000] {dag.py:3441} INFO - Setting next_dagrun for check_dag to 2024-05-07T00:00:00+00:00, run_after=2024-06-07T00:00:00+00:00
[2024-06-14T22:08:15.578+0000] {processor.py:175} INFO - Processing /opt/airflow/dags/check_dag.py took 0.083 seconds
[2024-06-14T22:08:46.234+0000] {processor.py:153} INFO - Started process (PID=1832) to work on /opt/airflow/dags/check_dag.py
[2024-06-14T22:08:46.235+0000] {processor.py:743} INFO - Processing file /opt/airflow/dags/check_dag.py for tasks to queue
[2024-06-14T22:08:46.236+0000] {logging_mixin.py:137} INFO - [2024-06-14T22:08:46.236+0000] {dagbag.py:538} INFO - Filling up the DagBag from /opt/airflow/dags/check_dag.py
[2024-06-14T22:08:46.254+0000] {processor.py:753} INFO - DAG(s) dict_keys(['check_dag']) retrieved from /opt/airflow/dags/check_dag.py
[2024-06-14T22:08:46.277+0000] {logging_mixin.py:137} INFO - [2024-06-14T22:08:46.277+0000] {dag.py:2690} INFO - Sync 1 DAGs
[2024-06-14T22:08:46.297+0000] {logging_mixin.py:137} INFO - [2024-06-14T22:08:46.297+0000] {dag.py:3441} INFO - Setting next_dagrun for check_dag to 2024-05-07T00:00:00+00:00, run_after=2024-06-07T00:00:00+00:00
[2024-06-14T22:08:46.312+0000] {processor.py:175} INFO - Processing /opt/airflow/dags/check_dag.py took 0.081 seconds
[2024-06-14T22:09:16.645+0000] {processor.py:153} INFO - Started process (PID=1882) to work on /opt/airflow/dags/check_dag.py
[2024-06-14T22:09:16.646+0000] {processor.py:743} INFO - Processing file /opt/airflow/dags/check_dag.py for tasks to queue
[2024-06-14T22:09:16.648+0000] {logging_mixin.py:137} INFO - [2024-06-14T22:09:16.647+0000] {dagbag.py:538} INFO - Filling up the DagBag from /opt/airflow/dags/check_dag.py
[2024-06-14T22:09:16.681+0000] {processor.py:753} INFO - DAG(s) dict_keys(['check_dag']) retrieved from /opt/airflow/dags/check_dag.py
[2024-06-14T22:09:16.704+0000] {logging_mixin.py:137} INFO - [2024-06-14T22:09:16.704+0000] {dag.py:2690} INFO - Sync 1 DAGs
[2024-06-14T22:09:16.722+0000] {logging_mixin.py:137} INFO - [2024-06-14T22:09:16.722+0000] {dag.py:3441} INFO - Setting next_dagrun for check_dag to 2024-05-07T00:00:00+00:00, run_after=2024-06-07T00:00:00+00:00
[2024-06-14T22:09:16.736+0000] {processor.py:175} INFO - Processing /opt/airflow/dags/check_dag.py took 0.094 seconds
[2024-06-14T22:09:47.246+0000] {processor.py:153} INFO - Started process (PID=1932) to work on /opt/airflow/dags/check_dag.py
[2024-06-14T22:09:47.247+0000] {processor.py:743} INFO - Processing file /opt/airflow/dags/check_dag.py for tasks to queue
[2024-06-14T22:09:47.248+0000] {logging_mixin.py:137} INFO - [2024-06-14T22:09:47.248+0000] {dagbag.py:538} INFO - Filling up the DagBag from /opt/airflow/dags/check_dag.py
[2024-06-14T22:09:47.264+0000] {processor.py:753} INFO - DAG(s) dict_keys(['check_dag']) retrieved from /opt/airflow/dags/check_dag.py
[2024-06-14T22:09:47.285+0000] {logging_mixin.py:137} INFO - [2024-06-14T22:09:47.285+0000] {dag.py:2690} INFO - Sync 1 DAGs
[2024-06-14T22:09:47.303+0000] {logging_mixin.py:137} INFO - [2024-06-14T22:09:47.303+0000] {dag.py:3441} INFO - Setting next_dagrun for check_dag to 2024-05-07T00:00:00+00:00, run_after=2024-06-07T00:00:00+00:00
[2024-06-14T22:09:47.316+0000] {processor.py:175} INFO - Processing /opt/airflow/dags/check_dag.py took 0.073 seconds
[2024-06-14T22:10:17.680+0000] {processor.py:153} INFO - Started process (PID=1982) to work on /opt/airflow/dags/check_dag.py
[2024-06-14T22:10:17.682+0000] {processor.py:743} INFO - Processing file /opt/airflow/dags/check_dag.py for tasks to queue
[2024-06-14T22:10:17.683+0000] {logging_mixin.py:137} INFO - [2024-06-14T22:10:17.683+0000] {dagbag.py:538} INFO - Filling up the DagBag from /opt/airflow/dags/check_dag.py
[2024-06-14T22:10:17.703+0000] {processor.py:753} INFO - DAG(s) dict_keys(['check_dag']) retrieved from /opt/airflow/dags/check_dag.py
[2024-06-14T22:10:17.726+0000] {logging_mixin.py:137} INFO - [2024-06-14T22:10:17.726+0000] {dag.py:2690} INFO - Sync 1 DAGs
[2024-06-14T22:10:17.745+0000] {logging_mixin.py:137} INFO - [2024-06-14T22:10:17.745+0000] {dag.py:3441} INFO - Setting next_dagrun for check_dag to 2024-05-07T00:00:00+00:00, run_after=2024-06-07T00:00:00+00:00
[2024-06-14T22:10:17.758+0000] {processor.py:175} INFO - Processing /opt/airflow/dags/check_dag.py took 0.081 seconds
[2024-06-14T22:58:48.002+0000] {processor.py:153} INFO - Started process (PID=2032) to work on /opt/airflow/dags/check_dag.py
[2024-06-14T22:58:48.005+0000] {processor.py:743} INFO - Processing file /opt/airflow/dags/check_dag.py for tasks to queue
[2024-06-14T22:58:48.009+0000] {logging_mixin.py:137} INFO - [2024-06-14T22:58:48.008+0000] {dagbag.py:538} INFO - Filling up the DagBag from /opt/airflow/dags/check_dag.py
[2024-06-14T22:58:48.080+0000] {processor.py:753} INFO - DAG(s) dict_keys(['check_dag']) retrieved from /opt/airflow/dags/check_dag.py
[2024-06-14T22:58:48.130+0000] {logging_mixin.py:137} INFO - [2024-06-14T22:58:48.130+0000] {dag.py:2690} INFO - Sync 1 DAGs
[2024-06-14T22:58:48.160+0000] {logging_mixin.py:137} INFO - [2024-06-14T22:58:48.160+0000] {dag.py:3441} INFO - Setting next_dagrun for check_dag to 2024-05-07T00:00:00+00:00, run_after=2024-06-07T00:00:00+00:00
[2024-06-14T22:58:48.176+0000] {processor.py:175} INFO - Processing /opt/airflow/dags/check_dag.py took 0.186 seconds
[2024-06-14T23:14:15.949+0000] {processor.py:153} INFO - Started process (PID=2082) to work on /opt/airflow/dags/check_dag.py
[2024-06-14T23:14:15.955+0000] {processor.py:743} INFO - Processing file /opt/airflow/dags/check_dag.py for tasks to queue
[2024-06-14T23:14:15.958+0000] {logging_mixin.py:137} INFO - [2024-06-14T23:14:15.958+0000] {dagbag.py:538} INFO - Filling up the DagBag from /opt/airflow/dags/check_dag.py
[2024-06-14T23:14:16.044+0000] {processor.py:753} INFO - DAG(s) dict_keys(['check_dag']) retrieved from /opt/airflow/dags/check_dag.py
[2024-06-14T23:14:16.114+0000] {logging_mixin.py:137} INFO - [2024-06-14T23:14:16.113+0000] {dag.py:2690} INFO - Sync 1 DAGs
[2024-06-14T23:14:16.186+0000] {logging_mixin.py:137} INFO - [2024-06-14T23:14:16.186+0000] {dag.py:3441} INFO - Setting next_dagrun for check_dag to 2024-05-07T00:00:00+00:00, run_after=2024-06-07T00:00:00+00:00
[2024-06-14T23:14:16.238+0000] {processor.py:175} INFO - Processing /opt/airflow/dags/check_dag.py took 0.301 seconds
