[2024-06-14T21:50:24.816+0000] {processor.py:153} INFO - Started process (PID=35) to work on /opt/airflow/dags/fitbit_pull_dag.py
[2024-06-14T21:50:24.818+0000] {processor.py:743} INFO - Processing file /opt/airflow/dags/fitbit_pull_dag.py for tasks to queue
[2024-06-14T21:50:24.819+0000] {logging_mixin.py:137} INFO - [2024-06-14T21:50:24.819+0000] {dagbag.py:538} INFO - Filling up the DagBag from /opt/airflow/dags/fitbit_pull_dag.py
[2024-06-14T21:50:25.471+0000] {processor.py:753} INFO - DAG(s) dict_keys(['fitbit_data_pull']) retrieved from /opt/airflow/dags/fitbit_pull_dag.py
[2024-06-14T21:50:25.520+0000] {logging_mixin.py:137} INFO - [2024-06-14T21:50:25.520+0000] {dag.py:2690} INFO - Sync 1 DAGs
[2024-06-14T21:50:25.567+0000] {logging_mixin.py:137} INFO - [2024-06-14T21:50:25.567+0000] {dag.py:3441} INFO - Setting next_dagrun for fitbit_data_pull to 2024-06-14T18:00:00+00:00, run_after=2024-06-15T18:00:00+00:00
[2024-06-14T21:50:25.594+0000] {processor.py:175} INFO - Processing /opt/airflow/dags/fitbit_pull_dag.py took 0.783 seconds
[2024-06-14T21:50:55.685+0000] {processor.py:153} INFO - Started process (PID=85) to work on /opt/airflow/dags/fitbit_pull_dag.py
[2024-06-14T21:50:55.686+0000] {processor.py:743} INFO - Processing file /opt/airflow/dags/fitbit_pull_dag.py for tasks to queue
[2024-06-14T21:50:55.688+0000] {logging_mixin.py:137} INFO - [2024-06-14T21:50:55.687+0000] {dagbag.py:538} INFO - Filling up the DagBag from /opt/airflow/dags/fitbit_pull_dag.py
[2024-06-14T21:50:55.873+0000] {processor.py:753} INFO - DAG(s) dict_keys(['fitbit_data_pull']) retrieved from /opt/airflow/dags/fitbit_pull_dag.py
[2024-06-14T21:50:55.894+0000] {logging_mixin.py:137} INFO - [2024-06-14T21:50:55.894+0000] {dag.py:2690} INFO - Sync 1 DAGs
[2024-06-14T21:50:55.916+0000] {logging_mixin.py:137} INFO - [2024-06-14T21:50:55.916+0000] {dag.py:3441} INFO - Setting next_dagrun for fitbit_data_pull to 2024-06-14T18:00:00+00:00, run_after=2024-06-15T18:00:00+00:00
[2024-06-14T21:50:55.931+0000] {processor.py:175} INFO - Processing /opt/airflow/dags/fitbit_pull_dag.py took 0.249 seconds
[2024-06-14T21:51:26.457+0000] {processor.py:153} INFO - Started process (PID=135) to work on /opt/airflow/dags/fitbit_pull_dag.py
[2024-06-14T21:51:26.459+0000] {processor.py:743} INFO - Processing file /opt/airflow/dags/fitbit_pull_dag.py for tasks to queue
[2024-06-14T21:51:26.460+0000] {logging_mixin.py:137} INFO - [2024-06-14T21:51:26.460+0000] {dagbag.py:538} INFO - Filling up the DagBag from /opt/airflow/dags/fitbit_pull_dag.py
[2024-06-14T21:51:26.631+0000] {processor.py:753} INFO - DAG(s) dict_keys(['fitbit_data_pull']) retrieved from /opt/airflow/dags/fitbit_pull_dag.py
[2024-06-14T21:51:26.649+0000] {logging_mixin.py:137} INFO - [2024-06-14T21:51:26.649+0000] {dag.py:2690} INFO - Sync 1 DAGs
[2024-06-14T21:51:26.668+0000] {logging_mixin.py:137} INFO - [2024-06-14T21:51:26.668+0000] {dag.py:3441} INFO - Setting next_dagrun for fitbit_data_pull to 2024-06-14T18:00:00+00:00, run_after=2024-06-15T18:00:00+00:00
[2024-06-14T21:51:26.681+0000] {processor.py:175} INFO - Processing /opt/airflow/dags/fitbit_pull_dag.py took 0.228 seconds
[2024-06-14T21:51:56.929+0000] {processor.py:153} INFO - Started process (PID=185) to work on /opt/airflow/dags/fitbit_pull_dag.py
[2024-06-14T21:51:56.930+0000] {processor.py:743} INFO - Processing file /opt/airflow/dags/fitbit_pull_dag.py for tasks to queue
[2024-06-14T21:51:56.931+0000] {logging_mixin.py:137} INFO - [2024-06-14T21:51:56.931+0000] {dagbag.py:538} INFO - Filling up the DagBag from /opt/airflow/dags/fitbit_pull_dag.py
[2024-06-14T21:51:57.101+0000] {processor.py:753} INFO - DAG(s) dict_keys(['fitbit_data_pull']) retrieved from /opt/airflow/dags/fitbit_pull_dag.py
[2024-06-14T21:51:57.121+0000] {logging_mixin.py:137} INFO - [2024-06-14T21:51:57.121+0000] {dag.py:2690} INFO - Sync 1 DAGs
[2024-06-14T21:51:57.139+0000] {logging_mixin.py:137} INFO - [2024-06-14T21:51:57.139+0000] {dag.py:3441} INFO - Setting next_dagrun for fitbit_data_pull to 2024-06-14T18:00:00+00:00, run_after=2024-06-15T18:00:00+00:00
[2024-06-14T21:51:57.151+0000] {processor.py:175} INFO - Processing /opt/airflow/dags/fitbit_pull_dag.py took 0.224 seconds
[2024-06-14T21:52:27.524+0000] {processor.py:153} INFO - Started process (PID=235) to work on /opt/airflow/dags/fitbit_pull_dag.py
[2024-06-14T21:52:27.526+0000] {processor.py:743} INFO - Processing file /opt/airflow/dags/fitbit_pull_dag.py for tasks to queue
[2024-06-14T21:52:27.527+0000] {logging_mixin.py:137} INFO - [2024-06-14T21:52:27.527+0000] {dagbag.py:538} INFO - Filling up the DagBag from /opt/airflow/dags/fitbit_pull_dag.py
[2024-06-14T21:52:27.709+0000] {processor.py:753} INFO - DAG(s) dict_keys(['fitbit_data_pull']) retrieved from /opt/airflow/dags/fitbit_pull_dag.py
[2024-06-14T21:52:27.730+0000] {logging_mixin.py:137} INFO - [2024-06-14T21:52:27.730+0000] {dag.py:2690} INFO - Sync 1 DAGs
[2024-06-14T21:52:27.748+0000] {logging_mixin.py:137} INFO - [2024-06-14T21:52:27.748+0000] {dag.py:3441} INFO - Setting next_dagrun for fitbit_data_pull to 2024-06-14T18:00:00+00:00, run_after=2024-06-15T18:00:00+00:00
[2024-06-14T21:52:27.761+0000] {processor.py:175} INFO - Processing /opt/airflow/dags/fitbit_pull_dag.py took 0.240 seconds
[2024-06-14T21:52:58.095+0000] {processor.py:153} INFO - Started process (PID=284) to work on /opt/airflow/dags/fitbit_pull_dag.py
[2024-06-14T21:52:58.097+0000] {processor.py:743} INFO - Processing file /opt/airflow/dags/fitbit_pull_dag.py for tasks to queue
[2024-06-14T21:52:58.098+0000] {logging_mixin.py:137} INFO - [2024-06-14T21:52:58.098+0000] {dagbag.py:538} INFO - Filling up the DagBag from /opt/airflow/dags/fitbit_pull_dag.py
[2024-06-14T21:52:58.272+0000] {processor.py:753} INFO - DAG(s) dict_keys(['fitbit_data_pull']) retrieved from /opt/airflow/dags/fitbit_pull_dag.py
[2024-06-14T21:52:58.292+0000] {logging_mixin.py:137} INFO - [2024-06-14T21:52:58.292+0000] {dag.py:2690} INFO - Sync 1 DAGs
[2024-06-14T21:52:58.310+0000] {logging_mixin.py:137} INFO - [2024-06-14T21:52:58.310+0000] {dag.py:3441} INFO - Setting next_dagrun for fitbit_data_pull to 2024-06-14T18:00:00+00:00, run_after=2024-06-15T18:00:00+00:00
[2024-06-14T21:52:58.322+0000] {processor.py:175} INFO - Processing /opt/airflow/dags/fitbit_pull_dag.py took 0.231 seconds
[2024-06-14T21:53:28.407+0000] {processor.py:153} INFO - Started process (PID=334) to work on /opt/airflow/dags/fitbit_pull_dag.py
[2024-06-14T21:53:28.409+0000] {processor.py:743} INFO - Processing file /opt/airflow/dags/fitbit_pull_dag.py for tasks to queue
[2024-06-14T21:53:28.411+0000] {logging_mixin.py:137} INFO - [2024-06-14T21:53:28.411+0000] {dagbag.py:538} INFO - Filling up the DagBag from /opt/airflow/dags/fitbit_pull_dag.py
[2024-06-14T21:53:28.697+0000] {processor.py:753} INFO - DAG(s) dict_keys(['fitbit_data_pull']) retrieved from /opt/airflow/dags/fitbit_pull_dag.py
[2024-06-14T21:53:28.722+0000] {logging_mixin.py:137} INFO - [2024-06-14T21:53:28.721+0000] {dag.py:2690} INFO - Sync 1 DAGs
[2024-06-14T21:53:28.754+0000] {logging_mixin.py:137} INFO - [2024-06-14T21:53:28.754+0000] {dag.py:3441} INFO - Setting next_dagrun for fitbit_data_pull to 2024-06-14T18:00:00+00:00, run_after=2024-06-15T18:00:00+00:00
[2024-06-14T21:53:28.773+0000] {processor.py:175} INFO - Processing /opt/airflow/dags/fitbit_pull_dag.py took 0.370 seconds
[2024-06-14T21:53:59.186+0000] {processor.py:153} INFO - Started process (PID=384) to work on /opt/airflow/dags/fitbit_pull_dag.py
[2024-06-14T21:53:59.190+0000] {processor.py:743} INFO - Processing file /opt/airflow/dags/fitbit_pull_dag.py for tasks to queue
[2024-06-14T21:53:59.191+0000] {logging_mixin.py:137} INFO - [2024-06-14T21:53:59.191+0000] {dagbag.py:538} INFO - Filling up the DagBag from /opt/airflow/dags/fitbit_pull_dag.py
[2024-06-14T21:53:59.435+0000] {processor.py:753} INFO - DAG(s) dict_keys(['fitbit_data_pull']) retrieved from /opt/airflow/dags/fitbit_pull_dag.py
[2024-06-14T21:53:59.456+0000] {logging_mixin.py:137} INFO - [2024-06-14T21:53:59.455+0000] {dag.py:2690} INFO - Sync 1 DAGs
[2024-06-14T21:53:59.475+0000] {logging_mixin.py:137} INFO - [2024-06-14T21:53:59.475+0000] {dag.py:3441} INFO - Setting next_dagrun for fitbit_data_pull to 2024-06-14T18:00:00+00:00, run_after=2024-06-15T18:00:00+00:00
[2024-06-14T21:53:59.491+0000] {processor.py:175} INFO - Processing /opt/airflow/dags/fitbit_pull_dag.py took 0.308 seconds
[2024-06-14T21:54:30.075+0000] {processor.py:153} INFO - Started process (PID=434) to work on /opt/airflow/dags/fitbit_pull_dag.py
[2024-06-14T21:54:30.077+0000] {processor.py:743} INFO - Processing file /opt/airflow/dags/fitbit_pull_dag.py for tasks to queue
[2024-06-14T21:54:30.078+0000] {logging_mixin.py:137} INFO - [2024-06-14T21:54:30.078+0000] {dagbag.py:538} INFO - Filling up the DagBag from /opt/airflow/dags/fitbit_pull_dag.py
[2024-06-14T21:54:30.276+0000] {processor.py:753} INFO - DAG(s) dict_keys(['fitbit_data_pull']) retrieved from /opt/airflow/dags/fitbit_pull_dag.py
[2024-06-14T21:54:30.297+0000] {logging_mixin.py:137} INFO - [2024-06-14T21:54:30.297+0000] {dag.py:2690} INFO - Sync 1 DAGs
[2024-06-14T21:54:30.318+0000] {logging_mixin.py:137} INFO - [2024-06-14T21:54:30.317+0000] {dag.py:3441} INFO - Setting next_dagrun for fitbit_data_pull to 2024-06-14T18:00:00+00:00, run_after=2024-06-15T18:00:00+00:00
[2024-06-14T21:54:30.330+0000] {processor.py:175} INFO - Processing /opt/airflow/dags/fitbit_pull_dag.py took 0.259 seconds
[2024-06-14T21:55:00.592+0000] {processor.py:153} INFO - Started process (PID=484) to work on /opt/airflow/dags/fitbit_pull_dag.py
[2024-06-14T21:55:00.593+0000] {processor.py:743} INFO - Processing file /opt/airflow/dags/fitbit_pull_dag.py for tasks to queue
[2024-06-14T21:55:00.594+0000] {logging_mixin.py:137} INFO - [2024-06-14T21:55:00.594+0000] {dagbag.py:538} INFO - Filling up the DagBag from /opt/airflow/dags/fitbit_pull_dag.py
[2024-06-14T21:55:00.773+0000] {processor.py:753} INFO - DAG(s) dict_keys(['fitbit_data_pull']) retrieved from /opt/airflow/dags/fitbit_pull_dag.py
[2024-06-14T21:55:00.793+0000] {logging_mixin.py:137} INFO - [2024-06-14T21:55:00.793+0000] {dag.py:2690} INFO - Sync 1 DAGs
[2024-06-14T21:55:00.812+0000] {logging_mixin.py:137} INFO - [2024-06-14T21:55:00.812+0000] {dag.py:3441} INFO - Setting next_dagrun for fitbit_data_pull to 2024-06-14T18:00:00+00:00, run_after=2024-06-15T18:00:00+00:00
[2024-06-14T21:55:00.826+0000] {processor.py:175} INFO - Processing /opt/airflow/dags/fitbit_pull_dag.py took 0.237 seconds
[2024-06-14T21:55:31.280+0000] {processor.py:153} INFO - Started process (PID=534) to work on /opt/airflow/dags/fitbit_pull_dag.py
[2024-06-14T21:55:31.281+0000] {processor.py:743} INFO - Processing file /opt/airflow/dags/fitbit_pull_dag.py for tasks to queue
[2024-06-14T21:55:31.282+0000] {logging_mixin.py:137} INFO - [2024-06-14T21:55:31.282+0000] {dagbag.py:538} INFO - Filling up the DagBag from /opt/airflow/dags/fitbit_pull_dag.py
[2024-06-14T21:55:31.476+0000] {processor.py:753} INFO - DAG(s) dict_keys(['fitbit_data_pull']) retrieved from /opt/airflow/dags/fitbit_pull_dag.py
[2024-06-14T21:55:31.498+0000] {logging_mixin.py:137} INFO - [2024-06-14T21:55:31.497+0000] {dag.py:2690} INFO - Sync 1 DAGs
[2024-06-14T21:55:31.517+0000] {logging_mixin.py:137} INFO - [2024-06-14T21:55:31.517+0000] {dag.py:3441} INFO - Setting next_dagrun for fitbit_data_pull to 2024-06-14T18:00:00+00:00, run_after=2024-06-15T18:00:00+00:00
[2024-06-14T21:55:31.531+0000] {processor.py:175} INFO - Processing /opt/airflow/dags/fitbit_pull_dag.py took 0.255 seconds
[2024-06-14T21:56:01.846+0000] {processor.py:153} INFO - Started process (PID=584) to work on /opt/airflow/dags/fitbit_pull_dag.py
[2024-06-14T21:56:01.847+0000] {processor.py:743} INFO - Processing file /opt/airflow/dags/fitbit_pull_dag.py for tasks to queue
[2024-06-14T21:56:01.848+0000] {logging_mixin.py:137} INFO - [2024-06-14T21:56:01.848+0000] {dagbag.py:538} INFO - Filling up the DagBag from /opt/airflow/dags/fitbit_pull_dag.py
[2024-06-14T21:56:02.049+0000] {processor.py:753} INFO - DAG(s) dict_keys(['fitbit_data_pull']) retrieved from /opt/airflow/dags/fitbit_pull_dag.py
[2024-06-14T21:56:02.072+0000] {logging_mixin.py:137} INFO - [2024-06-14T21:56:02.071+0000] {dag.py:2690} INFO - Sync 1 DAGs
[2024-06-14T21:56:02.092+0000] {logging_mixin.py:137} INFO - [2024-06-14T21:56:02.092+0000] {dag.py:3441} INFO - Setting next_dagrun for fitbit_data_pull to 2024-06-14T18:00:00+00:00, run_after=2024-06-15T18:00:00+00:00
[2024-06-14T21:56:02.106+0000] {processor.py:175} INFO - Processing /opt/airflow/dags/fitbit_pull_dag.py took 0.264 seconds
[2024-06-14T21:56:32.819+0000] {processor.py:153} INFO - Started process (PID=634) to work on /opt/airflow/dags/fitbit_pull_dag.py
[2024-06-14T21:56:32.821+0000] {processor.py:743} INFO - Processing file /opt/airflow/dags/fitbit_pull_dag.py for tasks to queue
[2024-06-14T21:56:32.822+0000] {logging_mixin.py:137} INFO - [2024-06-14T21:56:32.822+0000] {dagbag.py:538} INFO - Filling up the DagBag from /opt/airflow/dags/fitbit_pull_dag.py
[2024-06-14T21:56:33.000+0000] {processor.py:753} INFO - DAG(s) dict_keys(['fitbit_data_pull']) retrieved from /opt/airflow/dags/fitbit_pull_dag.py
[2024-06-14T21:56:33.020+0000] {logging_mixin.py:137} INFO - [2024-06-14T21:56:33.019+0000] {dag.py:2690} INFO - Sync 1 DAGs
[2024-06-14T21:56:33.037+0000] {logging_mixin.py:137} INFO - [2024-06-14T21:56:33.037+0000] {dag.py:3441} INFO - Setting next_dagrun for fitbit_data_pull to 2024-06-14T18:00:00+00:00, run_after=2024-06-15T18:00:00+00:00
[2024-06-14T21:56:33.050+0000] {processor.py:175} INFO - Processing /opt/airflow/dags/fitbit_pull_dag.py took 0.234 seconds
[2024-06-14T21:57:03.568+0000] {processor.py:153} INFO - Started process (PID=684) to work on /opt/airflow/dags/fitbit_pull_dag.py
[2024-06-14T21:57:03.570+0000] {processor.py:743} INFO - Processing file /opt/airflow/dags/fitbit_pull_dag.py for tasks to queue
[2024-06-14T21:57:03.572+0000] {logging_mixin.py:137} INFO - [2024-06-14T21:57:03.572+0000] {dagbag.py:538} INFO - Filling up the DagBag from /opt/airflow/dags/fitbit_pull_dag.py
[2024-06-14T21:57:03.772+0000] {processor.py:753} INFO - DAG(s) dict_keys(['fitbit_data_pull']) retrieved from /opt/airflow/dags/fitbit_pull_dag.py
[2024-06-14T21:57:03.791+0000] {logging_mixin.py:137} INFO - [2024-06-14T21:57:03.791+0000] {dag.py:2690} INFO - Sync 1 DAGs
[2024-06-14T21:57:03.809+0000] {logging_mixin.py:137} INFO - [2024-06-14T21:57:03.809+0000] {dag.py:3441} INFO - Setting next_dagrun for fitbit_data_pull to 2024-06-14T18:00:00+00:00, run_after=2024-06-15T18:00:00+00:00
[2024-06-14T21:57:03.820+0000] {processor.py:175} INFO - Processing /opt/airflow/dags/fitbit_pull_dag.py took 0.255 seconds
[2024-06-14T21:57:33.957+0000] {processor.py:153} INFO - Started process (PID=734) to work on /opt/airflow/dags/fitbit_pull_dag.py
[2024-06-14T21:57:33.959+0000] {processor.py:743} INFO - Processing file /opt/airflow/dags/fitbit_pull_dag.py for tasks to queue
[2024-06-14T21:57:33.960+0000] {logging_mixin.py:137} INFO - [2024-06-14T21:57:33.960+0000] {dagbag.py:538} INFO - Filling up the DagBag from /opt/airflow/dags/fitbit_pull_dag.py
[2024-06-14T21:57:34.142+0000] {processor.py:753} INFO - DAG(s) dict_keys(['fitbit_data_pull']) retrieved from /opt/airflow/dags/fitbit_pull_dag.py
[2024-06-14T21:57:34.162+0000] {logging_mixin.py:137} INFO - [2024-06-14T21:57:34.161+0000] {dag.py:2690} INFO - Sync 1 DAGs
[2024-06-14T21:57:34.180+0000] {logging_mixin.py:137} INFO - [2024-06-14T21:57:34.180+0000] {dag.py:3441} INFO - Setting next_dagrun for fitbit_data_pull to 2024-06-14T18:00:00+00:00, run_after=2024-06-15T18:00:00+00:00
[2024-06-14T21:57:34.192+0000] {processor.py:175} INFO - Processing /opt/airflow/dags/fitbit_pull_dag.py took 0.238 seconds
[2024-06-14T21:58:04.524+0000] {processor.py:153} INFO - Started process (PID=784) to work on /opt/airflow/dags/fitbit_pull_dag.py
[2024-06-14T21:58:04.526+0000] {processor.py:743} INFO - Processing file /opt/airflow/dags/fitbit_pull_dag.py for tasks to queue
[2024-06-14T21:58:04.527+0000] {logging_mixin.py:137} INFO - [2024-06-14T21:58:04.527+0000] {dagbag.py:538} INFO - Filling up the DagBag from /opt/airflow/dags/fitbit_pull_dag.py
[2024-06-14T21:58:04.707+0000] {processor.py:753} INFO - DAG(s) dict_keys(['fitbit_data_pull']) retrieved from /opt/airflow/dags/fitbit_pull_dag.py
[2024-06-14T21:58:04.728+0000] {logging_mixin.py:137} INFO - [2024-06-14T21:58:04.728+0000] {dag.py:2690} INFO - Sync 1 DAGs
[2024-06-14T21:58:04.747+0000] {logging_mixin.py:137} INFO - [2024-06-14T21:58:04.747+0000] {dag.py:3441} INFO - Setting next_dagrun for fitbit_data_pull to 2024-06-14T18:00:00+00:00, run_after=2024-06-15T18:00:00+00:00
[2024-06-14T21:58:04.758+0000] {processor.py:175} INFO - Processing /opt/airflow/dags/fitbit_pull_dag.py took 0.237 seconds
[2024-06-14T21:58:35.227+0000] {processor.py:153} INFO - Started process (PID=834) to work on /opt/airflow/dags/fitbit_pull_dag.py
[2024-06-14T21:58:35.228+0000] {processor.py:743} INFO - Processing file /opt/airflow/dags/fitbit_pull_dag.py for tasks to queue
[2024-06-14T21:58:35.229+0000] {logging_mixin.py:137} INFO - [2024-06-14T21:58:35.229+0000] {dagbag.py:538} INFO - Filling up the DagBag from /opt/airflow/dags/fitbit_pull_dag.py
[2024-06-14T21:58:35.406+0000] {processor.py:753} INFO - DAG(s) dict_keys(['fitbit_data_pull']) retrieved from /opt/airflow/dags/fitbit_pull_dag.py
[2024-06-14T21:58:35.425+0000] {logging_mixin.py:137} INFO - [2024-06-14T21:58:35.425+0000] {dag.py:2690} INFO - Sync 1 DAGs
[2024-06-14T21:58:35.443+0000] {logging_mixin.py:137} INFO - [2024-06-14T21:58:35.443+0000] {dag.py:3441} INFO - Setting next_dagrun for fitbit_data_pull to 2024-06-14T18:00:00+00:00, run_after=2024-06-15T18:00:00+00:00
[2024-06-14T21:58:35.455+0000] {processor.py:175} INFO - Processing /opt/airflow/dags/fitbit_pull_dag.py took 0.232 seconds
[2024-06-14T21:59:05.657+0000] {processor.py:153} INFO - Started process (PID=884) to work on /opt/airflow/dags/fitbit_pull_dag.py
[2024-06-14T21:59:05.658+0000] {processor.py:743} INFO - Processing file /opt/airflow/dags/fitbit_pull_dag.py for tasks to queue
[2024-06-14T21:59:05.659+0000] {logging_mixin.py:137} INFO - [2024-06-14T21:59:05.659+0000] {dagbag.py:538} INFO - Filling up the DagBag from /opt/airflow/dags/fitbit_pull_dag.py
[2024-06-14T21:59:05.837+0000] {processor.py:753} INFO - DAG(s) dict_keys(['fitbit_data_pull']) retrieved from /opt/airflow/dags/fitbit_pull_dag.py
[2024-06-14T21:59:05.857+0000] {logging_mixin.py:137} INFO - [2024-06-14T21:59:05.857+0000] {dag.py:2690} INFO - Sync 1 DAGs
[2024-06-14T21:59:05.876+0000] {logging_mixin.py:137} INFO - [2024-06-14T21:59:05.876+0000] {dag.py:3441} INFO - Setting next_dagrun for fitbit_data_pull to 2024-06-14T18:00:00+00:00, run_after=2024-06-15T18:00:00+00:00
[2024-06-14T21:59:05.888+0000] {processor.py:175} INFO - Processing /opt/airflow/dags/fitbit_pull_dag.py took 0.235 seconds
[2024-06-14T21:59:36.198+0000] {processor.py:153} INFO - Started process (PID=934) to work on /opt/airflow/dags/fitbit_pull_dag.py
[2024-06-14T21:59:36.199+0000] {processor.py:743} INFO - Processing file /opt/airflow/dags/fitbit_pull_dag.py for tasks to queue
[2024-06-14T21:59:36.200+0000] {logging_mixin.py:137} INFO - [2024-06-14T21:59:36.200+0000] {dagbag.py:538} INFO - Filling up the DagBag from /opt/airflow/dags/fitbit_pull_dag.py
[2024-06-14T21:59:36.376+0000] {processor.py:753} INFO - DAG(s) dict_keys(['fitbit_data_pull']) retrieved from /opt/airflow/dags/fitbit_pull_dag.py
[2024-06-14T21:59:36.397+0000] {logging_mixin.py:137} INFO - [2024-06-14T21:59:36.397+0000] {dag.py:2690} INFO - Sync 1 DAGs
[2024-06-14T21:59:36.414+0000] {logging_mixin.py:137} INFO - [2024-06-14T21:59:36.414+0000] {dag.py:3441} INFO - Setting next_dagrun for fitbit_data_pull to 2024-06-14T18:00:00+00:00, run_after=2024-06-15T18:00:00+00:00
[2024-06-14T21:59:36.426+0000] {processor.py:175} INFO - Processing /opt/airflow/dags/fitbit_pull_dag.py took 0.233 seconds
[2024-06-14T22:00:06.739+0000] {processor.py:153} INFO - Started process (PID=984) to work on /opt/airflow/dags/fitbit_pull_dag.py
[2024-06-14T22:00:06.741+0000] {processor.py:743} INFO - Processing file /opt/airflow/dags/fitbit_pull_dag.py for tasks to queue
[2024-06-14T22:00:06.742+0000] {logging_mixin.py:137} INFO - [2024-06-14T22:00:06.742+0000] {dagbag.py:538} INFO - Filling up the DagBag from /opt/airflow/dags/fitbit_pull_dag.py
[2024-06-14T22:00:06.921+0000] {processor.py:753} INFO - DAG(s) dict_keys(['fitbit_data_pull']) retrieved from /opt/airflow/dags/fitbit_pull_dag.py
[2024-06-14T22:00:06.941+0000] {logging_mixin.py:137} INFO - [2024-06-14T22:00:06.941+0000] {dag.py:2690} INFO - Sync 1 DAGs
[2024-06-14T22:00:06.959+0000] {logging_mixin.py:137} INFO - [2024-06-14T22:00:06.958+0000] {dag.py:3441} INFO - Setting next_dagrun for fitbit_data_pull to 2024-06-14T18:00:00+00:00, run_after=2024-06-15T18:00:00+00:00
[2024-06-14T22:00:06.971+0000] {processor.py:175} INFO - Processing /opt/airflow/dags/fitbit_pull_dag.py took 0.236 seconds
[2024-06-14T22:00:37.183+0000] {processor.py:153} INFO - Started process (PID=1034) to work on /opt/airflow/dags/fitbit_pull_dag.py
[2024-06-14T22:00:37.185+0000] {processor.py:743} INFO - Processing file /opt/airflow/dags/fitbit_pull_dag.py for tasks to queue
[2024-06-14T22:00:37.186+0000] {logging_mixin.py:137} INFO - [2024-06-14T22:00:37.186+0000] {dagbag.py:538} INFO - Filling up the DagBag from /opt/airflow/dags/fitbit_pull_dag.py
[2024-06-14T22:00:37.360+0000] {processor.py:753} INFO - DAG(s) dict_keys(['fitbit_data_pull']) retrieved from /opt/airflow/dags/fitbit_pull_dag.py
[2024-06-14T22:00:37.380+0000] {logging_mixin.py:137} INFO - [2024-06-14T22:00:37.380+0000] {dag.py:2690} INFO - Sync 1 DAGs
[2024-06-14T22:00:37.400+0000] {logging_mixin.py:137} INFO - [2024-06-14T22:00:37.400+0000] {dag.py:3441} INFO - Setting next_dagrun for fitbit_data_pull to 2024-06-14T18:00:00+00:00, run_after=2024-06-15T18:00:00+00:00
[2024-06-14T22:00:37.412+0000] {processor.py:175} INFO - Processing /opt/airflow/dags/fitbit_pull_dag.py took 0.233 seconds
[2024-06-14T22:01:07.725+0000] {processor.py:153} INFO - Started process (PID=1083) to work on /opt/airflow/dags/fitbit_pull_dag.py
[2024-06-14T22:01:07.727+0000] {processor.py:743} INFO - Processing file /opt/airflow/dags/fitbit_pull_dag.py for tasks to queue
[2024-06-14T22:01:07.728+0000] {logging_mixin.py:137} INFO - [2024-06-14T22:01:07.728+0000] {dagbag.py:538} INFO - Filling up the DagBag from /opt/airflow/dags/fitbit_pull_dag.py
[2024-06-14T22:01:07.904+0000] {processor.py:753} INFO - DAG(s) dict_keys(['fitbit_data_pull']) retrieved from /opt/airflow/dags/fitbit_pull_dag.py
[2024-06-14T22:01:07.924+0000] {logging_mixin.py:137} INFO - [2024-06-14T22:01:07.924+0000] {dag.py:2690} INFO - Sync 1 DAGs
[2024-06-14T22:01:07.943+0000] {logging_mixin.py:137} INFO - [2024-06-14T22:01:07.943+0000] {dag.py:3441} INFO - Setting next_dagrun for fitbit_data_pull to 2024-06-14T18:00:00+00:00, run_after=2024-06-15T18:00:00+00:00
[2024-06-14T22:01:07.956+0000] {processor.py:175} INFO - Processing /opt/airflow/dags/fitbit_pull_dag.py took 0.235 seconds
[2024-06-14T22:01:38.173+0000] {processor.py:153} INFO - Started process (PID=1133) to work on /opt/airflow/dags/fitbit_pull_dag.py
[2024-06-14T22:01:38.175+0000] {processor.py:743} INFO - Processing file /opt/airflow/dags/fitbit_pull_dag.py for tasks to queue
[2024-06-14T22:01:38.176+0000] {logging_mixin.py:137} INFO - [2024-06-14T22:01:38.176+0000] {dagbag.py:538} INFO - Filling up the DagBag from /opt/airflow/dags/fitbit_pull_dag.py
[2024-06-14T22:01:38.353+0000] {processor.py:753} INFO - DAG(s) dict_keys(['fitbit_data_pull']) retrieved from /opt/airflow/dags/fitbit_pull_dag.py
[2024-06-14T22:01:38.374+0000] {logging_mixin.py:137} INFO - [2024-06-14T22:01:38.373+0000] {dag.py:2690} INFO - Sync 1 DAGs
[2024-06-14T22:01:38.392+0000] {logging_mixin.py:137} INFO - [2024-06-14T22:01:38.392+0000] {dag.py:3441} INFO - Setting next_dagrun for fitbit_data_pull to 2024-06-14T18:00:00+00:00, run_after=2024-06-15T18:00:00+00:00
[2024-06-14T22:01:38.404+0000] {processor.py:175} INFO - Processing /opt/airflow/dags/fitbit_pull_dag.py took 0.234 seconds
[2024-06-14T22:02:08.616+0000] {processor.py:153} INFO - Started process (PID=1183) to work on /opt/airflow/dags/fitbit_pull_dag.py
[2024-06-14T22:02:08.619+0000] {processor.py:743} INFO - Processing file /opt/airflow/dags/fitbit_pull_dag.py for tasks to queue
[2024-06-14T22:02:08.620+0000] {logging_mixin.py:137} INFO - [2024-06-14T22:02:08.620+0000] {dagbag.py:538} INFO - Filling up the DagBag from /opt/airflow/dags/fitbit_pull_dag.py
[2024-06-14T22:02:08.806+0000] {processor.py:753} INFO - DAG(s) dict_keys(['fitbit_data_pull']) retrieved from /opt/airflow/dags/fitbit_pull_dag.py
[2024-06-14T22:02:08.826+0000] {logging_mixin.py:137} INFO - [2024-06-14T22:02:08.826+0000] {dag.py:2690} INFO - Sync 1 DAGs
[2024-06-14T22:02:08.844+0000] {logging_mixin.py:137} INFO - [2024-06-14T22:02:08.844+0000] {dag.py:3441} INFO - Setting next_dagrun for fitbit_data_pull to 2024-06-14T18:00:00+00:00, run_after=2024-06-15T18:00:00+00:00
[2024-06-14T22:02:08.857+0000] {processor.py:175} INFO - Processing /opt/airflow/dags/fitbit_pull_dag.py took 0.244 seconds
[2024-06-14T22:02:39.347+0000] {processor.py:153} INFO - Started process (PID=1233) to work on /opt/airflow/dags/fitbit_pull_dag.py
[2024-06-14T22:02:39.349+0000] {processor.py:743} INFO - Processing file /opt/airflow/dags/fitbit_pull_dag.py for tasks to queue
[2024-06-14T22:02:39.350+0000] {logging_mixin.py:137} INFO - [2024-06-14T22:02:39.350+0000] {dagbag.py:538} INFO - Filling up the DagBag from /opt/airflow/dags/fitbit_pull_dag.py
[2024-06-14T22:02:39.527+0000] {processor.py:753} INFO - DAG(s) dict_keys(['fitbit_data_pull']) retrieved from /opt/airflow/dags/fitbit_pull_dag.py
[2024-06-14T22:02:39.547+0000] {logging_mixin.py:137} INFO - [2024-06-14T22:02:39.547+0000] {dag.py:2690} INFO - Sync 1 DAGs
[2024-06-14T22:02:39.566+0000] {logging_mixin.py:137} INFO - [2024-06-14T22:02:39.566+0000] {dag.py:3441} INFO - Setting next_dagrun for fitbit_data_pull to 2024-06-14T18:00:00+00:00, run_after=2024-06-15T18:00:00+00:00
[2024-06-14T22:02:39.578+0000] {processor.py:175} INFO - Processing /opt/airflow/dags/fitbit_pull_dag.py took 0.233 seconds
[2024-06-14T22:03:09.973+0000] {processor.py:153} INFO - Started process (PID=1283) to work on /opt/airflow/dags/fitbit_pull_dag.py
[2024-06-14T22:03:09.974+0000] {processor.py:743} INFO - Processing file /opt/airflow/dags/fitbit_pull_dag.py for tasks to queue
[2024-06-14T22:03:09.975+0000] {logging_mixin.py:137} INFO - [2024-06-14T22:03:09.975+0000] {dagbag.py:538} INFO - Filling up the DagBag from /opt/airflow/dags/fitbit_pull_dag.py
[2024-06-14T22:03:10.149+0000] {processor.py:753} INFO - DAG(s) dict_keys(['fitbit_data_pull']) retrieved from /opt/airflow/dags/fitbit_pull_dag.py
[2024-06-14T22:03:10.169+0000] {logging_mixin.py:137} INFO - [2024-06-14T22:03:10.169+0000] {dag.py:2690} INFO - Sync 1 DAGs
[2024-06-14T22:03:10.187+0000] {logging_mixin.py:137} INFO - [2024-06-14T22:03:10.187+0000] {dag.py:3441} INFO - Setting next_dagrun for fitbit_data_pull to 2024-06-14T18:00:00+00:00, run_after=2024-06-15T18:00:00+00:00
[2024-06-14T22:03:10.199+0000] {processor.py:175} INFO - Processing /opt/airflow/dags/fitbit_pull_dag.py took 0.229 seconds
[2024-06-14T22:03:40.447+0000] {processor.py:153} INFO - Started process (PID=1333) to work on /opt/airflow/dags/fitbit_pull_dag.py
[2024-06-14T22:03:40.450+0000] {processor.py:743} INFO - Processing file /opt/airflow/dags/fitbit_pull_dag.py for tasks to queue
[2024-06-14T22:03:40.451+0000] {logging_mixin.py:137} INFO - [2024-06-14T22:03:40.451+0000] {dagbag.py:538} INFO - Filling up the DagBag from /opt/airflow/dags/fitbit_pull_dag.py
[2024-06-14T22:03:40.624+0000] {processor.py:753} INFO - DAG(s) dict_keys(['fitbit_data_pull']) retrieved from /opt/airflow/dags/fitbit_pull_dag.py
[2024-06-14T22:03:40.644+0000] {logging_mixin.py:137} INFO - [2024-06-14T22:03:40.644+0000] {dag.py:2690} INFO - Sync 1 DAGs
[2024-06-14T22:03:40.661+0000] {logging_mixin.py:137} INFO - [2024-06-14T22:03:40.661+0000] {dag.py:3441} INFO - Setting next_dagrun for fitbit_data_pull to 2024-06-14T18:00:00+00:00, run_after=2024-06-15T18:00:00+00:00
[2024-06-14T22:03:40.673+0000] {processor.py:175} INFO - Processing /opt/airflow/dags/fitbit_pull_dag.py took 0.230 seconds
[2024-06-14T22:04:10.858+0000] {processor.py:153} INFO - Started process (PID=1383) to work on /opt/airflow/dags/fitbit_pull_dag.py
[2024-06-14T22:04:10.859+0000] {processor.py:743} INFO - Processing file /opt/airflow/dags/fitbit_pull_dag.py for tasks to queue
[2024-06-14T22:04:10.861+0000] {logging_mixin.py:137} INFO - [2024-06-14T22:04:10.861+0000] {dagbag.py:538} INFO - Filling up the DagBag from /opt/airflow/dags/fitbit_pull_dag.py
[2024-06-14T22:04:11.032+0000] {processor.py:753} INFO - DAG(s) dict_keys(['fitbit_data_pull']) retrieved from /opt/airflow/dags/fitbit_pull_dag.py
[2024-06-14T22:04:11.051+0000] {logging_mixin.py:137} INFO - [2024-06-14T22:04:11.051+0000] {dag.py:2690} INFO - Sync 1 DAGs
[2024-06-14T22:04:11.069+0000] {logging_mixin.py:137} INFO - [2024-06-14T22:04:11.069+0000] {dag.py:3441} INFO - Setting next_dagrun for fitbit_data_pull to 2024-06-14T18:00:00+00:00, run_after=2024-06-15T18:00:00+00:00
[2024-06-14T22:04:11.081+0000] {processor.py:175} INFO - Processing /opt/airflow/dags/fitbit_pull_dag.py took 0.227 seconds
[2024-06-14T22:04:41.406+0000] {processor.py:153} INFO - Started process (PID=1432) to work on /opt/airflow/dags/fitbit_pull_dag.py
[2024-06-14T22:04:41.409+0000] {processor.py:743} INFO - Processing file /opt/airflow/dags/fitbit_pull_dag.py for tasks to queue
[2024-06-14T22:04:41.410+0000] {logging_mixin.py:137} INFO - [2024-06-14T22:04:41.410+0000] {dagbag.py:538} INFO - Filling up the DagBag from /opt/airflow/dags/fitbit_pull_dag.py
[2024-06-14T22:04:41.591+0000] {processor.py:753} INFO - DAG(s) dict_keys(['fitbit_data_pull']) retrieved from /opt/airflow/dags/fitbit_pull_dag.py
[2024-06-14T22:04:41.611+0000] {logging_mixin.py:137} INFO - [2024-06-14T22:04:41.610+0000] {dag.py:2690} INFO - Sync 1 DAGs
[2024-06-14T22:04:41.630+0000] {logging_mixin.py:137} INFO - [2024-06-14T22:04:41.630+0000] {dag.py:3441} INFO - Setting next_dagrun for fitbit_data_pull to 2024-06-14T18:00:00+00:00, run_after=2024-06-15T18:00:00+00:00
[2024-06-14T22:04:41.642+0000] {processor.py:175} INFO - Processing /opt/airflow/dags/fitbit_pull_dag.py took 0.240 seconds
[2024-06-14T22:05:12.023+0000] {processor.py:153} INFO - Started process (PID=1481) to work on /opt/airflow/dags/fitbit_pull_dag.py
[2024-06-14T22:05:12.025+0000] {processor.py:743} INFO - Processing file /opt/airflow/dags/fitbit_pull_dag.py for tasks to queue
[2024-06-14T22:05:12.026+0000] {logging_mixin.py:137} INFO - [2024-06-14T22:05:12.026+0000] {dagbag.py:538} INFO - Filling up the DagBag from /opt/airflow/dags/fitbit_pull_dag.py
[2024-06-14T22:05:12.207+0000] {processor.py:753} INFO - DAG(s) dict_keys(['fitbit_data_pull']) retrieved from /opt/airflow/dags/fitbit_pull_dag.py
[2024-06-14T22:05:12.229+0000] {logging_mixin.py:137} INFO - [2024-06-14T22:05:12.229+0000] {dag.py:2690} INFO - Sync 1 DAGs
[2024-06-14T22:05:12.247+0000] {logging_mixin.py:137} INFO - [2024-06-14T22:05:12.247+0000] {dag.py:3441} INFO - Setting next_dagrun for fitbit_data_pull to 2024-06-14T18:00:00+00:00, run_after=2024-06-15T18:00:00+00:00
[2024-06-14T22:05:12.260+0000] {processor.py:175} INFO - Processing /opt/airflow/dags/fitbit_pull_dag.py took 0.240 seconds
[2024-06-14T22:05:42.636+0000] {processor.py:153} INFO - Started process (PID=1531) to work on /opt/airflow/dags/fitbit_pull_dag.py
[2024-06-14T22:05:42.639+0000] {processor.py:743} INFO - Processing file /opt/airflow/dags/fitbit_pull_dag.py for tasks to queue
[2024-06-14T22:05:42.640+0000] {logging_mixin.py:137} INFO - [2024-06-14T22:05:42.640+0000] {dagbag.py:538} INFO - Filling up the DagBag from /opt/airflow/dags/fitbit_pull_dag.py
[2024-06-14T22:05:42.821+0000] {processor.py:753} INFO - DAG(s) dict_keys(['fitbit_data_pull']) retrieved from /opt/airflow/dags/fitbit_pull_dag.py
[2024-06-14T22:05:42.841+0000] {logging_mixin.py:137} INFO - [2024-06-14T22:05:42.841+0000] {dag.py:2690} INFO - Sync 1 DAGs
[2024-06-14T22:05:42.859+0000] {logging_mixin.py:137} INFO - [2024-06-14T22:05:42.859+0000] {dag.py:3441} INFO - Setting next_dagrun for fitbit_data_pull to 2024-06-14T18:00:00+00:00, run_after=2024-06-15T18:00:00+00:00
[2024-06-14T22:05:42.872+0000] {processor.py:175} INFO - Processing /opt/airflow/dags/fitbit_pull_dag.py took 0.239 seconds
[2024-06-14T22:06:13.187+0000] {processor.py:153} INFO - Started process (PID=1581) to work on /opt/airflow/dags/fitbit_pull_dag.py
[2024-06-14T22:06:13.188+0000] {processor.py:743} INFO - Processing file /opt/airflow/dags/fitbit_pull_dag.py for tasks to queue
[2024-06-14T22:06:13.190+0000] {logging_mixin.py:137} INFO - [2024-06-14T22:06:13.189+0000] {dagbag.py:538} INFO - Filling up the DagBag from /opt/airflow/dags/fitbit_pull_dag.py
[2024-06-14T22:06:13.378+0000] {processor.py:753} INFO - DAG(s) dict_keys(['fitbit_data_pull']) retrieved from /opt/airflow/dags/fitbit_pull_dag.py
[2024-06-14T22:06:13.400+0000] {logging_mixin.py:137} INFO - [2024-06-14T22:06:13.399+0000] {dag.py:2690} INFO - Sync 1 DAGs
[2024-06-14T22:06:13.419+0000] {logging_mixin.py:137} INFO - [2024-06-14T22:06:13.419+0000] {dag.py:3441} INFO - Setting next_dagrun for fitbit_data_pull to 2024-06-14T18:00:00+00:00, run_after=2024-06-15T18:00:00+00:00
[2024-06-14T22:06:13.432+0000] {processor.py:175} INFO - Processing /opt/airflow/dags/fitbit_pull_dag.py took 0.249 seconds
[2024-06-14T22:06:43.810+0000] {processor.py:153} INFO - Started process (PID=1631) to work on /opt/airflow/dags/fitbit_pull_dag.py
[2024-06-14T22:06:43.812+0000] {processor.py:743} INFO - Processing file /opt/airflow/dags/fitbit_pull_dag.py for tasks to queue
[2024-06-14T22:06:43.813+0000] {logging_mixin.py:137} INFO - [2024-06-14T22:06:43.813+0000] {dagbag.py:538} INFO - Filling up the DagBag from /opt/airflow/dags/fitbit_pull_dag.py
[2024-06-14T22:06:43.998+0000] {processor.py:753} INFO - DAG(s) dict_keys(['fitbit_data_pull']) retrieved from /opt/airflow/dags/fitbit_pull_dag.py
[2024-06-14T22:06:44.020+0000] {logging_mixin.py:137} INFO - [2024-06-14T22:06:44.019+0000] {dag.py:2690} INFO - Sync 1 DAGs
[2024-06-14T22:06:44.040+0000] {logging_mixin.py:137} INFO - [2024-06-14T22:06:44.040+0000] {dag.py:3441} INFO - Setting next_dagrun for fitbit_data_pull to 2024-06-14T18:00:00+00:00, run_after=2024-06-15T18:00:00+00:00
[2024-06-14T22:06:44.054+0000] {processor.py:175} INFO - Processing /opt/airflow/dags/fitbit_pull_dag.py took 0.247 seconds
[2024-06-14T22:07:14.297+0000] {processor.py:153} INFO - Started process (PID=1681) to work on /opt/airflow/dags/fitbit_pull_dag.py
[2024-06-14T22:07:14.298+0000] {processor.py:743} INFO - Processing file /opt/airflow/dags/fitbit_pull_dag.py for tasks to queue
[2024-06-14T22:07:14.299+0000] {logging_mixin.py:137} INFO - [2024-06-14T22:07:14.299+0000] {dagbag.py:538} INFO - Filling up the DagBag from /opt/airflow/dags/fitbit_pull_dag.py
[2024-06-14T22:07:14.486+0000] {processor.py:753} INFO - DAG(s) dict_keys(['fitbit_data_pull']) retrieved from /opt/airflow/dags/fitbit_pull_dag.py
[2024-06-14T22:07:14.508+0000] {logging_mixin.py:137} INFO - [2024-06-14T22:07:14.508+0000] {dag.py:2690} INFO - Sync 1 DAGs
[2024-06-14T22:07:14.527+0000] {logging_mixin.py:137} INFO - [2024-06-14T22:07:14.527+0000] {dag.py:3441} INFO - Setting next_dagrun for fitbit_data_pull to 2024-06-14T18:00:00+00:00, run_after=2024-06-15T18:00:00+00:00
[2024-06-14T22:07:14.541+0000] {processor.py:175} INFO - Processing /opt/airflow/dags/fitbit_pull_dag.py took 0.247 seconds
[2024-06-14T22:07:44.867+0000] {processor.py:153} INFO - Started process (PID=1731) to work on /opt/airflow/dags/fitbit_pull_dag.py
[2024-06-14T22:07:44.868+0000] {processor.py:743} INFO - Processing file /opt/airflow/dags/fitbit_pull_dag.py for tasks to queue
[2024-06-14T22:07:44.869+0000] {logging_mixin.py:137} INFO - [2024-06-14T22:07:44.869+0000] {dagbag.py:538} INFO - Filling up the DagBag from /opt/airflow/dags/fitbit_pull_dag.py
[2024-06-14T22:07:45.048+0000] {processor.py:753} INFO - DAG(s) dict_keys(['fitbit_data_pull']) retrieved from /opt/airflow/dags/fitbit_pull_dag.py
[2024-06-14T22:07:45.068+0000] {logging_mixin.py:137} INFO - [2024-06-14T22:07:45.067+0000] {dag.py:2690} INFO - Sync 1 DAGs
[2024-06-14T22:07:45.086+0000] {logging_mixin.py:137} INFO - [2024-06-14T22:07:45.086+0000] {dag.py:3441} INFO - Setting next_dagrun for fitbit_data_pull to 2024-06-14T18:00:00+00:00, run_after=2024-06-15T18:00:00+00:00
[2024-06-14T22:07:45.098+0000] {processor.py:175} INFO - Processing /opt/airflow/dags/fitbit_pull_dag.py took 0.235 seconds
[2024-06-14T22:08:15.499+0000] {processor.py:153} INFO - Started process (PID=1781) to work on /opt/airflow/dags/fitbit_pull_dag.py
[2024-06-14T22:08:15.500+0000] {processor.py:743} INFO - Processing file /opt/airflow/dags/fitbit_pull_dag.py for tasks to queue
[2024-06-14T22:08:15.501+0000] {logging_mixin.py:137} INFO - [2024-06-14T22:08:15.501+0000] {dagbag.py:538} INFO - Filling up the DagBag from /opt/airflow/dags/fitbit_pull_dag.py
[2024-06-14T22:08:15.681+0000] {processor.py:753} INFO - DAG(s) dict_keys(['fitbit_data_pull']) retrieved from /opt/airflow/dags/fitbit_pull_dag.py
[2024-06-14T22:08:15.701+0000] {logging_mixin.py:137} INFO - [2024-06-14T22:08:15.701+0000] {dag.py:2690} INFO - Sync 1 DAGs
[2024-06-14T22:08:15.719+0000] {logging_mixin.py:137} INFO - [2024-06-14T22:08:15.719+0000] {dag.py:3441} INFO - Setting next_dagrun for fitbit_data_pull to 2024-06-14T18:00:00+00:00, run_after=2024-06-15T18:00:00+00:00
[2024-06-14T22:08:15.731+0000] {processor.py:175} INFO - Processing /opt/airflow/dags/fitbit_pull_dag.py took 0.235 seconds
[2024-06-14T22:08:46.230+0000] {processor.py:153} INFO - Started process (PID=1831) to work on /opt/airflow/dags/fitbit_pull_dag.py
[2024-06-14T22:08:46.232+0000] {processor.py:743} INFO - Processing file /opt/airflow/dags/fitbit_pull_dag.py for tasks to queue
[2024-06-14T22:08:46.233+0000] {logging_mixin.py:137} INFO - [2024-06-14T22:08:46.233+0000] {dagbag.py:538} INFO - Filling up the DagBag from /opt/airflow/dags/fitbit_pull_dag.py
[2024-06-14T22:08:46.428+0000] {processor.py:753} INFO - DAG(s) dict_keys(['fitbit_data_pull']) retrieved from /opt/airflow/dags/fitbit_pull_dag.py
[2024-06-14T22:08:46.450+0000] {logging_mixin.py:137} INFO - [2024-06-14T22:08:46.450+0000] {dag.py:2690} INFO - Sync 1 DAGs
[2024-06-14T22:08:46.468+0000] {logging_mixin.py:137} INFO - [2024-06-14T22:08:46.467+0000] {dag.py:3441} INFO - Setting next_dagrun for fitbit_data_pull to 2024-06-14T18:00:00+00:00, run_after=2024-06-15T18:00:00+00:00
[2024-06-14T22:08:46.480+0000] {processor.py:175} INFO - Processing /opt/airflow/dags/fitbit_pull_dag.py took 0.253 seconds
[2024-06-14T22:09:16.641+0000] {processor.py:153} INFO - Started process (PID=1881) to work on /opt/airflow/dags/fitbit_pull_dag.py
[2024-06-14T22:09:16.642+0000] {processor.py:743} INFO - Processing file /opt/airflow/dags/fitbit_pull_dag.py for tasks to queue
[2024-06-14T22:09:16.643+0000] {logging_mixin.py:137} INFO - [2024-06-14T22:09:16.643+0000] {dagbag.py:538} INFO - Filling up the DagBag from /opt/airflow/dags/fitbit_pull_dag.py
[2024-06-14T22:09:16.829+0000] {processor.py:753} INFO - DAG(s) dict_keys(['fitbit_data_pull']) retrieved from /opt/airflow/dags/fitbit_pull_dag.py
[2024-06-14T22:09:16.851+0000] {logging_mixin.py:137} INFO - [2024-06-14T22:09:16.850+0000] {dag.py:2690} INFO - Sync 1 DAGs
[2024-06-14T22:09:16.873+0000] {logging_mixin.py:137} INFO - [2024-06-14T22:09:16.873+0000] {dag.py:3441} INFO - Setting next_dagrun for fitbit_data_pull to 2024-06-14T18:00:00+00:00, run_after=2024-06-15T18:00:00+00:00
[2024-06-14T22:09:16.888+0000] {processor.py:175} INFO - Processing /opt/airflow/dags/fitbit_pull_dag.py took 0.250 seconds
[2024-06-14T22:09:47.242+0000] {processor.py:153} INFO - Started process (PID=1931) to work on /opt/airflow/dags/fitbit_pull_dag.py
[2024-06-14T22:09:47.244+0000] {processor.py:743} INFO - Processing file /opt/airflow/dags/fitbit_pull_dag.py for tasks to queue
[2024-06-14T22:09:47.245+0000] {logging_mixin.py:137} INFO - [2024-06-14T22:09:47.245+0000] {dagbag.py:538} INFO - Filling up the DagBag from /opt/airflow/dags/fitbit_pull_dag.py
[2024-06-14T22:09:47.452+0000] {processor.py:753} INFO - DAG(s) dict_keys(['fitbit_data_pull']) retrieved from /opt/airflow/dags/fitbit_pull_dag.py
[2024-06-14T22:09:47.472+0000] {logging_mixin.py:137} INFO - [2024-06-14T22:09:47.472+0000] {dag.py:2690} INFO - Sync 1 DAGs
[2024-06-14T22:09:47.490+0000] {logging_mixin.py:137} INFO - [2024-06-14T22:09:47.490+0000] {dag.py:3441} INFO - Setting next_dagrun for fitbit_data_pull to 2024-06-14T18:00:00+00:00, run_after=2024-06-15T18:00:00+00:00
[2024-06-14T22:09:47.502+0000] {processor.py:175} INFO - Processing /opt/airflow/dags/fitbit_pull_dag.py took 0.264 seconds
[2024-06-14T22:10:17.672+0000] {processor.py:153} INFO - Started process (PID=1981) to work on /opt/airflow/dags/fitbit_pull_dag.py
[2024-06-14T22:10:17.673+0000] {processor.py:743} INFO - Processing file /opt/airflow/dags/fitbit_pull_dag.py for tasks to queue
[2024-06-14T22:10:17.674+0000] {logging_mixin.py:137} INFO - [2024-06-14T22:10:17.674+0000] {dagbag.py:538} INFO - Filling up the DagBag from /opt/airflow/dags/fitbit_pull_dag.py
[2024-06-14T22:10:17.861+0000] {processor.py:753} INFO - DAG(s) dict_keys(['fitbit_data_pull']) retrieved from /opt/airflow/dags/fitbit_pull_dag.py
[2024-06-14T22:10:17.881+0000] {logging_mixin.py:137} INFO - [2024-06-14T22:10:17.881+0000] {dag.py:2690} INFO - Sync 1 DAGs
[2024-06-14T22:10:17.901+0000] {logging_mixin.py:137} INFO - [2024-06-14T22:10:17.901+0000] {dag.py:3441} INFO - Setting next_dagrun for fitbit_data_pull to 2024-06-14T18:00:00+00:00, run_after=2024-06-15T18:00:00+00:00
[2024-06-14T22:10:17.913+0000] {processor.py:175} INFO - Processing /opt/airflow/dags/fitbit_pull_dag.py took 0.244 seconds
[2024-06-14T22:58:47.987+0000] {processor.py:153} INFO - Started process (PID=2031) to work on /opt/airflow/dags/fitbit_pull_dag.py
[2024-06-14T22:58:47.992+0000] {processor.py:743} INFO - Processing file /opt/airflow/dags/fitbit_pull_dag.py for tasks to queue
[2024-06-14T22:58:47.995+0000] {logging_mixin.py:137} INFO - [2024-06-14T22:58:47.995+0000] {dagbag.py:538} INFO - Filling up the DagBag from /opt/airflow/dags/fitbit_pull_dag.py
[2024-06-14T22:58:48.312+0000] {processor.py:753} INFO - DAG(s) dict_keys(['fitbit_data_pull']) retrieved from /opt/airflow/dags/fitbit_pull_dag.py
[2024-06-14T22:58:48.332+0000] {logging_mixin.py:137} INFO - [2024-06-14T22:58:48.332+0000] {dag.py:2690} INFO - Sync 1 DAGs
[2024-06-14T22:58:48.350+0000] {logging_mixin.py:137} INFO - [2024-06-14T22:58:48.350+0000] {dag.py:3441} INFO - Setting next_dagrun for fitbit_data_pull to 2024-06-14T18:00:00+00:00, run_after=2024-06-15T18:00:00+00:00
[2024-06-14T22:58:48.363+0000] {processor.py:175} INFO - Processing /opt/airflow/dags/fitbit_pull_dag.py took 0.427 seconds
[2024-06-14T23:14:15.949+0000] {processor.py:153} INFO - Started process (PID=2081) to work on /opt/airflow/dags/fitbit_pull_dag.py
[2024-06-14T23:14:15.957+0000] {processor.py:743} INFO - Processing file /opt/airflow/dags/fitbit_pull_dag.py for tasks to queue
[2024-06-14T23:14:15.960+0000] {logging_mixin.py:137} INFO - [2024-06-14T23:14:15.959+0000] {dagbag.py:538} INFO - Filling up the DagBag from /opt/airflow/dags/fitbit_pull_dag.py
[2024-06-14T23:14:16.552+0000] {processor.py:753} INFO - DAG(s) dict_keys(['fitbit_data_pull']) retrieved from /opt/airflow/dags/fitbit_pull_dag.py
[2024-06-14T23:14:16.600+0000] {logging_mixin.py:137} INFO - [2024-06-14T23:14:16.599+0000] {dag.py:2690} INFO - Sync 1 DAGs
[2024-06-14T23:14:16.662+0000] {logging_mixin.py:137} INFO - [2024-06-14T23:14:16.662+0000] {dag.py:3441} INFO - Setting next_dagrun for fitbit_data_pull to 2024-06-14T18:00:00+00:00, run_after=2024-06-15T18:00:00+00:00
[2024-06-14T23:14:16.724+0000] {processor.py:175} INFO - Processing /opt/airflow/dags/fitbit_pull_dag.py took 0.785 seconds
