[2024-06-08T23:31:35.953+0000] {processor.py:153} INFO - Started process (PID=54) to work on /home/airflow/.local/lib/python3.7/site-packages/airflow/example_dags/example_latest_only.py
[2024-06-08T23:31:35.957+0000] {processor.py:743} INFO - Processing file /home/airflow/.local/lib/python3.7/site-packages/airflow/example_dags/example_latest_only.py for tasks to queue
[2024-06-08T23:31:35.958+0000] {logging_mixin.py:137} INFO - [2024-06-08T23:31:35.958+0000] {dagbag.py:538} INFO - Filling up the DagBag from /home/airflow/.local/lib/python3.7/site-packages/airflow/example_dags/example_latest_only.py
[2024-06-08T23:31:35.976+0000] {processor.py:753} INFO - DAG(s) dict_keys(['latest_only']) retrieved from /home/airflow/.local/lib/python3.7/site-packages/airflow/example_dags/example_latest_only.py
[2024-06-08T23:31:36.002+0000] {logging_mixin.py:137} INFO - [2024-06-08T23:31:36.001+0000] {dag.py:2690} INFO - Sync 1 DAGs
[2024-06-08T23:31:36.021+0000] {logging_mixin.py:137} INFO - [2024-06-08T23:31:36.021+0000] {dag.py:3441} INFO - Setting next_dagrun for latest_only to 2024-06-08T19:31:36.020913+00:00, run_after=2024-06-08T23:31:36.020913+00:00
[2024-06-08T23:31:36.036+0000] {processor.py:175} INFO - Processing /home/airflow/.local/lib/python3.7/site-packages/airflow/example_dags/example_latest_only.py took 0.085 seconds
[2024-06-08T23:32:06.647+0000] {processor.py:153} INFO - Started process (PID=104) to work on /home/airflow/.local/lib/python3.7/site-packages/airflow/example_dags/example_latest_only.py
[2024-06-08T23:32:06.649+0000] {processor.py:743} INFO - Processing file /home/airflow/.local/lib/python3.7/site-packages/airflow/example_dags/example_latest_only.py for tasks to queue
[2024-06-08T23:32:06.650+0000] {logging_mixin.py:137} INFO - [2024-06-08T23:32:06.650+0000] {dagbag.py:538} INFO - Filling up the DagBag from /home/airflow/.local/lib/python3.7/site-packages/airflow/example_dags/example_latest_only.py
[2024-06-08T23:32:06.662+0000] {processor.py:753} INFO - DAG(s) dict_keys(['latest_only']) retrieved from /home/airflow/.local/lib/python3.7/site-packages/airflow/example_dags/example_latest_only.py
[2024-06-08T23:32:06.689+0000] {logging_mixin.py:137} INFO - [2024-06-08T23:32:06.689+0000] {dag.py:2690} INFO - Sync 1 DAGs
[2024-06-08T23:32:06.710+0000] {logging_mixin.py:137} INFO - [2024-06-08T23:32:06.710+0000] {dag.py:3441} INFO - Setting next_dagrun for latest_only to 2024-06-08T19:32:06.710006+00:00, run_after=2024-06-08T23:32:06.710006+00:00
[2024-06-08T23:32:06.726+0000] {processor.py:175} INFO - Processing /home/airflow/.local/lib/python3.7/site-packages/airflow/example_dags/example_latest_only.py took 0.083 seconds
[2024-06-08T23:32:36.932+0000] {processor.py:153} INFO - Started process (PID=154) to work on /home/airflow/.local/lib/python3.7/site-packages/airflow/example_dags/example_latest_only.py
[2024-06-08T23:32:36.936+0000] {processor.py:743} INFO - Processing file /home/airflow/.local/lib/python3.7/site-packages/airflow/example_dags/example_latest_only.py for tasks to queue
[2024-06-08T23:32:36.937+0000] {logging_mixin.py:137} INFO - [2024-06-08T23:32:36.937+0000] {dagbag.py:538} INFO - Filling up the DagBag from /home/airflow/.local/lib/python3.7/site-packages/airflow/example_dags/example_latest_only.py
[2024-06-08T23:32:36.947+0000] {processor.py:753} INFO - DAG(s) dict_keys(['latest_only']) retrieved from /home/airflow/.local/lib/python3.7/site-packages/airflow/example_dags/example_latest_only.py
[2024-06-08T23:32:36.966+0000] {logging_mixin.py:137} INFO - [2024-06-08T23:32:36.966+0000] {dag.py:2690} INFO - Sync 1 DAGs
[2024-06-08T23:32:36.983+0000] {logging_mixin.py:137} INFO - [2024-06-08T23:32:36.983+0000] {dag.py:3441} INFO - Setting next_dagrun for latest_only to 2024-06-08T19:32:36.983220+00:00, run_after=2024-06-08T23:32:36.983220+00:00
[2024-06-08T23:32:36.997+0000] {processor.py:175} INFO - Processing /home/airflow/.local/lib/python3.7/site-packages/airflow/example_dags/example_latest_only.py took 0.067 seconds
[2024-06-08T23:33:07.304+0000] {processor.py:153} INFO - Started process (PID=204) to work on /home/airflow/.local/lib/python3.7/site-packages/airflow/example_dags/example_latest_only.py
[2024-06-08T23:33:07.306+0000] {processor.py:743} INFO - Processing file /home/airflow/.local/lib/python3.7/site-packages/airflow/example_dags/example_latest_only.py for tasks to queue
[2024-06-08T23:33:07.306+0000] {logging_mixin.py:137} INFO - [2024-06-08T23:33:07.306+0000] {dagbag.py:538} INFO - Filling up the DagBag from /home/airflow/.local/lib/python3.7/site-packages/airflow/example_dags/example_latest_only.py
[2024-06-08T23:33:07.317+0000] {processor.py:753} INFO - DAG(s) dict_keys(['latest_only']) retrieved from /home/airflow/.local/lib/python3.7/site-packages/airflow/example_dags/example_latest_only.py
[2024-06-08T23:33:07.337+0000] {logging_mixin.py:137} INFO - [2024-06-08T23:33:07.337+0000] {dag.py:2690} INFO - Sync 1 DAGs
[2024-06-08T23:33:07.353+0000] {logging_mixin.py:137} INFO - [2024-06-08T23:33:07.353+0000] {dag.py:3441} INFO - Setting next_dagrun for latest_only to 2024-06-08T19:33:07.353651+00:00, run_after=2024-06-08T23:33:07.353651+00:00
[2024-06-08T23:33:07.368+0000] {processor.py:175} INFO - Processing /home/airflow/.local/lib/python3.7/site-packages/airflow/example_dags/example_latest_only.py took 0.067 seconds
[2024-06-08T23:33:37.595+0000] {processor.py:153} INFO - Started process (PID=255) to work on /home/airflow/.local/lib/python3.7/site-packages/airflow/example_dags/example_latest_only.py
[2024-06-08T23:33:37.596+0000] {processor.py:743} INFO - Processing file /home/airflow/.local/lib/python3.7/site-packages/airflow/example_dags/example_latest_only.py for tasks to queue
[2024-06-08T23:33:37.597+0000] {logging_mixin.py:137} INFO - [2024-06-08T23:33:37.597+0000] {dagbag.py:538} INFO - Filling up the DagBag from /home/airflow/.local/lib/python3.7/site-packages/airflow/example_dags/example_latest_only.py
[2024-06-08T23:33:37.607+0000] {processor.py:753} INFO - DAG(s) dict_keys(['latest_only']) retrieved from /home/airflow/.local/lib/python3.7/site-packages/airflow/example_dags/example_latest_only.py
[2024-06-08T23:33:37.625+0000] {logging_mixin.py:137} INFO - [2024-06-08T23:33:37.625+0000] {dag.py:2690} INFO - Sync 1 DAGs
[2024-06-08T23:33:37.641+0000] {logging_mixin.py:137} INFO - [2024-06-08T23:33:37.641+0000] {dag.py:3441} INFO - Setting next_dagrun for latest_only to 2024-06-08T19:33:37.641032+00:00, run_after=2024-06-08T23:33:37.641032+00:00
[2024-06-08T23:33:37.654+0000] {processor.py:175} INFO - Processing /home/airflow/.local/lib/python3.7/site-packages/airflow/example_dags/example_latest_only.py took 0.062 seconds
[2024-06-08T23:34:07.995+0000] {processor.py:153} INFO - Started process (PID=304) to work on /home/airflow/.local/lib/python3.7/site-packages/airflow/example_dags/example_latest_only.py
[2024-06-08T23:34:07.997+0000] {processor.py:743} INFO - Processing file /home/airflow/.local/lib/python3.7/site-packages/airflow/example_dags/example_latest_only.py for tasks to queue
[2024-06-08T23:34:07.998+0000] {logging_mixin.py:137} INFO - [2024-06-08T23:34:07.998+0000] {dagbag.py:538} INFO - Filling up the DagBag from /home/airflow/.local/lib/python3.7/site-packages/airflow/example_dags/example_latest_only.py
[2024-06-08T23:34:08.008+0000] {processor.py:753} INFO - DAG(s) dict_keys(['latest_only']) retrieved from /home/airflow/.local/lib/python3.7/site-packages/airflow/example_dags/example_latest_only.py
[2024-06-08T23:34:08.029+0000] {logging_mixin.py:137} INFO - [2024-06-08T23:34:08.028+0000] {dag.py:2690} INFO - Sync 1 DAGs
[2024-06-08T23:34:08.046+0000] {logging_mixin.py:137} INFO - [2024-06-08T23:34:08.046+0000] {dag.py:3441} INFO - Setting next_dagrun for latest_only to 2024-06-08T19:34:08.046180+00:00, run_after=2024-06-08T23:34:08.046180+00:00
[2024-06-08T23:34:08.059+0000] {processor.py:175} INFO - Processing /home/airflow/.local/lib/python3.7/site-packages/airflow/example_dags/example_latest_only.py took 0.067 seconds
[2024-06-08T23:34:38.766+0000] {processor.py:153} INFO - Started process (PID=354) to work on /home/airflow/.local/lib/python3.7/site-packages/airflow/example_dags/example_latest_only.py
[2024-06-08T23:34:38.768+0000] {processor.py:743} INFO - Processing file /home/airflow/.local/lib/python3.7/site-packages/airflow/example_dags/example_latest_only.py for tasks to queue
[2024-06-08T23:34:38.769+0000] {logging_mixin.py:137} INFO - [2024-06-08T23:34:38.768+0000] {dagbag.py:538} INFO - Filling up the DagBag from /home/airflow/.local/lib/python3.7/site-packages/airflow/example_dags/example_latest_only.py
[2024-06-08T23:34:38.778+0000] {processor.py:753} INFO - DAG(s) dict_keys(['latest_only']) retrieved from /home/airflow/.local/lib/python3.7/site-packages/airflow/example_dags/example_latest_only.py
[2024-06-08T23:34:38.798+0000] {logging_mixin.py:137} INFO - [2024-06-08T23:34:38.798+0000] {dag.py:2690} INFO - Sync 1 DAGs
[2024-06-08T23:34:38.814+0000] {logging_mixin.py:137} INFO - [2024-06-08T23:34:38.814+0000] {dag.py:3441} INFO - Setting next_dagrun for latest_only to 2024-06-08T19:34:38.814280+00:00, run_after=2024-06-08T23:34:38.814280+00:00
[2024-06-08T23:34:38.827+0000] {processor.py:175} INFO - Processing /home/airflow/.local/lib/python3.7/site-packages/airflow/example_dags/example_latest_only.py took 0.064 seconds
[2024-06-08T23:35:09.267+0000] {processor.py:153} INFO - Started process (PID=404) to work on /home/airflow/.local/lib/python3.7/site-packages/airflow/example_dags/example_latest_only.py
[2024-06-08T23:35:09.269+0000] {processor.py:743} INFO - Processing file /home/airflow/.local/lib/python3.7/site-packages/airflow/example_dags/example_latest_only.py for tasks to queue
[2024-06-08T23:35:09.270+0000] {logging_mixin.py:137} INFO - [2024-06-08T23:35:09.269+0000] {dagbag.py:538} INFO - Filling up the DagBag from /home/airflow/.local/lib/python3.7/site-packages/airflow/example_dags/example_latest_only.py
[2024-06-08T23:35:09.281+0000] {processor.py:753} INFO - DAG(s) dict_keys(['latest_only']) retrieved from /home/airflow/.local/lib/python3.7/site-packages/airflow/example_dags/example_latest_only.py
[2024-06-08T23:35:09.301+0000] {logging_mixin.py:137} INFO - [2024-06-08T23:35:09.301+0000] {dag.py:2690} INFO - Sync 1 DAGs
[2024-06-08T23:35:09.317+0000] {logging_mixin.py:137} INFO - [2024-06-08T23:35:09.317+0000] {dag.py:3441} INFO - Setting next_dagrun for latest_only to 2024-06-08T19:35:09.317292+00:00, run_after=2024-06-08T23:35:09.317292+00:00
[2024-06-08T23:35:09.332+0000] {processor.py:175} INFO - Processing /home/airflow/.local/lib/python3.7/site-packages/airflow/example_dags/example_latest_only.py took 0.068 seconds
[2024-06-08T23:35:39.693+0000] {processor.py:153} INFO - Started process (PID=454) to work on /home/airflow/.local/lib/python3.7/site-packages/airflow/example_dags/example_latest_only.py
[2024-06-08T23:35:39.695+0000] {processor.py:743} INFO - Processing file /home/airflow/.local/lib/python3.7/site-packages/airflow/example_dags/example_latest_only.py for tasks to queue
[2024-06-08T23:35:39.696+0000] {logging_mixin.py:137} INFO - [2024-06-08T23:35:39.696+0000] {dagbag.py:538} INFO - Filling up the DagBag from /home/airflow/.local/lib/python3.7/site-packages/airflow/example_dags/example_latest_only.py
[2024-06-08T23:35:39.706+0000] {processor.py:753} INFO - DAG(s) dict_keys(['latest_only']) retrieved from /home/airflow/.local/lib/python3.7/site-packages/airflow/example_dags/example_latest_only.py
[2024-06-08T23:35:39.731+0000] {logging_mixin.py:137} INFO - [2024-06-08T23:35:39.731+0000] {dag.py:2690} INFO - Sync 1 DAGs
[2024-06-08T23:35:39.751+0000] {logging_mixin.py:137} INFO - [2024-06-08T23:35:39.750+0000] {dag.py:3441} INFO - Setting next_dagrun for latest_only to 2024-06-08T19:35:39.750770+00:00, run_after=2024-06-08T23:35:39.750770+00:00
[2024-06-08T23:35:39.763+0000] {processor.py:175} INFO - Processing /home/airflow/.local/lib/python3.7/site-packages/airflow/example_dags/example_latest_only.py took 0.073 seconds
[2024-06-08T23:36:10.326+0000] {processor.py:153} INFO - Started process (PID=504) to work on /home/airflow/.local/lib/python3.7/site-packages/airflow/example_dags/example_latest_only.py
[2024-06-08T23:36:10.327+0000] {processor.py:743} INFO - Processing file /home/airflow/.local/lib/python3.7/site-packages/airflow/example_dags/example_latest_only.py for tasks to queue
[2024-06-08T23:36:10.329+0000] {logging_mixin.py:137} INFO - [2024-06-08T23:36:10.329+0000] {dagbag.py:538} INFO - Filling up the DagBag from /home/airflow/.local/lib/python3.7/site-packages/airflow/example_dags/example_latest_only.py
[2024-06-08T23:36:10.340+0000] {processor.py:753} INFO - DAG(s) dict_keys(['latest_only']) retrieved from /home/airflow/.local/lib/python3.7/site-packages/airflow/example_dags/example_latest_only.py
[2024-06-08T23:36:10.363+0000] {logging_mixin.py:137} INFO - [2024-06-08T23:36:10.363+0000] {dag.py:2690} INFO - Sync 1 DAGs
[2024-06-08T23:36:10.382+0000] {logging_mixin.py:137} INFO - [2024-06-08T23:36:10.382+0000] {dag.py:3441} INFO - Setting next_dagrun for latest_only to 2024-06-08T19:36:10.381938+00:00, run_after=2024-06-08T23:36:10.381938+00:00
[2024-06-08T23:36:10.398+0000] {processor.py:175} INFO - Processing /home/airflow/.local/lib/python3.7/site-packages/airflow/example_dags/example_latest_only.py took 0.075 seconds
[2024-06-08T23:36:41.258+0000] {processor.py:153} INFO - Started process (PID=554) to work on /home/airflow/.local/lib/python3.7/site-packages/airflow/example_dags/example_latest_only.py
[2024-06-08T23:36:41.260+0000] {processor.py:743} INFO - Processing file /home/airflow/.local/lib/python3.7/site-packages/airflow/example_dags/example_latest_only.py for tasks to queue
[2024-06-08T23:36:41.261+0000] {logging_mixin.py:137} INFO - [2024-06-08T23:36:41.261+0000] {dagbag.py:538} INFO - Filling up the DagBag from /home/airflow/.local/lib/python3.7/site-packages/airflow/example_dags/example_latest_only.py
[2024-06-08T23:36:41.271+0000] {processor.py:753} INFO - DAG(s) dict_keys(['latest_only']) retrieved from /home/airflow/.local/lib/python3.7/site-packages/airflow/example_dags/example_latest_only.py
[2024-06-08T23:36:41.292+0000] {logging_mixin.py:137} INFO - [2024-06-08T23:36:41.292+0000] {dag.py:2690} INFO - Sync 1 DAGs
[2024-06-08T23:36:41.309+0000] {logging_mixin.py:137} INFO - [2024-06-08T23:36:41.309+0000] {dag.py:3441} INFO - Setting next_dagrun for latest_only to 2024-06-08T19:36:41.309630+00:00, run_after=2024-06-08T23:36:41.309630+00:00
[2024-06-08T23:36:41.322+0000] {processor.py:175} INFO - Processing /home/airflow/.local/lib/python3.7/site-packages/airflow/example_dags/example_latest_only.py took 0.067 seconds
[2024-06-08T23:37:11.762+0000] {processor.py:153} INFO - Started process (PID=604) to work on /home/airflow/.local/lib/python3.7/site-packages/airflow/example_dags/example_latest_only.py
[2024-06-08T23:37:11.764+0000] {processor.py:743} INFO - Processing file /home/airflow/.local/lib/python3.7/site-packages/airflow/example_dags/example_latest_only.py for tasks to queue
[2024-06-08T23:37:11.764+0000] {logging_mixin.py:137} INFO - [2024-06-08T23:37:11.764+0000] {dagbag.py:538} INFO - Filling up the DagBag from /home/airflow/.local/lib/python3.7/site-packages/airflow/example_dags/example_latest_only.py
[2024-06-08T23:37:11.775+0000] {processor.py:753} INFO - DAG(s) dict_keys(['latest_only']) retrieved from /home/airflow/.local/lib/python3.7/site-packages/airflow/example_dags/example_latest_only.py
[2024-06-08T23:37:11.796+0000] {logging_mixin.py:137} INFO - [2024-06-08T23:37:11.796+0000] {dag.py:2690} INFO - Sync 1 DAGs
[2024-06-08T23:37:11.814+0000] {logging_mixin.py:137} INFO - [2024-06-08T23:37:11.814+0000] {dag.py:3441} INFO - Setting next_dagrun for latest_only to 2024-06-08T19:37:11.814480+00:00, run_after=2024-06-08T23:37:11.814480+00:00
[2024-06-08T23:37:11.827+0000] {processor.py:175} INFO - Processing /home/airflow/.local/lib/python3.7/site-packages/airflow/example_dags/example_latest_only.py took 0.068 seconds
[2024-06-08T23:37:42.108+0000] {processor.py:153} INFO - Started process (PID=654) to work on /home/airflow/.local/lib/python3.7/site-packages/airflow/example_dags/example_latest_only.py
[2024-06-08T23:37:42.110+0000] {processor.py:743} INFO - Processing file /home/airflow/.local/lib/python3.7/site-packages/airflow/example_dags/example_latest_only.py for tasks to queue
[2024-06-08T23:37:42.112+0000] {logging_mixin.py:137} INFO - [2024-06-08T23:37:42.111+0000] {dagbag.py:538} INFO - Filling up the DagBag from /home/airflow/.local/lib/python3.7/site-packages/airflow/example_dags/example_latest_only.py
[2024-06-08T23:37:42.121+0000] {processor.py:753} INFO - DAG(s) dict_keys(['latest_only']) retrieved from /home/airflow/.local/lib/python3.7/site-packages/airflow/example_dags/example_latest_only.py
[2024-06-08T23:37:42.142+0000] {logging_mixin.py:137} INFO - [2024-06-08T23:37:42.142+0000] {dag.py:2690} INFO - Sync 1 DAGs
[2024-06-08T23:37:42.158+0000] {logging_mixin.py:137} INFO - [2024-06-08T23:37:42.158+0000] {dag.py:3441} INFO - Setting next_dagrun for latest_only to 2024-06-08T19:37:42.158383+00:00, run_after=2024-06-08T23:37:42.158383+00:00
[2024-06-08T23:37:42.171+0000] {processor.py:175} INFO - Processing /home/airflow/.local/lib/python3.7/site-packages/airflow/example_dags/example_latest_only.py took 0.066 seconds
[2024-06-08T23:38:13.008+0000] {processor.py:153} INFO - Started process (PID=704) to work on /home/airflow/.local/lib/python3.7/site-packages/airflow/example_dags/example_latest_only.py
[2024-06-08T23:38:13.012+0000] {processor.py:743} INFO - Processing file /home/airflow/.local/lib/python3.7/site-packages/airflow/example_dags/example_latest_only.py for tasks to queue
[2024-06-08T23:38:13.013+0000] {logging_mixin.py:137} INFO - [2024-06-08T23:38:13.012+0000] {dagbag.py:538} INFO - Filling up the DagBag from /home/airflow/.local/lib/python3.7/site-packages/airflow/example_dags/example_latest_only.py
[2024-06-08T23:38:13.025+0000] {processor.py:753} INFO - DAG(s) dict_keys(['latest_only']) retrieved from /home/airflow/.local/lib/python3.7/site-packages/airflow/example_dags/example_latest_only.py
[2024-06-08T23:38:13.056+0000] {logging_mixin.py:137} INFO - [2024-06-08T23:38:13.056+0000] {dag.py:2690} INFO - Sync 1 DAGs
[2024-06-08T23:38:13.081+0000] {logging_mixin.py:137} INFO - [2024-06-08T23:38:13.080+0000] {dag.py:3441} INFO - Setting next_dagrun for latest_only to 2024-06-08T19:38:13.080636+00:00, run_after=2024-06-08T23:38:13.080636+00:00
[2024-06-08T23:38:13.098+0000] {processor.py:175} INFO - Processing /home/airflow/.local/lib/python3.7/site-packages/airflow/example_dags/example_latest_only.py took 0.094 seconds
[2024-06-08T23:38:43.294+0000] {processor.py:153} INFO - Started process (PID=754) to work on /home/airflow/.local/lib/python3.7/site-packages/airflow/example_dags/example_latest_only.py
[2024-06-08T23:38:43.295+0000] {processor.py:743} INFO - Processing file /home/airflow/.local/lib/python3.7/site-packages/airflow/example_dags/example_latest_only.py for tasks to queue
[2024-06-08T23:38:43.296+0000] {logging_mixin.py:137} INFO - [2024-06-08T23:38:43.296+0000] {dagbag.py:538} INFO - Filling up the DagBag from /home/airflow/.local/lib/python3.7/site-packages/airflow/example_dags/example_latest_only.py
[2024-06-08T23:38:43.307+0000] {processor.py:753} INFO - DAG(s) dict_keys(['latest_only']) retrieved from /home/airflow/.local/lib/python3.7/site-packages/airflow/example_dags/example_latest_only.py
[2024-06-08T23:38:43.326+0000] {logging_mixin.py:137} INFO - [2024-06-08T23:38:43.326+0000] {dag.py:2690} INFO - Sync 1 DAGs
[2024-06-08T23:38:43.345+0000] {logging_mixin.py:137} INFO - [2024-06-08T23:38:43.345+0000] {dag.py:3441} INFO - Setting next_dagrun for latest_only to 2024-06-08T19:38:43.345445+00:00, run_after=2024-06-08T23:38:43.345445+00:00
[2024-06-08T23:38:43.359+0000] {processor.py:175} INFO - Processing /home/airflow/.local/lib/python3.7/site-packages/airflow/example_dags/example_latest_only.py took 0.067 seconds
[2024-06-08T23:39:13.698+0000] {processor.py:153} INFO - Started process (PID=804) to work on /home/airflow/.local/lib/python3.7/site-packages/airflow/example_dags/example_latest_only.py
[2024-06-08T23:39:13.700+0000] {processor.py:743} INFO - Processing file /home/airflow/.local/lib/python3.7/site-packages/airflow/example_dags/example_latest_only.py for tasks to queue
[2024-06-08T23:39:13.701+0000] {logging_mixin.py:137} INFO - [2024-06-08T23:39:13.701+0000] {dagbag.py:538} INFO - Filling up the DagBag from /home/airflow/.local/lib/python3.7/site-packages/airflow/example_dags/example_latest_only.py
[2024-06-08T23:39:13.712+0000] {processor.py:753} INFO - DAG(s) dict_keys(['latest_only']) retrieved from /home/airflow/.local/lib/python3.7/site-packages/airflow/example_dags/example_latest_only.py
[2024-06-08T23:39:13.733+0000] {logging_mixin.py:137} INFO - [2024-06-08T23:39:13.732+0000] {dag.py:2690} INFO - Sync 1 DAGs
[2024-06-08T23:39:13.750+0000] {logging_mixin.py:137} INFO - [2024-06-08T23:39:13.750+0000] {dag.py:3441} INFO - Setting next_dagrun for latest_only to 2024-06-08T19:39:13.750452+00:00, run_after=2024-06-08T23:39:13.750452+00:00
[2024-06-08T23:39:13.764+0000] {processor.py:175} INFO - Processing /home/airflow/.local/lib/python3.7/site-packages/airflow/example_dags/example_latest_only.py took 0.069 seconds
[2024-06-08T23:39:44.455+0000] {processor.py:153} INFO - Started process (PID=854) to work on /home/airflow/.local/lib/python3.7/site-packages/airflow/example_dags/example_latest_only.py
[2024-06-08T23:39:44.456+0000] {processor.py:743} INFO - Processing file /home/airflow/.local/lib/python3.7/site-packages/airflow/example_dags/example_latest_only.py for tasks to queue
[2024-06-08T23:39:44.457+0000] {logging_mixin.py:137} INFO - [2024-06-08T23:39:44.457+0000] {dagbag.py:538} INFO - Filling up the DagBag from /home/airflow/.local/lib/python3.7/site-packages/airflow/example_dags/example_latest_only.py
[2024-06-08T23:39:44.467+0000] {processor.py:753} INFO - DAG(s) dict_keys(['latest_only']) retrieved from /home/airflow/.local/lib/python3.7/site-packages/airflow/example_dags/example_latest_only.py
[2024-06-08T23:39:44.488+0000] {logging_mixin.py:137} INFO - [2024-06-08T23:39:44.488+0000] {dag.py:2690} INFO - Sync 1 DAGs
[2024-06-08T23:39:44.504+0000] {logging_mixin.py:137} INFO - [2024-06-08T23:39:44.504+0000] {dag.py:3441} INFO - Setting next_dagrun for latest_only to 2024-06-08T19:39:44.504363+00:00, run_after=2024-06-08T23:39:44.504363+00:00
[2024-06-08T23:39:44.517+0000] {processor.py:175} INFO - Processing /home/airflow/.local/lib/python3.7/site-packages/airflow/example_dags/example_latest_only.py took 0.065 seconds
[2024-06-08T23:40:14.775+0000] {processor.py:153} INFO - Started process (PID=904) to work on /home/airflow/.local/lib/python3.7/site-packages/airflow/example_dags/example_latest_only.py
[2024-06-08T23:40:14.776+0000] {processor.py:743} INFO - Processing file /home/airflow/.local/lib/python3.7/site-packages/airflow/example_dags/example_latest_only.py for tasks to queue
[2024-06-08T23:40:14.777+0000] {logging_mixin.py:137} INFO - [2024-06-08T23:40:14.777+0000] {dagbag.py:538} INFO - Filling up the DagBag from /home/airflow/.local/lib/python3.7/site-packages/airflow/example_dags/example_latest_only.py
[2024-06-08T23:40:14.787+0000] {processor.py:753} INFO - DAG(s) dict_keys(['latest_only']) retrieved from /home/airflow/.local/lib/python3.7/site-packages/airflow/example_dags/example_latest_only.py
[2024-06-08T23:40:14.806+0000] {logging_mixin.py:137} INFO - [2024-06-08T23:40:14.806+0000] {dag.py:2690} INFO - Sync 1 DAGs
[2024-06-08T23:40:14.822+0000] {logging_mixin.py:137} INFO - [2024-06-08T23:40:14.822+0000] {dag.py:3441} INFO - Setting next_dagrun for latest_only to 2024-06-08T19:40:14.822646+00:00, run_after=2024-06-08T23:40:14.822646+00:00
[2024-06-08T23:40:14.834+0000] {processor.py:175} INFO - Processing /home/airflow/.local/lib/python3.7/site-packages/airflow/example_dags/example_latest_only.py took 0.062 seconds
[2024-06-08T23:40:45.277+0000] {processor.py:153} INFO - Started process (PID=954) to work on /home/airflow/.local/lib/python3.7/site-packages/airflow/example_dags/example_latest_only.py
[2024-06-08T23:40:45.279+0000] {processor.py:743} INFO - Processing file /home/airflow/.local/lib/python3.7/site-packages/airflow/example_dags/example_latest_only.py for tasks to queue
[2024-06-08T23:40:45.280+0000] {logging_mixin.py:137} INFO - [2024-06-08T23:40:45.280+0000] {dagbag.py:538} INFO - Filling up the DagBag from /home/airflow/.local/lib/python3.7/site-packages/airflow/example_dags/example_latest_only.py
[2024-06-08T23:40:45.290+0000] {processor.py:753} INFO - DAG(s) dict_keys(['latest_only']) retrieved from /home/airflow/.local/lib/python3.7/site-packages/airflow/example_dags/example_latest_only.py
[2024-06-08T23:40:45.310+0000] {logging_mixin.py:137} INFO - [2024-06-08T23:40:45.310+0000] {dag.py:2690} INFO - Sync 1 DAGs
[2024-06-08T23:40:45.327+0000] {logging_mixin.py:137} INFO - [2024-06-08T23:40:45.327+0000] {dag.py:3441} INFO - Setting next_dagrun for latest_only to 2024-06-08T19:40:45.327123+00:00, run_after=2024-06-08T23:40:45.327123+00:00
[2024-06-08T23:40:45.338+0000] {processor.py:175} INFO - Processing /home/airflow/.local/lib/python3.7/site-packages/airflow/example_dags/example_latest_only.py took 0.063 seconds
[2024-06-08T23:41:15.761+0000] {processor.py:153} INFO - Started process (PID=1004) to work on /home/airflow/.local/lib/python3.7/site-packages/airflow/example_dags/example_latest_only.py
[2024-06-08T23:41:15.763+0000] {processor.py:743} INFO - Processing file /home/airflow/.local/lib/python3.7/site-packages/airflow/example_dags/example_latest_only.py for tasks to queue
[2024-06-08T23:41:15.764+0000] {logging_mixin.py:137} INFO - [2024-06-08T23:41:15.764+0000] {dagbag.py:538} INFO - Filling up the DagBag from /home/airflow/.local/lib/python3.7/site-packages/airflow/example_dags/example_latest_only.py
[2024-06-08T23:41:15.775+0000] {processor.py:753} INFO - DAG(s) dict_keys(['latest_only']) retrieved from /home/airflow/.local/lib/python3.7/site-packages/airflow/example_dags/example_latest_only.py
[2024-06-08T23:41:15.797+0000] {logging_mixin.py:137} INFO - [2024-06-08T23:41:15.796+0000] {dag.py:2690} INFO - Sync 1 DAGs
[2024-06-08T23:41:15.813+0000] {logging_mixin.py:137} INFO - [2024-06-08T23:41:15.813+0000] {dag.py:3441} INFO - Setting next_dagrun for latest_only to 2024-06-08T19:41:15.813540+00:00, run_after=2024-06-08T23:41:15.813540+00:00
[2024-06-08T23:41:15.827+0000] {processor.py:175} INFO - Processing /home/airflow/.local/lib/python3.7/site-packages/airflow/example_dags/example_latest_only.py took 0.069 seconds
[2024-06-08T23:41:46.531+0000] {processor.py:153} INFO - Started process (PID=1054) to work on /home/airflow/.local/lib/python3.7/site-packages/airflow/example_dags/example_latest_only.py
[2024-06-08T23:41:46.533+0000] {processor.py:743} INFO - Processing file /home/airflow/.local/lib/python3.7/site-packages/airflow/example_dags/example_latest_only.py for tasks to queue
[2024-06-08T23:41:46.534+0000] {logging_mixin.py:137} INFO - [2024-06-08T23:41:46.533+0000] {dagbag.py:538} INFO - Filling up the DagBag from /home/airflow/.local/lib/python3.7/site-packages/airflow/example_dags/example_latest_only.py
[2024-06-08T23:41:46.545+0000] {processor.py:753} INFO - DAG(s) dict_keys(['latest_only']) retrieved from /home/airflow/.local/lib/python3.7/site-packages/airflow/example_dags/example_latest_only.py
[2024-06-08T23:41:46.566+0000] {logging_mixin.py:137} INFO - [2024-06-08T23:41:46.566+0000] {dag.py:2690} INFO - Sync 1 DAGs
[2024-06-08T23:41:46.583+0000] {logging_mixin.py:137} INFO - [2024-06-08T23:41:46.583+0000] {dag.py:3441} INFO - Setting next_dagrun for latest_only to 2024-06-08T19:41:46.583541+00:00, run_after=2024-06-08T23:41:46.583541+00:00
[2024-06-08T23:41:46.598+0000] {processor.py:175} INFO - Processing /home/airflow/.local/lib/python3.7/site-packages/airflow/example_dags/example_latest_only.py took 0.071 seconds
[2024-06-08T23:42:17.120+0000] {processor.py:153} INFO - Started process (PID=1104) to work on /home/airflow/.local/lib/python3.7/site-packages/airflow/example_dags/example_latest_only.py
[2024-06-08T23:42:17.122+0000] {processor.py:743} INFO - Processing file /home/airflow/.local/lib/python3.7/site-packages/airflow/example_dags/example_latest_only.py for tasks to queue
[2024-06-08T23:42:17.123+0000] {logging_mixin.py:137} INFO - [2024-06-08T23:42:17.123+0000] {dagbag.py:538} INFO - Filling up the DagBag from /home/airflow/.local/lib/python3.7/site-packages/airflow/example_dags/example_latest_only.py
[2024-06-08T23:42:17.134+0000] {processor.py:753} INFO - DAG(s) dict_keys(['latest_only']) retrieved from /home/airflow/.local/lib/python3.7/site-packages/airflow/example_dags/example_latest_only.py
[2024-06-08T23:42:17.157+0000] {logging_mixin.py:137} INFO - [2024-06-08T23:42:17.157+0000] {dag.py:2690} INFO - Sync 1 DAGs
[2024-06-08T23:42:17.175+0000] {logging_mixin.py:137} INFO - [2024-06-08T23:42:17.175+0000] {dag.py:3441} INFO - Setting next_dagrun for latest_only to 2024-06-08T19:42:17.175614+00:00, run_after=2024-06-08T23:42:17.175614+00:00
[2024-06-08T23:42:17.190+0000] {processor.py:175} INFO - Processing /home/airflow/.local/lib/python3.7/site-packages/airflow/example_dags/example_latest_only.py took 0.074 seconds
[2024-06-08T23:42:47.479+0000] {processor.py:153} INFO - Started process (PID=1154) to work on /home/airflow/.local/lib/python3.7/site-packages/airflow/example_dags/example_latest_only.py
[2024-06-08T23:42:47.480+0000] {processor.py:743} INFO - Processing file /home/airflow/.local/lib/python3.7/site-packages/airflow/example_dags/example_latest_only.py for tasks to queue
[2024-06-08T23:42:47.481+0000] {logging_mixin.py:137} INFO - [2024-06-08T23:42:47.481+0000] {dagbag.py:538} INFO - Filling up the DagBag from /home/airflow/.local/lib/python3.7/site-packages/airflow/example_dags/example_latest_only.py
[2024-06-08T23:42:47.491+0000] {processor.py:753} INFO - DAG(s) dict_keys(['latest_only']) retrieved from /home/airflow/.local/lib/python3.7/site-packages/airflow/example_dags/example_latest_only.py
[2024-06-08T23:42:47.510+0000] {logging_mixin.py:137} INFO - [2024-06-08T23:42:47.510+0000] {dag.py:2690} INFO - Sync 1 DAGs
[2024-06-08T23:42:47.525+0000] {logging_mixin.py:137} INFO - [2024-06-08T23:42:47.525+0000] {dag.py:3441} INFO - Setting next_dagrun for latest_only to 2024-06-08T19:42:47.525605+00:00, run_after=2024-06-08T23:42:47.525605+00:00
[2024-06-08T23:42:47.537+0000] {processor.py:175} INFO - Processing /home/airflow/.local/lib/python3.7/site-packages/airflow/example_dags/example_latest_only.py took 0.061 seconds
[2024-06-08T23:43:18.048+0000] {processor.py:153} INFO - Started process (PID=1204) to work on /home/airflow/.local/lib/python3.7/site-packages/airflow/example_dags/example_latest_only.py
[2024-06-08T23:43:18.049+0000] {processor.py:743} INFO - Processing file /home/airflow/.local/lib/python3.7/site-packages/airflow/example_dags/example_latest_only.py for tasks to queue
[2024-06-08T23:43:18.050+0000] {logging_mixin.py:137} INFO - [2024-06-08T23:43:18.050+0000] {dagbag.py:538} INFO - Filling up the DagBag from /home/airflow/.local/lib/python3.7/site-packages/airflow/example_dags/example_latest_only.py
[2024-06-08T23:43:18.061+0000] {processor.py:753} INFO - DAG(s) dict_keys(['latest_only']) retrieved from /home/airflow/.local/lib/python3.7/site-packages/airflow/example_dags/example_latest_only.py
[2024-06-08T23:43:18.080+0000] {logging_mixin.py:137} INFO - [2024-06-08T23:43:18.080+0000] {dag.py:2690} INFO - Sync 1 DAGs
[2024-06-08T23:43:18.096+0000] {logging_mixin.py:137} INFO - [2024-06-08T23:43:18.095+0000] {dag.py:3441} INFO - Setting next_dagrun for latest_only to 2024-06-08T19:43:18.095757+00:00, run_after=2024-06-08T23:43:18.095757+00:00
[2024-06-08T23:43:18.107+0000] {processor.py:175} INFO - Processing /home/airflow/.local/lib/python3.7/site-packages/airflow/example_dags/example_latest_only.py took 0.062 seconds
[2024-06-08T23:43:48.659+0000] {processor.py:153} INFO - Started process (PID=1254) to work on /home/airflow/.local/lib/python3.7/site-packages/airflow/example_dags/example_latest_only.py
[2024-06-08T23:43:48.660+0000] {processor.py:743} INFO - Processing file /home/airflow/.local/lib/python3.7/site-packages/airflow/example_dags/example_latest_only.py for tasks to queue
[2024-06-08T23:43:48.661+0000] {logging_mixin.py:137} INFO - [2024-06-08T23:43:48.661+0000] {dagbag.py:538} INFO - Filling up the DagBag from /home/airflow/.local/lib/python3.7/site-packages/airflow/example_dags/example_latest_only.py
[2024-06-08T23:43:48.673+0000] {processor.py:753} INFO - DAG(s) dict_keys(['latest_only']) retrieved from /home/airflow/.local/lib/python3.7/site-packages/airflow/example_dags/example_latest_only.py
[2024-06-08T23:43:48.693+0000] {logging_mixin.py:137} INFO - [2024-06-08T23:43:48.693+0000] {dag.py:2690} INFO - Sync 1 DAGs
[2024-06-08T23:43:48.709+0000] {logging_mixin.py:137} INFO - [2024-06-08T23:43:48.709+0000] {dag.py:3441} INFO - Setting next_dagrun for latest_only to 2024-06-08T19:43:48.709441+00:00, run_after=2024-06-08T23:43:48.709441+00:00
[2024-06-08T23:43:48.722+0000] {processor.py:175} INFO - Processing /home/airflow/.local/lib/python3.7/site-packages/airflow/example_dags/example_latest_only.py took 0.066 seconds
[2024-06-08T23:44:18.970+0000] {processor.py:153} INFO - Started process (PID=1304) to work on /home/airflow/.local/lib/python3.7/site-packages/airflow/example_dags/example_latest_only.py
[2024-06-08T23:44:18.972+0000] {processor.py:743} INFO - Processing file /home/airflow/.local/lib/python3.7/site-packages/airflow/example_dags/example_latest_only.py for tasks to queue
[2024-06-08T23:44:18.973+0000] {logging_mixin.py:137} INFO - [2024-06-08T23:44:18.973+0000] {dagbag.py:538} INFO - Filling up the DagBag from /home/airflow/.local/lib/python3.7/site-packages/airflow/example_dags/example_latest_only.py
[2024-06-08T23:44:18.985+0000] {processor.py:753} INFO - DAG(s) dict_keys(['latest_only']) retrieved from /home/airflow/.local/lib/python3.7/site-packages/airflow/example_dags/example_latest_only.py
[2024-06-08T23:44:19.007+0000] {logging_mixin.py:137} INFO - [2024-06-08T23:44:19.007+0000] {dag.py:2690} INFO - Sync 1 DAGs
[2024-06-08T23:44:19.026+0000] {logging_mixin.py:137} INFO - [2024-06-08T23:44:19.026+0000] {dag.py:3441} INFO - Setting next_dagrun for latest_only to 2024-06-08T19:44:19.026238+00:00, run_after=2024-06-08T23:44:19.026238+00:00
[2024-06-08T23:44:19.039+0000] {processor.py:175} INFO - Processing /home/airflow/.local/lib/python3.7/site-packages/airflow/example_dags/example_latest_only.py took 0.072 seconds
[2024-06-08T23:44:49.422+0000] {processor.py:153} INFO - Started process (PID=1355) to work on /home/airflow/.local/lib/python3.7/site-packages/airflow/example_dags/example_latest_only.py
[2024-06-08T23:44:49.424+0000] {processor.py:743} INFO - Processing file /home/airflow/.local/lib/python3.7/site-packages/airflow/example_dags/example_latest_only.py for tasks to queue
[2024-06-08T23:44:49.425+0000] {logging_mixin.py:137} INFO - [2024-06-08T23:44:49.425+0000] {dagbag.py:538} INFO - Filling up the DagBag from /home/airflow/.local/lib/python3.7/site-packages/airflow/example_dags/example_latest_only.py
[2024-06-08T23:44:49.435+0000] {processor.py:753} INFO - DAG(s) dict_keys(['latest_only']) retrieved from /home/airflow/.local/lib/python3.7/site-packages/airflow/example_dags/example_latest_only.py
[2024-06-08T23:44:49.456+0000] {logging_mixin.py:137} INFO - [2024-06-08T23:44:49.456+0000] {dag.py:2690} INFO - Sync 1 DAGs
[2024-06-08T23:44:49.474+0000] {logging_mixin.py:137} INFO - [2024-06-08T23:44:49.473+0000] {dag.py:3441} INFO - Setting next_dagrun for latest_only to 2024-06-08T19:44:49.473718+00:00, run_after=2024-06-08T23:44:49.473718+00:00
[2024-06-08T23:44:49.485+0000] {processor.py:175} INFO - Processing /home/airflow/.local/lib/python3.7/site-packages/airflow/example_dags/example_latest_only.py took 0.065 seconds
[2024-06-08T23:45:19.721+0000] {processor.py:153} INFO - Started process (PID=1406) to work on /home/airflow/.local/lib/python3.7/site-packages/airflow/example_dags/example_latest_only.py
[2024-06-08T23:45:19.723+0000] {processor.py:743} INFO - Processing file /home/airflow/.local/lib/python3.7/site-packages/airflow/example_dags/example_latest_only.py for tasks to queue
[2024-06-08T23:45:19.723+0000] {logging_mixin.py:137} INFO - [2024-06-08T23:45:19.723+0000] {dagbag.py:538} INFO - Filling up the DagBag from /home/airflow/.local/lib/python3.7/site-packages/airflow/example_dags/example_latest_only.py
[2024-06-08T23:45:19.734+0000] {processor.py:753} INFO - DAG(s) dict_keys(['latest_only']) retrieved from /home/airflow/.local/lib/python3.7/site-packages/airflow/example_dags/example_latest_only.py
[2024-06-08T23:45:19.755+0000] {logging_mixin.py:137} INFO - [2024-06-08T23:45:19.755+0000] {dag.py:2690} INFO - Sync 1 DAGs
[2024-06-08T23:45:19.771+0000] {logging_mixin.py:137} INFO - [2024-06-08T23:45:19.771+0000] {dag.py:3441} INFO - Setting next_dagrun for latest_only to 2024-06-08T19:45:19.771541+00:00, run_after=2024-06-08T23:45:19.771541+00:00
[2024-06-08T23:45:19.784+0000] {processor.py:175} INFO - Processing /home/airflow/.local/lib/python3.7/site-packages/airflow/example_dags/example_latest_only.py took 0.065 seconds
[2024-06-08T23:45:50.146+0000] {processor.py:153} INFO - Started process (PID=1456) to work on /home/airflow/.local/lib/python3.7/site-packages/airflow/example_dags/example_latest_only.py
[2024-06-08T23:45:50.147+0000] {processor.py:743} INFO - Processing file /home/airflow/.local/lib/python3.7/site-packages/airflow/example_dags/example_latest_only.py for tasks to queue
[2024-06-08T23:45:50.148+0000] {logging_mixin.py:137} INFO - [2024-06-08T23:45:50.148+0000] {dagbag.py:538} INFO - Filling up the DagBag from /home/airflow/.local/lib/python3.7/site-packages/airflow/example_dags/example_latest_only.py
[2024-06-08T23:45:50.158+0000] {processor.py:753} INFO - DAG(s) dict_keys(['latest_only']) retrieved from /home/airflow/.local/lib/python3.7/site-packages/airflow/example_dags/example_latest_only.py
[2024-06-08T23:45:50.178+0000] {logging_mixin.py:137} INFO - [2024-06-08T23:45:50.178+0000] {dag.py:2690} INFO - Sync 1 DAGs
[2024-06-08T23:45:50.195+0000] {logging_mixin.py:137} INFO - [2024-06-08T23:45:50.195+0000] {dag.py:3441} INFO - Setting next_dagrun for latest_only to 2024-06-08T19:45:50.195017+00:00, run_after=2024-06-08T23:45:50.195017+00:00
[2024-06-08T23:45:50.207+0000] {processor.py:175} INFO - Processing /home/airflow/.local/lib/python3.7/site-packages/airflow/example_dags/example_latest_only.py took 0.064 seconds
[2024-06-08T23:46:20.546+0000] {processor.py:153} INFO - Started process (PID=1507) to work on /home/airflow/.local/lib/python3.7/site-packages/airflow/example_dags/example_latest_only.py
[2024-06-08T23:46:20.547+0000] {processor.py:743} INFO - Processing file /home/airflow/.local/lib/python3.7/site-packages/airflow/example_dags/example_latest_only.py for tasks to queue
[2024-06-08T23:46:20.548+0000] {logging_mixin.py:137} INFO - [2024-06-08T23:46:20.548+0000] {dagbag.py:538} INFO - Filling up the DagBag from /home/airflow/.local/lib/python3.7/site-packages/airflow/example_dags/example_latest_only.py
[2024-06-08T23:46:20.559+0000] {processor.py:753} INFO - DAG(s) dict_keys(['latest_only']) retrieved from /home/airflow/.local/lib/python3.7/site-packages/airflow/example_dags/example_latest_only.py
[2024-06-08T23:46:20.580+0000] {logging_mixin.py:137} INFO - [2024-06-08T23:46:20.580+0000] {dag.py:2690} INFO - Sync 1 DAGs
[2024-06-08T23:46:20.598+0000] {logging_mixin.py:137} INFO - [2024-06-08T23:46:20.598+0000] {dag.py:3441} INFO - Setting next_dagrun for latest_only to 2024-06-08T19:46:20.597892+00:00, run_after=2024-06-08T23:46:20.597892+00:00
[2024-06-08T23:46:20.611+0000] {processor.py:175} INFO - Processing /home/airflow/.local/lib/python3.7/site-packages/airflow/example_dags/example_latest_only.py took 0.069 seconds
[2024-06-08T23:46:50.966+0000] {processor.py:153} INFO - Started process (PID=1557) to work on /home/airflow/.local/lib/python3.7/site-packages/airflow/example_dags/example_latest_only.py
[2024-06-08T23:46:50.968+0000] {processor.py:743} INFO - Processing file /home/airflow/.local/lib/python3.7/site-packages/airflow/example_dags/example_latest_only.py for tasks to queue
[2024-06-08T23:46:50.969+0000] {logging_mixin.py:137} INFO - [2024-06-08T23:46:50.969+0000] {dagbag.py:538} INFO - Filling up the DagBag from /home/airflow/.local/lib/python3.7/site-packages/airflow/example_dags/example_latest_only.py
[2024-06-08T23:46:50.980+0000] {processor.py:753} INFO - DAG(s) dict_keys(['latest_only']) retrieved from /home/airflow/.local/lib/python3.7/site-packages/airflow/example_dags/example_latest_only.py
[2024-06-08T23:46:51.002+0000] {logging_mixin.py:137} INFO - [2024-06-08T23:46:51.002+0000] {dag.py:2690} INFO - Sync 1 DAGs
[2024-06-08T23:46:51.021+0000] {logging_mixin.py:137} INFO - [2024-06-08T23:46:51.020+0000] {dag.py:3441} INFO - Setting next_dagrun for latest_only to 2024-06-08T19:46:51.020597+00:00, run_after=2024-06-08T23:46:51.020597+00:00
[2024-06-08T23:46:51.035+0000] {processor.py:175} INFO - Processing /home/airflow/.local/lib/python3.7/site-packages/airflow/example_dags/example_latest_only.py took 0.071 seconds
[2024-06-08T23:47:21.459+0000] {processor.py:153} INFO - Started process (PID=1607) to work on /home/airflow/.local/lib/python3.7/site-packages/airflow/example_dags/example_latest_only.py
[2024-06-08T23:47:21.460+0000] {processor.py:743} INFO - Processing file /home/airflow/.local/lib/python3.7/site-packages/airflow/example_dags/example_latest_only.py for tasks to queue
[2024-06-08T23:47:21.461+0000] {logging_mixin.py:137} INFO - [2024-06-08T23:47:21.461+0000] {dagbag.py:538} INFO - Filling up the DagBag from /home/airflow/.local/lib/python3.7/site-packages/airflow/example_dags/example_latest_only.py
[2024-06-08T23:47:21.473+0000] {processor.py:753} INFO - DAG(s) dict_keys(['latest_only']) retrieved from /home/airflow/.local/lib/python3.7/site-packages/airflow/example_dags/example_latest_only.py
[2024-06-08T23:47:21.495+0000] {logging_mixin.py:137} INFO - [2024-06-08T23:47:21.495+0000] {dag.py:2690} INFO - Sync 1 DAGs
[2024-06-08T23:47:21.513+0000] {logging_mixin.py:137} INFO - [2024-06-08T23:47:21.513+0000] {dag.py:3441} INFO - Setting next_dagrun for latest_only to 2024-06-08T19:47:21.513019+00:00, run_after=2024-06-08T23:47:21.513019+00:00
[2024-06-08T23:47:21.527+0000] {processor.py:175} INFO - Processing /home/airflow/.local/lib/python3.7/site-packages/airflow/example_dags/example_latest_only.py took 0.071 seconds
[2024-06-08T23:47:52.127+0000] {processor.py:153} INFO - Started process (PID=1657) to work on /home/airflow/.local/lib/python3.7/site-packages/airflow/example_dags/example_latest_only.py
[2024-06-08T23:47:52.128+0000] {processor.py:743} INFO - Processing file /home/airflow/.local/lib/python3.7/site-packages/airflow/example_dags/example_latest_only.py for tasks to queue
[2024-06-08T23:47:52.129+0000] {logging_mixin.py:137} INFO - [2024-06-08T23:47:52.129+0000] {dagbag.py:538} INFO - Filling up the DagBag from /home/airflow/.local/lib/python3.7/site-packages/airflow/example_dags/example_latest_only.py
[2024-06-08T23:47:52.140+0000] {processor.py:753} INFO - DAG(s) dict_keys(['latest_only']) retrieved from /home/airflow/.local/lib/python3.7/site-packages/airflow/example_dags/example_latest_only.py
[2024-06-08T23:47:52.162+0000] {logging_mixin.py:137} INFO - [2024-06-08T23:47:52.162+0000] {dag.py:2690} INFO - Sync 1 DAGs
[2024-06-08T23:47:52.181+0000] {logging_mixin.py:137} INFO - [2024-06-08T23:47:52.181+0000] {dag.py:3441} INFO - Setting next_dagrun for latest_only to 2024-06-08T19:47:52.181255+00:00, run_after=2024-06-08T23:47:52.181255+00:00
[2024-06-08T23:47:52.203+0000] {processor.py:175} INFO - Processing /home/airflow/.local/lib/python3.7/site-packages/airflow/example_dags/example_latest_only.py took 0.080 seconds
[2024-06-08T23:48:22.647+0000] {processor.py:153} INFO - Started process (PID=1707) to work on /home/airflow/.local/lib/python3.7/site-packages/airflow/example_dags/example_latest_only.py
[2024-06-08T23:48:22.648+0000] {processor.py:743} INFO - Processing file /home/airflow/.local/lib/python3.7/site-packages/airflow/example_dags/example_latest_only.py for tasks to queue
[2024-06-08T23:48:22.649+0000] {logging_mixin.py:137} INFO - [2024-06-08T23:48:22.649+0000] {dagbag.py:538} INFO - Filling up the DagBag from /home/airflow/.local/lib/python3.7/site-packages/airflow/example_dags/example_latest_only.py
[2024-06-08T23:48:22.659+0000] {processor.py:753} INFO - DAG(s) dict_keys(['latest_only']) retrieved from /home/airflow/.local/lib/python3.7/site-packages/airflow/example_dags/example_latest_only.py
[2024-06-08T23:48:22.680+0000] {logging_mixin.py:137} INFO - [2024-06-08T23:48:22.679+0000] {dag.py:2690} INFO - Sync 1 DAGs
[2024-06-08T23:48:22.696+0000] {logging_mixin.py:137} INFO - [2024-06-08T23:48:22.696+0000] {dag.py:3441} INFO - Setting next_dagrun for latest_only to 2024-06-08T19:48:22.696520+00:00, run_after=2024-06-08T23:48:22.696520+00:00
[2024-06-08T23:48:22.709+0000] {processor.py:175} INFO - Processing /home/airflow/.local/lib/python3.7/site-packages/airflow/example_dags/example_latest_only.py took 0.065 seconds
[2024-06-08T23:48:53.162+0000] {processor.py:153} INFO - Started process (PID=1757) to work on /home/airflow/.local/lib/python3.7/site-packages/airflow/example_dags/example_latest_only.py
[2024-06-08T23:48:53.163+0000] {processor.py:743} INFO - Processing file /home/airflow/.local/lib/python3.7/site-packages/airflow/example_dags/example_latest_only.py for tasks to queue
[2024-06-08T23:48:53.164+0000] {logging_mixin.py:137} INFO - [2024-06-08T23:48:53.164+0000] {dagbag.py:538} INFO - Filling up the DagBag from /home/airflow/.local/lib/python3.7/site-packages/airflow/example_dags/example_latest_only.py
[2024-06-08T23:48:53.175+0000] {processor.py:753} INFO - DAG(s) dict_keys(['latest_only']) retrieved from /home/airflow/.local/lib/python3.7/site-packages/airflow/example_dags/example_latest_only.py
[2024-06-08T23:48:53.195+0000] {logging_mixin.py:137} INFO - [2024-06-08T23:48:53.195+0000] {dag.py:2690} INFO - Sync 1 DAGs
[2024-06-08T23:48:53.211+0000] {logging_mixin.py:137} INFO - [2024-06-08T23:48:53.211+0000] {dag.py:3441} INFO - Setting next_dagrun for latest_only to 2024-06-08T19:48:53.211690+00:00, run_after=2024-06-08T23:48:53.211690+00:00
[2024-06-08T23:48:53.225+0000] {processor.py:175} INFO - Processing /home/airflow/.local/lib/python3.7/site-packages/airflow/example_dags/example_latest_only.py took 0.066 seconds
[2024-06-08T23:49:23.513+0000] {processor.py:153} INFO - Started process (PID=1807) to work on /home/airflow/.local/lib/python3.7/site-packages/airflow/example_dags/example_latest_only.py
[2024-06-08T23:49:23.515+0000] {processor.py:743} INFO - Processing file /home/airflow/.local/lib/python3.7/site-packages/airflow/example_dags/example_latest_only.py for tasks to queue
[2024-06-08T23:49:23.515+0000] {logging_mixin.py:137} INFO - [2024-06-08T23:49:23.515+0000] {dagbag.py:538} INFO - Filling up the DagBag from /home/airflow/.local/lib/python3.7/site-packages/airflow/example_dags/example_latest_only.py
[2024-06-08T23:49:23.526+0000] {processor.py:753} INFO - DAG(s) dict_keys(['latest_only']) retrieved from /home/airflow/.local/lib/python3.7/site-packages/airflow/example_dags/example_latest_only.py
[2024-06-08T23:49:23.548+0000] {logging_mixin.py:137} INFO - [2024-06-08T23:49:23.547+0000] {dag.py:2690} INFO - Sync 1 DAGs
[2024-06-08T23:49:23.565+0000] {logging_mixin.py:137} INFO - [2024-06-08T23:49:23.565+0000] {dag.py:3441} INFO - Setting next_dagrun for latest_only to 2024-06-08T19:49:23.565448+00:00, run_after=2024-06-08T23:49:23.565448+00:00
[2024-06-08T23:49:23.579+0000] {processor.py:175} INFO - Processing /home/airflow/.local/lib/python3.7/site-packages/airflow/example_dags/example_latest_only.py took 0.069 seconds
[2024-06-08T23:49:54.046+0000] {processor.py:153} INFO - Started process (PID=1857) to work on /home/airflow/.local/lib/python3.7/site-packages/airflow/example_dags/example_latest_only.py
[2024-06-08T23:49:54.048+0000] {processor.py:743} INFO - Processing file /home/airflow/.local/lib/python3.7/site-packages/airflow/example_dags/example_latest_only.py for tasks to queue
[2024-06-08T23:49:54.049+0000] {logging_mixin.py:137} INFO - [2024-06-08T23:49:54.048+0000] {dagbag.py:538} INFO - Filling up the DagBag from /home/airflow/.local/lib/python3.7/site-packages/airflow/example_dags/example_latest_only.py
[2024-06-08T23:49:54.061+0000] {processor.py:753} INFO - DAG(s) dict_keys(['latest_only']) retrieved from /home/airflow/.local/lib/python3.7/site-packages/airflow/example_dags/example_latest_only.py
[2024-06-08T23:49:54.083+0000] {logging_mixin.py:137} INFO - [2024-06-08T23:49:54.083+0000] {dag.py:2690} INFO - Sync 1 DAGs
[2024-06-08T23:49:54.101+0000] {logging_mixin.py:137} INFO - [2024-06-08T23:49:54.101+0000] {dag.py:3441} INFO - Setting next_dagrun for latest_only to 2024-06-08T19:49:54.101018+00:00, run_after=2024-06-08T23:49:54.101018+00:00
[2024-06-08T23:49:54.114+0000] {processor.py:175} INFO - Processing /home/airflow/.local/lib/python3.7/site-packages/airflow/example_dags/example_latest_only.py took 0.071 seconds
[2024-06-08T23:50:24.570+0000] {processor.py:153} INFO - Started process (PID=1907) to work on /home/airflow/.local/lib/python3.7/site-packages/airflow/example_dags/example_latest_only.py
[2024-06-08T23:50:24.571+0000] {processor.py:743} INFO - Processing file /home/airflow/.local/lib/python3.7/site-packages/airflow/example_dags/example_latest_only.py for tasks to queue
[2024-06-08T23:50:24.572+0000] {logging_mixin.py:137} INFO - [2024-06-08T23:50:24.572+0000] {dagbag.py:538} INFO - Filling up the DagBag from /home/airflow/.local/lib/python3.7/site-packages/airflow/example_dags/example_latest_only.py
[2024-06-08T23:50:24.586+0000] {processor.py:753} INFO - DAG(s) dict_keys(['latest_only']) retrieved from /home/airflow/.local/lib/python3.7/site-packages/airflow/example_dags/example_latest_only.py
[2024-06-08T23:50:24.609+0000] {logging_mixin.py:137} INFO - [2024-06-08T23:50:24.608+0000] {dag.py:2690} INFO - Sync 1 DAGs
[2024-06-08T23:50:24.628+0000] {logging_mixin.py:137} INFO - [2024-06-08T23:50:24.628+0000] {dag.py:3441} INFO - Setting next_dagrun for latest_only to 2024-06-08T19:50:24.628111+00:00, run_after=2024-06-08T23:50:24.628111+00:00
[2024-06-08T23:50:24.645+0000] {processor.py:175} INFO - Processing /home/airflow/.local/lib/python3.7/site-packages/airflow/example_dags/example_latest_only.py took 0.078 seconds
[2024-06-08T23:50:55.239+0000] {processor.py:153} INFO - Started process (PID=1957) to work on /home/airflow/.local/lib/python3.7/site-packages/airflow/example_dags/example_latest_only.py
[2024-06-08T23:50:55.241+0000] {processor.py:743} INFO - Processing file /home/airflow/.local/lib/python3.7/site-packages/airflow/example_dags/example_latest_only.py for tasks to queue
[2024-06-08T23:50:55.242+0000] {logging_mixin.py:137} INFO - [2024-06-08T23:50:55.242+0000] {dagbag.py:538} INFO - Filling up the DagBag from /home/airflow/.local/lib/python3.7/site-packages/airflow/example_dags/example_latest_only.py
[2024-06-08T23:50:55.254+0000] {processor.py:753} INFO - DAG(s) dict_keys(['latest_only']) retrieved from /home/airflow/.local/lib/python3.7/site-packages/airflow/example_dags/example_latest_only.py
[2024-06-08T23:50:55.277+0000] {logging_mixin.py:137} INFO - [2024-06-08T23:50:55.277+0000] {dag.py:2690} INFO - Sync 1 DAGs
[2024-06-08T23:50:55.294+0000] {logging_mixin.py:137} INFO - [2024-06-08T23:50:55.294+0000] {dag.py:3441} INFO - Setting next_dagrun for latest_only to 2024-06-08T19:50:55.294089+00:00, run_after=2024-06-08T23:50:55.294089+00:00
[2024-06-08T23:50:55.309+0000] {processor.py:175} INFO - Processing /home/airflow/.local/lib/python3.7/site-packages/airflow/example_dags/example_latest_only.py took 0.072 seconds
[2024-06-08T23:51:25.856+0000] {processor.py:153} INFO - Started process (PID=2007) to work on /home/airflow/.local/lib/python3.7/site-packages/airflow/example_dags/example_latest_only.py
[2024-06-08T23:51:25.858+0000] {processor.py:743} INFO - Processing file /home/airflow/.local/lib/python3.7/site-packages/airflow/example_dags/example_latest_only.py for tasks to queue
[2024-06-08T23:51:25.859+0000] {logging_mixin.py:137} INFO - [2024-06-08T23:51:25.859+0000] {dagbag.py:538} INFO - Filling up the DagBag from /home/airflow/.local/lib/python3.7/site-packages/airflow/example_dags/example_latest_only.py
[2024-06-08T23:51:25.871+0000] {processor.py:753} INFO - DAG(s) dict_keys(['latest_only']) retrieved from /home/airflow/.local/lib/python3.7/site-packages/airflow/example_dags/example_latest_only.py
[2024-06-08T23:51:25.893+0000] {logging_mixin.py:137} INFO - [2024-06-08T23:51:25.893+0000] {dag.py:2690} INFO - Sync 1 DAGs
[2024-06-08T23:51:25.912+0000] {logging_mixin.py:137} INFO - [2024-06-08T23:51:25.912+0000] {dag.py:3441} INFO - Setting next_dagrun for latest_only to 2024-06-08T19:51:25.911872+00:00, run_after=2024-06-08T23:51:25.911872+00:00
[2024-06-08T23:51:25.926+0000] {processor.py:175} INFO - Processing /home/airflow/.local/lib/python3.7/site-packages/airflow/example_dags/example_latest_only.py took 0.073 seconds
[2024-06-08T23:51:56.715+0000] {processor.py:153} INFO - Started process (PID=2057) to work on /home/airflow/.local/lib/python3.7/site-packages/airflow/example_dags/example_latest_only.py
[2024-06-08T23:51:56.717+0000] {processor.py:743} INFO - Processing file /home/airflow/.local/lib/python3.7/site-packages/airflow/example_dags/example_latest_only.py for tasks to queue
[2024-06-08T23:51:56.718+0000] {logging_mixin.py:137} INFO - [2024-06-08T23:51:56.718+0000] {dagbag.py:538} INFO - Filling up the DagBag from /home/airflow/.local/lib/python3.7/site-packages/airflow/example_dags/example_latest_only.py
[2024-06-08T23:51:56.730+0000] {processor.py:753} INFO - DAG(s) dict_keys(['latest_only']) retrieved from /home/airflow/.local/lib/python3.7/site-packages/airflow/example_dags/example_latest_only.py
[2024-06-08T23:51:56.757+0000] {logging_mixin.py:137} INFO - [2024-06-08T23:51:56.757+0000] {dag.py:2690} INFO - Sync 1 DAGs
[2024-06-08T23:51:56.777+0000] {logging_mixin.py:137} INFO - [2024-06-08T23:51:56.776+0000] {dag.py:3441} INFO - Setting next_dagrun for latest_only to 2024-06-08T19:51:56.776723+00:00, run_after=2024-06-08T23:51:56.776723+00:00
[2024-06-08T23:51:56.795+0000] {processor.py:175} INFO - Processing /home/airflow/.local/lib/python3.7/site-packages/airflow/example_dags/example_latest_only.py took 0.083 seconds
[2024-06-08T23:52:27.611+0000] {processor.py:153} INFO - Started process (PID=2107) to work on /home/airflow/.local/lib/python3.7/site-packages/airflow/example_dags/example_latest_only.py
[2024-06-08T23:52:27.613+0000] {processor.py:743} INFO - Processing file /home/airflow/.local/lib/python3.7/site-packages/airflow/example_dags/example_latest_only.py for tasks to queue
[2024-06-08T23:52:27.614+0000] {logging_mixin.py:137} INFO - [2024-06-08T23:52:27.614+0000] {dagbag.py:538} INFO - Filling up the DagBag from /home/airflow/.local/lib/python3.7/site-packages/airflow/example_dags/example_latest_only.py
[2024-06-08T23:52:27.626+0000] {processor.py:753} INFO - DAG(s) dict_keys(['latest_only']) retrieved from /home/airflow/.local/lib/python3.7/site-packages/airflow/example_dags/example_latest_only.py
[2024-06-08T23:52:27.658+0000] {logging_mixin.py:137} INFO - [2024-06-08T23:52:27.658+0000] {dag.py:2690} INFO - Sync 1 DAGs
[2024-06-08T23:52:27.683+0000] {logging_mixin.py:137} INFO - [2024-06-08T23:52:27.683+0000] {dag.py:3441} INFO - Setting next_dagrun for latest_only to 2024-06-08T19:52:27.682842+00:00, run_after=2024-06-08T23:52:27.682842+00:00
[2024-06-08T23:52:27.699+0000] {processor.py:175} INFO - Processing /home/airflow/.local/lib/python3.7/site-packages/airflow/example_dags/example_latest_only.py took 0.092 seconds
[2024-06-08T23:52:58.455+0000] {processor.py:153} INFO - Started process (PID=2157) to work on /home/airflow/.local/lib/python3.7/site-packages/airflow/example_dags/example_latest_only.py
[2024-06-08T23:52:58.456+0000] {processor.py:743} INFO - Processing file /home/airflow/.local/lib/python3.7/site-packages/airflow/example_dags/example_latest_only.py for tasks to queue
[2024-06-08T23:52:58.461+0000] {logging_mixin.py:137} INFO - [2024-06-08T23:52:58.457+0000] {dagbag.py:538} INFO - Filling up the DagBag from /home/airflow/.local/lib/python3.7/site-packages/airflow/example_dags/example_latest_only.py
[2024-06-08T23:52:58.472+0000] {processor.py:753} INFO - DAG(s) dict_keys(['latest_only']) retrieved from /home/airflow/.local/lib/python3.7/site-packages/airflow/example_dags/example_latest_only.py
[2024-06-08T23:52:58.498+0000] {logging_mixin.py:137} INFO - [2024-06-08T23:52:58.497+0000] {dag.py:2690} INFO - Sync 1 DAGs
[2024-06-08T23:52:58.516+0000] {logging_mixin.py:137} INFO - [2024-06-08T23:52:58.516+0000] {dag.py:3441} INFO - Setting next_dagrun for latest_only to 2024-06-08T19:52:58.516240+00:00, run_after=2024-06-08T23:52:58.516240+00:00
[2024-06-08T23:52:58.531+0000] {processor.py:175} INFO - Processing /home/airflow/.local/lib/python3.7/site-packages/airflow/example_dags/example_latest_only.py took 0.079 seconds
[2024-06-08T23:53:29.257+0000] {processor.py:153} INFO - Started process (PID=2206) to work on /home/airflow/.local/lib/python3.7/site-packages/airflow/example_dags/example_latest_only.py
[2024-06-08T23:53:29.259+0000] {processor.py:743} INFO - Processing file /home/airflow/.local/lib/python3.7/site-packages/airflow/example_dags/example_latest_only.py for tasks to queue
[2024-06-08T23:53:29.260+0000] {logging_mixin.py:137} INFO - [2024-06-08T23:53:29.260+0000] {dagbag.py:538} INFO - Filling up the DagBag from /home/airflow/.local/lib/python3.7/site-packages/airflow/example_dags/example_latest_only.py
[2024-06-08T23:53:29.271+0000] {processor.py:753} INFO - DAG(s) dict_keys(['latest_only']) retrieved from /home/airflow/.local/lib/python3.7/site-packages/airflow/example_dags/example_latest_only.py
[2024-06-08T23:53:29.292+0000] {logging_mixin.py:137} INFO - [2024-06-08T23:53:29.292+0000] {dag.py:2690} INFO - Sync 1 DAGs
[2024-06-08T23:53:29.310+0000] {logging_mixin.py:137} INFO - [2024-06-08T23:53:29.310+0000] {dag.py:3441} INFO - Setting next_dagrun for latest_only to 2024-06-08T19:53:29.309944+00:00, run_after=2024-06-08T23:53:29.309944+00:00
[2024-06-08T23:53:29.322+0000] {processor.py:175} INFO - Processing /home/airflow/.local/lib/python3.7/site-packages/airflow/example_dags/example_latest_only.py took 0.069 seconds
[2024-06-08T23:53:59.799+0000] {processor.py:153} INFO - Started process (PID=2256) to work on /home/airflow/.local/lib/python3.7/site-packages/airflow/example_dags/example_latest_only.py
[2024-06-08T23:53:59.800+0000] {processor.py:743} INFO - Processing file /home/airflow/.local/lib/python3.7/site-packages/airflow/example_dags/example_latest_only.py for tasks to queue
[2024-06-08T23:53:59.801+0000] {logging_mixin.py:137} INFO - [2024-06-08T23:53:59.801+0000] {dagbag.py:538} INFO - Filling up the DagBag from /home/airflow/.local/lib/python3.7/site-packages/airflow/example_dags/example_latest_only.py
[2024-06-08T23:53:59.812+0000] {processor.py:753} INFO - DAG(s) dict_keys(['latest_only']) retrieved from /home/airflow/.local/lib/python3.7/site-packages/airflow/example_dags/example_latest_only.py
[2024-06-08T23:53:59.835+0000] {logging_mixin.py:137} INFO - [2024-06-08T23:53:59.834+0000] {dag.py:2690} INFO - Sync 1 DAGs
[2024-06-08T23:53:59.852+0000] {logging_mixin.py:137} INFO - [2024-06-08T23:53:59.852+0000] {dag.py:3441} INFO - Setting next_dagrun for latest_only to 2024-06-08T19:53:59.851906+00:00, run_after=2024-06-08T23:53:59.851906+00:00
[2024-06-08T23:53:59.866+0000] {processor.py:175} INFO - Processing /home/airflow/.local/lib/python3.7/site-packages/airflow/example_dags/example_latest_only.py took 0.070 seconds
[2024-06-08T23:54:30.317+0000] {processor.py:153} INFO - Started process (PID=2306) to work on /home/airflow/.local/lib/python3.7/site-packages/airflow/example_dags/example_latest_only.py
[2024-06-08T23:54:30.318+0000] {processor.py:743} INFO - Processing file /home/airflow/.local/lib/python3.7/site-packages/airflow/example_dags/example_latest_only.py for tasks to queue
[2024-06-08T23:54:30.319+0000] {logging_mixin.py:137} INFO - [2024-06-08T23:54:30.319+0000] {dagbag.py:538} INFO - Filling up the DagBag from /home/airflow/.local/lib/python3.7/site-packages/airflow/example_dags/example_latest_only.py
[2024-06-08T23:54:30.330+0000] {processor.py:753} INFO - DAG(s) dict_keys(['latest_only']) retrieved from /home/airflow/.local/lib/python3.7/site-packages/airflow/example_dags/example_latest_only.py
[2024-06-08T23:54:30.351+0000] {logging_mixin.py:137} INFO - [2024-06-08T23:54:30.350+0000] {dag.py:2690} INFO - Sync 1 DAGs
[2024-06-08T23:54:30.368+0000] {logging_mixin.py:137} INFO - [2024-06-08T23:54:30.368+0000] {dag.py:3441} INFO - Setting next_dagrun for latest_only to 2024-06-08T19:54:30.367763+00:00, run_after=2024-06-08T23:54:30.367763+00:00
[2024-06-08T23:54:30.382+0000] {processor.py:175} INFO - Processing /home/airflow/.local/lib/python3.7/site-packages/airflow/example_dags/example_latest_only.py took 0.068 seconds
[2024-06-08T23:55:00.797+0000] {processor.py:153} INFO - Started process (PID=2356) to work on /home/airflow/.local/lib/python3.7/site-packages/airflow/example_dags/example_latest_only.py
[2024-06-08T23:55:00.799+0000] {processor.py:743} INFO - Processing file /home/airflow/.local/lib/python3.7/site-packages/airflow/example_dags/example_latest_only.py for tasks to queue
[2024-06-08T23:55:00.800+0000] {logging_mixin.py:137} INFO - [2024-06-08T23:55:00.800+0000] {dagbag.py:538} INFO - Filling up the DagBag from /home/airflow/.local/lib/python3.7/site-packages/airflow/example_dags/example_latest_only.py
[2024-06-08T23:55:00.812+0000] {processor.py:753} INFO - DAG(s) dict_keys(['latest_only']) retrieved from /home/airflow/.local/lib/python3.7/site-packages/airflow/example_dags/example_latest_only.py
[2024-06-08T23:55:00.834+0000] {logging_mixin.py:137} INFO - [2024-06-08T23:55:00.834+0000] {dag.py:2690} INFO - Sync 1 DAGs
[2024-06-08T23:55:00.851+0000] {logging_mixin.py:137} INFO - [2024-06-08T23:55:00.851+0000] {dag.py:3441} INFO - Setting next_dagrun for latest_only to 2024-06-08T19:55:00.851555+00:00, run_after=2024-06-08T23:55:00.851555+00:00
[2024-06-08T23:55:00.865+0000] {processor.py:175} INFO - Processing /home/airflow/.local/lib/python3.7/site-packages/airflow/example_dags/example_latest_only.py took 0.071 seconds
[2024-06-08T23:55:31.146+0000] {processor.py:153} INFO - Started process (PID=2405) to work on /home/airflow/.local/lib/python3.7/site-packages/airflow/example_dags/example_latest_only.py
[2024-06-08T23:55:31.147+0000] {processor.py:743} INFO - Processing file /home/airflow/.local/lib/python3.7/site-packages/airflow/example_dags/example_latest_only.py for tasks to queue
[2024-06-08T23:55:31.148+0000] {logging_mixin.py:137} INFO - [2024-06-08T23:55:31.148+0000] {dagbag.py:538} INFO - Filling up the DagBag from /home/airflow/.local/lib/python3.7/site-packages/airflow/example_dags/example_latest_only.py
[2024-06-08T23:55:31.159+0000] {processor.py:753} INFO - DAG(s) dict_keys(['latest_only']) retrieved from /home/airflow/.local/lib/python3.7/site-packages/airflow/example_dags/example_latest_only.py
[2024-06-08T23:55:31.180+0000] {logging_mixin.py:137} INFO - [2024-06-08T23:55:31.180+0000] {dag.py:2690} INFO - Sync 1 DAGs
[2024-06-08T23:55:31.198+0000] {logging_mixin.py:137} INFO - [2024-06-08T23:55:31.197+0000] {dag.py:3441} INFO - Setting next_dagrun for latest_only to 2024-06-08T19:55:31.197641+00:00, run_after=2024-06-08T23:55:31.197641+00:00
[2024-06-08T23:55:31.211+0000] {processor.py:175} INFO - Processing /home/airflow/.local/lib/python3.7/site-packages/airflow/example_dags/example_latest_only.py took 0.068 seconds
[2024-06-08T23:56:01.544+0000] {processor.py:153} INFO - Started process (PID=2455) to work on /home/airflow/.local/lib/python3.7/site-packages/airflow/example_dags/example_latest_only.py
[2024-06-08T23:56:01.545+0000] {processor.py:743} INFO - Processing file /home/airflow/.local/lib/python3.7/site-packages/airflow/example_dags/example_latest_only.py for tasks to queue
[2024-06-08T23:56:01.546+0000] {logging_mixin.py:137} INFO - [2024-06-08T23:56:01.546+0000] {dagbag.py:538} INFO - Filling up the DagBag from /home/airflow/.local/lib/python3.7/site-packages/airflow/example_dags/example_latest_only.py
[2024-06-08T23:56:01.558+0000] {processor.py:753} INFO - DAG(s) dict_keys(['latest_only']) retrieved from /home/airflow/.local/lib/python3.7/site-packages/airflow/example_dags/example_latest_only.py
[2024-06-08T23:56:01.578+0000] {logging_mixin.py:137} INFO - [2024-06-08T23:56:01.578+0000] {dag.py:2690} INFO - Sync 1 DAGs
[2024-06-08T23:56:01.595+0000] {logging_mixin.py:137} INFO - [2024-06-08T23:56:01.595+0000] {dag.py:3441} INFO - Setting next_dagrun for latest_only to 2024-06-08T19:56:01.595156+00:00, run_after=2024-06-08T23:56:01.595156+00:00
[2024-06-08T23:56:01.609+0000] {processor.py:175} INFO - Processing /home/airflow/.local/lib/python3.7/site-packages/airflow/example_dags/example_latest_only.py took 0.068 seconds
[2024-06-08T23:56:32.028+0000] {processor.py:153} INFO - Started process (PID=2505) to work on /home/airflow/.local/lib/python3.7/site-packages/airflow/example_dags/example_latest_only.py
[2024-06-08T23:56:32.030+0000] {processor.py:743} INFO - Processing file /home/airflow/.local/lib/python3.7/site-packages/airflow/example_dags/example_latest_only.py for tasks to queue
[2024-06-08T23:56:32.030+0000] {logging_mixin.py:137} INFO - [2024-06-08T23:56:32.030+0000] {dagbag.py:538} INFO - Filling up the DagBag from /home/airflow/.local/lib/python3.7/site-packages/airflow/example_dags/example_latest_only.py
[2024-06-08T23:56:32.040+0000] {processor.py:753} INFO - DAG(s) dict_keys(['latest_only']) retrieved from /home/airflow/.local/lib/python3.7/site-packages/airflow/example_dags/example_latest_only.py
[2024-06-08T23:56:32.062+0000] {logging_mixin.py:137} INFO - [2024-06-08T23:56:32.062+0000] {dag.py:2690} INFO - Sync 1 DAGs
[2024-06-08T23:56:32.080+0000] {logging_mixin.py:137} INFO - [2024-06-08T23:56:32.080+0000] {dag.py:3441} INFO - Setting next_dagrun for latest_only to 2024-06-08T19:56:32.080161+00:00, run_after=2024-06-08T23:56:32.080161+00:00
[2024-06-08T23:56:32.092+0000] {processor.py:175} INFO - Processing /home/airflow/.local/lib/python3.7/site-packages/airflow/example_dags/example_latest_only.py took 0.067 seconds
[2024-06-08T23:57:02.417+0000] {processor.py:153} INFO - Started process (PID=2555) to work on /home/airflow/.local/lib/python3.7/site-packages/airflow/example_dags/example_latest_only.py
[2024-06-08T23:57:02.418+0000] {processor.py:743} INFO - Processing file /home/airflow/.local/lib/python3.7/site-packages/airflow/example_dags/example_latest_only.py for tasks to queue
[2024-06-08T23:57:02.419+0000] {logging_mixin.py:137} INFO - [2024-06-08T23:57:02.419+0000] {dagbag.py:538} INFO - Filling up the DagBag from /home/airflow/.local/lib/python3.7/site-packages/airflow/example_dags/example_latest_only.py
[2024-06-08T23:57:02.432+0000] {processor.py:753} INFO - DAG(s) dict_keys(['latest_only']) retrieved from /home/airflow/.local/lib/python3.7/site-packages/airflow/example_dags/example_latest_only.py
[2024-06-08T23:57:02.456+0000] {logging_mixin.py:137} INFO - [2024-06-08T23:57:02.456+0000] {dag.py:2690} INFO - Sync 1 DAGs
[2024-06-08T23:57:02.474+0000] {logging_mixin.py:137} INFO - [2024-06-08T23:57:02.474+0000] {dag.py:3441} INFO - Setting next_dagrun for latest_only to 2024-06-08T19:57:02.474007+00:00, run_after=2024-06-08T23:57:02.474007+00:00
[2024-06-08T23:57:02.488+0000] {processor.py:175} INFO - Processing /home/airflow/.local/lib/python3.7/site-packages/airflow/example_dags/example_latest_only.py took 0.074 seconds
[2024-06-08T23:57:32.944+0000] {processor.py:153} INFO - Started process (PID=2612) to work on /home/airflow/.local/lib/python3.7/site-packages/airflow/example_dags/example_latest_only.py
[2024-06-08T23:57:32.945+0000] {processor.py:743} INFO - Processing file /home/airflow/.local/lib/python3.7/site-packages/airflow/example_dags/example_latest_only.py for tasks to queue
[2024-06-08T23:57:32.946+0000] {logging_mixin.py:137} INFO - [2024-06-08T23:57:32.946+0000] {dagbag.py:538} INFO - Filling up the DagBag from /home/airflow/.local/lib/python3.7/site-packages/airflow/example_dags/example_latest_only.py
[2024-06-08T23:57:32.957+0000] {processor.py:753} INFO - DAG(s) dict_keys(['latest_only']) retrieved from /home/airflow/.local/lib/python3.7/site-packages/airflow/example_dags/example_latest_only.py
[2024-06-08T23:57:32.979+0000] {logging_mixin.py:137} INFO - [2024-06-08T23:57:32.979+0000] {dag.py:2690} INFO - Sync 1 DAGs
[2024-06-08T23:57:32.996+0000] {logging_mixin.py:137} INFO - [2024-06-08T23:57:32.996+0000] {dag.py:3441} INFO - Setting next_dagrun for latest_only to 2024-06-08T19:57:32.996601+00:00, run_after=2024-06-08T23:57:32.996601+00:00
[2024-06-08T23:57:33.010+0000] {processor.py:175} INFO - Processing /home/airflow/.local/lib/python3.7/site-packages/airflow/example_dags/example_latest_only.py took 0.069 seconds
[2024-06-08T23:58:03.420+0000] {processor.py:153} INFO - Started process (PID=2662) to work on /home/airflow/.local/lib/python3.7/site-packages/airflow/example_dags/example_latest_only.py
[2024-06-08T23:58:03.422+0000] {processor.py:743} INFO - Processing file /home/airflow/.local/lib/python3.7/site-packages/airflow/example_dags/example_latest_only.py for tasks to queue
[2024-06-08T23:58:03.423+0000] {logging_mixin.py:137} INFO - [2024-06-08T23:58:03.423+0000] {dagbag.py:538} INFO - Filling up the DagBag from /home/airflow/.local/lib/python3.7/site-packages/airflow/example_dags/example_latest_only.py
[2024-06-08T23:58:03.433+0000] {processor.py:753} INFO - DAG(s) dict_keys(['latest_only']) retrieved from /home/airflow/.local/lib/python3.7/site-packages/airflow/example_dags/example_latest_only.py
[2024-06-08T23:58:03.453+0000] {logging_mixin.py:137} INFO - [2024-06-08T23:58:03.453+0000] {dag.py:2690} INFO - Sync 1 DAGs
[2024-06-08T23:58:03.470+0000] {logging_mixin.py:137} INFO - [2024-06-08T23:58:03.470+0000] {dag.py:3441} INFO - Setting next_dagrun for latest_only to 2024-06-08T19:58:03.470563+00:00, run_after=2024-06-08T23:58:03.470563+00:00
[2024-06-08T23:58:03.485+0000] {processor.py:175} INFO - Processing /home/airflow/.local/lib/python3.7/site-packages/airflow/example_dags/example_latest_only.py took 0.067 seconds
[2024-06-08T23:58:34.232+0000] {processor.py:153} INFO - Started process (PID=2712) to work on /home/airflow/.local/lib/python3.7/site-packages/airflow/example_dags/example_latest_only.py
[2024-06-08T23:58:34.233+0000] {processor.py:743} INFO - Processing file /home/airflow/.local/lib/python3.7/site-packages/airflow/example_dags/example_latest_only.py for tasks to queue
[2024-06-08T23:58:34.234+0000] {logging_mixin.py:137} INFO - [2024-06-08T23:58:34.234+0000] {dagbag.py:538} INFO - Filling up the DagBag from /home/airflow/.local/lib/python3.7/site-packages/airflow/example_dags/example_latest_only.py
[2024-06-08T23:58:34.246+0000] {processor.py:753} INFO - DAG(s) dict_keys(['latest_only']) retrieved from /home/airflow/.local/lib/python3.7/site-packages/airflow/example_dags/example_latest_only.py
[2024-06-08T23:58:34.269+0000] {logging_mixin.py:137} INFO - [2024-06-08T23:58:34.269+0000] {dag.py:2690} INFO - Sync 1 DAGs
[2024-06-08T23:58:34.288+0000] {logging_mixin.py:137} INFO - [2024-06-08T23:58:34.288+0000] {dag.py:3441} INFO - Setting next_dagrun for latest_only to 2024-06-08T19:58:34.288079+00:00, run_after=2024-06-08T23:58:34.288079+00:00
[2024-06-08T23:58:34.304+0000] {processor.py:175} INFO - Processing /home/airflow/.local/lib/python3.7/site-packages/airflow/example_dags/example_latest_only.py took 0.075 seconds
[2024-06-08T23:59:05.038+0000] {processor.py:153} INFO - Started process (PID=2762) to work on /home/airflow/.local/lib/python3.7/site-packages/airflow/example_dags/example_latest_only.py
[2024-06-08T23:59:05.039+0000] {processor.py:743} INFO - Processing file /home/airflow/.local/lib/python3.7/site-packages/airflow/example_dags/example_latest_only.py for tasks to queue
[2024-06-08T23:59:05.040+0000] {logging_mixin.py:137} INFO - [2024-06-08T23:59:05.040+0000] {dagbag.py:538} INFO - Filling up the DagBag from /home/airflow/.local/lib/python3.7/site-packages/airflow/example_dags/example_latest_only.py
[2024-06-08T23:59:05.051+0000] {processor.py:753} INFO - DAG(s) dict_keys(['latest_only']) retrieved from /home/airflow/.local/lib/python3.7/site-packages/airflow/example_dags/example_latest_only.py
[2024-06-08T23:59:05.072+0000] {logging_mixin.py:137} INFO - [2024-06-08T23:59:05.072+0000] {dag.py:2690} INFO - Sync 1 DAGs
[2024-06-08T23:59:05.089+0000] {logging_mixin.py:137} INFO - [2024-06-08T23:59:05.089+0000] {dag.py:3441} INFO - Setting next_dagrun for latest_only to 2024-06-08T19:59:05.089357+00:00, run_after=2024-06-08T23:59:05.089357+00:00
[2024-06-08T23:59:05.103+0000] {processor.py:175} INFO - Processing /home/airflow/.local/lib/python3.7/site-packages/airflow/example_dags/example_latest_only.py took 0.068 seconds
[2024-06-08T23:59:35.463+0000] {processor.py:153} INFO - Started process (PID=2812) to work on /home/airflow/.local/lib/python3.7/site-packages/airflow/example_dags/example_latest_only.py
[2024-06-08T23:59:35.464+0000] {processor.py:743} INFO - Processing file /home/airflow/.local/lib/python3.7/site-packages/airflow/example_dags/example_latest_only.py for tasks to queue
[2024-06-08T23:59:35.465+0000] {logging_mixin.py:137} INFO - [2024-06-08T23:59:35.465+0000] {dagbag.py:538} INFO - Filling up the DagBag from /home/airflow/.local/lib/python3.7/site-packages/airflow/example_dags/example_latest_only.py
[2024-06-08T23:59:35.475+0000] {processor.py:753} INFO - DAG(s) dict_keys(['latest_only']) retrieved from /home/airflow/.local/lib/python3.7/site-packages/airflow/example_dags/example_latest_only.py
[2024-06-08T23:59:35.495+0000] {logging_mixin.py:137} INFO - [2024-06-08T23:59:35.495+0000] {dag.py:2690} INFO - Sync 1 DAGs
[2024-06-08T23:59:35.511+0000] {logging_mixin.py:137} INFO - [2024-06-08T23:59:35.511+0000] {dag.py:3441} INFO - Setting next_dagrun for latest_only to 2024-06-08T19:59:35.510901+00:00, run_after=2024-06-08T23:59:35.510901+00:00
[2024-06-08T23:59:35.523+0000] {processor.py:175} INFO - Processing /home/airflow/.local/lib/python3.7/site-packages/airflow/example_dags/example_latest_only.py took 0.063 seconds
