[2024-06-08T23:31:37.187+0000] {processor.py:153} INFO - Started process (PID=75) to work on /home/airflow/.local/lib/python3.7/site-packages/airflow/example_dags/example_nested_branch_dag.py
[2024-06-08T23:31:37.188+0000] {processor.py:743} INFO - Processing file /home/airflow/.local/lib/python3.7/site-packages/airflow/example_dags/example_nested_branch_dag.py for tasks to queue
[2024-06-08T23:31:37.189+0000] {logging_mixin.py:137} INFO - [2024-06-08T23:31:37.189+0000] {dagbag.py:538} INFO - Filling up the DagBag from /home/airflow/.local/lib/python3.7/site-packages/airflow/example_dags/example_nested_branch_dag.py
[2024-06-08T23:31:37.209+0000] {processor.py:753} INFO - DAG(s) dict_keys(['example_nested_branch_dag']) retrieved from /home/airflow/.local/lib/python3.7/site-packages/airflow/example_dags/example_nested_branch_dag.py
[2024-06-08T23:31:37.230+0000] {logging_mixin.py:137} INFO - [2024-06-08T23:31:37.230+0000] {dag.py:2690} INFO - Sync 1 DAGs
[2024-06-08T23:31:37.250+0000] {logging_mixin.py:137} INFO - [2024-06-08T23:31:37.250+0000] {dag.py:3441} INFO - Setting next_dagrun for example_nested_branch_dag to 2024-06-07T00:00:00+00:00, run_after=2024-06-08T00:00:00+00:00
[2024-06-08T23:31:37.265+0000] {processor.py:175} INFO - Processing /home/airflow/.local/lib/python3.7/site-packages/airflow/example_dags/example_nested_branch_dag.py took 0.081 seconds
[2024-06-08T23:32:07.745+0000] {processor.py:153} INFO - Started process (PID=125) to work on /home/airflow/.local/lib/python3.7/site-packages/airflow/example_dags/example_nested_branch_dag.py
[2024-06-08T23:32:07.747+0000] {processor.py:743} INFO - Processing file /home/airflow/.local/lib/python3.7/site-packages/airflow/example_dags/example_nested_branch_dag.py for tasks to queue
[2024-06-08T23:32:07.748+0000] {logging_mixin.py:137} INFO - [2024-06-08T23:32:07.748+0000] {dagbag.py:538} INFO - Filling up the DagBag from /home/airflow/.local/lib/python3.7/site-packages/airflow/example_dags/example_nested_branch_dag.py
[2024-06-08T23:32:07.766+0000] {processor.py:753} INFO - DAG(s) dict_keys(['example_nested_branch_dag']) retrieved from /home/airflow/.local/lib/python3.7/site-packages/airflow/example_dags/example_nested_branch_dag.py
[2024-06-08T23:32:07.790+0000] {logging_mixin.py:137} INFO - [2024-06-08T23:32:07.790+0000] {dag.py:2690} INFO - Sync 1 DAGs
[2024-06-08T23:32:07.808+0000] {logging_mixin.py:137} INFO - [2024-06-08T23:32:07.808+0000] {dag.py:3441} INFO - Setting next_dagrun for example_nested_branch_dag to 2024-06-07T00:00:00+00:00, run_after=2024-06-08T00:00:00+00:00
[2024-06-08T23:32:07.823+0000] {processor.py:175} INFO - Processing /home/airflow/.local/lib/python3.7/site-packages/airflow/example_dags/example_nested_branch_dag.py took 0.081 seconds
[2024-06-08T23:32:38.041+0000] {processor.py:153} INFO - Started process (PID=175) to work on /home/airflow/.local/lib/python3.7/site-packages/airflow/example_dags/example_nested_branch_dag.py
[2024-06-08T23:32:38.042+0000] {processor.py:743} INFO - Processing file /home/airflow/.local/lib/python3.7/site-packages/airflow/example_dags/example_nested_branch_dag.py for tasks to queue
[2024-06-08T23:32:38.043+0000] {logging_mixin.py:137} INFO - [2024-06-08T23:32:38.043+0000] {dagbag.py:538} INFO - Filling up the DagBag from /home/airflow/.local/lib/python3.7/site-packages/airflow/example_dags/example_nested_branch_dag.py
[2024-06-08T23:32:38.062+0000] {processor.py:753} INFO - DAG(s) dict_keys(['example_nested_branch_dag']) retrieved from /home/airflow/.local/lib/python3.7/site-packages/airflow/example_dags/example_nested_branch_dag.py
[2024-06-08T23:32:38.085+0000] {logging_mixin.py:137} INFO - [2024-06-08T23:32:38.085+0000] {dag.py:2690} INFO - Sync 1 DAGs
[2024-06-08T23:32:38.107+0000] {logging_mixin.py:137} INFO - [2024-06-08T23:32:38.107+0000] {dag.py:3441} INFO - Setting next_dagrun for example_nested_branch_dag to 2024-06-07T00:00:00+00:00, run_after=2024-06-08T00:00:00+00:00
[2024-06-08T23:32:38.122+0000] {processor.py:175} INFO - Processing /home/airflow/.local/lib/python3.7/site-packages/airflow/example_dags/example_nested_branch_dag.py took 0.084 seconds
[2024-06-08T23:33:08.328+0000] {processor.py:153} INFO - Started process (PID=226) to work on /home/airflow/.local/lib/python3.7/site-packages/airflow/example_dags/example_nested_branch_dag.py
[2024-06-08T23:33:08.329+0000] {processor.py:743} INFO - Processing file /home/airflow/.local/lib/python3.7/site-packages/airflow/example_dags/example_nested_branch_dag.py for tasks to queue
[2024-06-08T23:33:08.330+0000] {logging_mixin.py:137} INFO - [2024-06-08T23:33:08.330+0000] {dagbag.py:538} INFO - Filling up the DagBag from /home/airflow/.local/lib/python3.7/site-packages/airflow/example_dags/example_nested_branch_dag.py
[2024-06-08T23:33:08.347+0000] {processor.py:753} INFO - DAG(s) dict_keys(['example_nested_branch_dag']) retrieved from /home/airflow/.local/lib/python3.7/site-packages/airflow/example_dags/example_nested_branch_dag.py
[2024-06-08T23:33:08.367+0000] {logging_mixin.py:137} INFO - [2024-06-08T23:33:08.367+0000] {dag.py:2690} INFO - Sync 1 DAGs
[2024-06-08T23:33:08.384+0000] {logging_mixin.py:137} INFO - [2024-06-08T23:33:08.384+0000] {dag.py:3441} INFO - Setting next_dagrun for example_nested_branch_dag to 2024-06-07T00:00:00+00:00, run_after=2024-06-08T00:00:00+00:00
[2024-06-08T23:33:08.395+0000] {processor.py:175} INFO - Processing /home/airflow/.local/lib/python3.7/site-packages/airflow/example_dags/example_nested_branch_dag.py took 0.070 seconds
[2024-06-08T23:33:38.557+0000] {processor.py:153} INFO - Started process (PID=276) to work on /home/airflow/.local/lib/python3.7/site-packages/airflow/example_dags/example_nested_branch_dag.py
[2024-06-08T23:33:38.559+0000] {processor.py:743} INFO - Processing file /home/airflow/.local/lib/python3.7/site-packages/airflow/example_dags/example_nested_branch_dag.py for tasks to queue
[2024-06-08T23:33:38.560+0000] {logging_mixin.py:137} INFO - [2024-06-08T23:33:38.560+0000] {dagbag.py:538} INFO - Filling up the DagBag from /home/airflow/.local/lib/python3.7/site-packages/airflow/example_dags/example_nested_branch_dag.py
[2024-06-08T23:33:38.577+0000] {processor.py:753} INFO - DAG(s) dict_keys(['example_nested_branch_dag']) retrieved from /home/airflow/.local/lib/python3.7/site-packages/airflow/example_dags/example_nested_branch_dag.py
[2024-06-08T23:33:38.596+0000] {logging_mixin.py:137} INFO - [2024-06-08T23:33:38.595+0000] {dag.py:2690} INFO - Sync 1 DAGs
[2024-06-08T23:33:38.613+0000] {logging_mixin.py:137} INFO - [2024-06-08T23:33:38.613+0000] {dag.py:3441} INFO - Setting next_dagrun for example_nested_branch_dag to 2024-06-07T00:00:00+00:00, run_after=2024-06-08T00:00:00+00:00
[2024-06-08T23:33:38.623+0000] {processor.py:175} INFO - Processing /home/airflow/.local/lib/python3.7/site-packages/airflow/example_dags/example_nested_branch_dag.py took 0.069 seconds
[2024-06-08T23:34:09.121+0000] {processor.py:153} INFO - Started process (PID=325) to work on /home/airflow/.local/lib/python3.7/site-packages/airflow/example_dags/example_nested_branch_dag.py
[2024-06-08T23:34:09.123+0000] {processor.py:743} INFO - Processing file /home/airflow/.local/lib/python3.7/site-packages/airflow/example_dags/example_nested_branch_dag.py for tasks to queue
[2024-06-08T23:34:09.124+0000] {logging_mixin.py:137} INFO - [2024-06-08T23:34:09.124+0000] {dagbag.py:538} INFO - Filling up the DagBag from /home/airflow/.local/lib/python3.7/site-packages/airflow/example_dags/example_nested_branch_dag.py
[2024-06-08T23:34:09.143+0000] {processor.py:753} INFO - DAG(s) dict_keys(['example_nested_branch_dag']) retrieved from /home/airflow/.local/lib/python3.7/site-packages/airflow/example_dags/example_nested_branch_dag.py
[2024-06-08T23:34:09.167+0000] {logging_mixin.py:137} INFO - [2024-06-08T23:34:09.167+0000] {dag.py:2690} INFO - Sync 1 DAGs
[2024-06-08T23:34:09.186+0000] {logging_mixin.py:137} INFO - [2024-06-08T23:34:09.186+0000] {dag.py:3441} INFO - Setting next_dagrun for example_nested_branch_dag to 2024-06-07T00:00:00+00:00, run_after=2024-06-08T00:00:00+00:00
[2024-06-08T23:34:09.201+0000] {processor.py:175} INFO - Processing /home/airflow/.local/lib/python3.7/site-packages/airflow/example_dags/example_nested_branch_dag.py took 0.083 seconds
[2024-06-08T23:34:39.862+0000] {processor.py:153} INFO - Started process (PID=375) to work on /home/airflow/.local/lib/python3.7/site-packages/airflow/example_dags/example_nested_branch_dag.py
[2024-06-08T23:34:39.864+0000] {processor.py:743} INFO - Processing file /home/airflow/.local/lib/python3.7/site-packages/airflow/example_dags/example_nested_branch_dag.py for tasks to queue
[2024-06-08T23:34:39.865+0000] {logging_mixin.py:137} INFO - [2024-06-08T23:34:39.865+0000] {dagbag.py:538} INFO - Filling up the DagBag from /home/airflow/.local/lib/python3.7/site-packages/airflow/example_dags/example_nested_branch_dag.py
[2024-06-08T23:34:39.882+0000] {processor.py:753} INFO - DAG(s) dict_keys(['example_nested_branch_dag']) retrieved from /home/airflow/.local/lib/python3.7/site-packages/airflow/example_dags/example_nested_branch_dag.py
[2024-06-08T23:34:39.904+0000] {logging_mixin.py:137} INFO - [2024-06-08T23:34:39.904+0000] {dag.py:2690} INFO - Sync 1 DAGs
[2024-06-08T23:34:39.920+0000] {logging_mixin.py:137} INFO - [2024-06-08T23:34:39.920+0000] {dag.py:3441} INFO - Setting next_dagrun for example_nested_branch_dag to 2024-06-07T00:00:00+00:00, run_after=2024-06-08T00:00:00+00:00
[2024-06-08T23:34:39.932+0000] {processor.py:175} INFO - Processing /home/airflow/.local/lib/python3.7/site-packages/airflow/example_dags/example_nested_branch_dag.py took 0.073 seconds
[2024-06-08T23:35:10.394+0000] {processor.py:153} INFO - Started process (PID=425) to work on /home/airflow/.local/lib/python3.7/site-packages/airflow/example_dags/example_nested_branch_dag.py
[2024-06-08T23:35:10.396+0000] {processor.py:743} INFO - Processing file /home/airflow/.local/lib/python3.7/site-packages/airflow/example_dags/example_nested_branch_dag.py for tasks to queue
[2024-06-08T23:35:10.397+0000] {logging_mixin.py:137} INFO - [2024-06-08T23:35:10.397+0000] {dagbag.py:538} INFO - Filling up the DagBag from /home/airflow/.local/lib/python3.7/site-packages/airflow/example_dags/example_nested_branch_dag.py
[2024-06-08T23:35:10.415+0000] {processor.py:753} INFO - DAG(s) dict_keys(['example_nested_branch_dag']) retrieved from /home/airflow/.local/lib/python3.7/site-packages/airflow/example_dags/example_nested_branch_dag.py
[2024-06-08T23:35:10.435+0000] {logging_mixin.py:137} INFO - [2024-06-08T23:35:10.435+0000] {dag.py:2690} INFO - Sync 1 DAGs
[2024-06-08T23:35:10.454+0000] {logging_mixin.py:137} INFO - [2024-06-08T23:35:10.454+0000] {dag.py:3441} INFO - Setting next_dagrun for example_nested_branch_dag to 2024-06-07T00:00:00+00:00, run_after=2024-06-08T00:00:00+00:00
[2024-06-08T23:35:10.466+0000] {processor.py:175} INFO - Processing /home/airflow/.local/lib/python3.7/site-packages/airflow/example_dags/example_nested_branch_dag.py took 0.074 seconds
[2024-06-08T23:35:40.959+0000] {processor.py:153} INFO - Started process (PID=475) to work on /home/airflow/.local/lib/python3.7/site-packages/airflow/example_dags/example_nested_branch_dag.py
[2024-06-08T23:35:40.960+0000] {processor.py:743} INFO - Processing file /home/airflow/.local/lib/python3.7/site-packages/airflow/example_dags/example_nested_branch_dag.py for tasks to queue
[2024-06-08T23:35:40.961+0000] {logging_mixin.py:137} INFO - [2024-06-08T23:35:40.961+0000] {dagbag.py:538} INFO - Filling up the DagBag from /home/airflow/.local/lib/python3.7/site-packages/airflow/example_dags/example_nested_branch_dag.py
[2024-06-08T23:35:40.978+0000] {processor.py:753} INFO - DAG(s) dict_keys(['example_nested_branch_dag']) retrieved from /home/airflow/.local/lib/python3.7/site-packages/airflow/example_dags/example_nested_branch_dag.py
[2024-06-08T23:35:41.001+0000] {logging_mixin.py:137} INFO - [2024-06-08T23:35:41.001+0000] {dag.py:2690} INFO - Sync 1 DAGs
[2024-06-08T23:35:41.019+0000] {logging_mixin.py:137} INFO - [2024-06-08T23:35:41.019+0000] {dag.py:3441} INFO - Setting next_dagrun for example_nested_branch_dag to 2024-06-07T00:00:00+00:00, run_after=2024-06-08T00:00:00+00:00
[2024-06-08T23:35:41.032+0000] {processor.py:175} INFO - Processing /home/airflow/.local/lib/python3.7/site-packages/airflow/example_dags/example_nested_branch_dag.py took 0.076 seconds
[2024-06-08T23:36:11.436+0000] {processor.py:153} INFO - Started process (PID=525) to work on /home/airflow/.local/lib/python3.7/site-packages/airflow/example_dags/example_nested_branch_dag.py
[2024-06-08T23:36:11.437+0000] {processor.py:743} INFO - Processing file /home/airflow/.local/lib/python3.7/site-packages/airflow/example_dags/example_nested_branch_dag.py for tasks to queue
[2024-06-08T23:36:11.438+0000] {logging_mixin.py:137} INFO - [2024-06-08T23:36:11.438+0000] {dagbag.py:538} INFO - Filling up the DagBag from /home/airflow/.local/lib/python3.7/site-packages/airflow/example_dags/example_nested_branch_dag.py
[2024-06-08T23:36:11.466+0000] {processor.py:753} INFO - DAG(s) dict_keys(['example_nested_branch_dag']) retrieved from /home/airflow/.local/lib/python3.7/site-packages/airflow/example_dags/example_nested_branch_dag.py
[2024-06-08T23:36:11.495+0000] {logging_mixin.py:137} INFO - [2024-06-08T23:36:11.495+0000] {dag.py:2690} INFO - Sync 1 DAGs
[2024-06-08T23:36:11.520+0000] {logging_mixin.py:137} INFO - [2024-06-08T23:36:11.520+0000] {dag.py:3441} INFO - Setting next_dagrun for example_nested_branch_dag to 2024-06-07T00:00:00+00:00, run_after=2024-06-08T00:00:00+00:00
[2024-06-08T23:36:11.539+0000] {processor.py:175} INFO - Processing /home/airflow/.local/lib/python3.7/site-packages/airflow/example_dags/example_nested_branch_dag.py took 0.106 seconds
[2024-06-08T23:36:42.276+0000] {processor.py:153} INFO - Started process (PID=575) to work on /home/airflow/.local/lib/python3.7/site-packages/airflow/example_dags/example_nested_branch_dag.py
[2024-06-08T23:36:42.278+0000] {processor.py:743} INFO - Processing file /home/airflow/.local/lib/python3.7/site-packages/airflow/example_dags/example_nested_branch_dag.py for tasks to queue
[2024-06-08T23:36:42.279+0000] {logging_mixin.py:137} INFO - [2024-06-08T23:36:42.279+0000] {dagbag.py:538} INFO - Filling up the DagBag from /home/airflow/.local/lib/python3.7/site-packages/airflow/example_dags/example_nested_branch_dag.py
[2024-06-08T23:36:42.296+0000] {processor.py:753} INFO - DAG(s) dict_keys(['example_nested_branch_dag']) retrieved from /home/airflow/.local/lib/python3.7/site-packages/airflow/example_dags/example_nested_branch_dag.py
[2024-06-08T23:36:42.321+0000] {logging_mixin.py:137} INFO - [2024-06-08T23:36:42.321+0000] {dag.py:2690} INFO - Sync 1 DAGs
[2024-06-08T23:36:42.341+0000] {logging_mixin.py:137} INFO - [2024-06-08T23:36:42.341+0000] {dag.py:3441} INFO - Setting next_dagrun for example_nested_branch_dag to 2024-06-07T00:00:00+00:00, run_after=2024-06-08T00:00:00+00:00
[2024-06-08T23:36:42.354+0000] {processor.py:175} INFO - Processing /home/airflow/.local/lib/python3.7/site-packages/airflow/example_dags/example_nested_branch_dag.py took 0.081 seconds
[2024-06-08T23:37:12.845+0000] {processor.py:153} INFO - Started process (PID=625) to work on /home/airflow/.local/lib/python3.7/site-packages/airflow/example_dags/example_nested_branch_dag.py
[2024-06-08T23:37:12.847+0000] {processor.py:743} INFO - Processing file /home/airflow/.local/lib/python3.7/site-packages/airflow/example_dags/example_nested_branch_dag.py for tasks to queue
[2024-06-08T23:37:12.847+0000] {logging_mixin.py:137} INFO - [2024-06-08T23:37:12.847+0000] {dagbag.py:538} INFO - Filling up the DagBag from /home/airflow/.local/lib/python3.7/site-packages/airflow/example_dags/example_nested_branch_dag.py
[2024-06-08T23:37:12.865+0000] {processor.py:753} INFO - DAG(s) dict_keys(['example_nested_branch_dag']) retrieved from /home/airflow/.local/lib/python3.7/site-packages/airflow/example_dags/example_nested_branch_dag.py
[2024-06-08T23:37:12.890+0000] {logging_mixin.py:137} INFO - [2024-06-08T23:37:12.889+0000] {dag.py:2690} INFO - Sync 1 DAGs
[2024-06-08T23:37:12.907+0000] {logging_mixin.py:137} INFO - [2024-06-08T23:37:12.907+0000] {dag.py:3441} INFO - Setting next_dagrun for example_nested_branch_dag to 2024-06-07T00:00:00+00:00, run_after=2024-06-08T00:00:00+00:00
[2024-06-08T23:37:12.921+0000] {processor.py:175} INFO - Processing /home/airflow/.local/lib/python3.7/site-packages/airflow/example_dags/example_nested_branch_dag.py took 0.079 seconds
[2024-06-08T23:37:43.286+0000] {processor.py:153} INFO - Started process (PID=675) to work on /home/airflow/.local/lib/python3.7/site-packages/airflow/example_dags/example_nested_branch_dag.py
[2024-06-08T23:37:43.288+0000] {processor.py:743} INFO - Processing file /home/airflow/.local/lib/python3.7/site-packages/airflow/example_dags/example_nested_branch_dag.py for tasks to queue
[2024-06-08T23:37:43.289+0000] {logging_mixin.py:137} INFO - [2024-06-08T23:37:43.289+0000] {dagbag.py:538} INFO - Filling up the DagBag from /home/airflow/.local/lib/python3.7/site-packages/airflow/example_dags/example_nested_branch_dag.py
[2024-06-08T23:37:43.307+0000] {processor.py:753} INFO - DAG(s) dict_keys(['example_nested_branch_dag']) retrieved from /home/airflow/.local/lib/python3.7/site-packages/airflow/example_dags/example_nested_branch_dag.py
[2024-06-08T23:37:43.329+0000] {logging_mixin.py:137} INFO - [2024-06-08T23:37:43.329+0000] {dag.py:2690} INFO - Sync 1 DAGs
[2024-06-08T23:37:43.346+0000] {logging_mixin.py:137} INFO - [2024-06-08T23:37:43.346+0000] {dag.py:3441} INFO - Setting next_dagrun for example_nested_branch_dag to 2024-06-07T00:00:00+00:00, run_after=2024-06-08T00:00:00+00:00
[2024-06-08T23:37:43.358+0000] {processor.py:175} INFO - Processing /home/airflow/.local/lib/python3.7/site-packages/airflow/example_dags/example_nested_branch_dag.py took 0.075 seconds
[2024-06-08T23:38:14.653+0000] {processor.py:153} INFO - Started process (PID=725) to work on /home/airflow/.local/lib/python3.7/site-packages/airflow/example_dags/example_nested_branch_dag.py
[2024-06-08T23:38:14.655+0000] {processor.py:743} INFO - Processing file /home/airflow/.local/lib/python3.7/site-packages/airflow/example_dags/example_nested_branch_dag.py for tasks to queue
[2024-06-08T23:38:14.656+0000] {logging_mixin.py:137} INFO - [2024-06-08T23:38:14.656+0000] {dagbag.py:538} INFO - Filling up the DagBag from /home/airflow/.local/lib/python3.7/site-packages/airflow/example_dags/example_nested_branch_dag.py
[2024-06-08T23:38:14.676+0000] {processor.py:753} INFO - DAG(s) dict_keys(['example_nested_branch_dag']) retrieved from /home/airflow/.local/lib/python3.7/site-packages/airflow/example_dags/example_nested_branch_dag.py
[2024-06-08T23:38:14.705+0000] {logging_mixin.py:137} INFO - [2024-06-08T23:38:14.705+0000] {dag.py:2690} INFO - Sync 1 DAGs
[2024-06-08T23:38:14.726+0000] {logging_mixin.py:137} INFO - [2024-06-08T23:38:14.726+0000] {dag.py:3441} INFO - Setting next_dagrun for example_nested_branch_dag to 2024-06-07T00:00:00+00:00, run_after=2024-06-08T00:00:00+00:00
[2024-06-08T23:38:14.745+0000] {processor.py:175} INFO - Processing /home/airflow/.local/lib/python3.7/site-packages/airflow/example_dags/example_nested_branch_dag.py took 0.095 seconds
[2024-06-08T23:38:45.287+0000] {processor.py:153} INFO - Started process (PID=775) to work on /home/airflow/.local/lib/python3.7/site-packages/airflow/example_dags/example_nested_branch_dag.py
[2024-06-08T23:38:45.289+0000] {processor.py:743} INFO - Processing file /home/airflow/.local/lib/python3.7/site-packages/airflow/example_dags/example_nested_branch_dag.py for tasks to queue
[2024-06-08T23:38:45.289+0000] {logging_mixin.py:137} INFO - [2024-06-08T23:38:45.289+0000] {dagbag.py:538} INFO - Filling up the DagBag from /home/airflow/.local/lib/python3.7/site-packages/airflow/example_dags/example_nested_branch_dag.py
[2024-06-08T23:38:45.306+0000] {processor.py:753} INFO - DAG(s) dict_keys(['example_nested_branch_dag']) retrieved from /home/airflow/.local/lib/python3.7/site-packages/airflow/example_dags/example_nested_branch_dag.py
[2024-06-08T23:38:45.327+0000] {logging_mixin.py:137} INFO - [2024-06-08T23:38:45.326+0000] {dag.py:2690} INFO - Sync 1 DAGs
[2024-06-08T23:38:45.344+0000] {logging_mixin.py:137} INFO - [2024-06-08T23:38:45.344+0000] {dag.py:3441} INFO - Setting next_dagrun for example_nested_branch_dag to 2024-06-07T00:00:00+00:00, run_after=2024-06-08T00:00:00+00:00
[2024-06-08T23:38:45.356+0000] {processor.py:175} INFO - Processing /home/airflow/.local/lib/python3.7/site-packages/airflow/example_dags/example_nested_branch_dag.py took 0.071 seconds
[2024-06-08T23:39:16.147+0000] {processor.py:153} INFO - Started process (PID=825) to work on /home/airflow/.local/lib/python3.7/site-packages/airflow/example_dags/example_nested_branch_dag.py
[2024-06-08T23:39:16.149+0000] {processor.py:743} INFO - Processing file /home/airflow/.local/lib/python3.7/site-packages/airflow/example_dags/example_nested_branch_dag.py for tasks to queue
[2024-06-08T23:39:16.150+0000] {logging_mixin.py:137} INFO - [2024-06-08T23:39:16.149+0000] {dagbag.py:538} INFO - Filling up the DagBag from /home/airflow/.local/lib/python3.7/site-packages/airflow/example_dags/example_nested_branch_dag.py
[2024-06-08T23:39:16.167+0000] {processor.py:753} INFO - DAG(s) dict_keys(['example_nested_branch_dag']) retrieved from /home/airflow/.local/lib/python3.7/site-packages/airflow/example_dags/example_nested_branch_dag.py
[2024-06-08T23:39:16.191+0000] {logging_mixin.py:137} INFO - [2024-06-08T23:39:16.191+0000] {dag.py:2690} INFO - Sync 1 DAGs
[2024-06-08T23:39:16.210+0000] {logging_mixin.py:137} INFO - [2024-06-08T23:39:16.209+0000] {dag.py:3441} INFO - Setting next_dagrun for example_nested_branch_dag to 2024-06-07T00:00:00+00:00, run_after=2024-06-08T00:00:00+00:00
[2024-06-08T23:39:16.223+0000] {processor.py:175} INFO - Processing /home/airflow/.local/lib/python3.7/site-packages/airflow/example_dags/example_nested_branch_dag.py took 0.080 seconds
[2024-06-08T23:39:46.468+0000] {processor.py:153} INFO - Started process (PID=875) to work on /home/airflow/.local/lib/python3.7/site-packages/airflow/example_dags/example_nested_branch_dag.py
[2024-06-08T23:39:46.470+0000] {processor.py:743} INFO - Processing file /home/airflow/.local/lib/python3.7/site-packages/airflow/example_dags/example_nested_branch_dag.py for tasks to queue
[2024-06-08T23:39:46.470+0000] {logging_mixin.py:137} INFO - [2024-06-08T23:39:46.470+0000] {dagbag.py:538} INFO - Filling up the DagBag from /home/airflow/.local/lib/python3.7/site-packages/airflow/example_dags/example_nested_branch_dag.py
[2024-06-08T23:39:46.487+0000] {processor.py:753} INFO - DAG(s) dict_keys(['example_nested_branch_dag']) retrieved from /home/airflow/.local/lib/python3.7/site-packages/airflow/example_dags/example_nested_branch_dag.py
[2024-06-08T23:39:46.508+0000] {logging_mixin.py:137} INFO - [2024-06-08T23:39:46.508+0000] {dag.py:2690} INFO - Sync 1 DAGs
[2024-06-08T23:39:46.525+0000] {logging_mixin.py:137} INFO - [2024-06-08T23:39:46.525+0000] {dag.py:3441} INFO - Setting next_dagrun for example_nested_branch_dag to 2024-06-07T00:00:00+00:00, run_after=2024-06-08T00:00:00+00:00
[2024-06-08T23:39:46.537+0000] {processor.py:175} INFO - Processing /home/airflow/.local/lib/python3.7/site-packages/airflow/example_dags/example_nested_branch_dag.py took 0.072 seconds
[2024-06-08T23:40:16.723+0000] {processor.py:153} INFO - Started process (PID=925) to work on /home/airflow/.local/lib/python3.7/site-packages/airflow/example_dags/example_nested_branch_dag.py
[2024-06-08T23:40:16.725+0000] {processor.py:743} INFO - Processing file /home/airflow/.local/lib/python3.7/site-packages/airflow/example_dags/example_nested_branch_dag.py for tasks to queue
[2024-06-08T23:40:16.726+0000] {logging_mixin.py:137} INFO - [2024-06-08T23:40:16.726+0000] {dagbag.py:538} INFO - Filling up the DagBag from /home/airflow/.local/lib/python3.7/site-packages/airflow/example_dags/example_nested_branch_dag.py
[2024-06-08T23:40:16.743+0000] {processor.py:753} INFO - DAG(s) dict_keys(['example_nested_branch_dag']) retrieved from /home/airflow/.local/lib/python3.7/site-packages/airflow/example_dags/example_nested_branch_dag.py
[2024-06-08T23:40:16.764+0000] {logging_mixin.py:137} INFO - [2024-06-08T23:40:16.764+0000] {dag.py:2690} INFO - Sync 1 DAGs
[2024-06-08T23:40:16.782+0000] {logging_mixin.py:137} INFO - [2024-06-08T23:40:16.782+0000] {dag.py:3441} INFO - Setting next_dagrun for example_nested_branch_dag to 2024-06-07T00:00:00+00:00, run_after=2024-06-08T00:00:00+00:00
[2024-06-08T23:40:16.796+0000] {processor.py:175} INFO - Processing /home/airflow/.local/lib/python3.7/site-packages/airflow/example_dags/example_nested_branch_dag.py took 0.075 seconds
[2024-06-08T23:40:47.277+0000] {processor.py:153} INFO - Started process (PID=975) to work on /home/airflow/.local/lib/python3.7/site-packages/airflow/example_dags/example_nested_branch_dag.py
[2024-06-08T23:40:47.278+0000] {processor.py:743} INFO - Processing file /home/airflow/.local/lib/python3.7/site-packages/airflow/example_dags/example_nested_branch_dag.py for tasks to queue
[2024-06-08T23:40:47.279+0000] {logging_mixin.py:137} INFO - [2024-06-08T23:40:47.279+0000] {dagbag.py:538} INFO - Filling up the DagBag from /home/airflow/.local/lib/python3.7/site-packages/airflow/example_dags/example_nested_branch_dag.py
[2024-06-08T23:40:47.295+0000] {processor.py:753} INFO - DAG(s) dict_keys(['example_nested_branch_dag']) retrieved from /home/airflow/.local/lib/python3.7/site-packages/airflow/example_dags/example_nested_branch_dag.py
[2024-06-08T23:40:47.316+0000] {logging_mixin.py:137} INFO - [2024-06-08T23:40:47.315+0000] {dag.py:2690} INFO - Sync 1 DAGs
[2024-06-08T23:40:47.332+0000] {logging_mixin.py:137} INFO - [2024-06-08T23:40:47.332+0000] {dag.py:3441} INFO - Setting next_dagrun for example_nested_branch_dag to 2024-06-07T00:00:00+00:00, run_after=2024-06-08T00:00:00+00:00
[2024-06-08T23:40:47.345+0000] {processor.py:175} INFO - Processing /home/airflow/.local/lib/python3.7/site-packages/airflow/example_dags/example_nested_branch_dag.py took 0.072 seconds
[2024-06-08T23:41:17.971+0000] {processor.py:153} INFO - Started process (PID=1025) to work on /home/airflow/.local/lib/python3.7/site-packages/airflow/example_dags/example_nested_branch_dag.py
[2024-06-08T23:41:17.973+0000] {processor.py:743} INFO - Processing file /home/airflow/.local/lib/python3.7/site-packages/airflow/example_dags/example_nested_branch_dag.py for tasks to queue
[2024-06-08T23:41:17.973+0000] {logging_mixin.py:137} INFO - [2024-06-08T23:41:17.973+0000] {dagbag.py:538} INFO - Filling up the DagBag from /home/airflow/.local/lib/python3.7/site-packages/airflow/example_dags/example_nested_branch_dag.py
[2024-06-08T23:41:17.990+0000] {processor.py:753} INFO - DAG(s) dict_keys(['example_nested_branch_dag']) retrieved from /home/airflow/.local/lib/python3.7/site-packages/airflow/example_dags/example_nested_branch_dag.py
[2024-06-08T23:41:18.012+0000] {logging_mixin.py:137} INFO - [2024-06-08T23:41:18.012+0000] {dag.py:2690} INFO - Sync 1 DAGs
[2024-06-08T23:41:18.029+0000] {logging_mixin.py:137} INFO - [2024-06-08T23:41:18.029+0000] {dag.py:3441} INFO - Setting next_dagrun for example_nested_branch_dag to 2024-06-07T00:00:00+00:00, run_after=2024-06-08T00:00:00+00:00
[2024-06-08T23:41:18.042+0000] {processor.py:175} INFO - Processing /home/airflow/.local/lib/python3.7/site-packages/airflow/example_dags/example_nested_branch_dag.py took 0.074 seconds
[2024-06-08T23:41:48.558+0000] {processor.py:153} INFO - Started process (PID=1075) to work on /home/airflow/.local/lib/python3.7/site-packages/airflow/example_dags/example_nested_branch_dag.py
[2024-06-08T23:41:48.559+0000] {processor.py:743} INFO - Processing file /home/airflow/.local/lib/python3.7/site-packages/airflow/example_dags/example_nested_branch_dag.py for tasks to queue
[2024-06-08T23:41:48.560+0000] {logging_mixin.py:137} INFO - [2024-06-08T23:41:48.560+0000] {dagbag.py:538} INFO - Filling up the DagBag from /home/airflow/.local/lib/python3.7/site-packages/airflow/example_dags/example_nested_branch_dag.py
[2024-06-08T23:41:48.577+0000] {processor.py:753} INFO - DAG(s) dict_keys(['example_nested_branch_dag']) retrieved from /home/airflow/.local/lib/python3.7/site-packages/airflow/example_dags/example_nested_branch_dag.py
[2024-06-08T23:41:48.599+0000] {logging_mixin.py:137} INFO - [2024-06-08T23:41:48.598+0000] {dag.py:2690} INFO - Sync 1 DAGs
[2024-06-08T23:41:48.615+0000] {logging_mixin.py:137} INFO - [2024-06-08T23:41:48.615+0000] {dag.py:3441} INFO - Setting next_dagrun for example_nested_branch_dag to 2024-06-07T00:00:00+00:00, run_after=2024-06-08T00:00:00+00:00
[2024-06-08T23:41:48.629+0000] {processor.py:175} INFO - Processing /home/airflow/.local/lib/python3.7/site-packages/airflow/example_dags/example_nested_branch_dag.py took 0.074 seconds
[2024-06-08T23:42:19.128+0000] {processor.py:153} INFO - Started process (PID=1125) to work on /home/airflow/.local/lib/python3.7/site-packages/airflow/example_dags/example_nested_branch_dag.py
[2024-06-08T23:42:19.130+0000] {processor.py:743} INFO - Processing file /home/airflow/.local/lib/python3.7/site-packages/airflow/example_dags/example_nested_branch_dag.py for tasks to queue
[2024-06-08T23:42:19.130+0000] {logging_mixin.py:137} INFO - [2024-06-08T23:42:19.130+0000] {dagbag.py:538} INFO - Filling up the DagBag from /home/airflow/.local/lib/python3.7/site-packages/airflow/example_dags/example_nested_branch_dag.py
[2024-06-08T23:42:19.147+0000] {processor.py:753} INFO - DAG(s) dict_keys(['example_nested_branch_dag']) retrieved from /home/airflow/.local/lib/python3.7/site-packages/airflow/example_dags/example_nested_branch_dag.py
[2024-06-08T23:42:19.166+0000] {logging_mixin.py:137} INFO - [2024-06-08T23:42:19.166+0000] {dag.py:2690} INFO - Sync 1 DAGs
[2024-06-08T23:42:19.183+0000] {logging_mixin.py:137} INFO - [2024-06-08T23:42:19.183+0000] {dag.py:3441} INFO - Setting next_dagrun for example_nested_branch_dag to 2024-06-07T00:00:00+00:00, run_after=2024-06-08T00:00:00+00:00
[2024-06-08T23:42:19.195+0000] {processor.py:175} INFO - Processing /home/airflow/.local/lib/python3.7/site-packages/airflow/example_dags/example_nested_branch_dag.py took 0.070 seconds
[2024-06-08T23:42:49.448+0000] {processor.py:153} INFO - Started process (PID=1175) to work on /home/airflow/.local/lib/python3.7/site-packages/airflow/example_dags/example_nested_branch_dag.py
[2024-06-08T23:42:49.450+0000] {processor.py:743} INFO - Processing file /home/airflow/.local/lib/python3.7/site-packages/airflow/example_dags/example_nested_branch_dag.py for tasks to queue
[2024-06-08T23:42:49.451+0000] {logging_mixin.py:137} INFO - [2024-06-08T23:42:49.451+0000] {dagbag.py:538} INFO - Filling up the DagBag from /home/airflow/.local/lib/python3.7/site-packages/airflow/example_dags/example_nested_branch_dag.py
[2024-06-08T23:42:49.470+0000] {processor.py:753} INFO - DAG(s) dict_keys(['example_nested_branch_dag']) retrieved from /home/airflow/.local/lib/python3.7/site-packages/airflow/example_dags/example_nested_branch_dag.py
[2024-06-08T23:42:49.494+0000] {logging_mixin.py:137} INFO - [2024-06-08T23:42:49.494+0000] {dag.py:2690} INFO - Sync 1 DAGs
[2024-06-08T23:42:49.511+0000] {logging_mixin.py:137} INFO - [2024-06-08T23:42:49.511+0000] {dag.py:3441} INFO - Setting next_dagrun for example_nested_branch_dag to 2024-06-07T00:00:00+00:00, run_after=2024-06-08T00:00:00+00:00
[2024-06-08T23:42:49.524+0000] {processor.py:175} INFO - Processing /home/airflow/.local/lib/python3.7/site-packages/airflow/example_dags/example_nested_branch_dag.py took 0.079 seconds
[2024-06-08T23:43:20.299+0000] {processor.py:153} INFO - Started process (PID=1225) to work on /home/airflow/.local/lib/python3.7/site-packages/airflow/example_dags/example_nested_branch_dag.py
[2024-06-08T23:43:20.300+0000] {processor.py:743} INFO - Processing file /home/airflow/.local/lib/python3.7/site-packages/airflow/example_dags/example_nested_branch_dag.py for tasks to queue
[2024-06-08T23:43:20.301+0000] {logging_mixin.py:137} INFO - [2024-06-08T23:43:20.301+0000] {dagbag.py:538} INFO - Filling up the DagBag from /home/airflow/.local/lib/python3.7/site-packages/airflow/example_dags/example_nested_branch_dag.py
[2024-06-08T23:43:20.319+0000] {processor.py:753} INFO - DAG(s) dict_keys(['example_nested_branch_dag']) retrieved from /home/airflow/.local/lib/python3.7/site-packages/airflow/example_dags/example_nested_branch_dag.py
[2024-06-08T23:43:20.339+0000] {logging_mixin.py:137} INFO - [2024-06-08T23:43:20.339+0000] {dag.py:2690} INFO - Sync 1 DAGs
[2024-06-08T23:43:20.357+0000] {logging_mixin.py:137} INFO - [2024-06-08T23:43:20.357+0000] {dag.py:3441} INFO - Setting next_dagrun for example_nested_branch_dag to 2024-06-07T00:00:00+00:00, run_after=2024-06-08T00:00:00+00:00
[2024-06-08T23:43:20.369+0000] {processor.py:175} INFO - Processing /home/airflow/.local/lib/python3.7/site-packages/airflow/example_dags/example_nested_branch_dag.py took 0.073 seconds
[2024-06-08T23:43:50.675+0000] {processor.py:153} INFO - Started process (PID=1275) to work on /home/airflow/.local/lib/python3.7/site-packages/airflow/example_dags/example_nested_branch_dag.py
[2024-06-08T23:43:50.676+0000] {processor.py:743} INFO - Processing file /home/airflow/.local/lib/python3.7/site-packages/airflow/example_dags/example_nested_branch_dag.py for tasks to queue
[2024-06-08T23:43:50.677+0000] {logging_mixin.py:137} INFO - [2024-06-08T23:43:50.677+0000] {dagbag.py:538} INFO - Filling up the DagBag from /home/airflow/.local/lib/python3.7/site-packages/airflow/example_dags/example_nested_branch_dag.py
[2024-06-08T23:43:50.693+0000] {processor.py:753} INFO - DAG(s) dict_keys(['example_nested_branch_dag']) retrieved from /home/airflow/.local/lib/python3.7/site-packages/airflow/example_dags/example_nested_branch_dag.py
[2024-06-08T23:43:50.714+0000] {logging_mixin.py:137} INFO - [2024-06-08T23:43:50.714+0000] {dag.py:2690} INFO - Sync 1 DAGs
[2024-06-08T23:43:50.732+0000] {logging_mixin.py:137} INFO - [2024-06-08T23:43:50.732+0000] {dag.py:3441} INFO - Setting next_dagrun for example_nested_branch_dag to 2024-06-07T00:00:00+00:00, run_after=2024-06-08T00:00:00+00:00
[2024-06-08T23:43:50.743+0000] {processor.py:175} INFO - Processing /home/airflow/.local/lib/python3.7/site-packages/airflow/example_dags/example_nested_branch_dag.py took 0.072 seconds
[2024-06-08T23:44:21.095+0000] {processor.py:153} INFO - Started process (PID=1325) to work on /home/airflow/.local/lib/python3.7/site-packages/airflow/example_dags/example_nested_branch_dag.py
[2024-06-08T23:44:21.096+0000] {processor.py:743} INFO - Processing file /home/airflow/.local/lib/python3.7/site-packages/airflow/example_dags/example_nested_branch_dag.py for tasks to queue
[2024-06-08T23:44:21.097+0000] {logging_mixin.py:137} INFO - [2024-06-08T23:44:21.097+0000] {dagbag.py:538} INFO - Filling up the DagBag from /home/airflow/.local/lib/python3.7/site-packages/airflow/example_dags/example_nested_branch_dag.py
[2024-06-08T23:44:21.113+0000] {processor.py:753} INFO - DAG(s) dict_keys(['example_nested_branch_dag']) retrieved from /home/airflow/.local/lib/python3.7/site-packages/airflow/example_dags/example_nested_branch_dag.py
[2024-06-08T23:44:21.133+0000] {logging_mixin.py:137} INFO - [2024-06-08T23:44:21.133+0000] {dag.py:2690} INFO - Sync 1 DAGs
[2024-06-08T23:44:21.150+0000] {logging_mixin.py:137} INFO - [2024-06-08T23:44:21.150+0000] {dag.py:3441} INFO - Setting next_dagrun for example_nested_branch_dag to 2024-06-07T00:00:00+00:00, run_after=2024-06-08T00:00:00+00:00
[2024-06-08T23:44:21.164+0000] {processor.py:175} INFO - Processing /home/airflow/.local/lib/python3.7/site-packages/airflow/example_dags/example_nested_branch_dag.py took 0.071 seconds
[2024-06-08T23:44:51.412+0000] {processor.py:153} INFO - Started process (PID=1376) to work on /home/airflow/.local/lib/python3.7/site-packages/airflow/example_dags/example_nested_branch_dag.py
[2024-06-08T23:44:51.413+0000] {processor.py:743} INFO - Processing file /home/airflow/.local/lib/python3.7/site-packages/airflow/example_dags/example_nested_branch_dag.py for tasks to queue
[2024-06-08T23:44:51.414+0000] {logging_mixin.py:137} INFO - [2024-06-08T23:44:51.414+0000] {dagbag.py:538} INFO - Filling up the DagBag from /home/airflow/.local/lib/python3.7/site-packages/airflow/example_dags/example_nested_branch_dag.py
[2024-06-08T23:44:51.431+0000] {processor.py:753} INFO - DAG(s) dict_keys(['example_nested_branch_dag']) retrieved from /home/airflow/.local/lib/python3.7/site-packages/airflow/example_dags/example_nested_branch_dag.py
[2024-06-08T23:44:51.452+0000] {logging_mixin.py:137} INFO - [2024-06-08T23:44:51.452+0000] {dag.py:2690} INFO - Sync 1 DAGs
[2024-06-08T23:44:51.468+0000] {logging_mixin.py:137} INFO - [2024-06-08T23:44:51.468+0000] {dag.py:3441} INFO - Setting next_dagrun for example_nested_branch_dag to 2024-06-07T00:00:00+00:00, run_after=2024-06-08T00:00:00+00:00
[2024-06-08T23:44:51.484+0000] {processor.py:175} INFO - Processing /home/airflow/.local/lib/python3.7/site-packages/airflow/example_dags/example_nested_branch_dag.py took 0.075 seconds
[2024-06-08T23:45:21.798+0000] {processor.py:153} INFO - Started process (PID=1427) to work on /home/airflow/.local/lib/python3.7/site-packages/airflow/example_dags/example_nested_branch_dag.py
[2024-06-08T23:45:21.799+0000] {processor.py:743} INFO - Processing file /home/airflow/.local/lib/python3.7/site-packages/airflow/example_dags/example_nested_branch_dag.py for tasks to queue
[2024-06-08T23:45:21.800+0000] {logging_mixin.py:137} INFO - [2024-06-08T23:45:21.800+0000] {dagbag.py:538} INFO - Filling up the DagBag from /home/airflow/.local/lib/python3.7/site-packages/airflow/example_dags/example_nested_branch_dag.py
[2024-06-08T23:45:21.817+0000] {processor.py:753} INFO - DAG(s) dict_keys(['example_nested_branch_dag']) retrieved from /home/airflow/.local/lib/python3.7/site-packages/airflow/example_dags/example_nested_branch_dag.py
[2024-06-08T23:45:21.839+0000] {logging_mixin.py:137} INFO - [2024-06-08T23:45:21.839+0000] {dag.py:2690} INFO - Sync 1 DAGs
[2024-06-08T23:45:21.857+0000] {logging_mixin.py:137} INFO - [2024-06-08T23:45:21.857+0000] {dag.py:3441} INFO - Setting next_dagrun for example_nested_branch_dag to 2024-06-07T00:00:00+00:00, run_after=2024-06-08T00:00:00+00:00
[2024-06-08T23:45:21.872+0000] {processor.py:175} INFO - Processing /home/airflow/.local/lib/python3.7/site-packages/airflow/example_dags/example_nested_branch_dag.py took 0.077 seconds
[2024-06-08T23:45:52.185+0000] {processor.py:153} INFO - Started process (PID=1477) to work on /home/airflow/.local/lib/python3.7/site-packages/airflow/example_dags/example_nested_branch_dag.py
[2024-06-08T23:45:52.187+0000] {processor.py:743} INFO - Processing file /home/airflow/.local/lib/python3.7/site-packages/airflow/example_dags/example_nested_branch_dag.py for tasks to queue
[2024-06-08T23:45:52.187+0000] {logging_mixin.py:137} INFO - [2024-06-08T23:45:52.187+0000] {dagbag.py:538} INFO - Filling up the DagBag from /home/airflow/.local/lib/python3.7/site-packages/airflow/example_dags/example_nested_branch_dag.py
[2024-06-08T23:45:52.204+0000] {processor.py:753} INFO - DAG(s) dict_keys(['example_nested_branch_dag']) retrieved from /home/airflow/.local/lib/python3.7/site-packages/airflow/example_dags/example_nested_branch_dag.py
[2024-06-08T23:45:52.225+0000] {logging_mixin.py:137} INFO - [2024-06-08T23:45:52.225+0000] {dag.py:2690} INFO - Sync 1 DAGs
[2024-06-08T23:45:52.243+0000] {logging_mixin.py:137} INFO - [2024-06-08T23:45:52.243+0000] {dag.py:3441} INFO - Setting next_dagrun for example_nested_branch_dag to 2024-06-07T00:00:00+00:00, run_after=2024-06-08T00:00:00+00:00
[2024-06-08T23:45:52.255+0000] {processor.py:175} INFO - Processing /home/airflow/.local/lib/python3.7/site-packages/airflow/example_dags/example_nested_branch_dag.py took 0.072 seconds
[2024-06-08T23:46:22.530+0000] {processor.py:153} INFO - Started process (PID=1528) to work on /home/airflow/.local/lib/python3.7/site-packages/airflow/example_dags/example_nested_branch_dag.py
[2024-06-08T23:46:22.532+0000] {processor.py:743} INFO - Processing file /home/airflow/.local/lib/python3.7/site-packages/airflow/example_dags/example_nested_branch_dag.py for tasks to queue
[2024-06-08T23:46:22.532+0000] {logging_mixin.py:137} INFO - [2024-06-08T23:46:22.532+0000] {dagbag.py:538} INFO - Filling up the DagBag from /home/airflow/.local/lib/python3.7/site-packages/airflow/example_dags/example_nested_branch_dag.py
[2024-06-08T23:46:22.549+0000] {processor.py:753} INFO - DAG(s) dict_keys(['example_nested_branch_dag']) retrieved from /home/airflow/.local/lib/python3.7/site-packages/airflow/example_dags/example_nested_branch_dag.py
[2024-06-08T23:46:22.571+0000] {logging_mixin.py:137} INFO - [2024-06-08T23:46:22.570+0000] {dag.py:2690} INFO - Sync 1 DAGs
[2024-06-08T23:46:22.587+0000] {logging_mixin.py:137} INFO - [2024-06-08T23:46:22.587+0000] {dag.py:3441} INFO - Setting next_dagrun for example_nested_branch_dag to 2024-06-07T00:00:00+00:00, run_after=2024-06-08T00:00:00+00:00
[2024-06-08T23:46:22.599+0000] {processor.py:175} INFO - Processing /home/airflow/.local/lib/python3.7/site-packages/airflow/example_dags/example_nested_branch_dag.py took 0.071 seconds
[2024-06-08T23:46:53.119+0000] {processor.py:153} INFO - Started process (PID=1578) to work on /home/airflow/.local/lib/python3.7/site-packages/airflow/example_dags/example_nested_branch_dag.py
[2024-06-08T23:46:53.120+0000] {processor.py:743} INFO - Processing file /home/airflow/.local/lib/python3.7/site-packages/airflow/example_dags/example_nested_branch_dag.py for tasks to queue
[2024-06-08T23:46:53.121+0000] {logging_mixin.py:137} INFO - [2024-06-08T23:46:53.121+0000] {dagbag.py:538} INFO - Filling up the DagBag from /home/airflow/.local/lib/python3.7/site-packages/airflow/example_dags/example_nested_branch_dag.py
[2024-06-08T23:46:53.137+0000] {processor.py:753} INFO - DAG(s) dict_keys(['example_nested_branch_dag']) retrieved from /home/airflow/.local/lib/python3.7/site-packages/airflow/example_dags/example_nested_branch_dag.py
[2024-06-08T23:46:53.158+0000] {logging_mixin.py:137} INFO - [2024-06-08T23:46:53.158+0000] {dag.py:2690} INFO - Sync 1 DAGs
[2024-06-08T23:46:53.177+0000] {logging_mixin.py:137} INFO - [2024-06-08T23:46:53.177+0000] {dag.py:3441} INFO - Setting next_dagrun for example_nested_branch_dag to 2024-06-07T00:00:00+00:00, run_after=2024-06-08T00:00:00+00:00
[2024-06-08T23:46:53.191+0000] {processor.py:175} INFO - Processing /home/airflow/.local/lib/python3.7/site-packages/airflow/example_dags/example_nested_branch_dag.py took 0.075 seconds
[2024-06-08T23:47:23.519+0000] {processor.py:153} INFO - Started process (PID=1629) to work on /home/airflow/.local/lib/python3.7/site-packages/airflow/example_dags/example_nested_branch_dag.py
[2024-06-08T23:47:23.520+0000] {processor.py:743} INFO - Processing file /home/airflow/.local/lib/python3.7/site-packages/airflow/example_dags/example_nested_branch_dag.py for tasks to queue
[2024-06-08T23:47:23.521+0000] {logging_mixin.py:137} INFO - [2024-06-08T23:47:23.521+0000] {dagbag.py:538} INFO - Filling up the DagBag from /home/airflow/.local/lib/python3.7/site-packages/airflow/example_dags/example_nested_branch_dag.py
[2024-06-08T23:47:23.540+0000] {processor.py:753} INFO - DAG(s) dict_keys(['example_nested_branch_dag']) retrieved from /home/airflow/.local/lib/python3.7/site-packages/airflow/example_dags/example_nested_branch_dag.py
[2024-06-08T23:47:23.561+0000] {logging_mixin.py:137} INFO - [2024-06-08T23:47:23.561+0000] {dag.py:2690} INFO - Sync 1 DAGs
[2024-06-08T23:47:23.580+0000] {logging_mixin.py:137} INFO - [2024-06-08T23:47:23.580+0000] {dag.py:3441} INFO - Setting next_dagrun for example_nested_branch_dag to 2024-06-07T00:00:00+00:00, run_after=2024-06-08T00:00:00+00:00
[2024-06-08T23:47:23.592+0000] {processor.py:175} INFO - Processing /home/airflow/.local/lib/python3.7/site-packages/airflow/example_dags/example_nested_branch_dag.py took 0.075 seconds
[2024-06-08T23:47:54.165+0000] {processor.py:153} INFO - Started process (PID=1678) to work on /home/airflow/.local/lib/python3.7/site-packages/airflow/example_dags/example_nested_branch_dag.py
[2024-06-08T23:47:54.166+0000] {processor.py:743} INFO - Processing file /home/airflow/.local/lib/python3.7/site-packages/airflow/example_dags/example_nested_branch_dag.py for tasks to queue
[2024-06-08T23:47:54.167+0000] {logging_mixin.py:137} INFO - [2024-06-08T23:47:54.167+0000] {dagbag.py:538} INFO - Filling up the DagBag from /home/airflow/.local/lib/python3.7/site-packages/airflow/example_dags/example_nested_branch_dag.py
[2024-06-08T23:47:54.185+0000] {processor.py:753} INFO - DAG(s) dict_keys(['example_nested_branch_dag']) retrieved from /home/airflow/.local/lib/python3.7/site-packages/airflow/example_dags/example_nested_branch_dag.py
[2024-06-08T23:47:54.207+0000] {logging_mixin.py:137} INFO - [2024-06-08T23:47:54.207+0000] {dag.py:2690} INFO - Sync 1 DAGs
[2024-06-08T23:47:54.225+0000] {logging_mixin.py:137} INFO - [2024-06-08T23:47:54.225+0000] {dag.py:3441} INFO - Setting next_dagrun for example_nested_branch_dag to 2024-06-07T00:00:00+00:00, run_after=2024-06-08T00:00:00+00:00
[2024-06-08T23:47:54.239+0000] {processor.py:175} INFO - Processing /home/airflow/.local/lib/python3.7/site-packages/airflow/example_dags/example_nested_branch_dag.py took 0.077 seconds
[2024-06-08T23:48:24.788+0000] {processor.py:153} INFO - Started process (PID=1728) to work on /home/airflow/.local/lib/python3.7/site-packages/airflow/example_dags/example_nested_branch_dag.py
[2024-06-08T23:48:24.789+0000] {processor.py:743} INFO - Processing file /home/airflow/.local/lib/python3.7/site-packages/airflow/example_dags/example_nested_branch_dag.py for tasks to queue
[2024-06-08T23:48:24.790+0000] {logging_mixin.py:137} INFO - [2024-06-08T23:48:24.790+0000] {dagbag.py:538} INFO - Filling up the DagBag from /home/airflow/.local/lib/python3.7/site-packages/airflow/example_dags/example_nested_branch_dag.py
[2024-06-08T23:48:24.808+0000] {processor.py:753} INFO - DAG(s) dict_keys(['example_nested_branch_dag']) retrieved from /home/airflow/.local/lib/python3.7/site-packages/airflow/example_dags/example_nested_branch_dag.py
[2024-06-08T23:48:24.829+0000] {logging_mixin.py:137} INFO - [2024-06-08T23:48:24.829+0000] {dag.py:2690} INFO - Sync 1 DAGs
[2024-06-08T23:48:24.846+0000] {logging_mixin.py:137} INFO - [2024-06-08T23:48:24.846+0000] {dag.py:3441} INFO - Setting next_dagrun for example_nested_branch_dag to 2024-06-07T00:00:00+00:00, run_after=2024-06-08T00:00:00+00:00
[2024-06-08T23:48:24.859+0000] {processor.py:175} INFO - Processing /home/airflow/.local/lib/python3.7/site-packages/airflow/example_dags/example_nested_branch_dag.py took 0.075 seconds
[2024-06-08T23:48:55.184+0000] {processor.py:153} INFO - Started process (PID=1778) to work on /home/airflow/.local/lib/python3.7/site-packages/airflow/example_dags/example_nested_branch_dag.py
[2024-06-08T23:48:55.185+0000] {processor.py:743} INFO - Processing file /home/airflow/.local/lib/python3.7/site-packages/airflow/example_dags/example_nested_branch_dag.py for tasks to queue
[2024-06-08T23:48:55.186+0000] {logging_mixin.py:137} INFO - [2024-06-08T23:48:55.186+0000] {dagbag.py:538} INFO - Filling up the DagBag from /home/airflow/.local/lib/python3.7/site-packages/airflow/example_dags/example_nested_branch_dag.py
[2024-06-08T23:48:55.204+0000] {processor.py:753} INFO - DAG(s) dict_keys(['example_nested_branch_dag']) retrieved from /home/airflow/.local/lib/python3.7/site-packages/airflow/example_dags/example_nested_branch_dag.py
[2024-06-08T23:48:55.224+0000] {logging_mixin.py:137} INFO - [2024-06-08T23:48:55.224+0000] {dag.py:2690} INFO - Sync 1 DAGs
[2024-06-08T23:48:55.240+0000] {logging_mixin.py:137} INFO - [2024-06-08T23:48:55.240+0000] {dag.py:3441} INFO - Setting next_dagrun for example_nested_branch_dag to 2024-06-07T00:00:00+00:00, run_after=2024-06-08T00:00:00+00:00
[2024-06-08T23:48:55.253+0000] {processor.py:175} INFO - Processing /home/airflow/.local/lib/python3.7/site-packages/airflow/example_dags/example_nested_branch_dag.py took 0.071 seconds
[2024-06-08T23:49:25.525+0000] {processor.py:153} INFO - Started process (PID=1828) to work on /home/airflow/.local/lib/python3.7/site-packages/airflow/example_dags/example_nested_branch_dag.py
[2024-06-08T23:49:25.526+0000] {processor.py:743} INFO - Processing file /home/airflow/.local/lib/python3.7/site-packages/airflow/example_dags/example_nested_branch_dag.py for tasks to queue
[2024-06-08T23:49:25.527+0000] {logging_mixin.py:137} INFO - [2024-06-08T23:49:25.527+0000] {dagbag.py:538} INFO - Filling up the DagBag from /home/airflow/.local/lib/python3.7/site-packages/airflow/example_dags/example_nested_branch_dag.py
[2024-06-08T23:49:25.543+0000] {processor.py:753} INFO - DAG(s) dict_keys(['example_nested_branch_dag']) retrieved from /home/airflow/.local/lib/python3.7/site-packages/airflow/example_dags/example_nested_branch_dag.py
[2024-06-08T23:49:25.565+0000] {logging_mixin.py:137} INFO - [2024-06-08T23:49:25.565+0000] {dag.py:2690} INFO - Sync 1 DAGs
[2024-06-08T23:49:25.582+0000] {logging_mixin.py:137} INFO - [2024-06-08T23:49:25.582+0000] {dag.py:3441} INFO - Setting next_dagrun for example_nested_branch_dag to 2024-06-07T00:00:00+00:00, run_after=2024-06-08T00:00:00+00:00
[2024-06-08T23:49:25.594+0000] {processor.py:175} INFO - Processing /home/airflow/.local/lib/python3.7/site-packages/airflow/example_dags/example_nested_branch_dag.py took 0.072 seconds
[2024-06-08T23:49:56.090+0000] {processor.py:153} INFO - Started process (PID=1878) to work on /home/airflow/.local/lib/python3.7/site-packages/airflow/example_dags/example_nested_branch_dag.py
[2024-06-08T23:49:56.092+0000] {processor.py:743} INFO - Processing file /home/airflow/.local/lib/python3.7/site-packages/airflow/example_dags/example_nested_branch_dag.py for tasks to queue
[2024-06-08T23:49:56.093+0000] {logging_mixin.py:137} INFO - [2024-06-08T23:49:56.093+0000] {dagbag.py:538} INFO - Filling up the DagBag from /home/airflow/.local/lib/python3.7/site-packages/airflow/example_dags/example_nested_branch_dag.py
[2024-06-08T23:49:56.111+0000] {processor.py:753} INFO - DAG(s) dict_keys(['example_nested_branch_dag']) retrieved from /home/airflow/.local/lib/python3.7/site-packages/airflow/example_dags/example_nested_branch_dag.py
[2024-06-08T23:49:56.134+0000] {logging_mixin.py:137} INFO - [2024-06-08T23:49:56.134+0000] {dag.py:2690} INFO - Sync 1 DAGs
[2024-06-08T23:49:56.152+0000] {logging_mixin.py:137} INFO - [2024-06-08T23:49:56.152+0000] {dag.py:3441} INFO - Setting next_dagrun for example_nested_branch_dag to 2024-06-07T00:00:00+00:00, run_after=2024-06-08T00:00:00+00:00
[2024-06-08T23:49:56.165+0000] {processor.py:175} INFO - Processing /home/airflow/.local/lib/python3.7/site-packages/airflow/example_dags/example_nested_branch_dag.py took 0.078 seconds
[2024-06-08T23:50:26.735+0000] {processor.py:153} INFO - Started process (PID=1928) to work on /home/airflow/.local/lib/python3.7/site-packages/airflow/example_dags/example_nested_branch_dag.py
[2024-06-08T23:50:26.737+0000] {processor.py:743} INFO - Processing file /home/airflow/.local/lib/python3.7/site-packages/airflow/example_dags/example_nested_branch_dag.py for tasks to queue
[2024-06-08T23:50:26.738+0000] {logging_mixin.py:137} INFO - [2024-06-08T23:50:26.737+0000] {dagbag.py:538} INFO - Filling up the DagBag from /home/airflow/.local/lib/python3.7/site-packages/airflow/example_dags/example_nested_branch_dag.py
[2024-06-08T23:50:26.759+0000] {processor.py:753} INFO - DAG(s) dict_keys(['example_nested_branch_dag']) retrieved from /home/airflow/.local/lib/python3.7/site-packages/airflow/example_dags/example_nested_branch_dag.py
[2024-06-08T23:50:26.785+0000] {logging_mixin.py:137} INFO - [2024-06-08T23:50:26.784+0000] {dag.py:2690} INFO - Sync 1 DAGs
[2024-06-08T23:50:26.805+0000] {logging_mixin.py:137} INFO - [2024-06-08T23:50:26.805+0000] {dag.py:3441} INFO - Setting next_dagrun for example_nested_branch_dag to 2024-06-07T00:00:00+00:00, run_after=2024-06-08T00:00:00+00:00
[2024-06-08T23:50:26.824+0000] {processor.py:175} INFO - Processing /home/airflow/.local/lib/python3.7/site-packages/airflow/example_dags/example_nested_branch_dag.py took 0.092 seconds
[2024-06-08T23:50:57.388+0000] {processor.py:153} INFO - Started process (PID=1978) to work on /home/airflow/.local/lib/python3.7/site-packages/airflow/example_dags/example_nested_branch_dag.py
[2024-06-08T23:50:57.390+0000] {processor.py:743} INFO - Processing file /home/airflow/.local/lib/python3.7/site-packages/airflow/example_dags/example_nested_branch_dag.py for tasks to queue
[2024-06-08T23:50:57.391+0000] {logging_mixin.py:137} INFO - [2024-06-08T23:50:57.391+0000] {dagbag.py:538} INFO - Filling up the DagBag from /home/airflow/.local/lib/python3.7/site-packages/airflow/example_dags/example_nested_branch_dag.py
[2024-06-08T23:50:57.412+0000] {processor.py:753} INFO - DAG(s) dict_keys(['example_nested_branch_dag']) retrieved from /home/airflow/.local/lib/python3.7/site-packages/airflow/example_dags/example_nested_branch_dag.py
[2024-06-08T23:50:57.437+0000] {logging_mixin.py:137} INFO - [2024-06-08T23:50:57.437+0000] {dag.py:2690} INFO - Sync 1 DAGs
[2024-06-08T23:50:57.459+0000] {logging_mixin.py:137} INFO - [2024-06-08T23:50:57.459+0000] {dag.py:3441} INFO - Setting next_dagrun for example_nested_branch_dag to 2024-06-07T00:00:00+00:00, run_after=2024-06-08T00:00:00+00:00
[2024-06-08T23:50:57.477+0000] {processor.py:175} INFO - Processing /home/airflow/.local/lib/python3.7/site-packages/airflow/example_dags/example_nested_branch_dag.py took 0.092 seconds
[2024-06-08T23:51:27.934+0000] {processor.py:153} INFO - Started process (PID=2028) to work on /home/airflow/.local/lib/python3.7/site-packages/airflow/example_dags/example_nested_branch_dag.py
[2024-06-08T23:51:27.936+0000] {processor.py:743} INFO - Processing file /home/airflow/.local/lib/python3.7/site-packages/airflow/example_dags/example_nested_branch_dag.py for tasks to queue
[2024-06-08T23:51:27.937+0000] {logging_mixin.py:137} INFO - [2024-06-08T23:51:27.937+0000] {dagbag.py:538} INFO - Filling up the DagBag from /home/airflow/.local/lib/python3.7/site-packages/airflow/example_dags/example_nested_branch_dag.py
[2024-06-08T23:51:27.957+0000] {processor.py:753} INFO - DAG(s) dict_keys(['example_nested_branch_dag']) retrieved from /home/airflow/.local/lib/python3.7/site-packages/airflow/example_dags/example_nested_branch_dag.py
[2024-06-08T23:51:28.006+0000] {logging_mixin.py:137} INFO - [2024-06-08T23:51:28.006+0000] {dag.py:2690} INFO - Sync 1 DAGs
[2024-06-08T23:51:28.026+0000] {logging_mixin.py:137} INFO - [2024-06-08T23:51:28.026+0000] {dag.py:3441} INFO - Setting next_dagrun for example_nested_branch_dag to 2024-06-07T00:00:00+00:00, run_after=2024-06-08T00:00:00+00:00
[2024-06-08T23:51:28.041+0000] {processor.py:175} INFO - Processing /home/airflow/.local/lib/python3.7/site-packages/airflow/example_dags/example_nested_branch_dag.py took 0.110 seconds
[2024-06-08T23:51:59.115+0000] {processor.py:153} INFO - Started process (PID=2079) to work on /home/airflow/.local/lib/python3.7/site-packages/airflow/example_dags/example_nested_branch_dag.py
[2024-06-08T23:51:59.118+0000] {processor.py:743} INFO - Processing file /home/airflow/.local/lib/python3.7/site-packages/airflow/example_dags/example_nested_branch_dag.py for tasks to queue
[2024-06-08T23:51:59.119+0000] {logging_mixin.py:137} INFO - [2024-06-08T23:51:59.119+0000] {dagbag.py:538} INFO - Filling up the DagBag from /home/airflow/.local/lib/python3.7/site-packages/airflow/example_dags/example_nested_branch_dag.py
[2024-06-08T23:51:59.143+0000] {processor.py:753} INFO - DAG(s) dict_keys(['example_nested_branch_dag']) retrieved from /home/airflow/.local/lib/python3.7/site-packages/airflow/example_dags/example_nested_branch_dag.py
[2024-06-08T23:51:59.166+0000] {logging_mixin.py:137} INFO - [2024-06-08T23:51:59.165+0000] {dag.py:2690} INFO - Sync 1 DAGs
[2024-06-08T23:51:59.185+0000] {logging_mixin.py:137} INFO - [2024-06-08T23:51:59.185+0000] {dag.py:3441} INFO - Setting next_dagrun for example_nested_branch_dag to 2024-06-07T00:00:00+00:00, run_after=2024-06-08T00:00:00+00:00
[2024-06-08T23:51:59.199+0000] {processor.py:175} INFO - Processing /home/airflow/.local/lib/python3.7/site-packages/airflow/example_dags/example_nested_branch_dag.py took 0.087 seconds
[2024-06-08T23:52:29.718+0000] {processor.py:153} INFO - Started process (PID=2128) to work on /home/airflow/.local/lib/python3.7/site-packages/airflow/example_dags/example_nested_branch_dag.py
[2024-06-08T23:52:29.720+0000] {processor.py:743} INFO - Processing file /home/airflow/.local/lib/python3.7/site-packages/airflow/example_dags/example_nested_branch_dag.py for tasks to queue
[2024-06-08T23:52:29.721+0000] {logging_mixin.py:137} INFO - [2024-06-08T23:52:29.721+0000] {dagbag.py:538} INFO - Filling up the DagBag from /home/airflow/.local/lib/python3.7/site-packages/airflow/example_dags/example_nested_branch_dag.py
[2024-06-08T23:52:29.740+0000] {processor.py:753} INFO - DAG(s) dict_keys(['example_nested_branch_dag']) retrieved from /home/airflow/.local/lib/python3.7/site-packages/airflow/example_dags/example_nested_branch_dag.py
[2024-06-08T23:52:29.762+0000] {logging_mixin.py:137} INFO - [2024-06-08T23:52:29.762+0000] {dag.py:2690} INFO - Sync 1 DAGs
[2024-06-08T23:52:29.782+0000] {logging_mixin.py:137} INFO - [2024-06-08T23:52:29.782+0000] {dag.py:3441} INFO - Setting next_dagrun for example_nested_branch_dag to 2024-06-07T00:00:00+00:00, run_after=2024-06-08T00:00:00+00:00
[2024-06-08T23:52:29.795+0000] {processor.py:175} INFO - Processing /home/airflow/.local/lib/python3.7/site-packages/airflow/example_dags/example_nested_branch_dag.py took 0.080 seconds
[2024-06-08T23:53:00.859+0000] {processor.py:153} INFO - Started process (PID=2178) to work on /home/airflow/.local/lib/python3.7/site-packages/airflow/example_dags/example_nested_branch_dag.py
[2024-06-08T23:53:00.860+0000] {processor.py:743} INFO - Processing file /home/airflow/.local/lib/python3.7/site-packages/airflow/example_dags/example_nested_branch_dag.py for tasks to queue
[2024-06-08T23:53:00.861+0000] {logging_mixin.py:137} INFO - [2024-06-08T23:53:00.861+0000] {dagbag.py:538} INFO - Filling up the DagBag from /home/airflow/.local/lib/python3.7/site-packages/airflow/example_dags/example_nested_branch_dag.py
[2024-06-08T23:53:00.879+0000] {processor.py:753} INFO - DAG(s) dict_keys(['example_nested_branch_dag']) retrieved from /home/airflow/.local/lib/python3.7/site-packages/airflow/example_dags/example_nested_branch_dag.py
[2024-06-08T23:53:00.902+0000] {logging_mixin.py:137} INFO - [2024-06-08T23:53:00.902+0000] {dag.py:2690} INFO - Sync 1 DAGs
[2024-06-08T23:53:00.920+0000] {logging_mixin.py:137} INFO - [2024-06-08T23:53:00.920+0000] {dag.py:3441} INFO - Setting next_dagrun for example_nested_branch_dag to 2024-06-07T00:00:00+00:00, run_after=2024-06-08T00:00:00+00:00
[2024-06-08T23:53:00.933+0000] {processor.py:175} INFO - Processing /home/airflow/.local/lib/python3.7/site-packages/airflow/example_dags/example_nested_branch_dag.py took 0.077 seconds
[2024-06-08T23:53:31.362+0000] {processor.py:153} INFO - Started process (PID=2227) to work on /home/airflow/.local/lib/python3.7/site-packages/airflow/example_dags/example_nested_branch_dag.py
[2024-06-08T23:53:31.364+0000] {processor.py:743} INFO - Processing file /home/airflow/.local/lib/python3.7/site-packages/airflow/example_dags/example_nested_branch_dag.py for tasks to queue
[2024-06-08T23:53:31.365+0000] {logging_mixin.py:137} INFO - [2024-06-08T23:53:31.365+0000] {dagbag.py:538} INFO - Filling up the DagBag from /home/airflow/.local/lib/python3.7/site-packages/airflow/example_dags/example_nested_branch_dag.py
[2024-06-08T23:53:31.382+0000] {processor.py:753} INFO - DAG(s) dict_keys(['example_nested_branch_dag']) retrieved from /home/airflow/.local/lib/python3.7/site-packages/airflow/example_dags/example_nested_branch_dag.py
[2024-06-08T23:53:31.403+0000] {logging_mixin.py:137} INFO - [2024-06-08T23:53:31.403+0000] {dag.py:2690} INFO - Sync 1 DAGs
[2024-06-08T23:53:31.422+0000] {logging_mixin.py:137} INFO - [2024-06-08T23:53:31.422+0000] {dag.py:3441} INFO - Setting next_dagrun for example_nested_branch_dag to 2024-06-07T00:00:00+00:00, run_after=2024-06-08T00:00:00+00:00
[2024-06-08T23:53:31.435+0000] {processor.py:175} INFO - Processing /home/airflow/.local/lib/python3.7/site-packages/airflow/example_dags/example_nested_branch_dag.py took 0.075 seconds
[2024-06-08T23:54:01.946+0000] {processor.py:153} INFO - Started process (PID=2277) to work on /home/airflow/.local/lib/python3.7/site-packages/airflow/example_dags/example_nested_branch_dag.py
[2024-06-08T23:54:01.948+0000] {processor.py:743} INFO - Processing file /home/airflow/.local/lib/python3.7/site-packages/airflow/example_dags/example_nested_branch_dag.py for tasks to queue
[2024-06-08T23:54:01.949+0000] {logging_mixin.py:137} INFO - [2024-06-08T23:54:01.949+0000] {dagbag.py:538} INFO - Filling up the DagBag from /home/airflow/.local/lib/python3.7/site-packages/airflow/example_dags/example_nested_branch_dag.py
[2024-06-08T23:54:01.967+0000] {processor.py:753} INFO - DAG(s) dict_keys(['example_nested_branch_dag']) retrieved from /home/airflow/.local/lib/python3.7/site-packages/airflow/example_dags/example_nested_branch_dag.py
[2024-06-08T23:54:01.989+0000] {logging_mixin.py:137} INFO - [2024-06-08T23:54:01.989+0000] {dag.py:2690} INFO - Sync 1 DAGs
[2024-06-08T23:54:02.009+0000] {logging_mixin.py:137} INFO - [2024-06-08T23:54:02.009+0000] {dag.py:3441} INFO - Setting next_dagrun for example_nested_branch_dag to 2024-06-07T00:00:00+00:00, run_after=2024-06-08T00:00:00+00:00
[2024-06-08T23:54:02.022+0000] {processor.py:175} INFO - Processing /home/airflow/.local/lib/python3.7/site-packages/airflow/example_dags/example_nested_branch_dag.py took 0.079 seconds
[2024-06-08T23:54:32.430+0000] {processor.py:153} INFO - Started process (PID=2334) to work on /home/airflow/.local/lib/python3.7/site-packages/airflow/example_dags/example_nested_branch_dag.py
[2024-06-08T23:54:32.431+0000] {processor.py:743} INFO - Processing file /home/airflow/.local/lib/python3.7/site-packages/airflow/example_dags/example_nested_branch_dag.py for tasks to queue
[2024-06-08T23:54:32.433+0000] {logging_mixin.py:137} INFO - [2024-06-08T23:54:32.432+0000] {dagbag.py:538} INFO - Filling up the DagBag from /home/airflow/.local/lib/python3.7/site-packages/airflow/example_dags/example_nested_branch_dag.py
[2024-06-08T23:54:32.452+0000] {processor.py:753} INFO - DAG(s) dict_keys(['example_nested_branch_dag']) retrieved from /home/airflow/.local/lib/python3.7/site-packages/airflow/example_dags/example_nested_branch_dag.py
[2024-06-08T23:54:32.474+0000] {logging_mixin.py:137} INFO - [2024-06-08T23:54:32.473+0000] {dag.py:2690} INFO - Sync 1 DAGs
[2024-06-08T23:54:32.493+0000] {logging_mixin.py:137} INFO - [2024-06-08T23:54:32.493+0000] {dag.py:3441} INFO - Setting next_dagrun for example_nested_branch_dag to 2024-06-07T00:00:00+00:00, run_after=2024-06-08T00:00:00+00:00
[2024-06-08T23:54:32.507+0000] {processor.py:175} INFO - Processing /home/airflow/.local/lib/python3.7/site-packages/airflow/example_dags/example_nested_branch_dag.py took 0.080 seconds
[2024-06-08T23:55:02.842+0000] {processor.py:153} INFO - Started process (PID=2383) to work on /home/airflow/.local/lib/python3.7/site-packages/airflow/example_dags/example_nested_branch_dag.py
[2024-06-08T23:55:02.843+0000] {processor.py:743} INFO - Processing file /home/airflow/.local/lib/python3.7/site-packages/airflow/example_dags/example_nested_branch_dag.py for tasks to queue
[2024-06-08T23:55:02.844+0000] {logging_mixin.py:137} INFO - [2024-06-08T23:55:02.844+0000] {dagbag.py:538} INFO - Filling up the DagBag from /home/airflow/.local/lib/python3.7/site-packages/airflow/example_dags/example_nested_branch_dag.py
[2024-06-08T23:55:02.861+0000] {processor.py:753} INFO - DAG(s) dict_keys(['example_nested_branch_dag']) retrieved from /home/airflow/.local/lib/python3.7/site-packages/airflow/example_dags/example_nested_branch_dag.py
[2024-06-08T23:55:02.886+0000] {logging_mixin.py:137} INFO - [2024-06-08T23:55:02.886+0000] {dag.py:2690} INFO - Sync 1 DAGs
[2024-06-08T23:55:02.905+0000] {logging_mixin.py:137} INFO - [2024-06-08T23:55:02.905+0000] {dag.py:3441} INFO - Setting next_dagrun for example_nested_branch_dag to 2024-06-07T00:00:00+00:00, run_after=2024-06-08T00:00:00+00:00
[2024-06-08T23:55:02.916+0000] {processor.py:175} INFO - Processing /home/airflow/.local/lib/python3.7/site-packages/airflow/example_dags/example_nested_branch_dag.py took 0.078 seconds
[2024-06-08T23:55:33.156+0000] {processor.py:153} INFO - Started process (PID=2433) to work on /home/airflow/.local/lib/python3.7/site-packages/airflow/example_dags/example_nested_branch_dag.py
[2024-06-08T23:55:33.157+0000] {processor.py:743} INFO - Processing file /home/airflow/.local/lib/python3.7/site-packages/airflow/example_dags/example_nested_branch_dag.py for tasks to queue
[2024-06-08T23:55:33.158+0000] {logging_mixin.py:137} INFO - [2024-06-08T23:55:33.158+0000] {dagbag.py:538} INFO - Filling up the DagBag from /home/airflow/.local/lib/python3.7/site-packages/airflow/example_dags/example_nested_branch_dag.py
[2024-06-08T23:55:33.177+0000] {processor.py:753} INFO - DAG(s) dict_keys(['example_nested_branch_dag']) retrieved from /home/airflow/.local/lib/python3.7/site-packages/airflow/example_dags/example_nested_branch_dag.py
[2024-06-08T23:55:33.199+0000] {logging_mixin.py:137} INFO - [2024-06-08T23:55:33.199+0000] {dag.py:2690} INFO - Sync 1 DAGs
[2024-06-08T23:55:33.216+0000] {logging_mixin.py:137} INFO - [2024-06-08T23:55:33.215+0000] {dag.py:3441} INFO - Setting next_dagrun for example_nested_branch_dag to 2024-06-07T00:00:00+00:00, run_after=2024-06-08T00:00:00+00:00
[2024-06-08T23:55:33.226+0000] {processor.py:175} INFO - Processing /home/airflow/.local/lib/python3.7/site-packages/airflow/example_dags/example_nested_branch_dag.py took 0.074 seconds
[2024-06-08T23:56:03.563+0000] {processor.py:153} INFO - Started process (PID=2483) to work on /home/airflow/.local/lib/python3.7/site-packages/airflow/example_dags/example_nested_branch_dag.py
[2024-06-08T23:56:03.564+0000] {processor.py:743} INFO - Processing file /home/airflow/.local/lib/python3.7/site-packages/airflow/example_dags/example_nested_branch_dag.py for tasks to queue
[2024-06-08T23:56:03.565+0000] {logging_mixin.py:137} INFO - [2024-06-08T23:56:03.565+0000] {dagbag.py:538} INFO - Filling up the DagBag from /home/airflow/.local/lib/python3.7/site-packages/airflow/example_dags/example_nested_branch_dag.py
[2024-06-08T23:56:03.582+0000] {processor.py:753} INFO - DAG(s) dict_keys(['example_nested_branch_dag']) retrieved from /home/airflow/.local/lib/python3.7/site-packages/airflow/example_dags/example_nested_branch_dag.py
[2024-06-08T23:56:03.604+0000] {logging_mixin.py:137} INFO - [2024-06-08T23:56:03.603+0000] {dag.py:2690} INFO - Sync 1 DAGs
[2024-06-08T23:56:03.622+0000] {logging_mixin.py:137} INFO - [2024-06-08T23:56:03.622+0000] {dag.py:3441} INFO - Setting next_dagrun for example_nested_branch_dag to 2024-06-07T00:00:00+00:00, run_after=2024-06-08T00:00:00+00:00
[2024-06-08T23:56:03.635+0000] {processor.py:175} INFO - Processing /home/airflow/.local/lib/python3.7/site-packages/airflow/example_dags/example_nested_branch_dag.py took 0.075 seconds
[2024-06-08T23:56:34.052+0000] {processor.py:153} INFO - Started process (PID=2533) to work on /home/airflow/.local/lib/python3.7/site-packages/airflow/example_dags/example_nested_branch_dag.py
[2024-06-08T23:56:34.053+0000] {processor.py:743} INFO - Processing file /home/airflow/.local/lib/python3.7/site-packages/airflow/example_dags/example_nested_branch_dag.py for tasks to queue
[2024-06-08T23:56:34.054+0000] {logging_mixin.py:137} INFO - [2024-06-08T23:56:34.054+0000] {dagbag.py:538} INFO - Filling up the DagBag from /home/airflow/.local/lib/python3.7/site-packages/airflow/example_dags/example_nested_branch_dag.py
[2024-06-08T23:56:34.072+0000] {processor.py:753} INFO - DAG(s) dict_keys(['example_nested_branch_dag']) retrieved from /home/airflow/.local/lib/python3.7/site-packages/airflow/example_dags/example_nested_branch_dag.py
[2024-06-08T23:56:34.094+0000] {logging_mixin.py:137} INFO - [2024-06-08T23:56:34.094+0000] {dag.py:2690} INFO - Sync 1 DAGs
[2024-06-08T23:56:34.112+0000] {logging_mixin.py:137} INFO - [2024-06-08T23:56:34.112+0000] {dag.py:3441} INFO - Setting next_dagrun for example_nested_branch_dag to 2024-06-07T00:00:00+00:00, run_after=2024-06-08T00:00:00+00:00
[2024-06-08T23:56:34.125+0000] {processor.py:175} INFO - Processing /home/airflow/.local/lib/python3.7/site-packages/airflow/example_dags/example_nested_branch_dag.py took 0.076 seconds
[2024-06-08T23:57:04.452+0000] {processor.py:153} INFO - Started process (PID=2583) to work on /home/airflow/.local/lib/python3.7/site-packages/airflow/example_dags/example_nested_branch_dag.py
[2024-06-08T23:57:04.453+0000] {processor.py:743} INFO - Processing file /home/airflow/.local/lib/python3.7/site-packages/airflow/example_dags/example_nested_branch_dag.py for tasks to queue
[2024-06-08T23:57:04.454+0000] {logging_mixin.py:137} INFO - [2024-06-08T23:57:04.454+0000] {dagbag.py:538} INFO - Filling up the DagBag from /home/airflow/.local/lib/python3.7/site-packages/airflow/example_dags/example_nested_branch_dag.py
[2024-06-08T23:57:04.472+0000] {processor.py:753} INFO - DAG(s) dict_keys(['example_nested_branch_dag']) retrieved from /home/airflow/.local/lib/python3.7/site-packages/airflow/example_dags/example_nested_branch_dag.py
[2024-06-08T23:57:04.494+0000] {logging_mixin.py:137} INFO - [2024-06-08T23:57:04.493+0000] {dag.py:2690} INFO - Sync 1 DAGs
[2024-06-08T23:57:04.511+0000] {logging_mixin.py:137} INFO - [2024-06-08T23:57:04.511+0000] {dag.py:3441} INFO - Setting next_dagrun for example_nested_branch_dag to 2024-06-07T00:00:00+00:00, run_after=2024-06-08T00:00:00+00:00
[2024-06-08T23:57:04.522+0000] {processor.py:175} INFO - Processing /home/airflow/.local/lib/python3.7/site-packages/airflow/example_dags/example_nested_branch_dag.py took 0.073 seconds
[2024-06-08T23:57:34.984+0000] {processor.py:153} INFO - Started process (PID=2633) to work on /home/airflow/.local/lib/python3.7/site-packages/airflow/example_dags/example_nested_branch_dag.py
[2024-06-08T23:57:34.986+0000] {processor.py:743} INFO - Processing file /home/airflow/.local/lib/python3.7/site-packages/airflow/example_dags/example_nested_branch_dag.py for tasks to queue
[2024-06-08T23:57:34.987+0000] {logging_mixin.py:137} INFO - [2024-06-08T23:57:34.987+0000] {dagbag.py:538} INFO - Filling up the DagBag from /home/airflow/.local/lib/python3.7/site-packages/airflow/example_dags/example_nested_branch_dag.py
[2024-06-08T23:57:35.005+0000] {processor.py:753} INFO - DAG(s) dict_keys(['example_nested_branch_dag']) retrieved from /home/airflow/.local/lib/python3.7/site-packages/airflow/example_dags/example_nested_branch_dag.py
[2024-06-08T23:57:35.026+0000] {logging_mixin.py:137} INFO - [2024-06-08T23:57:35.026+0000] {dag.py:2690} INFO - Sync 1 DAGs
[2024-06-08T23:57:35.044+0000] {logging_mixin.py:137} INFO - [2024-06-08T23:57:35.044+0000] {dag.py:3441} INFO - Setting next_dagrun for example_nested_branch_dag to 2024-06-07T00:00:00+00:00, run_after=2024-06-08T00:00:00+00:00
[2024-06-08T23:57:35.058+0000] {processor.py:175} INFO - Processing /home/airflow/.local/lib/python3.7/site-packages/airflow/example_dags/example_nested_branch_dag.py took 0.077 seconds
[2024-06-08T23:58:05.598+0000] {processor.py:153} INFO - Started process (PID=2683) to work on /home/airflow/.local/lib/python3.7/site-packages/airflow/example_dags/example_nested_branch_dag.py
[2024-06-08T23:58:05.600+0000] {processor.py:743} INFO - Processing file /home/airflow/.local/lib/python3.7/site-packages/airflow/example_dags/example_nested_branch_dag.py for tasks to queue
[2024-06-08T23:58:05.601+0000] {logging_mixin.py:137} INFO - [2024-06-08T23:58:05.601+0000] {dagbag.py:538} INFO - Filling up the DagBag from /home/airflow/.local/lib/python3.7/site-packages/airflow/example_dags/example_nested_branch_dag.py
[2024-06-08T23:58:05.620+0000] {processor.py:753} INFO - DAG(s) dict_keys(['example_nested_branch_dag']) retrieved from /home/airflow/.local/lib/python3.7/site-packages/airflow/example_dags/example_nested_branch_dag.py
[2024-06-08T23:58:05.643+0000] {logging_mixin.py:137} INFO - [2024-06-08T23:58:05.643+0000] {dag.py:2690} INFO - Sync 1 DAGs
[2024-06-08T23:58:05.664+0000] {logging_mixin.py:137} INFO - [2024-06-08T23:58:05.663+0000] {dag.py:3441} INFO - Setting next_dagrun for example_nested_branch_dag to 2024-06-07T00:00:00+00:00, run_after=2024-06-08T00:00:00+00:00
[2024-06-08T23:58:05.678+0000] {processor.py:175} INFO - Processing /home/airflow/.local/lib/python3.7/site-packages/airflow/example_dags/example_nested_branch_dag.py took 0.083 seconds
[2024-06-08T23:58:36.659+0000] {processor.py:153} INFO - Started process (PID=2733) to work on /home/airflow/.local/lib/python3.7/site-packages/airflow/example_dags/example_nested_branch_dag.py
[2024-06-08T23:58:36.661+0000] {processor.py:743} INFO - Processing file /home/airflow/.local/lib/python3.7/site-packages/airflow/example_dags/example_nested_branch_dag.py for tasks to queue
[2024-06-08T23:58:36.662+0000] {logging_mixin.py:137} INFO - [2024-06-08T23:58:36.662+0000] {dagbag.py:538} INFO - Filling up the DagBag from /home/airflow/.local/lib/python3.7/site-packages/airflow/example_dags/example_nested_branch_dag.py
[2024-06-08T23:58:36.679+0000] {processor.py:753} INFO - DAG(s) dict_keys(['example_nested_branch_dag']) retrieved from /home/airflow/.local/lib/python3.7/site-packages/airflow/example_dags/example_nested_branch_dag.py
[2024-06-08T23:58:36.702+0000] {logging_mixin.py:137} INFO - [2024-06-08T23:58:36.702+0000] {dag.py:2690} INFO - Sync 1 DAGs
[2024-06-08T23:58:36.719+0000] {logging_mixin.py:137} INFO - [2024-06-08T23:58:36.719+0000] {dag.py:3441} INFO - Setting next_dagrun for example_nested_branch_dag to 2024-06-07T00:00:00+00:00, run_after=2024-06-08T00:00:00+00:00
[2024-06-08T23:58:36.731+0000] {processor.py:175} INFO - Processing /home/airflow/.local/lib/python3.7/site-packages/airflow/example_dags/example_nested_branch_dag.py took 0.074 seconds
[2024-06-08T23:59:07.146+0000] {processor.py:153} INFO - Started process (PID=2783) to work on /home/airflow/.local/lib/python3.7/site-packages/airflow/example_dags/example_nested_branch_dag.py
[2024-06-08T23:59:07.147+0000] {processor.py:743} INFO - Processing file /home/airflow/.local/lib/python3.7/site-packages/airflow/example_dags/example_nested_branch_dag.py for tasks to queue
[2024-06-08T23:59:07.148+0000] {logging_mixin.py:137} INFO - [2024-06-08T23:59:07.148+0000] {dagbag.py:538} INFO - Filling up the DagBag from /home/airflow/.local/lib/python3.7/site-packages/airflow/example_dags/example_nested_branch_dag.py
[2024-06-08T23:59:07.165+0000] {processor.py:753} INFO - DAG(s) dict_keys(['example_nested_branch_dag']) retrieved from /home/airflow/.local/lib/python3.7/site-packages/airflow/example_dags/example_nested_branch_dag.py
[2024-06-08T23:59:07.186+0000] {logging_mixin.py:137} INFO - [2024-06-08T23:59:07.186+0000] {dag.py:2690} INFO - Sync 1 DAGs
[2024-06-08T23:59:07.203+0000] {logging_mixin.py:137} INFO - [2024-06-08T23:59:07.203+0000] {dag.py:3441} INFO - Setting next_dagrun for example_nested_branch_dag to 2024-06-07T00:00:00+00:00, run_after=2024-06-08T00:00:00+00:00
[2024-06-08T23:59:07.218+0000] {processor.py:175} INFO - Processing /home/airflow/.local/lib/python3.7/site-packages/airflow/example_dags/example_nested_branch_dag.py took 0.076 seconds
[2024-06-08T23:59:37.429+0000] {processor.py:153} INFO - Started process (PID=2833) to work on /home/airflow/.local/lib/python3.7/site-packages/airflow/example_dags/example_nested_branch_dag.py
[2024-06-08T23:59:37.430+0000] {processor.py:743} INFO - Processing file /home/airflow/.local/lib/python3.7/site-packages/airflow/example_dags/example_nested_branch_dag.py for tasks to queue
[2024-06-08T23:59:37.431+0000] {logging_mixin.py:137} INFO - [2024-06-08T23:59:37.431+0000] {dagbag.py:538} INFO - Filling up the DagBag from /home/airflow/.local/lib/python3.7/site-packages/airflow/example_dags/example_nested_branch_dag.py
[2024-06-08T23:59:37.448+0000] {processor.py:753} INFO - DAG(s) dict_keys(['example_nested_branch_dag']) retrieved from /home/airflow/.local/lib/python3.7/site-packages/airflow/example_dags/example_nested_branch_dag.py
[2024-06-08T23:59:37.472+0000] {logging_mixin.py:137} INFO - [2024-06-08T23:59:37.472+0000] {dag.py:2690} INFO - Sync 1 DAGs
[2024-06-08T23:59:37.490+0000] {logging_mixin.py:137} INFO - [2024-06-08T23:59:37.490+0000] {dag.py:3441} INFO - Setting next_dagrun for example_nested_branch_dag to 2024-06-07T00:00:00+00:00, run_after=2024-06-08T00:00:00+00:00
[2024-06-08T23:59:37.501+0000] {processor.py:175} INFO - Processing /home/airflow/.local/lib/python3.7/site-packages/airflow/example_dags/example_nested_branch_dag.py took 0.075 seconds
