[2024-06-08T23:31:36.585+0000] {processor.py:153} INFO - Started process (PID=65) to work on /home/airflow/.local/lib/python3.7/site-packages/airflow/example_dags/example_external_task_marker_dag.py
[2024-06-08T23:31:36.587+0000] {processor.py:743} INFO - Processing file /home/airflow/.local/lib/python3.7/site-packages/airflow/example_dags/example_external_task_marker_dag.py for tasks to queue
[2024-06-08T23:31:36.588+0000] {logging_mixin.py:137} INFO - [2024-06-08T23:31:36.588+0000] {dagbag.py:538} INFO - Filling up the DagBag from /home/airflow/.local/lib/python3.7/site-packages/airflow/example_dags/example_external_task_marker_dag.py
[2024-06-08T23:31:36.602+0000] {processor.py:753} INFO - DAG(s) dict_keys(['example_external_task_marker_parent', 'example_external_task_marker_child']) retrieved from /home/airflow/.local/lib/python3.7/site-packages/airflow/example_dags/example_external_task_marker_dag.py
[2024-06-08T23:31:36.625+0000] {logging_mixin.py:137} INFO - [2024-06-08T23:31:36.625+0000] {dag.py:2690} INFO - Sync 2 DAGs
[2024-06-08T23:31:36.644+0000] {logging_mixin.py:137} INFO - [2024-06-08T23:31:36.644+0000] {dag.py:3441} INFO - Setting next_dagrun for example_external_task_marker_child to None, run_after=None
[2024-06-08T23:31:36.647+0000] {logging_mixin.py:137} INFO - [2024-06-08T23:31:36.647+0000] {dag.py:3441} INFO - Setting next_dagrun for example_external_task_marker_parent to None, run_after=None
[2024-06-08T23:31:36.659+0000] {processor.py:175} INFO - Processing /home/airflow/.local/lib/python3.7/site-packages/airflow/example_dags/example_external_task_marker_dag.py took 0.077 seconds
[2024-06-08T23:32:07.236+0000] {processor.py:153} INFO - Started process (PID=115) to work on /home/airflow/.local/lib/python3.7/site-packages/airflow/example_dags/example_external_task_marker_dag.py
[2024-06-08T23:32:07.237+0000] {processor.py:743} INFO - Processing file /home/airflow/.local/lib/python3.7/site-packages/airflow/example_dags/example_external_task_marker_dag.py for tasks to queue
[2024-06-08T23:32:07.238+0000] {logging_mixin.py:137} INFO - [2024-06-08T23:32:07.238+0000] {dagbag.py:538} INFO - Filling up the DagBag from /home/airflow/.local/lib/python3.7/site-packages/airflow/example_dags/example_external_task_marker_dag.py
[2024-06-08T23:32:07.249+0000] {processor.py:753} INFO - DAG(s) dict_keys(['example_external_task_marker_parent', 'example_external_task_marker_child']) retrieved from /home/airflow/.local/lib/python3.7/site-packages/airflow/example_dags/example_external_task_marker_dag.py
[2024-06-08T23:32:07.272+0000] {logging_mixin.py:137} INFO - [2024-06-08T23:32:07.272+0000] {dag.py:2690} INFO - Sync 2 DAGs
[2024-06-08T23:32:07.290+0000] {logging_mixin.py:137} INFO - [2024-06-08T23:32:07.290+0000] {dag.py:3441} INFO - Setting next_dagrun for example_external_task_marker_child to None, run_after=None
[2024-06-08T23:32:07.293+0000] {logging_mixin.py:137} INFO - [2024-06-08T23:32:07.292+0000] {dag.py:3441} INFO - Setting next_dagrun for example_external_task_marker_parent to None, run_after=None
[2024-06-08T23:32:07.305+0000] {processor.py:175} INFO - Processing /home/airflow/.local/lib/python3.7/site-packages/airflow/example_dags/example_external_task_marker_dag.py took 0.072 seconds
[2024-06-08T23:32:37.515+0000] {processor.py:153} INFO - Started process (PID=165) to work on /home/airflow/.local/lib/python3.7/site-packages/airflow/example_dags/example_external_task_marker_dag.py
[2024-06-08T23:32:37.517+0000] {processor.py:743} INFO - Processing file /home/airflow/.local/lib/python3.7/site-packages/airflow/example_dags/example_external_task_marker_dag.py for tasks to queue
[2024-06-08T23:32:37.518+0000] {logging_mixin.py:137} INFO - [2024-06-08T23:32:37.517+0000] {dagbag.py:538} INFO - Filling up the DagBag from /home/airflow/.local/lib/python3.7/site-packages/airflow/example_dags/example_external_task_marker_dag.py
[2024-06-08T23:32:37.529+0000] {processor.py:753} INFO - DAG(s) dict_keys(['example_external_task_marker_child', 'example_external_task_marker_parent']) retrieved from /home/airflow/.local/lib/python3.7/site-packages/airflow/example_dags/example_external_task_marker_dag.py
[2024-06-08T23:32:37.555+0000] {logging_mixin.py:137} INFO - [2024-06-08T23:32:37.555+0000] {dag.py:2690} INFO - Sync 2 DAGs
[2024-06-08T23:32:37.573+0000] {logging_mixin.py:137} INFO - [2024-06-08T23:32:37.573+0000] {dag.py:3441} INFO - Setting next_dagrun for example_external_task_marker_child to None, run_after=None
[2024-06-08T23:32:37.576+0000] {logging_mixin.py:137} INFO - [2024-06-08T23:32:37.576+0000] {dag.py:3441} INFO - Setting next_dagrun for example_external_task_marker_parent to None, run_after=None
[2024-06-08T23:32:37.589+0000] {processor.py:175} INFO - Processing /home/airflow/.local/lib/python3.7/site-packages/airflow/example_dags/example_external_task_marker_dag.py took 0.077 seconds
[2024-06-08T23:33:07.837+0000] {processor.py:153} INFO - Started process (PID=215) to work on /home/airflow/.local/lib/python3.7/site-packages/airflow/example_dags/example_external_task_marker_dag.py
[2024-06-08T23:33:07.838+0000] {processor.py:743} INFO - Processing file /home/airflow/.local/lib/python3.7/site-packages/airflow/example_dags/example_external_task_marker_dag.py for tasks to queue
[2024-06-08T23:33:07.839+0000] {logging_mixin.py:137} INFO - [2024-06-08T23:33:07.839+0000] {dagbag.py:538} INFO - Filling up the DagBag from /home/airflow/.local/lib/python3.7/site-packages/airflow/example_dags/example_external_task_marker_dag.py
[2024-06-08T23:33:07.849+0000] {processor.py:753} INFO - DAG(s) dict_keys(['example_external_task_marker_parent', 'example_external_task_marker_child']) retrieved from /home/airflow/.local/lib/python3.7/site-packages/airflow/example_dags/example_external_task_marker_dag.py
[2024-06-08T23:33:07.871+0000] {logging_mixin.py:137} INFO - [2024-06-08T23:33:07.871+0000] {dag.py:2690} INFO - Sync 2 DAGs
[2024-06-08T23:33:07.888+0000] {logging_mixin.py:137} INFO - [2024-06-08T23:33:07.887+0000] {dag.py:3441} INFO - Setting next_dagrun for example_external_task_marker_child to None, run_after=None
[2024-06-08T23:33:07.890+0000] {logging_mixin.py:137} INFO - [2024-06-08T23:33:07.890+0000] {dag.py:3441} INFO - Setting next_dagrun for example_external_task_marker_parent to None, run_after=None
[2024-06-08T23:33:07.901+0000] {processor.py:175} INFO - Processing /home/airflow/.local/lib/python3.7/site-packages/airflow/example_dags/example_external_task_marker_dag.py took 0.067 seconds
[2024-06-08T23:33:38.108+0000] {processor.py:153} INFO - Started process (PID=266) to work on /home/airflow/.local/lib/python3.7/site-packages/airflow/example_dags/example_external_task_marker_dag.py
[2024-06-08T23:33:38.110+0000] {processor.py:743} INFO - Processing file /home/airflow/.local/lib/python3.7/site-packages/airflow/example_dags/example_external_task_marker_dag.py for tasks to queue
[2024-06-08T23:33:38.110+0000] {logging_mixin.py:137} INFO - [2024-06-08T23:33:38.110+0000] {dagbag.py:538} INFO - Filling up the DagBag from /home/airflow/.local/lib/python3.7/site-packages/airflow/example_dags/example_external_task_marker_dag.py
[2024-06-08T23:33:38.120+0000] {processor.py:753} INFO - DAG(s) dict_keys(['example_external_task_marker_child', 'example_external_task_marker_parent']) retrieved from /home/airflow/.local/lib/python3.7/site-packages/airflow/example_dags/example_external_task_marker_dag.py
[2024-06-08T23:33:38.142+0000] {logging_mixin.py:137} INFO - [2024-06-08T23:33:38.142+0000] {dag.py:2690} INFO - Sync 2 DAGs
[2024-06-08T23:33:38.159+0000] {logging_mixin.py:137} INFO - [2024-06-08T23:33:38.159+0000] {dag.py:3441} INFO - Setting next_dagrun for example_external_task_marker_child to None, run_after=None
[2024-06-08T23:33:38.161+0000] {logging_mixin.py:137} INFO - [2024-06-08T23:33:38.161+0000] {dag.py:3441} INFO - Setting next_dagrun for example_external_task_marker_parent to None, run_after=None
[2024-06-08T23:33:38.172+0000] {processor.py:175} INFO - Processing /home/airflow/.local/lib/python3.7/site-packages/airflow/example_dags/example_external_task_marker_dag.py took 0.066 seconds
[2024-06-08T23:34:08.578+0000] {processor.py:153} INFO - Started process (PID=315) to work on /home/airflow/.local/lib/python3.7/site-packages/airflow/example_dags/example_external_task_marker_dag.py
[2024-06-08T23:34:08.580+0000] {processor.py:743} INFO - Processing file /home/airflow/.local/lib/python3.7/site-packages/airflow/example_dags/example_external_task_marker_dag.py for tasks to queue
[2024-06-08T23:34:08.581+0000] {logging_mixin.py:137} INFO - [2024-06-08T23:34:08.581+0000] {dagbag.py:538} INFO - Filling up the DagBag from /home/airflow/.local/lib/python3.7/site-packages/airflow/example_dags/example_external_task_marker_dag.py
[2024-06-08T23:34:08.593+0000] {processor.py:753} INFO - DAG(s) dict_keys(['example_external_task_marker_parent', 'example_external_task_marker_child']) retrieved from /home/airflow/.local/lib/python3.7/site-packages/airflow/example_dags/example_external_task_marker_dag.py
[2024-06-08T23:34:08.619+0000] {logging_mixin.py:137} INFO - [2024-06-08T23:34:08.619+0000] {dag.py:2690} INFO - Sync 2 DAGs
[2024-06-08T23:34:08.638+0000] {logging_mixin.py:137} INFO - [2024-06-08T23:34:08.638+0000] {dag.py:3441} INFO - Setting next_dagrun for example_external_task_marker_child to None, run_after=None
[2024-06-08T23:34:08.642+0000] {logging_mixin.py:137} INFO - [2024-06-08T23:34:08.642+0000] {dag.py:3441} INFO - Setting next_dagrun for example_external_task_marker_parent to None, run_after=None
[2024-06-08T23:34:08.655+0000] {processor.py:175} INFO - Processing /home/airflow/.local/lib/python3.7/site-packages/airflow/example_dags/example_external_task_marker_dag.py took 0.081 seconds
[2024-06-08T23:34:39.384+0000] {processor.py:153} INFO - Started process (PID=365) to work on /home/airflow/.local/lib/python3.7/site-packages/airflow/example_dags/example_external_task_marker_dag.py
[2024-06-08T23:34:39.385+0000] {processor.py:743} INFO - Processing file /home/airflow/.local/lib/python3.7/site-packages/airflow/example_dags/example_external_task_marker_dag.py for tasks to queue
[2024-06-08T23:34:39.386+0000] {logging_mixin.py:137} INFO - [2024-06-08T23:34:39.386+0000] {dagbag.py:538} INFO - Filling up the DagBag from /home/airflow/.local/lib/python3.7/site-packages/airflow/example_dags/example_external_task_marker_dag.py
[2024-06-08T23:34:39.396+0000] {processor.py:753} INFO - DAG(s) dict_keys(['example_external_task_marker_parent', 'example_external_task_marker_child']) retrieved from /home/airflow/.local/lib/python3.7/site-packages/airflow/example_dags/example_external_task_marker_dag.py
[2024-06-08T23:34:39.418+0000] {logging_mixin.py:137} INFO - [2024-06-08T23:34:39.418+0000] {dag.py:2690} INFO - Sync 2 DAGs
[2024-06-08T23:34:39.434+0000] {logging_mixin.py:137} INFO - [2024-06-08T23:34:39.434+0000] {dag.py:3441} INFO - Setting next_dagrun for example_external_task_marker_child to None, run_after=None
[2024-06-08T23:34:39.436+0000] {logging_mixin.py:137} INFO - [2024-06-08T23:34:39.436+0000] {dag.py:3441} INFO - Setting next_dagrun for example_external_task_marker_parent to None, run_after=None
[2024-06-08T23:34:39.449+0000] {processor.py:175} INFO - Processing /home/airflow/.local/lib/python3.7/site-packages/airflow/example_dags/example_external_task_marker_dag.py took 0.068 seconds
[2024-06-08T23:35:09.858+0000] {processor.py:153} INFO - Started process (PID=415) to work on /home/airflow/.local/lib/python3.7/site-packages/airflow/example_dags/example_external_task_marker_dag.py
[2024-06-08T23:35:09.860+0000] {processor.py:743} INFO - Processing file /home/airflow/.local/lib/python3.7/site-packages/airflow/example_dags/example_external_task_marker_dag.py for tasks to queue
[2024-06-08T23:35:09.860+0000] {logging_mixin.py:137} INFO - [2024-06-08T23:35:09.860+0000] {dagbag.py:538} INFO - Filling up the DagBag from /home/airflow/.local/lib/python3.7/site-packages/airflow/example_dags/example_external_task_marker_dag.py
[2024-06-08T23:35:09.872+0000] {processor.py:753} INFO - DAG(s) dict_keys(['example_external_task_marker_parent', 'example_external_task_marker_child']) retrieved from /home/airflow/.local/lib/python3.7/site-packages/airflow/example_dags/example_external_task_marker_dag.py
[2024-06-08T23:35:09.900+0000] {logging_mixin.py:137} INFO - [2024-06-08T23:35:09.900+0000] {dag.py:2690} INFO - Sync 2 DAGs
[2024-06-08T23:35:09.916+0000] {logging_mixin.py:137} INFO - [2024-06-08T23:35:09.916+0000] {dag.py:3441} INFO - Setting next_dagrun for example_external_task_marker_child to None, run_after=None
[2024-06-08T23:35:09.920+0000] {logging_mixin.py:137} INFO - [2024-06-08T23:35:09.920+0000] {dag.py:3441} INFO - Setting next_dagrun for example_external_task_marker_parent to None, run_after=None
[2024-06-08T23:35:09.932+0000] {processor.py:175} INFO - Processing /home/airflow/.local/lib/python3.7/site-packages/airflow/example_dags/example_external_task_marker_dag.py took 0.077 seconds
[2024-06-08T23:35:40.370+0000] {processor.py:153} INFO - Started process (PID=465) to work on /home/airflow/.local/lib/python3.7/site-packages/airflow/example_dags/example_external_task_marker_dag.py
[2024-06-08T23:35:40.371+0000] {processor.py:743} INFO - Processing file /home/airflow/.local/lib/python3.7/site-packages/airflow/example_dags/example_external_task_marker_dag.py for tasks to queue
[2024-06-08T23:35:40.372+0000] {logging_mixin.py:137} INFO - [2024-06-08T23:35:40.372+0000] {dagbag.py:538} INFO - Filling up the DagBag from /home/airflow/.local/lib/python3.7/site-packages/airflow/example_dags/example_external_task_marker_dag.py
[2024-06-08T23:35:40.383+0000] {processor.py:753} INFO - DAG(s) dict_keys(['example_external_task_marker_parent', 'example_external_task_marker_child']) retrieved from /home/airflow/.local/lib/python3.7/site-packages/airflow/example_dags/example_external_task_marker_dag.py
[2024-06-08T23:35:40.423+0000] {logging_mixin.py:137} INFO - [2024-06-08T23:35:40.423+0000] {dag.py:2690} INFO - Sync 2 DAGs
[2024-06-08T23:35:40.446+0000] {logging_mixin.py:137} INFO - [2024-06-08T23:35:40.446+0000] {dag.py:3441} INFO - Setting next_dagrun for example_external_task_marker_child to None, run_after=None
[2024-06-08T23:35:40.452+0000] {logging_mixin.py:137} INFO - [2024-06-08T23:35:40.452+0000] {dag.py:3441} INFO - Setting next_dagrun for example_external_task_marker_parent to None, run_after=None
[2024-06-08T23:35:40.472+0000] {processor.py:175} INFO - Processing /home/airflow/.local/lib/python3.7/site-packages/airflow/example_dags/example_external_task_marker_dag.py took 0.105 seconds
[2024-06-08T23:36:10.891+0000] {processor.py:153} INFO - Started process (PID=515) to work on /home/airflow/.local/lib/python3.7/site-packages/airflow/example_dags/example_external_task_marker_dag.py
[2024-06-08T23:36:10.893+0000] {processor.py:743} INFO - Processing file /home/airflow/.local/lib/python3.7/site-packages/airflow/example_dags/example_external_task_marker_dag.py for tasks to queue
[2024-06-08T23:36:10.894+0000] {logging_mixin.py:137} INFO - [2024-06-08T23:36:10.893+0000] {dagbag.py:538} INFO - Filling up the DagBag from /home/airflow/.local/lib/python3.7/site-packages/airflow/example_dags/example_external_task_marker_dag.py
[2024-06-08T23:36:10.904+0000] {processor.py:753} INFO - DAG(s) dict_keys(['example_external_task_marker_parent', 'example_external_task_marker_child']) retrieved from /home/airflow/.local/lib/python3.7/site-packages/airflow/example_dags/example_external_task_marker_dag.py
[2024-06-08T23:36:10.926+0000] {logging_mixin.py:137} INFO - [2024-06-08T23:36:10.926+0000] {dag.py:2690} INFO - Sync 2 DAGs
[2024-06-08T23:36:10.947+0000] {logging_mixin.py:137} INFO - [2024-06-08T23:36:10.947+0000] {dag.py:3441} INFO - Setting next_dagrun for example_external_task_marker_child to None, run_after=None
[2024-06-08T23:36:10.949+0000] {logging_mixin.py:137} INFO - [2024-06-08T23:36:10.949+0000] {dag.py:3441} INFO - Setting next_dagrun for example_external_task_marker_parent to None, run_after=None
[2024-06-08T23:36:10.960+0000] {processor.py:175} INFO - Processing /home/airflow/.local/lib/python3.7/site-packages/airflow/example_dags/example_external_task_marker_dag.py took 0.072 seconds
[2024-06-08T23:36:41.788+0000] {processor.py:153} INFO - Started process (PID=565) to work on /home/airflow/.local/lib/python3.7/site-packages/airflow/example_dags/example_external_task_marker_dag.py
[2024-06-08T23:36:41.791+0000] {processor.py:743} INFO - Processing file /home/airflow/.local/lib/python3.7/site-packages/airflow/example_dags/example_external_task_marker_dag.py for tasks to queue
[2024-06-08T23:36:41.792+0000] {logging_mixin.py:137} INFO - [2024-06-08T23:36:41.792+0000] {dagbag.py:538} INFO - Filling up the DagBag from /home/airflow/.local/lib/python3.7/site-packages/airflow/example_dags/example_external_task_marker_dag.py
[2024-06-08T23:36:41.805+0000] {processor.py:753} INFO - DAG(s) dict_keys(['example_external_task_marker_child', 'example_external_task_marker_parent']) retrieved from /home/airflow/.local/lib/python3.7/site-packages/airflow/example_dags/example_external_task_marker_dag.py
[2024-06-08T23:36:41.828+0000] {logging_mixin.py:137} INFO - [2024-06-08T23:36:41.828+0000] {dag.py:2690} INFO - Sync 2 DAGs
[2024-06-08T23:36:41.846+0000] {logging_mixin.py:137} INFO - [2024-06-08T23:36:41.845+0000] {dag.py:3441} INFO - Setting next_dagrun for example_external_task_marker_child to None, run_after=None
[2024-06-08T23:36:41.848+0000] {logging_mixin.py:137} INFO - [2024-06-08T23:36:41.848+0000] {dag.py:3441} INFO - Setting next_dagrun for example_external_task_marker_parent to None, run_after=None
[2024-06-08T23:36:41.859+0000] {processor.py:175} INFO - Processing /home/airflow/.local/lib/python3.7/site-packages/airflow/example_dags/example_external_task_marker_dag.py took 0.075 seconds
[2024-06-08T23:37:12.298+0000] {processor.py:153} INFO - Started process (PID=615) to work on /home/airflow/.local/lib/python3.7/site-packages/airflow/example_dags/example_external_task_marker_dag.py
[2024-06-08T23:37:12.300+0000] {processor.py:743} INFO - Processing file /home/airflow/.local/lib/python3.7/site-packages/airflow/example_dags/example_external_task_marker_dag.py for tasks to queue
[2024-06-08T23:37:12.301+0000] {logging_mixin.py:137} INFO - [2024-06-08T23:37:12.301+0000] {dagbag.py:538} INFO - Filling up the DagBag from /home/airflow/.local/lib/python3.7/site-packages/airflow/example_dags/example_external_task_marker_dag.py
[2024-06-08T23:37:12.312+0000] {processor.py:753} INFO - DAG(s) dict_keys(['example_external_task_marker_parent', 'example_external_task_marker_child']) retrieved from /home/airflow/.local/lib/python3.7/site-packages/airflow/example_dags/example_external_task_marker_dag.py
[2024-06-08T23:37:12.335+0000] {logging_mixin.py:137} INFO - [2024-06-08T23:37:12.335+0000] {dag.py:2690} INFO - Sync 2 DAGs
[2024-06-08T23:37:12.352+0000] {logging_mixin.py:137} INFO - [2024-06-08T23:37:12.352+0000] {dag.py:3441} INFO - Setting next_dagrun for example_external_task_marker_child to None, run_after=None
[2024-06-08T23:37:12.355+0000] {logging_mixin.py:137} INFO - [2024-06-08T23:37:12.355+0000] {dag.py:3441} INFO - Setting next_dagrun for example_external_task_marker_parent to None, run_after=None
[2024-06-08T23:37:12.367+0000] {processor.py:175} INFO - Processing /home/airflow/.local/lib/python3.7/site-packages/airflow/example_dags/example_external_task_marker_dag.py took 0.072 seconds
[2024-06-08T23:37:42.703+0000] {processor.py:153} INFO - Started process (PID=665) to work on /home/airflow/.local/lib/python3.7/site-packages/airflow/example_dags/example_external_task_marker_dag.py
[2024-06-08T23:37:42.705+0000] {processor.py:743} INFO - Processing file /home/airflow/.local/lib/python3.7/site-packages/airflow/example_dags/example_external_task_marker_dag.py for tasks to queue
[2024-06-08T23:37:42.705+0000] {logging_mixin.py:137} INFO - [2024-06-08T23:37:42.705+0000] {dagbag.py:538} INFO - Filling up the DagBag from /home/airflow/.local/lib/python3.7/site-packages/airflow/example_dags/example_external_task_marker_dag.py
[2024-06-08T23:37:42.717+0000] {processor.py:753} INFO - DAG(s) dict_keys(['example_external_task_marker_parent', 'example_external_task_marker_child']) retrieved from /home/airflow/.local/lib/python3.7/site-packages/airflow/example_dags/example_external_task_marker_dag.py
[2024-06-08T23:37:42.740+0000] {logging_mixin.py:137} INFO - [2024-06-08T23:37:42.740+0000] {dag.py:2690} INFO - Sync 2 DAGs
[2024-06-08T23:37:42.757+0000] {logging_mixin.py:137} INFO - [2024-06-08T23:37:42.757+0000] {dag.py:3441} INFO - Setting next_dagrun for example_external_task_marker_child to None, run_after=None
[2024-06-08T23:37:42.760+0000] {logging_mixin.py:137} INFO - [2024-06-08T23:37:42.760+0000] {dag.py:3441} INFO - Setting next_dagrun for example_external_task_marker_parent to None, run_after=None
[2024-06-08T23:37:42.771+0000] {processor.py:175} INFO - Processing /home/airflow/.local/lib/python3.7/site-packages/airflow/example_dags/example_external_task_marker_dag.py took 0.070 seconds
[2024-06-08T23:38:13.888+0000] {processor.py:153} INFO - Started process (PID=715) to work on /home/airflow/.local/lib/python3.7/site-packages/airflow/example_dags/example_external_task_marker_dag.py
[2024-06-08T23:38:13.889+0000] {processor.py:743} INFO - Processing file /home/airflow/.local/lib/python3.7/site-packages/airflow/example_dags/example_external_task_marker_dag.py for tasks to queue
[2024-06-08T23:38:13.893+0000] {logging_mixin.py:137} INFO - [2024-06-08T23:38:13.893+0000] {dagbag.py:538} INFO - Filling up the DagBag from /home/airflow/.local/lib/python3.7/site-packages/airflow/example_dags/example_external_task_marker_dag.py
[2024-06-08T23:38:13.906+0000] {processor.py:753} INFO - DAG(s) dict_keys(['example_external_task_marker_parent', 'example_external_task_marker_child']) retrieved from /home/airflow/.local/lib/python3.7/site-packages/airflow/example_dags/example_external_task_marker_dag.py
[2024-06-08T23:38:13.929+0000] {logging_mixin.py:137} INFO - [2024-06-08T23:38:13.929+0000] {dag.py:2690} INFO - Sync 2 DAGs
[2024-06-08T23:38:13.955+0000] {logging_mixin.py:137} INFO - [2024-06-08T23:38:13.955+0000] {dag.py:3441} INFO - Setting next_dagrun for example_external_task_marker_child to None, run_after=None
[2024-06-08T23:38:13.958+0000] {logging_mixin.py:137} INFO - [2024-06-08T23:38:13.958+0000] {dag.py:3441} INFO - Setting next_dagrun for example_external_task_marker_parent to None, run_after=None
[2024-06-08T23:38:13.974+0000] {processor.py:175} INFO - Processing /home/airflow/.local/lib/python3.7/site-packages/airflow/example_dags/example_external_task_marker_dag.py took 0.089 seconds
[2024-06-08T23:38:44.794+0000] {processor.py:153} INFO - Started process (PID=765) to work on /home/airflow/.local/lib/python3.7/site-packages/airflow/example_dags/example_external_task_marker_dag.py
[2024-06-08T23:38:44.796+0000] {processor.py:743} INFO - Processing file /home/airflow/.local/lib/python3.7/site-packages/airflow/example_dags/example_external_task_marker_dag.py for tasks to queue
[2024-06-08T23:38:44.797+0000] {logging_mixin.py:137} INFO - [2024-06-08T23:38:44.796+0000] {dagbag.py:538} INFO - Filling up the DagBag from /home/airflow/.local/lib/python3.7/site-packages/airflow/example_dags/example_external_task_marker_dag.py
[2024-06-08T23:38:44.806+0000] {processor.py:753} INFO - DAG(s) dict_keys(['example_external_task_marker_parent', 'example_external_task_marker_child']) retrieved from /home/airflow/.local/lib/python3.7/site-packages/airflow/example_dags/example_external_task_marker_dag.py
[2024-06-08T23:38:44.829+0000] {logging_mixin.py:137} INFO - [2024-06-08T23:38:44.829+0000] {dag.py:2690} INFO - Sync 2 DAGs
[2024-06-08T23:38:44.844+0000] {logging_mixin.py:137} INFO - [2024-06-08T23:38:44.844+0000] {dag.py:3441} INFO - Setting next_dagrun for example_external_task_marker_child to None, run_after=None
[2024-06-08T23:38:44.848+0000] {logging_mixin.py:137} INFO - [2024-06-08T23:38:44.848+0000] {dag.py:3441} INFO - Setting next_dagrun for example_external_task_marker_parent to None, run_after=None
[2024-06-08T23:38:44.859+0000] {processor.py:175} INFO - Processing /home/airflow/.local/lib/python3.7/site-packages/airflow/example_dags/example_external_task_marker_dag.py took 0.068 seconds
[2024-06-08T23:39:15.402+0000] {processor.py:153} INFO - Started process (PID=815) to work on /home/airflow/.local/lib/python3.7/site-packages/airflow/example_dags/example_external_task_marker_dag.py
[2024-06-08T23:39:15.404+0000] {processor.py:743} INFO - Processing file /home/airflow/.local/lib/python3.7/site-packages/airflow/example_dags/example_external_task_marker_dag.py for tasks to queue
[2024-06-08T23:39:15.405+0000] {logging_mixin.py:137} INFO - [2024-06-08T23:39:15.404+0000] {dagbag.py:538} INFO - Filling up the DagBag from /home/airflow/.local/lib/python3.7/site-packages/airflow/example_dags/example_external_task_marker_dag.py
[2024-06-08T23:39:15.415+0000] {processor.py:753} INFO - DAG(s) dict_keys(['example_external_task_marker_child', 'example_external_task_marker_parent']) retrieved from /home/airflow/.local/lib/python3.7/site-packages/airflow/example_dags/example_external_task_marker_dag.py
[2024-06-08T23:39:15.440+0000] {logging_mixin.py:137} INFO - [2024-06-08T23:39:15.440+0000] {dag.py:2690} INFO - Sync 2 DAGs
[2024-06-08T23:39:15.457+0000] {logging_mixin.py:137} INFO - [2024-06-08T23:39:15.457+0000] {dag.py:3441} INFO - Setting next_dagrun for example_external_task_marker_child to None, run_after=None
[2024-06-08T23:39:15.461+0000] {logging_mixin.py:137} INFO - [2024-06-08T23:39:15.460+0000] {dag.py:3441} INFO - Setting next_dagrun for example_external_task_marker_parent to None, run_after=None
[2024-06-08T23:39:15.473+0000] {processor.py:175} INFO - Processing /home/airflow/.local/lib/python3.7/site-packages/airflow/example_dags/example_external_task_marker_dag.py took 0.075 seconds
[2024-06-08T23:39:45.968+0000] {processor.py:153} INFO - Started process (PID=865) to work on /home/airflow/.local/lib/python3.7/site-packages/airflow/example_dags/example_external_task_marker_dag.py
[2024-06-08T23:39:45.970+0000] {processor.py:743} INFO - Processing file /home/airflow/.local/lib/python3.7/site-packages/airflow/example_dags/example_external_task_marker_dag.py for tasks to queue
[2024-06-08T23:39:45.971+0000] {logging_mixin.py:137} INFO - [2024-06-08T23:39:45.970+0000] {dagbag.py:538} INFO - Filling up the DagBag from /home/airflow/.local/lib/python3.7/site-packages/airflow/example_dags/example_external_task_marker_dag.py
[2024-06-08T23:39:45.980+0000] {processor.py:753} INFO - DAG(s) dict_keys(['example_external_task_marker_parent', 'example_external_task_marker_child']) retrieved from /home/airflow/.local/lib/python3.7/site-packages/airflow/example_dags/example_external_task_marker_dag.py
[2024-06-08T23:39:46.005+0000] {logging_mixin.py:137} INFO - [2024-06-08T23:39:46.005+0000] {dag.py:2690} INFO - Sync 2 DAGs
[2024-06-08T23:39:46.022+0000] {logging_mixin.py:137} INFO - [2024-06-08T23:39:46.022+0000] {dag.py:3441} INFO - Setting next_dagrun for example_external_task_marker_child to None, run_after=None
[2024-06-08T23:39:46.024+0000] {logging_mixin.py:137} INFO - [2024-06-08T23:39:46.024+0000] {dag.py:3441} INFO - Setting next_dagrun for example_external_task_marker_parent to None, run_after=None
[2024-06-08T23:39:46.036+0000] {processor.py:175} INFO - Processing /home/airflow/.local/lib/python3.7/site-packages/airflow/example_dags/example_external_task_marker_dag.py took 0.070 seconds
[2024-06-08T23:40:16.257+0000] {processor.py:153} INFO - Started process (PID=915) to work on /home/airflow/.local/lib/python3.7/site-packages/airflow/example_dags/example_external_task_marker_dag.py
[2024-06-08T23:40:16.258+0000] {processor.py:743} INFO - Processing file /home/airflow/.local/lib/python3.7/site-packages/airflow/example_dags/example_external_task_marker_dag.py for tasks to queue
[2024-06-08T23:40:16.259+0000] {logging_mixin.py:137} INFO - [2024-06-08T23:40:16.259+0000] {dagbag.py:538} INFO - Filling up the DagBag from /home/airflow/.local/lib/python3.7/site-packages/airflow/example_dags/example_external_task_marker_dag.py
[2024-06-08T23:40:16.268+0000] {processor.py:753} INFO - DAG(s) dict_keys(['example_external_task_marker_parent', 'example_external_task_marker_child']) retrieved from /home/airflow/.local/lib/python3.7/site-packages/airflow/example_dags/example_external_task_marker_dag.py
[2024-06-08T23:40:16.290+0000] {logging_mixin.py:137} INFO - [2024-06-08T23:40:16.289+0000] {dag.py:2690} INFO - Sync 2 DAGs
[2024-06-08T23:40:16.306+0000] {logging_mixin.py:137} INFO - [2024-06-08T23:40:16.306+0000] {dag.py:3441} INFO - Setting next_dagrun for example_external_task_marker_child to None, run_after=None
[2024-06-08T23:40:16.308+0000] {logging_mixin.py:137} INFO - [2024-06-08T23:40:16.308+0000] {dag.py:3441} INFO - Setting next_dagrun for example_external_task_marker_parent to None, run_after=None
[2024-06-08T23:40:16.319+0000] {processor.py:175} INFO - Processing /home/airflow/.local/lib/python3.7/site-packages/airflow/example_dags/example_external_task_marker_dag.py took 0.065 seconds
[2024-06-08T23:40:46.776+0000] {processor.py:153} INFO - Started process (PID=965) to work on /home/airflow/.local/lib/python3.7/site-packages/airflow/example_dags/example_external_task_marker_dag.py
[2024-06-08T23:40:46.778+0000] {processor.py:743} INFO - Processing file /home/airflow/.local/lib/python3.7/site-packages/airflow/example_dags/example_external_task_marker_dag.py for tasks to queue
[2024-06-08T23:40:46.778+0000] {logging_mixin.py:137} INFO - [2024-06-08T23:40:46.778+0000] {dagbag.py:538} INFO - Filling up the DagBag from /home/airflow/.local/lib/python3.7/site-packages/airflow/example_dags/example_external_task_marker_dag.py
[2024-06-08T23:40:46.788+0000] {processor.py:753} INFO - DAG(s) dict_keys(['example_external_task_marker_child', 'example_external_task_marker_parent']) retrieved from /home/airflow/.local/lib/python3.7/site-packages/airflow/example_dags/example_external_task_marker_dag.py
[2024-06-08T23:40:46.810+0000] {logging_mixin.py:137} INFO - [2024-06-08T23:40:46.810+0000] {dag.py:2690} INFO - Sync 2 DAGs
[2024-06-08T23:40:46.826+0000] {logging_mixin.py:137} INFO - [2024-06-08T23:40:46.826+0000] {dag.py:3441} INFO - Setting next_dagrun for example_external_task_marker_child to None, run_after=None
[2024-06-08T23:40:46.829+0000] {logging_mixin.py:137} INFO - [2024-06-08T23:40:46.829+0000] {dag.py:3441} INFO - Setting next_dagrun for example_external_task_marker_parent to None, run_after=None
[2024-06-08T23:40:46.840+0000] {processor.py:175} INFO - Processing /home/airflow/.local/lib/python3.7/site-packages/airflow/example_dags/example_external_task_marker_dag.py took 0.067 seconds
[2024-06-08T23:41:17.385+0000] {processor.py:153} INFO - Started process (PID=1015) to work on /home/airflow/.local/lib/python3.7/site-packages/airflow/example_dags/example_external_task_marker_dag.py
[2024-06-08T23:41:17.386+0000] {processor.py:743} INFO - Processing file /home/airflow/.local/lib/python3.7/site-packages/airflow/example_dags/example_external_task_marker_dag.py for tasks to queue
[2024-06-08T23:41:17.387+0000] {logging_mixin.py:137} INFO - [2024-06-08T23:41:17.387+0000] {dagbag.py:538} INFO - Filling up the DagBag from /home/airflow/.local/lib/python3.7/site-packages/airflow/example_dags/example_external_task_marker_dag.py
[2024-06-08T23:41:17.397+0000] {processor.py:753} INFO - DAG(s) dict_keys(['example_external_task_marker_child', 'example_external_task_marker_parent']) retrieved from /home/airflow/.local/lib/python3.7/site-packages/airflow/example_dags/example_external_task_marker_dag.py
[2024-06-08T23:41:17.420+0000] {logging_mixin.py:137} INFO - [2024-06-08T23:41:17.420+0000] {dag.py:2690} INFO - Sync 2 DAGs
[2024-06-08T23:41:17.436+0000] {logging_mixin.py:137} INFO - [2024-06-08T23:41:17.436+0000] {dag.py:3441} INFO - Setting next_dagrun for example_external_task_marker_child to None, run_after=None
[2024-06-08T23:41:17.439+0000] {logging_mixin.py:137} INFO - [2024-06-08T23:41:17.439+0000] {dag.py:3441} INFO - Setting next_dagrun for example_external_task_marker_parent to None, run_after=None
[2024-06-08T23:41:17.451+0000] {processor.py:175} INFO - Processing /home/airflow/.local/lib/python3.7/site-packages/airflow/example_dags/example_external_task_marker_dag.py took 0.069 seconds
[2024-06-08T23:41:48.066+0000] {processor.py:153} INFO - Started process (PID=1065) to work on /home/airflow/.local/lib/python3.7/site-packages/airflow/example_dags/example_external_task_marker_dag.py
[2024-06-08T23:41:48.068+0000] {processor.py:743} INFO - Processing file /home/airflow/.local/lib/python3.7/site-packages/airflow/example_dags/example_external_task_marker_dag.py for tasks to queue
[2024-06-08T23:41:48.069+0000] {logging_mixin.py:137} INFO - [2024-06-08T23:41:48.069+0000] {dagbag.py:538} INFO - Filling up the DagBag from /home/airflow/.local/lib/python3.7/site-packages/airflow/example_dags/example_external_task_marker_dag.py
[2024-06-08T23:41:48.080+0000] {processor.py:753} INFO - DAG(s) dict_keys(['example_external_task_marker_child', 'example_external_task_marker_parent']) retrieved from /home/airflow/.local/lib/python3.7/site-packages/airflow/example_dags/example_external_task_marker_dag.py
[2024-06-08T23:41:48.103+0000] {logging_mixin.py:137} INFO - [2024-06-08T23:41:48.102+0000] {dag.py:2690} INFO - Sync 2 DAGs
[2024-06-08T23:41:48.119+0000] {logging_mixin.py:137} INFO - [2024-06-08T23:41:48.119+0000] {dag.py:3441} INFO - Setting next_dagrun for example_external_task_marker_child to None, run_after=None
[2024-06-08T23:41:48.122+0000] {logging_mixin.py:137} INFO - [2024-06-08T23:41:48.122+0000] {dag.py:3441} INFO - Setting next_dagrun for example_external_task_marker_parent to None, run_after=None
[2024-06-08T23:41:48.135+0000] {processor.py:175} INFO - Processing /home/airflow/.local/lib/python3.7/site-packages/airflow/example_dags/example_external_task_marker_dag.py took 0.072 seconds
[2024-06-08T23:42:18.649+0000] {processor.py:153} INFO - Started process (PID=1115) to work on /home/airflow/.local/lib/python3.7/site-packages/airflow/example_dags/example_external_task_marker_dag.py
[2024-06-08T23:42:18.650+0000] {processor.py:743} INFO - Processing file /home/airflow/.local/lib/python3.7/site-packages/airflow/example_dags/example_external_task_marker_dag.py for tasks to queue
[2024-06-08T23:42:18.651+0000] {logging_mixin.py:137} INFO - [2024-06-08T23:42:18.651+0000] {dagbag.py:538} INFO - Filling up the DagBag from /home/airflow/.local/lib/python3.7/site-packages/airflow/example_dags/example_external_task_marker_dag.py
[2024-06-08T23:42:18.661+0000] {processor.py:753} INFO - DAG(s) dict_keys(['example_external_task_marker_parent', 'example_external_task_marker_child']) retrieved from /home/airflow/.local/lib/python3.7/site-packages/airflow/example_dags/example_external_task_marker_dag.py
[2024-06-08T23:42:18.681+0000] {logging_mixin.py:137} INFO - [2024-06-08T23:42:18.681+0000] {dag.py:2690} INFO - Sync 2 DAGs
[2024-06-08T23:42:18.697+0000] {logging_mixin.py:137} INFO - [2024-06-08T23:42:18.697+0000] {dag.py:3441} INFO - Setting next_dagrun for example_external_task_marker_child to None, run_after=None
[2024-06-08T23:42:18.700+0000] {logging_mixin.py:137} INFO - [2024-06-08T23:42:18.700+0000] {dag.py:3441} INFO - Setting next_dagrun for example_external_task_marker_parent to None, run_after=None
[2024-06-08T23:42:18.710+0000] {processor.py:175} INFO - Processing /home/airflow/.local/lib/python3.7/site-packages/airflow/example_dags/example_external_task_marker_dag.py took 0.064 seconds
[2024-06-08T23:42:48.957+0000] {processor.py:153} INFO - Started process (PID=1165) to work on /home/airflow/.local/lib/python3.7/site-packages/airflow/example_dags/example_external_task_marker_dag.py
[2024-06-08T23:42:48.958+0000] {processor.py:743} INFO - Processing file /home/airflow/.local/lib/python3.7/site-packages/airflow/example_dags/example_external_task_marker_dag.py for tasks to queue
[2024-06-08T23:42:48.959+0000] {logging_mixin.py:137} INFO - [2024-06-08T23:42:48.959+0000] {dagbag.py:538} INFO - Filling up the DagBag from /home/airflow/.local/lib/python3.7/site-packages/airflow/example_dags/example_external_task_marker_dag.py
[2024-06-08T23:42:48.969+0000] {processor.py:753} INFO - DAG(s) dict_keys(['example_external_task_marker_child', 'example_external_task_marker_parent']) retrieved from /home/airflow/.local/lib/python3.7/site-packages/airflow/example_dags/example_external_task_marker_dag.py
[2024-06-08T23:42:48.990+0000] {logging_mixin.py:137} INFO - [2024-06-08T23:42:48.990+0000] {dag.py:2690} INFO - Sync 2 DAGs
[2024-06-08T23:42:49.006+0000] {logging_mixin.py:137} INFO - [2024-06-08T23:42:49.006+0000] {dag.py:3441} INFO - Setting next_dagrun for example_external_task_marker_child to None, run_after=None
[2024-06-08T23:42:49.009+0000] {logging_mixin.py:137} INFO - [2024-06-08T23:42:49.009+0000] {dag.py:3441} INFO - Setting next_dagrun for example_external_task_marker_parent to None, run_after=None
[2024-06-08T23:42:49.020+0000] {processor.py:175} INFO - Processing /home/airflow/.local/lib/python3.7/site-packages/airflow/example_dags/example_external_task_marker_dag.py took 0.066 seconds
[2024-06-08T23:43:19.737+0000] {processor.py:153} INFO - Started process (PID=1215) to work on /home/airflow/.local/lib/python3.7/site-packages/airflow/example_dags/example_external_task_marker_dag.py
[2024-06-08T23:43:19.739+0000] {processor.py:743} INFO - Processing file /home/airflow/.local/lib/python3.7/site-packages/airflow/example_dags/example_external_task_marker_dag.py for tasks to queue
[2024-06-08T23:43:19.740+0000] {logging_mixin.py:137} INFO - [2024-06-08T23:43:19.740+0000] {dagbag.py:538} INFO - Filling up the DagBag from /home/airflow/.local/lib/python3.7/site-packages/airflow/example_dags/example_external_task_marker_dag.py
[2024-06-08T23:43:19.751+0000] {processor.py:753} INFO - DAG(s) dict_keys(['example_external_task_marker_parent', 'example_external_task_marker_child']) retrieved from /home/airflow/.local/lib/python3.7/site-packages/airflow/example_dags/example_external_task_marker_dag.py
[2024-06-08T23:43:19.774+0000] {logging_mixin.py:137} INFO - [2024-06-08T23:43:19.774+0000] {dag.py:2690} INFO - Sync 2 DAGs
[2024-06-08T23:43:19.791+0000] {logging_mixin.py:137} INFO - [2024-06-08T23:43:19.791+0000] {dag.py:3441} INFO - Setting next_dagrun for example_external_task_marker_child to None, run_after=None
[2024-06-08T23:43:19.794+0000] {logging_mixin.py:137} INFO - [2024-06-08T23:43:19.794+0000] {dag.py:3441} INFO - Setting next_dagrun for example_external_task_marker_parent to None, run_after=None
[2024-06-08T23:43:19.806+0000] {processor.py:175} INFO - Processing /home/airflow/.local/lib/python3.7/site-packages/airflow/example_dags/example_external_task_marker_dag.py took 0.071 seconds
[2024-06-08T23:43:50.198+0000] {processor.py:153} INFO - Started process (PID=1265) to work on /home/airflow/.local/lib/python3.7/site-packages/airflow/example_dags/example_external_task_marker_dag.py
[2024-06-08T23:43:50.200+0000] {processor.py:743} INFO - Processing file /home/airflow/.local/lib/python3.7/site-packages/airflow/example_dags/example_external_task_marker_dag.py for tasks to queue
[2024-06-08T23:43:50.200+0000] {logging_mixin.py:137} INFO - [2024-06-08T23:43:50.200+0000] {dagbag.py:538} INFO - Filling up the DagBag from /home/airflow/.local/lib/python3.7/site-packages/airflow/example_dags/example_external_task_marker_dag.py
[2024-06-08T23:43:50.210+0000] {processor.py:753} INFO - DAG(s) dict_keys(['example_external_task_marker_child', 'example_external_task_marker_parent']) retrieved from /home/airflow/.local/lib/python3.7/site-packages/airflow/example_dags/example_external_task_marker_dag.py
[2024-06-08T23:43:50.232+0000] {logging_mixin.py:137} INFO - [2024-06-08T23:43:50.232+0000] {dag.py:2690} INFO - Sync 2 DAGs
[2024-06-08T23:43:50.248+0000] {logging_mixin.py:137} INFO - [2024-06-08T23:43:50.248+0000] {dag.py:3441} INFO - Setting next_dagrun for example_external_task_marker_child to None, run_after=None
[2024-06-08T23:43:50.251+0000] {logging_mixin.py:137} INFO - [2024-06-08T23:43:50.250+0000] {dag.py:3441} INFO - Setting next_dagrun for example_external_task_marker_parent to None, run_after=None
[2024-06-08T23:43:50.263+0000] {processor.py:175} INFO - Processing /home/airflow/.local/lib/python3.7/site-packages/airflow/example_dags/example_external_task_marker_dag.py took 0.068 seconds
[2024-06-08T23:44:20.539+0000] {processor.py:153} INFO - Started process (PID=1315) to work on /home/airflow/.local/lib/python3.7/site-packages/airflow/example_dags/example_external_task_marker_dag.py
[2024-06-08T23:44:20.541+0000] {processor.py:743} INFO - Processing file /home/airflow/.local/lib/python3.7/site-packages/airflow/example_dags/example_external_task_marker_dag.py for tasks to queue
[2024-06-08T23:44:20.541+0000] {logging_mixin.py:137} INFO - [2024-06-08T23:44:20.541+0000] {dagbag.py:538} INFO - Filling up the DagBag from /home/airflow/.local/lib/python3.7/site-packages/airflow/example_dags/example_external_task_marker_dag.py
[2024-06-08T23:44:20.551+0000] {processor.py:753} INFO - DAG(s) dict_keys(['example_external_task_marker_parent', 'example_external_task_marker_child']) retrieved from /home/airflow/.local/lib/python3.7/site-packages/airflow/example_dags/example_external_task_marker_dag.py
[2024-06-08T23:44:20.574+0000] {logging_mixin.py:137} INFO - [2024-06-08T23:44:20.574+0000] {dag.py:2690} INFO - Sync 2 DAGs
[2024-06-08T23:44:20.590+0000] {logging_mixin.py:137} INFO - [2024-06-08T23:44:20.590+0000] {dag.py:3441} INFO - Setting next_dagrun for example_external_task_marker_child to None, run_after=None
[2024-06-08T23:44:20.593+0000] {logging_mixin.py:137} INFO - [2024-06-08T23:44:20.593+0000] {dag.py:3441} INFO - Setting next_dagrun for example_external_task_marker_parent to None, run_after=None
[2024-06-08T23:44:20.604+0000] {processor.py:175} INFO - Processing /home/airflow/.local/lib/python3.7/site-packages/airflow/example_dags/example_external_task_marker_dag.py took 0.068 seconds
[2024-06-08T23:44:50.937+0000] {processor.py:153} INFO - Started process (PID=1366) to work on /home/airflow/.local/lib/python3.7/site-packages/airflow/example_dags/example_external_task_marker_dag.py
[2024-06-08T23:44:50.938+0000] {processor.py:743} INFO - Processing file /home/airflow/.local/lib/python3.7/site-packages/airflow/example_dags/example_external_task_marker_dag.py for tasks to queue
[2024-06-08T23:44:50.939+0000] {logging_mixin.py:137} INFO - [2024-06-08T23:44:50.939+0000] {dagbag.py:538} INFO - Filling up the DagBag from /home/airflow/.local/lib/python3.7/site-packages/airflow/example_dags/example_external_task_marker_dag.py
[2024-06-08T23:44:50.949+0000] {processor.py:753} INFO - DAG(s) dict_keys(['example_external_task_marker_parent', 'example_external_task_marker_child']) retrieved from /home/airflow/.local/lib/python3.7/site-packages/airflow/example_dags/example_external_task_marker_dag.py
[2024-06-08T23:44:50.972+0000] {logging_mixin.py:137} INFO - [2024-06-08T23:44:50.972+0000] {dag.py:2690} INFO - Sync 2 DAGs
[2024-06-08T23:44:50.988+0000] {logging_mixin.py:137} INFO - [2024-06-08T23:44:50.987+0000] {dag.py:3441} INFO - Setting next_dagrun for example_external_task_marker_child to None, run_after=None
[2024-06-08T23:44:50.990+0000] {logging_mixin.py:137} INFO - [2024-06-08T23:44:50.990+0000] {dag.py:3441} INFO - Setting next_dagrun for example_external_task_marker_parent to None, run_after=None
[2024-06-08T23:44:51.002+0000] {processor.py:175} INFO - Processing /home/airflow/.local/lib/python3.7/site-packages/airflow/example_dags/example_external_task_marker_dag.py took 0.069 seconds
[2024-06-08T23:45:21.247+0000] {processor.py:153} INFO - Started process (PID=1417) to work on /home/airflow/.local/lib/python3.7/site-packages/airflow/example_dags/example_external_task_marker_dag.py
[2024-06-08T23:45:21.248+0000] {processor.py:743} INFO - Processing file /home/airflow/.local/lib/python3.7/site-packages/airflow/example_dags/example_external_task_marker_dag.py for tasks to queue
[2024-06-08T23:45:21.249+0000] {logging_mixin.py:137} INFO - [2024-06-08T23:45:21.249+0000] {dagbag.py:538} INFO - Filling up the DagBag from /home/airflow/.local/lib/python3.7/site-packages/airflow/example_dags/example_external_task_marker_dag.py
[2024-06-08T23:45:21.260+0000] {processor.py:753} INFO - DAG(s) dict_keys(['example_external_task_marker_parent', 'example_external_task_marker_child']) retrieved from /home/airflow/.local/lib/python3.7/site-packages/airflow/example_dags/example_external_task_marker_dag.py
[2024-06-08T23:45:21.281+0000] {logging_mixin.py:137} INFO - [2024-06-08T23:45:21.281+0000] {dag.py:2690} INFO - Sync 2 DAGs
[2024-06-08T23:45:21.297+0000] {logging_mixin.py:137} INFO - [2024-06-08T23:45:21.297+0000] {dag.py:3441} INFO - Setting next_dagrun for example_external_task_marker_child to None, run_after=None
[2024-06-08T23:45:21.300+0000] {logging_mixin.py:137} INFO - [2024-06-08T23:45:21.300+0000] {dag.py:3441} INFO - Setting next_dagrun for example_external_task_marker_parent to None, run_after=None
[2024-06-08T23:45:21.311+0000] {processor.py:175} INFO - Processing /home/airflow/.local/lib/python3.7/site-packages/airflow/example_dags/example_external_task_marker_dag.py took 0.067 seconds
[2024-06-08T23:45:51.674+0000] {processor.py:153} INFO - Started process (PID=1467) to work on /home/airflow/.local/lib/python3.7/site-packages/airflow/example_dags/example_external_task_marker_dag.py
[2024-06-08T23:45:51.675+0000] {processor.py:743} INFO - Processing file /home/airflow/.local/lib/python3.7/site-packages/airflow/example_dags/example_external_task_marker_dag.py for tasks to queue
[2024-06-08T23:45:51.676+0000] {logging_mixin.py:137} INFO - [2024-06-08T23:45:51.676+0000] {dagbag.py:538} INFO - Filling up the DagBag from /home/airflow/.local/lib/python3.7/site-packages/airflow/example_dags/example_external_task_marker_dag.py
[2024-06-08T23:45:51.687+0000] {processor.py:753} INFO - DAG(s) dict_keys(['example_external_task_marker_child', 'example_external_task_marker_parent']) retrieved from /home/airflow/.local/lib/python3.7/site-packages/airflow/example_dags/example_external_task_marker_dag.py
[2024-06-08T23:45:51.710+0000] {logging_mixin.py:137} INFO - [2024-06-08T23:45:51.710+0000] {dag.py:2690} INFO - Sync 2 DAGs
[2024-06-08T23:45:51.741+0000] {logging_mixin.py:137} INFO - [2024-06-08T23:45:51.741+0000] {dag.py:3441} INFO - Setting next_dagrun for example_external_task_marker_child to None, run_after=None
[2024-06-08T23:45:51.744+0000] {logging_mixin.py:137} INFO - [2024-06-08T23:45:51.744+0000] {dag.py:3441} INFO - Setting next_dagrun for example_external_task_marker_parent to None, run_after=None
[2024-06-08T23:45:51.756+0000] {processor.py:175} INFO - Processing /home/airflow/.local/lib/python3.7/site-packages/airflow/example_dags/example_external_task_marker_dag.py took 0.085 seconds
[2024-06-08T23:46:22.056+0000] {processor.py:153} INFO - Started process (PID=1518) to work on /home/airflow/.local/lib/python3.7/site-packages/airflow/example_dags/example_external_task_marker_dag.py
[2024-06-08T23:46:22.058+0000] {processor.py:743} INFO - Processing file /home/airflow/.local/lib/python3.7/site-packages/airflow/example_dags/example_external_task_marker_dag.py for tasks to queue
[2024-06-08T23:46:22.058+0000] {logging_mixin.py:137} INFO - [2024-06-08T23:46:22.058+0000] {dagbag.py:538} INFO - Filling up the DagBag from /home/airflow/.local/lib/python3.7/site-packages/airflow/example_dags/example_external_task_marker_dag.py
[2024-06-08T23:46:22.068+0000] {processor.py:753} INFO - DAG(s) dict_keys(['example_external_task_marker_parent', 'example_external_task_marker_child']) retrieved from /home/airflow/.local/lib/python3.7/site-packages/airflow/example_dags/example_external_task_marker_dag.py
[2024-06-08T23:46:22.089+0000] {logging_mixin.py:137} INFO - [2024-06-08T23:46:22.089+0000] {dag.py:2690} INFO - Sync 2 DAGs
[2024-06-08T23:46:22.105+0000] {logging_mixin.py:137} INFO - [2024-06-08T23:46:22.105+0000] {dag.py:3441} INFO - Setting next_dagrun for example_external_task_marker_child to None, run_after=None
[2024-06-08T23:46:22.107+0000] {logging_mixin.py:137} INFO - [2024-06-08T23:46:22.107+0000] {dag.py:3441} INFO - Setting next_dagrun for example_external_task_marker_parent to None, run_after=None
[2024-06-08T23:46:22.119+0000] {processor.py:175} INFO - Processing /home/airflow/.local/lib/python3.7/site-packages/airflow/example_dags/example_external_task_marker_dag.py took 0.065 seconds
[2024-06-08T23:46:52.478+0000] {processor.py:153} INFO - Started process (PID=1568) to work on /home/airflow/.local/lib/python3.7/site-packages/airflow/example_dags/example_external_task_marker_dag.py
[2024-06-08T23:46:52.480+0000] {processor.py:743} INFO - Processing file /home/airflow/.local/lib/python3.7/site-packages/airflow/example_dags/example_external_task_marker_dag.py for tasks to queue
[2024-06-08T23:46:52.481+0000] {logging_mixin.py:137} INFO - [2024-06-08T23:46:52.481+0000] {dagbag.py:538} INFO - Filling up the DagBag from /home/airflow/.local/lib/python3.7/site-packages/airflow/example_dags/example_external_task_marker_dag.py
[2024-06-08T23:46:52.491+0000] {processor.py:753} INFO - DAG(s) dict_keys(['example_external_task_marker_parent', 'example_external_task_marker_child']) retrieved from /home/airflow/.local/lib/python3.7/site-packages/airflow/example_dags/example_external_task_marker_dag.py
[2024-06-08T23:46:52.513+0000] {logging_mixin.py:137} INFO - [2024-06-08T23:46:52.513+0000] {dag.py:2690} INFO - Sync 2 DAGs
[2024-06-08T23:46:52.528+0000] {logging_mixin.py:137} INFO - [2024-06-08T23:46:52.528+0000] {dag.py:3441} INFO - Setting next_dagrun for example_external_task_marker_child to None, run_after=None
[2024-06-08T23:46:52.530+0000] {logging_mixin.py:137} INFO - [2024-06-08T23:46:52.530+0000] {dag.py:3441} INFO - Setting next_dagrun for example_external_task_marker_parent to None, run_after=None
[2024-06-08T23:46:52.541+0000] {processor.py:175} INFO - Processing /home/airflow/.local/lib/python3.7/site-packages/airflow/example_dags/example_external_task_marker_dag.py took 0.066 seconds
[2024-06-08T23:47:22.981+0000] {processor.py:153} INFO - Started process (PID=1618) to work on /home/airflow/.local/lib/python3.7/site-packages/airflow/example_dags/example_external_task_marker_dag.py
[2024-06-08T23:47:22.982+0000] {processor.py:743} INFO - Processing file /home/airflow/.local/lib/python3.7/site-packages/airflow/example_dags/example_external_task_marker_dag.py for tasks to queue
[2024-06-08T23:47:22.983+0000] {logging_mixin.py:137} INFO - [2024-06-08T23:47:22.983+0000] {dagbag.py:538} INFO - Filling up the DagBag from /home/airflow/.local/lib/python3.7/site-packages/airflow/example_dags/example_external_task_marker_dag.py
[2024-06-08T23:47:22.994+0000] {processor.py:753} INFO - DAG(s) dict_keys(['example_external_task_marker_parent', 'example_external_task_marker_child']) retrieved from /home/airflow/.local/lib/python3.7/site-packages/airflow/example_dags/example_external_task_marker_dag.py
[2024-06-08T23:47:23.016+0000] {logging_mixin.py:137} INFO - [2024-06-08T23:47:23.016+0000] {dag.py:2690} INFO - Sync 2 DAGs
[2024-06-08T23:47:23.032+0000] {logging_mixin.py:137} INFO - [2024-06-08T23:47:23.032+0000] {dag.py:3441} INFO - Setting next_dagrun for example_external_task_marker_child to None, run_after=None
[2024-06-08T23:47:23.035+0000] {logging_mixin.py:137} INFO - [2024-06-08T23:47:23.035+0000] {dag.py:3441} INFO - Setting next_dagrun for example_external_task_marker_parent to None, run_after=None
[2024-06-08T23:47:23.047+0000] {processor.py:175} INFO - Processing /home/airflow/.local/lib/python3.7/site-packages/airflow/example_dags/example_external_task_marker_dag.py took 0.068 seconds
[2024-06-08T23:47:53.659+0000] {processor.py:153} INFO - Started process (PID=1668) to work on /home/airflow/.local/lib/python3.7/site-packages/airflow/example_dags/example_external_task_marker_dag.py
[2024-06-08T23:47:53.660+0000] {processor.py:743} INFO - Processing file /home/airflow/.local/lib/python3.7/site-packages/airflow/example_dags/example_external_task_marker_dag.py for tasks to queue
[2024-06-08T23:47:53.661+0000] {logging_mixin.py:137} INFO - [2024-06-08T23:47:53.661+0000] {dagbag.py:538} INFO - Filling up the DagBag from /home/airflow/.local/lib/python3.7/site-packages/airflow/example_dags/example_external_task_marker_dag.py
[2024-06-08T23:47:53.672+0000] {processor.py:753} INFO - DAG(s) dict_keys(['example_external_task_marker_child', 'example_external_task_marker_parent']) retrieved from /home/airflow/.local/lib/python3.7/site-packages/airflow/example_dags/example_external_task_marker_dag.py
[2024-06-08T23:47:53.696+0000] {logging_mixin.py:137} INFO - [2024-06-08T23:47:53.695+0000] {dag.py:2690} INFO - Sync 2 DAGs
[2024-06-08T23:47:53.714+0000] {logging_mixin.py:137} INFO - [2024-06-08T23:47:53.714+0000] {dag.py:3441} INFO - Setting next_dagrun for example_external_task_marker_child to None, run_after=None
[2024-06-08T23:47:53.717+0000] {logging_mixin.py:137} INFO - [2024-06-08T23:47:53.717+0000] {dag.py:3441} INFO - Setting next_dagrun for example_external_task_marker_parent to None, run_after=None
[2024-06-08T23:47:53.731+0000] {processor.py:175} INFO - Processing /home/airflow/.local/lib/python3.7/site-packages/airflow/example_dags/example_external_task_marker_dag.py took 0.075 seconds
[2024-06-08T23:48:24.208+0000] {processor.py:153} INFO - Started process (PID=1718) to work on /home/airflow/.local/lib/python3.7/site-packages/airflow/example_dags/example_external_task_marker_dag.py
[2024-06-08T23:48:24.210+0000] {processor.py:743} INFO - Processing file /home/airflow/.local/lib/python3.7/site-packages/airflow/example_dags/example_external_task_marker_dag.py for tasks to queue
[2024-06-08T23:48:24.210+0000] {logging_mixin.py:137} INFO - [2024-06-08T23:48:24.210+0000] {dagbag.py:538} INFO - Filling up the DagBag from /home/airflow/.local/lib/python3.7/site-packages/airflow/example_dags/example_external_task_marker_dag.py
[2024-06-08T23:48:24.220+0000] {processor.py:753} INFO - DAG(s) dict_keys(['example_external_task_marker_child', 'example_external_task_marker_parent']) retrieved from /home/airflow/.local/lib/python3.7/site-packages/airflow/example_dags/example_external_task_marker_dag.py
[2024-06-08T23:48:24.242+0000] {logging_mixin.py:137} INFO - [2024-06-08T23:48:24.242+0000] {dag.py:2690} INFO - Sync 2 DAGs
[2024-06-08T23:48:24.258+0000] {logging_mixin.py:137} INFO - [2024-06-08T23:48:24.257+0000] {dag.py:3441} INFO - Setting next_dagrun for example_external_task_marker_child to None, run_after=None
[2024-06-08T23:48:24.260+0000] {logging_mixin.py:137} INFO - [2024-06-08T23:48:24.260+0000] {dag.py:3441} INFO - Setting next_dagrun for example_external_task_marker_parent to None, run_after=None
[2024-06-08T23:48:24.270+0000] {processor.py:175} INFO - Processing /home/airflow/.local/lib/python3.7/site-packages/airflow/example_dags/example_external_task_marker_dag.py took 0.064 seconds
[2024-06-08T23:48:54.678+0000] {processor.py:153} INFO - Started process (PID=1768) to work on /home/airflow/.local/lib/python3.7/site-packages/airflow/example_dags/example_external_task_marker_dag.py
[2024-06-08T23:48:54.679+0000] {processor.py:743} INFO - Processing file /home/airflow/.local/lib/python3.7/site-packages/airflow/example_dags/example_external_task_marker_dag.py for tasks to queue
[2024-06-08T23:48:54.680+0000] {logging_mixin.py:137} INFO - [2024-06-08T23:48:54.680+0000] {dagbag.py:538} INFO - Filling up the DagBag from /home/airflow/.local/lib/python3.7/site-packages/airflow/example_dags/example_external_task_marker_dag.py
[2024-06-08T23:48:54.692+0000] {processor.py:753} INFO - DAG(s) dict_keys(['example_external_task_marker_parent', 'example_external_task_marker_child']) retrieved from /home/airflow/.local/lib/python3.7/site-packages/airflow/example_dags/example_external_task_marker_dag.py
[2024-06-08T23:48:54.716+0000] {logging_mixin.py:137} INFO - [2024-06-08T23:48:54.715+0000] {dag.py:2690} INFO - Sync 2 DAGs
[2024-06-08T23:48:54.734+0000] {logging_mixin.py:137} INFO - [2024-06-08T23:48:54.734+0000] {dag.py:3441} INFO - Setting next_dagrun for example_external_task_marker_child to None, run_after=None
[2024-06-08T23:48:54.737+0000] {logging_mixin.py:137} INFO - [2024-06-08T23:48:54.737+0000] {dag.py:3441} INFO - Setting next_dagrun for example_external_task_marker_parent to None, run_after=None
[2024-06-08T23:48:54.749+0000] {processor.py:175} INFO - Processing /home/airflow/.local/lib/python3.7/site-packages/airflow/example_dags/example_external_task_marker_dag.py took 0.076 seconds
[2024-06-08T23:49:25.017+0000] {processor.py:153} INFO - Started process (PID=1818) to work on /home/airflow/.local/lib/python3.7/site-packages/airflow/example_dags/example_external_task_marker_dag.py
[2024-06-08T23:49:25.019+0000] {processor.py:743} INFO - Processing file /home/airflow/.local/lib/python3.7/site-packages/airflow/example_dags/example_external_task_marker_dag.py for tasks to queue
[2024-06-08T23:49:25.020+0000] {logging_mixin.py:137} INFO - [2024-06-08T23:49:25.020+0000] {dagbag.py:538} INFO - Filling up the DagBag from /home/airflow/.local/lib/python3.7/site-packages/airflow/example_dags/example_external_task_marker_dag.py
[2024-06-08T23:49:25.032+0000] {processor.py:753} INFO - DAG(s) dict_keys(['example_external_task_marker_child', 'example_external_task_marker_parent']) retrieved from /home/airflow/.local/lib/python3.7/site-packages/airflow/example_dags/example_external_task_marker_dag.py
[2024-06-08T23:49:25.059+0000] {logging_mixin.py:137} INFO - [2024-06-08T23:49:25.059+0000] {dag.py:2690} INFO - Sync 2 DAGs
[2024-06-08T23:49:25.083+0000] {logging_mixin.py:137} INFO - [2024-06-08T23:49:25.083+0000] {dag.py:3441} INFO - Setting next_dagrun for example_external_task_marker_child to None, run_after=None
[2024-06-08T23:49:25.087+0000] {logging_mixin.py:137} INFO - [2024-06-08T23:49:25.087+0000] {dag.py:3441} INFO - Setting next_dagrun for example_external_task_marker_parent to None, run_after=None
[2024-06-08T23:49:25.102+0000] {processor.py:175} INFO - Processing /home/airflow/.local/lib/python3.7/site-packages/airflow/example_dags/example_external_task_marker_dag.py took 0.088 seconds
[2024-06-08T23:49:55.575+0000] {processor.py:153} INFO - Started process (PID=1868) to work on /home/airflow/.local/lib/python3.7/site-packages/airflow/example_dags/example_external_task_marker_dag.py
[2024-06-08T23:49:55.577+0000] {processor.py:743} INFO - Processing file /home/airflow/.local/lib/python3.7/site-packages/airflow/example_dags/example_external_task_marker_dag.py for tasks to queue
[2024-06-08T23:49:55.578+0000] {logging_mixin.py:137} INFO - [2024-06-08T23:49:55.578+0000] {dagbag.py:538} INFO - Filling up the DagBag from /home/airflow/.local/lib/python3.7/site-packages/airflow/example_dags/example_external_task_marker_dag.py
[2024-06-08T23:49:55.591+0000] {processor.py:753} INFO - DAG(s) dict_keys(['example_external_task_marker_child', 'example_external_task_marker_parent']) retrieved from /home/airflow/.local/lib/python3.7/site-packages/airflow/example_dags/example_external_task_marker_dag.py
[2024-06-08T23:49:55.615+0000] {logging_mixin.py:137} INFO - [2024-06-08T23:49:55.615+0000] {dag.py:2690} INFO - Sync 2 DAGs
[2024-06-08T23:49:55.633+0000] {logging_mixin.py:137} INFO - [2024-06-08T23:49:55.633+0000] {dag.py:3441} INFO - Setting next_dagrun for example_external_task_marker_child to None, run_after=None
[2024-06-08T23:49:55.636+0000] {logging_mixin.py:137} INFO - [2024-06-08T23:49:55.636+0000] {dag.py:3441} INFO - Setting next_dagrun for example_external_task_marker_parent to None, run_after=None
[2024-06-08T23:49:55.649+0000] {processor.py:175} INFO - Processing /home/airflow/.local/lib/python3.7/site-packages/airflow/example_dags/example_external_task_marker_dag.py took 0.076 seconds
[2024-06-08T23:50:26.135+0000] {processor.py:153} INFO - Started process (PID=1918) to work on /home/airflow/.local/lib/python3.7/site-packages/airflow/example_dags/example_external_task_marker_dag.py
[2024-06-08T23:50:26.136+0000] {processor.py:743} INFO - Processing file /home/airflow/.local/lib/python3.7/site-packages/airflow/example_dags/example_external_task_marker_dag.py for tasks to queue
[2024-06-08T23:50:26.137+0000] {logging_mixin.py:137} INFO - [2024-06-08T23:50:26.137+0000] {dagbag.py:538} INFO - Filling up the DagBag from /home/airflow/.local/lib/python3.7/site-packages/airflow/example_dags/example_external_task_marker_dag.py
[2024-06-08T23:50:26.151+0000] {processor.py:753} INFO - DAG(s) dict_keys(['example_external_task_marker_parent', 'example_external_task_marker_child']) retrieved from /home/airflow/.local/lib/python3.7/site-packages/airflow/example_dags/example_external_task_marker_dag.py
[2024-06-08T23:50:26.178+0000] {logging_mixin.py:137} INFO - [2024-06-08T23:50:26.178+0000] {dag.py:2690} INFO - Sync 2 DAGs
[2024-06-08T23:50:26.196+0000] {logging_mixin.py:137} INFO - [2024-06-08T23:50:26.196+0000] {dag.py:3441} INFO - Setting next_dagrun for example_external_task_marker_child to None, run_after=None
[2024-06-08T23:50:26.200+0000] {logging_mixin.py:137} INFO - [2024-06-08T23:50:26.200+0000] {dag.py:3441} INFO - Setting next_dagrun for example_external_task_marker_parent to None, run_after=None
[2024-06-08T23:50:26.214+0000] {processor.py:175} INFO - Processing /home/airflow/.local/lib/python3.7/site-packages/airflow/example_dags/example_external_task_marker_dag.py took 0.082 seconds
[2024-06-08T23:50:56.794+0000] {processor.py:153} INFO - Started process (PID=1968) to work on /home/airflow/.local/lib/python3.7/site-packages/airflow/example_dags/example_external_task_marker_dag.py
[2024-06-08T23:50:56.796+0000] {processor.py:743} INFO - Processing file /home/airflow/.local/lib/python3.7/site-packages/airflow/example_dags/example_external_task_marker_dag.py for tasks to queue
[2024-06-08T23:50:56.797+0000] {logging_mixin.py:137} INFO - [2024-06-08T23:50:56.797+0000] {dagbag.py:538} INFO - Filling up the DagBag from /home/airflow/.local/lib/python3.7/site-packages/airflow/example_dags/example_external_task_marker_dag.py
[2024-06-08T23:50:56.811+0000] {processor.py:753} INFO - DAG(s) dict_keys(['example_external_task_marker_parent', 'example_external_task_marker_child']) retrieved from /home/airflow/.local/lib/python3.7/site-packages/airflow/example_dags/example_external_task_marker_dag.py
[2024-06-08T23:50:56.838+0000] {logging_mixin.py:137} INFO - [2024-06-08T23:50:56.838+0000] {dag.py:2690} INFO - Sync 2 DAGs
[2024-06-08T23:50:56.856+0000] {logging_mixin.py:137} INFO - [2024-06-08T23:50:56.856+0000] {dag.py:3441} INFO - Setting next_dagrun for example_external_task_marker_child to None, run_after=None
[2024-06-08T23:50:56.859+0000] {logging_mixin.py:137} INFO - [2024-06-08T23:50:56.859+0000] {dag.py:3441} INFO - Setting next_dagrun for example_external_task_marker_parent to None, run_after=None
[2024-06-08T23:50:56.874+0000] {processor.py:175} INFO - Processing /home/airflow/.local/lib/python3.7/site-packages/airflow/example_dags/example_external_task_marker_dag.py took 0.083 seconds
[2024-06-08T23:51:27.407+0000] {processor.py:153} INFO - Started process (PID=2018) to work on /home/airflow/.local/lib/python3.7/site-packages/airflow/example_dags/example_external_task_marker_dag.py
[2024-06-08T23:51:27.409+0000] {processor.py:743} INFO - Processing file /home/airflow/.local/lib/python3.7/site-packages/airflow/example_dags/example_external_task_marker_dag.py for tasks to queue
[2024-06-08T23:51:27.409+0000] {logging_mixin.py:137} INFO - [2024-06-08T23:51:27.409+0000] {dagbag.py:538} INFO - Filling up the DagBag from /home/airflow/.local/lib/python3.7/site-packages/airflow/example_dags/example_external_task_marker_dag.py
[2024-06-08T23:51:27.420+0000] {processor.py:753} INFO - DAG(s) dict_keys(['example_external_task_marker_parent', 'example_external_task_marker_child']) retrieved from /home/airflow/.local/lib/python3.7/site-packages/airflow/example_dags/example_external_task_marker_dag.py
[2024-06-08T23:51:27.443+0000] {logging_mixin.py:137} INFO - [2024-06-08T23:51:27.443+0000] {dag.py:2690} INFO - Sync 2 DAGs
[2024-06-08T23:51:27.461+0000] {logging_mixin.py:137} INFO - [2024-06-08T23:51:27.460+0000] {dag.py:3441} INFO - Setting next_dagrun for example_external_task_marker_child to None, run_after=None
[2024-06-08T23:51:27.463+0000] {logging_mixin.py:137} INFO - [2024-06-08T23:51:27.463+0000] {dag.py:3441} INFO - Setting next_dagrun for example_external_task_marker_parent to None, run_after=None
[2024-06-08T23:51:27.477+0000] {processor.py:175} INFO - Processing /home/airflow/.local/lib/python3.7/site-packages/airflow/example_dags/example_external_task_marker_dag.py took 0.072 seconds
[2024-06-08T23:51:58.298+0000] {processor.py:153} INFO - Started process (PID=2068) to work on /home/airflow/.local/lib/python3.7/site-packages/airflow/example_dags/example_external_task_marker_dag.py
[2024-06-08T23:51:58.300+0000] {processor.py:743} INFO - Processing file /home/airflow/.local/lib/python3.7/site-packages/airflow/example_dags/example_external_task_marker_dag.py for tasks to queue
[2024-06-08T23:51:58.301+0000] {logging_mixin.py:137} INFO - [2024-06-08T23:51:58.301+0000] {dagbag.py:538} INFO - Filling up the DagBag from /home/airflow/.local/lib/python3.7/site-packages/airflow/example_dags/example_external_task_marker_dag.py
[2024-06-08T23:51:58.313+0000] {processor.py:753} INFO - DAG(s) dict_keys(['example_external_task_marker_child', 'example_external_task_marker_parent']) retrieved from /home/airflow/.local/lib/python3.7/site-packages/airflow/example_dags/example_external_task_marker_dag.py
[2024-06-08T23:51:58.336+0000] {logging_mixin.py:137} INFO - [2024-06-08T23:51:58.336+0000] {dag.py:2690} INFO - Sync 2 DAGs
[2024-06-08T23:51:58.354+0000] {logging_mixin.py:137} INFO - [2024-06-08T23:51:58.354+0000] {dag.py:3441} INFO - Setting next_dagrun for example_external_task_marker_child to None, run_after=None
[2024-06-08T23:51:58.357+0000] {logging_mixin.py:137} INFO - [2024-06-08T23:51:58.357+0000] {dag.py:3441} INFO - Setting next_dagrun for example_external_task_marker_parent to None, run_after=None
[2024-06-08T23:51:58.370+0000] {processor.py:175} INFO - Processing /home/airflow/.local/lib/python3.7/site-packages/airflow/example_dags/example_external_task_marker_dag.py took 0.075 seconds
[2024-06-08T23:52:29.197+0000] {processor.py:153} INFO - Started process (PID=2118) to work on /home/airflow/.local/lib/python3.7/site-packages/airflow/example_dags/example_external_task_marker_dag.py
[2024-06-08T23:52:29.198+0000] {processor.py:743} INFO - Processing file /home/airflow/.local/lib/python3.7/site-packages/airflow/example_dags/example_external_task_marker_dag.py for tasks to queue
[2024-06-08T23:52:29.200+0000] {logging_mixin.py:137} INFO - [2024-06-08T23:52:29.200+0000] {dagbag.py:538} INFO - Filling up the DagBag from /home/airflow/.local/lib/python3.7/site-packages/airflow/example_dags/example_external_task_marker_dag.py
[2024-06-08T23:52:29.211+0000] {processor.py:753} INFO - DAG(s) dict_keys(['example_external_task_marker_child', 'example_external_task_marker_parent']) retrieved from /home/airflow/.local/lib/python3.7/site-packages/airflow/example_dags/example_external_task_marker_dag.py
[2024-06-08T23:52:29.235+0000] {logging_mixin.py:137} INFO - [2024-06-08T23:52:29.235+0000] {dag.py:2690} INFO - Sync 2 DAGs
[2024-06-08T23:52:29.253+0000] {logging_mixin.py:137} INFO - [2024-06-08T23:52:29.253+0000] {dag.py:3441} INFO - Setting next_dagrun for example_external_task_marker_child to None, run_after=None
[2024-06-08T23:52:29.256+0000] {logging_mixin.py:137} INFO - [2024-06-08T23:52:29.256+0000] {dag.py:3441} INFO - Setting next_dagrun for example_external_task_marker_parent to None, run_after=None
[2024-06-08T23:52:29.268+0000] {processor.py:175} INFO - Processing /home/airflow/.local/lib/python3.7/site-packages/airflow/example_dags/example_external_task_marker_dag.py took 0.075 seconds
[2024-06-08T23:53:00.134+0000] {processor.py:153} INFO - Started process (PID=2168) to work on /home/airflow/.local/lib/python3.7/site-packages/airflow/example_dags/example_external_task_marker_dag.py
[2024-06-08T23:53:00.136+0000] {processor.py:743} INFO - Processing file /home/airflow/.local/lib/python3.7/site-packages/airflow/example_dags/example_external_task_marker_dag.py for tasks to queue
[2024-06-08T23:53:00.137+0000] {logging_mixin.py:137} INFO - [2024-06-08T23:53:00.137+0000] {dagbag.py:538} INFO - Filling up the DagBag from /home/airflow/.local/lib/python3.7/site-packages/airflow/example_dags/example_external_task_marker_dag.py
[2024-06-08T23:53:00.150+0000] {processor.py:753} INFO - DAG(s) dict_keys(['example_external_task_marker_parent', 'example_external_task_marker_child']) retrieved from /home/airflow/.local/lib/python3.7/site-packages/airflow/example_dags/example_external_task_marker_dag.py
[2024-06-08T23:53:00.176+0000] {logging_mixin.py:137} INFO - [2024-06-08T23:53:00.176+0000] {dag.py:2690} INFO - Sync 2 DAGs
[2024-06-08T23:53:00.196+0000] {logging_mixin.py:137} INFO - [2024-06-08T23:53:00.195+0000] {dag.py:3441} INFO - Setting next_dagrun for example_external_task_marker_child to None, run_after=None
[2024-06-08T23:53:00.200+0000] {logging_mixin.py:137} INFO - [2024-06-08T23:53:00.200+0000] {dag.py:3441} INFO - Setting next_dagrun for example_external_task_marker_parent to None, run_after=None
[2024-06-08T23:53:00.212+0000] {processor.py:175} INFO - Processing /home/airflow/.local/lib/python3.7/site-packages/airflow/example_dags/example_external_task_marker_dag.py took 0.080 seconds
[2024-06-08T23:53:30.775+0000] {processor.py:153} INFO - Started process (PID=2217) to work on /home/airflow/.local/lib/python3.7/site-packages/airflow/example_dags/example_external_task_marker_dag.py
[2024-06-08T23:53:30.776+0000] {processor.py:743} INFO - Processing file /home/airflow/.local/lib/python3.7/site-packages/airflow/example_dags/example_external_task_marker_dag.py for tasks to queue
[2024-06-08T23:53:30.777+0000] {logging_mixin.py:137} INFO - [2024-06-08T23:53:30.777+0000] {dagbag.py:538} INFO - Filling up the DagBag from /home/airflow/.local/lib/python3.7/site-packages/airflow/example_dags/example_external_task_marker_dag.py
[2024-06-08T23:53:30.789+0000] {processor.py:753} INFO - DAG(s) dict_keys(['example_external_task_marker_child', 'example_external_task_marker_parent']) retrieved from /home/airflow/.local/lib/python3.7/site-packages/airflow/example_dags/example_external_task_marker_dag.py
[2024-06-08T23:53:30.814+0000] {logging_mixin.py:137} INFO - [2024-06-08T23:53:30.814+0000] {dag.py:2690} INFO - Sync 2 DAGs
[2024-06-08T23:53:30.832+0000] {logging_mixin.py:137} INFO - [2024-06-08T23:53:30.832+0000] {dag.py:3441} INFO - Setting next_dagrun for example_external_task_marker_child to None, run_after=None
[2024-06-08T23:53:30.835+0000] {logging_mixin.py:137} INFO - [2024-06-08T23:53:30.835+0000] {dag.py:3441} INFO - Setting next_dagrun for example_external_task_marker_parent to None, run_after=None
[2024-06-08T23:53:30.847+0000] {processor.py:175} INFO - Processing /home/airflow/.local/lib/python3.7/site-packages/airflow/example_dags/example_external_task_marker_dag.py took 0.076 seconds
[2024-06-08T23:54:01.337+0000] {processor.py:153} INFO - Started process (PID=2267) to work on /home/airflow/.local/lib/python3.7/site-packages/airflow/example_dags/example_external_task_marker_dag.py
[2024-06-08T23:54:01.340+0000] {processor.py:743} INFO - Processing file /home/airflow/.local/lib/python3.7/site-packages/airflow/example_dags/example_external_task_marker_dag.py for tasks to queue
[2024-06-08T23:54:01.340+0000] {logging_mixin.py:137} INFO - [2024-06-08T23:54:01.340+0000] {dagbag.py:538} INFO - Filling up the DagBag from /home/airflow/.local/lib/python3.7/site-packages/airflow/example_dags/example_external_task_marker_dag.py
[2024-06-08T23:54:01.352+0000] {processor.py:753} INFO - DAG(s) dict_keys(['example_external_task_marker_parent', 'example_external_task_marker_child']) retrieved from /home/airflow/.local/lib/python3.7/site-packages/airflow/example_dags/example_external_task_marker_dag.py
[2024-06-08T23:54:01.381+0000] {logging_mixin.py:137} INFO - [2024-06-08T23:54:01.381+0000] {dag.py:2690} INFO - Sync 2 DAGs
[2024-06-08T23:54:01.401+0000] {logging_mixin.py:137} INFO - [2024-06-08T23:54:01.401+0000] {dag.py:3441} INFO - Setting next_dagrun for example_external_task_marker_child to None, run_after=None
[2024-06-08T23:54:01.404+0000] {logging_mixin.py:137} INFO - [2024-06-08T23:54:01.404+0000] {dag.py:3441} INFO - Setting next_dagrun for example_external_task_marker_parent to None, run_after=None
[2024-06-08T23:54:01.419+0000] {processor.py:175} INFO - Processing /home/airflow/.local/lib/python3.7/site-packages/airflow/example_dags/example_external_task_marker_dag.py took 0.086 seconds
[2024-06-08T23:54:31.883+0000] {processor.py:153} INFO - Started process (PID=2317) to work on /home/airflow/.local/lib/python3.7/site-packages/airflow/example_dags/example_external_task_marker_dag.py
[2024-06-08T23:54:31.884+0000] {processor.py:743} INFO - Processing file /home/airflow/.local/lib/python3.7/site-packages/airflow/example_dags/example_external_task_marker_dag.py for tasks to queue
[2024-06-08T23:54:31.886+0000] {logging_mixin.py:137} INFO - [2024-06-08T23:54:31.886+0000] {dagbag.py:538} INFO - Filling up the DagBag from /home/airflow/.local/lib/python3.7/site-packages/airflow/example_dags/example_external_task_marker_dag.py
[2024-06-08T23:54:31.898+0000] {processor.py:753} INFO - DAG(s) dict_keys(['example_external_task_marker_child', 'example_external_task_marker_parent']) retrieved from /home/airflow/.local/lib/python3.7/site-packages/airflow/example_dags/example_external_task_marker_dag.py
[2024-06-08T23:54:31.921+0000] {logging_mixin.py:137} INFO - [2024-06-08T23:54:31.921+0000] {dag.py:2690} INFO - Sync 2 DAGs
[2024-06-08T23:54:31.939+0000] {logging_mixin.py:137} INFO - [2024-06-08T23:54:31.939+0000] {dag.py:3441} INFO - Setting next_dagrun for example_external_task_marker_child to None, run_after=None
[2024-06-08T23:54:31.942+0000] {logging_mixin.py:137} INFO - [2024-06-08T23:54:31.941+0000] {dag.py:3441} INFO - Setting next_dagrun for example_external_task_marker_parent to None, run_after=None
[2024-06-08T23:54:31.955+0000] {processor.py:175} INFO - Processing /home/airflow/.local/lib/python3.7/site-packages/airflow/example_dags/example_external_task_marker_dag.py took 0.075 seconds
[2024-06-08T23:55:02.336+0000] {processor.py:153} INFO - Started process (PID=2373) to work on /home/airflow/.local/lib/python3.7/site-packages/airflow/example_dags/example_external_task_marker_dag.py
[2024-06-08T23:55:02.338+0000] {processor.py:743} INFO - Processing file /home/airflow/.local/lib/python3.7/site-packages/airflow/example_dags/example_external_task_marker_dag.py for tasks to queue
[2024-06-08T23:55:02.339+0000] {logging_mixin.py:137} INFO - [2024-06-08T23:55:02.338+0000] {dagbag.py:538} INFO - Filling up the DagBag from /home/airflow/.local/lib/python3.7/site-packages/airflow/example_dags/example_external_task_marker_dag.py
[2024-06-08T23:55:02.349+0000] {processor.py:753} INFO - DAG(s) dict_keys(['example_external_task_marker_child', 'example_external_task_marker_parent']) retrieved from /home/airflow/.local/lib/python3.7/site-packages/airflow/example_dags/example_external_task_marker_dag.py
[2024-06-08T23:55:02.372+0000] {logging_mixin.py:137} INFO - [2024-06-08T23:55:02.372+0000] {dag.py:2690} INFO - Sync 2 DAGs
[2024-06-08T23:55:02.390+0000] {logging_mixin.py:137} INFO - [2024-06-08T23:55:02.390+0000] {dag.py:3441} INFO - Setting next_dagrun for example_external_task_marker_child to None, run_after=None
[2024-06-08T23:55:02.392+0000] {logging_mixin.py:137} INFO - [2024-06-08T23:55:02.392+0000] {dag.py:3441} INFO - Setting next_dagrun for example_external_task_marker_parent to None, run_after=None
[2024-06-08T23:55:02.404+0000] {processor.py:175} INFO - Processing /home/airflow/.local/lib/python3.7/site-packages/airflow/example_dags/example_external_task_marker_dag.py took 0.070 seconds
[2024-06-08T23:55:32.658+0000] {processor.py:153} INFO - Started process (PID=2423) to work on /home/airflow/.local/lib/python3.7/site-packages/airflow/example_dags/example_external_task_marker_dag.py
[2024-06-08T23:55:32.659+0000] {processor.py:743} INFO - Processing file /home/airflow/.local/lib/python3.7/site-packages/airflow/example_dags/example_external_task_marker_dag.py for tasks to queue
[2024-06-08T23:55:32.660+0000] {logging_mixin.py:137} INFO - [2024-06-08T23:55:32.660+0000] {dagbag.py:538} INFO - Filling up the DagBag from /home/airflow/.local/lib/python3.7/site-packages/airflow/example_dags/example_external_task_marker_dag.py
[2024-06-08T23:55:32.671+0000] {processor.py:753} INFO - DAG(s) dict_keys(['example_external_task_marker_child', 'example_external_task_marker_parent']) retrieved from /home/airflow/.local/lib/python3.7/site-packages/airflow/example_dags/example_external_task_marker_dag.py
[2024-06-08T23:55:32.693+0000] {logging_mixin.py:137} INFO - [2024-06-08T23:55:32.693+0000] {dag.py:2690} INFO - Sync 2 DAGs
[2024-06-08T23:55:32.710+0000] {logging_mixin.py:137} INFO - [2024-06-08T23:55:32.710+0000] {dag.py:3441} INFO - Setting next_dagrun for example_external_task_marker_child to None, run_after=None
[2024-06-08T23:55:32.713+0000] {logging_mixin.py:137} INFO - [2024-06-08T23:55:32.713+0000] {dag.py:3441} INFO - Setting next_dagrun for example_external_task_marker_parent to None, run_after=None
[2024-06-08T23:55:32.725+0000] {processor.py:175} INFO - Processing /home/airflow/.local/lib/python3.7/site-packages/airflow/example_dags/example_external_task_marker_dag.py took 0.070 seconds
[2024-06-08T23:56:03.063+0000] {processor.py:153} INFO - Started process (PID=2473) to work on /home/airflow/.local/lib/python3.7/site-packages/airflow/example_dags/example_external_task_marker_dag.py
[2024-06-08T23:56:03.065+0000] {processor.py:743} INFO - Processing file /home/airflow/.local/lib/python3.7/site-packages/airflow/example_dags/example_external_task_marker_dag.py for tasks to queue
[2024-06-08T23:56:03.065+0000] {logging_mixin.py:137} INFO - [2024-06-08T23:56:03.065+0000] {dagbag.py:538} INFO - Filling up the DagBag from /home/airflow/.local/lib/python3.7/site-packages/airflow/example_dags/example_external_task_marker_dag.py
[2024-06-08T23:56:03.076+0000] {processor.py:753} INFO - DAG(s) dict_keys(['example_external_task_marker_child', 'example_external_task_marker_parent']) retrieved from /home/airflow/.local/lib/python3.7/site-packages/airflow/example_dags/example_external_task_marker_dag.py
[2024-06-08T23:56:03.100+0000] {logging_mixin.py:137} INFO - [2024-06-08T23:56:03.100+0000] {dag.py:2690} INFO - Sync 2 DAGs
[2024-06-08T23:56:03.116+0000] {logging_mixin.py:137} INFO - [2024-06-08T23:56:03.116+0000] {dag.py:3441} INFO - Setting next_dagrun for example_external_task_marker_child to None, run_after=None
[2024-06-08T23:56:03.119+0000] {logging_mixin.py:137} INFO - [2024-06-08T23:56:03.119+0000] {dag.py:3441} INFO - Setting next_dagrun for example_external_task_marker_parent to None, run_after=None
[2024-06-08T23:56:03.131+0000] {processor.py:175} INFO - Processing /home/airflow/.local/lib/python3.7/site-packages/airflow/example_dags/example_external_task_marker_dag.py took 0.070 seconds
[2024-06-08T23:56:33.559+0000] {processor.py:153} INFO - Started process (PID=2523) to work on /home/airflow/.local/lib/python3.7/site-packages/airflow/example_dags/example_external_task_marker_dag.py
[2024-06-08T23:56:33.560+0000] {processor.py:743} INFO - Processing file /home/airflow/.local/lib/python3.7/site-packages/airflow/example_dags/example_external_task_marker_dag.py for tasks to queue
[2024-06-08T23:56:33.561+0000] {logging_mixin.py:137} INFO - [2024-06-08T23:56:33.561+0000] {dagbag.py:538} INFO - Filling up the DagBag from /home/airflow/.local/lib/python3.7/site-packages/airflow/example_dags/example_external_task_marker_dag.py
[2024-06-08T23:56:33.572+0000] {processor.py:753} INFO - DAG(s) dict_keys(['example_external_task_marker_parent', 'example_external_task_marker_child']) retrieved from /home/airflow/.local/lib/python3.7/site-packages/airflow/example_dags/example_external_task_marker_dag.py
[2024-06-08T23:56:33.596+0000] {logging_mixin.py:137} INFO - [2024-06-08T23:56:33.595+0000] {dag.py:2690} INFO - Sync 2 DAGs
[2024-06-08T23:56:33.611+0000] {logging_mixin.py:137} INFO - [2024-06-08T23:56:33.611+0000] {dag.py:3441} INFO - Setting next_dagrun for example_external_task_marker_child to None, run_after=None
[2024-06-08T23:56:33.615+0000] {logging_mixin.py:137} INFO - [2024-06-08T23:56:33.614+0000] {dag.py:3441} INFO - Setting next_dagrun for example_external_task_marker_parent to None, run_after=None
[2024-06-08T23:56:33.627+0000] {processor.py:175} INFO - Processing /home/airflow/.local/lib/python3.7/site-packages/airflow/example_dags/example_external_task_marker_dag.py took 0.071 seconds
[2024-06-08T23:57:03.938+0000] {processor.py:153} INFO - Started process (PID=2573) to work on /home/airflow/.local/lib/python3.7/site-packages/airflow/example_dags/example_external_task_marker_dag.py
[2024-06-08T23:57:03.939+0000] {processor.py:743} INFO - Processing file /home/airflow/.local/lib/python3.7/site-packages/airflow/example_dags/example_external_task_marker_dag.py for tasks to queue
[2024-06-08T23:57:03.941+0000] {logging_mixin.py:137} INFO - [2024-06-08T23:57:03.941+0000] {dagbag.py:538} INFO - Filling up the DagBag from /home/airflow/.local/lib/python3.7/site-packages/airflow/example_dags/example_external_task_marker_dag.py
[2024-06-08T23:57:03.950+0000] {processor.py:753} INFO - DAG(s) dict_keys(['example_external_task_marker_child', 'example_external_task_marker_parent']) retrieved from /home/airflow/.local/lib/python3.7/site-packages/airflow/example_dags/example_external_task_marker_dag.py
[2024-06-08T23:57:03.974+0000] {logging_mixin.py:137} INFO - [2024-06-08T23:57:03.974+0000] {dag.py:2690} INFO - Sync 2 DAGs
[2024-06-08T23:57:03.990+0000] {logging_mixin.py:137} INFO - [2024-06-08T23:57:03.990+0000] {dag.py:3441} INFO - Setting next_dagrun for example_external_task_marker_child to None, run_after=None
[2024-06-08T23:57:03.994+0000] {logging_mixin.py:137} INFO - [2024-06-08T23:57:03.994+0000] {dag.py:3441} INFO - Setting next_dagrun for example_external_task_marker_parent to None, run_after=None
[2024-06-08T23:57:04.005+0000] {processor.py:175} INFO - Processing /home/airflow/.local/lib/python3.7/site-packages/airflow/example_dags/example_external_task_marker_dag.py took 0.070 seconds
[2024-06-08T23:57:34.491+0000] {processor.py:153} INFO - Started process (PID=2623) to work on /home/airflow/.local/lib/python3.7/site-packages/airflow/example_dags/example_external_task_marker_dag.py
[2024-06-08T23:57:34.492+0000] {processor.py:743} INFO - Processing file /home/airflow/.local/lib/python3.7/site-packages/airflow/example_dags/example_external_task_marker_dag.py for tasks to queue
[2024-06-08T23:57:34.493+0000] {logging_mixin.py:137} INFO - [2024-06-08T23:57:34.493+0000] {dagbag.py:538} INFO - Filling up the DagBag from /home/airflow/.local/lib/python3.7/site-packages/airflow/example_dags/example_external_task_marker_dag.py
[2024-06-08T23:57:34.504+0000] {processor.py:753} INFO - DAG(s) dict_keys(['example_external_task_marker_child', 'example_external_task_marker_parent']) retrieved from /home/airflow/.local/lib/python3.7/site-packages/airflow/example_dags/example_external_task_marker_dag.py
[2024-06-08T23:57:34.527+0000] {logging_mixin.py:137} INFO - [2024-06-08T23:57:34.526+0000] {dag.py:2690} INFO - Sync 2 DAGs
[2024-06-08T23:57:34.546+0000] {logging_mixin.py:137} INFO - [2024-06-08T23:57:34.546+0000] {dag.py:3441} INFO - Setting next_dagrun for example_external_task_marker_child to None, run_after=None
[2024-06-08T23:57:34.549+0000] {logging_mixin.py:137} INFO - [2024-06-08T23:57:34.549+0000] {dag.py:3441} INFO - Setting next_dagrun for example_external_task_marker_parent to None, run_after=None
[2024-06-08T23:57:34.560+0000] {processor.py:175} INFO - Processing /home/airflow/.local/lib/python3.7/site-packages/airflow/example_dags/example_external_task_marker_dag.py took 0.072 seconds
[2024-06-08T23:58:05.062+0000] {processor.py:153} INFO - Started process (PID=2673) to work on /home/airflow/.local/lib/python3.7/site-packages/airflow/example_dags/example_external_task_marker_dag.py
[2024-06-08T23:58:05.064+0000] {processor.py:743} INFO - Processing file /home/airflow/.local/lib/python3.7/site-packages/airflow/example_dags/example_external_task_marker_dag.py for tasks to queue
[2024-06-08T23:58:05.065+0000] {logging_mixin.py:137} INFO - [2024-06-08T23:58:05.065+0000] {dagbag.py:538} INFO - Filling up the DagBag from /home/airflow/.local/lib/python3.7/site-packages/airflow/example_dags/example_external_task_marker_dag.py
[2024-06-08T23:58:05.078+0000] {processor.py:753} INFO - DAG(s) dict_keys(['example_external_task_marker_child', 'example_external_task_marker_parent']) retrieved from /home/airflow/.local/lib/python3.7/site-packages/airflow/example_dags/example_external_task_marker_dag.py
[2024-06-08T23:58:05.103+0000] {logging_mixin.py:137} INFO - [2024-06-08T23:58:05.103+0000] {dag.py:2690} INFO - Sync 2 DAGs
[2024-06-08T23:58:05.123+0000] {logging_mixin.py:137} INFO - [2024-06-08T23:58:05.123+0000] {dag.py:3441} INFO - Setting next_dagrun for example_external_task_marker_child to None, run_after=None
[2024-06-08T23:58:05.127+0000] {logging_mixin.py:137} INFO - [2024-06-08T23:58:05.127+0000] {dag.py:3441} INFO - Setting next_dagrun for example_external_task_marker_parent to None, run_after=None
[2024-06-08T23:58:05.140+0000] {processor.py:175} INFO - Processing /home/airflow/.local/lib/python3.7/site-packages/airflow/example_dags/example_external_task_marker_dag.py took 0.081 seconds
[2024-06-08T23:58:35.928+0000] {processor.py:153} INFO - Started process (PID=2723) to work on /home/airflow/.local/lib/python3.7/site-packages/airflow/example_dags/example_external_task_marker_dag.py
[2024-06-08T23:58:35.929+0000] {processor.py:743} INFO - Processing file /home/airflow/.local/lib/python3.7/site-packages/airflow/example_dags/example_external_task_marker_dag.py for tasks to queue
[2024-06-08T23:58:35.930+0000] {logging_mixin.py:137} INFO - [2024-06-08T23:58:35.930+0000] {dagbag.py:538} INFO - Filling up the DagBag from /home/airflow/.local/lib/python3.7/site-packages/airflow/example_dags/example_external_task_marker_dag.py
[2024-06-08T23:58:35.941+0000] {processor.py:753} INFO - DAG(s) dict_keys(['example_external_task_marker_parent', 'example_external_task_marker_child']) retrieved from /home/airflow/.local/lib/python3.7/site-packages/airflow/example_dags/example_external_task_marker_dag.py
[2024-06-08T23:58:35.966+0000] {logging_mixin.py:137} INFO - [2024-06-08T23:58:35.965+0000] {dag.py:2690} INFO - Sync 2 DAGs
[2024-06-08T23:58:35.984+0000] {logging_mixin.py:137} INFO - [2024-06-08T23:58:35.984+0000] {dag.py:3441} INFO - Setting next_dagrun for example_external_task_marker_child to None, run_after=None
[2024-06-08T23:58:35.987+0000] {logging_mixin.py:137} INFO - [2024-06-08T23:58:35.987+0000] {dag.py:3441} INFO - Setting next_dagrun for example_external_task_marker_parent to None, run_after=None
[2024-06-08T23:58:35.998+0000] {processor.py:175} INFO - Processing /home/airflow/.local/lib/python3.7/site-packages/airflow/example_dags/example_external_task_marker_dag.py took 0.073 seconds
[2024-06-08T23:59:06.663+0000] {processor.py:153} INFO - Started process (PID=2773) to work on /home/airflow/.local/lib/python3.7/site-packages/airflow/example_dags/example_external_task_marker_dag.py
[2024-06-08T23:59:06.664+0000] {processor.py:743} INFO - Processing file /home/airflow/.local/lib/python3.7/site-packages/airflow/example_dags/example_external_task_marker_dag.py for tasks to queue
[2024-06-08T23:59:06.665+0000] {logging_mixin.py:137} INFO - [2024-06-08T23:59:06.665+0000] {dagbag.py:538} INFO - Filling up the DagBag from /home/airflow/.local/lib/python3.7/site-packages/airflow/example_dags/example_external_task_marker_dag.py
[2024-06-08T23:59:06.676+0000] {processor.py:753} INFO - DAG(s) dict_keys(['example_external_task_marker_parent', 'example_external_task_marker_child']) retrieved from /home/airflow/.local/lib/python3.7/site-packages/airflow/example_dags/example_external_task_marker_dag.py
[2024-06-08T23:59:06.698+0000] {logging_mixin.py:137} INFO - [2024-06-08T23:59:06.698+0000] {dag.py:2690} INFO - Sync 2 DAGs
[2024-06-08T23:59:06.715+0000] {logging_mixin.py:137} INFO - [2024-06-08T23:59:06.714+0000] {dag.py:3441} INFO - Setting next_dagrun for example_external_task_marker_child to None, run_after=None
[2024-06-08T23:59:06.717+0000] {logging_mixin.py:137} INFO - [2024-06-08T23:59:06.717+0000] {dag.py:3441} INFO - Setting next_dagrun for example_external_task_marker_parent to None, run_after=None
[2024-06-08T23:59:06.729+0000] {processor.py:175} INFO - Processing /home/airflow/.local/lib/python3.7/site-packages/airflow/example_dags/example_external_task_marker_dag.py took 0.069 seconds
[2024-06-08T23:59:36.957+0000] {processor.py:153} INFO - Started process (PID=2823) to work on /home/airflow/.local/lib/python3.7/site-packages/airflow/example_dags/example_external_task_marker_dag.py
[2024-06-08T23:59:36.958+0000] {processor.py:743} INFO - Processing file /home/airflow/.local/lib/python3.7/site-packages/airflow/example_dags/example_external_task_marker_dag.py for tasks to queue
[2024-06-08T23:59:36.960+0000] {logging_mixin.py:137} INFO - [2024-06-08T23:59:36.959+0000] {dagbag.py:538} INFO - Filling up the DagBag from /home/airflow/.local/lib/python3.7/site-packages/airflow/example_dags/example_external_task_marker_dag.py
[2024-06-08T23:59:36.970+0000] {processor.py:753} INFO - DAG(s) dict_keys(['example_external_task_marker_child', 'example_external_task_marker_parent']) retrieved from /home/airflow/.local/lib/python3.7/site-packages/airflow/example_dags/example_external_task_marker_dag.py
[2024-06-08T23:59:36.992+0000] {logging_mixin.py:137} INFO - [2024-06-08T23:59:36.992+0000] {dag.py:2690} INFO - Sync 2 DAGs
[2024-06-08T23:59:37.008+0000] {logging_mixin.py:137} INFO - [2024-06-08T23:59:37.008+0000] {dag.py:3441} INFO - Setting next_dagrun for example_external_task_marker_child to None, run_after=None
[2024-06-08T23:59:37.011+0000] {logging_mixin.py:137} INFO - [2024-06-08T23:59:37.011+0000] {dag.py:3441} INFO - Setting next_dagrun for example_external_task_marker_parent to None, run_after=None
[2024-06-08T23:59:37.023+0000] {processor.py:175} INFO - Processing /home/airflow/.local/lib/python3.7/site-packages/airflow/example_dags/example_external_task_marker_dag.py took 0.070 seconds
