[2024-06-08T23:31:36.550+0000] {processor.py:153} INFO - Started process (PID=64) to work on /home/airflow/.local/lib/python3.7/site-packages/airflow/example_dags/example_task_group_decorator.py
[2024-06-08T23:31:36.551+0000] {processor.py:743} INFO - Processing file /home/airflow/.local/lib/python3.7/site-packages/airflow/example_dags/example_task_group_decorator.py for tasks to queue
[2024-06-08T23:31:36.552+0000] {logging_mixin.py:137} INFO - [2024-06-08T23:31:36.552+0000] {dagbag.py:538} INFO - Filling up the DagBag from /home/airflow/.local/lib/python3.7/site-packages/airflow/example_dags/example_task_group_decorator.py
[2024-06-08T23:31:36.578+0000] {processor.py:753} INFO - DAG(s) dict_keys(['example_task_group_decorator']) retrieved from /home/airflow/.local/lib/python3.7/site-packages/airflow/example_dags/example_task_group_decorator.py
[2024-06-08T23:31:36.600+0000] {logging_mixin.py:137} INFO - [2024-06-08T23:31:36.599+0000] {dag.py:2690} INFO - Sync 1 DAGs
[2024-06-08T23:31:36.621+0000] {logging_mixin.py:137} INFO - [2024-06-08T23:31:36.620+0000] {dag.py:3441} INFO - Setting next_dagrun for example_task_group_decorator to 2024-06-07T23:31:36.620645+00:00, run_after=2024-06-08T23:31:36.620645+00:00
[2024-06-08T23:31:36.639+0000] {processor.py:175} INFO - Processing /home/airflow/.local/lib/python3.7/site-packages/airflow/example_dags/example_task_group_decorator.py took 0.092 seconds
[2024-06-08T23:32:07.173+0000] {processor.py:153} INFO - Started process (PID=114) to work on /home/airflow/.local/lib/python3.7/site-packages/airflow/example_dags/example_task_group_decorator.py
[2024-06-08T23:32:07.175+0000] {processor.py:743} INFO - Processing file /home/airflow/.local/lib/python3.7/site-packages/airflow/example_dags/example_task_group_decorator.py for tasks to queue
[2024-06-08T23:32:07.176+0000] {logging_mixin.py:137} INFO - [2024-06-08T23:32:07.176+0000] {dagbag.py:538} INFO - Filling up the DagBag from /home/airflow/.local/lib/python3.7/site-packages/airflow/example_dags/example_task_group_decorator.py
[2024-06-08T23:32:07.195+0000] {processor.py:753} INFO - DAG(s) dict_keys(['example_task_group_decorator']) retrieved from /home/airflow/.local/lib/python3.7/site-packages/airflow/example_dags/example_task_group_decorator.py
[2024-06-08T23:32:07.217+0000] {logging_mixin.py:137} INFO - [2024-06-08T23:32:07.217+0000] {dag.py:2690} INFO - Sync 1 DAGs
[2024-06-08T23:32:07.235+0000] {logging_mixin.py:137} INFO - [2024-06-08T23:32:07.235+0000] {dag.py:3441} INFO - Setting next_dagrun for example_task_group_decorator to 2024-06-07T23:32:07.234878+00:00, run_after=2024-06-08T23:32:07.234878+00:00
[2024-06-08T23:32:07.247+0000] {processor.py:175} INFO - Processing /home/airflow/.local/lib/python3.7/site-packages/airflow/example_dags/example_task_group_decorator.py took 0.077 seconds
[2024-06-08T23:32:37.416+0000] {processor.py:153} INFO - Started process (PID=164) to work on /home/airflow/.local/lib/python3.7/site-packages/airflow/example_dags/example_task_group_decorator.py
[2024-06-08T23:32:37.421+0000] {processor.py:743} INFO - Processing file /home/airflow/.local/lib/python3.7/site-packages/airflow/example_dags/example_task_group_decorator.py for tasks to queue
[2024-06-08T23:32:37.422+0000] {logging_mixin.py:137} INFO - [2024-06-08T23:32:37.422+0000] {dagbag.py:538} INFO - Filling up the DagBag from /home/airflow/.local/lib/python3.7/site-packages/airflow/example_dags/example_task_group_decorator.py
[2024-06-08T23:32:37.451+0000] {processor.py:753} INFO - DAG(s) dict_keys(['example_task_group_decorator']) retrieved from /home/airflow/.local/lib/python3.7/site-packages/airflow/example_dags/example_task_group_decorator.py
[2024-06-08T23:32:37.488+0000] {logging_mixin.py:137} INFO - [2024-06-08T23:32:37.488+0000] {dag.py:2690} INFO - Sync 1 DAGs
[2024-06-08T23:32:37.506+0000] {logging_mixin.py:137} INFO - [2024-06-08T23:32:37.506+0000] {dag.py:3441} INFO - Setting next_dagrun for example_task_group_decorator to 2024-06-07T23:32:37.506037+00:00, run_after=2024-06-08T23:32:37.506037+00:00
[2024-06-08T23:32:37.521+0000] {processor.py:175} INFO - Processing /home/airflow/.local/lib/python3.7/site-packages/airflow/example_dags/example_task_group_decorator.py took 0.107 seconds
[2024-06-08T23:33:07.768+0000] {processor.py:153} INFO - Started process (PID=214) to work on /home/airflow/.local/lib/python3.7/site-packages/airflow/example_dags/example_task_group_decorator.py
[2024-06-08T23:33:07.769+0000] {processor.py:743} INFO - Processing file /home/airflow/.local/lib/python3.7/site-packages/airflow/example_dags/example_task_group_decorator.py for tasks to queue
[2024-06-08T23:33:07.770+0000] {logging_mixin.py:137} INFO - [2024-06-08T23:33:07.770+0000] {dagbag.py:538} INFO - Filling up the DagBag from /home/airflow/.local/lib/python3.7/site-packages/airflow/example_dags/example_task_group_decorator.py
[2024-06-08T23:33:07.788+0000] {processor.py:753} INFO - DAG(s) dict_keys(['example_task_group_decorator']) retrieved from /home/airflow/.local/lib/python3.7/site-packages/airflow/example_dags/example_task_group_decorator.py
[2024-06-08T23:33:07.808+0000] {logging_mixin.py:137} INFO - [2024-06-08T23:33:07.808+0000] {dag.py:2690} INFO - Sync 1 DAGs
[2024-06-08T23:33:07.825+0000] {logging_mixin.py:137} INFO - [2024-06-08T23:33:07.825+0000] {dag.py:3441} INFO - Setting next_dagrun for example_task_group_decorator to 2024-06-07T23:33:07.824924+00:00, run_after=2024-06-08T23:33:07.824924+00:00
[2024-06-08T23:33:07.837+0000] {processor.py:175} INFO - Processing /home/airflow/.local/lib/python3.7/site-packages/airflow/example_dags/example_task_group_decorator.py took 0.072 seconds
[2024-06-08T23:33:38.048+0000] {processor.py:153} INFO - Started process (PID=265) to work on /home/airflow/.local/lib/python3.7/site-packages/airflow/example_dags/example_task_group_decorator.py
[2024-06-08T23:33:38.049+0000] {processor.py:743} INFO - Processing file /home/airflow/.local/lib/python3.7/site-packages/airflow/example_dags/example_task_group_decorator.py for tasks to queue
[2024-06-08T23:33:38.050+0000] {logging_mixin.py:137} INFO - [2024-06-08T23:33:38.050+0000] {dagbag.py:538} INFO - Filling up the DagBag from /home/airflow/.local/lib/python3.7/site-packages/airflow/example_dags/example_task_group_decorator.py
[2024-06-08T23:33:38.068+0000] {processor.py:753} INFO - DAG(s) dict_keys(['example_task_group_decorator']) retrieved from /home/airflow/.local/lib/python3.7/site-packages/airflow/example_dags/example_task_group_decorator.py
[2024-06-08T23:33:38.088+0000] {logging_mixin.py:137} INFO - [2024-06-08T23:33:38.088+0000] {dag.py:2690} INFO - Sync 1 DAGs
[2024-06-08T23:33:38.105+0000] {logging_mixin.py:137} INFO - [2024-06-08T23:33:38.105+0000] {dag.py:3441} INFO - Setting next_dagrun for example_task_group_decorator to 2024-06-07T23:33:38.105464+00:00, run_after=2024-06-08T23:33:38.105464+00:00
[2024-06-08T23:33:38.116+0000] {processor.py:175} INFO - Processing /home/airflow/.local/lib/python3.7/site-packages/airflow/example_dags/example_task_group_decorator.py took 0.071 seconds
[2024-06-08T23:34:08.508+0000] {processor.py:153} INFO - Started process (PID=314) to work on /home/airflow/.local/lib/python3.7/site-packages/airflow/example_dags/example_task_group_decorator.py
[2024-06-08T23:34:08.510+0000] {processor.py:743} INFO - Processing file /home/airflow/.local/lib/python3.7/site-packages/airflow/example_dags/example_task_group_decorator.py for tasks to queue
[2024-06-08T23:34:08.511+0000] {logging_mixin.py:137} INFO - [2024-06-08T23:34:08.511+0000] {dagbag.py:538} INFO - Filling up the DagBag from /home/airflow/.local/lib/python3.7/site-packages/airflow/example_dags/example_task_group_decorator.py
[2024-06-08T23:34:08.530+0000] {processor.py:753} INFO - DAG(s) dict_keys(['example_task_group_decorator']) retrieved from /home/airflow/.local/lib/python3.7/site-packages/airflow/example_dags/example_task_group_decorator.py
[2024-06-08T23:34:08.553+0000] {logging_mixin.py:137} INFO - [2024-06-08T23:34:08.553+0000] {dag.py:2690} INFO - Sync 1 DAGs
[2024-06-08T23:34:08.572+0000] {logging_mixin.py:137} INFO - [2024-06-08T23:34:08.572+0000] {dag.py:3441} INFO - Setting next_dagrun for example_task_group_decorator to 2024-06-07T23:34:08.572250+00:00, run_after=2024-06-08T23:34:08.572250+00:00
[2024-06-08T23:34:08.587+0000] {processor.py:175} INFO - Processing /home/airflow/.local/lib/python3.7/site-packages/airflow/example_dags/example_task_group_decorator.py took 0.083 seconds
[2024-06-08T23:34:39.340+0000] {processor.py:153} INFO - Started process (PID=364) to work on /home/airflow/.local/lib/python3.7/site-packages/airflow/example_dags/example_task_group_decorator.py
[2024-06-08T23:34:39.341+0000] {processor.py:743} INFO - Processing file /home/airflow/.local/lib/python3.7/site-packages/airflow/example_dags/example_task_group_decorator.py for tasks to queue
[2024-06-08T23:34:39.343+0000] {logging_mixin.py:137} INFO - [2024-06-08T23:34:39.342+0000] {dagbag.py:538} INFO - Filling up the DagBag from /home/airflow/.local/lib/python3.7/site-packages/airflow/example_dags/example_task_group_decorator.py
[2024-06-08T23:34:39.361+0000] {processor.py:753} INFO - DAG(s) dict_keys(['example_task_group_decorator']) retrieved from /home/airflow/.local/lib/python3.7/site-packages/airflow/example_dags/example_task_group_decorator.py
[2024-06-08T23:34:39.384+0000] {logging_mixin.py:137} INFO - [2024-06-08T23:34:39.383+0000] {dag.py:2690} INFO - Sync 1 DAGs
[2024-06-08T23:34:39.400+0000] {logging_mixin.py:137} INFO - [2024-06-08T23:34:39.400+0000] {dag.py:3441} INFO - Setting next_dagrun for example_task_group_decorator to 2024-06-07T23:34:39.400401+00:00, run_after=2024-06-08T23:34:39.400401+00:00
[2024-06-08T23:34:39.412+0000] {processor.py:175} INFO - Processing /home/airflow/.local/lib/python3.7/site-packages/airflow/example_dags/example_task_group_decorator.py took 0.075 seconds
[2024-06-08T23:35:09.793+0000] {processor.py:153} INFO - Started process (PID=414) to work on /home/airflow/.local/lib/python3.7/site-packages/airflow/example_dags/example_task_group_decorator.py
[2024-06-08T23:35:09.795+0000] {processor.py:743} INFO - Processing file /home/airflow/.local/lib/python3.7/site-packages/airflow/example_dags/example_task_group_decorator.py for tasks to queue
[2024-06-08T23:35:09.796+0000] {logging_mixin.py:137} INFO - [2024-06-08T23:35:09.796+0000] {dagbag.py:538} INFO - Filling up the DagBag from /home/airflow/.local/lib/python3.7/site-packages/airflow/example_dags/example_task_group_decorator.py
[2024-06-08T23:35:09.819+0000] {processor.py:753} INFO - DAG(s) dict_keys(['example_task_group_decorator']) retrieved from /home/airflow/.local/lib/python3.7/site-packages/airflow/example_dags/example_task_group_decorator.py
[2024-06-08T23:35:09.843+0000] {logging_mixin.py:137} INFO - [2024-06-08T23:35:09.842+0000] {dag.py:2690} INFO - Sync 1 DAGs
[2024-06-08T23:35:09.863+0000] {logging_mixin.py:137} INFO - [2024-06-08T23:35:09.863+0000] {dag.py:3441} INFO - Setting next_dagrun for example_task_group_decorator to 2024-06-07T23:35:09.863596+00:00, run_after=2024-06-08T23:35:09.863596+00:00
[2024-06-08T23:35:09.878+0000] {processor.py:175} INFO - Processing /home/airflow/.local/lib/python3.7/site-packages/airflow/example_dags/example_task_group_decorator.py took 0.087 seconds
[2024-06-08T23:35:40.344+0000] {processor.py:153} INFO - Started process (PID=464) to work on /home/airflow/.local/lib/python3.7/site-packages/airflow/example_dags/example_task_group_decorator.py
[2024-06-08T23:35:40.346+0000] {processor.py:743} INFO - Processing file /home/airflow/.local/lib/python3.7/site-packages/airflow/example_dags/example_task_group_decorator.py for tasks to queue
[2024-06-08T23:35:40.347+0000] {logging_mixin.py:137} INFO - [2024-06-08T23:35:40.347+0000] {dagbag.py:538} INFO - Filling up the DagBag from /home/airflow/.local/lib/python3.7/site-packages/airflow/example_dags/example_task_group_decorator.py
[2024-06-08T23:35:40.371+0000] {processor.py:753} INFO - DAG(s) dict_keys(['example_task_group_decorator']) retrieved from /home/airflow/.local/lib/python3.7/site-packages/airflow/example_dags/example_task_group_decorator.py
[2024-06-08T23:35:40.397+0000] {logging_mixin.py:137} INFO - [2024-06-08T23:35:40.397+0000] {dag.py:2690} INFO - Sync 1 DAGs
[2024-06-08T23:35:40.422+0000] {logging_mixin.py:137} INFO - [2024-06-08T23:35:40.422+0000] {dag.py:3441} INFO - Setting next_dagrun for example_task_group_decorator to 2024-06-07T23:35:40.421869+00:00, run_after=2024-06-08T23:35:40.421869+00:00
[2024-06-08T23:35:40.444+0000] {processor.py:175} INFO - Processing /home/airflow/.local/lib/python3.7/site-packages/airflow/example_dags/example_task_group_decorator.py took 0.103 seconds
[2024-06-08T23:36:10.844+0000] {processor.py:153} INFO - Started process (PID=514) to work on /home/airflow/.local/lib/python3.7/site-packages/airflow/example_dags/example_task_group_decorator.py
[2024-06-08T23:36:10.845+0000] {processor.py:743} INFO - Processing file /home/airflow/.local/lib/python3.7/site-packages/airflow/example_dags/example_task_group_decorator.py for tasks to queue
[2024-06-08T23:36:10.846+0000] {logging_mixin.py:137} INFO - [2024-06-08T23:36:10.846+0000] {dagbag.py:538} INFO - Filling up the DagBag from /home/airflow/.local/lib/python3.7/site-packages/airflow/example_dags/example_task_group_decorator.py
[2024-06-08T23:36:10.866+0000] {processor.py:753} INFO - DAG(s) dict_keys(['example_task_group_decorator']) retrieved from /home/airflow/.local/lib/python3.7/site-packages/airflow/example_dags/example_task_group_decorator.py
[2024-06-08T23:36:10.887+0000] {logging_mixin.py:137} INFO - [2024-06-08T23:36:10.887+0000] {dag.py:2690} INFO - Sync 1 DAGs
[2024-06-08T23:36:10.904+0000] {logging_mixin.py:137} INFO - [2024-06-08T23:36:10.904+0000] {dag.py:3441} INFO - Setting next_dagrun for example_task_group_decorator to 2024-06-07T23:36:10.904089+00:00, run_after=2024-06-08T23:36:10.904089+00:00
[2024-06-08T23:36:10.916+0000] {processor.py:175} INFO - Processing /home/airflow/.local/lib/python3.7/site-packages/airflow/example_dags/example_task_group_decorator.py took 0.075 seconds
[2024-06-08T23:36:41.736+0000] {processor.py:153} INFO - Started process (PID=564) to work on /home/airflow/.local/lib/python3.7/site-packages/airflow/example_dags/example_task_group_decorator.py
[2024-06-08T23:36:41.738+0000] {processor.py:743} INFO - Processing file /home/airflow/.local/lib/python3.7/site-packages/airflow/example_dags/example_task_group_decorator.py for tasks to queue
[2024-06-08T23:36:41.739+0000] {logging_mixin.py:137} INFO - [2024-06-08T23:36:41.738+0000] {dagbag.py:538} INFO - Filling up the DagBag from /home/airflow/.local/lib/python3.7/site-packages/airflow/example_dags/example_task_group_decorator.py
[2024-06-08T23:36:41.757+0000] {processor.py:753} INFO - DAG(s) dict_keys(['example_task_group_decorator']) retrieved from /home/airflow/.local/lib/python3.7/site-packages/airflow/example_dags/example_task_group_decorator.py
[2024-06-08T23:36:41.778+0000] {logging_mixin.py:137} INFO - [2024-06-08T23:36:41.778+0000] {dag.py:2690} INFO - Sync 1 DAGs
[2024-06-08T23:36:41.802+0000] {logging_mixin.py:137} INFO - [2024-06-08T23:36:41.802+0000] {dag.py:3441} INFO - Setting next_dagrun for example_task_group_decorator to 2024-06-07T23:36:41.802152+00:00, run_after=2024-06-08T23:36:41.802152+00:00
[2024-06-08T23:36:41.815+0000] {processor.py:175} INFO - Processing /home/airflow/.local/lib/python3.7/site-packages/airflow/example_dags/example_task_group_decorator.py took 0.082 seconds
[2024-06-08T23:37:12.258+0000] {processor.py:153} INFO - Started process (PID=614) to work on /home/airflow/.local/lib/python3.7/site-packages/airflow/example_dags/example_task_group_decorator.py
[2024-06-08T23:37:12.259+0000] {processor.py:743} INFO - Processing file /home/airflow/.local/lib/python3.7/site-packages/airflow/example_dags/example_task_group_decorator.py for tasks to queue
[2024-06-08T23:37:12.260+0000] {logging_mixin.py:137} INFO - [2024-06-08T23:37:12.260+0000] {dagbag.py:538} INFO - Filling up the DagBag from /home/airflow/.local/lib/python3.7/site-packages/airflow/example_dags/example_task_group_decorator.py
[2024-06-08T23:37:12.280+0000] {processor.py:753} INFO - DAG(s) dict_keys(['example_task_group_decorator']) retrieved from /home/airflow/.local/lib/python3.7/site-packages/airflow/example_dags/example_task_group_decorator.py
[2024-06-08T23:37:12.304+0000] {logging_mixin.py:137} INFO - [2024-06-08T23:37:12.304+0000] {dag.py:2690} INFO - Sync 1 DAGs
[2024-06-08T23:37:12.320+0000] {logging_mixin.py:137} INFO - [2024-06-08T23:37:12.320+0000] {dag.py:3441} INFO - Setting next_dagrun for example_task_group_decorator to 2024-06-07T23:37:12.320641+00:00, run_after=2024-06-08T23:37:12.320641+00:00
[2024-06-08T23:37:12.334+0000] {processor.py:175} INFO - Processing /home/airflow/.local/lib/python3.7/site-packages/airflow/example_dags/example_task_group_decorator.py took 0.078 seconds
[2024-06-08T23:37:42.600+0000] {processor.py:153} INFO - Started process (PID=664) to work on /home/airflow/.local/lib/python3.7/site-packages/airflow/example_dags/example_task_group_decorator.py
[2024-06-08T23:37:42.602+0000] {processor.py:743} INFO - Processing file /home/airflow/.local/lib/python3.7/site-packages/airflow/example_dags/example_task_group_decorator.py for tasks to queue
[2024-06-08T23:37:42.603+0000] {logging_mixin.py:137} INFO - [2024-06-08T23:37:42.603+0000] {dagbag.py:538} INFO - Filling up the DagBag from /home/airflow/.local/lib/python3.7/site-packages/airflow/example_dags/example_task_group_decorator.py
[2024-06-08T23:37:42.630+0000] {processor.py:753} INFO - DAG(s) dict_keys(['example_task_group_decorator']) retrieved from /home/airflow/.local/lib/python3.7/site-packages/airflow/example_dags/example_task_group_decorator.py
[2024-06-08T23:37:42.653+0000] {logging_mixin.py:137} INFO - [2024-06-08T23:37:42.653+0000] {dag.py:2690} INFO - Sync 1 DAGs
[2024-06-08T23:37:42.670+0000] {logging_mixin.py:137} INFO - [2024-06-08T23:37:42.670+0000] {dag.py:3441} INFO - Setting next_dagrun for example_task_group_decorator to 2024-06-07T23:37:42.670235+00:00, run_after=2024-06-08T23:37:42.670235+00:00
[2024-06-08T23:37:42.683+0000] {processor.py:175} INFO - Processing /home/airflow/.local/lib/python3.7/site-packages/airflow/example_dags/example_task_group_decorator.py took 0.087 seconds
[2024-06-08T23:38:13.768+0000] {processor.py:153} INFO - Started process (PID=714) to work on /home/airflow/.local/lib/python3.7/site-packages/airflow/example_dags/example_task_group_decorator.py
[2024-06-08T23:38:13.769+0000] {processor.py:743} INFO - Processing file /home/airflow/.local/lib/python3.7/site-packages/airflow/example_dags/example_task_group_decorator.py for tasks to queue
[2024-06-08T23:38:13.770+0000] {logging_mixin.py:137} INFO - [2024-06-08T23:38:13.770+0000] {dagbag.py:538} INFO - Filling up the DagBag from /home/airflow/.local/lib/python3.7/site-packages/airflow/example_dags/example_task_group_decorator.py
[2024-06-08T23:38:13.794+0000] {processor.py:753} INFO - DAG(s) dict_keys(['example_task_group_decorator']) retrieved from /home/airflow/.local/lib/python3.7/site-packages/airflow/example_dags/example_task_group_decorator.py
[2024-06-08T23:38:13.829+0000] {logging_mixin.py:137} INFO - [2024-06-08T23:38:13.829+0000] {dag.py:2690} INFO - Sync 1 DAGs
[2024-06-08T23:38:13.852+0000] {logging_mixin.py:137} INFO - [2024-06-08T23:38:13.852+0000] {dag.py:3441} INFO - Setting next_dagrun for example_task_group_decorator to 2024-06-07T23:38:13.852389+00:00, run_after=2024-06-08T23:38:13.852389+00:00
[2024-06-08T23:38:13.870+0000] {processor.py:175} INFO - Processing /home/airflow/.local/lib/python3.7/site-packages/airflow/example_dags/example_task_group_decorator.py took 0.105 seconds
[2024-06-08T23:38:44.775+0000] {processor.py:153} INFO - Started process (PID=764) to work on /home/airflow/.local/lib/python3.7/site-packages/airflow/example_dags/example_task_group_decorator.py
[2024-06-08T23:38:44.777+0000] {processor.py:743} INFO - Processing file /home/airflow/.local/lib/python3.7/site-packages/airflow/example_dags/example_task_group_decorator.py for tasks to queue
[2024-06-08T23:38:44.777+0000] {logging_mixin.py:137} INFO - [2024-06-08T23:38:44.777+0000] {dagbag.py:538} INFO - Filling up the DagBag from /home/airflow/.local/lib/python3.7/site-packages/airflow/example_dags/example_task_group_decorator.py
[2024-06-08T23:38:44.797+0000] {processor.py:753} INFO - DAG(s) dict_keys(['example_task_group_decorator']) retrieved from /home/airflow/.local/lib/python3.7/site-packages/airflow/example_dags/example_task_group_decorator.py
[2024-06-08T23:38:44.817+0000] {logging_mixin.py:137} INFO - [2024-06-08T23:38:44.816+0000] {dag.py:2690} INFO - Sync 1 DAGs
[2024-06-08T23:38:44.834+0000] {logging_mixin.py:137} INFO - [2024-06-08T23:38:44.834+0000] {dag.py:3441} INFO - Setting next_dagrun for example_task_group_decorator to 2024-06-07T23:38:44.833839+00:00, run_after=2024-06-08T23:38:44.833839+00:00
[2024-06-08T23:38:44.846+0000] {processor.py:175} INFO - Processing /home/airflow/.local/lib/python3.7/site-packages/airflow/example_dags/example_task_group_decorator.py took 0.074 seconds
[2024-06-08T23:39:15.302+0000] {processor.py:153} INFO - Started process (PID=814) to work on /home/airflow/.local/lib/python3.7/site-packages/airflow/example_dags/example_task_group_decorator.py
[2024-06-08T23:39:15.304+0000] {processor.py:743} INFO - Processing file /home/airflow/.local/lib/python3.7/site-packages/airflow/example_dags/example_task_group_decorator.py for tasks to queue
[2024-06-08T23:39:15.305+0000] {logging_mixin.py:137} INFO - [2024-06-08T23:39:15.304+0000] {dagbag.py:538} INFO - Filling up the DagBag from /home/airflow/.local/lib/python3.7/site-packages/airflow/example_dags/example_task_group_decorator.py
[2024-06-08T23:39:15.325+0000] {processor.py:753} INFO - DAG(s) dict_keys(['example_task_group_decorator']) retrieved from /home/airflow/.local/lib/python3.7/site-packages/airflow/example_dags/example_task_group_decorator.py
[2024-06-08T23:39:15.349+0000] {logging_mixin.py:137} INFO - [2024-06-08T23:39:15.349+0000] {dag.py:2690} INFO - Sync 1 DAGs
[2024-06-08T23:39:15.366+0000] {logging_mixin.py:137} INFO - [2024-06-08T23:39:15.366+0000] {dag.py:3441} INFO - Setting next_dagrun for example_task_group_decorator to 2024-06-07T23:39:15.366040+00:00, run_after=2024-06-08T23:39:15.366040+00:00
[2024-06-08T23:39:15.380+0000] {processor.py:175} INFO - Processing /home/airflow/.local/lib/python3.7/site-packages/airflow/example_dags/example_task_group_decorator.py took 0.081 seconds
[2024-06-08T23:39:45.953+0000] {processor.py:153} INFO - Started process (PID=864) to work on /home/airflow/.local/lib/python3.7/site-packages/airflow/example_dags/example_task_group_decorator.py
[2024-06-08T23:39:45.954+0000] {processor.py:743} INFO - Processing file /home/airflow/.local/lib/python3.7/site-packages/airflow/example_dags/example_task_group_decorator.py for tasks to queue
[2024-06-08T23:39:45.955+0000] {logging_mixin.py:137} INFO - [2024-06-08T23:39:45.954+0000] {dagbag.py:538} INFO - Filling up the DagBag from /home/airflow/.local/lib/python3.7/site-packages/airflow/example_dags/example_task_group_decorator.py
[2024-06-08T23:39:45.974+0000] {processor.py:753} INFO - DAG(s) dict_keys(['example_task_group_decorator']) retrieved from /home/airflow/.local/lib/python3.7/site-packages/airflow/example_dags/example_task_group_decorator.py
[2024-06-08T23:39:45.995+0000] {logging_mixin.py:137} INFO - [2024-06-08T23:39:45.995+0000] {dag.py:2690} INFO - Sync 1 DAGs
[2024-06-08T23:39:46.011+0000] {logging_mixin.py:137} INFO - [2024-06-08T23:39:46.011+0000] {dag.py:3441} INFO - Setting next_dagrun for example_task_group_decorator to 2024-06-07T23:39:46.011294+00:00, run_after=2024-06-08T23:39:46.011294+00:00
[2024-06-08T23:39:46.023+0000] {processor.py:175} INFO - Processing /home/airflow/.local/lib/python3.7/site-packages/airflow/example_dags/example_task_group_decorator.py took 0.074 seconds
[2024-06-08T23:40:16.231+0000] {processor.py:153} INFO - Started process (PID=914) to work on /home/airflow/.local/lib/python3.7/site-packages/airflow/example_dags/example_task_group_decorator.py
[2024-06-08T23:40:16.232+0000] {processor.py:743} INFO - Processing file /home/airflow/.local/lib/python3.7/site-packages/airflow/example_dags/example_task_group_decorator.py for tasks to queue
[2024-06-08T23:40:16.233+0000] {logging_mixin.py:137} INFO - [2024-06-08T23:40:16.233+0000] {dagbag.py:538} INFO - Filling up the DagBag from /home/airflow/.local/lib/python3.7/site-packages/airflow/example_dags/example_task_group_decorator.py
[2024-06-08T23:40:16.254+0000] {processor.py:753} INFO - DAG(s) dict_keys(['example_task_group_decorator']) retrieved from /home/airflow/.local/lib/python3.7/site-packages/airflow/example_dags/example_task_group_decorator.py
[2024-06-08T23:40:16.274+0000] {logging_mixin.py:137} INFO - [2024-06-08T23:40:16.274+0000] {dag.py:2690} INFO - Sync 1 DAGs
[2024-06-08T23:40:16.290+0000] {logging_mixin.py:137} INFO - [2024-06-08T23:40:16.290+0000] {dag.py:3441} INFO - Setting next_dagrun for example_task_group_decorator to 2024-06-07T23:40:16.290076+00:00, run_after=2024-06-08T23:40:16.290076+00:00
[2024-06-08T23:40:16.302+0000] {processor.py:175} INFO - Processing /home/airflow/.local/lib/python3.7/site-packages/airflow/example_dags/example_task_group_decorator.py took 0.074 seconds
[2024-06-08T23:40:46.754+0000] {processor.py:153} INFO - Started process (PID=964) to work on /home/airflow/.local/lib/python3.7/site-packages/airflow/example_dags/example_task_group_decorator.py
[2024-06-08T23:40:46.755+0000] {processor.py:743} INFO - Processing file /home/airflow/.local/lib/python3.7/site-packages/airflow/example_dags/example_task_group_decorator.py for tasks to queue
[2024-06-08T23:40:46.756+0000] {logging_mixin.py:137} INFO - [2024-06-08T23:40:46.756+0000] {dagbag.py:538} INFO - Filling up the DagBag from /home/airflow/.local/lib/python3.7/site-packages/airflow/example_dags/example_task_group_decorator.py
[2024-06-08T23:40:46.774+0000] {processor.py:753} INFO - DAG(s) dict_keys(['example_task_group_decorator']) retrieved from /home/airflow/.local/lib/python3.7/site-packages/airflow/example_dags/example_task_group_decorator.py
[2024-06-08T23:40:46.795+0000] {logging_mixin.py:137} INFO - [2024-06-08T23:40:46.795+0000] {dag.py:2690} INFO - Sync 1 DAGs
[2024-06-08T23:40:46.811+0000] {logging_mixin.py:137} INFO - [2024-06-08T23:40:46.811+0000] {dag.py:3441} INFO - Setting next_dagrun for example_task_group_decorator to 2024-06-07T23:40:46.810811+00:00, run_after=2024-06-08T23:40:46.810811+00:00
[2024-06-08T23:40:46.822+0000] {processor.py:175} INFO - Processing /home/airflow/.local/lib/python3.7/site-packages/airflow/example_dags/example_task_group_decorator.py took 0.071 seconds
[2024-06-08T23:41:17.288+0000] {processor.py:153} INFO - Started process (PID=1014) to work on /home/airflow/.local/lib/python3.7/site-packages/airflow/example_dags/example_task_group_decorator.py
[2024-06-08T23:41:17.290+0000] {processor.py:743} INFO - Processing file /home/airflow/.local/lib/python3.7/site-packages/airflow/example_dags/example_task_group_decorator.py for tasks to queue
[2024-06-08T23:41:17.290+0000] {logging_mixin.py:137} INFO - [2024-06-08T23:41:17.290+0000] {dagbag.py:538} INFO - Filling up the DagBag from /home/airflow/.local/lib/python3.7/site-packages/airflow/example_dags/example_task_group_decorator.py
[2024-06-08T23:41:17.310+0000] {processor.py:753} INFO - DAG(s) dict_keys(['example_task_group_decorator']) retrieved from /home/airflow/.local/lib/python3.7/site-packages/airflow/example_dags/example_task_group_decorator.py
[2024-06-08T23:41:17.334+0000] {logging_mixin.py:137} INFO - [2024-06-08T23:41:17.333+0000] {dag.py:2690} INFO - Sync 1 DAGs
[2024-06-08T23:41:17.350+0000] {logging_mixin.py:137} INFO - [2024-06-08T23:41:17.350+0000] {dag.py:3441} INFO - Setting next_dagrun for example_task_group_decorator to 2024-06-07T23:41:17.350282+00:00, run_after=2024-06-08T23:41:17.350282+00:00
[2024-06-08T23:41:17.364+0000] {processor.py:175} INFO - Processing /home/airflow/.local/lib/python3.7/site-packages/airflow/example_dags/example_task_group_decorator.py took 0.078 seconds
[2024-06-08T23:41:48.046+0000] {processor.py:153} INFO - Started process (PID=1064) to work on /home/airflow/.local/lib/python3.7/site-packages/airflow/example_dags/example_task_group_decorator.py
[2024-06-08T23:41:48.048+0000] {processor.py:743} INFO - Processing file /home/airflow/.local/lib/python3.7/site-packages/airflow/example_dags/example_task_group_decorator.py for tasks to queue
[2024-06-08T23:41:48.049+0000] {logging_mixin.py:137} INFO - [2024-06-08T23:41:48.049+0000] {dagbag.py:538} INFO - Filling up the DagBag from /home/airflow/.local/lib/python3.7/site-packages/airflow/example_dags/example_task_group_decorator.py
[2024-06-08T23:41:48.068+0000] {processor.py:753} INFO - DAG(s) dict_keys(['example_task_group_decorator']) retrieved from /home/airflow/.local/lib/python3.7/site-packages/airflow/example_dags/example_task_group_decorator.py
[2024-06-08T23:41:48.090+0000] {logging_mixin.py:137} INFO - [2024-06-08T23:41:48.090+0000] {dag.py:2690} INFO - Sync 1 DAGs
[2024-06-08T23:41:48.106+0000] {logging_mixin.py:137} INFO - [2024-06-08T23:41:48.106+0000] {dag.py:3441} INFO - Setting next_dagrun for example_task_group_decorator to 2024-06-07T23:41:48.106490+00:00, run_after=2024-06-08T23:41:48.106490+00:00
[2024-06-08T23:41:48.120+0000] {processor.py:175} INFO - Processing /home/airflow/.local/lib/python3.7/site-packages/airflow/example_dags/example_task_group_decorator.py took 0.077 seconds
[2024-06-08T23:42:18.624+0000] {processor.py:153} INFO - Started process (PID=1114) to work on /home/airflow/.local/lib/python3.7/site-packages/airflow/example_dags/example_task_group_decorator.py
[2024-06-08T23:42:18.625+0000] {processor.py:743} INFO - Processing file /home/airflow/.local/lib/python3.7/site-packages/airflow/example_dags/example_task_group_decorator.py for tasks to queue
[2024-06-08T23:42:18.626+0000] {logging_mixin.py:137} INFO - [2024-06-08T23:42:18.626+0000] {dagbag.py:538} INFO - Filling up the DagBag from /home/airflow/.local/lib/python3.7/site-packages/airflow/example_dags/example_task_group_decorator.py
[2024-06-08T23:42:18.645+0000] {processor.py:753} INFO - DAG(s) dict_keys(['example_task_group_decorator']) retrieved from /home/airflow/.local/lib/python3.7/site-packages/airflow/example_dags/example_task_group_decorator.py
[2024-06-08T23:42:18.665+0000] {logging_mixin.py:137} INFO - [2024-06-08T23:42:18.665+0000] {dag.py:2690} INFO - Sync 1 DAGs
[2024-06-08T23:42:18.680+0000] {logging_mixin.py:137} INFO - [2024-06-08T23:42:18.680+0000] {dag.py:3441} INFO - Setting next_dagrun for example_task_group_decorator to 2024-06-07T23:42:18.680646+00:00, run_after=2024-06-08T23:42:18.680646+00:00
[2024-06-08T23:42:18.691+0000] {processor.py:175} INFO - Processing /home/airflow/.local/lib/python3.7/site-packages/airflow/example_dags/example_task_group_decorator.py took 0.071 seconds
[2024-06-08T23:42:48.939+0000] {processor.py:153} INFO - Started process (PID=1164) to work on /home/airflow/.local/lib/python3.7/site-packages/airflow/example_dags/example_task_group_decorator.py
[2024-06-08T23:42:48.940+0000] {processor.py:743} INFO - Processing file /home/airflow/.local/lib/python3.7/site-packages/airflow/example_dags/example_task_group_decorator.py for tasks to queue
[2024-06-08T23:42:48.941+0000] {logging_mixin.py:137} INFO - [2024-06-08T23:42:48.941+0000] {dagbag.py:538} INFO - Filling up the DagBag from /home/airflow/.local/lib/python3.7/site-packages/airflow/example_dags/example_task_group_decorator.py
[2024-06-08T23:42:48.959+0000] {processor.py:753} INFO - DAG(s) dict_keys(['example_task_group_decorator']) retrieved from /home/airflow/.local/lib/python3.7/site-packages/airflow/example_dags/example_task_group_decorator.py
[2024-06-08T23:42:48.979+0000] {logging_mixin.py:137} INFO - [2024-06-08T23:42:48.979+0000] {dag.py:2690} INFO - Sync 1 DAGs
[2024-06-08T23:42:48.994+0000] {logging_mixin.py:137} INFO - [2024-06-08T23:42:48.994+0000] {dag.py:3441} INFO - Setting next_dagrun for example_task_group_decorator to 2024-06-07T23:42:48.994679+00:00, run_after=2024-06-08T23:42:48.994679+00:00
[2024-06-08T23:42:49.006+0000] {processor.py:175} INFO - Processing /home/airflow/.local/lib/python3.7/site-packages/airflow/example_dags/example_task_group_decorator.py took 0.070 seconds
[2024-06-08T23:43:19.631+0000] {processor.py:153} INFO - Started process (PID=1214) to work on /home/airflow/.local/lib/python3.7/site-packages/airflow/example_dags/example_task_group_decorator.py
[2024-06-08T23:43:19.632+0000] {processor.py:743} INFO - Processing file /home/airflow/.local/lib/python3.7/site-packages/airflow/example_dags/example_task_group_decorator.py for tasks to queue
[2024-06-08T23:43:19.633+0000] {logging_mixin.py:137} INFO - [2024-06-08T23:43:19.633+0000] {dagbag.py:538} INFO - Filling up the DagBag from /home/airflow/.local/lib/python3.7/site-packages/airflow/example_dags/example_task_group_decorator.py
[2024-06-08T23:43:19.653+0000] {processor.py:753} INFO - DAG(s) dict_keys(['example_task_group_decorator']) retrieved from /home/airflow/.local/lib/python3.7/site-packages/airflow/example_dags/example_task_group_decorator.py
[2024-06-08T23:43:19.676+0000] {logging_mixin.py:137} INFO - [2024-06-08T23:43:19.676+0000] {dag.py:2690} INFO - Sync 1 DAGs
[2024-06-08T23:43:19.693+0000] {logging_mixin.py:137} INFO - [2024-06-08T23:43:19.693+0000] {dag.py:3441} INFO - Setting next_dagrun for example_task_group_decorator to 2024-06-07T23:43:19.693656+00:00, run_after=2024-06-08T23:43:19.693656+00:00
[2024-06-08T23:43:19.706+0000] {processor.py:175} INFO - Processing /home/airflow/.local/lib/python3.7/site-packages/airflow/example_dags/example_task_group_decorator.py took 0.079 seconds
[2024-06-08T23:43:50.181+0000] {processor.py:153} INFO - Started process (PID=1264) to work on /home/airflow/.local/lib/python3.7/site-packages/airflow/example_dags/example_task_group_decorator.py
[2024-06-08T23:43:50.182+0000] {processor.py:743} INFO - Processing file /home/airflow/.local/lib/python3.7/site-packages/airflow/example_dags/example_task_group_decorator.py for tasks to queue
[2024-06-08T23:43:50.183+0000] {logging_mixin.py:137} INFO - [2024-06-08T23:43:50.183+0000] {dagbag.py:538} INFO - Filling up the DagBag from /home/airflow/.local/lib/python3.7/site-packages/airflow/example_dags/example_task_group_decorator.py
[2024-06-08T23:43:50.201+0000] {processor.py:753} INFO - DAG(s) dict_keys(['example_task_group_decorator']) retrieved from /home/airflow/.local/lib/python3.7/site-packages/airflow/example_dags/example_task_group_decorator.py
[2024-06-08T23:43:50.221+0000] {logging_mixin.py:137} INFO - [2024-06-08T23:43:50.220+0000] {dag.py:2690} INFO - Sync 1 DAGs
[2024-06-08T23:43:50.237+0000] {logging_mixin.py:137} INFO - [2024-06-08T23:43:50.237+0000] {dag.py:3441} INFO - Setting next_dagrun for example_task_group_decorator to 2024-06-07T23:43:50.237311+00:00, run_after=2024-06-08T23:43:50.237311+00:00
[2024-06-08T23:43:50.249+0000] {processor.py:175} INFO - Processing /home/airflow/.local/lib/python3.7/site-packages/airflow/example_dags/example_task_group_decorator.py took 0.071 seconds
[2024-06-08T23:44:20.536+0000] {processor.py:153} INFO - Started process (PID=1314) to work on /home/airflow/.local/lib/python3.7/site-packages/airflow/example_dags/example_task_group_decorator.py
[2024-06-08T23:44:20.537+0000] {processor.py:743} INFO - Processing file /home/airflow/.local/lib/python3.7/site-packages/airflow/example_dags/example_task_group_decorator.py for tasks to queue
[2024-06-08T23:44:20.538+0000] {logging_mixin.py:137} INFO - [2024-06-08T23:44:20.538+0000] {dagbag.py:538} INFO - Filling up the DagBag from /home/airflow/.local/lib/python3.7/site-packages/airflow/example_dags/example_task_group_decorator.py
[2024-06-08T23:44:20.555+0000] {processor.py:753} INFO - DAG(s) dict_keys(['example_task_group_decorator']) retrieved from /home/airflow/.local/lib/python3.7/site-packages/airflow/example_dags/example_task_group_decorator.py
[2024-06-08T23:44:20.576+0000] {logging_mixin.py:137} INFO - [2024-06-08T23:44:20.576+0000] {dag.py:2690} INFO - Sync 1 DAGs
[2024-06-08T23:44:20.592+0000] {logging_mixin.py:137} INFO - [2024-06-08T23:44:20.591+0000] {dag.py:3441} INFO - Setting next_dagrun for example_task_group_decorator to 2024-06-07T23:44:20.591697+00:00, run_after=2024-06-08T23:44:20.591697+00:00
[2024-06-08T23:44:20.604+0000] {processor.py:175} INFO - Processing /home/airflow/.local/lib/python3.7/site-packages/airflow/example_dags/example_task_group_decorator.py took 0.072 seconds
[2024-06-08T23:44:50.915+0000] {processor.py:153} INFO - Started process (PID=1365) to work on /home/airflow/.local/lib/python3.7/site-packages/airflow/example_dags/example_task_group_decorator.py
[2024-06-08T23:44:50.917+0000] {processor.py:743} INFO - Processing file /home/airflow/.local/lib/python3.7/site-packages/airflow/example_dags/example_task_group_decorator.py for tasks to queue
[2024-06-08T23:44:50.918+0000] {logging_mixin.py:137} INFO - [2024-06-08T23:44:50.918+0000] {dagbag.py:538} INFO - Filling up the DagBag from /home/airflow/.local/lib/python3.7/site-packages/airflow/example_dags/example_task_group_decorator.py
[2024-06-08T23:44:50.937+0000] {processor.py:753} INFO - DAG(s) dict_keys(['example_task_group_decorator']) retrieved from /home/airflow/.local/lib/python3.7/site-packages/airflow/example_dags/example_task_group_decorator.py
[2024-06-08T23:44:50.958+0000] {logging_mixin.py:137} INFO - [2024-06-08T23:44:50.958+0000] {dag.py:2690} INFO - Sync 1 DAGs
[2024-06-08T23:44:50.974+0000] {logging_mixin.py:137} INFO - [2024-06-08T23:44:50.974+0000] {dag.py:3441} INFO - Setting next_dagrun for example_task_group_decorator to 2024-06-07T23:44:50.974512+00:00, run_after=2024-06-08T23:44:50.974512+00:00
[2024-06-08T23:44:50.987+0000] {processor.py:175} INFO - Processing /home/airflow/.local/lib/python3.7/site-packages/airflow/example_dags/example_task_group_decorator.py took 0.075 seconds
[2024-06-08T23:45:21.221+0000] {processor.py:153} INFO - Started process (PID=1416) to work on /home/airflow/.local/lib/python3.7/site-packages/airflow/example_dags/example_task_group_decorator.py
[2024-06-08T23:45:21.223+0000] {processor.py:743} INFO - Processing file /home/airflow/.local/lib/python3.7/site-packages/airflow/example_dags/example_task_group_decorator.py for tasks to queue
[2024-06-08T23:45:21.224+0000] {logging_mixin.py:137} INFO - [2024-06-08T23:45:21.224+0000] {dagbag.py:538} INFO - Filling up the DagBag from /home/airflow/.local/lib/python3.7/site-packages/airflow/example_dags/example_task_group_decorator.py
[2024-06-08T23:45:21.243+0000] {processor.py:753} INFO - DAG(s) dict_keys(['example_task_group_decorator']) retrieved from /home/airflow/.local/lib/python3.7/site-packages/airflow/example_dags/example_task_group_decorator.py
[2024-06-08T23:45:21.262+0000] {logging_mixin.py:137} INFO - [2024-06-08T23:45:21.262+0000] {dag.py:2690} INFO - Sync 1 DAGs
[2024-06-08T23:45:21.277+0000] {logging_mixin.py:137} INFO - [2024-06-08T23:45:21.277+0000] {dag.py:3441} INFO - Setting next_dagrun for example_task_group_decorator to 2024-06-07T23:45:21.277614+00:00, run_after=2024-06-08T23:45:21.277614+00:00
[2024-06-08T23:45:21.290+0000] {processor.py:175} INFO - Processing /home/airflow/.local/lib/python3.7/site-packages/airflow/example_dags/example_task_group_decorator.py took 0.071 seconds
[2024-06-08T23:45:51.643+0000] {processor.py:153} INFO - Started process (PID=1466) to work on /home/airflow/.local/lib/python3.7/site-packages/airflow/example_dags/example_task_group_decorator.py
[2024-06-08T23:45:51.645+0000] {processor.py:743} INFO - Processing file /home/airflow/.local/lib/python3.7/site-packages/airflow/example_dags/example_task_group_decorator.py for tasks to queue
[2024-06-08T23:45:51.645+0000] {logging_mixin.py:137} INFO - [2024-06-08T23:45:51.645+0000] {dagbag.py:538} INFO - Filling up the DagBag from /home/airflow/.local/lib/python3.7/site-packages/airflow/example_dags/example_task_group_decorator.py
[2024-06-08T23:45:51.665+0000] {processor.py:753} INFO - DAG(s) dict_keys(['example_task_group_decorator']) retrieved from /home/airflow/.local/lib/python3.7/site-packages/airflow/example_dags/example_task_group_decorator.py
[2024-06-08T23:45:51.685+0000] {logging_mixin.py:137} INFO - [2024-06-08T23:45:51.685+0000] {dag.py:2690} INFO - Sync 1 DAGs
[2024-06-08T23:45:51.702+0000] {logging_mixin.py:137} INFO - [2024-06-08T23:45:51.702+0000] {dag.py:3441} INFO - Setting next_dagrun for example_task_group_decorator to 2024-06-07T23:45:51.702176+00:00, run_after=2024-06-08T23:45:51.702176+00:00
[2024-06-08T23:45:51.728+0000] {processor.py:175} INFO - Processing /home/airflow/.local/lib/python3.7/site-packages/airflow/example_dags/example_task_group_decorator.py took 0.088 seconds
[2024-06-08T23:46:22.037+0000] {processor.py:153} INFO - Started process (PID=1517) to work on /home/airflow/.local/lib/python3.7/site-packages/airflow/example_dags/example_task_group_decorator.py
[2024-06-08T23:46:22.039+0000] {processor.py:743} INFO - Processing file /home/airflow/.local/lib/python3.7/site-packages/airflow/example_dags/example_task_group_decorator.py for tasks to queue
[2024-06-08T23:46:22.040+0000] {logging_mixin.py:137} INFO - [2024-06-08T23:46:22.040+0000] {dagbag.py:538} INFO - Filling up the DagBag from /home/airflow/.local/lib/python3.7/site-packages/airflow/example_dags/example_task_group_decorator.py
[2024-06-08T23:46:22.060+0000] {processor.py:753} INFO - DAG(s) dict_keys(['example_task_group_decorator']) retrieved from /home/airflow/.local/lib/python3.7/site-packages/airflow/example_dags/example_task_group_decorator.py
[2024-06-08T23:46:22.080+0000] {logging_mixin.py:137} INFO - [2024-06-08T23:46:22.080+0000] {dag.py:2690} INFO - Sync 1 DAGs
[2024-06-08T23:46:22.095+0000] {logging_mixin.py:137} INFO - [2024-06-08T23:46:22.095+0000] {dag.py:3441} INFO - Setting next_dagrun for example_task_group_decorator to 2024-06-07T23:46:22.095586+00:00, run_after=2024-06-08T23:46:22.095586+00:00
[2024-06-08T23:46:22.108+0000] {processor.py:175} INFO - Processing /home/airflow/.local/lib/python3.7/site-packages/airflow/example_dags/example_task_group_decorator.py took 0.073 seconds
[2024-06-08T23:46:52.463+0000] {processor.py:153} INFO - Started process (PID=1567) to work on /home/airflow/.local/lib/python3.7/site-packages/airflow/example_dags/example_task_group_decorator.py
[2024-06-08T23:46:52.464+0000] {processor.py:743} INFO - Processing file /home/airflow/.local/lib/python3.7/site-packages/airflow/example_dags/example_task_group_decorator.py for tasks to queue
[2024-06-08T23:46:52.465+0000] {logging_mixin.py:137} INFO - [2024-06-08T23:46:52.465+0000] {dagbag.py:538} INFO - Filling up the DagBag from /home/airflow/.local/lib/python3.7/site-packages/airflow/example_dags/example_task_group_decorator.py
[2024-06-08T23:46:52.486+0000] {processor.py:753} INFO - DAG(s) dict_keys(['example_task_group_decorator']) retrieved from /home/airflow/.local/lib/python3.7/site-packages/airflow/example_dags/example_task_group_decorator.py
[2024-06-08T23:46:52.507+0000] {logging_mixin.py:137} INFO - [2024-06-08T23:46:52.507+0000] {dag.py:2690} INFO - Sync 1 DAGs
[2024-06-08T23:46:52.522+0000] {logging_mixin.py:137} INFO - [2024-06-08T23:46:52.522+0000] {dag.py:3441} INFO - Setting next_dagrun for example_task_group_decorator to 2024-06-07T23:46:52.522607+00:00, run_after=2024-06-08T23:46:52.522607+00:00
[2024-06-08T23:46:52.535+0000] {processor.py:175} INFO - Processing /home/airflow/.local/lib/python3.7/site-packages/airflow/example_dags/example_task_group_decorator.py took 0.075 seconds
[2024-06-08T23:47:22.955+0000] {processor.py:153} INFO - Started process (PID=1617) to work on /home/airflow/.local/lib/python3.7/site-packages/airflow/example_dags/example_task_group_decorator.py
[2024-06-08T23:47:22.956+0000] {processor.py:743} INFO - Processing file /home/airflow/.local/lib/python3.7/site-packages/airflow/example_dags/example_task_group_decorator.py for tasks to queue
[2024-06-08T23:47:22.957+0000] {logging_mixin.py:137} INFO - [2024-06-08T23:47:22.957+0000] {dagbag.py:538} INFO - Filling up the DagBag from /home/airflow/.local/lib/python3.7/site-packages/airflow/example_dags/example_task_group_decorator.py
[2024-06-08T23:47:22.976+0000] {processor.py:753} INFO - DAG(s) dict_keys(['example_task_group_decorator']) retrieved from /home/airflow/.local/lib/python3.7/site-packages/airflow/example_dags/example_task_group_decorator.py
[2024-06-08T23:47:22.997+0000] {logging_mixin.py:137} INFO - [2024-06-08T23:47:22.997+0000] {dag.py:2690} INFO - Sync 1 DAGs
[2024-06-08T23:47:23.014+0000] {logging_mixin.py:137} INFO - [2024-06-08T23:47:23.014+0000] {dag.py:3441} INFO - Setting next_dagrun for example_task_group_decorator to 2024-06-07T23:47:23.014365+00:00, run_after=2024-06-08T23:47:23.014365+00:00
[2024-06-08T23:47:23.027+0000] {processor.py:175} INFO - Processing /home/airflow/.local/lib/python3.7/site-packages/airflow/example_dags/example_task_group_decorator.py took 0.076 seconds
[2024-06-08T23:47:53.633+0000] {processor.py:153} INFO - Started process (PID=1667) to work on /home/airflow/.local/lib/python3.7/site-packages/airflow/example_dags/example_task_group_decorator.py
[2024-06-08T23:47:53.635+0000] {processor.py:743} INFO - Processing file /home/airflow/.local/lib/python3.7/site-packages/airflow/example_dags/example_task_group_decorator.py for tasks to queue
[2024-06-08T23:47:53.636+0000] {logging_mixin.py:137} INFO - [2024-06-08T23:47:53.636+0000] {dagbag.py:538} INFO - Filling up the DagBag from /home/airflow/.local/lib/python3.7/site-packages/airflow/example_dags/example_task_group_decorator.py
[2024-06-08T23:47:53.655+0000] {processor.py:753} INFO - DAG(s) dict_keys(['example_task_group_decorator']) retrieved from /home/airflow/.local/lib/python3.7/site-packages/airflow/example_dags/example_task_group_decorator.py
[2024-06-08T23:47:53.677+0000] {logging_mixin.py:137} INFO - [2024-06-08T23:47:53.677+0000] {dag.py:2690} INFO - Sync 1 DAGs
[2024-06-08T23:47:53.694+0000] {logging_mixin.py:137} INFO - [2024-06-08T23:47:53.694+0000] {dag.py:3441} INFO - Setting next_dagrun for example_task_group_decorator to 2024-06-07T23:47:53.694221+00:00, run_after=2024-06-08T23:47:53.694221+00:00
[2024-06-08T23:47:53.708+0000] {processor.py:175} INFO - Processing /home/airflow/.local/lib/python3.7/site-packages/airflow/example_dags/example_task_group_decorator.py took 0.078 seconds
[2024-06-08T23:48:24.119+0000] {processor.py:153} INFO - Started process (PID=1717) to work on /home/airflow/.local/lib/python3.7/site-packages/airflow/example_dags/example_task_group_decorator.py
[2024-06-08T23:48:24.120+0000] {processor.py:743} INFO - Processing file /home/airflow/.local/lib/python3.7/site-packages/airflow/example_dags/example_task_group_decorator.py for tasks to queue
[2024-06-08T23:48:24.121+0000] {logging_mixin.py:137} INFO - [2024-06-08T23:48:24.121+0000] {dagbag.py:538} INFO - Filling up the DagBag from /home/airflow/.local/lib/python3.7/site-packages/airflow/example_dags/example_task_group_decorator.py
[2024-06-08T23:48:24.140+0000] {processor.py:753} INFO - DAG(s) dict_keys(['example_task_group_decorator']) retrieved from /home/airflow/.local/lib/python3.7/site-packages/airflow/example_dags/example_task_group_decorator.py
[2024-06-08T23:48:24.161+0000] {logging_mixin.py:137} INFO - [2024-06-08T23:48:24.161+0000] {dag.py:2690} INFO - Sync 1 DAGs
[2024-06-08T23:48:24.177+0000] {logging_mixin.py:137} INFO - [2024-06-08T23:48:24.177+0000] {dag.py:3441} INFO - Setting next_dagrun for example_task_group_decorator to 2024-06-07T23:48:24.177411+00:00, run_after=2024-06-08T23:48:24.177411+00:00
[2024-06-08T23:48:24.190+0000] {processor.py:175} INFO - Processing /home/airflow/.local/lib/python3.7/site-packages/airflow/example_dags/example_task_group_decorator.py took 0.074 seconds
[2024-06-08T23:48:54.646+0000] {processor.py:153} INFO - Started process (PID=1767) to work on /home/airflow/.local/lib/python3.7/site-packages/airflow/example_dags/example_task_group_decorator.py
[2024-06-08T23:48:54.647+0000] {processor.py:743} INFO - Processing file /home/airflow/.local/lib/python3.7/site-packages/airflow/example_dags/example_task_group_decorator.py for tasks to queue
[2024-06-08T23:48:54.648+0000] {logging_mixin.py:137} INFO - [2024-06-08T23:48:54.648+0000] {dagbag.py:538} INFO - Filling up the DagBag from /home/airflow/.local/lib/python3.7/site-packages/airflow/example_dags/example_task_group_decorator.py
[2024-06-08T23:48:54.670+0000] {processor.py:753} INFO - DAG(s) dict_keys(['example_task_group_decorator']) retrieved from /home/airflow/.local/lib/python3.7/site-packages/airflow/example_dags/example_task_group_decorator.py
[2024-06-08T23:48:54.693+0000] {logging_mixin.py:137} INFO - [2024-06-08T23:48:54.693+0000] {dag.py:2690} INFO - Sync 1 DAGs
[2024-06-08T23:48:54.710+0000] {logging_mixin.py:137} INFO - [2024-06-08T23:48:54.710+0000] {dag.py:3441} INFO - Setting next_dagrun for example_task_group_decorator to 2024-06-07T23:48:54.709945+00:00, run_after=2024-06-08T23:48:54.709945+00:00
[2024-06-08T23:48:54.724+0000] {processor.py:175} INFO - Processing /home/airflow/.local/lib/python3.7/site-packages/airflow/example_dags/example_task_group_decorator.py took 0.082 seconds
[2024-06-08T23:49:24.986+0000] {processor.py:153} INFO - Started process (PID=1817) to work on /home/airflow/.local/lib/python3.7/site-packages/airflow/example_dags/example_task_group_decorator.py
[2024-06-08T23:49:24.988+0000] {processor.py:743} INFO - Processing file /home/airflow/.local/lib/python3.7/site-packages/airflow/example_dags/example_task_group_decorator.py for tasks to queue
[2024-06-08T23:49:24.988+0000] {logging_mixin.py:137} INFO - [2024-06-08T23:49:24.988+0000] {dagbag.py:538} INFO - Filling up the DagBag from /home/airflow/.local/lib/python3.7/site-packages/airflow/example_dags/example_task_group_decorator.py
[2024-06-08T23:49:25.008+0000] {processor.py:753} INFO - DAG(s) dict_keys(['example_task_group_decorator']) retrieved from /home/airflow/.local/lib/python3.7/site-packages/airflow/example_dags/example_task_group_decorator.py
[2024-06-08T23:49:25.031+0000] {logging_mixin.py:137} INFO - [2024-06-08T23:49:25.031+0000] {dag.py:2690} INFO - Sync 1 DAGs
[2024-06-08T23:49:25.052+0000] {logging_mixin.py:137} INFO - [2024-06-08T23:49:25.052+0000] {dag.py:3441} INFO - Setting next_dagrun for example_task_group_decorator to 2024-06-07T23:49:25.052207+00:00, run_after=2024-06-08T23:49:25.052207+00:00
[2024-06-08T23:49:25.070+0000] {processor.py:175} INFO - Processing /home/airflow/.local/lib/python3.7/site-packages/airflow/example_dags/example_task_group_decorator.py took 0.087 seconds
[2024-06-08T23:49:55.554+0000] {processor.py:153} INFO - Started process (PID=1867) to work on /home/airflow/.local/lib/python3.7/site-packages/airflow/example_dags/example_task_group_decorator.py
[2024-06-08T23:49:55.556+0000] {processor.py:743} INFO - Processing file /home/airflow/.local/lib/python3.7/site-packages/airflow/example_dags/example_task_group_decorator.py for tasks to queue
[2024-06-08T23:49:55.557+0000] {logging_mixin.py:137} INFO - [2024-06-08T23:49:55.557+0000] {dagbag.py:538} INFO - Filling up the DagBag from /home/airflow/.local/lib/python3.7/site-packages/airflow/example_dags/example_task_group_decorator.py
[2024-06-08T23:49:55.576+0000] {processor.py:753} INFO - DAG(s) dict_keys(['example_task_group_decorator']) retrieved from /home/airflow/.local/lib/python3.7/site-packages/airflow/example_dags/example_task_group_decorator.py
[2024-06-08T23:49:55.599+0000] {logging_mixin.py:137} INFO - [2024-06-08T23:49:55.599+0000] {dag.py:2690} INFO - Sync 1 DAGs
[2024-06-08T23:49:55.617+0000] {logging_mixin.py:137} INFO - [2024-06-08T23:49:55.617+0000] {dag.py:3441} INFO - Setting next_dagrun for example_task_group_decorator to 2024-06-07T23:49:55.617414+00:00, run_after=2024-06-08T23:49:55.617414+00:00
[2024-06-08T23:49:55.631+0000] {processor.py:175} INFO - Processing /home/airflow/.local/lib/python3.7/site-packages/airflow/example_dags/example_task_group_decorator.py took 0.080 seconds
[2024-06-08T23:50:26.109+0000] {processor.py:153} INFO - Started process (PID=1917) to work on /home/airflow/.local/lib/python3.7/site-packages/airflow/example_dags/example_task_group_decorator.py
[2024-06-08T23:50:26.111+0000] {processor.py:743} INFO - Processing file /home/airflow/.local/lib/python3.7/site-packages/airflow/example_dags/example_task_group_decorator.py for tasks to queue
[2024-06-08T23:50:26.112+0000] {logging_mixin.py:137} INFO - [2024-06-08T23:50:26.112+0000] {dagbag.py:538} INFO - Filling up the DagBag from /home/airflow/.local/lib/python3.7/site-packages/airflow/example_dags/example_task_group_decorator.py
[2024-06-08T23:50:26.135+0000] {processor.py:753} INFO - DAG(s) dict_keys(['example_task_group_decorator']) retrieved from /home/airflow/.local/lib/python3.7/site-packages/airflow/example_dags/example_task_group_decorator.py
[2024-06-08T23:50:26.158+0000] {logging_mixin.py:137} INFO - [2024-06-08T23:50:26.158+0000] {dag.py:2690} INFO - Sync 1 DAGs
[2024-06-08T23:50:26.178+0000] {logging_mixin.py:137} INFO - [2024-06-08T23:50:26.177+0000] {dag.py:3441} INFO - Setting next_dagrun for example_task_group_decorator to 2024-06-07T23:50:26.177564+00:00, run_after=2024-06-08T23:50:26.177564+00:00
[2024-06-08T23:50:26.192+0000] {processor.py:175} INFO - Processing /home/airflow/.local/lib/python3.7/site-packages/airflow/example_dags/example_task_group_decorator.py took 0.086 seconds
[2024-06-08T23:50:56.770+0000] {processor.py:153} INFO - Started process (PID=1967) to work on /home/airflow/.local/lib/python3.7/site-packages/airflow/example_dags/example_task_group_decorator.py
[2024-06-08T23:50:56.772+0000] {processor.py:743} INFO - Processing file /home/airflow/.local/lib/python3.7/site-packages/airflow/example_dags/example_task_group_decorator.py for tasks to queue
[2024-06-08T23:50:56.773+0000] {logging_mixin.py:137} INFO - [2024-06-08T23:50:56.773+0000] {dagbag.py:538} INFO - Filling up the DagBag from /home/airflow/.local/lib/python3.7/site-packages/airflow/example_dags/example_task_group_decorator.py
[2024-06-08T23:50:56.797+0000] {processor.py:753} INFO - DAG(s) dict_keys(['example_task_group_decorator']) retrieved from /home/airflow/.local/lib/python3.7/site-packages/airflow/example_dags/example_task_group_decorator.py
[2024-06-08T23:50:56.822+0000] {logging_mixin.py:137} INFO - [2024-06-08T23:50:56.822+0000] {dag.py:2690} INFO - Sync 1 DAGs
[2024-06-08T23:50:56.843+0000] {logging_mixin.py:137} INFO - [2024-06-08T23:50:56.843+0000] {dag.py:3441} INFO - Setting next_dagrun for example_task_group_decorator to 2024-06-07T23:50:56.843353+00:00, run_after=2024-06-08T23:50:56.843353+00:00
[2024-06-08T23:50:56.857+0000] {processor.py:175} INFO - Processing /home/airflow/.local/lib/python3.7/site-packages/airflow/example_dags/example_task_group_decorator.py took 0.090 seconds
[2024-06-08T23:51:27.388+0000] {processor.py:153} INFO - Started process (PID=2017) to work on /home/airflow/.local/lib/python3.7/site-packages/airflow/example_dags/example_task_group_decorator.py
[2024-06-08T23:51:27.390+0000] {processor.py:743} INFO - Processing file /home/airflow/.local/lib/python3.7/site-packages/airflow/example_dags/example_task_group_decorator.py for tasks to queue
[2024-06-08T23:51:27.391+0000] {logging_mixin.py:137} INFO - [2024-06-08T23:51:27.391+0000] {dagbag.py:538} INFO - Filling up the DagBag from /home/airflow/.local/lib/python3.7/site-packages/airflow/example_dags/example_task_group_decorator.py
[2024-06-08T23:51:27.410+0000] {processor.py:753} INFO - DAG(s) dict_keys(['example_task_group_decorator']) retrieved from /home/airflow/.local/lib/python3.7/site-packages/airflow/example_dags/example_task_group_decorator.py
[2024-06-08T23:51:27.432+0000] {logging_mixin.py:137} INFO - [2024-06-08T23:51:27.432+0000] {dag.py:2690} INFO - Sync 1 DAGs
[2024-06-08T23:51:27.449+0000] {logging_mixin.py:137} INFO - [2024-06-08T23:51:27.449+0000] {dag.py:3441} INFO - Setting next_dagrun for example_task_group_decorator to 2024-06-07T23:51:27.449646+00:00, run_after=2024-06-08T23:51:27.449646+00:00
[2024-06-08T23:51:27.462+0000] {processor.py:175} INFO - Processing /home/airflow/.local/lib/python3.7/site-packages/airflow/example_dags/example_task_group_decorator.py took 0.076 seconds
[2024-06-08T23:51:58.275+0000] {processor.py:153} INFO - Started process (PID=2067) to work on /home/airflow/.local/lib/python3.7/site-packages/airflow/example_dags/example_task_group_decorator.py
[2024-06-08T23:51:58.281+0000] {processor.py:743} INFO - Processing file /home/airflow/.local/lib/python3.7/site-packages/airflow/example_dags/example_task_group_decorator.py for tasks to queue
[2024-06-08T23:51:58.285+0000] {logging_mixin.py:137} INFO - [2024-06-08T23:51:58.285+0000] {dagbag.py:538} INFO - Filling up the DagBag from /home/airflow/.local/lib/python3.7/site-packages/airflow/example_dags/example_task_group_decorator.py
[2024-06-08T23:51:58.311+0000] {processor.py:753} INFO - DAG(s) dict_keys(['example_task_group_decorator']) retrieved from /home/airflow/.local/lib/python3.7/site-packages/airflow/example_dags/example_task_group_decorator.py
[2024-06-08T23:51:58.334+0000] {logging_mixin.py:137} INFO - [2024-06-08T23:51:58.334+0000] {dag.py:2690} INFO - Sync 1 DAGs
[2024-06-08T23:51:58.352+0000] {logging_mixin.py:137} INFO - [2024-06-08T23:51:58.352+0000] {dag.py:3441} INFO - Setting next_dagrun for example_task_group_decorator to 2024-06-07T23:51:58.351734+00:00, run_after=2024-06-08T23:51:58.351734+00:00
[2024-06-08T23:51:58.365+0000] {processor.py:175} INFO - Processing /home/airflow/.local/lib/python3.7/site-packages/airflow/example_dags/example_task_group_decorator.py took 0.093 seconds
[2024-06-08T23:52:29.168+0000] {processor.py:153} INFO - Started process (PID=2117) to work on /home/airflow/.local/lib/python3.7/site-packages/airflow/example_dags/example_task_group_decorator.py
[2024-06-08T23:52:29.170+0000] {processor.py:743} INFO - Processing file /home/airflow/.local/lib/python3.7/site-packages/airflow/example_dags/example_task_group_decorator.py for tasks to queue
[2024-06-08T23:52:29.171+0000] {logging_mixin.py:137} INFO - [2024-06-08T23:52:29.171+0000] {dagbag.py:538} INFO - Filling up the DagBag from /home/airflow/.local/lib/python3.7/site-packages/airflow/example_dags/example_task_group_decorator.py
[2024-06-08T23:52:29.193+0000] {processor.py:753} INFO - DAG(s) dict_keys(['example_task_group_decorator']) retrieved from /home/airflow/.local/lib/python3.7/site-packages/airflow/example_dags/example_task_group_decorator.py
[2024-06-08T23:52:29.215+0000] {logging_mixin.py:137} INFO - [2024-06-08T23:52:29.214+0000] {dag.py:2690} INFO - Sync 1 DAGs
[2024-06-08T23:52:29.233+0000] {logging_mixin.py:137} INFO - [2024-06-08T23:52:29.233+0000] {dag.py:3441} INFO - Setting next_dagrun for example_task_group_decorator to 2024-06-07T23:52:29.233031+00:00, run_after=2024-06-08T23:52:29.233031+00:00
[2024-06-08T23:52:29.246+0000] {processor.py:175} INFO - Processing /home/airflow/.local/lib/python3.7/site-packages/airflow/example_dags/example_task_group_decorator.py took 0.081 seconds
[2024-06-08T23:53:00.028+0000] {processor.py:153} INFO - Started process (PID=2167) to work on /home/airflow/.local/lib/python3.7/site-packages/airflow/example_dags/example_task_group_decorator.py
[2024-06-08T23:53:00.029+0000] {processor.py:743} INFO - Processing file /home/airflow/.local/lib/python3.7/site-packages/airflow/example_dags/example_task_group_decorator.py for tasks to queue
[2024-06-08T23:53:00.030+0000] {logging_mixin.py:137} INFO - [2024-06-08T23:53:00.030+0000] {dagbag.py:538} INFO - Filling up the DagBag from /home/airflow/.local/lib/python3.7/site-packages/airflow/example_dags/example_task_group_decorator.py
[2024-06-08T23:53:00.050+0000] {processor.py:753} INFO - DAG(s) dict_keys(['example_task_group_decorator']) retrieved from /home/airflow/.local/lib/python3.7/site-packages/airflow/example_dags/example_task_group_decorator.py
[2024-06-08T23:53:00.074+0000] {logging_mixin.py:137} INFO - [2024-06-08T23:53:00.074+0000] {dag.py:2690} INFO - Sync 1 DAGs
[2024-06-08T23:53:00.091+0000] {logging_mixin.py:137} INFO - [2024-06-08T23:53:00.091+0000] {dag.py:3441} INFO - Setting next_dagrun for example_task_group_decorator to 2024-06-07T23:53:00.091611+00:00, run_after=2024-06-08T23:53:00.091611+00:00
[2024-06-08T23:53:00.105+0000] {processor.py:175} INFO - Processing /home/airflow/.local/lib/python3.7/site-packages/airflow/example_dags/example_task_group_decorator.py took 0.080 seconds
[2024-06-08T23:53:30.751+0000] {processor.py:153} INFO - Started process (PID=2216) to work on /home/airflow/.local/lib/python3.7/site-packages/airflow/example_dags/example_task_group_decorator.py
[2024-06-08T23:53:30.753+0000] {processor.py:743} INFO - Processing file /home/airflow/.local/lib/python3.7/site-packages/airflow/example_dags/example_task_group_decorator.py for tasks to queue
[2024-06-08T23:53:30.754+0000] {logging_mixin.py:137} INFO - [2024-06-08T23:53:30.754+0000] {dagbag.py:538} INFO - Filling up the DagBag from /home/airflow/.local/lib/python3.7/site-packages/airflow/example_dags/example_task_group_decorator.py
[2024-06-08T23:53:30.774+0000] {processor.py:753} INFO - DAG(s) dict_keys(['example_task_group_decorator']) retrieved from /home/airflow/.local/lib/python3.7/site-packages/airflow/example_dags/example_task_group_decorator.py
[2024-06-08T23:53:30.796+0000] {logging_mixin.py:137} INFO - [2024-06-08T23:53:30.796+0000] {dag.py:2690} INFO - Sync 1 DAGs
[2024-06-08T23:53:30.813+0000] {logging_mixin.py:137} INFO - [2024-06-08T23:53:30.813+0000] {dag.py:3441} INFO - Setting next_dagrun for example_task_group_decorator to 2024-06-07T23:53:30.813224+00:00, run_after=2024-06-08T23:53:30.813224+00:00
[2024-06-08T23:53:30.827+0000] {processor.py:175} INFO - Processing /home/airflow/.local/lib/python3.7/site-packages/airflow/example_dags/example_task_group_decorator.py took 0.078 seconds
[2024-06-08T23:54:01.314+0000] {processor.py:153} INFO - Started process (PID=2266) to work on /home/airflow/.local/lib/python3.7/site-packages/airflow/example_dags/example_task_group_decorator.py
[2024-06-08T23:54:01.317+0000] {processor.py:743} INFO - Processing file /home/airflow/.local/lib/python3.7/site-packages/airflow/example_dags/example_task_group_decorator.py for tasks to queue
[2024-06-08T23:54:01.321+0000] {logging_mixin.py:137} INFO - [2024-06-08T23:54:01.320+0000] {dagbag.py:538} INFO - Filling up the DagBag from /home/airflow/.local/lib/python3.7/site-packages/airflow/example_dags/example_task_group_decorator.py
[2024-06-08T23:54:01.345+0000] {processor.py:753} INFO - DAG(s) dict_keys(['example_task_group_decorator']) retrieved from /home/airflow/.local/lib/python3.7/site-packages/airflow/example_dags/example_task_group_decorator.py
[2024-06-08T23:54:01.373+0000] {logging_mixin.py:137} INFO - [2024-06-08T23:54:01.373+0000] {dag.py:2690} INFO - Sync 1 DAGs
[2024-06-08T23:54:01.392+0000] {logging_mixin.py:137} INFO - [2024-06-08T23:54:01.392+0000] {dag.py:3441} INFO - Setting next_dagrun for example_task_group_decorator to 2024-06-07T23:54:01.392376+00:00, run_after=2024-06-08T23:54:01.392376+00:00
[2024-06-08T23:54:01.408+0000] {processor.py:175} INFO - Processing /home/airflow/.local/lib/python3.7/site-packages/airflow/example_dags/example_task_group_decorator.py took 0.097 seconds
[2024-06-08T23:54:31.868+0000] {processor.py:153} INFO - Started process (PID=2316) to work on /home/airflow/.local/lib/python3.7/site-packages/airflow/example_dags/example_task_group_decorator.py
[2024-06-08T23:54:31.870+0000] {processor.py:743} INFO - Processing file /home/airflow/.local/lib/python3.7/site-packages/airflow/example_dags/example_task_group_decorator.py for tasks to queue
[2024-06-08T23:54:31.871+0000] {logging_mixin.py:137} INFO - [2024-06-08T23:54:31.871+0000] {dagbag.py:538} INFO - Filling up the DagBag from /home/airflow/.local/lib/python3.7/site-packages/airflow/example_dags/example_task_group_decorator.py
[2024-06-08T23:54:31.891+0000] {processor.py:753} INFO - DAG(s) dict_keys(['example_task_group_decorator']) retrieved from /home/airflow/.local/lib/python3.7/site-packages/airflow/example_dags/example_task_group_decorator.py
[2024-06-08T23:54:31.914+0000] {logging_mixin.py:137} INFO - [2024-06-08T23:54:31.914+0000] {dag.py:2690} INFO - Sync 1 DAGs
[2024-06-08T23:54:31.933+0000] {logging_mixin.py:137} INFO - [2024-06-08T23:54:31.932+0000] {dag.py:3441} INFO - Setting next_dagrun for example_task_group_decorator to 2024-06-07T23:54:31.932689+00:00, run_after=2024-06-08T23:54:31.932689+00:00
[2024-06-08T23:54:31.946+0000] {processor.py:175} INFO - Processing /home/airflow/.local/lib/python3.7/site-packages/airflow/example_dags/example_task_group_decorator.py took 0.082 seconds
[2024-06-08T23:55:02.317+0000] {processor.py:153} INFO - Started process (PID=2372) to work on /home/airflow/.local/lib/python3.7/site-packages/airflow/example_dags/example_task_group_decorator.py
[2024-06-08T23:55:02.319+0000] {processor.py:743} INFO - Processing file /home/airflow/.local/lib/python3.7/site-packages/airflow/example_dags/example_task_group_decorator.py for tasks to queue
[2024-06-08T23:55:02.321+0000] {logging_mixin.py:137} INFO - [2024-06-08T23:55:02.320+0000] {dagbag.py:538} INFO - Filling up the DagBag from /home/airflow/.local/lib/python3.7/site-packages/airflow/example_dags/example_task_group_decorator.py
[2024-06-08T23:55:02.340+0000] {processor.py:753} INFO - DAG(s) dict_keys(['example_task_group_decorator']) retrieved from /home/airflow/.local/lib/python3.7/site-packages/airflow/example_dags/example_task_group_decorator.py
[2024-06-08T23:55:02.362+0000] {logging_mixin.py:137} INFO - [2024-06-08T23:55:02.362+0000] {dag.py:2690} INFO - Sync 1 DAGs
[2024-06-08T23:55:02.379+0000] {logging_mixin.py:137} INFO - [2024-06-08T23:55:02.379+0000] {dag.py:3441} INFO - Setting next_dagrun for example_task_group_decorator to 2024-06-07T23:55:02.378881+00:00, run_after=2024-06-08T23:55:02.378881+00:00
[2024-06-08T23:55:02.392+0000] {processor.py:175} INFO - Processing /home/airflow/.local/lib/python3.7/site-packages/airflow/example_dags/example_task_group_decorator.py took 0.078 seconds
[2024-06-08T23:55:32.639+0000] {processor.py:153} INFO - Started process (PID=2422) to work on /home/airflow/.local/lib/python3.7/site-packages/airflow/example_dags/example_task_group_decorator.py
[2024-06-08T23:55:32.641+0000] {processor.py:743} INFO - Processing file /home/airflow/.local/lib/python3.7/site-packages/airflow/example_dags/example_task_group_decorator.py for tasks to queue
[2024-06-08T23:55:32.641+0000] {logging_mixin.py:137} INFO - [2024-06-08T23:55:32.641+0000] {dagbag.py:538} INFO - Filling up the DagBag from /home/airflow/.local/lib/python3.7/site-packages/airflow/example_dags/example_task_group_decorator.py
[2024-06-08T23:55:32.661+0000] {processor.py:753} INFO - DAG(s) dict_keys(['example_task_group_decorator']) retrieved from /home/airflow/.local/lib/python3.7/site-packages/airflow/example_dags/example_task_group_decorator.py
[2024-06-08T23:55:32.683+0000] {logging_mixin.py:137} INFO - [2024-06-08T23:55:32.683+0000] {dag.py:2690} INFO - Sync 1 DAGs
[2024-06-08T23:55:32.700+0000] {logging_mixin.py:137} INFO - [2024-06-08T23:55:32.699+0000] {dag.py:3441} INFO - Setting next_dagrun for example_task_group_decorator to 2024-06-07T23:55:32.699721+00:00, run_after=2024-06-08T23:55:32.699721+00:00
[2024-06-08T23:55:32.712+0000] {processor.py:175} INFO - Processing /home/airflow/.local/lib/python3.7/site-packages/airflow/example_dags/example_task_group_decorator.py took 0.076 seconds
[2024-06-08T23:56:03.043+0000] {processor.py:153} INFO - Started process (PID=2472) to work on /home/airflow/.local/lib/python3.7/site-packages/airflow/example_dags/example_task_group_decorator.py
[2024-06-08T23:56:03.045+0000] {processor.py:743} INFO - Processing file /home/airflow/.local/lib/python3.7/site-packages/airflow/example_dags/example_task_group_decorator.py for tasks to queue
[2024-06-08T23:56:03.046+0000] {logging_mixin.py:137} INFO - [2024-06-08T23:56:03.046+0000] {dagbag.py:538} INFO - Filling up the DagBag from /home/airflow/.local/lib/python3.7/site-packages/airflow/example_dags/example_task_group_decorator.py
[2024-06-08T23:56:03.065+0000] {processor.py:753} INFO - DAG(s) dict_keys(['example_task_group_decorator']) retrieved from /home/airflow/.local/lib/python3.7/site-packages/airflow/example_dags/example_task_group_decorator.py
[2024-06-08T23:56:03.086+0000] {logging_mixin.py:137} INFO - [2024-06-08T23:56:03.086+0000] {dag.py:2690} INFO - Sync 1 DAGs
[2024-06-08T23:56:03.104+0000] {logging_mixin.py:137} INFO - [2024-06-08T23:56:03.104+0000] {dag.py:3441} INFO - Setting next_dagrun for example_task_group_decorator to 2024-06-07T23:56:03.103812+00:00, run_after=2024-06-08T23:56:03.103812+00:00
[2024-06-08T23:56:03.116+0000] {processor.py:175} INFO - Processing /home/airflow/.local/lib/python3.7/site-packages/airflow/example_dags/example_task_group_decorator.py took 0.075 seconds
[2024-06-08T23:56:33.539+0000] {processor.py:153} INFO - Started process (PID=2522) to work on /home/airflow/.local/lib/python3.7/site-packages/airflow/example_dags/example_task_group_decorator.py
[2024-06-08T23:56:33.541+0000] {processor.py:743} INFO - Processing file /home/airflow/.local/lib/python3.7/site-packages/airflow/example_dags/example_task_group_decorator.py for tasks to queue
[2024-06-08T23:56:33.542+0000] {logging_mixin.py:137} INFO - [2024-06-08T23:56:33.542+0000] {dagbag.py:538} INFO - Filling up the DagBag from /home/airflow/.local/lib/python3.7/site-packages/airflow/example_dags/example_task_group_decorator.py
[2024-06-08T23:56:33.561+0000] {processor.py:753} INFO - DAG(s) dict_keys(['example_task_group_decorator']) retrieved from /home/airflow/.local/lib/python3.7/site-packages/airflow/example_dags/example_task_group_decorator.py
[2024-06-08T23:56:33.581+0000] {logging_mixin.py:137} INFO - [2024-06-08T23:56:33.581+0000] {dag.py:2690} INFO - Sync 1 DAGs
[2024-06-08T23:56:33.598+0000] {logging_mixin.py:137} INFO - [2024-06-08T23:56:33.598+0000] {dag.py:3441} INFO - Setting next_dagrun for example_task_group_decorator to 2024-06-07T23:56:33.598260+00:00, run_after=2024-06-08T23:56:33.598260+00:00
[2024-06-08T23:56:33.610+0000] {processor.py:175} INFO - Processing /home/airflow/.local/lib/python3.7/site-packages/airflow/example_dags/example_task_group_decorator.py took 0.074 seconds
[2024-06-08T23:57:03.919+0000] {processor.py:153} INFO - Started process (PID=2572) to work on /home/airflow/.local/lib/python3.7/site-packages/airflow/example_dags/example_task_group_decorator.py
[2024-06-08T23:57:03.921+0000] {processor.py:743} INFO - Processing file /home/airflow/.local/lib/python3.7/site-packages/airflow/example_dags/example_task_group_decorator.py for tasks to queue
[2024-06-08T23:57:03.922+0000] {logging_mixin.py:137} INFO - [2024-06-08T23:57:03.921+0000] {dagbag.py:538} INFO - Filling up the DagBag from /home/airflow/.local/lib/python3.7/site-packages/airflow/example_dags/example_task_group_decorator.py
[2024-06-08T23:57:03.941+0000] {processor.py:753} INFO - DAG(s) dict_keys(['example_task_group_decorator']) retrieved from /home/airflow/.local/lib/python3.7/site-packages/airflow/example_dags/example_task_group_decorator.py
[2024-06-08T23:57:03.962+0000] {logging_mixin.py:137} INFO - [2024-06-08T23:57:03.962+0000] {dag.py:2690} INFO - Sync 1 DAGs
[2024-06-08T23:57:03.979+0000] {logging_mixin.py:137} INFO - [2024-06-08T23:57:03.979+0000] {dag.py:3441} INFO - Setting next_dagrun for example_task_group_decorator to 2024-06-07T23:57:03.978983+00:00, run_after=2024-06-08T23:57:03.978983+00:00
[2024-06-08T23:57:03.991+0000] {processor.py:175} INFO - Processing /home/airflow/.local/lib/python3.7/site-packages/airflow/example_dags/example_task_group_decorator.py took 0.076 seconds
[2024-06-08T23:57:34.469+0000] {processor.py:153} INFO - Started process (PID=2622) to work on /home/airflow/.local/lib/python3.7/site-packages/airflow/example_dags/example_task_group_decorator.py
[2024-06-08T23:57:34.471+0000] {processor.py:743} INFO - Processing file /home/airflow/.local/lib/python3.7/site-packages/airflow/example_dags/example_task_group_decorator.py for tasks to queue
[2024-06-08T23:57:34.472+0000] {logging_mixin.py:137} INFO - [2024-06-08T23:57:34.472+0000] {dagbag.py:538} INFO - Filling up the DagBag from /home/airflow/.local/lib/python3.7/site-packages/airflow/example_dags/example_task_group_decorator.py
[2024-06-08T23:57:34.492+0000] {processor.py:753} INFO - DAG(s) dict_keys(['example_task_group_decorator']) retrieved from /home/airflow/.local/lib/python3.7/site-packages/airflow/example_dags/example_task_group_decorator.py
[2024-06-08T23:57:34.512+0000] {logging_mixin.py:137} INFO - [2024-06-08T23:57:34.512+0000] {dag.py:2690} INFO - Sync 1 DAGs
[2024-06-08T23:57:34.528+0000] {logging_mixin.py:137} INFO - [2024-06-08T23:57:34.528+0000] {dag.py:3441} INFO - Setting next_dagrun for example_task_group_decorator to 2024-06-07T23:57:34.528644+00:00, run_after=2024-06-08T23:57:34.528644+00:00
[2024-06-08T23:57:34.541+0000] {processor.py:175} INFO - Processing /home/airflow/.local/lib/python3.7/site-packages/airflow/example_dags/example_task_group_decorator.py took 0.075 seconds
[2024-06-08T23:58:04.964+0000] {processor.py:153} INFO - Started process (PID=2672) to work on /home/airflow/.local/lib/python3.7/site-packages/airflow/example_dags/example_task_group_decorator.py
[2024-06-08T23:58:04.965+0000] {processor.py:743} INFO - Processing file /home/airflow/.local/lib/python3.7/site-packages/airflow/example_dags/example_task_group_decorator.py for tasks to queue
[2024-06-08T23:58:04.967+0000] {logging_mixin.py:137} INFO - [2024-06-08T23:58:04.967+0000] {dagbag.py:538} INFO - Filling up the DagBag from /home/airflow/.local/lib/python3.7/site-packages/airflow/example_dags/example_task_group_decorator.py
[2024-06-08T23:58:04.988+0000] {processor.py:753} INFO - DAG(s) dict_keys(['example_task_group_decorator']) retrieved from /home/airflow/.local/lib/python3.7/site-packages/airflow/example_dags/example_task_group_decorator.py
[2024-06-08T23:58:05.012+0000] {logging_mixin.py:137} INFO - [2024-06-08T23:58:05.012+0000] {dag.py:2690} INFO - Sync 1 DAGs
[2024-06-08T23:58:05.030+0000] {logging_mixin.py:137} INFO - [2024-06-08T23:58:05.030+0000] {dag.py:3441} INFO - Setting next_dagrun for example_task_group_decorator to 2024-06-07T23:58:05.030305+00:00, run_after=2024-06-08T23:58:05.030305+00:00
[2024-06-08T23:58:05.045+0000] {processor.py:175} INFO - Processing /home/airflow/.local/lib/python3.7/site-packages/airflow/example_dags/example_task_group_decorator.py took 0.085 seconds
[2024-06-08T23:58:35.800+0000] {processor.py:153} INFO - Started process (PID=2722) to work on /home/airflow/.local/lib/python3.7/site-packages/airflow/example_dags/example_task_group_decorator.py
[2024-06-08T23:58:35.801+0000] {processor.py:743} INFO - Processing file /home/airflow/.local/lib/python3.7/site-packages/airflow/example_dags/example_task_group_decorator.py for tasks to queue
[2024-06-08T23:58:35.802+0000] {logging_mixin.py:137} INFO - [2024-06-08T23:58:35.802+0000] {dagbag.py:538} INFO - Filling up the DagBag from /home/airflow/.local/lib/python3.7/site-packages/airflow/example_dags/example_task_group_decorator.py
[2024-06-08T23:58:35.821+0000] {processor.py:753} INFO - DAG(s) dict_keys(['example_task_group_decorator']) retrieved from /home/airflow/.local/lib/python3.7/site-packages/airflow/example_dags/example_task_group_decorator.py
[2024-06-08T23:58:35.843+0000] {logging_mixin.py:137} INFO - [2024-06-08T23:58:35.843+0000] {dag.py:2690} INFO - Sync 1 DAGs
[2024-06-08T23:58:35.858+0000] {logging_mixin.py:137} INFO - [2024-06-08T23:58:35.858+0000] {dag.py:3441} INFO - Setting next_dagrun for example_task_group_decorator to 2024-06-07T23:58:35.858664+00:00, run_after=2024-06-08T23:58:35.858664+00:00
[2024-06-08T23:58:35.871+0000] {processor.py:175} INFO - Processing /home/airflow/.local/lib/python3.7/site-packages/airflow/example_dags/example_task_group_decorator.py took 0.074 seconds
[2024-06-08T23:59:06.571+0000] {processor.py:153} INFO - Started process (PID=2772) to work on /home/airflow/.local/lib/python3.7/site-packages/airflow/example_dags/example_task_group_decorator.py
[2024-06-08T23:59:06.573+0000] {processor.py:743} INFO - Processing file /home/airflow/.local/lib/python3.7/site-packages/airflow/example_dags/example_task_group_decorator.py for tasks to queue
[2024-06-08T23:59:06.574+0000] {logging_mixin.py:137} INFO - [2024-06-08T23:59:06.573+0000] {dagbag.py:538} INFO - Filling up the DagBag from /home/airflow/.local/lib/python3.7/site-packages/airflow/example_dags/example_task_group_decorator.py
[2024-06-08T23:59:06.592+0000] {processor.py:753} INFO - DAG(s) dict_keys(['example_task_group_decorator']) retrieved from /home/airflow/.local/lib/python3.7/site-packages/airflow/example_dags/example_task_group_decorator.py
[2024-06-08T23:59:06.614+0000] {logging_mixin.py:137} INFO - [2024-06-08T23:59:06.614+0000] {dag.py:2690} INFO - Sync 1 DAGs
[2024-06-08T23:59:06.631+0000] {logging_mixin.py:137} INFO - [2024-06-08T23:59:06.631+0000] {dag.py:3441} INFO - Setting next_dagrun for example_task_group_decorator to 2024-06-07T23:59:06.631049+00:00, run_after=2024-06-08T23:59:06.631049+00:00
[2024-06-08T23:59:06.645+0000] {processor.py:175} INFO - Processing /home/airflow/.local/lib/python3.7/site-packages/airflow/example_dags/example_task_group_decorator.py took 0.076 seconds
[2024-06-08T23:59:36.928+0000] {processor.py:153} INFO - Started process (PID=2822) to work on /home/airflow/.local/lib/python3.7/site-packages/airflow/example_dags/example_task_group_decorator.py
[2024-06-08T23:59:36.929+0000] {processor.py:743} INFO - Processing file /home/airflow/.local/lib/python3.7/site-packages/airflow/example_dags/example_task_group_decorator.py for tasks to queue
[2024-06-08T23:59:36.930+0000] {logging_mixin.py:137} INFO - [2024-06-08T23:59:36.930+0000] {dagbag.py:538} INFO - Filling up the DagBag from /home/airflow/.local/lib/python3.7/site-packages/airflow/example_dags/example_task_group_decorator.py
[2024-06-08T23:59:36.948+0000] {processor.py:753} INFO - DAG(s) dict_keys(['example_task_group_decorator']) retrieved from /home/airflow/.local/lib/python3.7/site-packages/airflow/example_dags/example_task_group_decorator.py
[2024-06-08T23:59:36.970+0000] {logging_mixin.py:137} INFO - [2024-06-08T23:59:36.970+0000] {dag.py:2690} INFO - Sync 1 DAGs
[2024-06-08T23:59:36.987+0000] {logging_mixin.py:137} INFO - [2024-06-08T23:59:36.987+0000] {dag.py:3441} INFO - Setting next_dagrun for example_task_group_decorator to 2024-06-07T23:59:36.987498+00:00, run_after=2024-06-08T23:59:36.987498+00:00
[2024-06-08T23:59:37.000+0000] {processor.py:175} INFO - Processing /home/airflow/.local/lib/python3.7/site-packages/airflow/example_dags/example_task_group_decorator.py took 0.075 seconds
