[2024-06-08T23:31:36.236+0000] {processor.py:153} INFO - Started process (PID=59) to work on /home/airflow/.local/lib/python3.7/site-packages/airflow/example_dags/example_branch_operator.py
[2024-06-08T23:31:36.237+0000] {processor.py:743} INFO - Processing file /home/airflow/.local/lib/python3.7/site-packages/airflow/example_dags/example_branch_operator.py for tasks to queue
[2024-06-08T23:31:36.238+0000] {logging_mixin.py:137} INFO - [2024-06-08T23:31:36.238+0000] {dagbag.py:538} INFO - Filling up the DagBag from /home/airflow/.local/lib/python3.7/site-packages/airflow/example_dags/example_branch_operator.py
[2024-06-08T23:31:36.255+0000] {processor.py:753} INFO - DAG(s) dict_keys(['example_branch_operator']) retrieved from /home/airflow/.local/lib/python3.7/site-packages/airflow/example_dags/example_branch_operator.py
[2024-06-08T23:31:36.278+0000] {logging_mixin.py:137} INFO - [2024-06-08T23:31:36.278+0000] {dag.py:2690} INFO - Sync 1 DAGs
[2024-06-08T23:31:36.302+0000] {logging_mixin.py:137} INFO - [2024-06-08T23:31:36.301+0000] {dag.py:3441} INFO - Setting next_dagrun for example_branch_operator to 2024-06-07T00:00:00+00:00, run_after=2024-06-08T00:00:00+00:00
[2024-06-08T23:31:36.321+0000] {processor.py:175} INFO - Processing /home/airflow/.local/lib/python3.7/site-packages/airflow/example_dags/example_branch_operator.py took 0.088 seconds
[2024-06-08T23:32:06.948+0000] {processor.py:153} INFO - Started process (PID=109) to work on /home/airflow/.local/lib/python3.7/site-packages/airflow/example_dags/example_branch_operator.py
[2024-06-08T23:32:06.949+0000] {processor.py:743} INFO - Processing file /home/airflow/.local/lib/python3.7/site-packages/airflow/example_dags/example_branch_operator.py for tasks to queue
[2024-06-08T23:32:06.950+0000] {logging_mixin.py:137} INFO - [2024-06-08T23:32:06.950+0000] {dagbag.py:538} INFO - Filling up the DagBag from /home/airflow/.local/lib/python3.7/site-packages/airflow/example_dags/example_branch_operator.py
[2024-06-08T23:32:06.964+0000] {processor.py:753} INFO - DAG(s) dict_keys(['example_branch_operator']) retrieved from /home/airflow/.local/lib/python3.7/site-packages/airflow/example_dags/example_branch_operator.py
[2024-06-08T23:32:06.986+0000] {logging_mixin.py:137} INFO - [2024-06-08T23:32:06.986+0000] {dag.py:2690} INFO - Sync 1 DAGs
[2024-06-08T23:32:07.005+0000] {logging_mixin.py:137} INFO - [2024-06-08T23:32:07.005+0000] {dag.py:3441} INFO - Setting next_dagrun for example_branch_operator to 2024-06-07T00:00:00+00:00, run_after=2024-06-08T00:00:00+00:00
[2024-06-08T23:32:07.019+0000] {processor.py:175} INFO - Processing /home/airflow/.local/lib/python3.7/site-packages/airflow/example_dags/example_branch_operator.py took 0.075 seconds
[2024-06-08T23:32:37.188+0000] {processor.py:153} INFO - Started process (PID=159) to work on /home/airflow/.local/lib/python3.7/site-packages/airflow/example_dags/example_branch_operator.py
[2024-06-08T23:32:37.190+0000] {processor.py:743} INFO - Processing file /home/airflow/.local/lib/python3.7/site-packages/airflow/example_dags/example_branch_operator.py for tasks to queue
[2024-06-08T23:32:37.191+0000] {logging_mixin.py:137} INFO - [2024-06-08T23:32:37.191+0000] {dagbag.py:538} INFO - Filling up the DagBag from /home/airflow/.local/lib/python3.7/site-packages/airflow/example_dags/example_branch_operator.py
[2024-06-08T23:32:37.203+0000] {processor.py:753} INFO - DAG(s) dict_keys(['example_branch_operator']) retrieved from /home/airflow/.local/lib/python3.7/site-packages/airflow/example_dags/example_branch_operator.py
[2024-06-08T23:32:37.224+0000] {logging_mixin.py:137} INFO - [2024-06-08T23:32:37.224+0000] {dag.py:2690} INFO - Sync 1 DAGs
[2024-06-08T23:32:37.242+0000] {logging_mixin.py:137} INFO - [2024-06-08T23:32:37.241+0000] {dag.py:3441} INFO - Setting next_dagrun for example_branch_operator to 2024-06-07T00:00:00+00:00, run_after=2024-06-08T00:00:00+00:00
[2024-06-08T23:32:37.254+0000] {processor.py:175} INFO - Processing /home/airflow/.local/lib/python3.7/site-packages/airflow/example_dags/example_branch_operator.py took 0.069 seconds
[2024-06-08T23:33:07.565+0000] {processor.py:153} INFO - Started process (PID=209) to work on /home/airflow/.local/lib/python3.7/site-packages/airflow/example_dags/example_branch_operator.py
[2024-06-08T23:33:07.567+0000] {processor.py:743} INFO - Processing file /home/airflow/.local/lib/python3.7/site-packages/airflow/example_dags/example_branch_operator.py for tasks to queue
[2024-06-08T23:33:07.568+0000] {logging_mixin.py:137} INFO - [2024-06-08T23:33:07.568+0000] {dagbag.py:538} INFO - Filling up the DagBag from /home/airflow/.local/lib/python3.7/site-packages/airflow/example_dags/example_branch_operator.py
[2024-06-08T23:33:07.580+0000] {processor.py:753} INFO - DAG(s) dict_keys(['example_branch_operator']) retrieved from /home/airflow/.local/lib/python3.7/site-packages/airflow/example_dags/example_branch_operator.py
[2024-06-08T23:33:07.602+0000] {logging_mixin.py:137} INFO - [2024-06-08T23:33:07.602+0000] {dag.py:2690} INFO - Sync 1 DAGs
[2024-06-08T23:33:07.619+0000] {logging_mixin.py:137} INFO - [2024-06-08T23:33:07.619+0000] {dag.py:3441} INFO - Setting next_dagrun for example_branch_operator to 2024-06-07T00:00:00+00:00, run_after=2024-06-08T00:00:00+00:00
[2024-06-08T23:33:07.632+0000] {processor.py:175} INFO - Processing /home/airflow/.local/lib/python3.7/site-packages/airflow/example_dags/example_branch_operator.py took 0.070 seconds
[2024-06-08T23:33:37.846+0000] {processor.py:153} INFO - Started process (PID=260) to work on /home/airflow/.local/lib/python3.7/site-packages/airflow/example_dags/example_branch_operator.py
[2024-06-08T23:33:37.848+0000] {processor.py:743} INFO - Processing file /home/airflow/.local/lib/python3.7/site-packages/airflow/example_dags/example_branch_operator.py for tasks to queue
[2024-06-08T23:33:37.849+0000] {logging_mixin.py:137} INFO - [2024-06-08T23:33:37.849+0000] {dagbag.py:538} INFO - Filling up the DagBag from /home/airflow/.local/lib/python3.7/site-packages/airflow/example_dags/example_branch_operator.py
[2024-06-08T23:33:37.861+0000] {processor.py:753} INFO - DAG(s) dict_keys(['example_branch_operator']) retrieved from /home/airflow/.local/lib/python3.7/site-packages/airflow/example_dags/example_branch_operator.py
[2024-06-08T23:33:37.881+0000] {logging_mixin.py:137} INFO - [2024-06-08T23:33:37.881+0000] {dag.py:2690} INFO - Sync 1 DAGs
[2024-06-08T23:33:37.897+0000] {logging_mixin.py:137} INFO - [2024-06-08T23:33:37.897+0000] {dag.py:3441} INFO - Setting next_dagrun for example_branch_operator to 2024-06-07T00:00:00+00:00, run_after=2024-06-08T00:00:00+00:00
[2024-06-08T23:33:37.910+0000] {processor.py:175} INFO - Processing /home/airflow/.local/lib/python3.7/site-packages/airflow/example_dags/example_branch_operator.py took 0.066 seconds
[2024-06-08T23:34:08.283+0000] {processor.py:153} INFO - Started process (PID=309) to work on /home/airflow/.local/lib/python3.7/site-packages/airflow/example_dags/example_branch_operator.py
[2024-06-08T23:34:08.285+0000] {processor.py:743} INFO - Processing file /home/airflow/.local/lib/python3.7/site-packages/airflow/example_dags/example_branch_operator.py for tasks to queue
[2024-06-08T23:34:08.286+0000] {logging_mixin.py:137} INFO - [2024-06-08T23:34:08.286+0000] {dagbag.py:538} INFO - Filling up the DagBag from /home/airflow/.local/lib/python3.7/site-packages/airflow/example_dags/example_branch_operator.py
[2024-06-08T23:34:08.298+0000] {processor.py:753} INFO - DAG(s) dict_keys(['example_branch_operator']) retrieved from /home/airflow/.local/lib/python3.7/site-packages/airflow/example_dags/example_branch_operator.py
[2024-06-08T23:34:08.321+0000] {logging_mixin.py:137} INFO - [2024-06-08T23:34:08.321+0000] {dag.py:2690} INFO - Sync 1 DAGs
[2024-06-08T23:34:08.340+0000] {logging_mixin.py:137} INFO - [2024-06-08T23:34:08.339+0000] {dag.py:3441} INFO - Setting next_dagrun for example_branch_operator to 2024-06-07T00:00:00+00:00, run_after=2024-06-08T00:00:00+00:00
[2024-06-08T23:34:08.353+0000] {processor.py:175} INFO - Processing /home/airflow/.local/lib/python3.7/site-packages/airflow/example_dags/example_branch_operator.py took 0.073 seconds
[2024-06-08T23:34:39.106+0000] {processor.py:153} INFO - Started process (PID=359) to work on /home/airflow/.local/lib/python3.7/site-packages/airflow/example_dags/example_branch_operator.py
[2024-06-08T23:34:39.107+0000] {processor.py:743} INFO - Processing file /home/airflow/.local/lib/python3.7/site-packages/airflow/example_dags/example_branch_operator.py for tasks to queue
[2024-06-08T23:34:39.108+0000] {logging_mixin.py:137} INFO - [2024-06-08T23:34:39.108+0000] {dagbag.py:538} INFO - Filling up the DagBag from /home/airflow/.local/lib/python3.7/site-packages/airflow/example_dags/example_branch_operator.py
[2024-06-08T23:34:39.121+0000] {processor.py:753} INFO - DAG(s) dict_keys(['example_branch_operator']) retrieved from /home/airflow/.local/lib/python3.7/site-packages/airflow/example_dags/example_branch_operator.py
[2024-06-08T23:34:39.141+0000] {logging_mixin.py:137} INFO - [2024-06-08T23:34:39.141+0000] {dag.py:2690} INFO - Sync 1 DAGs
[2024-06-08T23:34:39.158+0000] {logging_mixin.py:137} INFO - [2024-06-08T23:34:39.158+0000] {dag.py:3441} INFO - Setting next_dagrun for example_branch_operator to 2024-06-07T00:00:00+00:00, run_after=2024-06-08T00:00:00+00:00
[2024-06-08T23:34:39.170+0000] {processor.py:175} INFO - Processing /home/airflow/.local/lib/python3.7/site-packages/airflow/example_dags/example_branch_operator.py took 0.066 seconds
[2024-06-08T23:35:09.562+0000] {processor.py:153} INFO - Started process (PID=409) to work on /home/airflow/.local/lib/python3.7/site-packages/airflow/example_dags/example_branch_operator.py
[2024-06-08T23:35:09.564+0000] {processor.py:743} INFO - Processing file /home/airflow/.local/lib/python3.7/site-packages/airflow/example_dags/example_branch_operator.py for tasks to queue
[2024-06-08T23:35:09.565+0000] {logging_mixin.py:137} INFO - [2024-06-08T23:35:09.565+0000] {dagbag.py:538} INFO - Filling up the DagBag from /home/airflow/.local/lib/python3.7/site-packages/airflow/example_dags/example_branch_operator.py
[2024-06-08T23:35:09.577+0000] {processor.py:753} INFO - DAG(s) dict_keys(['example_branch_operator']) retrieved from /home/airflow/.local/lib/python3.7/site-packages/airflow/example_dags/example_branch_operator.py
[2024-06-08T23:35:09.605+0000] {logging_mixin.py:137} INFO - [2024-06-08T23:35:09.605+0000] {dag.py:2690} INFO - Sync 1 DAGs
[2024-06-08T23:35:09.627+0000] {logging_mixin.py:137} INFO - [2024-06-08T23:35:09.627+0000] {dag.py:3441} INFO - Setting next_dagrun for example_branch_operator to 2024-06-07T00:00:00+00:00, run_after=2024-06-08T00:00:00+00:00
[2024-06-08T23:35:09.642+0000] {processor.py:175} INFO - Processing /home/airflow/.local/lib/python3.7/site-packages/airflow/example_dags/example_branch_operator.py took 0.083 seconds
[2024-06-08T23:35:40.018+0000] {processor.py:153} INFO - Started process (PID=459) to work on /home/airflow/.local/lib/python3.7/site-packages/airflow/example_dags/example_branch_operator.py
[2024-06-08T23:35:40.019+0000] {processor.py:743} INFO - Processing file /home/airflow/.local/lib/python3.7/site-packages/airflow/example_dags/example_branch_operator.py for tasks to queue
[2024-06-08T23:35:40.020+0000] {logging_mixin.py:137} INFO - [2024-06-08T23:35:40.020+0000] {dagbag.py:538} INFO - Filling up the DagBag from /home/airflow/.local/lib/python3.7/site-packages/airflow/example_dags/example_branch_operator.py
[2024-06-08T23:35:40.032+0000] {processor.py:753} INFO - DAG(s) dict_keys(['example_branch_operator']) retrieved from /home/airflow/.local/lib/python3.7/site-packages/airflow/example_dags/example_branch_operator.py
[2024-06-08T23:35:40.056+0000] {logging_mixin.py:137} INFO - [2024-06-08T23:35:40.056+0000] {dag.py:2690} INFO - Sync 1 DAGs
[2024-06-08T23:35:40.079+0000] {logging_mixin.py:137} INFO - [2024-06-08T23:35:40.079+0000] {dag.py:3441} INFO - Setting next_dagrun for example_branch_operator to 2024-06-07T00:00:00+00:00, run_after=2024-06-08T00:00:00+00:00
[2024-06-08T23:35:40.096+0000] {processor.py:175} INFO - Processing /home/airflow/.local/lib/python3.7/site-packages/airflow/example_dags/example_branch_operator.py took 0.081 seconds
[2024-06-08T23:36:10.601+0000] {processor.py:153} INFO - Started process (PID=509) to work on /home/airflow/.local/lib/python3.7/site-packages/airflow/example_dags/example_branch_operator.py
[2024-06-08T23:36:10.603+0000] {processor.py:743} INFO - Processing file /home/airflow/.local/lib/python3.7/site-packages/airflow/example_dags/example_branch_operator.py for tasks to queue
[2024-06-08T23:36:10.604+0000] {logging_mixin.py:137} INFO - [2024-06-08T23:36:10.604+0000] {dagbag.py:538} INFO - Filling up the DagBag from /home/airflow/.local/lib/python3.7/site-packages/airflow/example_dags/example_branch_operator.py
[2024-06-08T23:36:10.616+0000] {processor.py:753} INFO - DAG(s) dict_keys(['example_branch_operator']) retrieved from /home/airflow/.local/lib/python3.7/site-packages/airflow/example_dags/example_branch_operator.py
[2024-06-08T23:36:10.641+0000] {logging_mixin.py:137} INFO - [2024-06-08T23:36:10.640+0000] {dag.py:2690} INFO - Sync 1 DAGs
[2024-06-08T23:36:10.658+0000] {logging_mixin.py:137} INFO - [2024-06-08T23:36:10.658+0000] {dag.py:3441} INFO - Setting next_dagrun for example_branch_operator to 2024-06-07T00:00:00+00:00, run_after=2024-06-08T00:00:00+00:00
[2024-06-08T23:36:10.672+0000] {processor.py:175} INFO - Processing /home/airflow/.local/lib/python3.7/site-packages/airflow/example_dags/example_branch_operator.py took 0.074 seconds
[2024-06-08T23:36:41.516+0000] {processor.py:153} INFO - Started process (PID=559) to work on /home/airflow/.local/lib/python3.7/site-packages/airflow/example_dags/example_branch_operator.py
[2024-06-08T23:36:41.517+0000] {processor.py:743} INFO - Processing file /home/airflow/.local/lib/python3.7/site-packages/airflow/example_dags/example_branch_operator.py for tasks to queue
[2024-06-08T23:36:41.518+0000] {logging_mixin.py:137} INFO - [2024-06-08T23:36:41.518+0000] {dagbag.py:538} INFO - Filling up the DagBag from /home/airflow/.local/lib/python3.7/site-packages/airflow/example_dags/example_branch_operator.py
[2024-06-08T23:36:41.530+0000] {processor.py:753} INFO - DAG(s) dict_keys(['example_branch_operator']) retrieved from /home/airflow/.local/lib/python3.7/site-packages/airflow/example_dags/example_branch_operator.py
[2024-06-08T23:36:41.552+0000] {logging_mixin.py:137} INFO - [2024-06-08T23:36:41.552+0000] {dag.py:2690} INFO - Sync 1 DAGs
[2024-06-08T23:36:41.568+0000] {logging_mixin.py:137} INFO - [2024-06-08T23:36:41.568+0000] {dag.py:3441} INFO - Setting next_dagrun for example_branch_operator to 2024-06-07T00:00:00+00:00, run_after=2024-06-08T00:00:00+00:00
[2024-06-08T23:36:41.581+0000] {processor.py:175} INFO - Processing /home/airflow/.local/lib/python3.7/site-packages/airflow/example_dags/example_branch_operator.py took 0.068 seconds
[2024-06-08T23:37:12.003+0000] {processor.py:153} INFO - Started process (PID=609) to work on /home/airflow/.local/lib/python3.7/site-packages/airflow/example_dags/example_branch_operator.py
[2024-06-08T23:37:12.004+0000] {processor.py:743} INFO - Processing file /home/airflow/.local/lib/python3.7/site-packages/airflow/example_dags/example_branch_operator.py for tasks to queue
[2024-06-08T23:37:12.005+0000] {logging_mixin.py:137} INFO - [2024-06-08T23:37:12.005+0000] {dagbag.py:538} INFO - Filling up the DagBag from /home/airflow/.local/lib/python3.7/site-packages/airflow/example_dags/example_branch_operator.py
[2024-06-08T23:37:12.017+0000] {processor.py:753} INFO - DAG(s) dict_keys(['example_branch_operator']) retrieved from /home/airflow/.local/lib/python3.7/site-packages/airflow/example_dags/example_branch_operator.py
[2024-06-08T23:37:12.040+0000] {logging_mixin.py:137} INFO - [2024-06-08T23:37:12.040+0000] {dag.py:2690} INFO - Sync 1 DAGs
[2024-06-08T23:37:12.059+0000] {logging_mixin.py:137} INFO - [2024-06-08T23:37:12.058+0000] {dag.py:3441} INFO - Setting next_dagrun for example_branch_operator to 2024-06-07T00:00:00+00:00, run_after=2024-06-08T00:00:00+00:00
[2024-06-08T23:37:12.071+0000] {processor.py:175} INFO - Processing /home/airflow/.local/lib/python3.7/site-packages/airflow/example_dags/example_branch_operator.py took 0.071 seconds
[2024-06-08T23:37:42.384+0000] {processor.py:153} INFO - Started process (PID=659) to work on /home/airflow/.local/lib/python3.7/site-packages/airflow/example_dags/example_branch_operator.py
[2024-06-08T23:37:42.385+0000] {processor.py:743} INFO - Processing file /home/airflow/.local/lib/python3.7/site-packages/airflow/example_dags/example_branch_operator.py for tasks to queue
[2024-06-08T23:37:42.386+0000] {logging_mixin.py:137} INFO - [2024-06-08T23:37:42.386+0000] {dagbag.py:538} INFO - Filling up the DagBag from /home/airflow/.local/lib/python3.7/site-packages/airflow/example_dags/example_branch_operator.py
[2024-06-08T23:37:42.399+0000] {processor.py:753} INFO - DAG(s) dict_keys(['example_branch_operator']) retrieved from /home/airflow/.local/lib/python3.7/site-packages/airflow/example_dags/example_branch_operator.py
[2024-06-08T23:37:42.421+0000] {logging_mixin.py:137} INFO - [2024-06-08T23:37:42.421+0000] {dag.py:2690} INFO - Sync 1 DAGs
[2024-06-08T23:37:42.438+0000] {logging_mixin.py:137} INFO - [2024-06-08T23:37:42.438+0000] {dag.py:3441} INFO - Setting next_dagrun for example_branch_operator to 2024-06-07T00:00:00+00:00, run_after=2024-06-08T00:00:00+00:00
[2024-06-08T23:37:42.451+0000] {processor.py:175} INFO - Processing /home/airflow/.local/lib/python3.7/site-packages/airflow/example_dags/example_branch_operator.py took 0.070 seconds
[2024-06-08T23:38:13.371+0000] {processor.py:153} INFO - Started process (PID=709) to work on /home/airflow/.local/lib/python3.7/site-packages/airflow/example_dags/example_branch_operator.py
[2024-06-08T23:38:13.373+0000] {processor.py:743} INFO - Processing file /home/airflow/.local/lib/python3.7/site-packages/airflow/example_dags/example_branch_operator.py for tasks to queue
[2024-06-08T23:38:13.374+0000] {logging_mixin.py:137} INFO - [2024-06-08T23:38:13.373+0000] {dagbag.py:538} INFO - Filling up the DagBag from /home/airflow/.local/lib/python3.7/site-packages/airflow/example_dags/example_branch_operator.py
[2024-06-08T23:38:13.388+0000] {processor.py:753} INFO - DAG(s) dict_keys(['example_branch_operator']) retrieved from /home/airflow/.local/lib/python3.7/site-packages/airflow/example_dags/example_branch_operator.py
[2024-06-08T23:38:13.413+0000] {logging_mixin.py:137} INFO - [2024-06-08T23:38:13.413+0000] {dag.py:2690} INFO - Sync 1 DAGs
[2024-06-08T23:38:13.433+0000] {logging_mixin.py:137} INFO - [2024-06-08T23:38:13.433+0000] {dag.py:3441} INFO - Setting next_dagrun for example_branch_operator to 2024-06-07T00:00:00+00:00, run_after=2024-06-08T00:00:00+00:00
[2024-06-08T23:38:13.451+0000] {processor.py:175} INFO - Processing /home/airflow/.local/lib/python3.7/site-packages/airflow/example_dags/example_branch_operator.py took 0.083 seconds
[2024-06-08T23:38:43.541+0000] {processor.py:153} INFO - Started process (PID=759) to work on /home/airflow/.local/lib/python3.7/site-packages/airflow/example_dags/example_branch_operator.py
[2024-06-08T23:38:43.542+0000] {processor.py:743} INFO - Processing file /home/airflow/.local/lib/python3.7/site-packages/airflow/example_dags/example_branch_operator.py for tasks to queue
[2024-06-08T23:38:43.543+0000] {logging_mixin.py:137} INFO - [2024-06-08T23:38:43.543+0000] {dagbag.py:538} INFO - Filling up the DagBag from /home/airflow/.local/lib/python3.7/site-packages/airflow/example_dags/example_branch_operator.py
[2024-06-08T23:38:43.555+0000] {processor.py:753} INFO - DAG(s) dict_keys(['example_branch_operator']) retrieved from /home/airflow/.local/lib/python3.7/site-packages/airflow/example_dags/example_branch_operator.py
[2024-06-08T23:38:43.575+0000] {logging_mixin.py:137} INFO - [2024-06-08T23:38:43.575+0000] {dag.py:2690} INFO - Sync 1 DAGs
[2024-06-08T23:38:43.592+0000] {logging_mixin.py:137} INFO - [2024-06-08T23:38:43.592+0000] {dag.py:3441} INFO - Setting next_dagrun for example_branch_operator to 2024-06-07T00:00:00+00:00, run_after=2024-06-08T00:00:00+00:00
[2024-06-08T23:38:43.604+0000] {processor.py:175} INFO - Processing /home/airflow/.local/lib/python3.7/site-packages/airflow/example_dags/example_branch_operator.py took 0.066 seconds
[2024-06-08T23:39:14.008+0000] {processor.py:153} INFO - Started process (PID=809) to work on /home/airflow/.local/lib/python3.7/site-packages/airflow/example_dags/example_branch_operator.py
[2024-06-08T23:39:14.009+0000] {processor.py:743} INFO - Processing file /home/airflow/.local/lib/python3.7/site-packages/airflow/example_dags/example_branch_operator.py for tasks to queue
[2024-06-08T23:39:14.013+0000] {logging_mixin.py:137} INFO - [2024-06-08T23:39:14.013+0000] {dagbag.py:538} INFO - Filling up the DagBag from /home/airflow/.local/lib/python3.7/site-packages/airflow/example_dags/example_branch_operator.py
[2024-06-08T23:39:14.029+0000] {processor.py:753} INFO - DAG(s) dict_keys(['example_branch_operator']) retrieved from /home/airflow/.local/lib/python3.7/site-packages/airflow/example_dags/example_branch_operator.py
[2024-06-08T23:39:14.055+0000] {logging_mixin.py:137} INFO - [2024-06-08T23:39:14.054+0000] {dag.py:2690} INFO - Sync 1 DAGs
[2024-06-08T23:39:14.073+0000] {logging_mixin.py:137} INFO - [2024-06-08T23:39:14.073+0000] {dag.py:3441} INFO - Setting next_dagrun for example_branch_operator to 2024-06-07T00:00:00+00:00, run_after=2024-06-08T00:00:00+00:00
[2024-06-08T23:39:14.087+0000] {processor.py:175} INFO - Processing /home/airflow/.local/lib/python3.7/site-packages/airflow/example_dags/example_branch_operator.py took 0.083 seconds
[2024-06-08T23:39:44.728+0000] {processor.py:153} INFO - Started process (PID=859) to work on /home/airflow/.local/lib/python3.7/site-packages/airflow/example_dags/example_branch_operator.py
[2024-06-08T23:39:44.730+0000] {processor.py:743} INFO - Processing file /home/airflow/.local/lib/python3.7/site-packages/airflow/example_dags/example_branch_operator.py for tasks to queue
[2024-06-08T23:39:44.731+0000] {logging_mixin.py:137} INFO - [2024-06-08T23:39:44.731+0000] {dagbag.py:538} INFO - Filling up the DagBag from /home/airflow/.local/lib/python3.7/site-packages/airflow/example_dags/example_branch_operator.py
[2024-06-08T23:39:44.743+0000] {processor.py:753} INFO - DAG(s) dict_keys(['example_branch_operator']) retrieved from /home/airflow/.local/lib/python3.7/site-packages/airflow/example_dags/example_branch_operator.py
[2024-06-08T23:39:44.764+0000] {logging_mixin.py:137} INFO - [2024-06-08T23:39:44.764+0000] {dag.py:2690} INFO - Sync 1 DAGs
[2024-06-08T23:39:44.780+0000] {logging_mixin.py:137} INFO - [2024-06-08T23:39:44.780+0000] {dag.py:3441} INFO - Setting next_dagrun for example_branch_operator to 2024-06-07T00:00:00+00:00, run_after=2024-06-08T00:00:00+00:00
[2024-06-08T23:39:44.792+0000] {processor.py:175} INFO - Processing /home/airflow/.local/lib/python3.7/site-packages/airflow/example_dags/example_branch_operator.py took 0.067 seconds
[2024-06-08T23:40:15.014+0000] {processor.py:153} INFO - Started process (PID=909) to work on /home/airflow/.local/lib/python3.7/site-packages/airflow/example_dags/example_branch_operator.py
[2024-06-08T23:40:15.016+0000] {processor.py:743} INFO - Processing file /home/airflow/.local/lib/python3.7/site-packages/airflow/example_dags/example_branch_operator.py for tasks to queue
[2024-06-08T23:40:15.018+0000] {logging_mixin.py:137} INFO - [2024-06-08T23:40:15.017+0000] {dagbag.py:538} INFO - Filling up the DagBag from /home/airflow/.local/lib/python3.7/site-packages/airflow/example_dags/example_branch_operator.py
[2024-06-08T23:40:15.031+0000] {processor.py:753} INFO - DAG(s) dict_keys(['example_branch_operator']) retrieved from /home/airflow/.local/lib/python3.7/site-packages/airflow/example_dags/example_branch_operator.py
[2024-06-08T23:40:15.053+0000] {logging_mixin.py:137} INFO - [2024-06-08T23:40:15.053+0000] {dag.py:2690} INFO - Sync 1 DAGs
[2024-06-08T23:40:15.072+0000] {logging_mixin.py:137} INFO - [2024-06-08T23:40:15.072+0000] {dag.py:3441} INFO - Setting next_dagrun for example_branch_operator to 2024-06-07T00:00:00+00:00, run_after=2024-06-08T00:00:00+00:00
[2024-06-08T23:40:15.087+0000] {processor.py:175} INFO - Processing /home/airflow/.local/lib/python3.7/site-packages/airflow/example_dags/example_branch_operator.py took 0.075 seconds
[2024-06-08T23:40:45.513+0000] {processor.py:153} INFO - Started process (PID=959) to work on /home/airflow/.local/lib/python3.7/site-packages/airflow/example_dags/example_branch_operator.py
[2024-06-08T23:40:45.514+0000] {processor.py:743} INFO - Processing file /home/airflow/.local/lib/python3.7/site-packages/airflow/example_dags/example_branch_operator.py for tasks to queue
[2024-06-08T23:40:45.515+0000] {logging_mixin.py:137} INFO - [2024-06-08T23:40:45.515+0000] {dagbag.py:538} INFO - Filling up the DagBag from /home/airflow/.local/lib/python3.7/site-packages/airflow/example_dags/example_branch_operator.py
[2024-06-08T23:40:45.528+0000] {processor.py:753} INFO - DAG(s) dict_keys(['example_branch_operator']) retrieved from /home/airflow/.local/lib/python3.7/site-packages/airflow/example_dags/example_branch_operator.py
[2024-06-08T23:40:45.549+0000] {logging_mixin.py:137} INFO - [2024-06-08T23:40:45.549+0000] {dag.py:2690} INFO - Sync 1 DAGs
[2024-06-08T23:40:45.566+0000] {logging_mixin.py:137} INFO - [2024-06-08T23:40:45.566+0000] {dag.py:3441} INFO - Setting next_dagrun for example_branch_operator to 2024-06-07T00:00:00+00:00, run_after=2024-06-08T00:00:00+00:00
[2024-06-08T23:40:45.578+0000] {processor.py:175} INFO - Processing /home/airflow/.local/lib/python3.7/site-packages/airflow/example_dags/example_branch_operator.py took 0.067 seconds
[2024-06-08T23:41:16.058+0000] {processor.py:153} INFO - Started process (PID=1009) to work on /home/airflow/.local/lib/python3.7/site-packages/airflow/example_dags/example_branch_operator.py
[2024-06-08T23:41:16.059+0000] {processor.py:743} INFO - Processing file /home/airflow/.local/lib/python3.7/site-packages/airflow/example_dags/example_branch_operator.py for tasks to queue
[2024-06-08T23:41:16.060+0000] {logging_mixin.py:137} INFO - [2024-06-08T23:41:16.060+0000] {dagbag.py:538} INFO - Filling up the DagBag from /home/airflow/.local/lib/python3.7/site-packages/airflow/example_dags/example_branch_operator.py
[2024-06-08T23:41:16.074+0000] {processor.py:753} INFO - DAG(s) dict_keys(['example_branch_operator']) retrieved from /home/airflow/.local/lib/python3.7/site-packages/airflow/example_dags/example_branch_operator.py
[2024-06-08T23:41:16.097+0000] {logging_mixin.py:137} INFO - [2024-06-08T23:41:16.097+0000] {dag.py:2690} INFO - Sync 1 DAGs
[2024-06-08T23:41:16.116+0000] {logging_mixin.py:137} INFO - [2024-06-08T23:41:16.116+0000] {dag.py:3441} INFO - Setting next_dagrun for example_branch_operator to 2024-06-07T00:00:00+00:00, run_after=2024-06-08T00:00:00+00:00
[2024-06-08T23:41:16.132+0000] {processor.py:175} INFO - Processing /home/airflow/.local/lib/python3.7/site-packages/airflow/example_dags/example_branch_operator.py took 0.077 seconds
[2024-06-08T23:41:46.815+0000] {processor.py:153} INFO - Started process (PID=1059) to work on /home/airflow/.local/lib/python3.7/site-packages/airflow/example_dags/example_branch_operator.py
[2024-06-08T23:41:46.817+0000] {processor.py:743} INFO - Processing file /home/airflow/.local/lib/python3.7/site-packages/airflow/example_dags/example_branch_operator.py for tasks to queue
[2024-06-08T23:41:46.818+0000] {logging_mixin.py:137} INFO - [2024-06-08T23:41:46.818+0000] {dagbag.py:538} INFO - Filling up the DagBag from /home/airflow/.local/lib/python3.7/site-packages/airflow/example_dags/example_branch_operator.py
[2024-06-08T23:41:46.834+0000] {processor.py:753} INFO - DAG(s) dict_keys(['example_branch_operator']) retrieved from /home/airflow/.local/lib/python3.7/site-packages/airflow/example_dags/example_branch_operator.py
[2024-06-08T23:41:46.855+0000] {logging_mixin.py:137} INFO - [2024-06-08T23:41:46.855+0000] {dag.py:2690} INFO - Sync 1 DAGs
[2024-06-08T23:41:46.873+0000] {logging_mixin.py:137} INFO - [2024-06-08T23:41:46.873+0000] {dag.py:3441} INFO - Setting next_dagrun for example_branch_operator to 2024-06-07T00:00:00+00:00, run_after=2024-06-08T00:00:00+00:00
[2024-06-08T23:41:46.887+0000] {processor.py:175} INFO - Processing /home/airflow/.local/lib/python3.7/site-packages/airflow/example_dags/example_branch_operator.py took 0.075 seconds
[2024-06-08T23:42:17.419+0000] {processor.py:153} INFO - Started process (PID=1109) to work on /home/airflow/.local/lib/python3.7/site-packages/airflow/example_dags/example_branch_operator.py
[2024-06-08T23:42:17.421+0000] {processor.py:743} INFO - Processing file /home/airflow/.local/lib/python3.7/site-packages/airflow/example_dags/example_branch_operator.py for tasks to queue
[2024-06-08T23:42:17.421+0000] {logging_mixin.py:137} INFO - [2024-06-08T23:42:17.421+0000] {dagbag.py:538} INFO - Filling up the DagBag from /home/airflow/.local/lib/python3.7/site-packages/airflow/example_dags/example_branch_operator.py
[2024-06-08T23:42:17.433+0000] {processor.py:753} INFO - DAG(s) dict_keys(['example_branch_operator']) retrieved from /home/airflow/.local/lib/python3.7/site-packages/airflow/example_dags/example_branch_operator.py
[2024-06-08T23:42:17.454+0000] {logging_mixin.py:137} INFO - [2024-06-08T23:42:17.454+0000] {dag.py:2690} INFO - Sync 1 DAGs
[2024-06-08T23:42:17.472+0000] {logging_mixin.py:137} INFO - [2024-06-08T23:42:17.472+0000] {dag.py:3441} INFO - Setting next_dagrun for example_branch_operator to 2024-06-07T00:00:00+00:00, run_after=2024-06-08T00:00:00+00:00
[2024-06-08T23:42:17.485+0000] {processor.py:175} INFO - Processing /home/airflow/.local/lib/python3.7/site-packages/airflow/example_dags/example_branch_operator.py took 0.068 seconds
[2024-06-08T23:42:47.731+0000] {processor.py:153} INFO - Started process (PID=1159) to work on /home/airflow/.local/lib/python3.7/site-packages/airflow/example_dags/example_branch_operator.py
[2024-06-08T23:42:47.732+0000] {processor.py:743} INFO - Processing file /home/airflow/.local/lib/python3.7/site-packages/airflow/example_dags/example_branch_operator.py for tasks to queue
[2024-06-08T23:42:47.733+0000] {logging_mixin.py:137} INFO - [2024-06-08T23:42:47.733+0000] {dagbag.py:538} INFO - Filling up the DagBag from /home/airflow/.local/lib/python3.7/site-packages/airflow/example_dags/example_branch_operator.py
[2024-06-08T23:42:47.744+0000] {processor.py:753} INFO - DAG(s) dict_keys(['example_branch_operator']) retrieved from /home/airflow/.local/lib/python3.7/site-packages/airflow/example_dags/example_branch_operator.py
[2024-06-08T23:42:47.763+0000] {logging_mixin.py:137} INFO - [2024-06-08T23:42:47.763+0000] {dag.py:2690} INFO - Sync 1 DAGs
[2024-06-08T23:42:47.780+0000] {logging_mixin.py:137} INFO - [2024-06-08T23:42:47.779+0000] {dag.py:3441} INFO - Setting next_dagrun for example_branch_operator to 2024-06-07T00:00:00+00:00, run_after=2024-06-08T00:00:00+00:00
[2024-06-08T23:42:47.790+0000] {processor.py:175} INFO - Processing /home/airflow/.local/lib/python3.7/site-packages/airflow/example_dags/example_branch_operator.py took 0.062 seconds
[2024-06-08T23:43:18.380+0000] {processor.py:153} INFO - Started process (PID=1209) to work on /home/airflow/.local/lib/python3.7/site-packages/airflow/example_dags/example_branch_operator.py
[2024-06-08T23:43:18.381+0000] {processor.py:743} INFO - Processing file /home/airflow/.local/lib/python3.7/site-packages/airflow/example_dags/example_branch_operator.py for tasks to queue
[2024-06-08T23:43:18.382+0000] {logging_mixin.py:137} INFO - [2024-06-08T23:43:18.382+0000] {dagbag.py:538} INFO - Filling up the DagBag from /home/airflow/.local/lib/python3.7/site-packages/airflow/example_dags/example_branch_operator.py
[2024-06-08T23:43:18.393+0000] {processor.py:753} INFO - DAG(s) dict_keys(['example_branch_operator']) retrieved from /home/airflow/.local/lib/python3.7/site-packages/airflow/example_dags/example_branch_operator.py
[2024-06-08T23:43:18.413+0000] {logging_mixin.py:137} INFO - [2024-06-08T23:43:18.413+0000] {dag.py:2690} INFO - Sync 1 DAGs
[2024-06-08T23:43:18.430+0000] {logging_mixin.py:137} INFO - [2024-06-08T23:43:18.430+0000] {dag.py:3441} INFO - Setting next_dagrun for example_branch_operator to 2024-06-07T00:00:00+00:00, run_after=2024-06-08T00:00:00+00:00
[2024-06-08T23:43:18.441+0000] {processor.py:175} INFO - Processing /home/airflow/.local/lib/python3.7/site-packages/airflow/example_dags/example_branch_operator.py took 0.065 seconds
[2024-06-08T23:43:48.947+0000] {processor.py:153} INFO - Started process (PID=1259) to work on /home/airflow/.local/lib/python3.7/site-packages/airflow/example_dags/example_branch_operator.py
[2024-06-08T23:43:48.948+0000] {processor.py:743} INFO - Processing file /home/airflow/.local/lib/python3.7/site-packages/airflow/example_dags/example_branch_operator.py for tasks to queue
[2024-06-08T23:43:48.949+0000] {logging_mixin.py:137} INFO - [2024-06-08T23:43:48.949+0000] {dagbag.py:538} INFO - Filling up the DagBag from /home/airflow/.local/lib/python3.7/site-packages/airflow/example_dags/example_branch_operator.py
[2024-06-08T23:43:48.961+0000] {processor.py:753} INFO - DAG(s) dict_keys(['example_branch_operator']) retrieved from /home/airflow/.local/lib/python3.7/site-packages/airflow/example_dags/example_branch_operator.py
[2024-06-08T23:43:48.984+0000] {logging_mixin.py:137} INFO - [2024-06-08T23:43:48.984+0000] {dag.py:2690} INFO - Sync 1 DAGs
[2024-06-08T23:43:49.002+0000] {logging_mixin.py:137} INFO - [2024-06-08T23:43:49.002+0000] {dag.py:3441} INFO - Setting next_dagrun for example_branch_operator to 2024-06-07T00:00:00+00:00, run_after=2024-06-08T00:00:00+00:00
[2024-06-08T23:43:49.016+0000] {processor.py:175} INFO - Processing /home/airflow/.local/lib/python3.7/site-packages/airflow/example_dags/example_branch_operator.py took 0.072 seconds
[2024-06-08T23:44:19.217+0000] {processor.py:153} INFO - Started process (PID=1309) to work on /home/airflow/.local/lib/python3.7/site-packages/airflow/example_dags/example_branch_operator.py
[2024-06-08T23:44:19.219+0000] {processor.py:743} INFO - Processing file /home/airflow/.local/lib/python3.7/site-packages/airflow/example_dags/example_branch_operator.py for tasks to queue
[2024-06-08T23:44:19.219+0000] {logging_mixin.py:137} INFO - [2024-06-08T23:44:19.219+0000] {dagbag.py:538} INFO - Filling up the DagBag from /home/airflow/.local/lib/python3.7/site-packages/airflow/example_dags/example_branch_operator.py
[2024-06-08T23:44:19.232+0000] {processor.py:753} INFO - DAG(s) dict_keys(['example_branch_operator']) retrieved from /home/airflow/.local/lib/python3.7/site-packages/airflow/example_dags/example_branch_operator.py
[2024-06-08T23:44:19.252+0000] {logging_mixin.py:137} INFO - [2024-06-08T23:44:19.252+0000] {dag.py:2690} INFO - Sync 1 DAGs
[2024-06-08T23:44:19.268+0000] {logging_mixin.py:137} INFO - [2024-06-08T23:44:19.268+0000] {dag.py:3441} INFO - Setting next_dagrun for example_branch_operator to 2024-06-07T00:00:00+00:00, run_after=2024-06-08T00:00:00+00:00
[2024-06-08T23:44:19.281+0000] {processor.py:175} INFO - Processing /home/airflow/.local/lib/python3.7/site-packages/airflow/example_dags/example_branch_operator.py took 0.066 seconds
[2024-06-08T23:44:49.673+0000] {processor.py:153} INFO - Started process (PID=1360) to work on /home/airflow/.local/lib/python3.7/site-packages/airflow/example_dags/example_branch_operator.py
[2024-06-08T23:44:49.674+0000] {processor.py:743} INFO - Processing file /home/airflow/.local/lib/python3.7/site-packages/airflow/example_dags/example_branch_operator.py for tasks to queue
[2024-06-08T23:44:49.675+0000] {logging_mixin.py:137} INFO - [2024-06-08T23:44:49.675+0000] {dagbag.py:538} INFO - Filling up the DagBag from /home/airflow/.local/lib/python3.7/site-packages/airflow/example_dags/example_branch_operator.py
[2024-06-08T23:44:49.688+0000] {processor.py:753} INFO - DAG(s) dict_keys(['example_branch_operator']) retrieved from /home/airflow/.local/lib/python3.7/site-packages/airflow/example_dags/example_branch_operator.py
[2024-06-08T23:44:49.709+0000] {logging_mixin.py:137} INFO - [2024-06-08T23:44:49.709+0000] {dag.py:2690} INFO - Sync 1 DAGs
[2024-06-08T23:44:49.726+0000] {logging_mixin.py:137} INFO - [2024-06-08T23:44:49.726+0000] {dag.py:3441} INFO - Setting next_dagrun for example_branch_operator to 2024-06-07T00:00:00+00:00, run_after=2024-06-08T00:00:00+00:00
[2024-06-08T23:44:49.739+0000] {processor.py:175} INFO - Processing /home/airflow/.local/lib/python3.7/site-packages/airflow/example_dags/example_branch_operator.py took 0.069 seconds
[2024-06-08T23:45:19.982+0000] {processor.py:153} INFO - Started process (PID=1411) to work on /home/airflow/.local/lib/python3.7/site-packages/airflow/example_dags/example_branch_operator.py
[2024-06-08T23:45:19.983+0000] {processor.py:743} INFO - Processing file /home/airflow/.local/lib/python3.7/site-packages/airflow/example_dags/example_branch_operator.py for tasks to queue
[2024-06-08T23:45:19.984+0000] {logging_mixin.py:137} INFO - [2024-06-08T23:45:19.984+0000] {dagbag.py:538} INFO - Filling up the DagBag from /home/airflow/.local/lib/python3.7/site-packages/airflow/example_dags/example_branch_operator.py
[2024-06-08T23:45:19.996+0000] {processor.py:753} INFO - DAG(s) dict_keys(['example_branch_operator']) retrieved from /home/airflow/.local/lib/python3.7/site-packages/airflow/example_dags/example_branch_operator.py
[2024-06-08T23:45:20.016+0000] {logging_mixin.py:137} INFO - [2024-06-08T23:45:20.016+0000] {dag.py:2690} INFO - Sync 1 DAGs
[2024-06-08T23:45:20.034+0000] {logging_mixin.py:137} INFO - [2024-06-08T23:45:20.034+0000] {dag.py:3441} INFO - Setting next_dagrun for example_branch_operator to 2024-06-07T00:00:00+00:00, run_after=2024-06-08T00:00:00+00:00
[2024-06-08T23:45:20.047+0000] {processor.py:175} INFO - Processing /home/airflow/.local/lib/python3.7/site-packages/airflow/example_dags/example_branch_operator.py took 0.068 seconds
[2024-06-08T23:45:50.391+0000] {processor.py:153} INFO - Started process (PID=1461) to work on /home/airflow/.local/lib/python3.7/site-packages/airflow/example_dags/example_branch_operator.py
[2024-06-08T23:45:50.392+0000] {processor.py:743} INFO - Processing file /home/airflow/.local/lib/python3.7/site-packages/airflow/example_dags/example_branch_operator.py for tasks to queue
[2024-06-08T23:45:50.394+0000] {logging_mixin.py:137} INFO - [2024-06-08T23:45:50.394+0000] {dagbag.py:538} INFO - Filling up the DagBag from /home/airflow/.local/lib/python3.7/site-packages/airflow/example_dags/example_branch_operator.py
[2024-06-08T23:45:50.406+0000] {processor.py:753} INFO - DAG(s) dict_keys(['example_branch_operator']) retrieved from /home/airflow/.local/lib/python3.7/site-packages/airflow/example_dags/example_branch_operator.py
[2024-06-08T23:45:50.427+0000] {logging_mixin.py:137} INFO - [2024-06-08T23:45:50.427+0000] {dag.py:2690} INFO - Sync 1 DAGs
[2024-06-08T23:45:50.444+0000] {logging_mixin.py:137} INFO - [2024-06-08T23:45:50.444+0000] {dag.py:3441} INFO - Setting next_dagrun for example_branch_operator to 2024-06-07T00:00:00+00:00, run_after=2024-06-08T00:00:00+00:00
[2024-06-08T23:45:50.457+0000] {processor.py:175} INFO - Processing /home/airflow/.local/lib/python3.7/site-packages/airflow/example_dags/example_branch_operator.py took 0.068 seconds
[2024-06-08T23:46:20.808+0000] {processor.py:153} INFO - Started process (PID=1512) to work on /home/airflow/.local/lib/python3.7/site-packages/airflow/example_dags/example_branch_operator.py
[2024-06-08T23:46:20.810+0000] {processor.py:743} INFO - Processing file /home/airflow/.local/lib/python3.7/site-packages/airflow/example_dags/example_branch_operator.py for tasks to queue
[2024-06-08T23:46:20.811+0000] {logging_mixin.py:137} INFO - [2024-06-08T23:46:20.811+0000] {dagbag.py:538} INFO - Filling up the DagBag from /home/airflow/.local/lib/python3.7/site-packages/airflow/example_dags/example_branch_operator.py
[2024-06-08T23:46:20.824+0000] {processor.py:753} INFO - DAG(s) dict_keys(['example_branch_operator']) retrieved from /home/airflow/.local/lib/python3.7/site-packages/airflow/example_dags/example_branch_operator.py
[2024-06-08T23:46:20.845+0000] {logging_mixin.py:137} INFO - [2024-06-08T23:46:20.845+0000] {dag.py:2690} INFO - Sync 1 DAGs
[2024-06-08T23:46:20.862+0000] {logging_mixin.py:137} INFO - [2024-06-08T23:46:20.862+0000] {dag.py:3441} INFO - Setting next_dagrun for example_branch_operator to 2024-06-07T00:00:00+00:00, run_after=2024-06-08T00:00:00+00:00
[2024-06-08T23:46:20.875+0000] {processor.py:175} INFO - Processing /home/airflow/.local/lib/python3.7/site-packages/airflow/example_dags/example_branch_operator.py took 0.070 seconds
[2024-06-08T23:46:51.242+0000] {processor.py:153} INFO - Started process (PID=1562) to work on /home/airflow/.local/lib/python3.7/site-packages/airflow/example_dags/example_branch_operator.py
[2024-06-08T23:46:51.244+0000] {processor.py:743} INFO - Processing file /home/airflow/.local/lib/python3.7/site-packages/airflow/example_dags/example_branch_operator.py for tasks to queue
[2024-06-08T23:46:51.245+0000] {logging_mixin.py:137} INFO - [2024-06-08T23:46:51.244+0000] {dagbag.py:538} INFO - Filling up the DagBag from /home/airflow/.local/lib/python3.7/site-packages/airflow/example_dags/example_branch_operator.py
[2024-06-08T23:46:51.258+0000] {processor.py:753} INFO - DAG(s) dict_keys(['example_branch_operator']) retrieved from /home/airflow/.local/lib/python3.7/site-packages/airflow/example_dags/example_branch_operator.py
[2024-06-08T23:46:51.278+0000] {logging_mixin.py:137} INFO - [2024-06-08T23:46:51.278+0000] {dag.py:2690} INFO - Sync 1 DAGs
[2024-06-08T23:46:51.295+0000] {logging_mixin.py:137} INFO - [2024-06-08T23:46:51.294+0000] {dag.py:3441} INFO - Setting next_dagrun for example_branch_operator to 2024-06-07T00:00:00+00:00, run_after=2024-06-08T00:00:00+00:00
[2024-06-08T23:46:51.305+0000] {processor.py:175} INFO - Processing /home/airflow/.local/lib/python3.7/site-packages/airflow/example_dags/example_branch_operator.py took 0.066 seconds
[2024-06-08T23:47:21.707+0000] {processor.py:153} INFO - Started process (PID=1612) to work on /home/airflow/.local/lib/python3.7/site-packages/airflow/example_dags/example_branch_operator.py
[2024-06-08T23:47:21.708+0000] {processor.py:743} INFO - Processing file /home/airflow/.local/lib/python3.7/site-packages/airflow/example_dags/example_branch_operator.py for tasks to queue
[2024-06-08T23:47:21.709+0000] {logging_mixin.py:137} INFO - [2024-06-08T23:47:21.709+0000] {dagbag.py:538} INFO - Filling up the DagBag from /home/airflow/.local/lib/python3.7/site-packages/airflow/example_dags/example_branch_operator.py
[2024-06-08T23:47:21.721+0000] {processor.py:753} INFO - DAG(s) dict_keys(['example_branch_operator']) retrieved from /home/airflow/.local/lib/python3.7/site-packages/airflow/example_dags/example_branch_operator.py
[2024-06-08T23:47:21.743+0000] {logging_mixin.py:137} INFO - [2024-06-08T23:47:21.743+0000] {dag.py:2690} INFO - Sync 1 DAGs
[2024-06-08T23:47:21.760+0000] {logging_mixin.py:137} INFO - [2024-06-08T23:47:21.760+0000] {dag.py:3441} INFO - Setting next_dagrun for example_branch_operator to 2024-06-07T00:00:00+00:00, run_after=2024-06-08T00:00:00+00:00
[2024-06-08T23:47:21.772+0000] {processor.py:175} INFO - Processing /home/airflow/.local/lib/python3.7/site-packages/airflow/example_dags/example_branch_operator.py took 0.068 seconds
[2024-06-08T23:47:52.352+0000] {processor.py:153} INFO - Started process (PID=1662) to work on /home/airflow/.local/lib/python3.7/site-packages/airflow/example_dags/example_branch_operator.py
[2024-06-08T23:47:52.354+0000] {processor.py:743} INFO - Processing file /home/airflow/.local/lib/python3.7/site-packages/airflow/example_dags/example_branch_operator.py for tasks to queue
[2024-06-08T23:47:52.355+0000] {logging_mixin.py:137} INFO - [2024-06-08T23:47:52.355+0000] {dagbag.py:538} INFO - Filling up the DagBag from /home/airflow/.local/lib/python3.7/site-packages/airflow/example_dags/example_branch_operator.py
[2024-06-08T23:47:52.368+0000] {processor.py:753} INFO - DAG(s) dict_keys(['example_branch_operator']) retrieved from /home/airflow/.local/lib/python3.7/site-packages/airflow/example_dags/example_branch_operator.py
[2024-06-08T23:47:52.391+0000] {logging_mixin.py:137} INFO - [2024-06-08T23:47:52.391+0000] {dag.py:2690} INFO - Sync 1 DAGs
[2024-06-08T23:47:52.409+0000] {logging_mixin.py:137} INFO - [2024-06-08T23:47:52.409+0000] {dag.py:3441} INFO - Setting next_dagrun for example_branch_operator to 2024-06-07T00:00:00+00:00, run_after=2024-06-08T00:00:00+00:00
[2024-06-08T23:47:52.422+0000] {processor.py:175} INFO - Processing /home/airflow/.local/lib/python3.7/site-packages/airflow/example_dags/example_branch_operator.py took 0.073 seconds
[2024-06-08T23:48:22.882+0000] {processor.py:153} INFO - Started process (PID=1712) to work on /home/airflow/.local/lib/python3.7/site-packages/airflow/example_dags/example_branch_operator.py
[2024-06-08T23:48:22.883+0000] {processor.py:743} INFO - Processing file /home/airflow/.local/lib/python3.7/site-packages/airflow/example_dags/example_branch_operator.py for tasks to queue
[2024-06-08T23:48:22.884+0000] {logging_mixin.py:137} INFO - [2024-06-08T23:48:22.884+0000] {dagbag.py:538} INFO - Filling up the DagBag from /home/airflow/.local/lib/python3.7/site-packages/airflow/example_dags/example_branch_operator.py
[2024-06-08T23:48:22.896+0000] {processor.py:753} INFO - DAG(s) dict_keys(['example_branch_operator']) retrieved from /home/airflow/.local/lib/python3.7/site-packages/airflow/example_dags/example_branch_operator.py
[2024-06-08T23:48:22.919+0000] {logging_mixin.py:137} INFO - [2024-06-08T23:48:22.919+0000] {dag.py:2690} INFO - Sync 1 DAGs
[2024-06-08T23:48:22.937+0000] {logging_mixin.py:137} INFO - [2024-06-08T23:48:22.936+0000] {dag.py:3441} INFO - Setting next_dagrun for example_branch_operator to 2024-06-07T00:00:00+00:00, run_after=2024-06-08T00:00:00+00:00
[2024-06-08T23:48:22.951+0000] {processor.py:175} INFO - Processing /home/airflow/.local/lib/python3.7/site-packages/airflow/example_dags/example_branch_operator.py took 0.072 seconds
[2024-06-08T23:48:53.435+0000] {processor.py:153} INFO - Started process (PID=1762) to work on /home/airflow/.local/lib/python3.7/site-packages/airflow/example_dags/example_branch_operator.py
[2024-06-08T23:48:53.436+0000] {processor.py:743} INFO - Processing file /home/airflow/.local/lib/python3.7/site-packages/airflow/example_dags/example_branch_operator.py for tasks to queue
[2024-06-08T23:48:53.437+0000] {logging_mixin.py:137} INFO - [2024-06-08T23:48:53.437+0000] {dagbag.py:538} INFO - Filling up the DagBag from /home/airflow/.local/lib/python3.7/site-packages/airflow/example_dags/example_branch_operator.py
[2024-06-08T23:48:53.449+0000] {processor.py:753} INFO - DAG(s) dict_keys(['example_branch_operator']) retrieved from /home/airflow/.local/lib/python3.7/site-packages/airflow/example_dags/example_branch_operator.py
[2024-06-08T23:48:53.470+0000] {logging_mixin.py:137} INFO - [2024-06-08T23:48:53.470+0000] {dag.py:2690} INFO - Sync 1 DAGs
[2024-06-08T23:48:53.487+0000] {logging_mixin.py:137} INFO - [2024-06-08T23:48:53.487+0000] {dag.py:3441} INFO - Setting next_dagrun for example_branch_operator to 2024-06-07T00:00:00+00:00, run_after=2024-06-08T00:00:00+00:00
[2024-06-08T23:48:53.500+0000] {processor.py:175} INFO - Processing /home/airflow/.local/lib/python3.7/site-packages/airflow/example_dags/example_branch_operator.py took 0.068 seconds
[2024-06-08T23:49:23.771+0000] {processor.py:153} INFO - Started process (PID=1812) to work on /home/airflow/.local/lib/python3.7/site-packages/airflow/example_dags/example_branch_operator.py
[2024-06-08T23:49:23.772+0000] {processor.py:743} INFO - Processing file /home/airflow/.local/lib/python3.7/site-packages/airflow/example_dags/example_branch_operator.py for tasks to queue
[2024-06-08T23:49:23.773+0000] {logging_mixin.py:137} INFO - [2024-06-08T23:49:23.773+0000] {dagbag.py:538} INFO - Filling up the DagBag from /home/airflow/.local/lib/python3.7/site-packages/airflow/example_dags/example_branch_operator.py
[2024-06-08T23:49:23.784+0000] {processor.py:753} INFO - DAG(s) dict_keys(['example_branch_operator']) retrieved from /home/airflow/.local/lib/python3.7/site-packages/airflow/example_dags/example_branch_operator.py
[2024-06-08T23:49:23.803+0000] {logging_mixin.py:137} INFO - [2024-06-08T23:49:23.803+0000] {dag.py:2690} INFO - Sync 1 DAGs
[2024-06-08T23:49:23.820+0000] {logging_mixin.py:137} INFO - [2024-06-08T23:49:23.820+0000] {dag.py:3441} INFO - Setting next_dagrun for example_branch_operator to 2024-06-07T00:00:00+00:00, run_after=2024-06-08T00:00:00+00:00
[2024-06-08T23:49:23.831+0000] {processor.py:175} INFO - Processing /home/airflow/.local/lib/python3.7/site-packages/airflow/example_dags/example_branch_operator.py took 0.064 seconds
[2024-06-08T23:49:54.266+0000] {processor.py:153} INFO - Started process (PID=1862) to work on /home/airflow/.local/lib/python3.7/site-packages/airflow/example_dags/example_branch_operator.py
[2024-06-08T23:49:54.268+0000] {processor.py:743} INFO - Processing file /home/airflow/.local/lib/python3.7/site-packages/airflow/example_dags/example_branch_operator.py for tasks to queue
[2024-06-08T23:49:54.269+0000] {logging_mixin.py:137} INFO - [2024-06-08T23:49:54.269+0000] {dagbag.py:538} INFO - Filling up the DagBag from /home/airflow/.local/lib/python3.7/site-packages/airflow/example_dags/example_branch_operator.py
[2024-06-08T23:49:54.282+0000] {processor.py:753} INFO - DAG(s) dict_keys(['example_branch_operator']) retrieved from /home/airflow/.local/lib/python3.7/site-packages/airflow/example_dags/example_branch_operator.py
[2024-06-08T23:49:54.309+0000] {logging_mixin.py:137} INFO - [2024-06-08T23:49:54.309+0000] {dag.py:2690} INFO - Sync 1 DAGs
[2024-06-08T23:49:54.330+0000] {logging_mixin.py:137} INFO - [2024-06-08T23:49:54.330+0000] {dag.py:3441} INFO - Setting next_dagrun for example_branch_operator to 2024-06-07T00:00:00+00:00, run_after=2024-06-08T00:00:00+00:00
[2024-06-08T23:49:54.342+0000] {processor.py:175} INFO - Processing /home/airflow/.local/lib/python3.7/site-packages/airflow/example_dags/example_branch_operator.py took 0.079 seconds
[2024-06-08T23:50:24.847+0000] {processor.py:153} INFO - Started process (PID=1912) to work on /home/airflow/.local/lib/python3.7/site-packages/airflow/example_dags/example_branch_operator.py
[2024-06-08T23:50:24.849+0000] {processor.py:743} INFO - Processing file /home/airflow/.local/lib/python3.7/site-packages/airflow/example_dags/example_branch_operator.py for tasks to queue
[2024-06-08T23:50:24.850+0000] {logging_mixin.py:137} INFO - [2024-06-08T23:50:24.850+0000] {dagbag.py:538} INFO - Filling up the DagBag from /home/airflow/.local/lib/python3.7/site-packages/airflow/example_dags/example_branch_operator.py
[2024-06-08T23:50:24.862+0000] {processor.py:753} INFO - DAG(s) dict_keys(['example_branch_operator']) retrieved from /home/airflow/.local/lib/python3.7/site-packages/airflow/example_dags/example_branch_operator.py
[2024-06-08T23:50:24.885+0000] {logging_mixin.py:137} INFO - [2024-06-08T23:50:24.885+0000] {dag.py:2690} INFO - Sync 1 DAGs
[2024-06-08T23:50:24.904+0000] {logging_mixin.py:137} INFO - [2024-06-08T23:50:24.904+0000] {dag.py:3441} INFO - Setting next_dagrun for example_branch_operator to 2024-06-07T00:00:00+00:00, run_after=2024-06-08T00:00:00+00:00
[2024-06-08T23:50:24.919+0000] {processor.py:175} INFO - Processing /home/airflow/.local/lib/python3.7/site-packages/airflow/example_dags/example_branch_operator.py took 0.076 seconds
[2024-06-08T23:50:55.530+0000] {processor.py:153} INFO - Started process (PID=1962) to work on /home/airflow/.local/lib/python3.7/site-packages/airflow/example_dags/example_branch_operator.py
[2024-06-08T23:50:55.532+0000] {processor.py:743} INFO - Processing file /home/airflow/.local/lib/python3.7/site-packages/airflow/example_dags/example_branch_operator.py for tasks to queue
[2024-06-08T23:50:55.533+0000] {logging_mixin.py:137} INFO - [2024-06-08T23:50:55.533+0000] {dagbag.py:538} INFO - Filling up the DagBag from /home/airflow/.local/lib/python3.7/site-packages/airflow/example_dags/example_branch_operator.py
[2024-06-08T23:50:55.546+0000] {processor.py:753} INFO - DAG(s) dict_keys(['example_branch_operator']) retrieved from /home/airflow/.local/lib/python3.7/site-packages/airflow/example_dags/example_branch_operator.py
[2024-06-08T23:50:55.569+0000] {logging_mixin.py:137} INFO - [2024-06-08T23:50:55.568+0000] {dag.py:2690} INFO - Sync 1 DAGs
[2024-06-08T23:50:55.586+0000] {logging_mixin.py:137} INFO - [2024-06-08T23:50:55.586+0000] {dag.py:3441} INFO - Setting next_dagrun for example_branch_operator to 2024-06-07T00:00:00+00:00, run_after=2024-06-08T00:00:00+00:00
[2024-06-08T23:50:55.601+0000] {processor.py:175} INFO - Processing /home/airflow/.local/lib/python3.7/site-packages/airflow/example_dags/example_branch_operator.py took 0.074 seconds
[2024-06-08T23:51:26.156+0000] {processor.py:153} INFO - Started process (PID=2012) to work on /home/airflow/.local/lib/python3.7/site-packages/airflow/example_dags/example_branch_operator.py
[2024-06-08T23:51:26.157+0000] {processor.py:743} INFO - Processing file /home/airflow/.local/lib/python3.7/site-packages/airflow/example_dags/example_branch_operator.py for tasks to queue
[2024-06-08T23:51:26.159+0000] {logging_mixin.py:137} INFO - [2024-06-08T23:51:26.159+0000] {dagbag.py:538} INFO - Filling up the DagBag from /home/airflow/.local/lib/python3.7/site-packages/airflow/example_dags/example_branch_operator.py
[2024-06-08T23:51:26.171+0000] {processor.py:753} INFO - DAG(s) dict_keys(['example_branch_operator']) retrieved from /home/airflow/.local/lib/python3.7/site-packages/airflow/example_dags/example_branch_operator.py
[2024-06-08T23:51:26.193+0000] {logging_mixin.py:137} INFO - [2024-06-08T23:51:26.193+0000] {dag.py:2690} INFO - Sync 1 DAGs
[2024-06-08T23:51:26.211+0000] {logging_mixin.py:137} INFO - [2024-06-08T23:51:26.211+0000] {dag.py:3441} INFO - Setting next_dagrun for example_branch_operator to 2024-06-07T00:00:00+00:00, run_after=2024-06-08T00:00:00+00:00
[2024-06-08T23:51:26.225+0000] {processor.py:175} INFO - Processing /home/airflow/.local/lib/python3.7/site-packages/airflow/example_dags/example_branch_operator.py took 0.072 seconds
[2024-06-08T23:51:56.997+0000] {processor.py:153} INFO - Started process (PID=2062) to work on /home/airflow/.local/lib/python3.7/site-packages/airflow/example_dags/example_branch_operator.py
[2024-06-08T23:51:56.999+0000] {processor.py:743} INFO - Processing file /home/airflow/.local/lib/python3.7/site-packages/airflow/example_dags/example_branch_operator.py for tasks to queue
[2024-06-08T23:51:57.000+0000] {logging_mixin.py:137} INFO - [2024-06-08T23:51:57.000+0000] {dagbag.py:538} INFO - Filling up the DagBag from /home/airflow/.local/lib/python3.7/site-packages/airflow/example_dags/example_branch_operator.py
[2024-06-08T23:51:57.014+0000] {processor.py:753} INFO - DAG(s) dict_keys(['example_branch_operator']) retrieved from /home/airflow/.local/lib/python3.7/site-packages/airflow/example_dags/example_branch_operator.py
[2024-06-08T23:51:57.037+0000] {logging_mixin.py:137} INFO - [2024-06-08T23:51:57.037+0000] {dag.py:2690} INFO - Sync 1 DAGs
[2024-06-08T23:51:57.056+0000] {logging_mixin.py:137} INFO - [2024-06-08T23:51:57.055+0000] {dag.py:3441} INFO - Setting next_dagrun for example_branch_operator to 2024-06-07T00:00:00+00:00, run_after=2024-06-08T00:00:00+00:00
[2024-06-08T23:51:57.071+0000] {processor.py:175} INFO - Processing /home/airflow/.local/lib/python3.7/site-packages/airflow/example_dags/example_branch_operator.py took 0.077 seconds
[2024-06-08T23:52:27.899+0000] {processor.py:153} INFO - Started process (PID=2112) to work on /home/airflow/.local/lib/python3.7/site-packages/airflow/example_dags/example_branch_operator.py
[2024-06-08T23:52:27.901+0000] {processor.py:743} INFO - Processing file /home/airflow/.local/lib/python3.7/site-packages/airflow/example_dags/example_branch_operator.py for tasks to queue
[2024-06-08T23:52:27.902+0000] {logging_mixin.py:137} INFO - [2024-06-08T23:52:27.902+0000] {dagbag.py:538} INFO - Filling up the DagBag from /home/airflow/.local/lib/python3.7/site-packages/airflow/example_dags/example_branch_operator.py
[2024-06-08T23:52:27.918+0000] {processor.py:753} INFO - DAG(s) dict_keys(['example_branch_operator']) retrieved from /home/airflow/.local/lib/python3.7/site-packages/airflow/example_dags/example_branch_operator.py
[2024-06-08T23:52:27.945+0000] {logging_mixin.py:137} INFO - [2024-06-08T23:52:27.945+0000] {dag.py:2690} INFO - Sync 1 DAGs
[2024-06-08T23:52:27.963+0000] {logging_mixin.py:137} INFO - [2024-06-08T23:52:27.963+0000] {dag.py:3441} INFO - Setting next_dagrun for example_branch_operator to 2024-06-07T00:00:00+00:00, run_after=2024-06-08T00:00:00+00:00
[2024-06-08T23:52:27.981+0000] {processor.py:175} INFO - Processing /home/airflow/.local/lib/python3.7/site-packages/airflow/example_dags/example_branch_operator.py took 0.087 seconds
[2024-06-08T23:52:58.774+0000] {processor.py:153} INFO - Started process (PID=2162) to work on /home/airflow/.local/lib/python3.7/site-packages/airflow/example_dags/example_branch_operator.py
[2024-06-08T23:52:58.775+0000] {processor.py:743} INFO - Processing file /home/airflow/.local/lib/python3.7/site-packages/airflow/example_dags/example_branch_operator.py for tasks to queue
[2024-06-08T23:52:58.776+0000] {logging_mixin.py:137} INFO - [2024-06-08T23:52:58.776+0000] {dagbag.py:538} INFO - Filling up the DagBag from /home/airflow/.local/lib/python3.7/site-packages/airflow/example_dags/example_branch_operator.py
[2024-06-08T23:52:58.789+0000] {processor.py:753} INFO - DAG(s) dict_keys(['example_branch_operator']) retrieved from /home/airflow/.local/lib/python3.7/site-packages/airflow/example_dags/example_branch_operator.py
[2024-06-08T23:52:58.816+0000] {logging_mixin.py:137} INFO - [2024-06-08T23:52:58.816+0000] {dag.py:2690} INFO - Sync 1 DAGs
[2024-06-08T23:52:58.835+0000] {logging_mixin.py:137} INFO - [2024-06-08T23:52:58.835+0000] {dag.py:3441} INFO - Setting next_dagrun for example_branch_operator to 2024-06-07T00:00:00+00:00, run_after=2024-06-08T00:00:00+00:00
[2024-06-08T23:52:58.851+0000] {processor.py:175} INFO - Processing /home/airflow/.local/lib/python3.7/site-packages/airflow/example_dags/example_branch_operator.py took 0.081 seconds
[2024-06-08T23:53:29.540+0000] {processor.py:153} INFO - Started process (PID=2211) to work on /home/airflow/.local/lib/python3.7/site-packages/airflow/example_dags/example_branch_operator.py
[2024-06-08T23:53:29.542+0000] {processor.py:743} INFO - Processing file /home/airflow/.local/lib/python3.7/site-packages/airflow/example_dags/example_branch_operator.py for tasks to queue
[2024-06-08T23:53:29.543+0000] {logging_mixin.py:137} INFO - [2024-06-08T23:53:29.543+0000] {dagbag.py:538} INFO - Filling up the DagBag from /home/airflow/.local/lib/python3.7/site-packages/airflow/example_dags/example_branch_operator.py
[2024-06-08T23:53:29.556+0000] {processor.py:753} INFO - DAG(s) dict_keys(['example_branch_operator']) retrieved from /home/airflow/.local/lib/python3.7/site-packages/airflow/example_dags/example_branch_operator.py
[2024-06-08T23:53:29.577+0000] {logging_mixin.py:137} INFO - [2024-06-08T23:53:29.577+0000] {dag.py:2690} INFO - Sync 1 DAGs
[2024-06-08T23:53:29.596+0000] {logging_mixin.py:137} INFO - [2024-06-08T23:53:29.596+0000] {dag.py:3441} INFO - Setting next_dagrun for example_branch_operator to 2024-06-07T00:00:00+00:00, run_after=2024-06-08T00:00:00+00:00
[2024-06-08T23:53:29.610+0000] {processor.py:175} INFO - Processing /home/airflow/.local/lib/python3.7/site-packages/airflow/example_dags/example_branch_operator.py took 0.073 seconds
[2024-06-08T23:54:00.094+0000] {processor.py:153} INFO - Started process (PID=2261) to work on /home/airflow/.local/lib/python3.7/site-packages/airflow/example_dags/example_branch_operator.py
[2024-06-08T23:54:00.095+0000] {processor.py:743} INFO - Processing file /home/airflow/.local/lib/python3.7/site-packages/airflow/example_dags/example_branch_operator.py for tasks to queue
[2024-06-08T23:54:00.096+0000] {logging_mixin.py:137} INFO - [2024-06-08T23:54:00.096+0000] {dagbag.py:538} INFO - Filling up the DagBag from /home/airflow/.local/lib/python3.7/site-packages/airflow/example_dags/example_branch_operator.py
[2024-06-08T23:54:00.110+0000] {processor.py:753} INFO - DAG(s) dict_keys(['example_branch_operator']) retrieved from /home/airflow/.local/lib/python3.7/site-packages/airflow/example_dags/example_branch_operator.py
[2024-06-08T23:54:00.133+0000] {logging_mixin.py:137} INFO - [2024-06-08T23:54:00.133+0000] {dag.py:2690} INFO - Sync 1 DAGs
[2024-06-08T23:54:00.151+0000] {logging_mixin.py:137} INFO - [2024-06-08T23:54:00.151+0000] {dag.py:3441} INFO - Setting next_dagrun for example_branch_operator to 2024-06-07T00:00:00+00:00, run_after=2024-06-08T00:00:00+00:00
[2024-06-08T23:54:00.165+0000] {processor.py:175} INFO - Processing /home/airflow/.local/lib/python3.7/site-packages/airflow/example_dags/example_branch_operator.py took 0.074 seconds
[2024-06-08T23:54:30.591+0000] {processor.py:153} INFO - Started process (PID=2311) to work on /home/airflow/.local/lib/python3.7/site-packages/airflow/example_dags/example_branch_operator.py
[2024-06-08T23:54:30.592+0000] {processor.py:743} INFO - Processing file /home/airflow/.local/lib/python3.7/site-packages/airflow/example_dags/example_branch_operator.py for tasks to queue
[2024-06-08T23:54:30.593+0000] {logging_mixin.py:137} INFO - [2024-06-08T23:54:30.593+0000] {dagbag.py:538} INFO - Filling up the DagBag from /home/airflow/.local/lib/python3.7/site-packages/airflow/example_dags/example_branch_operator.py
[2024-06-08T23:54:30.605+0000] {processor.py:753} INFO - DAG(s) dict_keys(['example_branch_operator']) retrieved from /home/airflow/.local/lib/python3.7/site-packages/airflow/example_dags/example_branch_operator.py
[2024-06-08T23:54:30.628+0000] {logging_mixin.py:137} INFO - [2024-06-08T23:54:30.628+0000] {dag.py:2690} INFO - Sync 1 DAGs
[2024-06-08T23:54:30.647+0000] {logging_mixin.py:137} INFO - [2024-06-08T23:54:30.647+0000] {dag.py:3441} INFO - Setting next_dagrun for example_branch_operator to 2024-06-07T00:00:00+00:00, run_after=2024-06-08T00:00:00+00:00
[2024-06-08T23:54:30.661+0000] {processor.py:175} INFO - Processing /home/airflow/.local/lib/python3.7/site-packages/airflow/example_dags/example_branch_operator.py took 0.073 seconds
[2024-06-08T23:55:01.075+0000] {processor.py:153} INFO - Started process (PID=2361) to work on /home/airflow/.local/lib/python3.7/site-packages/airflow/example_dags/example_branch_operator.py
[2024-06-08T23:55:01.076+0000] {processor.py:743} INFO - Processing file /home/airflow/.local/lib/python3.7/site-packages/airflow/example_dags/example_branch_operator.py for tasks to queue
[2024-06-08T23:55:01.077+0000] {logging_mixin.py:137} INFO - [2024-06-08T23:55:01.077+0000] {dagbag.py:538} INFO - Filling up the DagBag from /home/airflow/.local/lib/python3.7/site-packages/airflow/example_dags/example_branch_operator.py
[2024-06-08T23:55:01.089+0000] {processor.py:753} INFO - DAG(s) dict_keys(['example_branch_operator']) retrieved from /home/airflow/.local/lib/python3.7/site-packages/airflow/example_dags/example_branch_operator.py
[2024-06-08T23:55:01.110+0000] {logging_mixin.py:137} INFO - [2024-06-08T23:55:01.109+0000] {dag.py:2690} INFO - Sync 1 DAGs
[2024-06-08T23:55:01.127+0000] {logging_mixin.py:137} INFO - [2024-06-08T23:55:01.127+0000] {dag.py:3441} INFO - Setting next_dagrun for example_branch_operator to 2024-06-07T00:00:00+00:00, run_after=2024-06-08T00:00:00+00:00
[2024-06-08T23:55:01.140+0000] {processor.py:175} INFO - Processing /home/airflow/.local/lib/python3.7/site-packages/airflow/example_dags/example_branch_operator.py took 0.069 seconds
[2024-06-08T23:55:31.404+0000] {processor.py:153} INFO - Started process (PID=2410) to work on /home/airflow/.local/lib/python3.7/site-packages/airflow/example_dags/example_branch_operator.py
[2024-06-08T23:55:31.406+0000] {processor.py:743} INFO - Processing file /home/airflow/.local/lib/python3.7/site-packages/airflow/example_dags/example_branch_operator.py for tasks to queue
[2024-06-08T23:55:31.407+0000] {logging_mixin.py:137} INFO - [2024-06-08T23:55:31.407+0000] {dagbag.py:538} INFO - Filling up the DagBag from /home/airflow/.local/lib/python3.7/site-packages/airflow/example_dags/example_branch_operator.py
[2024-06-08T23:55:31.420+0000] {processor.py:753} INFO - DAG(s) dict_keys(['example_branch_operator']) retrieved from /home/airflow/.local/lib/python3.7/site-packages/airflow/example_dags/example_branch_operator.py
[2024-06-08T23:55:31.440+0000] {logging_mixin.py:137} INFO - [2024-06-08T23:55:31.440+0000] {dag.py:2690} INFO - Sync 1 DAGs
[2024-06-08T23:55:31.457+0000] {logging_mixin.py:137} INFO - [2024-06-08T23:55:31.457+0000] {dag.py:3441} INFO - Setting next_dagrun for example_branch_operator to 2024-06-07T00:00:00+00:00, run_after=2024-06-08T00:00:00+00:00
[2024-06-08T23:55:31.471+0000] {processor.py:175} INFO - Processing /home/airflow/.local/lib/python3.7/site-packages/airflow/example_dags/example_branch_operator.py took 0.069 seconds
[2024-06-08T23:56:01.812+0000] {processor.py:153} INFO - Started process (PID=2460) to work on /home/airflow/.local/lib/python3.7/site-packages/airflow/example_dags/example_branch_operator.py
[2024-06-08T23:56:01.814+0000] {processor.py:743} INFO - Processing file /home/airflow/.local/lib/python3.7/site-packages/airflow/example_dags/example_branch_operator.py for tasks to queue
[2024-06-08T23:56:01.815+0000] {logging_mixin.py:137} INFO - [2024-06-08T23:56:01.815+0000] {dagbag.py:538} INFO - Filling up the DagBag from /home/airflow/.local/lib/python3.7/site-packages/airflow/example_dags/example_branch_operator.py
[2024-06-08T23:56:01.827+0000] {processor.py:753} INFO - DAG(s) dict_keys(['example_branch_operator']) retrieved from /home/airflow/.local/lib/python3.7/site-packages/airflow/example_dags/example_branch_operator.py
[2024-06-08T23:56:01.848+0000] {logging_mixin.py:137} INFO - [2024-06-08T23:56:01.848+0000] {dag.py:2690} INFO - Sync 1 DAGs
[2024-06-08T23:56:01.864+0000] {logging_mixin.py:137} INFO - [2024-06-08T23:56:01.864+0000] {dag.py:3441} INFO - Setting next_dagrun for example_branch_operator to 2024-06-07T00:00:00+00:00, run_after=2024-06-08T00:00:00+00:00
[2024-06-08T23:56:01.877+0000] {processor.py:175} INFO - Processing /home/airflow/.local/lib/python3.7/site-packages/airflow/example_dags/example_branch_operator.py took 0.067 seconds
[2024-06-08T23:56:32.322+0000] {processor.py:153} INFO - Started process (PID=2510) to work on /home/airflow/.local/lib/python3.7/site-packages/airflow/example_dags/example_branch_operator.py
[2024-06-08T23:56:32.323+0000] {processor.py:743} INFO - Processing file /home/airflow/.local/lib/python3.7/site-packages/airflow/example_dags/example_branch_operator.py for tasks to queue
[2024-06-08T23:56:32.324+0000] {logging_mixin.py:137} INFO - [2024-06-08T23:56:32.324+0000] {dagbag.py:538} INFO - Filling up the DagBag from /home/airflow/.local/lib/python3.7/site-packages/airflow/example_dags/example_branch_operator.py
[2024-06-08T23:56:32.336+0000] {processor.py:753} INFO - DAG(s) dict_keys(['example_branch_operator']) retrieved from /home/airflow/.local/lib/python3.7/site-packages/airflow/example_dags/example_branch_operator.py
[2024-06-08T23:56:32.357+0000] {logging_mixin.py:137} INFO - [2024-06-08T23:56:32.357+0000] {dag.py:2690} INFO - Sync 1 DAGs
[2024-06-08T23:56:32.375+0000] {logging_mixin.py:137} INFO - [2024-06-08T23:56:32.375+0000] {dag.py:3441} INFO - Setting next_dagrun for example_branch_operator to 2024-06-07T00:00:00+00:00, run_after=2024-06-08T00:00:00+00:00
[2024-06-08T23:56:32.391+0000] {processor.py:175} INFO - Processing /home/airflow/.local/lib/python3.7/site-packages/airflow/example_dags/example_branch_operator.py took 0.071 seconds
[2024-06-08T23:57:02.684+0000] {processor.py:153} INFO - Started process (PID=2567) to work on /home/airflow/.local/lib/python3.7/site-packages/airflow/example_dags/example_branch_operator.py
[2024-06-08T23:57:02.685+0000] {processor.py:743} INFO - Processing file /home/airflow/.local/lib/python3.7/site-packages/airflow/example_dags/example_branch_operator.py for tasks to queue
[2024-06-08T23:57:02.686+0000] {logging_mixin.py:137} INFO - [2024-06-08T23:57:02.686+0000] {dagbag.py:538} INFO - Filling up the DagBag from /home/airflow/.local/lib/python3.7/site-packages/airflow/example_dags/example_branch_operator.py
[2024-06-08T23:57:02.700+0000] {processor.py:753} INFO - DAG(s) dict_keys(['example_branch_operator']) retrieved from /home/airflow/.local/lib/python3.7/site-packages/airflow/example_dags/example_branch_operator.py
[2024-06-08T23:57:02.721+0000] {logging_mixin.py:137} INFO - [2024-06-08T23:57:02.720+0000] {dag.py:2690} INFO - Sync 1 DAGs
[2024-06-08T23:57:02.737+0000] {logging_mixin.py:137} INFO - [2024-06-08T23:57:02.737+0000] {dag.py:3441} INFO - Setting next_dagrun for example_branch_operator to 2024-06-07T00:00:00+00:00, run_after=2024-06-08T00:00:00+00:00
[2024-06-08T23:57:02.749+0000] {processor.py:175} INFO - Processing /home/airflow/.local/lib/python3.7/site-packages/airflow/example_dags/example_branch_operator.py took 0.068 seconds
[2024-06-08T23:57:33.237+0000] {processor.py:153} INFO - Started process (PID=2617) to work on /home/airflow/.local/lib/python3.7/site-packages/airflow/example_dags/example_branch_operator.py
[2024-06-08T23:57:33.239+0000] {processor.py:743} INFO - Processing file /home/airflow/.local/lib/python3.7/site-packages/airflow/example_dags/example_branch_operator.py for tasks to queue
[2024-06-08T23:57:33.240+0000] {logging_mixin.py:137} INFO - [2024-06-08T23:57:33.240+0000] {dagbag.py:538} INFO - Filling up the DagBag from /home/airflow/.local/lib/python3.7/site-packages/airflow/example_dags/example_branch_operator.py
[2024-06-08T23:57:33.252+0000] {processor.py:753} INFO - DAG(s) dict_keys(['example_branch_operator']) retrieved from /home/airflow/.local/lib/python3.7/site-packages/airflow/example_dags/example_branch_operator.py
[2024-06-08T23:57:33.273+0000] {logging_mixin.py:137} INFO - [2024-06-08T23:57:33.273+0000] {dag.py:2690} INFO - Sync 1 DAGs
[2024-06-08T23:57:33.290+0000] {logging_mixin.py:137} INFO - [2024-06-08T23:57:33.290+0000] {dag.py:3441} INFO - Setting next_dagrun for example_branch_operator to 2024-06-07T00:00:00+00:00, run_after=2024-06-08T00:00:00+00:00
[2024-06-08T23:57:33.303+0000] {processor.py:175} INFO - Processing /home/airflow/.local/lib/python3.7/site-packages/airflow/example_dags/example_branch_operator.py took 0.069 seconds
[2024-06-08T23:58:03.689+0000] {processor.py:153} INFO - Started process (PID=2667) to work on /home/airflow/.local/lib/python3.7/site-packages/airflow/example_dags/example_branch_operator.py
[2024-06-08T23:58:03.690+0000] {processor.py:743} INFO - Processing file /home/airflow/.local/lib/python3.7/site-packages/airflow/example_dags/example_branch_operator.py for tasks to queue
[2024-06-08T23:58:03.691+0000] {logging_mixin.py:137} INFO - [2024-06-08T23:58:03.691+0000] {dagbag.py:538} INFO - Filling up the DagBag from /home/airflow/.local/lib/python3.7/site-packages/airflow/example_dags/example_branch_operator.py
[2024-06-08T23:58:03.704+0000] {processor.py:753} INFO - DAG(s) dict_keys(['example_branch_operator']) retrieved from /home/airflow/.local/lib/python3.7/site-packages/airflow/example_dags/example_branch_operator.py
[2024-06-08T23:58:03.726+0000] {logging_mixin.py:137} INFO - [2024-06-08T23:58:03.725+0000] {dag.py:2690} INFO - Sync 1 DAGs
[2024-06-08T23:58:03.743+0000] {logging_mixin.py:137} INFO - [2024-06-08T23:58:03.743+0000] {dag.py:3441} INFO - Setting next_dagrun for example_branch_operator to 2024-06-07T00:00:00+00:00, run_after=2024-06-08T00:00:00+00:00
[2024-06-08T23:58:03.756+0000] {processor.py:175} INFO - Processing /home/airflow/.local/lib/python3.7/site-packages/airflow/example_dags/example_branch_operator.py took 0.070 seconds
[2024-06-08T23:58:34.545+0000] {processor.py:153} INFO - Started process (PID=2717) to work on /home/airflow/.local/lib/python3.7/site-packages/airflow/example_dags/example_branch_operator.py
[2024-06-08T23:58:34.546+0000] {processor.py:743} INFO - Processing file /home/airflow/.local/lib/python3.7/site-packages/airflow/example_dags/example_branch_operator.py for tasks to queue
[2024-06-08T23:58:34.547+0000] {logging_mixin.py:137} INFO - [2024-06-08T23:58:34.547+0000] {dagbag.py:538} INFO - Filling up the DagBag from /home/airflow/.local/lib/python3.7/site-packages/airflow/example_dags/example_branch_operator.py
[2024-06-08T23:58:34.562+0000] {processor.py:753} INFO - DAG(s) dict_keys(['example_branch_operator']) retrieved from /home/airflow/.local/lib/python3.7/site-packages/airflow/example_dags/example_branch_operator.py
[2024-06-08T23:58:34.585+0000] {logging_mixin.py:137} INFO - [2024-06-08T23:58:34.585+0000] {dag.py:2690} INFO - Sync 1 DAGs
[2024-06-08T23:58:34.605+0000] {logging_mixin.py:137} INFO - [2024-06-08T23:58:34.605+0000] {dag.py:3441} INFO - Setting next_dagrun for example_branch_operator to 2024-06-07T00:00:00+00:00, run_after=2024-06-08T00:00:00+00:00
[2024-06-08T23:58:34.619+0000] {processor.py:175} INFO - Processing /home/airflow/.local/lib/python3.7/site-packages/airflow/example_dags/example_branch_operator.py took 0.078 seconds
[2024-06-08T23:59:05.312+0000] {processor.py:153} INFO - Started process (PID=2767) to work on /home/airflow/.local/lib/python3.7/site-packages/airflow/example_dags/example_branch_operator.py
[2024-06-08T23:59:05.314+0000] {processor.py:743} INFO - Processing file /home/airflow/.local/lib/python3.7/site-packages/airflow/example_dags/example_branch_operator.py for tasks to queue
[2024-06-08T23:59:05.315+0000] {logging_mixin.py:137} INFO - [2024-06-08T23:59:05.315+0000] {dagbag.py:538} INFO - Filling up the DagBag from /home/airflow/.local/lib/python3.7/site-packages/airflow/example_dags/example_branch_operator.py
[2024-06-08T23:59:05.328+0000] {processor.py:753} INFO - DAG(s) dict_keys(['example_branch_operator']) retrieved from /home/airflow/.local/lib/python3.7/site-packages/airflow/example_dags/example_branch_operator.py
[2024-06-08T23:59:05.351+0000] {logging_mixin.py:137} INFO - [2024-06-08T23:59:05.350+0000] {dag.py:2690} INFO - Sync 1 DAGs
[2024-06-08T23:59:05.369+0000] {logging_mixin.py:137} INFO - [2024-06-08T23:59:05.369+0000] {dag.py:3441} INFO - Setting next_dagrun for example_branch_operator to 2024-06-07T00:00:00+00:00, run_after=2024-06-08T00:00:00+00:00
[2024-06-08T23:59:05.381+0000] {processor.py:175} INFO - Processing /home/airflow/.local/lib/python3.7/site-packages/airflow/example_dags/example_branch_operator.py took 0.072 seconds
[2024-06-08T23:59:35.710+0000] {processor.py:153} INFO - Started process (PID=2817) to work on /home/airflow/.local/lib/python3.7/site-packages/airflow/example_dags/example_branch_operator.py
[2024-06-08T23:59:35.711+0000] {processor.py:743} INFO - Processing file /home/airflow/.local/lib/python3.7/site-packages/airflow/example_dags/example_branch_operator.py for tasks to queue
[2024-06-08T23:59:35.712+0000] {logging_mixin.py:137} INFO - [2024-06-08T23:59:35.712+0000] {dagbag.py:538} INFO - Filling up the DagBag from /home/airflow/.local/lib/python3.7/site-packages/airflow/example_dags/example_branch_operator.py
[2024-06-08T23:59:35.726+0000] {processor.py:753} INFO - DAG(s) dict_keys(['example_branch_operator']) retrieved from /home/airflow/.local/lib/python3.7/site-packages/airflow/example_dags/example_branch_operator.py
[2024-06-08T23:59:35.746+0000] {logging_mixin.py:137} INFO - [2024-06-08T23:59:35.746+0000] {dag.py:2690} INFO - Sync 1 DAGs
[2024-06-08T23:59:35.762+0000] {logging_mixin.py:137} INFO - [2024-06-08T23:59:35.762+0000] {dag.py:3441} INFO - Setting next_dagrun for example_branch_operator to 2024-06-07T00:00:00+00:00, run_after=2024-06-08T00:00:00+00:00
[2024-06-08T23:59:35.774+0000] {processor.py:175} INFO - Processing /home/airflow/.local/lib/python3.7/site-packages/airflow/example_dags/example_branch_operator.py took 0.066 seconds
