[2024-06-08T23:31:37.037+0000] {processor.py:153} INFO - Started process (PID=72) to work on /home/airflow/.local/lib/python3.7/site-packages/airflow/example_dags/example_xcom.py
[2024-06-08T23:31:37.038+0000] {processor.py:743} INFO - Processing file /home/airflow/.local/lib/python3.7/site-packages/airflow/example_dags/example_xcom.py for tasks to queue
[2024-06-08T23:31:37.040+0000] {logging_mixin.py:137} INFO - [2024-06-08T23:31:37.040+0000] {dagbag.py:538} INFO - Filling up the DagBag from /home/airflow/.local/lib/python3.7/site-packages/airflow/example_dags/example_xcom.py
[2024-06-08T23:31:37.061+0000] {processor.py:753} INFO - DAG(s) dict_keys(['example_xcom']) retrieved from /home/airflow/.local/lib/python3.7/site-packages/airflow/example_dags/example_xcom.py
[2024-06-08T23:31:37.082+0000] {logging_mixin.py:137} INFO - [2024-06-08T23:31:37.082+0000] {dag.py:2690} INFO - Sync 1 DAGs
[2024-06-08T23:31:37.100+0000] {logging_mixin.py:137} INFO - [2024-06-08T23:31:37.099+0000] {dag.py:3441} INFO - Setting next_dagrun for example_xcom to 2021-01-01T00:00:00+00:00, run_after=2021-01-01T00:00:00+00:00
[2024-06-08T23:31:37.116+0000] {processor.py:175} INFO - Processing /home/airflow/.local/lib/python3.7/site-packages/airflow/example_dags/example_xcom.py took 0.082 seconds
[2024-06-08T23:32:07.577+0000] {processor.py:153} INFO - Started process (PID=122) to work on /home/airflow/.local/lib/python3.7/site-packages/airflow/example_dags/example_xcom.py
[2024-06-08T23:32:07.579+0000] {processor.py:743} INFO - Processing file /home/airflow/.local/lib/python3.7/site-packages/airflow/example_dags/example_xcom.py for tasks to queue
[2024-06-08T23:32:07.580+0000] {logging_mixin.py:137} INFO - [2024-06-08T23:32:07.580+0000] {dagbag.py:538} INFO - Filling up the DagBag from /home/airflow/.local/lib/python3.7/site-packages/airflow/example_dags/example_xcom.py
[2024-06-08T23:32:07.598+0000] {processor.py:753} INFO - DAG(s) dict_keys(['example_xcom']) retrieved from /home/airflow/.local/lib/python3.7/site-packages/airflow/example_dags/example_xcom.py
[2024-06-08T23:32:07.619+0000] {logging_mixin.py:137} INFO - [2024-06-08T23:32:07.619+0000] {dag.py:2690} INFO - Sync 1 DAGs
[2024-06-08T23:32:07.635+0000] {logging_mixin.py:137} INFO - [2024-06-08T23:32:07.635+0000] {dag.py:3441} INFO - Setting next_dagrun for example_xcom to 2021-01-01T00:00:00+00:00, run_after=2021-01-01T00:00:00+00:00
[2024-06-08T23:32:07.648+0000] {processor.py:175} INFO - Processing /home/airflow/.local/lib/python3.7/site-packages/airflow/example_dags/example_xcom.py took 0.073 seconds
[2024-06-08T23:32:37.873+0000] {processor.py:153} INFO - Started process (PID=172) to work on /home/airflow/.local/lib/python3.7/site-packages/airflow/example_dags/example_xcom.py
[2024-06-08T23:32:37.874+0000] {processor.py:743} INFO - Processing file /home/airflow/.local/lib/python3.7/site-packages/airflow/example_dags/example_xcom.py for tasks to queue
[2024-06-08T23:32:37.875+0000] {logging_mixin.py:137} INFO - [2024-06-08T23:32:37.875+0000] {dagbag.py:538} INFO - Filling up the DagBag from /home/airflow/.local/lib/python3.7/site-packages/airflow/example_dags/example_xcom.py
[2024-06-08T23:32:37.896+0000] {processor.py:753} INFO - DAG(s) dict_keys(['example_xcom']) retrieved from /home/airflow/.local/lib/python3.7/site-packages/airflow/example_dags/example_xcom.py
[2024-06-08T23:32:37.920+0000] {logging_mixin.py:137} INFO - [2024-06-08T23:32:37.920+0000] {dag.py:2690} INFO - Sync 1 DAGs
[2024-06-08T23:32:37.939+0000] {logging_mixin.py:137} INFO - [2024-06-08T23:32:37.939+0000] {dag.py:3441} INFO - Setting next_dagrun for example_xcom to 2021-01-01T00:00:00+00:00, run_after=2021-01-01T00:00:00+00:00
[2024-06-08T23:32:37.955+0000] {processor.py:175} INFO - Processing /home/airflow/.local/lib/python3.7/site-packages/airflow/example_dags/example_xcom.py took 0.085 seconds
[2024-06-08T23:33:08.145+0000] {processor.py:153} INFO - Started process (PID=222) to work on /home/airflow/.local/lib/python3.7/site-packages/airflow/example_dags/example_xcom.py
[2024-06-08T23:33:08.146+0000] {processor.py:743} INFO - Processing file /home/airflow/.local/lib/python3.7/site-packages/airflow/example_dags/example_xcom.py for tasks to queue
[2024-06-08T23:33:08.147+0000] {logging_mixin.py:137} INFO - [2024-06-08T23:33:08.147+0000] {dagbag.py:538} INFO - Filling up the DagBag from /home/airflow/.local/lib/python3.7/site-packages/airflow/example_dags/example_xcom.py
[2024-06-08T23:33:08.162+0000] {processor.py:753} INFO - DAG(s) dict_keys(['example_xcom']) retrieved from /home/airflow/.local/lib/python3.7/site-packages/airflow/example_dags/example_xcom.py
[2024-06-08T23:33:08.181+0000] {logging_mixin.py:137} INFO - [2024-06-08T23:33:08.181+0000] {dag.py:2690} INFO - Sync 1 DAGs
[2024-06-08T23:33:08.197+0000] {logging_mixin.py:137} INFO - [2024-06-08T23:33:08.197+0000] {dag.py:3441} INFO - Setting next_dagrun for example_xcom to 2021-01-01T00:00:00+00:00, run_after=2021-01-01T00:00:00+00:00
[2024-06-08T23:33:08.211+0000] {processor.py:175} INFO - Processing /home/airflow/.local/lib/python3.7/site-packages/airflow/example_dags/example_xcom.py took 0.070 seconds
[2024-06-08T23:33:38.402+0000] {processor.py:153} INFO - Started process (PID=273) to work on /home/airflow/.local/lib/python3.7/site-packages/airflow/example_dags/example_xcom.py
[2024-06-08T23:33:38.403+0000] {processor.py:743} INFO - Processing file /home/airflow/.local/lib/python3.7/site-packages/airflow/example_dags/example_xcom.py for tasks to queue
[2024-06-08T23:33:38.404+0000] {logging_mixin.py:137} INFO - [2024-06-08T23:33:38.404+0000] {dagbag.py:538} INFO - Filling up the DagBag from /home/airflow/.local/lib/python3.7/site-packages/airflow/example_dags/example_xcom.py
[2024-06-08T23:33:38.419+0000] {processor.py:753} INFO - DAG(s) dict_keys(['example_xcom']) retrieved from /home/airflow/.local/lib/python3.7/site-packages/airflow/example_dags/example_xcom.py
[2024-06-08T23:33:38.439+0000] {logging_mixin.py:137} INFO - [2024-06-08T23:33:38.439+0000] {dag.py:2690} INFO - Sync 1 DAGs
[2024-06-08T23:33:38.454+0000] {logging_mixin.py:137} INFO - [2024-06-08T23:33:38.454+0000] {dag.py:3441} INFO - Setting next_dagrun for example_xcom to 2021-01-01T00:00:00+00:00, run_after=2021-01-01T00:00:00+00:00
[2024-06-08T23:33:38.466+0000] {processor.py:175} INFO - Processing /home/airflow/.local/lib/python3.7/site-packages/airflow/example_dags/example_xcom.py took 0.067 seconds
[2024-06-08T23:34:08.937+0000] {processor.py:153} INFO - Started process (PID=322) to work on /home/airflow/.local/lib/python3.7/site-packages/airflow/example_dags/example_xcom.py
[2024-06-08T23:34:08.939+0000] {processor.py:743} INFO - Processing file /home/airflow/.local/lib/python3.7/site-packages/airflow/example_dags/example_xcom.py for tasks to queue
[2024-06-08T23:34:08.940+0000] {logging_mixin.py:137} INFO - [2024-06-08T23:34:08.940+0000] {dagbag.py:538} INFO - Filling up the DagBag from /home/airflow/.local/lib/python3.7/site-packages/airflow/example_dags/example_xcom.py
[2024-06-08T23:34:08.956+0000] {processor.py:753} INFO - DAG(s) dict_keys(['example_xcom']) retrieved from /home/airflow/.local/lib/python3.7/site-packages/airflow/example_dags/example_xcom.py
[2024-06-08T23:34:08.979+0000] {logging_mixin.py:137} INFO - [2024-06-08T23:34:08.979+0000] {dag.py:2690} INFO - Sync 1 DAGs
[2024-06-08T23:34:08.996+0000] {logging_mixin.py:137} INFO - [2024-06-08T23:34:08.995+0000] {dag.py:3441} INFO - Setting next_dagrun for example_xcom to 2021-01-01T00:00:00+00:00, run_after=2021-01-01T00:00:00+00:00
[2024-06-08T23:34:09.011+0000] {processor.py:175} INFO - Processing /home/airflow/.local/lib/python3.7/site-packages/airflow/example_dags/example_xcom.py took 0.077 seconds
[2024-06-08T23:34:39.720+0000] {processor.py:153} INFO - Started process (PID=372) to work on /home/airflow/.local/lib/python3.7/site-packages/airflow/example_dags/example_xcom.py
[2024-06-08T23:34:39.722+0000] {processor.py:743} INFO - Processing file /home/airflow/.local/lib/python3.7/site-packages/airflow/example_dags/example_xcom.py for tasks to queue
[2024-06-08T23:34:39.723+0000] {logging_mixin.py:137} INFO - [2024-06-08T23:34:39.723+0000] {dagbag.py:538} INFO - Filling up the DagBag from /home/airflow/.local/lib/python3.7/site-packages/airflow/example_dags/example_xcom.py
[2024-06-08T23:34:39.740+0000] {processor.py:753} INFO - DAG(s) dict_keys(['example_xcom']) retrieved from /home/airflow/.local/lib/python3.7/site-packages/airflow/example_dags/example_xcom.py
[2024-06-08T23:34:39.761+0000] {logging_mixin.py:137} INFO - [2024-06-08T23:34:39.761+0000] {dag.py:2690} INFO - Sync 1 DAGs
[2024-06-08T23:34:39.778+0000] {logging_mixin.py:137} INFO - [2024-06-08T23:34:39.778+0000] {dag.py:3441} INFO - Setting next_dagrun for example_xcom to 2021-01-01T00:00:00+00:00, run_after=2021-01-01T00:00:00+00:00
[2024-06-08T23:34:39.790+0000] {processor.py:175} INFO - Processing /home/airflow/.local/lib/python3.7/site-packages/airflow/example_dags/example_xcom.py took 0.072 seconds
[2024-06-08T23:35:10.213+0000] {processor.py:153} INFO - Started process (PID=422) to work on /home/airflow/.local/lib/python3.7/site-packages/airflow/example_dags/example_xcom.py
[2024-06-08T23:35:10.214+0000] {processor.py:743} INFO - Processing file /home/airflow/.local/lib/python3.7/site-packages/airflow/example_dags/example_xcom.py for tasks to queue
[2024-06-08T23:35:10.215+0000] {logging_mixin.py:137} INFO - [2024-06-08T23:35:10.215+0000] {dagbag.py:538} INFO - Filling up the DagBag from /home/airflow/.local/lib/python3.7/site-packages/airflow/example_dags/example_xcom.py
[2024-06-08T23:35:10.233+0000] {processor.py:753} INFO - DAG(s) dict_keys(['example_xcom']) retrieved from /home/airflow/.local/lib/python3.7/site-packages/airflow/example_dags/example_xcom.py
[2024-06-08T23:35:10.255+0000] {logging_mixin.py:137} INFO - [2024-06-08T23:35:10.255+0000] {dag.py:2690} INFO - Sync 1 DAGs
[2024-06-08T23:35:10.272+0000] {logging_mixin.py:137} INFO - [2024-06-08T23:35:10.272+0000] {dag.py:3441} INFO - Setting next_dagrun for example_xcom to 2021-01-01T00:00:00+00:00, run_after=2021-01-01T00:00:00+00:00
[2024-06-08T23:35:10.285+0000] {processor.py:175} INFO - Processing /home/airflow/.local/lib/python3.7/site-packages/airflow/example_dags/example_xcom.py took 0.075 seconds
[2024-06-08T23:35:40.825+0000] {processor.py:153} INFO - Started process (PID=472) to work on /home/airflow/.local/lib/python3.7/site-packages/airflow/example_dags/example_xcom.py
[2024-06-08T23:35:40.826+0000] {processor.py:743} INFO - Processing file /home/airflow/.local/lib/python3.7/site-packages/airflow/example_dags/example_xcom.py for tasks to queue
[2024-06-08T23:35:40.827+0000] {logging_mixin.py:137} INFO - [2024-06-08T23:35:40.827+0000] {dagbag.py:538} INFO - Filling up the DagBag from /home/airflow/.local/lib/python3.7/site-packages/airflow/example_dags/example_xcom.py
[2024-06-08T23:35:40.844+0000] {processor.py:753} INFO - DAG(s) dict_keys(['example_xcom']) retrieved from /home/airflow/.local/lib/python3.7/site-packages/airflow/example_dags/example_xcom.py
[2024-06-08T23:35:40.867+0000] {logging_mixin.py:137} INFO - [2024-06-08T23:35:40.867+0000] {dag.py:2690} INFO - Sync 1 DAGs
[2024-06-08T23:35:40.885+0000] {logging_mixin.py:137} INFO - [2024-06-08T23:35:40.884+0000] {dag.py:3441} INFO - Setting next_dagrun for example_xcom to 2021-01-01T00:00:00+00:00, run_after=2021-01-01T00:00:00+00:00
[2024-06-08T23:35:40.898+0000] {processor.py:175} INFO - Processing /home/airflow/.local/lib/python3.7/site-packages/airflow/example_dags/example_xcom.py took 0.076 seconds
[2024-06-08T23:36:11.272+0000] {processor.py:153} INFO - Started process (PID=522) to work on /home/airflow/.local/lib/python3.7/site-packages/airflow/example_dags/example_xcom.py
[2024-06-08T23:36:11.274+0000] {processor.py:743} INFO - Processing file /home/airflow/.local/lib/python3.7/site-packages/airflow/example_dags/example_xcom.py for tasks to queue
[2024-06-08T23:36:11.275+0000] {logging_mixin.py:137} INFO - [2024-06-08T23:36:11.275+0000] {dagbag.py:538} INFO - Filling up the DagBag from /home/airflow/.local/lib/python3.7/site-packages/airflow/example_dags/example_xcom.py
[2024-06-08T23:36:11.293+0000] {processor.py:753} INFO - DAG(s) dict_keys(['example_xcom']) retrieved from /home/airflow/.local/lib/python3.7/site-packages/airflow/example_dags/example_xcom.py
[2024-06-08T23:36:11.322+0000] {logging_mixin.py:137} INFO - [2024-06-08T23:36:11.322+0000] {dag.py:2690} INFO - Sync 1 DAGs
[2024-06-08T23:36:11.340+0000] {logging_mixin.py:137} INFO - [2024-06-08T23:36:11.340+0000] {dag.py:3441} INFO - Setting next_dagrun for example_xcom to 2021-01-01T00:00:00+00:00, run_after=2021-01-01T00:00:00+00:00
[2024-06-08T23:36:11.353+0000] {processor.py:175} INFO - Processing /home/airflow/.local/lib/python3.7/site-packages/airflow/example_dags/example_xcom.py took 0.084 seconds
[2024-06-08T23:36:42.129+0000] {processor.py:153} INFO - Started process (PID=572) to work on /home/airflow/.local/lib/python3.7/site-packages/airflow/example_dags/example_xcom.py
[2024-06-08T23:36:42.131+0000] {processor.py:743} INFO - Processing file /home/airflow/.local/lib/python3.7/site-packages/airflow/example_dags/example_xcom.py for tasks to queue
[2024-06-08T23:36:42.132+0000] {logging_mixin.py:137} INFO - [2024-06-08T23:36:42.132+0000] {dagbag.py:538} INFO - Filling up the DagBag from /home/airflow/.local/lib/python3.7/site-packages/airflow/example_dags/example_xcom.py
[2024-06-08T23:36:42.148+0000] {processor.py:753} INFO - DAG(s) dict_keys(['example_xcom']) retrieved from /home/airflow/.local/lib/python3.7/site-packages/airflow/example_dags/example_xcom.py
[2024-06-08T23:36:42.169+0000] {logging_mixin.py:137} INFO - [2024-06-08T23:36:42.169+0000] {dag.py:2690} INFO - Sync 1 DAGs
[2024-06-08T23:36:42.186+0000] {logging_mixin.py:137} INFO - [2024-06-08T23:36:42.186+0000] {dag.py:3441} INFO - Setting next_dagrun for example_xcom to 2021-01-01T00:00:00+00:00, run_after=2021-01-01T00:00:00+00:00
[2024-06-08T23:36:42.198+0000] {processor.py:175} INFO - Processing /home/airflow/.local/lib/python3.7/site-packages/airflow/example_dags/example_xcom.py took 0.071 seconds
[2024-06-08T23:37:12.657+0000] {processor.py:153} INFO - Started process (PID=622) to work on /home/airflow/.local/lib/python3.7/site-packages/airflow/example_dags/example_xcom.py
[2024-06-08T23:37:12.658+0000] {processor.py:743} INFO - Processing file /home/airflow/.local/lib/python3.7/site-packages/airflow/example_dags/example_xcom.py for tasks to queue
[2024-06-08T23:37:12.659+0000] {logging_mixin.py:137} INFO - [2024-06-08T23:37:12.659+0000] {dagbag.py:538} INFO - Filling up the DagBag from /home/airflow/.local/lib/python3.7/site-packages/airflow/example_dags/example_xcom.py
[2024-06-08T23:37:12.677+0000] {processor.py:753} INFO - DAG(s) dict_keys(['example_xcom']) retrieved from /home/airflow/.local/lib/python3.7/site-packages/airflow/example_dags/example_xcom.py
[2024-06-08T23:37:12.699+0000] {logging_mixin.py:137} INFO - [2024-06-08T23:37:12.699+0000] {dag.py:2690} INFO - Sync 1 DAGs
[2024-06-08T23:37:12.714+0000] {logging_mixin.py:137} INFO - [2024-06-08T23:37:12.714+0000] {dag.py:3441} INFO - Setting next_dagrun for example_xcom to 2021-01-01T00:00:00+00:00, run_after=2021-01-01T00:00:00+00:00
[2024-06-08T23:37:12.725+0000] {processor.py:175} INFO - Processing /home/airflow/.local/lib/python3.7/site-packages/airflow/example_dags/example_xcom.py took 0.071 seconds
[2024-06-08T23:37:43.094+0000] {processor.py:153} INFO - Started process (PID=672) to work on /home/airflow/.local/lib/python3.7/site-packages/airflow/example_dags/example_xcom.py
[2024-06-08T23:37:43.096+0000] {processor.py:743} INFO - Processing file /home/airflow/.local/lib/python3.7/site-packages/airflow/example_dags/example_xcom.py for tasks to queue
[2024-06-08T23:37:43.097+0000] {logging_mixin.py:137} INFO - [2024-06-08T23:37:43.096+0000] {dagbag.py:538} INFO - Filling up the DagBag from /home/airflow/.local/lib/python3.7/site-packages/airflow/example_dags/example_xcom.py
[2024-06-08T23:37:43.113+0000] {processor.py:753} INFO - DAG(s) dict_keys(['example_xcom']) retrieved from /home/airflow/.local/lib/python3.7/site-packages/airflow/example_dags/example_xcom.py
[2024-06-08T23:37:43.135+0000] {logging_mixin.py:137} INFO - [2024-06-08T23:37:43.135+0000] {dag.py:2690} INFO - Sync 1 DAGs
[2024-06-08T23:37:43.150+0000] {logging_mixin.py:137} INFO - [2024-06-08T23:37:43.150+0000] {dag.py:3441} INFO - Setting next_dagrun for example_xcom to 2021-01-01T00:00:00+00:00, run_after=2021-01-01T00:00:00+00:00
[2024-06-08T23:37:43.163+0000] {processor.py:175} INFO - Processing /home/airflow/.local/lib/python3.7/site-packages/airflow/example_dags/example_xcom.py took 0.072 seconds
[2024-06-08T23:38:14.374+0000] {processor.py:153} INFO - Started process (PID=722) to work on /home/airflow/.local/lib/python3.7/site-packages/airflow/example_dags/example_xcom.py
[2024-06-08T23:38:14.376+0000] {processor.py:743} INFO - Processing file /home/airflow/.local/lib/python3.7/site-packages/airflow/example_dags/example_xcom.py for tasks to queue
[2024-06-08T23:38:14.377+0000] {logging_mixin.py:137} INFO - [2024-06-08T23:38:14.377+0000] {dagbag.py:538} INFO - Filling up the DagBag from /home/airflow/.local/lib/python3.7/site-packages/airflow/example_dags/example_xcom.py
[2024-06-08T23:38:14.413+0000] {processor.py:753} INFO - DAG(s) dict_keys(['example_xcom']) retrieved from /home/airflow/.local/lib/python3.7/site-packages/airflow/example_dags/example_xcom.py
[2024-06-08T23:38:14.442+0000] {logging_mixin.py:137} INFO - [2024-06-08T23:38:14.442+0000] {dag.py:2690} INFO - Sync 1 DAGs
[2024-06-08T23:38:14.463+0000] {logging_mixin.py:137} INFO - [2024-06-08T23:38:14.462+0000] {dag.py:3441} INFO - Setting next_dagrun for example_xcom to 2021-01-01T00:00:00+00:00, run_after=2021-01-01T00:00:00+00:00
[2024-06-08T23:38:14.490+0000] {processor.py:175} INFO - Processing /home/airflow/.local/lib/python3.7/site-packages/airflow/example_dags/example_xcom.py took 0.120 seconds
[2024-06-08T23:38:45.159+0000] {processor.py:153} INFO - Started process (PID=772) to work on /home/airflow/.local/lib/python3.7/site-packages/airflow/example_dags/example_xcom.py
[2024-06-08T23:38:45.160+0000] {processor.py:743} INFO - Processing file /home/airflow/.local/lib/python3.7/site-packages/airflow/example_dags/example_xcom.py for tasks to queue
[2024-06-08T23:38:45.161+0000] {logging_mixin.py:137} INFO - [2024-06-08T23:38:45.161+0000] {dagbag.py:538} INFO - Filling up the DagBag from /home/airflow/.local/lib/python3.7/site-packages/airflow/example_dags/example_xcom.py
[2024-06-08T23:38:45.178+0000] {processor.py:753} INFO - DAG(s) dict_keys(['example_xcom']) retrieved from /home/airflow/.local/lib/python3.7/site-packages/airflow/example_dags/example_xcom.py
[2024-06-08T23:38:45.199+0000] {logging_mixin.py:137} INFO - [2024-06-08T23:38:45.199+0000] {dag.py:2690} INFO - Sync 1 DAGs
[2024-06-08T23:38:45.216+0000] {logging_mixin.py:137} INFO - [2024-06-08T23:38:45.216+0000] {dag.py:3441} INFO - Setting next_dagrun for example_xcom to 2021-01-01T00:00:00+00:00, run_after=2021-01-01T00:00:00+00:00
[2024-06-08T23:38:45.227+0000] {processor.py:175} INFO - Processing /home/airflow/.local/lib/python3.7/site-packages/airflow/example_dags/example_xcom.py took 0.071 seconds
[2024-06-08T23:39:15.948+0000] {processor.py:153} INFO - Started process (PID=822) to work on /home/airflow/.local/lib/python3.7/site-packages/airflow/example_dags/example_xcom.py
[2024-06-08T23:39:15.950+0000] {processor.py:743} INFO - Processing file /home/airflow/.local/lib/python3.7/site-packages/airflow/example_dags/example_xcom.py for tasks to queue
[2024-06-08T23:39:15.951+0000] {logging_mixin.py:137} INFO - [2024-06-08T23:39:15.950+0000] {dagbag.py:538} INFO - Filling up the DagBag from /home/airflow/.local/lib/python3.7/site-packages/airflow/example_dags/example_xcom.py
[2024-06-08T23:39:15.968+0000] {processor.py:753} INFO - DAG(s) dict_keys(['example_xcom']) retrieved from /home/airflow/.local/lib/python3.7/site-packages/airflow/example_dags/example_xcom.py
[2024-06-08T23:39:15.991+0000] {logging_mixin.py:137} INFO - [2024-06-08T23:39:15.991+0000] {dag.py:2690} INFO - Sync 1 DAGs
[2024-06-08T23:39:16.009+0000] {logging_mixin.py:137} INFO - [2024-06-08T23:39:16.009+0000] {dag.py:3441} INFO - Setting next_dagrun for example_xcom to 2021-01-01T00:00:00+00:00, run_after=2021-01-01T00:00:00+00:00
[2024-06-08T23:39:16.023+0000] {processor.py:175} INFO - Processing /home/airflow/.local/lib/python3.7/site-packages/airflow/example_dags/example_xcom.py took 0.078 seconds
[2024-06-08T23:39:46.336+0000] {processor.py:153} INFO - Started process (PID=872) to work on /home/airflow/.local/lib/python3.7/site-packages/airflow/example_dags/example_xcom.py
[2024-06-08T23:39:46.338+0000] {processor.py:743} INFO - Processing file /home/airflow/.local/lib/python3.7/site-packages/airflow/example_dags/example_xcom.py for tasks to queue
[2024-06-08T23:39:46.339+0000] {logging_mixin.py:137} INFO - [2024-06-08T23:39:46.338+0000] {dagbag.py:538} INFO - Filling up the DagBag from /home/airflow/.local/lib/python3.7/site-packages/airflow/example_dags/example_xcom.py
[2024-06-08T23:39:46.355+0000] {processor.py:753} INFO - DAG(s) dict_keys(['example_xcom']) retrieved from /home/airflow/.local/lib/python3.7/site-packages/airflow/example_dags/example_xcom.py
[2024-06-08T23:39:46.377+0000] {logging_mixin.py:137} INFO - [2024-06-08T23:39:46.377+0000] {dag.py:2690} INFO - Sync 1 DAGs
[2024-06-08T23:39:46.394+0000] {logging_mixin.py:137} INFO - [2024-06-08T23:39:46.394+0000] {dag.py:3441} INFO - Setting next_dagrun for example_xcom to 2021-01-01T00:00:00+00:00, run_after=2021-01-01T00:00:00+00:00
[2024-06-08T23:39:46.406+0000] {processor.py:175} INFO - Processing /home/airflow/.local/lib/python3.7/site-packages/airflow/example_dags/example_xcom.py took 0.074 seconds
[2024-06-08T23:40:16.604+0000] {processor.py:153} INFO - Started process (PID=922) to work on /home/airflow/.local/lib/python3.7/site-packages/airflow/example_dags/example_xcom.py
[2024-06-08T23:40:16.605+0000] {processor.py:743} INFO - Processing file /home/airflow/.local/lib/python3.7/site-packages/airflow/example_dags/example_xcom.py for tasks to queue
[2024-06-08T23:40:16.606+0000] {logging_mixin.py:137} INFO - [2024-06-08T23:40:16.606+0000] {dagbag.py:538} INFO - Filling up the DagBag from /home/airflow/.local/lib/python3.7/site-packages/airflow/example_dags/example_xcom.py
[2024-06-08T23:40:16.622+0000] {processor.py:753} INFO - DAG(s) dict_keys(['example_xcom']) retrieved from /home/airflow/.local/lib/python3.7/site-packages/airflow/example_dags/example_xcom.py
[2024-06-08T23:40:16.643+0000] {logging_mixin.py:137} INFO - [2024-06-08T23:40:16.643+0000] {dag.py:2690} INFO - Sync 1 DAGs
[2024-06-08T23:40:16.658+0000] {logging_mixin.py:137} INFO - [2024-06-08T23:40:16.658+0000] {dag.py:3441} INFO - Setting next_dagrun for example_xcom to 2021-01-01T00:00:00+00:00, run_after=2021-01-01T00:00:00+00:00
[2024-06-08T23:40:16.670+0000] {processor.py:175} INFO - Processing /home/airflow/.local/lib/python3.7/site-packages/airflow/example_dags/example_xcom.py took 0.069 seconds
[2024-06-08T23:40:47.141+0000] {processor.py:153} INFO - Started process (PID=972) to work on /home/airflow/.local/lib/python3.7/site-packages/airflow/example_dags/example_xcom.py
[2024-06-08T23:40:47.142+0000] {processor.py:743} INFO - Processing file /home/airflow/.local/lib/python3.7/site-packages/airflow/example_dags/example_xcom.py for tasks to queue
[2024-06-08T23:40:47.143+0000] {logging_mixin.py:137} INFO - [2024-06-08T23:40:47.143+0000] {dagbag.py:538} INFO - Filling up the DagBag from /home/airflow/.local/lib/python3.7/site-packages/airflow/example_dags/example_xcom.py
[2024-06-08T23:40:47.160+0000] {processor.py:753} INFO - DAG(s) dict_keys(['example_xcom']) retrieved from /home/airflow/.local/lib/python3.7/site-packages/airflow/example_dags/example_xcom.py
[2024-06-08T23:40:47.181+0000] {logging_mixin.py:137} INFO - [2024-06-08T23:40:47.181+0000] {dag.py:2690} INFO - Sync 1 DAGs
[2024-06-08T23:40:47.199+0000] {logging_mixin.py:137} INFO - [2024-06-08T23:40:47.199+0000] {dag.py:3441} INFO - Setting next_dagrun for example_xcom to 2021-01-01T00:00:00+00:00, run_after=2021-01-01T00:00:00+00:00
[2024-06-08T23:40:47.211+0000] {processor.py:175} INFO - Processing /home/airflow/.local/lib/python3.7/site-packages/airflow/example_dags/example_xcom.py took 0.072 seconds
[2024-06-08T23:41:17.865+0000] {processor.py:153} INFO - Started process (PID=1022) to work on /home/airflow/.local/lib/python3.7/site-packages/airflow/example_dags/example_xcom.py
[2024-06-08T23:41:17.867+0000] {processor.py:743} INFO - Processing file /home/airflow/.local/lib/python3.7/site-packages/airflow/example_dags/example_xcom.py for tasks to queue
[2024-06-08T23:41:17.868+0000] {logging_mixin.py:137} INFO - [2024-06-08T23:41:17.868+0000] {dagbag.py:538} INFO - Filling up the DagBag from /home/airflow/.local/lib/python3.7/site-packages/airflow/example_dags/example_xcom.py
[2024-06-08T23:41:17.885+0000] {processor.py:753} INFO - DAG(s) dict_keys(['example_xcom']) retrieved from /home/airflow/.local/lib/python3.7/site-packages/airflow/example_dags/example_xcom.py
[2024-06-08T23:41:17.906+0000] {logging_mixin.py:137} INFO - [2024-06-08T23:41:17.906+0000] {dag.py:2690} INFO - Sync 1 DAGs
[2024-06-08T23:41:17.923+0000] {logging_mixin.py:137} INFO - [2024-06-08T23:41:17.923+0000] {dag.py:3441} INFO - Setting next_dagrun for example_xcom to 2021-01-01T00:00:00+00:00, run_after=2021-01-01T00:00:00+00:00
[2024-06-08T23:41:17.936+0000] {processor.py:175} INFO - Processing /home/airflow/.local/lib/python3.7/site-packages/airflow/example_dags/example_xcom.py took 0.073 seconds
[2024-06-08T23:41:48.433+0000] {processor.py:153} INFO - Started process (PID=1072) to work on /home/airflow/.local/lib/python3.7/site-packages/airflow/example_dags/example_xcom.py
[2024-06-08T23:41:48.435+0000] {processor.py:743} INFO - Processing file /home/airflow/.local/lib/python3.7/site-packages/airflow/example_dags/example_xcom.py for tasks to queue
[2024-06-08T23:41:48.436+0000] {logging_mixin.py:137} INFO - [2024-06-08T23:41:48.436+0000] {dagbag.py:538} INFO - Filling up the DagBag from /home/airflow/.local/lib/python3.7/site-packages/airflow/example_dags/example_xcom.py
[2024-06-08T23:41:48.453+0000] {processor.py:753} INFO - DAG(s) dict_keys(['example_xcom']) retrieved from /home/airflow/.local/lib/python3.7/site-packages/airflow/example_dags/example_xcom.py
[2024-06-08T23:41:48.475+0000] {logging_mixin.py:137} INFO - [2024-06-08T23:41:48.475+0000] {dag.py:2690} INFO - Sync 1 DAGs
[2024-06-08T23:41:48.492+0000] {logging_mixin.py:137} INFO - [2024-06-08T23:41:48.492+0000] {dag.py:3441} INFO - Setting next_dagrun for example_xcom to 2021-01-01T00:00:00+00:00, run_after=2021-01-01T00:00:00+00:00
[2024-06-08T23:41:48.505+0000] {processor.py:175} INFO - Processing /home/airflow/.local/lib/python3.7/site-packages/airflow/example_dags/example_xcom.py took 0.075 seconds
[2024-06-08T23:42:18.996+0000] {processor.py:153} INFO - Started process (PID=1122) to work on /home/airflow/.local/lib/python3.7/site-packages/airflow/example_dags/example_xcom.py
[2024-06-08T23:42:18.997+0000] {processor.py:743} INFO - Processing file /home/airflow/.local/lib/python3.7/site-packages/airflow/example_dags/example_xcom.py for tasks to queue
[2024-06-08T23:42:18.998+0000] {logging_mixin.py:137} INFO - [2024-06-08T23:42:18.998+0000] {dagbag.py:538} INFO - Filling up the DagBag from /home/airflow/.local/lib/python3.7/site-packages/airflow/example_dags/example_xcom.py
[2024-06-08T23:42:19.015+0000] {processor.py:753} INFO - DAG(s) dict_keys(['example_xcom']) retrieved from /home/airflow/.local/lib/python3.7/site-packages/airflow/example_dags/example_xcom.py
[2024-06-08T23:42:19.035+0000] {logging_mixin.py:137} INFO - [2024-06-08T23:42:19.035+0000] {dag.py:2690} INFO - Sync 1 DAGs
[2024-06-08T23:42:19.051+0000] {logging_mixin.py:137} INFO - [2024-06-08T23:42:19.051+0000] {dag.py:3441} INFO - Setting next_dagrun for example_xcom to 2021-01-01T00:00:00+00:00, run_after=2021-01-01T00:00:00+00:00
[2024-06-08T23:42:19.063+0000] {processor.py:175} INFO - Processing /home/airflow/.local/lib/python3.7/site-packages/airflow/example_dags/example_xcom.py took 0.070 seconds
[2024-06-08T23:42:49.314+0000] {processor.py:153} INFO - Started process (PID=1172) to work on /home/airflow/.local/lib/python3.7/site-packages/airflow/example_dags/example_xcom.py
[2024-06-08T23:42:49.316+0000] {processor.py:743} INFO - Processing file /home/airflow/.local/lib/python3.7/site-packages/airflow/example_dags/example_xcom.py for tasks to queue
[2024-06-08T23:42:49.317+0000] {logging_mixin.py:137} INFO - [2024-06-08T23:42:49.317+0000] {dagbag.py:538} INFO - Filling up the DagBag from /home/airflow/.local/lib/python3.7/site-packages/airflow/example_dags/example_xcom.py
[2024-06-08T23:42:49.332+0000] {processor.py:753} INFO - DAG(s) dict_keys(['example_xcom']) retrieved from /home/airflow/.local/lib/python3.7/site-packages/airflow/example_dags/example_xcom.py
[2024-06-08T23:42:49.353+0000] {logging_mixin.py:137} INFO - [2024-06-08T23:42:49.353+0000] {dag.py:2690} INFO - Sync 1 DAGs
[2024-06-08T23:42:49.370+0000] {logging_mixin.py:137} INFO - [2024-06-08T23:42:49.370+0000] {dag.py:3441} INFO - Setting next_dagrun for example_xcom to 2021-01-01T00:00:00+00:00, run_after=2021-01-01T00:00:00+00:00
[2024-06-08T23:42:49.386+0000] {processor.py:175} INFO - Processing /home/airflow/.local/lib/python3.7/site-packages/airflow/example_dags/example_xcom.py took 0.074 seconds
[2024-06-08T23:43:20.174+0000] {processor.py:153} INFO - Started process (PID=1222) to work on /home/airflow/.local/lib/python3.7/site-packages/airflow/example_dags/example_xcom.py
[2024-06-08T23:43:20.175+0000] {processor.py:743} INFO - Processing file /home/airflow/.local/lib/python3.7/site-packages/airflow/example_dags/example_xcom.py for tasks to queue
[2024-06-08T23:43:20.176+0000] {logging_mixin.py:137} INFO - [2024-06-08T23:43:20.176+0000] {dagbag.py:538} INFO - Filling up the DagBag from /home/airflow/.local/lib/python3.7/site-packages/airflow/example_dags/example_xcom.py
[2024-06-08T23:43:20.192+0000] {processor.py:753} INFO - DAG(s) dict_keys(['example_xcom']) retrieved from /home/airflow/.local/lib/python3.7/site-packages/airflow/example_dags/example_xcom.py
[2024-06-08T23:43:20.213+0000] {logging_mixin.py:137} INFO - [2024-06-08T23:43:20.213+0000] {dag.py:2690} INFO - Sync 1 DAGs
[2024-06-08T23:43:20.229+0000] {logging_mixin.py:137} INFO - [2024-06-08T23:43:20.229+0000] {dag.py:3441} INFO - Setting next_dagrun for example_xcom to 2021-01-01T00:00:00+00:00, run_after=2021-01-01T00:00:00+00:00
[2024-06-08T23:43:20.240+0000] {processor.py:175} INFO - Processing /home/airflow/.local/lib/python3.7/site-packages/airflow/example_dags/example_xcom.py took 0.069 seconds
[2024-06-08T23:43:50.546+0000] {processor.py:153} INFO - Started process (PID=1272) to work on /home/airflow/.local/lib/python3.7/site-packages/airflow/example_dags/example_xcom.py
[2024-06-08T23:43:50.547+0000] {processor.py:743} INFO - Processing file /home/airflow/.local/lib/python3.7/site-packages/airflow/example_dags/example_xcom.py for tasks to queue
[2024-06-08T23:43:50.548+0000] {logging_mixin.py:137} INFO - [2024-06-08T23:43:50.548+0000] {dagbag.py:538} INFO - Filling up the DagBag from /home/airflow/.local/lib/python3.7/site-packages/airflow/example_dags/example_xcom.py
[2024-06-08T23:43:50.565+0000] {processor.py:753} INFO - DAG(s) dict_keys(['example_xcom']) retrieved from /home/airflow/.local/lib/python3.7/site-packages/airflow/example_dags/example_xcom.py
[2024-06-08T23:43:50.587+0000] {logging_mixin.py:137} INFO - [2024-06-08T23:43:50.587+0000] {dag.py:2690} INFO - Sync 1 DAGs
[2024-06-08T23:43:50.603+0000] {logging_mixin.py:137} INFO - [2024-06-08T23:43:50.603+0000] {dag.py:3441} INFO - Setting next_dagrun for example_xcom to 2021-01-01T00:00:00+00:00, run_after=2021-01-01T00:00:00+00:00
[2024-06-08T23:43:50.615+0000] {processor.py:175} INFO - Processing /home/airflow/.local/lib/python3.7/site-packages/airflow/example_dags/example_xcom.py took 0.071 seconds
[2024-06-08T23:44:20.989+0000] {processor.py:153} INFO - Started process (PID=1322) to work on /home/airflow/.local/lib/python3.7/site-packages/airflow/example_dags/example_xcom.py
[2024-06-08T23:44:20.990+0000] {processor.py:743} INFO - Processing file /home/airflow/.local/lib/python3.7/site-packages/airflow/example_dags/example_xcom.py for tasks to queue
[2024-06-08T23:44:20.990+0000] {logging_mixin.py:137} INFO - [2024-06-08T23:44:20.990+0000] {dagbag.py:538} INFO - Filling up the DagBag from /home/airflow/.local/lib/python3.7/site-packages/airflow/example_dags/example_xcom.py
[2024-06-08T23:44:21.006+0000] {processor.py:753} INFO - DAG(s) dict_keys(['example_xcom']) retrieved from /home/airflow/.local/lib/python3.7/site-packages/airflow/example_dags/example_xcom.py
[2024-06-08T23:44:21.025+0000] {logging_mixin.py:137} INFO - [2024-06-08T23:44:21.025+0000] {dag.py:2690} INFO - Sync 1 DAGs
[2024-06-08T23:44:21.041+0000] {logging_mixin.py:137} INFO - [2024-06-08T23:44:21.040+0000] {dag.py:3441} INFO - Setting next_dagrun for example_xcom to 2021-01-01T00:00:00+00:00, run_after=2021-01-01T00:00:00+00:00
[2024-06-08T23:44:21.051+0000] {processor.py:175} INFO - Processing /home/airflow/.local/lib/python3.7/site-packages/airflow/example_dags/example_xcom.py took 0.065 seconds
[2024-06-08T23:44:51.292+0000] {processor.py:153} INFO - Started process (PID=1373) to work on /home/airflow/.local/lib/python3.7/site-packages/airflow/example_dags/example_xcom.py
[2024-06-08T23:44:51.293+0000] {processor.py:743} INFO - Processing file /home/airflow/.local/lib/python3.7/site-packages/airflow/example_dags/example_xcom.py for tasks to queue
[2024-06-08T23:44:51.294+0000] {logging_mixin.py:137} INFO - [2024-06-08T23:44:51.293+0000] {dagbag.py:538} INFO - Filling up the DagBag from /home/airflow/.local/lib/python3.7/site-packages/airflow/example_dags/example_xcom.py
[2024-06-08T23:44:51.309+0000] {processor.py:753} INFO - DAG(s) dict_keys(['example_xcom']) retrieved from /home/airflow/.local/lib/python3.7/site-packages/airflow/example_dags/example_xcom.py
[2024-06-08T23:44:51.329+0000] {logging_mixin.py:137} INFO - [2024-06-08T23:44:51.329+0000] {dag.py:2690} INFO - Sync 1 DAGs
[2024-06-08T23:44:51.344+0000] {logging_mixin.py:137} INFO - [2024-06-08T23:44:51.344+0000] {dag.py:3441} INFO - Setting next_dagrun for example_xcom to 2021-01-01T00:00:00+00:00, run_after=2021-01-01T00:00:00+00:00
[2024-06-08T23:44:51.356+0000] {processor.py:175} INFO - Processing /home/airflow/.local/lib/python3.7/site-packages/airflow/example_dags/example_xcom.py took 0.067 seconds
[2024-06-08T23:45:21.634+0000] {processor.py:153} INFO - Started process (PID=1424) to work on /home/airflow/.local/lib/python3.7/site-packages/airflow/example_dags/example_xcom.py
[2024-06-08T23:45:21.635+0000] {processor.py:743} INFO - Processing file /home/airflow/.local/lib/python3.7/site-packages/airflow/example_dags/example_xcom.py for tasks to queue
[2024-06-08T23:45:21.637+0000] {logging_mixin.py:137} INFO - [2024-06-08T23:45:21.637+0000] {dagbag.py:538} INFO - Filling up the DagBag from /home/airflow/.local/lib/python3.7/site-packages/airflow/example_dags/example_xcom.py
[2024-06-08T23:45:21.657+0000] {processor.py:753} INFO - DAG(s) dict_keys(['example_xcom']) retrieved from /home/airflow/.local/lib/python3.7/site-packages/airflow/example_dags/example_xcom.py
[2024-06-08T23:45:21.682+0000] {logging_mixin.py:137} INFO - [2024-06-08T23:45:21.682+0000] {dag.py:2690} INFO - Sync 1 DAGs
[2024-06-08T23:45:21.704+0000] {logging_mixin.py:137} INFO - [2024-06-08T23:45:21.704+0000] {dag.py:3441} INFO - Setting next_dagrun for example_xcom to 2021-01-01T00:00:00+00:00, run_after=2021-01-01T00:00:00+00:00
[2024-06-08T23:45:21.726+0000] {processor.py:175} INFO - Processing /home/airflow/.local/lib/python3.7/site-packages/airflow/example_dags/example_xcom.py took 0.096 seconds
[2024-06-08T23:45:52.049+0000] {processor.py:153} INFO - Started process (PID=1474) to work on /home/airflow/.local/lib/python3.7/site-packages/airflow/example_dags/example_xcom.py
[2024-06-08T23:45:52.051+0000] {processor.py:743} INFO - Processing file /home/airflow/.local/lib/python3.7/site-packages/airflow/example_dags/example_xcom.py for tasks to queue
[2024-06-08T23:45:52.052+0000] {logging_mixin.py:137} INFO - [2024-06-08T23:45:52.051+0000] {dagbag.py:538} INFO - Filling up the DagBag from /home/airflow/.local/lib/python3.7/site-packages/airflow/example_dags/example_xcom.py
[2024-06-08T23:45:52.068+0000] {processor.py:753} INFO - DAG(s) dict_keys(['example_xcom']) retrieved from /home/airflow/.local/lib/python3.7/site-packages/airflow/example_dags/example_xcom.py
[2024-06-08T23:45:52.092+0000] {logging_mixin.py:137} INFO - [2024-06-08T23:45:52.092+0000] {dag.py:2690} INFO - Sync 1 DAGs
[2024-06-08T23:45:52.109+0000] {logging_mixin.py:137} INFO - [2024-06-08T23:45:52.108+0000] {dag.py:3441} INFO - Setting next_dagrun for example_xcom to 2021-01-01T00:00:00+00:00, run_after=2021-01-01T00:00:00+00:00
[2024-06-08T23:45:52.121+0000] {processor.py:175} INFO - Processing /home/airflow/.local/lib/python3.7/site-packages/airflow/example_dags/example_xcom.py took 0.075 seconds
[2024-06-08T23:46:22.405+0000] {processor.py:153} INFO - Started process (PID=1525) to work on /home/airflow/.local/lib/python3.7/site-packages/airflow/example_dags/example_xcom.py
[2024-06-08T23:46:22.406+0000] {processor.py:743} INFO - Processing file /home/airflow/.local/lib/python3.7/site-packages/airflow/example_dags/example_xcom.py for tasks to queue
[2024-06-08T23:46:22.407+0000] {logging_mixin.py:137} INFO - [2024-06-08T23:46:22.407+0000] {dagbag.py:538} INFO - Filling up the DagBag from /home/airflow/.local/lib/python3.7/site-packages/airflow/example_dags/example_xcom.py
[2024-06-08T23:46:22.423+0000] {processor.py:753} INFO - DAG(s) dict_keys(['example_xcom']) retrieved from /home/airflow/.local/lib/python3.7/site-packages/airflow/example_dags/example_xcom.py
[2024-06-08T23:46:22.444+0000] {logging_mixin.py:137} INFO - [2024-06-08T23:46:22.444+0000] {dag.py:2690} INFO - Sync 1 DAGs
[2024-06-08T23:46:22.459+0000] {logging_mixin.py:137} INFO - [2024-06-08T23:46:22.459+0000] {dag.py:3441} INFO - Setting next_dagrun for example_xcom to 2021-01-01T00:00:00+00:00, run_after=2021-01-01T00:00:00+00:00
[2024-06-08T23:46:22.470+0000] {processor.py:175} INFO - Processing /home/airflow/.local/lib/python3.7/site-packages/airflow/example_dags/example_xcom.py took 0.068 seconds
[2024-06-08T23:46:52.935+0000] {processor.py:153} INFO - Started process (PID=1575) to work on /home/airflow/.local/lib/python3.7/site-packages/airflow/example_dags/example_xcom.py
[2024-06-08T23:46:52.936+0000] {processor.py:743} INFO - Processing file /home/airflow/.local/lib/python3.7/site-packages/airflow/example_dags/example_xcom.py for tasks to queue
[2024-06-08T23:46:52.937+0000] {logging_mixin.py:137} INFO - [2024-06-08T23:46:52.937+0000] {dagbag.py:538} INFO - Filling up the DagBag from /home/airflow/.local/lib/python3.7/site-packages/airflow/example_dags/example_xcom.py
[2024-06-08T23:46:52.953+0000] {processor.py:753} INFO - DAG(s) dict_keys(['example_xcom']) retrieved from /home/airflow/.local/lib/python3.7/site-packages/airflow/example_dags/example_xcom.py
[2024-06-08T23:46:52.973+0000] {logging_mixin.py:137} INFO - [2024-06-08T23:46:52.973+0000] {dag.py:2690} INFO - Sync 1 DAGs
[2024-06-08T23:46:52.989+0000] {logging_mixin.py:137} INFO - [2024-06-08T23:46:52.989+0000] {dag.py:3441} INFO - Setting next_dagrun for example_xcom to 2021-01-01T00:00:00+00:00, run_after=2021-01-01T00:00:00+00:00
[2024-06-08T23:46:53.000+0000] {processor.py:175} INFO - Processing /home/airflow/.local/lib/python3.7/site-packages/airflow/example_dags/example_xcom.py took 0.068 seconds
[2024-06-08T23:47:23.336+0000] {processor.py:153} INFO - Started process (PID=1625) to work on /home/airflow/.local/lib/python3.7/site-packages/airflow/example_dags/example_xcom.py
[2024-06-08T23:47:23.337+0000] {processor.py:743} INFO - Processing file /home/airflow/.local/lib/python3.7/site-packages/airflow/example_dags/example_xcom.py for tasks to queue
[2024-06-08T23:47:23.338+0000] {logging_mixin.py:137} INFO - [2024-06-08T23:47:23.338+0000] {dagbag.py:538} INFO - Filling up the DagBag from /home/airflow/.local/lib/python3.7/site-packages/airflow/example_dags/example_xcom.py
[2024-06-08T23:47:23.353+0000] {processor.py:753} INFO - DAG(s) dict_keys(['example_xcom']) retrieved from /home/airflow/.local/lib/python3.7/site-packages/airflow/example_dags/example_xcom.py
[2024-06-08T23:47:23.375+0000] {logging_mixin.py:137} INFO - [2024-06-08T23:47:23.375+0000] {dag.py:2690} INFO - Sync 1 DAGs
[2024-06-08T23:47:23.392+0000] {logging_mixin.py:137} INFO - [2024-06-08T23:47:23.392+0000] {dag.py:3441} INFO - Setting next_dagrun for example_xcom to 2021-01-01T00:00:00+00:00, run_after=2021-01-01T00:00:00+00:00
[2024-06-08T23:47:23.405+0000] {processor.py:175} INFO - Processing /home/airflow/.local/lib/python3.7/site-packages/airflow/example_dags/example_xcom.py took 0.073 seconds
[2024-06-08T23:47:54.030+0000] {processor.py:153} INFO - Started process (PID=1675) to work on /home/airflow/.local/lib/python3.7/site-packages/airflow/example_dags/example_xcom.py
[2024-06-08T23:47:54.031+0000] {processor.py:743} INFO - Processing file /home/airflow/.local/lib/python3.7/site-packages/airflow/example_dags/example_xcom.py for tasks to queue
[2024-06-08T23:47:54.032+0000] {logging_mixin.py:137} INFO - [2024-06-08T23:47:54.032+0000] {dagbag.py:538} INFO - Filling up the DagBag from /home/airflow/.local/lib/python3.7/site-packages/airflow/example_dags/example_xcom.py
[2024-06-08T23:47:54.049+0000] {processor.py:753} INFO - DAG(s) dict_keys(['example_xcom']) retrieved from /home/airflow/.local/lib/python3.7/site-packages/airflow/example_dags/example_xcom.py
[2024-06-08T23:47:54.072+0000] {logging_mixin.py:137} INFO - [2024-06-08T23:47:54.072+0000] {dag.py:2690} INFO - Sync 1 DAGs
[2024-06-08T23:47:54.089+0000] {logging_mixin.py:137} INFO - [2024-06-08T23:47:54.089+0000] {dag.py:3441} INFO - Setting next_dagrun for example_xcom to 2021-01-01T00:00:00+00:00, run_after=2021-01-01T00:00:00+00:00
[2024-06-08T23:47:54.102+0000] {processor.py:175} INFO - Processing /home/airflow/.local/lib/python3.7/site-packages/airflow/example_dags/example_xcom.py took 0.075 seconds
[2024-06-08T23:48:24.674+0000] {processor.py:153} INFO - Started process (PID=1725) to work on /home/airflow/.local/lib/python3.7/site-packages/airflow/example_dags/example_xcom.py
[2024-06-08T23:48:24.675+0000] {processor.py:743} INFO - Processing file /home/airflow/.local/lib/python3.7/site-packages/airflow/example_dags/example_xcom.py for tasks to queue
[2024-06-08T23:48:24.676+0000] {logging_mixin.py:137} INFO - [2024-06-08T23:48:24.676+0000] {dagbag.py:538} INFO - Filling up the DagBag from /home/airflow/.local/lib/python3.7/site-packages/airflow/example_dags/example_xcom.py
[2024-06-08T23:48:24.694+0000] {processor.py:753} INFO - DAG(s) dict_keys(['example_xcom']) retrieved from /home/airflow/.local/lib/python3.7/site-packages/airflow/example_dags/example_xcom.py
[2024-06-08T23:48:24.716+0000] {logging_mixin.py:137} INFO - [2024-06-08T23:48:24.716+0000] {dag.py:2690} INFO - Sync 1 DAGs
[2024-06-08T23:48:24.734+0000] {logging_mixin.py:137} INFO - [2024-06-08T23:48:24.734+0000] {dag.py:3441} INFO - Setting next_dagrun for example_xcom to 2021-01-01T00:00:00+00:00, run_after=2021-01-01T00:00:00+00:00
[2024-06-08T23:48:24.748+0000] {processor.py:175} INFO - Processing /home/airflow/.local/lib/python3.7/site-packages/airflow/example_dags/example_xcom.py took 0.077 seconds
[2024-06-08T23:48:55.041+0000] {processor.py:153} INFO - Started process (PID=1775) to work on /home/airflow/.local/lib/python3.7/site-packages/airflow/example_dags/example_xcom.py
[2024-06-08T23:48:55.042+0000] {processor.py:743} INFO - Processing file /home/airflow/.local/lib/python3.7/site-packages/airflow/example_dags/example_xcom.py for tasks to queue
[2024-06-08T23:48:55.043+0000] {logging_mixin.py:137} INFO - [2024-06-08T23:48:55.043+0000] {dagbag.py:538} INFO - Filling up the DagBag from /home/airflow/.local/lib/python3.7/site-packages/airflow/example_dags/example_xcom.py
[2024-06-08T23:48:55.060+0000] {processor.py:753} INFO - DAG(s) dict_keys(['example_xcom']) retrieved from /home/airflow/.local/lib/python3.7/site-packages/airflow/example_dags/example_xcom.py
[2024-06-08T23:48:55.082+0000] {logging_mixin.py:137} INFO - [2024-06-08T23:48:55.082+0000] {dag.py:2690} INFO - Sync 1 DAGs
[2024-06-08T23:48:55.097+0000] {logging_mixin.py:137} INFO - [2024-06-08T23:48:55.097+0000] {dag.py:3441} INFO - Setting next_dagrun for example_xcom to 2021-01-01T00:00:00+00:00, run_after=2021-01-01T00:00:00+00:00
[2024-06-08T23:48:55.109+0000] {processor.py:175} INFO - Processing /home/airflow/.local/lib/python3.7/site-packages/airflow/example_dags/example_xcom.py took 0.072 seconds
[2024-06-08T23:49:25.392+0000] {processor.py:153} INFO - Started process (PID=1825) to work on /home/airflow/.local/lib/python3.7/site-packages/airflow/example_dags/example_xcom.py
[2024-06-08T23:49:25.393+0000] {processor.py:743} INFO - Processing file /home/airflow/.local/lib/python3.7/site-packages/airflow/example_dags/example_xcom.py for tasks to queue
[2024-06-08T23:49:25.394+0000] {logging_mixin.py:137} INFO - [2024-06-08T23:49:25.394+0000] {dagbag.py:538} INFO - Filling up the DagBag from /home/airflow/.local/lib/python3.7/site-packages/airflow/example_dags/example_xcom.py
[2024-06-08T23:49:25.411+0000] {processor.py:753} INFO - DAG(s) dict_keys(['example_xcom']) retrieved from /home/airflow/.local/lib/python3.7/site-packages/airflow/example_dags/example_xcom.py
[2024-06-08T23:49:25.432+0000] {logging_mixin.py:137} INFO - [2024-06-08T23:49:25.432+0000] {dag.py:2690} INFO - Sync 1 DAGs
[2024-06-08T23:49:25.449+0000] {logging_mixin.py:137} INFO - [2024-06-08T23:49:25.449+0000] {dag.py:3441} INFO - Setting next_dagrun for example_xcom to 2021-01-01T00:00:00+00:00, run_after=2021-01-01T00:00:00+00:00
[2024-06-08T23:49:25.460+0000] {processor.py:175} INFO - Processing /home/airflow/.local/lib/python3.7/site-packages/airflow/example_dags/example_xcom.py took 0.071 seconds
[2024-06-08T23:49:55.955+0000] {processor.py:153} INFO - Started process (PID=1875) to work on /home/airflow/.local/lib/python3.7/site-packages/airflow/example_dags/example_xcom.py
[2024-06-08T23:49:55.957+0000] {processor.py:743} INFO - Processing file /home/airflow/.local/lib/python3.7/site-packages/airflow/example_dags/example_xcom.py for tasks to queue
[2024-06-08T23:49:55.958+0000] {logging_mixin.py:137} INFO - [2024-06-08T23:49:55.958+0000] {dagbag.py:538} INFO - Filling up the DagBag from /home/airflow/.local/lib/python3.7/site-packages/airflow/example_dags/example_xcom.py
[2024-06-08T23:49:55.974+0000] {processor.py:753} INFO - DAG(s) dict_keys(['example_xcom']) retrieved from /home/airflow/.local/lib/python3.7/site-packages/airflow/example_dags/example_xcom.py
[2024-06-08T23:49:55.998+0000] {logging_mixin.py:137} INFO - [2024-06-08T23:49:55.998+0000] {dag.py:2690} INFO - Sync 1 DAGs
[2024-06-08T23:49:56.015+0000] {logging_mixin.py:137} INFO - [2024-06-08T23:49:56.015+0000] {dag.py:3441} INFO - Setting next_dagrun for example_xcom to 2021-01-01T00:00:00+00:00, run_after=2021-01-01T00:00:00+00:00
[2024-06-08T23:49:56.027+0000] {processor.py:175} INFO - Processing /home/airflow/.local/lib/python3.7/site-packages/airflow/example_dags/example_xcom.py took 0.075 seconds
[2024-06-08T23:50:26.556+0000] {processor.py:153} INFO - Started process (PID=1925) to work on /home/airflow/.local/lib/python3.7/site-packages/airflow/example_dags/example_xcom.py
[2024-06-08T23:50:26.557+0000] {processor.py:743} INFO - Processing file /home/airflow/.local/lib/python3.7/site-packages/airflow/example_dags/example_xcom.py for tasks to queue
[2024-06-08T23:50:26.558+0000] {logging_mixin.py:137} INFO - [2024-06-08T23:50:26.558+0000] {dagbag.py:538} INFO - Filling up the DagBag from /home/airflow/.local/lib/python3.7/site-packages/airflow/example_dags/example_xcom.py
[2024-06-08T23:50:26.576+0000] {processor.py:753} INFO - DAG(s) dict_keys(['example_xcom']) retrieved from /home/airflow/.local/lib/python3.7/site-packages/airflow/example_dags/example_xcom.py
[2024-06-08T23:50:26.602+0000] {logging_mixin.py:137} INFO - [2024-06-08T23:50:26.601+0000] {dag.py:2690} INFO - Sync 1 DAGs
[2024-06-08T23:50:26.621+0000] {logging_mixin.py:137} INFO - [2024-06-08T23:50:26.621+0000] {dag.py:3441} INFO - Setting next_dagrun for example_xcom to 2021-01-01T00:00:00+00:00, run_after=2021-01-01T00:00:00+00:00
[2024-06-08T23:50:26.638+0000] {processor.py:175} INFO - Processing /home/airflow/.local/lib/python3.7/site-packages/airflow/example_dags/example_xcom.py took 0.085 seconds
[2024-06-08T23:50:57.220+0000] {processor.py:153} INFO - Started process (PID=1975) to work on /home/airflow/.local/lib/python3.7/site-packages/airflow/example_dags/example_xcom.py
[2024-06-08T23:50:57.221+0000] {processor.py:743} INFO - Processing file /home/airflow/.local/lib/python3.7/site-packages/airflow/example_dags/example_xcom.py for tasks to queue
[2024-06-08T23:50:57.222+0000] {logging_mixin.py:137} INFO - [2024-06-08T23:50:57.222+0000] {dagbag.py:538} INFO - Filling up the DagBag from /home/airflow/.local/lib/python3.7/site-packages/airflow/example_dags/example_xcom.py
[2024-06-08T23:50:57.248+0000] {processor.py:753} INFO - DAG(s) dict_keys(['example_xcom']) retrieved from /home/airflow/.local/lib/python3.7/site-packages/airflow/example_dags/example_xcom.py
[2024-06-08T23:50:57.278+0000] {logging_mixin.py:137} INFO - [2024-06-08T23:50:57.278+0000] {dag.py:2690} INFO - Sync 1 DAGs
[2024-06-08T23:50:57.303+0000] {logging_mixin.py:137} INFO - [2024-06-08T23:50:57.303+0000] {dag.py:3441} INFO - Setting next_dagrun for example_xcom to 2021-01-01T00:00:00+00:00, run_after=2021-01-01T00:00:00+00:00
[2024-06-08T23:50:57.318+0000] {processor.py:175} INFO - Processing /home/airflow/.local/lib/python3.7/site-packages/airflow/example_dags/example_xcom.py took 0.102 seconds
[2024-06-08T23:51:27.788+0000] {processor.py:153} INFO - Started process (PID=2025) to work on /home/airflow/.local/lib/python3.7/site-packages/airflow/example_dags/example_xcom.py
[2024-06-08T23:51:27.789+0000] {processor.py:743} INFO - Processing file /home/airflow/.local/lib/python3.7/site-packages/airflow/example_dags/example_xcom.py for tasks to queue
[2024-06-08T23:51:27.790+0000] {logging_mixin.py:137} INFO - [2024-06-08T23:51:27.790+0000] {dagbag.py:538} INFO - Filling up the DagBag from /home/airflow/.local/lib/python3.7/site-packages/airflow/example_dags/example_xcom.py
[2024-06-08T23:51:27.808+0000] {processor.py:753} INFO - DAG(s) dict_keys(['example_xcom']) retrieved from /home/airflow/.local/lib/python3.7/site-packages/airflow/example_dags/example_xcom.py
[2024-06-08T23:51:27.833+0000] {logging_mixin.py:137} INFO - [2024-06-08T23:51:27.832+0000] {dag.py:2690} INFO - Sync 1 DAGs
[2024-06-08T23:51:27.852+0000] {logging_mixin.py:137} INFO - [2024-06-08T23:51:27.852+0000] {dag.py:3441} INFO - Setting next_dagrun for example_xcom to 2021-01-01T00:00:00+00:00, run_after=2021-01-01T00:00:00+00:00
[2024-06-08T23:51:27.866+0000] {processor.py:175} INFO - Processing /home/airflow/.local/lib/python3.7/site-packages/airflow/example_dags/example_xcom.py took 0.081 seconds
[2024-06-08T23:51:58.850+0000] {processor.py:153} INFO - Started process (PID=2075) to work on /home/airflow/.local/lib/python3.7/site-packages/airflow/example_dags/example_xcom.py
[2024-06-08T23:51:58.851+0000] {processor.py:743} INFO - Processing file /home/airflow/.local/lib/python3.7/site-packages/airflow/example_dags/example_xcom.py for tasks to queue
[2024-06-08T23:51:58.852+0000] {logging_mixin.py:137} INFO - [2024-06-08T23:51:58.852+0000] {dagbag.py:538} INFO - Filling up the DagBag from /home/airflow/.local/lib/python3.7/site-packages/airflow/example_dags/example_xcom.py
[2024-06-08T23:51:58.869+0000] {processor.py:753} INFO - DAG(s) dict_keys(['example_xcom']) retrieved from /home/airflow/.local/lib/python3.7/site-packages/airflow/example_dags/example_xcom.py
[2024-06-08T23:51:58.892+0000] {logging_mixin.py:137} INFO - [2024-06-08T23:51:58.892+0000] {dag.py:2690} INFO - Sync 1 DAGs
[2024-06-08T23:51:58.909+0000] {logging_mixin.py:137} INFO - [2024-06-08T23:51:58.909+0000] {dag.py:3441} INFO - Setting next_dagrun for example_xcom to 2021-01-01T00:00:00+00:00, run_after=2021-01-01T00:00:00+00:00
[2024-06-08T23:51:58.922+0000] {processor.py:175} INFO - Processing /home/airflow/.local/lib/python3.7/site-packages/airflow/example_dags/example_xcom.py took 0.075 seconds
[2024-06-08T23:52:29.578+0000] {processor.py:153} INFO - Started process (PID=2125) to work on /home/airflow/.local/lib/python3.7/site-packages/airflow/example_dags/example_xcom.py
[2024-06-08T23:52:29.580+0000] {processor.py:743} INFO - Processing file /home/airflow/.local/lib/python3.7/site-packages/airflow/example_dags/example_xcom.py for tasks to queue
[2024-06-08T23:52:29.581+0000] {logging_mixin.py:137} INFO - [2024-06-08T23:52:29.581+0000] {dagbag.py:538} INFO - Filling up the DagBag from /home/airflow/.local/lib/python3.7/site-packages/airflow/example_dags/example_xcom.py
[2024-06-08T23:52:29.598+0000] {processor.py:753} INFO - DAG(s) dict_keys(['example_xcom']) retrieved from /home/airflow/.local/lib/python3.7/site-packages/airflow/example_dags/example_xcom.py
[2024-06-08T23:52:29.620+0000] {logging_mixin.py:137} INFO - [2024-06-08T23:52:29.620+0000] {dag.py:2690} INFO - Sync 1 DAGs
[2024-06-08T23:52:29.638+0000] {logging_mixin.py:137} INFO - [2024-06-08T23:52:29.638+0000] {dag.py:3441} INFO - Setting next_dagrun for example_xcom to 2021-01-01T00:00:00+00:00, run_after=2021-01-01T00:00:00+00:00
[2024-06-08T23:52:29.651+0000] {processor.py:175} INFO - Processing /home/airflow/.local/lib/python3.7/site-packages/airflow/example_dags/example_xcom.py took 0.076 seconds
[2024-06-08T23:53:00.658+0000] {processor.py:153} INFO - Started process (PID=2175) to work on /home/airflow/.local/lib/python3.7/site-packages/airflow/example_dags/example_xcom.py
[2024-06-08T23:53:00.660+0000] {processor.py:743} INFO - Processing file /home/airflow/.local/lib/python3.7/site-packages/airflow/example_dags/example_xcom.py for tasks to queue
[2024-06-08T23:53:00.661+0000] {logging_mixin.py:137} INFO - [2024-06-08T23:53:00.661+0000] {dagbag.py:538} INFO - Filling up the DagBag from /home/airflow/.local/lib/python3.7/site-packages/airflow/example_dags/example_xcom.py
[2024-06-08T23:53:00.678+0000] {processor.py:753} INFO - DAG(s) dict_keys(['example_xcom']) retrieved from /home/airflow/.local/lib/python3.7/site-packages/airflow/example_dags/example_xcom.py
[2024-06-08T23:53:00.701+0000] {logging_mixin.py:137} INFO - [2024-06-08T23:53:00.701+0000] {dag.py:2690} INFO - Sync 1 DAGs
[2024-06-08T23:53:00.719+0000] {logging_mixin.py:137} INFO - [2024-06-08T23:53:00.719+0000] {dag.py:3441} INFO - Setting next_dagrun for example_xcom to 2021-01-01T00:00:00+00:00, run_after=2021-01-01T00:00:00+00:00
[2024-06-08T23:53:00.734+0000] {processor.py:175} INFO - Processing /home/airflow/.local/lib/python3.7/site-packages/airflow/example_dags/example_xcom.py took 0.079 seconds
[2024-06-08T23:53:31.211+0000] {processor.py:153} INFO - Started process (PID=2224) to work on /home/airflow/.local/lib/python3.7/site-packages/airflow/example_dags/example_xcom.py
[2024-06-08T23:53:31.212+0000] {processor.py:743} INFO - Processing file /home/airflow/.local/lib/python3.7/site-packages/airflow/example_dags/example_xcom.py for tasks to queue
[2024-06-08T23:53:31.213+0000] {logging_mixin.py:137} INFO - [2024-06-08T23:53:31.213+0000] {dagbag.py:538} INFO - Filling up the DagBag from /home/airflow/.local/lib/python3.7/site-packages/airflow/example_dags/example_xcom.py
[2024-06-08T23:53:31.230+0000] {processor.py:753} INFO - DAG(s) dict_keys(['example_xcom']) retrieved from /home/airflow/.local/lib/python3.7/site-packages/airflow/example_dags/example_xcom.py
[2024-06-08T23:53:31.267+0000] {logging_mixin.py:137} INFO - [2024-06-08T23:53:31.267+0000] {dag.py:2690} INFO - Sync 1 DAGs
[2024-06-08T23:53:31.283+0000] {logging_mixin.py:137} INFO - [2024-06-08T23:53:31.283+0000] {dag.py:3441} INFO - Setting next_dagrun for example_xcom to 2021-01-01T00:00:00+00:00, run_after=2021-01-01T00:00:00+00:00
[2024-06-08T23:53:31.298+0000] {processor.py:175} INFO - Processing /home/airflow/.local/lib/python3.7/site-packages/airflow/example_dags/example_xcom.py took 0.089 seconds
[2024-06-08T23:54:01.800+0000] {processor.py:153} INFO - Started process (PID=2274) to work on /home/airflow/.local/lib/python3.7/site-packages/airflow/example_dags/example_xcom.py
[2024-06-08T23:54:01.803+0000] {processor.py:743} INFO - Processing file /home/airflow/.local/lib/python3.7/site-packages/airflow/example_dags/example_xcom.py for tasks to queue
[2024-06-08T23:54:01.804+0000] {logging_mixin.py:137} INFO - [2024-06-08T23:54:01.804+0000] {dagbag.py:538} INFO - Filling up the DagBag from /home/airflow/.local/lib/python3.7/site-packages/airflow/example_dags/example_xcom.py
[2024-06-08T23:54:01.824+0000] {processor.py:753} INFO - DAG(s) dict_keys(['example_xcom']) retrieved from /home/airflow/.local/lib/python3.7/site-packages/airflow/example_dags/example_xcom.py
[2024-06-08T23:54:01.846+0000] {logging_mixin.py:137} INFO - [2024-06-08T23:54:01.846+0000] {dag.py:2690} INFO - Sync 1 DAGs
[2024-06-08T23:54:01.863+0000] {logging_mixin.py:137} INFO - [2024-06-08T23:54:01.863+0000] {dag.py:3441} INFO - Setting next_dagrun for example_xcom to 2021-01-01T00:00:00+00:00, run_after=2021-01-01T00:00:00+00:00
[2024-06-08T23:54:01.876+0000] {processor.py:175} INFO - Processing /home/airflow/.local/lib/python3.7/site-packages/airflow/example_dags/example_xcom.py took 0.080 seconds
[2024-06-08T23:54:32.296+0000] {processor.py:153} INFO - Started process (PID=2331) to work on /home/airflow/.local/lib/python3.7/site-packages/airflow/example_dags/example_xcom.py
[2024-06-08T23:54:32.297+0000] {processor.py:743} INFO - Processing file /home/airflow/.local/lib/python3.7/site-packages/airflow/example_dags/example_xcom.py for tasks to queue
[2024-06-08T23:54:32.298+0000] {logging_mixin.py:137} INFO - [2024-06-08T23:54:32.298+0000] {dagbag.py:538} INFO - Filling up the DagBag from /home/airflow/.local/lib/python3.7/site-packages/airflow/example_dags/example_xcom.py
[2024-06-08T23:54:32.315+0000] {processor.py:753} INFO - DAG(s) dict_keys(['example_xcom']) retrieved from /home/airflow/.local/lib/python3.7/site-packages/airflow/example_dags/example_xcom.py
[2024-06-08T23:54:32.337+0000] {logging_mixin.py:137} INFO - [2024-06-08T23:54:32.337+0000] {dag.py:2690} INFO - Sync 1 DAGs
[2024-06-08T23:54:32.355+0000] {logging_mixin.py:137} INFO - [2024-06-08T23:54:32.355+0000] {dag.py:3441} INFO - Setting next_dagrun for example_xcom to 2021-01-01T00:00:00+00:00, run_after=2021-01-01T00:00:00+00:00
[2024-06-08T23:54:32.367+0000] {processor.py:175} INFO - Processing /home/airflow/.local/lib/python3.7/site-packages/airflow/example_dags/example_xcom.py took 0.075 seconds
[2024-06-08T23:55:02.699+0000] {processor.py:153} INFO - Started process (PID=2380) to work on /home/airflow/.local/lib/python3.7/site-packages/airflow/example_dags/example_xcom.py
[2024-06-08T23:55:02.700+0000] {processor.py:743} INFO - Processing file /home/airflow/.local/lib/python3.7/site-packages/airflow/example_dags/example_xcom.py for tasks to queue
[2024-06-08T23:55:02.701+0000] {logging_mixin.py:137} INFO - [2024-06-08T23:55:02.701+0000] {dagbag.py:538} INFO - Filling up the DagBag from /home/airflow/.local/lib/python3.7/site-packages/airflow/example_dags/example_xcom.py
[2024-06-08T23:55:02.717+0000] {processor.py:753} INFO - DAG(s) dict_keys(['example_xcom']) retrieved from /home/airflow/.local/lib/python3.7/site-packages/airflow/example_dags/example_xcom.py
[2024-06-08T23:55:02.741+0000] {logging_mixin.py:137} INFO - [2024-06-08T23:55:02.740+0000] {dag.py:2690} INFO - Sync 1 DAGs
[2024-06-08T23:55:02.757+0000] {logging_mixin.py:137} INFO - [2024-06-08T23:55:02.757+0000] {dag.py:3441} INFO - Setting next_dagrun for example_xcom to 2021-01-01T00:00:00+00:00, run_after=2021-01-01T00:00:00+00:00
[2024-06-08T23:55:02.769+0000] {processor.py:175} INFO - Processing /home/airflow/.local/lib/python3.7/site-packages/airflow/example_dags/example_xcom.py took 0.074 seconds
[2024-06-08T23:55:33.024+0000] {processor.py:153} INFO - Started process (PID=2430) to work on /home/airflow/.local/lib/python3.7/site-packages/airflow/example_dags/example_xcom.py
[2024-06-08T23:55:33.025+0000] {processor.py:743} INFO - Processing file /home/airflow/.local/lib/python3.7/site-packages/airflow/example_dags/example_xcom.py for tasks to queue
[2024-06-08T23:55:33.026+0000] {logging_mixin.py:137} INFO - [2024-06-08T23:55:33.026+0000] {dagbag.py:538} INFO - Filling up the DagBag from /home/airflow/.local/lib/python3.7/site-packages/airflow/example_dags/example_xcom.py
[2024-06-08T23:55:33.043+0000] {processor.py:753} INFO - DAG(s) dict_keys(['example_xcom']) retrieved from /home/airflow/.local/lib/python3.7/site-packages/airflow/example_dags/example_xcom.py
[2024-06-08T23:55:33.065+0000] {logging_mixin.py:137} INFO - [2024-06-08T23:55:33.065+0000] {dag.py:2690} INFO - Sync 1 DAGs
[2024-06-08T23:55:33.082+0000] {logging_mixin.py:137} INFO - [2024-06-08T23:55:33.081+0000] {dag.py:3441} INFO - Setting next_dagrun for example_xcom to 2021-01-01T00:00:00+00:00, run_after=2021-01-01T00:00:00+00:00
[2024-06-08T23:55:33.094+0000] {processor.py:175} INFO - Processing /home/airflow/.local/lib/python3.7/site-packages/airflow/example_dags/example_xcom.py took 0.073 seconds
[2024-06-08T23:56:03.425+0000] {processor.py:153} INFO - Started process (PID=2480) to work on /home/airflow/.local/lib/python3.7/site-packages/airflow/example_dags/example_xcom.py
[2024-06-08T23:56:03.426+0000] {processor.py:743} INFO - Processing file /home/airflow/.local/lib/python3.7/site-packages/airflow/example_dags/example_xcom.py for tasks to queue
[2024-06-08T23:56:03.427+0000] {logging_mixin.py:137} INFO - [2024-06-08T23:56:03.427+0000] {dagbag.py:538} INFO - Filling up the DagBag from /home/airflow/.local/lib/python3.7/site-packages/airflow/example_dags/example_xcom.py
[2024-06-08T23:56:03.444+0000] {processor.py:753} INFO - DAG(s) dict_keys(['example_xcom']) retrieved from /home/airflow/.local/lib/python3.7/site-packages/airflow/example_dags/example_xcom.py
[2024-06-08T23:56:03.466+0000] {logging_mixin.py:137} INFO - [2024-06-08T23:56:03.466+0000] {dag.py:2690} INFO - Sync 1 DAGs
[2024-06-08T23:56:03.482+0000] {logging_mixin.py:137} INFO - [2024-06-08T23:56:03.482+0000] {dag.py:3441} INFO - Setting next_dagrun for example_xcom to 2021-01-01T00:00:00+00:00, run_after=2021-01-01T00:00:00+00:00
[2024-06-08T23:56:03.494+0000] {processor.py:175} INFO - Processing /home/airflow/.local/lib/python3.7/site-packages/airflow/example_dags/example_xcom.py took 0.073 seconds
[2024-06-08T23:56:33.916+0000] {processor.py:153} INFO - Started process (PID=2530) to work on /home/airflow/.local/lib/python3.7/site-packages/airflow/example_dags/example_xcom.py
[2024-06-08T23:56:33.917+0000] {processor.py:743} INFO - Processing file /home/airflow/.local/lib/python3.7/site-packages/airflow/example_dags/example_xcom.py for tasks to queue
[2024-06-08T23:56:33.918+0000] {logging_mixin.py:137} INFO - [2024-06-08T23:56:33.918+0000] {dagbag.py:538} INFO - Filling up the DagBag from /home/airflow/.local/lib/python3.7/site-packages/airflow/example_dags/example_xcom.py
[2024-06-08T23:56:33.935+0000] {processor.py:753} INFO - DAG(s) dict_keys(['example_xcom']) retrieved from /home/airflow/.local/lib/python3.7/site-packages/airflow/example_dags/example_xcom.py
[2024-06-08T23:56:33.957+0000] {logging_mixin.py:137} INFO - [2024-06-08T23:56:33.957+0000] {dag.py:2690} INFO - Sync 1 DAGs
[2024-06-08T23:56:33.974+0000] {logging_mixin.py:137} INFO - [2024-06-08T23:56:33.974+0000] {dag.py:3441} INFO - Setting next_dagrun for example_xcom to 2021-01-01T00:00:00+00:00, run_after=2021-01-01T00:00:00+00:00
[2024-06-08T23:56:33.986+0000] {processor.py:175} INFO - Processing /home/airflow/.local/lib/python3.7/site-packages/airflow/example_dags/example_xcom.py took 0.074 seconds
[2024-06-08T23:57:04.318+0000] {processor.py:153} INFO - Started process (PID=2580) to work on /home/airflow/.local/lib/python3.7/site-packages/airflow/example_dags/example_xcom.py
[2024-06-08T23:57:04.320+0000] {processor.py:743} INFO - Processing file /home/airflow/.local/lib/python3.7/site-packages/airflow/example_dags/example_xcom.py for tasks to queue
[2024-06-08T23:57:04.321+0000] {logging_mixin.py:137} INFO - [2024-06-08T23:57:04.321+0000] {dagbag.py:538} INFO - Filling up the DagBag from /home/airflow/.local/lib/python3.7/site-packages/airflow/example_dags/example_xcom.py
[2024-06-08T23:57:04.338+0000] {processor.py:753} INFO - DAG(s) dict_keys(['example_xcom']) retrieved from /home/airflow/.local/lib/python3.7/site-packages/airflow/example_dags/example_xcom.py
[2024-06-08T23:57:04.359+0000] {logging_mixin.py:137} INFO - [2024-06-08T23:57:04.359+0000] {dag.py:2690} INFO - Sync 1 DAGs
[2024-06-08T23:57:04.376+0000] {logging_mixin.py:137} INFO - [2024-06-08T23:57:04.376+0000] {dag.py:3441} INFO - Setting next_dagrun for example_xcom to 2021-01-01T00:00:00+00:00, run_after=2021-01-01T00:00:00+00:00
[2024-06-08T23:57:04.389+0000] {processor.py:175} INFO - Processing /home/airflow/.local/lib/python3.7/site-packages/airflow/example_dags/example_xcom.py took 0.073 seconds
[2024-06-08T23:57:34.852+0000] {processor.py:153} INFO - Started process (PID=2630) to work on /home/airflow/.local/lib/python3.7/site-packages/airflow/example_dags/example_xcom.py
[2024-06-08T23:57:34.853+0000] {processor.py:743} INFO - Processing file /home/airflow/.local/lib/python3.7/site-packages/airflow/example_dags/example_xcom.py for tasks to queue
[2024-06-08T23:57:34.854+0000] {logging_mixin.py:137} INFO - [2024-06-08T23:57:34.854+0000] {dagbag.py:538} INFO - Filling up the DagBag from /home/airflow/.local/lib/python3.7/site-packages/airflow/example_dags/example_xcom.py
[2024-06-08T23:57:34.871+0000] {processor.py:753} INFO - DAG(s) dict_keys(['example_xcom']) retrieved from /home/airflow/.local/lib/python3.7/site-packages/airflow/example_dags/example_xcom.py
[2024-06-08T23:57:34.893+0000] {logging_mixin.py:137} INFO - [2024-06-08T23:57:34.892+0000] {dag.py:2690} INFO - Sync 1 DAGs
[2024-06-08T23:57:34.909+0000] {logging_mixin.py:137} INFO - [2024-06-08T23:57:34.909+0000] {dag.py:3441} INFO - Setting next_dagrun for example_xcom to 2021-01-01T00:00:00+00:00, run_after=2021-01-01T00:00:00+00:00
[2024-06-08T23:57:34.921+0000] {processor.py:175} INFO - Processing /home/airflow/.local/lib/python3.7/site-packages/airflow/example_dags/example_xcom.py took 0.073 seconds
[2024-06-08T23:58:05.405+0000] {processor.py:153} INFO - Started process (PID=2680) to work on /home/airflow/.local/lib/python3.7/site-packages/airflow/example_dags/example_xcom.py
[2024-06-08T23:58:05.406+0000] {processor.py:743} INFO - Processing file /home/airflow/.local/lib/python3.7/site-packages/airflow/example_dags/example_xcom.py for tasks to queue
[2024-06-08T23:58:05.407+0000] {logging_mixin.py:137} INFO - [2024-06-08T23:58:05.407+0000] {dagbag.py:538} INFO - Filling up the DagBag from /home/airflow/.local/lib/python3.7/site-packages/airflow/example_dags/example_xcom.py
[2024-06-08T23:58:05.423+0000] {processor.py:753} INFO - DAG(s) dict_keys(['example_xcom']) retrieved from /home/airflow/.local/lib/python3.7/site-packages/airflow/example_dags/example_xcom.py
[2024-06-08T23:58:05.446+0000] {logging_mixin.py:137} INFO - [2024-06-08T23:58:05.445+0000] {dag.py:2690} INFO - Sync 1 DAGs
[2024-06-08T23:58:05.464+0000] {logging_mixin.py:137} INFO - [2024-06-08T23:58:05.463+0000] {dag.py:3441} INFO - Setting next_dagrun for example_xcom to 2021-01-01T00:00:00+00:00, run_after=2021-01-01T00:00:00+00:00
[2024-06-08T23:58:05.477+0000] {processor.py:175} INFO - Processing /home/airflow/.local/lib/python3.7/site-packages/airflow/example_dags/example_xcom.py took 0.076 seconds
[2024-06-08T23:58:36.420+0000] {processor.py:153} INFO - Started process (PID=2730) to work on /home/airflow/.local/lib/python3.7/site-packages/airflow/example_dags/example_xcom.py
[2024-06-08T23:58:36.421+0000] {processor.py:743} INFO - Processing file /home/airflow/.local/lib/python3.7/site-packages/airflow/example_dags/example_xcom.py for tasks to queue
[2024-06-08T23:58:36.422+0000] {logging_mixin.py:137} INFO - [2024-06-08T23:58:36.422+0000] {dagbag.py:538} INFO - Filling up the DagBag from /home/airflow/.local/lib/python3.7/site-packages/airflow/example_dags/example_xcom.py
[2024-06-08T23:58:36.438+0000] {processor.py:753} INFO - DAG(s) dict_keys(['example_xcom']) retrieved from /home/airflow/.local/lib/python3.7/site-packages/airflow/example_dags/example_xcom.py
[2024-06-08T23:58:36.461+0000] {logging_mixin.py:137} INFO - [2024-06-08T23:58:36.461+0000] {dag.py:2690} INFO - Sync 1 DAGs
[2024-06-08T23:58:36.478+0000] {logging_mixin.py:137} INFO - [2024-06-08T23:58:36.478+0000] {dag.py:3441} INFO - Setting next_dagrun for example_xcom to 2021-01-01T00:00:00+00:00, run_after=2021-01-01T00:00:00+00:00
[2024-06-08T23:58:36.493+0000] {processor.py:175} INFO - Processing /home/airflow/.local/lib/python3.7/site-packages/airflow/example_dags/example_xcom.py took 0.076 seconds
[2024-06-08T23:59:06.971+0000] {processor.py:153} INFO - Started process (PID=2780) to work on /home/airflow/.local/lib/python3.7/site-packages/airflow/example_dags/example_xcom.py
[2024-06-08T23:59:06.973+0000] {processor.py:743} INFO - Processing file /home/airflow/.local/lib/python3.7/site-packages/airflow/example_dags/example_xcom.py for tasks to queue
[2024-06-08T23:59:06.974+0000] {logging_mixin.py:137} INFO - [2024-06-08T23:59:06.974+0000] {dagbag.py:538} INFO - Filling up the DagBag from /home/airflow/.local/lib/python3.7/site-packages/airflow/example_dags/example_xcom.py
[2024-06-08T23:59:06.991+0000] {processor.py:753} INFO - DAG(s) dict_keys(['example_xcom']) retrieved from /home/airflow/.local/lib/python3.7/site-packages/airflow/example_dags/example_xcom.py
[2024-06-08T23:59:07.013+0000] {logging_mixin.py:137} INFO - [2024-06-08T23:59:07.013+0000] {dag.py:2690} INFO - Sync 1 DAGs
[2024-06-08T23:59:07.029+0000] {logging_mixin.py:137} INFO - [2024-06-08T23:59:07.029+0000] {dag.py:3441} INFO - Setting next_dagrun for example_xcom to 2021-01-01T00:00:00+00:00, run_after=2021-01-01T00:00:00+00:00
[2024-06-08T23:59:07.042+0000] {processor.py:175} INFO - Processing /home/airflow/.local/lib/python3.7/site-packages/airflow/example_dags/example_xcom.py took 0.073 seconds
[2024-06-08T23:59:37.302+0000] {processor.py:153} INFO - Started process (PID=2830) to work on /home/airflow/.local/lib/python3.7/site-packages/airflow/example_dags/example_xcom.py
[2024-06-08T23:59:37.303+0000] {processor.py:743} INFO - Processing file /home/airflow/.local/lib/python3.7/site-packages/airflow/example_dags/example_xcom.py for tasks to queue
[2024-06-08T23:59:37.304+0000] {logging_mixin.py:137} INFO - [2024-06-08T23:59:37.304+0000] {dagbag.py:538} INFO - Filling up the DagBag from /home/airflow/.local/lib/python3.7/site-packages/airflow/example_dags/example_xcom.py
[2024-06-08T23:59:37.320+0000] {processor.py:753} INFO - DAG(s) dict_keys(['example_xcom']) retrieved from /home/airflow/.local/lib/python3.7/site-packages/airflow/example_dags/example_xcom.py
[2024-06-08T23:59:37.340+0000] {logging_mixin.py:137} INFO - [2024-06-08T23:59:37.340+0000] {dag.py:2690} INFO - Sync 1 DAGs
[2024-06-08T23:59:37.357+0000] {logging_mixin.py:137} INFO - [2024-06-08T23:59:37.357+0000] {dag.py:3441} INFO - Setting next_dagrun for example_xcom to 2021-01-01T00:00:00+00:00, run_after=2021-01-01T00:00:00+00:00
[2024-06-08T23:59:37.367+0000] {processor.py:175} INFO - Processing /home/airflow/.local/lib/python3.7/site-packages/airflow/example_dags/example_xcom.py took 0.068 seconds
