[2024-06-08T23:31:35.843+0000] {processor.py:153} INFO - Started process (PID=53) to work on /home/airflow/.local/lib/python3.7/site-packages/airflow/example_dags/example_kubernetes_executor.py
[2024-06-08T23:31:35.844+0000] {processor.py:743} INFO - Processing file /home/airflow/.local/lib/python3.7/site-packages/airflow/example_dags/example_kubernetes_executor.py for tasks to queue
[2024-06-08T23:31:35.845+0000] {logging_mixin.py:137} INFO - [2024-06-08T23:31:35.845+0000] {dagbag.py:538} INFO - Filling up the DagBag from /home/airflow/.local/lib/python3.7/site-packages/airflow/example_dags/example_kubernetes_executor.py
[2024-06-08T23:31:35.873+0000] {processor.py:753} INFO - DAG(s) dict_keys(['example_kubernetes_executor']) retrieved from /home/airflow/.local/lib/python3.7/site-packages/airflow/example_dags/example_kubernetes_executor.py
[2024-06-08T23:31:35.900+0000] {logging_mixin.py:137} INFO - [2024-06-08T23:31:35.900+0000] {dag.py:2690} INFO - Sync 1 DAGs
[2024-06-08T23:31:35.918+0000] {logging_mixin.py:137} INFO - [2024-06-08T23:31:35.918+0000] {dag.py:3441} INFO - Setting next_dagrun for example_kubernetes_executor to None, run_after=None
[2024-06-08T23:31:35.933+0000] {processor.py:175} INFO - Processing /home/airflow/.local/lib/python3.7/site-packages/airflow/example_dags/example_kubernetes_executor.py took 0.094 seconds
[2024-06-08T23:32:06.606+0000] {processor.py:153} INFO - Started process (PID=103) to work on /home/airflow/.local/lib/python3.7/site-packages/airflow/example_dags/example_kubernetes_executor.py
[2024-06-08T23:32:06.608+0000] {processor.py:743} INFO - Processing file /home/airflow/.local/lib/python3.7/site-packages/airflow/example_dags/example_kubernetes_executor.py for tasks to queue
[2024-06-08T23:32:06.609+0000] {logging_mixin.py:137} INFO - [2024-06-08T23:32:06.609+0000] {dagbag.py:538} INFO - Filling up the DagBag from /home/airflow/.local/lib/python3.7/site-packages/airflow/example_dags/example_kubernetes_executor.py
[2024-06-08T23:32:06.633+0000] {processor.py:753} INFO - DAG(s) dict_keys(['example_kubernetes_executor']) retrieved from /home/airflow/.local/lib/python3.7/site-packages/airflow/example_dags/example_kubernetes_executor.py
[2024-06-08T23:32:06.661+0000] {logging_mixin.py:137} INFO - [2024-06-08T23:32:06.660+0000] {dag.py:2690} INFO - Sync 1 DAGs
[2024-06-08T23:32:06.680+0000] {logging_mixin.py:137} INFO - [2024-06-08T23:32:06.680+0000] {dag.py:3441} INFO - Setting next_dagrun for example_kubernetes_executor to None, run_after=None
[2024-06-08T23:32:06.699+0000] {processor.py:175} INFO - Processing /home/airflow/.local/lib/python3.7/site-packages/airflow/example_dags/example_kubernetes_executor.py took 0.097 seconds
[2024-06-08T23:32:36.898+0000] {processor.py:153} INFO - Started process (PID=153) to work on /home/airflow/.local/lib/python3.7/site-packages/airflow/example_dags/example_kubernetes_executor.py
[2024-06-08T23:32:36.900+0000] {processor.py:743} INFO - Processing file /home/airflow/.local/lib/python3.7/site-packages/airflow/example_dags/example_kubernetes_executor.py for tasks to queue
[2024-06-08T23:32:36.901+0000] {logging_mixin.py:137} INFO - [2024-06-08T23:32:36.900+0000] {dagbag.py:538} INFO - Filling up the DagBag from /home/airflow/.local/lib/python3.7/site-packages/airflow/example_dags/example_kubernetes_executor.py
[2024-06-08T23:32:36.921+0000] {processor.py:753} INFO - DAG(s) dict_keys(['example_kubernetes_executor']) retrieved from /home/airflow/.local/lib/python3.7/site-packages/airflow/example_dags/example_kubernetes_executor.py
[2024-06-08T23:32:36.944+0000] {logging_mixin.py:137} INFO - [2024-06-08T23:32:36.944+0000] {dag.py:2690} INFO - Sync 1 DAGs
[2024-06-08T23:32:36.959+0000] {logging_mixin.py:137} INFO - [2024-06-08T23:32:36.959+0000] {dag.py:3441} INFO - Setting next_dagrun for example_kubernetes_executor to None, run_after=None
[2024-06-08T23:32:36.971+0000] {processor.py:175} INFO - Processing /home/airflow/.local/lib/python3.7/site-packages/airflow/example_dags/example_kubernetes_executor.py took 0.076 seconds
[2024-06-08T23:33:07.258+0000] {processor.py:153} INFO - Started process (PID=203) to work on /home/airflow/.local/lib/python3.7/site-packages/airflow/example_dags/example_kubernetes_executor.py
[2024-06-08T23:33:07.259+0000] {processor.py:743} INFO - Processing file /home/airflow/.local/lib/python3.7/site-packages/airflow/example_dags/example_kubernetes_executor.py for tasks to queue
[2024-06-08T23:33:07.260+0000] {logging_mixin.py:137} INFO - [2024-06-08T23:33:07.260+0000] {dagbag.py:538} INFO - Filling up the DagBag from /home/airflow/.local/lib/python3.7/site-packages/airflow/example_dags/example_kubernetes_executor.py
[2024-06-08T23:33:07.280+0000] {processor.py:753} INFO - DAG(s) dict_keys(['example_kubernetes_executor']) retrieved from /home/airflow/.local/lib/python3.7/site-packages/airflow/example_dags/example_kubernetes_executor.py
[2024-06-08T23:33:07.305+0000] {logging_mixin.py:137} INFO - [2024-06-08T23:33:07.305+0000] {dag.py:2690} INFO - Sync 1 DAGs
[2024-06-08T23:33:07.322+0000] {logging_mixin.py:137} INFO - [2024-06-08T23:33:07.322+0000] {dag.py:3441} INFO - Setting next_dagrun for example_kubernetes_executor to None, run_after=None
[2024-06-08T23:33:07.335+0000] {processor.py:175} INFO - Processing /home/airflow/.local/lib/python3.7/site-packages/airflow/example_dags/example_kubernetes_executor.py took 0.080 seconds
[2024-06-08T23:33:37.561+0000] {processor.py:153} INFO - Started process (PID=254) to work on /home/airflow/.local/lib/python3.7/site-packages/airflow/example_dags/example_kubernetes_executor.py
[2024-06-08T23:33:37.563+0000] {processor.py:743} INFO - Processing file /home/airflow/.local/lib/python3.7/site-packages/airflow/example_dags/example_kubernetes_executor.py for tasks to queue
[2024-06-08T23:33:37.564+0000] {logging_mixin.py:137} INFO - [2024-06-08T23:33:37.564+0000] {dagbag.py:538} INFO - Filling up the DagBag from /home/airflow/.local/lib/python3.7/site-packages/airflow/example_dags/example_kubernetes_executor.py
[2024-06-08T23:33:37.583+0000] {processor.py:753} INFO - DAG(s) dict_keys(['example_kubernetes_executor']) retrieved from /home/airflow/.local/lib/python3.7/site-packages/airflow/example_dags/example_kubernetes_executor.py
[2024-06-08T23:33:37.605+0000] {logging_mixin.py:137} INFO - [2024-06-08T23:33:37.605+0000] {dag.py:2690} INFO - Sync 1 DAGs
[2024-06-08T23:33:37.620+0000] {logging_mixin.py:137} INFO - [2024-06-08T23:33:37.620+0000] {dag.py:3441} INFO - Setting next_dagrun for example_kubernetes_executor to None, run_after=None
[2024-06-08T23:33:37.632+0000] {processor.py:175} INFO - Processing /home/airflow/.local/lib/python3.7/site-packages/airflow/example_dags/example_kubernetes_executor.py took 0.073 seconds
[2024-06-08T23:34:07.975+0000] {processor.py:153} INFO - Started process (PID=303) to work on /home/airflow/.local/lib/python3.7/site-packages/airflow/example_dags/example_kubernetes_executor.py
[2024-06-08T23:34:07.977+0000] {processor.py:743} INFO - Processing file /home/airflow/.local/lib/python3.7/site-packages/airflow/example_dags/example_kubernetes_executor.py for tasks to queue
[2024-06-08T23:34:07.978+0000] {logging_mixin.py:137} INFO - [2024-06-08T23:34:07.977+0000] {dagbag.py:538} INFO - Filling up the DagBag from /home/airflow/.local/lib/python3.7/site-packages/airflow/example_dags/example_kubernetes_executor.py
[2024-06-08T23:34:07.999+0000] {processor.py:753} INFO - DAG(s) dict_keys(['example_kubernetes_executor']) retrieved from /home/airflow/.local/lib/python3.7/site-packages/airflow/example_dags/example_kubernetes_executor.py
[2024-06-08T23:34:08.022+0000] {logging_mixin.py:137} INFO - [2024-06-08T23:34:08.021+0000] {dag.py:2690} INFO - Sync 1 DAGs
[2024-06-08T23:34:08.038+0000] {logging_mixin.py:137} INFO - [2024-06-08T23:34:08.038+0000] {dag.py:3441} INFO - Setting next_dagrun for example_kubernetes_executor to None, run_after=None
[2024-06-08T23:34:08.052+0000] {processor.py:175} INFO - Processing /home/airflow/.local/lib/python3.7/site-packages/airflow/example_dags/example_kubernetes_executor.py took 0.080 seconds
[2024-06-08T23:34:38.764+0000] {processor.py:153} INFO - Started process (PID=353) to work on /home/airflow/.local/lib/python3.7/site-packages/airflow/example_dags/example_kubernetes_executor.py
[2024-06-08T23:34:38.766+0000] {processor.py:743} INFO - Processing file /home/airflow/.local/lib/python3.7/site-packages/airflow/example_dags/example_kubernetes_executor.py for tasks to queue
[2024-06-08T23:34:38.767+0000] {logging_mixin.py:137} INFO - [2024-06-08T23:34:38.767+0000] {dagbag.py:538} INFO - Filling up the DagBag from /home/airflow/.local/lib/python3.7/site-packages/airflow/example_dags/example_kubernetes_executor.py
[2024-06-08T23:34:38.787+0000] {processor.py:753} INFO - DAG(s) dict_keys(['example_kubernetes_executor']) retrieved from /home/airflow/.local/lib/python3.7/site-packages/airflow/example_dags/example_kubernetes_executor.py
[2024-06-08T23:34:38.810+0000] {logging_mixin.py:137} INFO - [2024-06-08T23:34:38.810+0000] {dag.py:2690} INFO - Sync 1 DAGs
[2024-06-08T23:34:38.827+0000] {logging_mixin.py:137} INFO - [2024-06-08T23:34:38.827+0000] {dag.py:3441} INFO - Setting next_dagrun for example_kubernetes_executor to None, run_after=None
[2024-06-08T23:34:38.845+0000] {processor.py:175} INFO - Processing /home/airflow/.local/lib/python3.7/site-packages/airflow/example_dags/example_kubernetes_executor.py took 0.084 seconds
[2024-06-08T23:35:09.236+0000] {processor.py:153} INFO - Started process (PID=403) to work on /home/airflow/.local/lib/python3.7/site-packages/airflow/example_dags/example_kubernetes_executor.py
[2024-06-08T23:35:09.237+0000] {processor.py:743} INFO - Processing file /home/airflow/.local/lib/python3.7/site-packages/airflow/example_dags/example_kubernetes_executor.py for tasks to queue
[2024-06-08T23:35:09.238+0000] {logging_mixin.py:137} INFO - [2024-06-08T23:35:09.238+0000] {dagbag.py:538} INFO - Filling up the DagBag from /home/airflow/.local/lib/python3.7/site-packages/airflow/example_dags/example_kubernetes_executor.py
[2024-06-08T23:35:09.259+0000] {processor.py:753} INFO - DAG(s) dict_keys(['example_kubernetes_executor']) retrieved from /home/airflow/.local/lib/python3.7/site-packages/airflow/example_dags/example_kubernetes_executor.py
[2024-06-08T23:35:09.283+0000] {logging_mixin.py:137} INFO - [2024-06-08T23:35:09.282+0000] {dag.py:2690} INFO - Sync 1 DAGs
[2024-06-08T23:35:09.300+0000] {logging_mixin.py:137} INFO - [2024-06-08T23:35:09.300+0000] {dag.py:3441} INFO - Setting next_dagrun for example_kubernetes_executor to None, run_after=None
[2024-06-08T23:35:09.313+0000] {processor.py:175} INFO - Processing /home/airflow/.local/lib/python3.7/site-packages/airflow/example_dags/example_kubernetes_executor.py took 0.081 seconds
[2024-06-08T23:35:39.659+0000] {processor.py:153} INFO - Started process (PID=453) to work on /home/airflow/.local/lib/python3.7/site-packages/airflow/example_dags/example_kubernetes_executor.py
[2024-06-08T23:35:39.660+0000] {processor.py:743} INFO - Processing file /home/airflow/.local/lib/python3.7/site-packages/airflow/example_dags/example_kubernetes_executor.py for tasks to queue
[2024-06-08T23:35:39.661+0000] {logging_mixin.py:137} INFO - [2024-06-08T23:35:39.661+0000] {dagbag.py:538} INFO - Filling up the DagBag from /home/airflow/.local/lib/python3.7/site-packages/airflow/example_dags/example_kubernetes_executor.py
[2024-06-08T23:35:39.682+0000] {processor.py:753} INFO - DAG(s) dict_keys(['example_kubernetes_executor']) retrieved from /home/airflow/.local/lib/python3.7/site-packages/airflow/example_dags/example_kubernetes_executor.py
[2024-06-08T23:35:39.706+0000] {logging_mixin.py:137} INFO - [2024-06-08T23:35:39.706+0000] {dag.py:2690} INFO - Sync 1 DAGs
[2024-06-08T23:35:39.725+0000] {logging_mixin.py:137} INFO - [2024-06-08T23:35:39.725+0000] {dag.py:3441} INFO - Setting next_dagrun for example_kubernetes_executor to None, run_after=None
[2024-06-08T23:35:39.740+0000] {processor.py:175} INFO - Processing /home/airflow/.local/lib/python3.7/site-packages/airflow/example_dags/example_kubernetes_executor.py took 0.084 seconds
[2024-06-08T23:36:10.272+0000] {processor.py:153} INFO - Started process (PID=503) to work on /home/airflow/.local/lib/python3.7/site-packages/airflow/example_dags/example_kubernetes_executor.py
[2024-06-08T23:36:10.274+0000] {processor.py:743} INFO - Processing file /home/airflow/.local/lib/python3.7/site-packages/airflow/example_dags/example_kubernetes_executor.py for tasks to queue
[2024-06-08T23:36:10.275+0000] {logging_mixin.py:137} INFO - [2024-06-08T23:36:10.275+0000] {dagbag.py:538} INFO - Filling up the DagBag from /home/airflow/.local/lib/python3.7/site-packages/airflow/example_dags/example_kubernetes_executor.py
[2024-06-08T23:36:10.297+0000] {processor.py:753} INFO - DAG(s) dict_keys(['example_kubernetes_executor']) retrieved from /home/airflow/.local/lib/python3.7/site-packages/airflow/example_dags/example_kubernetes_executor.py
[2024-06-08T23:36:10.324+0000] {logging_mixin.py:137} INFO - [2024-06-08T23:36:10.324+0000] {dag.py:2690} INFO - Sync 1 DAGs
[2024-06-08T23:36:10.341+0000] {logging_mixin.py:137} INFO - [2024-06-08T23:36:10.341+0000] {dag.py:3441} INFO - Setting next_dagrun for example_kubernetes_executor to None, run_after=None
[2024-06-08T23:36:10.355+0000] {processor.py:175} INFO - Processing /home/airflow/.local/lib/python3.7/site-packages/airflow/example_dags/example_kubernetes_executor.py took 0.087 seconds
[2024-06-08T23:36:41.208+0000] {processor.py:153} INFO - Started process (PID=553) to work on /home/airflow/.local/lib/python3.7/site-packages/airflow/example_dags/example_kubernetes_executor.py
[2024-06-08T23:36:41.209+0000] {processor.py:743} INFO - Processing file /home/airflow/.local/lib/python3.7/site-packages/airflow/example_dags/example_kubernetes_executor.py for tasks to queue
[2024-06-08T23:36:41.210+0000] {logging_mixin.py:137} INFO - [2024-06-08T23:36:41.210+0000] {dagbag.py:538} INFO - Filling up the DagBag from /home/airflow/.local/lib/python3.7/site-packages/airflow/example_dags/example_kubernetes_executor.py
[2024-06-08T23:36:41.229+0000] {processor.py:753} INFO - DAG(s) dict_keys(['example_kubernetes_executor']) retrieved from /home/airflow/.local/lib/python3.7/site-packages/airflow/example_dags/example_kubernetes_executor.py
[2024-06-08T23:36:41.255+0000] {logging_mixin.py:137} INFO - [2024-06-08T23:36:41.255+0000] {dag.py:2690} INFO - Sync 1 DAGs
[2024-06-08T23:36:41.272+0000] {logging_mixin.py:137} INFO - [2024-06-08T23:36:41.272+0000] {dag.py:3441} INFO - Setting next_dagrun for example_kubernetes_executor to None, run_after=None
[2024-06-08T23:36:41.284+0000] {processor.py:175} INFO - Processing /home/airflow/.local/lib/python3.7/site-packages/airflow/example_dags/example_kubernetes_executor.py took 0.080 seconds
[2024-06-08T23:37:11.698+0000] {processor.py:153} INFO - Started process (PID=603) to work on /home/airflow/.local/lib/python3.7/site-packages/airflow/example_dags/example_kubernetes_executor.py
[2024-06-08T23:37:11.700+0000] {processor.py:743} INFO - Processing file /home/airflow/.local/lib/python3.7/site-packages/airflow/example_dags/example_kubernetes_executor.py for tasks to queue
[2024-06-08T23:37:11.702+0000] {logging_mixin.py:137} INFO - [2024-06-08T23:37:11.702+0000] {dagbag.py:538} INFO - Filling up the DagBag from /home/airflow/.local/lib/python3.7/site-packages/airflow/example_dags/example_kubernetes_executor.py
[2024-06-08T23:37:11.722+0000] {processor.py:753} INFO - DAG(s) dict_keys(['example_kubernetes_executor']) retrieved from /home/airflow/.local/lib/python3.7/site-packages/airflow/example_dags/example_kubernetes_executor.py
[2024-06-08T23:37:11.748+0000] {logging_mixin.py:137} INFO - [2024-06-08T23:37:11.748+0000] {dag.py:2690} INFO - Sync 1 DAGs
[2024-06-08T23:37:11.765+0000] {logging_mixin.py:137} INFO - [2024-06-08T23:37:11.765+0000] {dag.py:3441} INFO - Setting next_dagrun for example_kubernetes_executor to None, run_after=None
[2024-06-08T23:37:11.777+0000] {processor.py:175} INFO - Processing /home/airflow/.local/lib/python3.7/site-packages/airflow/example_dags/example_kubernetes_executor.py took 0.082 seconds
[2024-06-08T23:37:42.075+0000] {processor.py:153} INFO - Started process (PID=653) to work on /home/airflow/.local/lib/python3.7/site-packages/airflow/example_dags/example_kubernetes_executor.py
[2024-06-08T23:37:42.077+0000] {processor.py:743} INFO - Processing file /home/airflow/.local/lib/python3.7/site-packages/airflow/example_dags/example_kubernetes_executor.py for tasks to queue
[2024-06-08T23:37:42.078+0000] {logging_mixin.py:137} INFO - [2024-06-08T23:37:42.078+0000] {dagbag.py:538} INFO - Filling up the DagBag from /home/airflow/.local/lib/python3.7/site-packages/airflow/example_dags/example_kubernetes_executor.py
[2024-06-08T23:37:42.099+0000] {processor.py:753} INFO - DAG(s) dict_keys(['example_kubernetes_executor']) retrieved from /home/airflow/.local/lib/python3.7/site-packages/airflow/example_dags/example_kubernetes_executor.py
[2024-06-08T23:37:42.123+0000] {logging_mixin.py:137} INFO - [2024-06-08T23:37:42.123+0000] {dag.py:2690} INFO - Sync 1 DAGs
[2024-06-08T23:37:42.139+0000] {logging_mixin.py:137} INFO - [2024-06-08T23:37:42.139+0000] {dag.py:3441} INFO - Setting next_dagrun for example_kubernetes_executor to None, run_after=None
[2024-06-08T23:37:42.151+0000] {processor.py:175} INFO - Processing /home/airflow/.local/lib/python3.7/site-packages/airflow/example_dags/example_kubernetes_executor.py took 0.078 seconds
[2024-06-08T23:38:13.003+0000] {processor.py:153} INFO - Started process (PID=703) to work on /home/airflow/.local/lib/python3.7/site-packages/airflow/example_dags/example_kubernetes_executor.py
[2024-06-08T23:38:13.004+0000] {processor.py:743} INFO - Processing file /home/airflow/.local/lib/python3.7/site-packages/airflow/example_dags/example_kubernetes_executor.py for tasks to queue
[2024-06-08T23:38:13.005+0000] {logging_mixin.py:137} INFO - [2024-06-08T23:38:13.005+0000] {dagbag.py:538} INFO - Filling up the DagBag from /home/airflow/.local/lib/python3.7/site-packages/airflow/example_dags/example_kubernetes_executor.py
[2024-06-08T23:38:13.029+0000] {processor.py:753} INFO - DAG(s) dict_keys(['example_kubernetes_executor']) retrieved from /home/airflow/.local/lib/python3.7/site-packages/airflow/example_dags/example_kubernetes_executor.py
[2024-06-08T23:38:13.061+0000] {logging_mixin.py:137} INFO - [2024-06-08T23:38:13.061+0000] {dag.py:2690} INFO - Sync 1 DAGs
[2024-06-08T23:38:13.084+0000] {logging_mixin.py:137} INFO - [2024-06-08T23:38:13.084+0000] {dag.py:3441} INFO - Setting next_dagrun for example_kubernetes_executor to None, run_after=None
[2024-06-08T23:38:13.102+0000] {processor.py:175} INFO - Processing /home/airflow/.local/lib/python3.7/site-packages/airflow/example_dags/example_kubernetes_executor.py took 0.102 seconds
[2024-06-08T23:38:43.251+0000] {processor.py:153} INFO - Started process (PID=753) to work on /home/airflow/.local/lib/python3.7/site-packages/airflow/example_dags/example_kubernetes_executor.py
[2024-06-08T23:38:43.253+0000] {processor.py:743} INFO - Processing file /home/airflow/.local/lib/python3.7/site-packages/airflow/example_dags/example_kubernetes_executor.py for tasks to queue
[2024-06-08T23:38:43.254+0000] {logging_mixin.py:137} INFO - [2024-06-08T23:38:43.253+0000] {dagbag.py:538} INFO - Filling up the DagBag from /home/airflow/.local/lib/python3.7/site-packages/airflow/example_dags/example_kubernetes_executor.py
[2024-06-08T23:38:43.273+0000] {processor.py:753} INFO - DAG(s) dict_keys(['example_kubernetes_executor']) retrieved from /home/airflow/.local/lib/python3.7/site-packages/airflow/example_dags/example_kubernetes_executor.py
[2024-06-08T23:38:43.298+0000] {logging_mixin.py:137} INFO - [2024-06-08T23:38:43.297+0000] {dag.py:2690} INFO - Sync 1 DAGs
[2024-06-08T23:38:43.314+0000] {logging_mixin.py:137} INFO - [2024-06-08T23:38:43.314+0000] {dag.py:3441} INFO - Setting next_dagrun for example_kubernetes_executor to None, run_after=None
[2024-06-08T23:38:43.326+0000] {processor.py:175} INFO - Processing /home/airflow/.local/lib/python3.7/site-packages/airflow/example_dags/example_kubernetes_executor.py took 0.079 seconds
[2024-06-08T23:39:13.654+0000] {processor.py:153} INFO - Started process (PID=803) to work on /home/airflow/.local/lib/python3.7/site-packages/airflow/example_dags/example_kubernetes_executor.py
[2024-06-08T23:39:13.656+0000] {processor.py:743} INFO - Processing file /home/airflow/.local/lib/python3.7/site-packages/airflow/example_dags/example_kubernetes_executor.py for tasks to queue
[2024-06-08T23:39:13.657+0000] {logging_mixin.py:137} INFO - [2024-06-08T23:39:13.657+0000] {dagbag.py:538} INFO - Filling up the DagBag from /home/airflow/.local/lib/python3.7/site-packages/airflow/example_dags/example_kubernetes_executor.py
[2024-06-08T23:39:13.678+0000] {processor.py:753} INFO - DAG(s) dict_keys(['example_kubernetes_executor']) retrieved from /home/airflow/.local/lib/python3.7/site-packages/airflow/example_dags/example_kubernetes_executor.py
[2024-06-08T23:39:13.703+0000] {logging_mixin.py:137} INFO - [2024-06-08T23:39:13.703+0000] {dag.py:2690} INFO - Sync 1 DAGs
[2024-06-08T23:39:13.719+0000] {logging_mixin.py:137} INFO - [2024-06-08T23:39:13.719+0000] {dag.py:3441} INFO - Setting next_dagrun for example_kubernetes_executor to None, run_after=None
[2024-06-08T23:39:13.732+0000] {processor.py:175} INFO - Processing /home/airflow/.local/lib/python3.7/site-packages/airflow/example_dags/example_kubernetes_executor.py took 0.081 seconds
[2024-06-08T23:39:44.422+0000] {processor.py:153} INFO - Started process (PID=853) to work on /home/airflow/.local/lib/python3.7/site-packages/airflow/example_dags/example_kubernetes_executor.py
[2024-06-08T23:39:44.423+0000] {processor.py:743} INFO - Processing file /home/airflow/.local/lib/python3.7/site-packages/airflow/example_dags/example_kubernetes_executor.py for tasks to queue
[2024-06-08T23:39:44.424+0000] {logging_mixin.py:137} INFO - [2024-06-08T23:39:44.424+0000] {dagbag.py:538} INFO - Filling up the DagBag from /home/airflow/.local/lib/python3.7/site-packages/airflow/example_dags/example_kubernetes_executor.py
[2024-06-08T23:39:44.446+0000] {processor.py:753} INFO - DAG(s) dict_keys(['example_kubernetes_executor']) retrieved from /home/airflow/.local/lib/python3.7/site-packages/airflow/example_dags/example_kubernetes_executor.py
[2024-06-08T23:39:44.469+0000] {logging_mixin.py:137} INFO - [2024-06-08T23:39:44.469+0000] {dag.py:2690} INFO - Sync 1 DAGs
[2024-06-08T23:39:44.484+0000] {logging_mixin.py:137} INFO - [2024-06-08T23:39:44.484+0000] {dag.py:3441} INFO - Setting next_dagrun for example_kubernetes_executor to None, run_after=None
[2024-06-08T23:39:44.496+0000] {processor.py:175} INFO - Processing /home/airflow/.local/lib/python3.7/site-packages/airflow/example_dags/example_kubernetes_executor.py took 0.077 seconds
[2024-06-08T23:40:14.725+0000] {processor.py:153} INFO - Started process (PID=903) to work on /home/airflow/.local/lib/python3.7/site-packages/airflow/example_dags/example_kubernetes_executor.py
[2024-06-08T23:40:14.726+0000] {processor.py:743} INFO - Processing file /home/airflow/.local/lib/python3.7/site-packages/airflow/example_dags/example_kubernetes_executor.py for tasks to queue
[2024-06-08T23:40:14.727+0000] {logging_mixin.py:137} INFO - [2024-06-08T23:40:14.727+0000] {dagbag.py:538} INFO - Filling up the DagBag from /home/airflow/.local/lib/python3.7/site-packages/airflow/example_dags/example_kubernetes_executor.py
[2024-06-08T23:40:14.747+0000] {processor.py:753} INFO - DAG(s) dict_keys(['example_kubernetes_executor']) retrieved from /home/airflow/.local/lib/python3.7/site-packages/airflow/example_dags/example_kubernetes_executor.py
[2024-06-08T23:40:14.770+0000] {logging_mixin.py:137} INFO - [2024-06-08T23:40:14.770+0000] {dag.py:2690} INFO - Sync 1 DAGs
[2024-06-08T23:40:14.787+0000] {logging_mixin.py:137} INFO - [2024-06-08T23:40:14.787+0000] {dag.py:3441} INFO - Setting next_dagrun for example_kubernetes_executor to None, run_after=None
[2024-06-08T23:40:14.799+0000] {processor.py:175} INFO - Processing /home/airflow/.local/lib/python3.7/site-packages/airflow/example_dags/example_kubernetes_executor.py took 0.077 seconds
[2024-06-08T23:40:45.226+0000] {processor.py:153} INFO - Started process (PID=953) to work on /home/airflow/.local/lib/python3.7/site-packages/airflow/example_dags/example_kubernetes_executor.py
[2024-06-08T23:40:45.227+0000] {processor.py:743} INFO - Processing file /home/airflow/.local/lib/python3.7/site-packages/airflow/example_dags/example_kubernetes_executor.py for tasks to queue
[2024-06-08T23:40:45.228+0000] {logging_mixin.py:137} INFO - [2024-06-08T23:40:45.228+0000] {dagbag.py:538} INFO - Filling up the DagBag from /home/airflow/.local/lib/python3.7/site-packages/airflow/example_dags/example_kubernetes_executor.py
[2024-06-08T23:40:45.247+0000] {processor.py:753} INFO - DAG(s) dict_keys(['example_kubernetes_executor']) retrieved from /home/airflow/.local/lib/python3.7/site-packages/airflow/example_dags/example_kubernetes_executor.py
[2024-06-08T23:40:45.270+0000] {logging_mixin.py:137} INFO - [2024-06-08T23:40:45.270+0000] {dag.py:2690} INFO - Sync 1 DAGs
[2024-06-08T23:40:45.286+0000] {logging_mixin.py:137} INFO - [2024-06-08T23:40:45.286+0000] {dag.py:3441} INFO - Setting next_dagrun for example_kubernetes_executor to None, run_after=None
[2024-06-08T23:40:45.297+0000] {processor.py:175} INFO - Processing /home/airflow/.local/lib/python3.7/site-packages/airflow/example_dags/example_kubernetes_executor.py took 0.075 seconds
[2024-06-08T23:41:15.759+0000] {processor.py:153} INFO - Started process (PID=1003) to work on /home/airflow/.local/lib/python3.7/site-packages/airflow/example_dags/example_kubernetes_executor.py
[2024-06-08T23:41:15.761+0000] {processor.py:743} INFO - Processing file /home/airflow/.local/lib/python3.7/site-packages/airflow/example_dags/example_kubernetes_executor.py for tasks to queue
[2024-06-08T23:41:15.762+0000] {logging_mixin.py:137} INFO - [2024-06-08T23:41:15.762+0000] {dagbag.py:538} INFO - Filling up the DagBag from /home/airflow/.local/lib/python3.7/site-packages/airflow/example_dags/example_kubernetes_executor.py
[2024-06-08T23:41:15.782+0000] {processor.py:753} INFO - DAG(s) dict_keys(['example_kubernetes_executor']) retrieved from /home/airflow/.local/lib/python3.7/site-packages/airflow/example_dags/example_kubernetes_executor.py
[2024-06-08T23:41:15.806+0000] {logging_mixin.py:137} INFO - [2024-06-08T23:41:15.806+0000] {dag.py:2690} INFO - Sync 1 DAGs
[2024-06-08T23:41:15.823+0000] {logging_mixin.py:137} INFO - [2024-06-08T23:41:15.823+0000] {dag.py:3441} INFO - Setting next_dagrun for example_kubernetes_executor to None, run_after=None
[2024-06-08T23:41:15.835+0000] {processor.py:175} INFO - Processing /home/airflow/.local/lib/python3.7/site-packages/airflow/example_dags/example_kubernetes_executor.py took 0.079 seconds
[2024-06-08T23:41:46.502+0000] {processor.py:153} INFO - Started process (PID=1053) to work on /home/airflow/.local/lib/python3.7/site-packages/airflow/example_dags/example_kubernetes_executor.py
[2024-06-08T23:41:46.503+0000] {processor.py:743} INFO - Processing file /home/airflow/.local/lib/python3.7/site-packages/airflow/example_dags/example_kubernetes_executor.py for tasks to queue
[2024-06-08T23:41:46.504+0000] {logging_mixin.py:137} INFO - [2024-06-08T23:41:46.504+0000] {dagbag.py:538} INFO - Filling up the DagBag from /home/airflow/.local/lib/python3.7/site-packages/airflow/example_dags/example_kubernetes_executor.py
[2024-06-08T23:41:46.526+0000] {processor.py:753} INFO - DAG(s) dict_keys(['example_kubernetes_executor']) retrieved from /home/airflow/.local/lib/python3.7/site-packages/airflow/example_dags/example_kubernetes_executor.py
[2024-06-08T23:41:46.550+0000] {logging_mixin.py:137} INFO - [2024-06-08T23:41:46.550+0000] {dag.py:2690} INFO - Sync 1 DAGs
[2024-06-08T23:41:46.567+0000] {logging_mixin.py:137} INFO - [2024-06-08T23:41:46.567+0000] {dag.py:3441} INFO - Setting next_dagrun for example_kubernetes_executor to None, run_after=None
[2024-06-08T23:41:46.581+0000] {processor.py:175} INFO - Processing /home/airflow/.local/lib/python3.7/site-packages/airflow/example_dags/example_kubernetes_executor.py took 0.082 seconds
[2024-06-08T23:42:17.116+0000] {processor.py:153} INFO - Started process (PID=1103) to work on /home/airflow/.local/lib/python3.7/site-packages/airflow/example_dags/example_kubernetes_executor.py
[2024-06-08T23:42:17.118+0000] {processor.py:743} INFO - Processing file /home/airflow/.local/lib/python3.7/site-packages/airflow/example_dags/example_kubernetes_executor.py for tasks to queue
[2024-06-08T23:42:17.119+0000] {logging_mixin.py:137} INFO - [2024-06-08T23:42:17.119+0000] {dagbag.py:538} INFO - Filling up the DagBag from /home/airflow/.local/lib/python3.7/site-packages/airflow/example_dags/example_kubernetes_executor.py
[2024-06-08T23:42:17.141+0000] {processor.py:753} INFO - DAG(s) dict_keys(['example_kubernetes_executor']) retrieved from /home/airflow/.local/lib/python3.7/site-packages/airflow/example_dags/example_kubernetes_executor.py
[2024-06-08T23:42:17.167+0000] {logging_mixin.py:137} INFO - [2024-06-08T23:42:17.166+0000] {dag.py:2690} INFO - Sync 1 DAGs
[2024-06-08T23:42:17.184+0000] {logging_mixin.py:137} INFO - [2024-06-08T23:42:17.184+0000] {dag.py:3441} INFO - Setting next_dagrun for example_kubernetes_executor to None, run_after=None
[2024-06-08T23:42:17.198+0000] {processor.py:175} INFO - Processing /home/airflow/.local/lib/python3.7/site-packages/airflow/example_dags/example_kubernetes_executor.py took 0.086 seconds
[2024-06-08T23:42:47.452+0000] {processor.py:153} INFO - Started process (PID=1153) to work on /home/airflow/.local/lib/python3.7/site-packages/airflow/example_dags/example_kubernetes_executor.py
[2024-06-08T23:42:47.453+0000] {processor.py:743} INFO - Processing file /home/airflow/.local/lib/python3.7/site-packages/airflow/example_dags/example_kubernetes_executor.py for tasks to queue
[2024-06-08T23:42:47.454+0000] {logging_mixin.py:137} INFO - [2024-06-08T23:42:47.454+0000] {dagbag.py:538} INFO - Filling up the DagBag from /home/airflow/.local/lib/python3.7/site-packages/airflow/example_dags/example_kubernetes_executor.py
[2024-06-08T23:42:47.474+0000] {processor.py:753} INFO - DAG(s) dict_keys(['example_kubernetes_executor']) retrieved from /home/airflow/.local/lib/python3.7/site-packages/airflow/example_dags/example_kubernetes_executor.py
[2024-06-08T23:42:47.495+0000] {logging_mixin.py:137} INFO - [2024-06-08T23:42:47.495+0000] {dag.py:2690} INFO - Sync 1 DAGs
[2024-06-08T23:42:47.510+0000] {logging_mixin.py:137} INFO - [2024-06-08T23:42:47.510+0000] {dag.py:3441} INFO - Setting next_dagrun for example_kubernetes_executor to None, run_after=None
[2024-06-08T23:42:47.521+0000] {processor.py:175} INFO - Processing /home/airflow/.local/lib/python3.7/site-packages/airflow/example_dags/example_kubernetes_executor.py took 0.071 seconds
[2024-06-08T23:43:18.048+0000] {processor.py:153} INFO - Started process (PID=1203) to work on /home/airflow/.local/lib/python3.7/site-packages/airflow/example_dags/example_kubernetes_executor.py
[2024-06-08T23:43:18.049+0000] {processor.py:743} INFO - Processing file /home/airflow/.local/lib/python3.7/site-packages/airflow/example_dags/example_kubernetes_executor.py for tasks to queue
[2024-06-08T23:43:18.050+0000] {logging_mixin.py:137} INFO - [2024-06-08T23:43:18.050+0000] {dagbag.py:538} INFO - Filling up the DagBag from /home/airflow/.local/lib/python3.7/site-packages/airflow/example_dags/example_kubernetes_executor.py
[2024-06-08T23:43:18.069+0000] {processor.py:753} INFO - DAG(s) dict_keys(['example_kubernetes_executor']) retrieved from /home/airflow/.local/lib/python3.7/site-packages/airflow/example_dags/example_kubernetes_executor.py
[2024-06-08T23:43:18.091+0000] {logging_mixin.py:137} INFO - [2024-06-08T23:43:18.091+0000] {dag.py:2690} INFO - Sync 1 DAGs
[2024-06-08T23:43:18.106+0000] {logging_mixin.py:137} INFO - [2024-06-08T23:43:18.106+0000] {dag.py:3441} INFO - Setting next_dagrun for example_kubernetes_executor to None, run_after=None
[2024-06-08T23:43:18.117+0000] {processor.py:175} INFO - Processing /home/airflow/.local/lib/python3.7/site-packages/airflow/example_dags/example_kubernetes_executor.py took 0.072 seconds
[2024-06-08T23:43:48.635+0000] {processor.py:153} INFO - Started process (PID=1253) to work on /home/airflow/.local/lib/python3.7/site-packages/airflow/example_dags/example_kubernetes_executor.py
[2024-06-08T23:43:48.637+0000] {processor.py:743} INFO - Processing file /home/airflow/.local/lib/python3.7/site-packages/airflow/example_dags/example_kubernetes_executor.py for tasks to queue
[2024-06-08T23:43:48.638+0000] {logging_mixin.py:137} INFO - [2024-06-08T23:43:48.638+0000] {dagbag.py:538} INFO - Filling up the DagBag from /home/airflow/.local/lib/python3.7/site-packages/airflow/example_dags/example_kubernetes_executor.py
[2024-06-08T23:43:48.659+0000] {processor.py:753} INFO - DAG(s) dict_keys(['example_kubernetes_executor']) retrieved from /home/airflow/.local/lib/python3.7/site-packages/airflow/example_dags/example_kubernetes_executor.py
[2024-06-08T23:43:48.682+0000] {logging_mixin.py:137} INFO - [2024-06-08T23:43:48.682+0000] {dag.py:2690} INFO - Sync 1 DAGs
[2024-06-08T23:43:48.699+0000] {logging_mixin.py:137} INFO - [2024-06-08T23:43:48.699+0000] {dag.py:3441} INFO - Setting next_dagrun for example_kubernetes_executor to None, run_after=None
[2024-06-08T23:43:48.713+0000] {processor.py:175} INFO - Processing /home/airflow/.local/lib/python3.7/site-packages/airflow/example_dags/example_kubernetes_executor.py took 0.081 seconds
[2024-06-08T23:44:18.921+0000] {processor.py:153} INFO - Started process (PID=1303) to work on /home/airflow/.local/lib/python3.7/site-packages/airflow/example_dags/example_kubernetes_executor.py
[2024-06-08T23:44:18.922+0000] {processor.py:743} INFO - Processing file /home/airflow/.local/lib/python3.7/site-packages/airflow/example_dags/example_kubernetes_executor.py for tasks to queue
[2024-06-08T23:44:18.923+0000] {logging_mixin.py:137} INFO - [2024-06-08T23:44:18.923+0000] {dagbag.py:538} INFO - Filling up the DagBag from /home/airflow/.local/lib/python3.7/site-packages/airflow/example_dags/example_kubernetes_executor.py
[2024-06-08T23:44:18.942+0000] {processor.py:753} INFO - DAG(s) dict_keys(['example_kubernetes_executor']) retrieved from /home/airflow/.local/lib/python3.7/site-packages/airflow/example_dags/example_kubernetes_executor.py
[2024-06-08T23:44:18.967+0000] {logging_mixin.py:137} INFO - [2024-06-08T23:44:18.967+0000] {dag.py:2690} INFO - Sync 1 DAGs
[2024-06-08T23:44:18.985+0000] {logging_mixin.py:137} INFO - [2024-06-08T23:44:18.985+0000] {dag.py:3441} INFO - Setting next_dagrun for example_kubernetes_executor to None, run_after=None
[2024-06-08T23:44:18.999+0000] {processor.py:175} INFO - Processing /home/airflow/.local/lib/python3.7/site-packages/airflow/example_dags/example_kubernetes_executor.py took 0.081 seconds
[2024-06-08T23:44:49.376+0000] {processor.py:153} INFO - Started process (PID=1354) to work on /home/airflow/.local/lib/python3.7/site-packages/airflow/example_dags/example_kubernetes_executor.py
[2024-06-08T23:44:49.378+0000] {processor.py:743} INFO - Processing file /home/airflow/.local/lib/python3.7/site-packages/airflow/example_dags/example_kubernetes_executor.py for tasks to queue
[2024-06-08T23:44:49.379+0000] {logging_mixin.py:137} INFO - [2024-06-08T23:44:49.379+0000] {dagbag.py:538} INFO - Filling up the DagBag from /home/airflow/.local/lib/python3.7/site-packages/airflow/example_dags/example_kubernetes_executor.py
[2024-06-08T23:44:49.399+0000] {processor.py:753} INFO - DAG(s) dict_keys(['example_kubernetes_executor']) retrieved from /home/airflow/.local/lib/python3.7/site-packages/airflow/example_dags/example_kubernetes_executor.py
[2024-06-08T23:44:49.423+0000] {logging_mixin.py:137} INFO - [2024-06-08T23:44:49.423+0000] {dag.py:2690} INFO - Sync 1 DAGs
[2024-06-08T23:44:49.439+0000] {logging_mixin.py:137} INFO - [2024-06-08T23:44:49.439+0000] {dag.py:3441} INFO - Setting next_dagrun for example_kubernetes_executor to None, run_after=None
[2024-06-08T23:44:49.450+0000] {processor.py:175} INFO - Processing /home/airflow/.local/lib/python3.7/site-packages/airflow/example_dags/example_kubernetes_executor.py took 0.077 seconds
[2024-06-08T23:45:19.683+0000] {processor.py:153} INFO - Started process (PID=1405) to work on /home/airflow/.local/lib/python3.7/site-packages/airflow/example_dags/example_kubernetes_executor.py
[2024-06-08T23:45:19.684+0000] {processor.py:743} INFO - Processing file /home/airflow/.local/lib/python3.7/site-packages/airflow/example_dags/example_kubernetes_executor.py for tasks to queue
[2024-06-08T23:45:19.685+0000] {logging_mixin.py:137} INFO - [2024-06-08T23:45:19.685+0000] {dagbag.py:538} INFO - Filling up the DagBag from /home/airflow/.local/lib/python3.7/site-packages/airflow/example_dags/example_kubernetes_executor.py
[2024-06-08T23:45:19.704+0000] {processor.py:753} INFO - DAG(s) dict_keys(['example_kubernetes_executor']) retrieved from /home/airflow/.local/lib/python3.7/site-packages/airflow/example_dags/example_kubernetes_executor.py
[2024-06-08T23:45:19.726+0000] {logging_mixin.py:137} INFO - [2024-06-08T23:45:19.726+0000] {dag.py:2690} INFO - Sync 1 DAGs
[2024-06-08T23:45:19.742+0000] {logging_mixin.py:137} INFO - [2024-06-08T23:45:19.742+0000] {dag.py:3441} INFO - Setting next_dagrun for example_kubernetes_executor to None, run_after=None
[2024-06-08T23:45:19.755+0000] {processor.py:175} INFO - Processing /home/airflow/.local/lib/python3.7/site-packages/airflow/example_dags/example_kubernetes_executor.py took 0.075 seconds
[2024-06-08T23:45:50.095+0000] {processor.py:153} INFO - Started process (PID=1455) to work on /home/airflow/.local/lib/python3.7/site-packages/airflow/example_dags/example_kubernetes_executor.py
[2024-06-08T23:45:50.097+0000] {processor.py:743} INFO - Processing file /home/airflow/.local/lib/python3.7/site-packages/airflow/example_dags/example_kubernetes_executor.py for tasks to queue
[2024-06-08T23:45:50.098+0000] {logging_mixin.py:137} INFO - [2024-06-08T23:45:50.098+0000] {dagbag.py:538} INFO - Filling up the DagBag from /home/airflow/.local/lib/python3.7/site-packages/airflow/example_dags/example_kubernetes_executor.py
[2024-06-08T23:45:50.118+0000] {processor.py:753} INFO - DAG(s) dict_keys(['example_kubernetes_executor']) retrieved from /home/airflow/.local/lib/python3.7/site-packages/airflow/example_dags/example_kubernetes_executor.py
[2024-06-08T23:45:50.143+0000] {logging_mixin.py:137} INFO - [2024-06-08T23:45:50.143+0000] {dag.py:2690} INFO - Sync 1 DAGs
[2024-06-08T23:45:50.160+0000] {logging_mixin.py:137} INFO - [2024-06-08T23:45:50.159+0000] {dag.py:3441} INFO - Setting next_dagrun for example_kubernetes_executor to None, run_after=None
[2024-06-08T23:45:50.170+0000] {processor.py:175} INFO - Processing /home/airflow/.local/lib/python3.7/site-packages/airflow/example_dags/example_kubernetes_executor.py took 0.078 seconds
[2024-06-08T23:46:20.504+0000] {processor.py:153} INFO - Started process (PID=1506) to work on /home/airflow/.local/lib/python3.7/site-packages/airflow/example_dags/example_kubernetes_executor.py
[2024-06-08T23:46:20.506+0000] {processor.py:743} INFO - Processing file /home/airflow/.local/lib/python3.7/site-packages/airflow/example_dags/example_kubernetes_executor.py for tasks to queue
[2024-06-08T23:46:20.507+0000] {logging_mixin.py:137} INFO - [2024-06-08T23:46:20.507+0000] {dagbag.py:538} INFO - Filling up the DagBag from /home/airflow/.local/lib/python3.7/site-packages/airflow/example_dags/example_kubernetes_executor.py
[2024-06-08T23:46:20.527+0000] {processor.py:753} INFO - DAG(s) dict_keys(['example_kubernetes_executor']) retrieved from /home/airflow/.local/lib/python3.7/site-packages/airflow/example_dags/example_kubernetes_executor.py
[2024-06-08T23:46:20.553+0000] {logging_mixin.py:137} INFO - [2024-06-08T23:46:20.553+0000] {dag.py:2690} INFO - Sync 1 DAGs
[2024-06-08T23:46:20.569+0000] {logging_mixin.py:137} INFO - [2024-06-08T23:46:20.568+0000] {dag.py:3441} INFO - Setting next_dagrun for example_kubernetes_executor to None, run_after=None
[2024-06-08T23:46:20.582+0000] {processor.py:175} INFO - Processing /home/airflow/.local/lib/python3.7/site-packages/airflow/example_dags/example_kubernetes_executor.py took 0.081 seconds
[2024-06-08T23:46:50.926+0000] {processor.py:153} INFO - Started process (PID=1556) to work on /home/airflow/.local/lib/python3.7/site-packages/airflow/example_dags/example_kubernetes_executor.py
[2024-06-08T23:46:50.927+0000] {processor.py:743} INFO - Processing file /home/airflow/.local/lib/python3.7/site-packages/airflow/example_dags/example_kubernetes_executor.py for tasks to queue
[2024-06-08T23:46:50.929+0000] {logging_mixin.py:137} INFO - [2024-06-08T23:46:50.929+0000] {dagbag.py:538} INFO - Filling up the DagBag from /home/airflow/.local/lib/python3.7/site-packages/airflow/example_dags/example_kubernetes_executor.py
[2024-06-08T23:46:50.953+0000] {processor.py:753} INFO - DAG(s) dict_keys(['example_kubernetes_executor']) retrieved from /home/airflow/.local/lib/python3.7/site-packages/airflow/example_dags/example_kubernetes_executor.py
[2024-06-08T23:46:50.978+0000] {logging_mixin.py:137} INFO - [2024-06-08T23:46:50.978+0000] {dag.py:2690} INFO - Sync 1 DAGs
[2024-06-08T23:46:50.995+0000] {logging_mixin.py:137} INFO - [2024-06-08T23:46:50.995+0000] {dag.py:3441} INFO - Setting next_dagrun for example_kubernetes_executor to None, run_after=None
[2024-06-08T23:46:51.008+0000] {processor.py:175} INFO - Processing /home/airflow/.local/lib/python3.7/site-packages/airflow/example_dags/example_kubernetes_executor.py took 0.086 seconds
[2024-06-08T23:47:21.401+0000] {processor.py:153} INFO - Started process (PID=1606) to work on /home/airflow/.local/lib/python3.7/site-packages/airflow/example_dags/example_kubernetes_executor.py
[2024-06-08T23:47:21.402+0000] {processor.py:743} INFO - Processing file /home/airflow/.local/lib/python3.7/site-packages/airflow/example_dags/example_kubernetes_executor.py for tasks to queue
[2024-06-08T23:47:21.403+0000] {logging_mixin.py:137} INFO - [2024-06-08T23:47:21.403+0000] {dagbag.py:538} INFO - Filling up the DagBag from /home/airflow/.local/lib/python3.7/site-packages/airflow/example_dags/example_kubernetes_executor.py
[2024-06-08T23:47:21.424+0000] {processor.py:753} INFO - DAG(s) dict_keys(['example_kubernetes_executor']) retrieved from /home/airflow/.local/lib/python3.7/site-packages/airflow/example_dags/example_kubernetes_executor.py
[2024-06-08T23:47:21.450+0000] {logging_mixin.py:137} INFO - [2024-06-08T23:47:21.449+0000] {dag.py:2690} INFO - Sync 1 DAGs
[2024-06-08T23:47:21.467+0000] {logging_mixin.py:137} INFO - [2024-06-08T23:47:21.467+0000] {dag.py:3441} INFO - Setting next_dagrun for example_kubernetes_executor to None, run_after=None
[2024-06-08T23:47:21.482+0000] {processor.py:175} INFO - Processing /home/airflow/.local/lib/python3.7/site-packages/airflow/example_dags/example_kubernetes_executor.py took 0.084 seconds
[2024-06-08T23:47:52.008+0000] {processor.py:153} INFO - Started process (PID=1656) to work on /home/airflow/.local/lib/python3.7/site-packages/airflow/example_dags/example_kubernetes_executor.py
[2024-06-08T23:47:52.010+0000] {processor.py:743} INFO - Processing file /home/airflow/.local/lib/python3.7/site-packages/airflow/example_dags/example_kubernetes_executor.py for tasks to queue
[2024-06-08T23:47:52.011+0000] {logging_mixin.py:137} INFO - [2024-06-08T23:47:52.011+0000] {dagbag.py:538} INFO - Filling up the DagBag from /home/airflow/.local/lib/python3.7/site-packages/airflow/example_dags/example_kubernetes_executor.py
[2024-06-08T23:47:52.034+0000] {processor.py:753} INFO - DAG(s) dict_keys(['example_kubernetes_executor']) retrieved from /home/airflow/.local/lib/python3.7/site-packages/airflow/example_dags/example_kubernetes_executor.py
[2024-06-08T23:47:52.065+0000] {logging_mixin.py:137} INFO - [2024-06-08T23:47:52.065+0000] {dag.py:2690} INFO - Sync 1 DAGs
[2024-06-08T23:47:52.083+0000] {logging_mixin.py:137} INFO - [2024-06-08T23:47:52.083+0000] {dag.py:3441} INFO - Setting next_dagrun for example_kubernetes_executor to None, run_after=None
[2024-06-08T23:47:52.099+0000] {processor.py:175} INFO - Processing /home/airflow/.local/lib/python3.7/site-packages/airflow/example_dags/example_kubernetes_executor.py took 0.094 seconds
[2024-06-08T23:48:22.590+0000] {processor.py:153} INFO - Started process (PID=1706) to work on /home/airflow/.local/lib/python3.7/site-packages/airflow/example_dags/example_kubernetes_executor.py
[2024-06-08T23:48:22.592+0000] {processor.py:743} INFO - Processing file /home/airflow/.local/lib/python3.7/site-packages/airflow/example_dags/example_kubernetes_executor.py for tasks to queue
[2024-06-08T23:48:22.593+0000] {logging_mixin.py:137} INFO - [2024-06-08T23:48:22.593+0000] {dagbag.py:538} INFO - Filling up the DagBag from /home/airflow/.local/lib/python3.7/site-packages/airflow/example_dags/example_kubernetes_executor.py
[2024-06-08T23:48:22.612+0000] {processor.py:753} INFO - DAG(s) dict_keys(['example_kubernetes_executor']) retrieved from /home/airflow/.local/lib/python3.7/site-packages/airflow/example_dags/example_kubernetes_executor.py
[2024-06-08T23:48:22.637+0000] {logging_mixin.py:137} INFO - [2024-06-08T23:48:22.637+0000] {dag.py:2690} INFO - Sync 1 DAGs
[2024-06-08T23:48:22.653+0000] {logging_mixin.py:137} INFO - [2024-06-08T23:48:22.653+0000] {dag.py:3441} INFO - Setting next_dagrun for example_kubernetes_executor to None, run_after=None
[2024-06-08T23:48:22.664+0000] {processor.py:175} INFO - Processing /home/airflow/.local/lib/python3.7/site-packages/airflow/example_dags/example_kubernetes_executor.py took 0.078 seconds
[2024-06-08T23:48:53.130+0000] {processor.py:153} INFO - Started process (PID=1756) to work on /home/airflow/.local/lib/python3.7/site-packages/airflow/example_dags/example_kubernetes_executor.py
[2024-06-08T23:48:53.131+0000] {processor.py:743} INFO - Processing file /home/airflow/.local/lib/python3.7/site-packages/airflow/example_dags/example_kubernetes_executor.py for tasks to queue
[2024-06-08T23:48:53.132+0000] {logging_mixin.py:137} INFO - [2024-06-08T23:48:53.132+0000] {dagbag.py:538} INFO - Filling up the DagBag from /home/airflow/.local/lib/python3.7/site-packages/airflow/example_dags/example_kubernetes_executor.py
[2024-06-08T23:48:53.153+0000] {processor.py:753} INFO - DAG(s) dict_keys(['example_kubernetes_executor']) retrieved from /home/airflow/.local/lib/python3.7/site-packages/airflow/example_dags/example_kubernetes_executor.py
[2024-06-08T23:48:53.178+0000] {logging_mixin.py:137} INFO - [2024-06-08T23:48:53.178+0000] {dag.py:2690} INFO - Sync 1 DAGs
[2024-06-08T23:48:53.194+0000] {logging_mixin.py:137} INFO - [2024-06-08T23:48:53.194+0000] {dag.py:3441} INFO - Setting next_dagrun for example_kubernetes_executor to None, run_after=None
[2024-06-08T23:48:53.207+0000] {processor.py:175} INFO - Processing /home/airflow/.local/lib/python3.7/site-packages/airflow/example_dags/example_kubernetes_executor.py took 0.081 seconds
[2024-06-08T23:49:23.476+0000] {processor.py:153} INFO - Started process (PID=1806) to work on /home/airflow/.local/lib/python3.7/site-packages/airflow/example_dags/example_kubernetes_executor.py
[2024-06-08T23:49:23.478+0000] {processor.py:743} INFO - Processing file /home/airflow/.local/lib/python3.7/site-packages/airflow/example_dags/example_kubernetes_executor.py for tasks to queue
[2024-06-08T23:49:23.478+0000] {logging_mixin.py:137} INFO - [2024-06-08T23:49:23.478+0000] {dagbag.py:538} INFO - Filling up the DagBag from /home/airflow/.local/lib/python3.7/site-packages/airflow/example_dags/example_kubernetes_executor.py
[2024-06-08T23:49:23.498+0000] {processor.py:753} INFO - DAG(s) dict_keys(['example_kubernetes_executor']) retrieved from /home/airflow/.local/lib/python3.7/site-packages/airflow/example_dags/example_kubernetes_executor.py
[2024-06-08T23:49:23.523+0000] {logging_mixin.py:137} INFO - [2024-06-08T23:49:23.522+0000] {dag.py:2690} INFO - Sync 1 DAGs
[2024-06-08T23:49:23.540+0000] {logging_mixin.py:137} INFO - [2024-06-08T23:49:23.540+0000] {dag.py:3441} INFO - Setting next_dagrun for example_kubernetes_executor to None, run_after=None
[2024-06-08T23:49:23.553+0000] {processor.py:175} INFO - Processing /home/airflow/.local/lib/python3.7/site-packages/airflow/example_dags/example_kubernetes_executor.py took 0.081 seconds
[2024-06-08T23:49:53.940+0000] {processor.py:153} INFO - Started process (PID=1856) to work on /home/airflow/.local/lib/python3.7/site-packages/airflow/example_dags/example_kubernetes_executor.py
[2024-06-08T23:49:53.942+0000] {processor.py:743} INFO - Processing file /home/airflow/.local/lib/python3.7/site-packages/airflow/example_dags/example_kubernetes_executor.py for tasks to queue
[2024-06-08T23:49:53.943+0000] {logging_mixin.py:137} INFO - [2024-06-08T23:49:53.943+0000] {dagbag.py:538} INFO - Filling up the DagBag from /home/airflow/.local/lib/python3.7/site-packages/airflow/example_dags/example_kubernetes_executor.py
[2024-06-08T23:49:53.963+0000] {processor.py:753} INFO - DAG(s) dict_keys(['example_kubernetes_executor']) retrieved from /home/airflow/.local/lib/python3.7/site-packages/airflow/example_dags/example_kubernetes_executor.py
[2024-06-08T23:49:53.988+0000] {logging_mixin.py:137} INFO - [2024-06-08T23:49:53.988+0000] {dag.py:2690} INFO - Sync 1 DAGs
[2024-06-08T23:49:54.004+0000] {logging_mixin.py:137} INFO - [2024-06-08T23:49:54.004+0000] {dag.py:3441} INFO - Setting next_dagrun for example_kubernetes_executor to None, run_after=None
[2024-06-08T23:49:54.016+0000] {processor.py:175} INFO - Processing /home/airflow/.local/lib/python3.7/site-packages/airflow/example_dags/example_kubernetes_executor.py took 0.078 seconds
[2024-06-08T23:50:24.517+0000] {processor.py:153} INFO - Started process (PID=1906) to work on /home/airflow/.local/lib/python3.7/site-packages/airflow/example_dags/example_kubernetes_executor.py
[2024-06-08T23:50:24.518+0000] {processor.py:743} INFO - Processing file /home/airflow/.local/lib/python3.7/site-packages/airflow/example_dags/example_kubernetes_executor.py for tasks to queue
[2024-06-08T23:50:24.520+0000] {logging_mixin.py:137} INFO - [2024-06-08T23:50:24.519+0000] {dagbag.py:538} INFO - Filling up the DagBag from /home/airflow/.local/lib/python3.7/site-packages/airflow/example_dags/example_kubernetes_executor.py
[2024-06-08T23:50:24.541+0000] {processor.py:753} INFO - DAG(s) dict_keys(['example_kubernetes_executor']) retrieved from /home/airflow/.local/lib/python3.7/site-packages/airflow/example_dags/example_kubernetes_executor.py
[2024-06-08T23:50:24.570+0000] {logging_mixin.py:137} INFO - [2024-06-08T23:50:24.570+0000] {dag.py:2690} INFO - Sync 1 DAGs
[2024-06-08T23:50:24.590+0000] {logging_mixin.py:137} INFO - [2024-06-08T23:50:24.590+0000] {dag.py:3441} INFO - Setting next_dagrun for example_kubernetes_executor to None, run_after=None
[2024-06-08T23:50:24.603+0000] {processor.py:175} INFO - Processing /home/airflow/.local/lib/python3.7/site-packages/airflow/example_dags/example_kubernetes_executor.py took 0.089 seconds
[2024-06-08T23:50:55.208+0000] {processor.py:153} INFO - Started process (PID=1956) to work on /home/airflow/.local/lib/python3.7/site-packages/airflow/example_dags/example_kubernetes_executor.py
[2024-06-08T23:50:55.210+0000] {processor.py:743} INFO - Processing file /home/airflow/.local/lib/python3.7/site-packages/airflow/example_dags/example_kubernetes_executor.py for tasks to queue
[2024-06-08T23:50:55.211+0000] {logging_mixin.py:137} INFO - [2024-06-08T23:50:55.210+0000] {dagbag.py:538} INFO - Filling up the DagBag from /home/airflow/.local/lib/python3.7/site-packages/airflow/example_dags/example_kubernetes_executor.py
[2024-06-08T23:50:55.234+0000] {processor.py:753} INFO - DAG(s) dict_keys(['example_kubernetes_executor']) retrieved from /home/airflow/.local/lib/python3.7/site-packages/airflow/example_dags/example_kubernetes_executor.py
[2024-06-08T23:50:55.259+0000] {logging_mixin.py:137} INFO - [2024-06-08T23:50:55.259+0000] {dag.py:2690} INFO - Sync 1 DAGs
[2024-06-08T23:50:55.277+0000] {logging_mixin.py:137} INFO - [2024-06-08T23:50:55.277+0000] {dag.py:3441} INFO - Setting next_dagrun for example_kubernetes_executor to None, run_after=None
[2024-06-08T23:50:55.291+0000] {processor.py:175} INFO - Processing /home/airflow/.local/lib/python3.7/site-packages/airflow/example_dags/example_kubernetes_executor.py took 0.086 seconds
[2024-06-08T23:51:25.826+0000] {processor.py:153} INFO - Started process (PID=2006) to work on /home/airflow/.local/lib/python3.7/site-packages/airflow/example_dags/example_kubernetes_executor.py
[2024-06-08T23:51:25.828+0000] {processor.py:743} INFO - Processing file /home/airflow/.local/lib/python3.7/site-packages/airflow/example_dags/example_kubernetes_executor.py for tasks to queue
[2024-06-08T23:51:25.829+0000] {logging_mixin.py:137} INFO - [2024-06-08T23:51:25.829+0000] {dagbag.py:538} INFO - Filling up the DagBag from /home/airflow/.local/lib/python3.7/site-packages/airflow/example_dags/example_kubernetes_executor.py
[2024-06-08T23:51:25.851+0000] {processor.py:753} INFO - DAG(s) dict_keys(['example_kubernetes_executor']) retrieved from /home/airflow/.local/lib/python3.7/site-packages/airflow/example_dags/example_kubernetes_executor.py
[2024-06-08T23:51:25.877+0000] {logging_mixin.py:137} INFO - [2024-06-08T23:51:25.877+0000] {dag.py:2690} INFO - Sync 1 DAGs
[2024-06-08T23:51:25.894+0000] {logging_mixin.py:137} INFO - [2024-06-08T23:51:25.894+0000] {dag.py:3441} INFO - Setting next_dagrun for example_kubernetes_executor to None, run_after=None
[2024-06-08T23:51:25.906+0000] {processor.py:175} INFO - Processing /home/airflow/.local/lib/python3.7/site-packages/airflow/example_dags/example_kubernetes_executor.py took 0.083 seconds
[2024-06-08T23:51:56.626+0000] {processor.py:153} INFO - Started process (PID=2056) to work on /home/airflow/.local/lib/python3.7/site-packages/airflow/example_dags/example_kubernetes_executor.py
[2024-06-08T23:51:56.627+0000] {processor.py:743} INFO - Processing file /home/airflow/.local/lib/python3.7/site-packages/airflow/example_dags/example_kubernetes_executor.py for tasks to queue
[2024-06-08T23:51:56.628+0000] {logging_mixin.py:137} INFO - [2024-06-08T23:51:56.628+0000] {dagbag.py:538} INFO - Filling up the DagBag from /home/airflow/.local/lib/python3.7/site-packages/airflow/example_dags/example_kubernetes_executor.py
[2024-06-08T23:51:56.650+0000] {processor.py:753} INFO - DAG(s) dict_keys(['example_kubernetes_executor']) retrieved from /home/airflow/.local/lib/python3.7/site-packages/airflow/example_dags/example_kubernetes_executor.py
[2024-06-08T23:51:56.676+0000] {logging_mixin.py:137} INFO - [2024-06-08T23:51:56.676+0000] {dag.py:2690} INFO - Sync 1 DAGs
[2024-06-08T23:51:56.694+0000] {logging_mixin.py:137} INFO - [2024-06-08T23:51:56.694+0000] {dag.py:3441} INFO - Setting next_dagrun for example_kubernetes_executor to None, run_after=None
[2024-06-08T23:51:56.707+0000] {processor.py:175} INFO - Processing /home/airflow/.local/lib/python3.7/site-packages/airflow/example_dags/example_kubernetes_executor.py took 0.085 seconds
[2024-06-08T23:52:27.516+0000] {processor.py:153} INFO - Started process (PID=2106) to work on /home/airflow/.local/lib/python3.7/site-packages/airflow/example_dags/example_kubernetes_executor.py
[2024-06-08T23:52:27.518+0000] {processor.py:743} INFO - Processing file /home/airflow/.local/lib/python3.7/site-packages/airflow/example_dags/example_kubernetes_executor.py for tasks to queue
[2024-06-08T23:52:27.519+0000] {logging_mixin.py:137} INFO - [2024-06-08T23:52:27.519+0000] {dagbag.py:538} INFO - Filling up the DagBag from /home/airflow/.local/lib/python3.7/site-packages/airflow/example_dags/example_kubernetes_executor.py
[2024-06-08T23:52:27.544+0000] {processor.py:753} INFO - DAG(s) dict_keys(['example_kubernetes_executor']) retrieved from /home/airflow/.local/lib/python3.7/site-packages/airflow/example_dags/example_kubernetes_executor.py
[2024-06-08T23:52:27.577+0000] {logging_mixin.py:137} INFO - [2024-06-08T23:52:27.576+0000] {dag.py:2690} INFO - Sync 1 DAGs
[2024-06-08T23:52:27.604+0000] {logging_mixin.py:137} INFO - [2024-06-08T23:52:27.604+0000] {dag.py:3441} INFO - Setting next_dagrun for example_kubernetes_executor to None, run_after=None
[2024-06-08T23:52:27.622+0000] {processor.py:175} INFO - Processing /home/airflow/.local/lib/python3.7/site-packages/airflow/example_dags/example_kubernetes_executor.py took 0.113 seconds
[2024-06-08T23:52:58.356+0000] {processor.py:153} INFO - Started process (PID=2156) to work on /home/airflow/.local/lib/python3.7/site-packages/airflow/example_dags/example_kubernetes_executor.py
[2024-06-08T23:52:58.357+0000] {processor.py:743} INFO - Processing file /home/airflow/.local/lib/python3.7/site-packages/airflow/example_dags/example_kubernetes_executor.py for tasks to queue
[2024-06-08T23:52:58.359+0000] {logging_mixin.py:137} INFO - [2024-06-08T23:52:58.359+0000] {dagbag.py:538} INFO - Filling up the DagBag from /home/airflow/.local/lib/python3.7/site-packages/airflow/example_dags/example_kubernetes_executor.py
[2024-06-08T23:52:58.384+0000] {processor.py:753} INFO - DAG(s) dict_keys(['example_kubernetes_executor']) retrieved from /home/airflow/.local/lib/python3.7/site-packages/airflow/example_dags/example_kubernetes_executor.py
[2024-06-08T23:52:58.412+0000] {logging_mixin.py:137} INFO - [2024-06-08T23:52:58.412+0000] {dag.py:2690} INFO - Sync 1 DAGs
[2024-06-08T23:52:58.433+0000] {logging_mixin.py:137} INFO - [2024-06-08T23:52:58.432+0000] {dag.py:3441} INFO - Setting next_dagrun for example_kubernetes_executor to None, run_after=None
[2024-06-08T23:52:58.447+0000] {processor.py:175} INFO - Processing /home/airflow/.local/lib/python3.7/site-packages/airflow/example_dags/example_kubernetes_executor.py took 0.095 seconds
[2024-06-08T23:53:29.220+0000] {processor.py:153} INFO - Started process (PID=2205) to work on /home/airflow/.local/lib/python3.7/site-packages/airflow/example_dags/example_kubernetes_executor.py
[2024-06-08T23:53:29.222+0000] {processor.py:743} INFO - Processing file /home/airflow/.local/lib/python3.7/site-packages/airflow/example_dags/example_kubernetes_executor.py for tasks to queue
[2024-06-08T23:53:29.223+0000] {logging_mixin.py:137} INFO - [2024-06-08T23:53:29.223+0000] {dagbag.py:538} INFO - Filling up the DagBag from /home/airflow/.local/lib/python3.7/site-packages/airflow/example_dags/example_kubernetes_executor.py
[2024-06-08T23:53:29.243+0000] {processor.py:753} INFO - DAG(s) dict_keys(['example_kubernetes_executor']) retrieved from /home/airflow/.local/lib/python3.7/site-packages/airflow/example_dags/example_kubernetes_executor.py
[2024-06-08T23:53:29.267+0000] {logging_mixin.py:137} INFO - [2024-06-08T23:53:29.267+0000] {dag.py:2690} INFO - Sync 1 DAGs
[2024-06-08T23:53:29.284+0000] {logging_mixin.py:137} INFO - [2024-06-08T23:53:29.283+0000] {dag.py:3441} INFO - Setting next_dagrun for example_kubernetes_executor to None, run_after=None
[2024-06-08T23:53:29.297+0000] {processor.py:175} INFO - Processing /home/airflow/.local/lib/python3.7/site-packages/airflow/example_dags/example_kubernetes_executor.py took 0.081 seconds
[2024-06-08T23:53:59.794+0000] {processor.py:153} INFO - Started process (PID=2255) to work on /home/airflow/.local/lib/python3.7/site-packages/airflow/example_dags/example_kubernetes_executor.py
[2024-06-08T23:53:59.796+0000] {processor.py:743} INFO - Processing file /home/airflow/.local/lib/python3.7/site-packages/airflow/example_dags/example_kubernetes_executor.py for tasks to queue
[2024-06-08T23:53:59.797+0000] {logging_mixin.py:137} INFO - [2024-06-08T23:53:59.797+0000] {dagbag.py:538} INFO - Filling up the DagBag from /home/airflow/.local/lib/python3.7/site-packages/airflow/example_dags/example_kubernetes_executor.py
[2024-06-08T23:53:59.818+0000] {processor.py:753} INFO - DAG(s) dict_keys(['example_kubernetes_executor']) retrieved from /home/airflow/.local/lib/python3.7/site-packages/airflow/example_dags/example_kubernetes_executor.py
[2024-06-08T23:53:59.843+0000] {logging_mixin.py:137} INFO - [2024-06-08T23:53:59.843+0000] {dag.py:2690} INFO - Sync 1 DAGs
[2024-06-08T23:53:59.859+0000] {logging_mixin.py:137} INFO - [2024-06-08T23:53:59.859+0000] {dag.py:3441} INFO - Setting next_dagrun for example_kubernetes_executor to None, run_after=None
[2024-06-08T23:53:59.872+0000] {processor.py:175} INFO - Processing /home/airflow/.local/lib/python3.7/site-packages/airflow/example_dags/example_kubernetes_executor.py took 0.081 seconds
[2024-06-08T23:54:30.285+0000] {processor.py:153} INFO - Started process (PID=2305) to work on /home/airflow/.local/lib/python3.7/site-packages/airflow/example_dags/example_kubernetes_executor.py
[2024-06-08T23:54:30.287+0000] {processor.py:743} INFO - Processing file /home/airflow/.local/lib/python3.7/site-packages/airflow/example_dags/example_kubernetes_executor.py for tasks to queue
[2024-06-08T23:54:30.288+0000] {logging_mixin.py:137} INFO - [2024-06-08T23:54:30.288+0000] {dagbag.py:538} INFO - Filling up the DagBag from /home/airflow/.local/lib/python3.7/site-packages/airflow/example_dags/example_kubernetes_executor.py
[2024-06-08T23:54:30.310+0000] {processor.py:753} INFO - DAG(s) dict_keys(['example_kubernetes_executor']) retrieved from /home/airflow/.local/lib/python3.7/site-packages/airflow/example_dags/example_kubernetes_executor.py
[2024-06-08T23:54:30.334+0000] {logging_mixin.py:137} INFO - [2024-06-08T23:54:30.334+0000] {dag.py:2690} INFO - Sync 1 DAGs
[2024-06-08T23:54:30.351+0000] {logging_mixin.py:137} INFO - [2024-06-08T23:54:30.351+0000] {dag.py:3441} INFO - Setting next_dagrun for example_kubernetes_executor to None, run_after=None
[2024-06-08T23:54:30.363+0000] {processor.py:175} INFO - Processing /home/airflow/.local/lib/python3.7/site-packages/airflow/example_dags/example_kubernetes_executor.py took 0.080 seconds
[2024-06-08T23:55:00.755+0000] {processor.py:153} INFO - Started process (PID=2355) to work on /home/airflow/.local/lib/python3.7/site-packages/airflow/example_dags/example_kubernetes_executor.py
[2024-06-08T23:55:00.756+0000] {processor.py:743} INFO - Processing file /home/airflow/.local/lib/python3.7/site-packages/airflow/example_dags/example_kubernetes_executor.py for tasks to queue
[2024-06-08T23:55:00.757+0000] {logging_mixin.py:137} INFO - [2024-06-08T23:55:00.757+0000] {dagbag.py:538} INFO - Filling up the DagBag from /home/airflow/.local/lib/python3.7/site-packages/airflow/example_dags/example_kubernetes_executor.py
[2024-06-08T23:55:00.777+0000] {processor.py:753} INFO - DAG(s) dict_keys(['example_kubernetes_executor']) retrieved from /home/airflow/.local/lib/python3.7/site-packages/airflow/example_dags/example_kubernetes_executor.py
[2024-06-08T23:55:00.802+0000] {logging_mixin.py:137} INFO - [2024-06-08T23:55:00.801+0000] {dag.py:2690} INFO - Sync 1 DAGs
[2024-06-08T23:55:00.820+0000] {logging_mixin.py:137} INFO - [2024-06-08T23:55:00.820+0000] {dag.py:3441} INFO - Setting next_dagrun for example_kubernetes_executor to None, run_after=None
[2024-06-08T23:55:00.833+0000] {processor.py:175} INFO - Processing /home/airflow/.local/lib/python3.7/site-packages/airflow/example_dags/example_kubernetes_executor.py took 0.082 seconds
[2024-06-08T23:55:31.104+0000] {processor.py:153} INFO - Started process (PID=2404) to work on /home/airflow/.local/lib/python3.7/site-packages/airflow/example_dags/example_kubernetes_executor.py
[2024-06-08T23:55:31.105+0000] {processor.py:743} INFO - Processing file /home/airflow/.local/lib/python3.7/site-packages/airflow/example_dags/example_kubernetes_executor.py for tasks to queue
[2024-06-08T23:55:31.106+0000] {logging_mixin.py:137} INFO - [2024-06-08T23:55:31.106+0000] {dagbag.py:538} INFO - Filling up the DagBag from /home/airflow/.local/lib/python3.7/site-packages/airflow/example_dags/example_kubernetes_executor.py
[2024-06-08T23:55:31.126+0000] {processor.py:753} INFO - DAG(s) dict_keys(['example_kubernetes_executor']) retrieved from /home/airflow/.local/lib/python3.7/site-packages/airflow/example_dags/example_kubernetes_executor.py
[2024-06-08T23:55:31.149+0000] {logging_mixin.py:137} INFO - [2024-06-08T23:55:31.149+0000] {dag.py:2690} INFO - Sync 1 DAGs
[2024-06-08T23:55:31.165+0000] {logging_mixin.py:137} INFO - [2024-06-08T23:55:31.165+0000] {dag.py:3441} INFO - Setting next_dagrun for example_kubernetes_executor to None, run_after=None
[2024-06-08T23:55:31.178+0000] {processor.py:175} INFO - Processing /home/airflow/.local/lib/python3.7/site-packages/airflow/example_dags/example_kubernetes_executor.py took 0.077 seconds
[2024-06-08T23:56:01.516+0000] {processor.py:153} INFO - Started process (PID=2454) to work on /home/airflow/.local/lib/python3.7/site-packages/airflow/example_dags/example_kubernetes_executor.py
[2024-06-08T23:56:01.518+0000] {processor.py:743} INFO - Processing file /home/airflow/.local/lib/python3.7/site-packages/airflow/example_dags/example_kubernetes_executor.py for tasks to queue
[2024-06-08T23:56:01.519+0000] {logging_mixin.py:137} INFO - [2024-06-08T23:56:01.519+0000] {dagbag.py:538} INFO - Filling up the DagBag from /home/airflow/.local/lib/python3.7/site-packages/airflow/example_dags/example_kubernetes_executor.py
[2024-06-08T23:56:01.540+0000] {processor.py:753} INFO - DAG(s) dict_keys(['example_kubernetes_executor']) retrieved from /home/airflow/.local/lib/python3.7/site-packages/airflow/example_dags/example_kubernetes_executor.py
[2024-06-08T23:56:01.563+0000] {logging_mixin.py:137} INFO - [2024-06-08T23:56:01.563+0000] {dag.py:2690} INFO - Sync 1 DAGs
[2024-06-08T23:56:01.580+0000] {logging_mixin.py:137} INFO - [2024-06-08T23:56:01.579+0000] {dag.py:3441} INFO - Setting next_dagrun for example_kubernetes_executor to None, run_after=None
[2024-06-08T23:56:01.591+0000] {processor.py:175} INFO - Processing /home/airflow/.local/lib/python3.7/site-packages/airflow/example_dags/example_kubernetes_executor.py took 0.077 seconds
[2024-06-08T23:56:32.025+0000] {processor.py:153} INFO - Started process (PID=2504) to work on /home/airflow/.local/lib/python3.7/site-packages/airflow/example_dags/example_kubernetes_executor.py
[2024-06-08T23:56:32.026+0000] {processor.py:743} INFO - Processing file /home/airflow/.local/lib/python3.7/site-packages/airflow/example_dags/example_kubernetes_executor.py for tasks to queue
[2024-06-08T23:56:32.027+0000] {logging_mixin.py:137} INFO - [2024-06-08T23:56:32.027+0000] {dagbag.py:538} INFO - Filling up the DagBag from /home/airflow/.local/lib/python3.7/site-packages/airflow/example_dags/example_kubernetes_executor.py
[2024-06-08T23:56:32.046+0000] {processor.py:753} INFO - DAG(s) dict_keys(['example_kubernetes_executor']) retrieved from /home/airflow/.local/lib/python3.7/site-packages/airflow/example_dags/example_kubernetes_executor.py
[2024-06-08T23:56:32.070+0000] {logging_mixin.py:137} INFO - [2024-06-08T23:56:32.070+0000] {dag.py:2690} INFO - Sync 1 DAGs
[2024-06-08T23:56:32.087+0000] {logging_mixin.py:137} INFO - [2024-06-08T23:56:32.087+0000] {dag.py:3441} INFO - Setting next_dagrun for example_kubernetes_executor to None, run_after=None
[2024-06-08T23:56:32.100+0000] {processor.py:175} INFO - Processing /home/airflow/.local/lib/python3.7/site-packages/airflow/example_dags/example_kubernetes_executor.py took 0.078 seconds
[2024-06-08T23:57:02.375+0000] {processor.py:153} INFO - Started process (PID=2554) to work on /home/airflow/.local/lib/python3.7/site-packages/airflow/example_dags/example_kubernetes_executor.py
[2024-06-08T23:57:02.377+0000] {processor.py:743} INFO - Processing file /home/airflow/.local/lib/python3.7/site-packages/airflow/example_dags/example_kubernetes_executor.py for tasks to queue
[2024-06-08T23:57:02.377+0000] {logging_mixin.py:137} INFO - [2024-06-08T23:57:02.377+0000] {dagbag.py:538} INFO - Filling up the DagBag from /home/airflow/.local/lib/python3.7/site-packages/airflow/example_dags/example_kubernetes_executor.py
[2024-06-08T23:57:02.397+0000] {processor.py:753} INFO - DAG(s) dict_keys(['example_kubernetes_executor']) retrieved from /home/airflow/.local/lib/python3.7/site-packages/airflow/example_dags/example_kubernetes_executor.py
[2024-06-08T23:57:02.423+0000] {logging_mixin.py:137} INFO - [2024-06-08T23:57:02.423+0000] {dag.py:2690} INFO - Sync 1 DAGs
[2024-06-08T23:57:02.440+0000] {logging_mixin.py:137} INFO - [2024-06-08T23:57:02.440+0000] {dag.py:3441} INFO - Setting next_dagrun for example_kubernetes_executor to None, run_after=None
[2024-06-08T23:57:02.453+0000] {processor.py:175} INFO - Processing /home/airflow/.local/lib/python3.7/site-packages/airflow/example_dags/example_kubernetes_executor.py took 0.081 seconds
[2024-06-08T23:57:32.943+0000] {processor.py:153} INFO - Started process (PID=2611) to work on /home/airflow/.local/lib/python3.7/site-packages/airflow/example_dags/example_kubernetes_executor.py
[2024-06-08T23:57:32.944+0000] {processor.py:743} INFO - Processing file /home/airflow/.local/lib/python3.7/site-packages/airflow/example_dags/example_kubernetes_executor.py for tasks to queue
[2024-06-08T23:57:32.945+0000] {logging_mixin.py:137} INFO - [2024-06-08T23:57:32.945+0000] {dagbag.py:538} INFO - Filling up the DagBag from /home/airflow/.local/lib/python3.7/site-packages/airflow/example_dags/example_kubernetes_executor.py
[2024-06-08T23:57:32.968+0000] {processor.py:753} INFO - DAG(s) dict_keys(['example_kubernetes_executor']) retrieved from /home/airflow/.local/lib/python3.7/site-packages/airflow/example_dags/example_kubernetes_executor.py
[2024-06-08T23:57:32.993+0000] {logging_mixin.py:137} INFO - [2024-06-08T23:57:32.993+0000] {dag.py:2690} INFO - Sync 1 DAGs
[2024-06-08T23:57:33.009+0000] {logging_mixin.py:137} INFO - [2024-06-08T23:57:33.009+0000] {dag.py:3441} INFO - Setting next_dagrun for example_kubernetes_executor to None, run_after=None
[2024-06-08T23:57:33.022+0000] {processor.py:175} INFO - Processing /home/airflow/.local/lib/python3.7/site-packages/airflow/example_dags/example_kubernetes_executor.py took 0.083 seconds
[2024-06-08T23:58:03.390+0000] {processor.py:153} INFO - Started process (PID=2661) to work on /home/airflow/.local/lib/python3.7/site-packages/airflow/example_dags/example_kubernetes_executor.py
[2024-06-08T23:58:03.391+0000] {processor.py:743} INFO - Processing file /home/airflow/.local/lib/python3.7/site-packages/airflow/example_dags/example_kubernetes_executor.py for tasks to queue
[2024-06-08T23:58:03.392+0000] {logging_mixin.py:137} INFO - [2024-06-08T23:58:03.392+0000] {dagbag.py:538} INFO - Filling up the DagBag from /home/airflow/.local/lib/python3.7/site-packages/airflow/example_dags/example_kubernetes_executor.py
[2024-06-08T23:58:03.412+0000] {processor.py:753} INFO - DAG(s) dict_keys(['example_kubernetes_executor']) retrieved from /home/airflow/.local/lib/python3.7/site-packages/airflow/example_dags/example_kubernetes_executor.py
[2024-06-08T23:58:03.436+0000] {logging_mixin.py:137} INFO - [2024-06-08T23:58:03.436+0000] {dag.py:2690} INFO - Sync 1 DAGs
[2024-06-08T23:58:03.452+0000] {logging_mixin.py:137} INFO - [2024-06-08T23:58:03.451+0000] {dag.py:3441} INFO - Setting next_dagrun for example_kubernetes_executor to None, run_after=None
[2024-06-08T23:58:03.465+0000] {processor.py:175} INFO - Processing /home/airflow/.local/lib/python3.7/site-packages/airflow/example_dags/example_kubernetes_executor.py took 0.078 seconds
[2024-06-08T23:58:34.185+0000] {processor.py:153} INFO - Started process (PID=2711) to work on /home/airflow/.local/lib/python3.7/site-packages/airflow/example_dags/example_kubernetes_executor.py
[2024-06-08T23:58:34.187+0000] {processor.py:743} INFO - Processing file /home/airflow/.local/lib/python3.7/site-packages/airflow/example_dags/example_kubernetes_executor.py for tasks to queue
[2024-06-08T23:58:34.188+0000] {logging_mixin.py:137} INFO - [2024-06-08T23:58:34.188+0000] {dagbag.py:538} INFO - Filling up the DagBag from /home/airflow/.local/lib/python3.7/site-packages/airflow/example_dags/example_kubernetes_executor.py
[2024-06-08T23:58:34.210+0000] {processor.py:753} INFO - DAG(s) dict_keys(['example_kubernetes_executor']) retrieved from /home/airflow/.local/lib/python3.7/site-packages/airflow/example_dags/example_kubernetes_executor.py
[2024-06-08T23:58:34.237+0000] {logging_mixin.py:137} INFO - [2024-06-08T23:58:34.237+0000] {dag.py:2690} INFO - Sync 1 DAGs
[2024-06-08T23:58:34.254+0000] {logging_mixin.py:137} INFO - [2024-06-08T23:58:34.254+0000] {dag.py:3441} INFO - Setting next_dagrun for example_kubernetes_executor to None, run_after=None
[2024-06-08T23:58:34.268+0000] {processor.py:175} INFO - Processing /home/airflow/.local/lib/python3.7/site-packages/airflow/example_dags/example_kubernetes_executor.py took 0.086 seconds
[2024-06-08T23:59:04.993+0000] {processor.py:153} INFO - Started process (PID=2761) to work on /home/airflow/.local/lib/python3.7/site-packages/airflow/example_dags/example_kubernetes_executor.py
[2024-06-08T23:59:04.995+0000] {processor.py:743} INFO - Processing file /home/airflow/.local/lib/python3.7/site-packages/airflow/example_dags/example_kubernetes_executor.py for tasks to queue
[2024-06-08T23:59:04.995+0000] {logging_mixin.py:137} INFO - [2024-06-08T23:59:04.995+0000] {dagbag.py:538} INFO - Filling up the DagBag from /home/airflow/.local/lib/python3.7/site-packages/airflow/example_dags/example_kubernetes_executor.py
[2024-06-08T23:59:05.017+0000] {processor.py:753} INFO - DAG(s) dict_keys(['example_kubernetes_executor']) retrieved from /home/airflow/.local/lib/python3.7/site-packages/airflow/example_dags/example_kubernetes_executor.py
[2024-06-08T23:59:05.041+0000] {logging_mixin.py:137} INFO - [2024-06-08T23:59:05.041+0000] {dag.py:2690} INFO - Sync 1 DAGs
[2024-06-08T23:59:05.057+0000] {logging_mixin.py:137} INFO - [2024-06-08T23:59:05.057+0000] {dag.py:3441} INFO - Setting next_dagrun for example_kubernetes_executor to None, run_after=None
[2024-06-08T23:59:05.070+0000] {processor.py:175} INFO - Processing /home/airflow/.local/lib/python3.7/site-packages/airflow/example_dags/example_kubernetes_executor.py took 0.080 seconds
[2024-06-08T23:59:35.421+0000] {processor.py:153} INFO - Started process (PID=2811) to work on /home/airflow/.local/lib/python3.7/site-packages/airflow/example_dags/example_kubernetes_executor.py
[2024-06-08T23:59:35.423+0000] {processor.py:743} INFO - Processing file /home/airflow/.local/lib/python3.7/site-packages/airflow/example_dags/example_kubernetes_executor.py for tasks to queue
[2024-06-08T23:59:35.424+0000] {logging_mixin.py:137} INFO - [2024-06-08T23:59:35.424+0000] {dagbag.py:538} INFO - Filling up the DagBag from /home/airflow/.local/lib/python3.7/site-packages/airflow/example_dags/example_kubernetes_executor.py
[2024-06-08T23:59:35.443+0000] {processor.py:753} INFO - DAG(s) dict_keys(['example_kubernetes_executor']) retrieved from /home/airflow/.local/lib/python3.7/site-packages/airflow/example_dags/example_kubernetes_executor.py
[2024-06-08T23:59:35.467+0000] {logging_mixin.py:137} INFO - [2024-06-08T23:59:35.467+0000] {dag.py:2690} INFO - Sync 1 DAGs
[2024-06-08T23:59:35.483+0000] {logging_mixin.py:137} INFO - [2024-06-08T23:59:35.483+0000] {dag.py:3441} INFO - Setting next_dagrun for example_kubernetes_executor to None, run_after=None
[2024-06-08T23:59:35.495+0000] {processor.py:175} INFO - Processing /home/airflow/.local/lib/python3.7/site-packages/airflow/example_dags/example_kubernetes_executor.py took 0.076 seconds
