[2024-06-08T23:31:36.674+0000] {processor.py:153} INFO - Started process (PID=66) to work on /home/airflow/.local/lib/python3.7/site-packages/airflow/example_dags/example_xcomargs.py
[2024-06-08T23:31:36.676+0000] {processor.py:743} INFO - Processing file /home/airflow/.local/lib/python3.7/site-packages/airflow/example_dags/example_xcomargs.py for tasks to queue
[2024-06-08T23:31:36.677+0000] {logging_mixin.py:137} INFO - [2024-06-08T23:31:36.677+0000] {dagbag.py:538} INFO - Filling up the DagBag from /home/airflow/.local/lib/python3.7/site-packages/airflow/example_dags/example_xcomargs.py
[2024-06-08T23:31:36.714+0000] {processor.py:753} INFO - DAG(s) dict_keys(['example_xcom_args', 'example_xcom_args_with_operators']) retrieved from /home/airflow/.local/lib/python3.7/site-packages/airflow/example_dags/example_xcomargs.py
[2024-06-08T23:31:36.740+0000] {logging_mixin.py:137} INFO - [2024-06-08T23:31:36.740+0000] {dag.py:2690} INFO - Sync 2 DAGs
[2024-06-08T23:31:36.761+0000] {logging_mixin.py:137} INFO - [2024-06-08T23:31:36.761+0000] {dag.py:3441} INFO - Setting next_dagrun for example_xcom_args to None, run_after=None
[2024-06-08T23:31:36.764+0000] {logging_mixin.py:137} INFO - [2024-06-08T23:31:36.764+0000] {dag.py:3441} INFO - Setting next_dagrun for example_xcom_args_with_operators to None, run_after=None
[2024-06-08T23:31:36.776+0000] {processor.py:175} INFO - Processing /home/airflow/.local/lib/python3.7/site-packages/airflow/example_dags/example_xcomargs.py took 0.106 seconds
[2024-06-08T23:32:07.272+0000] {processor.py:153} INFO - Started process (PID=116) to work on /home/airflow/.local/lib/python3.7/site-packages/airflow/example_dags/example_xcomargs.py
[2024-06-08T23:32:07.273+0000] {processor.py:743} INFO - Processing file /home/airflow/.local/lib/python3.7/site-packages/airflow/example_dags/example_xcomargs.py for tasks to queue
[2024-06-08T23:32:07.274+0000] {logging_mixin.py:137} INFO - [2024-06-08T23:32:07.274+0000] {dagbag.py:538} INFO - Filling up the DagBag from /home/airflow/.local/lib/python3.7/site-packages/airflow/example_dags/example_xcomargs.py
[2024-06-08T23:32:07.290+0000] {processor.py:753} INFO - DAG(s) dict_keys(['example_xcom_args_with_operators', 'example_xcom_args']) retrieved from /home/airflow/.local/lib/python3.7/site-packages/airflow/example_dags/example_xcomargs.py
[2024-06-08T23:32:07.313+0000] {logging_mixin.py:137} INFO - [2024-06-08T23:32:07.313+0000] {dag.py:2690} INFO - Sync 2 DAGs
[2024-06-08T23:32:07.330+0000] {logging_mixin.py:137} INFO - [2024-06-08T23:32:07.330+0000] {dag.py:3441} INFO - Setting next_dagrun for example_xcom_args to None, run_after=None
[2024-06-08T23:32:07.333+0000] {logging_mixin.py:137} INFO - [2024-06-08T23:32:07.333+0000] {dag.py:3441} INFO - Setting next_dagrun for example_xcom_args_with_operators to None, run_after=None
[2024-06-08T23:32:07.346+0000] {processor.py:175} INFO - Processing /home/airflow/.local/lib/python3.7/site-packages/airflow/example_dags/example_xcomargs.py took 0.077 seconds
[2024-06-08T23:32:37.549+0000] {processor.py:153} INFO - Started process (PID=166) to work on /home/airflow/.local/lib/python3.7/site-packages/airflow/example_dags/example_xcomargs.py
[2024-06-08T23:32:37.551+0000] {processor.py:743} INFO - Processing file /home/airflow/.local/lib/python3.7/site-packages/airflow/example_dags/example_xcomargs.py for tasks to queue
[2024-06-08T23:32:37.552+0000] {logging_mixin.py:137} INFO - [2024-06-08T23:32:37.552+0000] {dagbag.py:538} INFO - Filling up the DagBag from /home/airflow/.local/lib/python3.7/site-packages/airflow/example_dags/example_xcomargs.py
[2024-06-08T23:32:37.572+0000] {processor.py:753} INFO - DAG(s) dict_keys(['example_xcom_args', 'example_xcom_args_with_operators']) retrieved from /home/airflow/.local/lib/python3.7/site-packages/airflow/example_dags/example_xcomargs.py
[2024-06-08T23:32:37.601+0000] {logging_mixin.py:137} INFO - [2024-06-08T23:32:37.601+0000] {dag.py:2690} INFO - Sync 2 DAGs
[2024-06-08T23:32:37.618+0000] {logging_mixin.py:137} INFO - [2024-06-08T23:32:37.618+0000] {dag.py:3441} INFO - Setting next_dagrun for example_xcom_args to None, run_after=None
[2024-06-08T23:32:37.621+0000] {logging_mixin.py:137} INFO - [2024-06-08T23:32:37.621+0000] {dag.py:3441} INFO - Setting next_dagrun for example_xcom_args_with_operators to None, run_after=None
[2024-06-08T23:32:37.633+0000] {processor.py:175} INFO - Processing /home/airflow/.local/lib/python3.7/site-packages/airflow/example_dags/example_xcomargs.py took 0.087 seconds
[2024-06-08T23:33:07.860+0000] {processor.py:153} INFO - Started process (PID=216) to work on /home/airflow/.local/lib/python3.7/site-packages/airflow/example_dags/example_xcomargs.py
[2024-06-08T23:33:07.862+0000] {processor.py:743} INFO - Processing file /home/airflow/.local/lib/python3.7/site-packages/airflow/example_dags/example_xcomargs.py for tasks to queue
[2024-06-08T23:33:07.862+0000] {logging_mixin.py:137} INFO - [2024-06-08T23:33:07.862+0000] {dagbag.py:538} INFO - Filling up the DagBag from /home/airflow/.local/lib/python3.7/site-packages/airflow/example_dags/example_xcomargs.py
[2024-06-08T23:33:07.880+0000] {processor.py:753} INFO - DAG(s) dict_keys(['example_xcom_args', 'example_xcom_args_with_operators']) retrieved from /home/airflow/.local/lib/python3.7/site-packages/airflow/example_dags/example_xcomargs.py
[2024-06-08T23:33:07.902+0000] {logging_mixin.py:137} INFO - [2024-06-08T23:33:07.902+0000] {dag.py:2690} INFO - Sync 2 DAGs
[2024-06-08T23:33:07.919+0000] {logging_mixin.py:137} INFO - [2024-06-08T23:33:07.919+0000] {dag.py:3441} INFO - Setting next_dagrun for example_xcom_args to None, run_after=None
[2024-06-08T23:33:07.922+0000] {logging_mixin.py:137} INFO - [2024-06-08T23:33:07.922+0000] {dag.py:3441} INFO - Setting next_dagrun for example_xcom_args_with_operators to None, run_after=None
[2024-06-08T23:33:07.936+0000] {processor.py:175} INFO - Processing /home/airflow/.local/lib/python3.7/site-packages/airflow/example_dags/example_xcomargs.py took 0.078 seconds
[2024-06-08T23:33:38.140+0000] {processor.py:153} INFO - Started process (PID=267) to work on /home/airflow/.local/lib/python3.7/site-packages/airflow/example_dags/example_xcomargs.py
[2024-06-08T23:33:38.142+0000] {processor.py:743} INFO - Processing file /home/airflow/.local/lib/python3.7/site-packages/airflow/example_dags/example_xcomargs.py for tasks to queue
[2024-06-08T23:33:38.142+0000] {logging_mixin.py:137} INFO - [2024-06-08T23:33:38.142+0000] {dagbag.py:538} INFO - Filling up the DagBag from /home/airflow/.local/lib/python3.7/site-packages/airflow/example_dags/example_xcomargs.py
[2024-06-08T23:33:38.158+0000] {processor.py:753} INFO - DAG(s) dict_keys(['example_xcom_args_with_operators', 'example_xcom_args']) retrieved from /home/airflow/.local/lib/python3.7/site-packages/airflow/example_dags/example_xcomargs.py
[2024-06-08T23:33:38.180+0000] {logging_mixin.py:137} INFO - [2024-06-08T23:33:38.180+0000] {dag.py:2690} INFO - Sync 2 DAGs
[2024-06-08T23:33:38.196+0000] {logging_mixin.py:137} INFO - [2024-06-08T23:33:38.196+0000] {dag.py:3441} INFO - Setting next_dagrun for example_xcom_args to None, run_after=None
[2024-06-08T23:33:38.198+0000] {logging_mixin.py:137} INFO - [2024-06-08T23:33:38.198+0000] {dag.py:3441} INFO - Setting next_dagrun for example_xcom_args_with_operators to None, run_after=None
[2024-06-08T23:33:38.208+0000] {processor.py:175} INFO - Processing /home/airflow/.local/lib/python3.7/site-packages/airflow/example_dags/example_xcomargs.py took 0.070 seconds
[2024-06-08T23:34:08.618+0000] {processor.py:153} INFO - Started process (PID=316) to work on /home/airflow/.local/lib/python3.7/site-packages/airflow/example_dags/example_xcomargs.py
[2024-06-08T23:34:08.620+0000] {processor.py:743} INFO - Processing file /home/airflow/.local/lib/python3.7/site-packages/airflow/example_dags/example_xcomargs.py for tasks to queue
[2024-06-08T23:34:08.621+0000] {logging_mixin.py:137} INFO - [2024-06-08T23:34:08.621+0000] {dagbag.py:538} INFO - Filling up the DagBag from /home/airflow/.local/lib/python3.7/site-packages/airflow/example_dags/example_xcomargs.py
[2024-06-08T23:34:08.639+0000] {processor.py:753} INFO - DAG(s) dict_keys(['example_xcom_args', 'example_xcom_args_with_operators']) retrieved from /home/airflow/.local/lib/python3.7/site-packages/airflow/example_dags/example_xcomargs.py
[2024-06-08T23:34:08.667+0000] {logging_mixin.py:137} INFO - [2024-06-08T23:34:08.667+0000] {dag.py:2690} INFO - Sync 2 DAGs
[2024-06-08T23:34:08.686+0000] {logging_mixin.py:137} INFO - [2024-06-08T23:34:08.686+0000] {dag.py:3441} INFO - Setting next_dagrun for example_xcom_args to None, run_after=None
[2024-06-08T23:34:08.689+0000] {logging_mixin.py:137} INFO - [2024-06-08T23:34:08.689+0000] {dag.py:3441} INFO - Setting next_dagrun for example_xcom_args_with_operators to None, run_after=None
[2024-06-08T23:34:08.703+0000] {processor.py:175} INFO - Processing /home/airflow/.local/lib/python3.7/site-packages/airflow/example_dags/example_xcomargs.py took 0.088 seconds
[2024-06-08T23:34:39.438+0000] {processor.py:153} INFO - Started process (PID=366) to work on /home/airflow/.local/lib/python3.7/site-packages/airflow/example_dags/example_xcomargs.py
[2024-06-08T23:34:39.439+0000] {processor.py:743} INFO - Processing file /home/airflow/.local/lib/python3.7/site-packages/airflow/example_dags/example_xcomargs.py for tasks to queue
[2024-06-08T23:34:39.440+0000] {logging_mixin.py:137} INFO - [2024-06-08T23:34:39.440+0000] {dagbag.py:538} INFO - Filling up the DagBag from /home/airflow/.local/lib/python3.7/site-packages/airflow/example_dags/example_xcomargs.py
[2024-06-08T23:34:39.457+0000] {processor.py:753} INFO - DAG(s) dict_keys(['example_xcom_args', 'example_xcom_args_with_operators']) retrieved from /home/airflow/.local/lib/python3.7/site-packages/airflow/example_dags/example_xcomargs.py
[2024-06-08T23:34:39.483+0000] {logging_mixin.py:137} INFO - [2024-06-08T23:34:39.483+0000] {dag.py:2690} INFO - Sync 2 DAGs
[2024-06-08T23:34:39.500+0000] {logging_mixin.py:137} INFO - [2024-06-08T23:34:39.500+0000] {dag.py:3441} INFO - Setting next_dagrun for example_xcom_args to None, run_after=None
[2024-06-08T23:34:39.504+0000] {logging_mixin.py:137} INFO - [2024-06-08T23:34:39.503+0000] {dag.py:3441} INFO - Setting next_dagrun for example_xcom_args_with_operators to None, run_after=None
[2024-06-08T23:34:39.515+0000] {processor.py:175} INFO - Processing /home/airflow/.local/lib/python3.7/site-packages/airflow/example_dags/example_xcomargs.py took 0.080 seconds
[2024-06-08T23:35:09.903+0000] {processor.py:153} INFO - Started process (PID=416) to work on /home/airflow/.local/lib/python3.7/site-packages/airflow/example_dags/example_xcomargs.py
[2024-06-08T23:35:09.905+0000] {processor.py:743} INFO - Processing file /home/airflow/.local/lib/python3.7/site-packages/airflow/example_dags/example_xcomargs.py for tasks to queue
[2024-06-08T23:35:09.906+0000] {logging_mixin.py:137} INFO - [2024-06-08T23:35:09.905+0000] {dagbag.py:538} INFO - Filling up the DagBag from /home/airflow/.local/lib/python3.7/site-packages/airflow/example_dags/example_xcomargs.py
[2024-06-08T23:35:09.922+0000] {processor.py:753} INFO - DAG(s) dict_keys(['example_xcom_args_with_operators', 'example_xcom_args']) retrieved from /home/airflow/.local/lib/python3.7/site-packages/airflow/example_dags/example_xcomargs.py
[2024-06-08T23:35:09.952+0000] {logging_mixin.py:137} INFO - [2024-06-08T23:35:09.952+0000] {dag.py:2690} INFO - Sync 2 DAGs
[2024-06-08T23:35:09.971+0000] {logging_mixin.py:137} INFO - [2024-06-08T23:35:09.971+0000] {dag.py:3441} INFO - Setting next_dagrun for example_xcom_args to None, run_after=None
[2024-06-08T23:35:09.973+0000] {logging_mixin.py:137} INFO - [2024-06-08T23:35:09.973+0000] {dag.py:3441} INFO - Setting next_dagrun for example_xcom_args_with_operators to None, run_after=None
[2024-06-08T23:35:09.984+0000] {processor.py:175} INFO - Processing /home/airflow/.local/lib/python3.7/site-packages/airflow/example_dags/example_xcomargs.py took 0.084 seconds
[2024-06-08T23:35:40.485+0000] {processor.py:153} INFO - Started process (PID=466) to work on /home/airflow/.local/lib/python3.7/site-packages/airflow/example_dags/example_xcomargs.py
[2024-06-08T23:35:40.487+0000] {processor.py:743} INFO - Processing file /home/airflow/.local/lib/python3.7/site-packages/airflow/example_dags/example_xcomargs.py for tasks to queue
[2024-06-08T23:35:40.488+0000] {logging_mixin.py:137} INFO - [2024-06-08T23:35:40.488+0000] {dagbag.py:538} INFO - Filling up the DagBag from /home/airflow/.local/lib/python3.7/site-packages/airflow/example_dags/example_xcomargs.py
[2024-06-08T23:35:40.507+0000] {processor.py:753} INFO - DAG(s) dict_keys(['example_xcom_args_with_operators', 'example_xcom_args']) retrieved from /home/airflow/.local/lib/python3.7/site-packages/airflow/example_dags/example_xcomargs.py
[2024-06-08T23:35:40.533+0000] {logging_mixin.py:137} INFO - [2024-06-08T23:35:40.533+0000] {dag.py:2690} INFO - Sync 2 DAGs
[2024-06-08T23:35:40.552+0000] {logging_mixin.py:137} INFO - [2024-06-08T23:35:40.551+0000] {dag.py:3441} INFO - Setting next_dagrun for example_xcom_args to None, run_after=None
[2024-06-08T23:35:40.554+0000] {logging_mixin.py:137} INFO - [2024-06-08T23:35:40.554+0000] {dag.py:3441} INFO - Setting next_dagrun for example_xcom_args_with_operators to None, run_after=None
[2024-06-08T23:35:40.566+0000] {processor.py:175} INFO - Processing /home/airflow/.local/lib/python3.7/site-packages/airflow/example_dags/example_xcomargs.py took 0.085 seconds
[2024-06-08T23:36:10.944+0000] {processor.py:153} INFO - Started process (PID=516) to work on /home/airflow/.local/lib/python3.7/site-packages/airflow/example_dags/example_xcomargs.py
[2024-06-08T23:36:10.946+0000] {processor.py:743} INFO - Processing file /home/airflow/.local/lib/python3.7/site-packages/airflow/example_dags/example_xcomargs.py for tasks to queue
[2024-06-08T23:36:10.947+0000] {logging_mixin.py:137} INFO - [2024-06-08T23:36:10.947+0000] {dagbag.py:538} INFO - Filling up the DagBag from /home/airflow/.local/lib/python3.7/site-packages/airflow/example_dags/example_xcomargs.py
[2024-06-08T23:36:10.965+0000] {processor.py:753} INFO - DAG(s) dict_keys(['example_xcom_args', 'example_xcom_args_with_operators']) retrieved from /home/airflow/.local/lib/python3.7/site-packages/airflow/example_dags/example_xcomargs.py
[2024-06-08T23:36:10.988+0000] {logging_mixin.py:137} INFO - [2024-06-08T23:36:10.988+0000] {dag.py:2690} INFO - Sync 2 DAGs
[2024-06-08T23:36:11.004+0000] {logging_mixin.py:137} INFO - [2024-06-08T23:36:11.004+0000] {dag.py:3441} INFO - Setting next_dagrun for example_xcom_args to None, run_after=None
[2024-06-08T23:36:11.008+0000] {logging_mixin.py:137} INFO - [2024-06-08T23:36:11.008+0000] {dag.py:3441} INFO - Setting next_dagrun for example_xcom_args_with_operators to None, run_after=None
[2024-06-08T23:36:11.021+0000] {processor.py:175} INFO - Processing /home/airflow/.local/lib/python3.7/site-packages/airflow/example_dags/example_xcomargs.py took 0.080 seconds
[2024-06-08T23:36:41.841+0000] {processor.py:153} INFO - Started process (PID=566) to work on /home/airflow/.local/lib/python3.7/site-packages/airflow/example_dags/example_xcomargs.py
[2024-06-08T23:36:41.845+0000] {processor.py:743} INFO - Processing file /home/airflow/.local/lib/python3.7/site-packages/airflow/example_dags/example_xcomargs.py for tasks to queue
[2024-06-08T23:36:41.846+0000] {logging_mixin.py:137} INFO - [2024-06-08T23:36:41.846+0000] {dagbag.py:538} INFO - Filling up the DagBag from /home/airflow/.local/lib/python3.7/site-packages/airflow/example_dags/example_xcomargs.py
[2024-06-08T23:36:41.862+0000] {processor.py:753} INFO - DAG(s) dict_keys(['example_xcom_args', 'example_xcom_args_with_operators']) retrieved from /home/airflow/.local/lib/python3.7/site-packages/airflow/example_dags/example_xcomargs.py
[2024-06-08T23:36:41.886+0000] {logging_mixin.py:137} INFO - [2024-06-08T23:36:41.886+0000] {dag.py:2690} INFO - Sync 2 DAGs
[2024-06-08T23:36:41.904+0000] {logging_mixin.py:137} INFO - [2024-06-08T23:36:41.904+0000] {dag.py:3441} INFO - Setting next_dagrun for example_xcom_args to None, run_after=None
[2024-06-08T23:36:41.907+0000] {logging_mixin.py:137} INFO - [2024-06-08T23:36:41.907+0000] {dag.py:3441} INFO - Setting next_dagrun for example_xcom_args_with_operators to None, run_after=None
[2024-06-08T23:36:41.919+0000] {processor.py:175} INFO - Processing /home/airflow/.local/lib/python3.7/site-packages/airflow/example_dags/example_xcomargs.py took 0.082 seconds
[2024-06-08T23:37:12.363+0000] {processor.py:153} INFO - Started process (PID=616) to work on /home/airflow/.local/lib/python3.7/site-packages/airflow/example_dags/example_xcomargs.py
[2024-06-08T23:37:12.364+0000] {processor.py:743} INFO - Processing file /home/airflow/.local/lib/python3.7/site-packages/airflow/example_dags/example_xcomargs.py for tasks to queue
[2024-06-08T23:37:12.365+0000] {logging_mixin.py:137} INFO - [2024-06-08T23:37:12.365+0000] {dagbag.py:538} INFO - Filling up the DagBag from /home/airflow/.local/lib/python3.7/site-packages/airflow/example_dags/example_xcomargs.py
[2024-06-08T23:37:12.381+0000] {processor.py:753} INFO - DAG(s) dict_keys(['example_xcom_args', 'example_xcom_args_with_operators']) retrieved from /home/airflow/.local/lib/python3.7/site-packages/airflow/example_dags/example_xcomargs.py
[2024-06-08T23:37:12.406+0000] {logging_mixin.py:137} INFO - [2024-06-08T23:37:12.405+0000] {dag.py:2690} INFO - Sync 2 DAGs
[2024-06-08T23:37:12.421+0000] {logging_mixin.py:137} INFO - [2024-06-08T23:37:12.421+0000] {dag.py:3441} INFO - Setting next_dagrun for example_xcom_args to None, run_after=None
[2024-06-08T23:37:12.424+0000] {logging_mixin.py:137} INFO - [2024-06-08T23:37:12.424+0000] {dag.py:3441} INFO - Setting next_dagrun for example_xcom_args_with_operators to None, run_after=None
[2024-06-08T23:37:12.434+0000] {processor.py:175} INFO - Processing /home/airflow/.local/lib/python3.7/site-packages/airflow/example_dags/example_xcomargs.py took 0.075 seconds
[2024-06-08T23:37:42.713+0000] {processor.py:153} INFO - Started process (PID=666) to work on /home/airflow/.local/lib/python3.7/site-packages/airflow/example_dags/example_xcomargs.py
[2024-06-08T23:37:42.714+0000] {processor.py:743} INFO - Processing file /home/airflow/.local/lib/python3.7/site-packages/airflow/example_dags/example_xcomargs.py for tasks to queue
[2024-06-08T23:37:42.715+0000] {logging_mixin.py:137} INFO - [2024-06-08T23:37:42.715+0000] {dagbag.py:538} INFO - Filling up the DagBag from /home/airflow/.local/lib/python3.7/site-packages/airflow/example_dags/example_xcomargs.py
[2024-06-08T23:37:42.731+0000] {processor.py:753} INFO - DAG(s) dict_keys(['example_xcom_args_with_operators', 'example_xcom_args']) retrieved from /home/airflow/.local/lib/python3.7/site-packages/airflow/example_dags/example_xcomargs.py
[2024-06-08T23:37:42.755+0000] {logging_mixin.py:137} INFO - [2024-06-08T23:37:42.755+0000] {dag.py:2690} INFO - Sync 2 DAGs
[2024-06-08T23:37:42.771+0000] {logging_mixin.py:137} INFO - [2024-06-08T23:37:42.771+0000] {dag.py:3441} INFO - Setting next_dagrun for example_xcom_args to None, run_after=None
[2024-06-08T23:37:42.773+0000] {logging_mixin.py:137} INFO - [2024-06-08T23:37:42.773+0000] {dag.py:3441} INFO - Setting next_dagrun for example_xcom_args_with_operators to None, run_after=None
[2024-06-08T23:37:42.785+0000] {processor.py:175} INFO - Processing /home/airflow/.local/lib/python3.7/site-packages/airflow/example_dags/example_xcomargs.py took 0.075 seconds
[2024-06-08T23:38:13.900+0000] {processor.py:153} INFO - Started process (PID=716) to work on /home/airflow/.local/lib/python3.7/site-packages/airflow/example_dags/example_xcomargs.py
[2024-06-08T23:38:13.902+0000] {processor.py:743} INFO - Processing file /home/airflow/.local/lib/python3.7/site-packages/airflow/example_dags/example_xcomargs.py for tasks to queue
[2024-06-08T23:38:13.903+0000] {logging_mixin.py:137} INFO - [2024-06-08T23:38:13.903+0000] {dagbag.py:538} INFO - Filling up the DagBag from /home/airflow/.local/lib/python3.7/site-packages/airflow/example_dags/example_xcomargs.py
[2024-06-08T23:38:13.921+0000] {processor.py:753} INFO - DAG(s) dict_keys(['example_xcom_args_with_operators', 'example_xcom_args']) retrieved from /home/airflow/.local/lib/python3.7/site-packages/airflow/example_dags/example_xcomargs.py
[2024-06-08T23:38:13.954+0000] {logging_mixin.py:137} INFO - [2024-06-08T23:38:13.954+0000] {dag.py:2690} INFO - Sync 2 DAGs
[2024-06-08T23:38:13.980+0000] {logging_mixin.py:137} INFO - [2024-06-08T23:38:13.980+0000] {dag.py:3441} INFO - Setting next_dagrun for example_xcom_args to None, run_after=None
[2024-06-08T23:38:13.985+0000] {logging_mixin.py:137} INFO - [2024-06-08T23:38:13.985+0000] {dag.py:3441} INFO - Setting next_dagrun for example_xcom_args_with_operators to None, run_after=None
[2024-06-08T23:38:14.003+0000] {processor.py:175} INFO - Processing /home/airflow/.local/lib/python3.7/site-packages/airflow/example_dags/example_xcomargs.py took 0.105 seconds
[2024-06-08T23:38:44.871+0000] {processor.py:153} INFO - Started process (PID=766) to work on /home/airflow/.local/lib/python3.7/site-packages/airflow/example_dags/example_xcomargs.py
[2024-06-08T23:38:44.872+0000] {processor.py:743} INFO - Processing file /home/airflow/.local/lib/python3.7/site-packages/airflow/example_dags/example_xcomargs.py for tasks to queue
[2024-06-08T23:38:44.873+0000] {logging_mixin.py:137} INFO - [2024-06-08T23:38:44.873+0000] {dagbag.py:538} INFO - Filling up the DagBag from /home/airflow/.local/lib/python3.7/site-packages/airflow/example_dags/example_xcomargs.py
[2024-06-08T23:38:44.890+0000] {processor.py:753} INFO - DAG(s) dict_keys(['example_xcom_args', 'example_xcom_args_with_operators']) retrieved from /home/airflow/.local/lib/python3.7/site-packages/airflow/example_dags/example_xcomargs.py
[2024-06-08T23:38:44.910+0000] {logging_mixin.py:137} INFO - [2024-06-08T23:38:44.910+0000] {dag.py:2690} INFO - Sync 2 DAGs
[2024-06-08T23:38:44.927+0000] {logging_mixin.py:137} INFO - [2024-06-08T23:38:44.927+0000] {dag.py:3441} INFO - Setting next_dagrun for example_xcom_args to None, run_after=None
[2024-06-08T23:38:44.929+0000] {logging_mixin.py:137} INFO - [2024-06-08T23:38:44.929+0000] {dag.py:3441} INFO - Setting next_dagrun for example_xcom_args_with_operators to None, run_after=None
[2024-06-08T23:38:44.939+0000] {processor.py:175} INFO - Processing /home/airflow/.local/lib/python3.7/site-packages/airflow/example_dags/example_xcomargs.py took 0.072 seconds
[2024-06-08T23:39:15.504+0000] {processor.py:153} INFO - Started process (PID=816) to work on /home/airflow/.local/lib/python3.7/site-packages/airflow/example_dags/example_xcomargs.py
[2024-06-08T23:39:15.506+0000] {processor.py:743} INFO - Processing file /home/airflow/.local/lib/python3.7/site-packages/airflow/example_dags/example_xcomargs.py for tasks to queue
[2024-06-08T23:39:15.507+0000] {logging_mixin.py:137} INFO - [2024-06-08T23:39:15.507+0000] {dagbag.py:538} INFO - Filling up the DagBag from /home/airflow/.local/lib/python3.7/site-packages/airflow/example_dags/example_xcomargs.py
[2024-06-08T23:39:15.528+0000] {processor.py:753} INFO - DAG(s) dict_keys(['example_xcom_args_with_operators', 'example_xcom_args']) retrieved from /home/airflow/.local/lib/python3.7/site-packages/airflow/example_dags/example_xcomargs.py
[2024-06-08T23:39:15.557+0000] {logging_mixin.py:137} INFO - [2024-06-08T23:39:15.557+0000] {dag.py:2690} INFO - Sync 2 DAGs
[2024-06-08T23:39:15.575+0000] {logging_mixin.py:137} INFO - [2024-06-08T23:39:15.575+0000] {dag.py:3441} INFO - Setting next_dagrun for example_xcom_args to None, run_after=None
[2024-06-08T23:39:15.578+0000] {logging_mixin.py:137} INFO - [2024-06-08T23:39:15.578+0000] {dag.py:3441} INFO - Setting next_dagrun for example_xcom_args_with_operators to None, run_after=None
[2024-06-08T23:39:15.592+0000] {processor.py:175} INFO - Processing /home/airflow/.local/lib/python3.7/site-packages/airflow/example_dags/example_xcomargs.py took 0.093 seconds
[2024-06-08T23:39:46.050+0000] {processor.py:153} INFO - Started process (PID=866) to work on /home/airflow/.local/lib/python3.7/site-packages/airflow/example_dags/example_xcomargs.py
[2024-06-08T23:39:46.052+0000] {processor.py:743} INFO - Processing file /home/airflow/.local/lib/python3.7/site-packages/airflow/example_dags/example_xcomargs.py for tasks to queue
[2024-06-08T23:39:46.053+0000] {logging_mixin.py:137} INFO - [2024-06-08T23:39:46.052+0000] {dagbag.py:538} INFO - Filling up the DagBag from /home/airflow/.local/lib/python3.7/site-packages/airflow/example_dags/example_xcomargs.py
[2024-06-08T23:39:46.070+0000] {processor.py:753} INFO - DAG(s) dict_keys(['example_xcom_args', 'example_xcom_args_with_operators']) retrieved from /home/airflow/.local/lib/python3.7/site-packages/airflow/example_dags/example_xcomargs.py
[2024-06-08T23:39:46.093+0000] {logging_mixin.py:137} INFO - [2024-06-08T23:39:46.092+0000] {dag.py:2690} INFO - Sync 2 DAGs
[2024-06-08T23:39:46.109+0000] {logging_mixin.py:137} INFO - [2024-06-08T23:39:46.109+0000] {dag.py:3441} INFO - Setting next_dagrun for example_xcom_args to None, run_after=None
[2024-06-08T23:39:46.113+0000] {logging_mixin.py:137} INFO - [2024-06-08T23:39:46.112+0000] {dag.py:3441} INFO - Setting next_dagrun for example_xcom_args_with_operators to None, run_after=None
[2024-06-08T23:39:46.124+0000] {processor.py:175} INFO - Processing /home/airflow/.local/lib/python3.7/site-packages/airflow/example_dags/example_xcomargs.py took 0.076 seconds
[2024-06-08T23:40:16.331+0000] {processor.py:153} INFO - Started process (PID=916) to work on /home/airflow/.local/lib/python3.7/site-packages/airflow/example_dags/example_xcomargs.py
[2024-06-08T23:40:16.332+0000] {processor.py:743} INFO - Processing file /home/airflow/.local/lib/python3.7/site-packages/airflow/example_dags/example_xcomargs.py for tasks to queue
[2024-06-08T23:40:16.333+0000] {logging_mixin.py:137} INFO - [2024-06-08T23:40:16.333+0000] {dagbag.py:538} INFO - Filling up the DagBag from /home/airflow/.local/lib/python3.7/site-packages/airflow/example_dags/example_xcomargs.py
[2024-06-08T23:40:16.349+0000] {processor.py:753} INFO - DAG(s) dict_keys(['example_xcom_args_with_operators', 'example_xcom_args']) retrieved from /home/airflow/.local/lib/python3.7/site-packages/airflow/example_dags/example_xcomargs.py
[2024-06-08T23:40:16.371+0000] {logging_mixin.py:137} INFO - [2024-06-08T23:40:16.370+0000] {dag.py:2690} INFO - Sync 2 DAGs
[2024-06-08T23:40:16.387+0000] {logging_mixin.py:137} INFO - [2024-06-08T23:40:16.387+0000] {dag.py:3441} INFO - Setting next_dagrun for example_xcom_args to None, run_after=None
[2024-06-08T23:40:16.390+0000] {logging_mixin.py:137} INFO - [2024-06-08T23:40:16.390+0000] {dag.py:3441} INFO - Setting next_dagrun for example_xcom_args_with_operators to None, run_after=None
[2024-06-08T23:40:16.400+0000] {processor.py:175} INFO - Processing /home/airflow/.local/lib/python3.7/site-packages/airflow/example_dags/example_xcomargs.py took 0.072 seconds
[2024-06-08T23:40:46.852+0000] {processor.py:153} INFO - Started process (PID=966) to work on /home/airflow/.local/lib/python3.7/site-packages/airflow/example_dags/example_xcomargs.py
[2024-06-08T23:40:46.853+0000] {processor.py:743} INFO - Processing file /home/airflow/.local/lib/python3.7/site-packages/airflow/example_dags/example_xcomargs.py for tasks to queue
[2024-06-08T23:40:46.854+0000] {logging_mixin.py:137} INFO - [2024-06-08T23:40:46.854+0000] {dagbag.py:538} INFO - Filling up the DagBag from /home/airflow/.local/lib/python3.7/site-packages/airflow/example_dags/example_xcomargs.py
[2024-06-08T23:40:46.871+0000] {processor.py:753} INFO - DAG(s) dict_keys(['example_xcom_args', 'example_xcom_args_with_operators']) retrieved from /home/airflow/.local/lib/python3.7/site-packages/airflow/example_dags/example_xcomargs.py
[2024-06-08T23:40:46.893+0000] {logging_mixin.py:137} INFO - [2024-06-08T23:40:46.893+0000] {dag.py:2690} INFO - Sync 2 DAGs
[2024-06-08T23:40:46.910+0000] {logging_mixin.py:137} INFO - [2024-06-08T23:40:46.910+0000] {dag.py:3441} INFO - Setting next_dagrun for example_xcom_args to None, run_after=None
[2024-06-08T23:40:46.913+0000] {logging_mixin.py:137} INFO - [2024-06-08T23:40:46.913+0000] {dag.py:3441} INFO - Setting next_dagrun for example_xcom_args_with_operators to None, run_after=None
[2024-06-08T23:40:46.924+0000] {processor.py:175} INFO - Processing /home/airflow/.local/lib/python3.7/site-packages/airflow/example_dags/example_xcomargs.py took 0.075 seconds
[2024-06-08T23:41:17.479+0000] {processor.py:153} INFO - Started process (PID=1016) to work on /home/airflow/.local/lib/python3.7/site-packages/airflow/example_dags/example_xcomargs.py
[2024-06-08T23:41:17.480+0000] {processor.py:743} INFO - Processing file /home/airflow/.local/lib/python3.7/site-packages/airflow/example_dags/example_xcomargs.py for tasks to queue
[2024-06-08T23:41:17.481+0000] {logging_mixin.py:137} INFO - [2024-06-08T23:41:17.481+0000] {dagbag.py:538} INFO - Filling up the DagBag from /home/airflow/.local/lib/python3.7/site-packages/airflow/example_dags/example_xcomargs.py
[2024-06-08T23:41:17.499+0000] {processor.py:753} INFO - DAG(s) dict_keys(['example_xcom_args_with_operators', 'example_xcom_args']) retrieved from /home/airflow/.local/lib/python3.7/site-packages/airflow/example_dags/example_xcomargs.py
[2024-06-08T23:41:17.523+0000] {logging_mixin.py:137} INFO - [2024-06-08T23:41:17.523+0000] {dag.py:2690} INFO - Sync 2 DAGs
[2024-06-08T23:41:17.539+0000] {logging_mixin.py:137} INFO - [2024-06-08T23:41:17.539+0000] {dag.py:3441} INFO - Setting next_dagrun for example_xcom_args to None, run_after=None
[2024-06-08T23:41:17.542+0000] {logging_mixin.py:137} INFO - [2024-06-08T23:41:17.542+0000] {dag.py:3441} INFO - Setting next_dagrun for example_xcom_args_with_operators to None, run_after=None
[2024-06-08T23:41:17.553+0000] {processor.py:175} INFO - Processing /home/airflow/.local/lib/python3.7/site-packages/airflow/example_dags/example_xcomargs.py took 0.079 seconds
[2024-06-08T23:41:48.146+0000] {processor.py:153} INFO - Started process (PID=1066) to work on /home/airflow/.local/lib/python3.7/site-packages/airflow/example_dags/example_xcomargs.py
[2024-06-08T23:41:48.148+0000] {processor.py:743} INFO - Processing file /home/airflow/.local/lib/python3.7/site-packages/airflow/example_dags/example_xcomargs.py for tasks to queue
[2024-06-08T23:41:48.149+0000] {logging_mixin.py:137} INFO - [2024-06-08T23:41:48.149+0000] {dagbag.py:538} INFO - Filling up the DagBag from /home/airflow/.local/lib/python3.7/site-packages/airflow/example_dags/example_xcomargs.py
[2024-06-08T23:41:48.167+0000] {processor.py:753} INFO - DAG(s) dict_keys(['example_xcom_args', 'example_xcom_args_with_operators']) retrieved from /home/airflow/.local/lib/python3.7/site-packages/airflow/example_dags/example_xcomargs.py
[2024-06-08T23:41:48.189+0000] {logging_mixin.py:137} INFO - [2024-06-08T23:41:48.189+0000] {dag.py:2690} INFO - Sync 2 DAGs
[2024-06-08T23:41:48.205+0000] {logging_mixin.py:137} INFO - [2024-06-08T23:41:48.205+0000] {dag.py:3441} INFO - Setting next_dagrun for example_xcom_args to None, run_after=None
[2024-06-08T23:41:48.208+0000] {logging_mixin.py:137} INFO - [2024-06-08T23:41:48.208+0000] {dag.py:3441} INFO - Setting next_dagrun for example_xcom_args_with_operators to None, run_after=None
[2024-06-08T23:41:48.223+0000] {processor.py:175} INFO - Processing /home/airflow/.local/lib/python3.7/site-packages/airflow/example_dags/example_xcomargs.py took 0.080 seconds
[2024-06-08T23:42:18.718+0000] {processor.py:153} INFO - Started process (PID=1116) to work on /home/airflow/.local/lib/python3.7/site-packages/airflow/example_dags/example_xcomargs.py
[2024-06-08T23:42:18.719+0000] {processor.py:743} INFO - Processing file /home/airflow/.local/lib/python3.7/site-packages/airflow/example_dags/example_xcomargs.py for tasks to queue
[2024-06-08T23:42:18.720+0000] {logging_mixin.py:137} INFO - [2024-06-08T23:42:18.720+0000] {dagbag.py:538} INFO - Filling up the DagBag from /home/airflow/.local/lib/python3.7/site-packages/airflow/example_dags/example_xcomargs.py
[2024-06-08T23:42:18.736+0000] {processor.py:753} INFO - DAG(s) dict_keys(['example_xcom_args', 'example_xcom_args_with_operators']) retrieved from /home/airflow/.local/lib/python3.7/site-packages/airflow/example_dags/example_xcomargs.py
[2024-06-08T23:42:18.757+0000] {logging_mixin.py:137} INFO - [2024-06-08T23:42:18.757+0000] {dag.py:2690} INFO - Sync 2 DAGs
[2024-06-08T23:42:18.773+0000] {logging_mixin.py:137} INFO - [2024-06-08T23:42:18.773+0000] {dag.py:3441} INFO - Setting next_dagrun for example_xcom_args to None, run_after=None
[2024-06-08T23:42:18.776+0000] {logging_mixin.py:137} INFO - [2024-06-08T23:42:18.776+0000] {dag.py:3441} INFO - Setting next_dagrun for example_xcom_args_with_operators to None, run_after=None
[2024-06-08T23:42:18.786+0000] {processor.py:175} INFO - Processing /home/airflow/.local/lib/python3.7/site-packages/airflow/example_dags/example_xcomargs.py took 0.071 seconds
[2024-06-08T23:42:49.032+0000] {processor.py:153} INFO - Started process (PID=1166) to work on /home/airflow/.local/lib/python3.7/site-packages/airflow/example_dags/example_xcomargs.py
[2024-06-08T23:42:49.033+0000] {processor.py:743} INFO - Processing file /home/airflow/.local/lib/python3.7/site-packages/airflow/example_dags/example_xcomargs.py for tasks to queue
[2024-06-08T23:42:49.034+0000] {logging_mixin.py:137} INFO - [2024-06-08T23:42:49.034+0000] {dagbag.py:538} INFO - Filling up the DagBag from /home/airflow/.local/lib/python3.7/site-packages/airflow/example_dags/example_xcomargs.py
[2024-06-08T23:42:49.051+0000] {processor.py:753} INFO - DAG(s) dict_keys(['example_xcom_args', 'example_xcom_args_with_operators']) retrieved from /home/airflow/.local/lib/python3.7/site-packages/airflow/example_dags/example_xcomargs.py
[2024-06-08T23:42:49.073+0000] {logging_mixin.py:137} INFO - [2024-06-08T23:42:49.073+0000] {dag.py:2690} INFO - Sync 2 DAGs
[2024-06-08T23:42:49.089+0000] {logging_mixin.py:137} INFO - [2024-06-08T23:42:49.089+0000] {dag.py:3441} INFO - Setting next_dagrun for example_xcom_args to None, run_after=None
[2024-06-08T23:42:49.092+0000] {logging_mixin.py:137} INFO - [2024-06-08T23:42:49.092+0000] {dag.py:3441} INFO - Setting next_dagrun for example_xcom_args_with_operators to None, run_after=None
[2024-06-08T23:42:49.102+0000] {processor.py:175} INFO - Processing /home/airflow/.local/lib/python3.7/site-packages/airflow/example_dags/example_xcomargs.py took 0.073 seconds
[2024-06-08T23:43:19.739+0000] {processor.py:153} INFO - Started process (PID=1216) to work on /home/airflow/.local/lib/python3.7/site-packages/airflow/example_dags/example_xcomargs.py
[2024-06-08T23:43:19.740+0000] {processor.py:743} INFO - Processing file /home/airflow/.local/lib/python3.7/site-packages/airflow/example_dags/example_xcomargs.py for tasks to queue
[2024-06-08T23:43:19.741+0000] {logging_mixin.py:137} INFO - [2024-06-08T23:43:19.741+0000] {dagbag.py:538} INFO - Filling up the DagBag from /home/airflow/.local/lib/python3.7/site-packages/airflow/example_dags/example_xcomargs.py
[2024-06-08T23:43:19.757+0000] {processor.py:753} INFO - DAG(s) dict_keys(['example_xcom_args_with_operators', 'example_xcom_args']) retrieved from /home/airflow/.local/lib/python3.7/site-packages/airflow/example_dags/example_xcomargs.py
[2024-06-08T23:43:19.780+0000] {logging_mixin.py:137} INFO - [2024-06-08T23:43:19.780+0000] {dag.py:2690} INFO - Sync 2 DAGs
[2024-06-08T23:43:19.796+0000] {logging_mixin.py:137} INFO - [2024-06-08T23:43:19.796+0000] {dag.py:3441} INFO - Setting next_dagrun for example_xcom_args to None, run_after=None
[2024-06-08T23:43:19.799+0000] {logging_mixin.py:137} INFO - [2024-06-08T23:43:19.799+0000] {dag.py:3441} INFO - Setting next_dagrun for example_xcom_args_with_operators to None, run_after=None
[2024-06-08T23:43:19.809+0000] {processor.py:175} INFO - Processing /home/airflow/.local/lib/python3.7/site-packages/airflow/example_dags/example_xcomargs.py took 0.074 seconds
[2024-06-08T23:43:50.275+0000] {processor.py:153} INFO - Started process (PID=1266) to work on /home/airflow/.local/lib/python3.7/site-packages/airflow/example_dags/example_xcomargs.py
[2024-06-08T23:43:50.276+0000] {processor.py:743} INFO - Processing file /home/airflow/.local/lib/python3.7/site-packages/airflow/example_dags/example_xcomargs.py for tasks to queue
[2024-06-08T23:43:50.277+0000] {logging_mixin.py:137} INFO - [2024-06-08T23:43:50.277+0000] {dagbag.py:538} INFO - Filling up the DagBag from /home/airflow/.local/lib/python3.7/site-packages/airflow/example_dags/example_xcomargs.py
[2024-06-08T23:43:50.293+0000] {processor.py:753} INFO - DAG(s) dict_keys(['example_xcom_args', 'example_xcom_args_with_operators']) retrieved from /home/airflow/.local/lib/python3.7/site-packages/airflow/example_dags/example_xcomargs.py
[2024-06-08T23:43:50.314+0000] {logging_mixin.py:137} INFO - [2024-06-08T23:43:50.314+0000] {dag.py:2690} INFO - Sync 2 DAGs
[2024-06-08T23:43:50.330+0000] {logging_mixin.py:137} INFO - [2024-06-08T23:43:50.330+0000] {dag.py:3441} INFO - Setting next_dagrun for example_xcom_args to None, run_after=None
[2024-06-08T23:43:50.333+0000] {logging_mixin.py:137} INFO - [2024-06-08T23:43:50.333+0000] {dag.py:3441} INFO - Setting next_dagrun for example_xcom_args_with_operators to None, run_after=None
[2024-06-08T23:43:50.344+0000] {processor.py:175} INFO - Processing /home/airflow/.local/lib/python3.7/site-packages/airflow/example_dags/example_xcomargs.py took 0.072 seconds
[2024-06-08T23:44:20.628+0000] {processor.py:153} INFO - Started process (PID=1316) to work on /home/airflow/.local/lib/python3.7/site-packages/airflow/example_dags/example_xcomargs.py
[2024-06-08T23:44:20.630+0000] {processor.py:743} INFO - Processing file /home/airflow/.local/lib/python3.7/site-packages/airflow/example_dags/example_xcomargs.py for tasks to queue
[2024-06-08T23:44:20.630+0000] {logging_mixin.py:137} INFO - [2024-06-08T23:44:20.630+0000] {dagbag.py:538} INFO - Filling up the DagBag from /home/airflow/.local/lib/python3.7/site-packages/airflow/example_dags/example_xcomargs.py
[2024-06-08T23:44:20.645+0000] {processor.py:753} INFO - DAG(s) dict_keys(['example_xcom_args_with_operators', 'example_xcom_args']) retrieved from /home/airflow/.local/lib/python3.7/site-packages/airflow/example_dags/example_xcomargs.py
[2024-06-08T23:44:20.667+0000] {logging_mixin.py:137} INFO - [2024-06-08T23:44:20.667+0000] {dag.py:2690} INFO - Sync 2 DAGs
[2024-06-08T23:44:20.683+0000] {logging_mixin.py:137} INFO - [2024-06-08T23:44:20.683+0000] {dag.py:3441} INFO - Setting next_dagrun for example_xcom_args to None, run_after=None
[2024-06-08T23:44:20.686+0000] {logging_mixin.py:137} INFO - [2024-06-08T23:44:20.686+0000] {dag.py:3441} INFO - Setting next_dagrun for example_xcom_args_with_operators to None, run_after=None
[2024-06-08T23:44:20.696+0000] {processor.py:175} INFO - Processing /home/airflow/.local/lib/python3.7/site-packages/airflow/example_dags/example_xcomargs.py took 0.071 seconds
[2024-06-08T23:44:51.014+0000] {processor.py:153} INFO - Started process (PID=1367) to work on /home/airflow/.local/lib/python3.7/site-packages/airflow/example_dags/example_xcomargs.py
[2024-06-08T23:44:51.016+0000] {processor.py:743} INFO - Processing file /home/airflow/.local/lib/python3.7/site-packages/airflow/example_dags/example_xcomargs.py for tasks to queue
[2024-06-08T23:44:51.016+0000] {logging_mixin.py:137} INFO - [2024-06-08T23:44:51.016+0000] {dagbag.py:538} INFO - Filling up the DagBag from /home/airflow/.local/lib/python3.7/site-packages/airflow/example_dags/example_xcomargs.py
[2024-06-08T23:44:51.034+0000] {processor.py:753} INFO - DAG(s) dict_keys(['example_xcom_args_with_operators', 'example_xcom_args']) retrieved from /home/airflow/.local/lib/python3.7/site-packages/airflow/example_dags/example_xcomargs.py
[2024-06-08T23:44:51.056+0000] {logging_mixin.py:137} INFO - [2024-06-08T23:44:51.056+0000] {dag.py:2690} INFO - Sync 2 DAGs
[2024-06-08T23:44:51.073+0000] {logging_mixin.py:137} INFO - [2024-06-08T23:44:51.073+0000] {dag.py:3441} INFO - Setting next_dagrun for example_xcom_args to None, run_after=None
[2024-06-08T23:44:51.075+0000] {logging_mixin.py:137} INFO - [2024-06-08T23:44:51.075+0000] {dag.py:3441} INFO - Setting next_dagrun for example_xcom_args_with_operators to None, run_after=None
[2024-06-08T23:44:51.086+0000] {processor.py:175} INFO - Processing /home/airflow/.local/lib/python3.7/site-packages/airflow/example_dags/example_xcomargs.py took 0.075 seconds
[2024-06-08T23:45:21.320+0000] {processor.py:153} INFO - Started process (PID=1418) to work on /home/airflow/.local/lib/python3.7/site-packages/airflow/example_dags/example_xcomargs.py
[2024-06-08T23:45:21.322+0000] {processor.py:743} INFO - Processing file /home/airflow/.local/lib/python3.7/site-packages/airflow/example_dags/example_xcomargs.py for tasks to queue
[2024-06-08T23:45:21.323+0000] {logging_mixin.py:137} INFO - [2024-06-08T23:45:21.323+0000] {dagbag.py:538} INFO - Filling up the DagBag from /home/airflow/.local/lib/python3.7/site-packages/airflow/example_dags/example_xcomargs.py
[2024-06-08T23:45:21.339+0000] {processor.py:753} INFO - DAG(s) dict_keys(['example_xcom_args_with_operators', 'example_xcom_args']) retrieved from /home/airflow/.local/lib/python3.7/site-packages/airflow/example_dags/example_xcomargs.py
[2024-06-08T23:45:21.361+0000] {logging_mixin.py:137} INFO - [2024-06-08T23:45:21.360+0000] {dag.py:2690} INFO - Sync 2 DAGs
[2024-06-08T23:45:21.376+0000] {logging_mixin.py:137} INFO - [2024-06-08T23:45:21.376+0000] {dag.py:3441} INFO - Setting next_dagrun for example_xcom_args to None, run_after=None
[2024-06-08T23:45:21.380+0000] {logging_mixin.py:137} INFO - [2024-06-08T23:45:21.379+0000] {dag.py:3441} INFO - Setting next_dagrun for example_xcom_args_with_operators to None, run_after=None
[2024-06-08T23:45:21.390+0000] {processor.py:175} INFO - Processing /home/airflow/.local/lib/python3.7/site-packages/airflow/example_dags/example_xcomargs.py took 0.073 seconds
[2024-06-08T23:45:51.757+0000] {processor.py:153} INFO - Started process (PID=1468) to work on /home/airflow/.local/lib/python3.7/site-packages/airflow/example_dags/example_xcomargs.py
[2024-06-08T23:45:51.759+0000] {processor.py:743} INFO - Processing file /home/airflow/.local/lib/python3.7/site-packages/airflow/example_dags/example_xcomargs.py for tasks to queue
[2024-06-08T23:45:51.759+0000] {logging_mixin.py:137} INFO - [2024-06-08T23:45:51.759+0000] {dagbag.py:538} INFO - Filling up the DagBag from /home/airflow/.local/lib/python3.7/site-packages/airflow/example_dags/example_xcomargs.py
[2024-06-08T23:45:51.776+0000] {processor.py:753} INFO - DAG(s) dict_keys(['example_xcom_args_with_operators', 'example_xcom_args']) retrieved from /home/airflow/.local/lib/python3.7/site-packages/airflow/example_dags/example_xcomargs.py
[2024-06-08T23:45:51.800+0000] {logging_mixin.py:137} INFO - [2024-06-08T23:45:51.800+0000] {dag.py:2690} INFO - Sync 2 DAGs
[2024-06-08T23:45:51.817+0000] {logging_mixin.py:137} INFO - [2024-06-08T23:45:51.817+0000] {dag.py:3441} INFO - Setting next_dagrun for example_xcom_args to None, run_after=None
[2024-06-08T23:45:51.824+0000] {logging_mixin.py:137} INFO - [2024-06-08T23:45:51.824+0000] {dag.py:3441} INFO - Setting next_dagrun for example_xcom_args_with_operators to None, run_after=None
[2024-06-08T23:45:51.835+0000] {processor.py:175} INFO - Processing /home/airflow/.local/lib/python3.7/site-packages/airflow/example_dags/example_xcomargs.py took 0.081 seconds
[2024-06-08T23:46:22.137+0000] {processor.py:153} INFO - Started process (PID=1519) to work on /home/airflow/.local/lib/python3.7/site-packages/airflow/example_dags/example_xcomargs.py
[2024-06-08T23:46:22.138+0000] {processor.py:743} INFO - Processing file /home/airflow/.local/lib/python3.7/site-packages/airflow/example_dags/example_xcomargs.py for tasks to queue
[2024-06-08T23:46:22.139+0000] {logging_mixin.py:137} INFO - [2024-06-08T23:46:22.139+0000] {dagbag.py:538} INFO - Filling up the DagBag from /home/airflow/.local/lib/python3.7/site-packages/airflow/example_dags/example_xcomargs.py
[2024-06-08T23:46:22.154+0000] {processor.py:753} INFO - DAG(s) dict_keys(['example_xcom_args_with_operators', 'example_xcom_args']) retrieved from /home/airflow/.local/lib/python3.7/site-packages/airflow/example_dags/example_xcomargs.py
[2024-06-08T23:46:22.175+0000] {logging_mixin.py:137} INFO - [2024-06-08T23:46:22.175+0000] {dag.py:2690} INFO - Sync 2 DAGs
[2024-06-08T23:46:22.190+0000] {logging_mixin.py:137} INFO - [2024-06-08T23:46:22.190+0000] {dag.py:3441} INFO - Setting next_dagrun for example_xcom_args to None, run_after=None
[2024-06-08T23:46:22.193+0000] {logging_mixin.py:137} INFO - [2024-06-08T23:46:22.193+0000] {dag.py:3441} INFO - Setting next_dagrun for example_xcom_args_with_operators to None, run_after=None
[2024-06-08T23:46:22.204+0000] {processor.py:175} INFO - Processing /home/airflow/.local/lib/python3.7/site-packages/airflow/example_dags/example_xcomargs.py took 0.069 seconds
[2024-06-08T23:46:52.568+0000] {processor.py:153} INFO - Started process (PID=1569) to work on /home/airflow/.local/lib/python3.7/site-packages/airflow/example_dags/example_xcomargs.py
[2024-06-08T23:46:52.569+0000] {processor.py:743} INFO - Processing file /home/airflow/.local/lib/python3.7/site-packages/airflow/example_dags/example_xcomargs.py for tasks to queue
[2024-06-08T23:46:52.570+0000] {logging_mixin.py:137} INFO - [2024-06-08T23:46:52.570+0000] {dagbag.py:538} INFO - Filling up the DagBag from /home/airflow/.local/lib/python3.7/site-packages/airflow/example_dags/example_xcomargs.py
[2024-06-08T23:46:52.586+0000] {processor.py:753} INFO - DAG(s) dict_keys(['example_xcom_args_with_operators', 'example_xcom_args']) retrieved from /home/airflow/.local/lib/python3.7/site-packages/airflow/example_dags/example_xcomargs.py
[2024-06-08T23:46:52.608+0000] {logging_mixin.py:137} INFO - [2024-06-08T23:46:52.607+0000] {dag.py:2690} INFO - Sync 2 DAGs
[2024-06-08T23:46:52.623+0000] {logging_mixin.py:137} INFO - [2024-06-08T23:46:52.622+0000] {dag.py:3441} INFO - Setting next_dagrun for example_xcom_args to None, run_after=None
[2024-06-08T23:46:52.626+0000] {logging_mixin.py:137} INFO - [2024-06-08T23:46:52.625+0000] {dag.py:3441} INFO - Setting next_dagrun for example_xcom_args_with_operators to None, run_after=None
[2024-06-08T23:46:52.641+0000] {processor.py:175} INFO - Processing /home/airflow/.local/lib/python3.7/site-packages/airflow/example_dags/example_xcomargs.py took 0.075 seconds
[2024-06-08T23:47:23.054+0000] {processor.py:153} INFO - Started process (PID=1619) to work on /home/airflow/.local/lib/python3.7/site-packages/airflow/example_dags/example_xcomargs.py
[2024-06-08T23:47:23.055+0000] {processor.py:743} INFO - Processing file /home/airflow/.local/lib/python3.7/site-packages/airflow/example_dags/example_xcomargs.py for tasks to queue
[2024-06-08T23:47:23.056+0000] {logging_mixin.py:137} INFO - [2024-06-08T23:47:23.055+0000] {dagbag.py:538} INFO - Filling up the DagBag from /home/airflow/.local/lib/python3.7/site-packages/airflow/example_dags/example_xcomargs.py
[2024-06-08T23:47:23.072+0000] {processor.py:753} INFO - DAG(s) dict_keys(['example_xcom_args', 'example_xcom_args_with_operators']) retrieved from /home/airflow/.local/lib/python3.7/site-packages/airflow/example_dags/example_xcomargs.py
[2024-06-08T23:47:23.094+0000] {logging_mixin.py:137} INFO - [2024-06-08T23:47:23.094+0000] {dag.py:2690} INFO - Sync 2 DAGs
[2024-06-08T23:47:23.110+0000] {logging_mixin.py:137} INFO - [2024-06-08T23:47:23.110+0000] {dag.py:3441} INFO - Setting next_dagrun for example_xcom_args to None, run_after=None
[2024-06-08T23:47:23.113+0000] {logging_mixin.py:137} INFO - [2024-06-08T23:47:23.113+0000] {dag.py:3441} INFO - Setting next_dagrun for example_xcom_args_with_operators to None, run_after=None
[2024-06-08T23:47:23.124+0000] {processor.py:175} INFO - Processing /home/airflow/.local/lib/python3.7/site-packages/airflow/example_dags/example_xcomargs.py took 0.074 seconds
[2024-06-08T23:47:53.739+0000] {processor.py:153} INFO - Started process (PID=1669) to work on /home/airflow/.local/lib/python3.7/site-packages/airflow/example_dags/example_xcomargs.py
[2024-06-08T23:47:53.741+0000] {processor.py:743} INFO - Processing file /home/airflow/.local/lib/python3.7/site-packages/airflow/example_dags/example_xcomargs.py for tasks to queue
[2024-06-08T23:47:53.742+0000] {logging_mixin.py:137} INFO - [2024-06-08T23:47:53.742+0000] {dagbag.py:538} INFO - Filling up the DagBag from /home/airflow/.local/lib/python3.7/site-packages/airflow/example_dags/example_xcomargs.py
[2024-06-08T23:47:53.758+0000] {processor.py:753} INFO - DAG(s) dict_keys(['example_xcom_args_with_operators', 'example_xcom_args']) retrieved from /home/airflow/.local/lib/python3.7/site-packages/airflow/example_dags/example_xcomargs.py
[2024-06-08T23:47:53.783+0000] {logging_mixin.py:137} INFO - [2024-06-08T23:47:53.782+0000] {dag.py:2690} INFO - Sync 2 DAGs
[2024-06-08T23:47:53.799+0000] {logging_mixin.py:137} INFO - [2024-06-08T23:47:53.799+0000] {dag.py:3441} INFO - Setting next_dagrun for example_xcom_args to None, run_after=None
[2024-06-08T23:47:53.802+0000] {logging_mixin.py:137} INFO - [2024-06-08T23:47:53.802+0000] {dag.py:3441} INFO - Setting next_dagrun for example_xcom_args_with_operators to None, run_after=None
[2024-06-08T23:47:53.813+0000] {processor.py:175} INFO - Processing /home/airflow/.local/lib/python3.7/site-packages/airflow/example_dags/example_xcomargs.py took 0.076 seconds
[2024-06-08T23:48:24.221+0000] {processor.py:153} INFO - Started process (PID=1719) to work on /home/airflow/.local/lib/python3.7/site-packages/airflow/example_dags/example_xcomargs.py
[2024-06-08T23:48:24.223+0000] {processor.py:743} INFO - Processing file /home/airflow/.local/lib/python3.7/site-packages/airflow/example_dags/example_xcomargs.py for tasks to queue
[2024-06-08T23:48:24.224+0000] {logging_mixin.py:137} INFO - [2024-06-08T23:48:24.224+0000] {dagbag.py:538} INFO - Filling up the DagBag from /home/airflow/.local/lib/python3.7/site-packages/airflow/example_dags/example_xcomargs.py
[2024-06-08T23:48:24.241+0000] {processor.py:753} INFO - DAG(s) dict_keys(['example_xcom_args_with_operators', 'example_xcom_args']) retrieved from /home/airflow/.local/lib/python3.7/site-packages/airflow/example_dags/example_xcomargs.py
[2024-06-08T23:48:24.263+0000] {logging_mixin.py:137} INFO - [2024-06-08T23:48:24.262+0000] {dag.py:2690} INFO - Sync 2 DAGs
[2024-06-08T23:48:24.279+0000] {logging_mixin.py:137} INFO - [2024-06-08T23:48:24.278+0000] {dag.py:3441} INFO - Setting next_dagrun for example_xcom_args to None, run_after=None
[2024-06-08T23:48:24.282+0000] {logging_mixin.py:137} INFO - [2024-06-08T23:48:24.282+0000] {dag.py:3441} INFO - Setting next_dagrun for example_xcom_args_with_operators to None, run_after=None
[2024-06-08T23:48:24.293+0000] {processor.py:175} INFO - Processing /home/airflow/.local/lib/python3.7/site-packages/airflow/example_dags/example_xcomargs.py took 0.075 seconds
[2024-06-08T23:48:54.751+0000] {processor.py:153} INFO - Started process (PID=1769) to work on /home/airflow/.local/lib/python3.7/site-packages/airflow/example_dags/example_xcomargs.py
[2024-06-08T23:48:54.753+0000] {processor.py:743} INFO - Processing file /home/airflow/.local/lib/python3.7/site-packages/airflow/example_dags/example_xcomargs.py for tasks to queue
[2024-06-08T23:48:54.753+0000] {logging_mixin.py:137} INFO - [2024-06-08T23:48:54.753+0000] {dagbag.py:538} INFO - Filling up the DagBag from /home/airflow/.local/lib/python3.7/site-packages/airflow/example_dags/example_xcomargs.py
[2024-06-08T23:48:54.770+0000] {processor.py:753} INFO - DAG(s) dict_keys(['example_xcom_args_with_operators', 'example_xcom_args']) retrieved from /home/airflow/.local/lib/python3.7/site-packages/airflow/example_dags/example_xcomargs.py
[2024-06-08T23:48:54.793+0000] {logging_mixin.py:137} INFO - [2024-06-08T23:48:54.793+0000] {dag.py:2690} INFO - Sync 2 DAGs
[2024-06-08T23:48:54.810+0000] {logging_mixin.py:137} INFO - [2024-06-08T23:48:54.810+0000] {dag.py:3441} INFO - Setting next_dagrun for example_xcom_args to None, run_after=None
[2024-06-08T23:48:54.814+0000] {logging_mixin.py:137} INFO - [2024-06-08T23:48:54.814+0000] {dag.py:3441} INFO - Setting next_dagrun for example_xcom_args_with_operators to None, run_after=None
[2024-06-08T23:48:54.825+0000] {processor.py:175} INFO - Processing /home/airflow/.local/lib/python3.7/site-packages/airflow/example_dags/example_xcomargs.py took 0.077 seconds
[2024-06-08T23:49:25.103+0000] {processor.py:153} INFO - Started process (PID=1819) to work on /home/airflow/.local/lib/python3.7/site-packages/airflow/example_dags/example_xcomargs.py
[2024-06-08T23:49:25.104+0000] {processor.py:743} INFO - Processing file /home/airflow/.local/lib/python3.7/site-packages/airflow/example_dags/example_xcomargs.py for tasks to queue
[2024-06-08T23:49:25.106+0000] {logging_mixin.py:137} INFO - [2024-06-08T23:49:25.106+0000] {dagbag.py:538} INFO - Filling up the DagBag from /home/airflow/.local/lib/python3.7/site-packages/airflow/example_dags/example_xcomargs.py
[2024-06-08T23:49:25.124+0000] {processor.py:753} INFO - DAG(s) dict_keys(['example_xcom_args', 'example_xcom_args_with_operators']) retrieved from /home/airflow/.local/lib/python3.7/site-packages/airflow/example_dags/example_xcomargs.py
[2024-06-08T23:49:25.147+0000] {logging_mixin.py:137} INFO - [2024-06-08T23:49:25.147+0000] {dag.py:2690} INFO - Sync 2 DAGs
[2024-06-08T23:49:25.164+0000] {logging_mixin.py:137} INFO - [2024-06-08T23:49:25.164+0000] {dag.py:3441} INFO - Setting next_dagrun for example_xcom_args to None, run_after=None
[2024-06-08T23:49:25.167+0000] {logging_mixin.py:137} INFO - [2024-06-08T23:49:25.167+0000] {dag.py:3441} INFO - Setting next_dagrun for example_xcom_args_with_operators to None, run_after=None
[2024-06-08T23:49:25.179+0000] {processor.py:175} INFO - Processing /home/airflow/.local/lib/python3.7/site-packages/airflow/example_dags/example_xcomargs.py took 0.079 seconds
[2024-06-08T23:49:55.659+0000] {processor.py:153} INFO - Started process (PID=1869) to work on /home/airflow/.local/lib/python3.7/site-packages/airflow/example_dags/example_xcomargs.py
[2024-06-08T23:49:55.661+0000] {processor.py:743} INFO - Processing file /home/airflow/.local/lib/python3.7/site-packages/airflow/example_dags/example_xcomargs.py for tasks to queue
[2024-06-08T23:49:55.662+0000] {logging_mixin.py:137} INFO - [2024-06-08T23:49:55.661+0000] {dagbag.py:538} INFO - Filling up the DagBag from /home/airflow/.local/lib/python3.7/site-packages/airflow/example_dags/example_xcomargs.py
[2024-06-08T23:49:55.679+0000] {processor.py:753} INFO - DAG(s) dict_keys(['example_xcom_args_with_operators', 'example_xcom_args']) retrieved from /home/airflow/.local/lib/python3.7/site-packages/airflow/example_dags/example_xcomargs.py
[2024-06-08T23:49:55.704+0000] {logging_mixin.py:137} INFO - [2024-06-08T23:49:55.704+0000] {dag.py:2690} INFO - Sync 2 DAGs
[2024-06-08T23:49:55.721+0000] {logging_mixin.py:137} INFO - [2024-06-08T23:49:55.721+0000] {dag.py:3441} INFO - Setting next_dagrun for example_xcom_args to None, run_after=None
[2024-06-08T23:49:55.724+0000] {logging_mixin.py:137} INFO - [2024-06-08T23:49:55.724+0000] {dag.py:3441} INFO - Setting next_dagrun for example_xcom_args_with_operators to None, run_after=None
[2024-06-08T23:49:55.736+0000] {processor.py:175} INFO - Processing /home/airflow/.local/lib/python3.7/site-packages/airflow/example_dags/example_xcomargs.py took 0.080 seconds
[2024-06-08T23:50:26.221+0000] {processor.py:153} INFO - Started process (PID=1919) to work on /home/airflow/.local/lib/python3.7/site-packages/airflow/example_dags/example_xcomargs.py
[2024-06-08T23:50:26.222+0000] {processor.py:743} INFO - Processing file /home/airflow/.local/lib/python3.7/site-packages/airflow/example_dags/example_xcomargs.py for tasks to queue
[2024-06-08T23:50:26.223+0000] {logging_mixin.py:137} INFO - [2024-06-08T23:50:26.223+0000] {dagbag.py:538} INFO - Filling up the DagBag from /home/airflow/.local/lib/python3.7/site-packages/airflow/example_dags/example_xcomargs.py
[2024-06-08T23:50:26.243+0000] {processor.py:753} INFO - DAG(s) dict_keys(['example_xcom_args', 'example_xcom_args_with_operators']) retrieved from /home/airflow/.local/lib/python3.7/site-packages/airflow/example_dags/example_xcomargs.py
[2024-06-08T23:50:26.269+0000] {logging_mixin.py:137} INFO - [2024-06-08T23:50:26.269+0000] {dag.py:2690} INFO - Sync 2 DAGs
[2024-06-08T23:50:26.287+0000] {logging_mixin.py:137} INFO - [2024-06-08T23:50:26.287+0000] {dag.py:3441} INFO - Setting next_dagrun for example_xcom_args to None, run_after=None
[2024-06-08T23:50:26.290+0000] {logging_mixin.py:137} INFO - [2024-06-08T23:50:26.289+0000] {dag.py:3441} INFO - Setting next_dagrun for example_xcom_args_with_operators to None, run_after=None
[2024-06-08T23:50:26.302+0000] {processor.py:175} INFO - Processing /home/airflow/.local/lib/python3.7/site-packages/airflow/example_dags/example_xcomargs.py took 0.084 seconds
[2024-06-08T23:50:56.886+0000] {processor.py:153} INFO - Started process (PID=1969) to work on /home/airflow/.local/lib/python3.7/site-packages/airflow/example_dags/example_xcomargs.py
[2024-06-08T23:50:56.888+0000] {processor.py:743} INFO - Processing file /home/airflow/.local/lib/python3.7/site-packages/airflow/example_dags/example_xcomargs.py for tasks to queue
[2024-06-08T23:50:56.889+0000] {logging_mixin.py:137} INFO - [2024-06-08T23:50:56.889+0000] {dagbag.py:538} INFO - Filling up the DagBag from /home/airflow/.local/lib/python3.7/site-packages/airflow/example_dags/example_xcomargs.py
[2024-06-08T23:50:56.907+0000] {processor.py:753} INFO - DAG(s) dict_keys(['example_xcom_args', 'example_xcom_args_with_operators']) retrieved from /home/airflow/.local/lib/python3.7/site-packages/airflow/example_dags/example_xcomargs.py
[2024-06-08T23:50:56.931+0000] {logging_mixin.py:137} INFO - [2024-06-08T23:50:56.931+0000] {dag.py:2690} INFO - Sync 2 DAGs
[2024-06-08T23:50:56.951+0000] {logging_mixin.py:137} INFO - [2024-06-08T23:50:56.951+0000] {dag.py:3441} INFO - Setting next_dagrun for example_xcom_args to None, run_after=None
[2024-06-08T23:50:56.955+0000] {logging_mixin.py:137} INFO - [2024-06-08T23:50:56.955+0000] {dag.py:3441} INFO - Setting next_dagrun for example_xcom_args_with_operators to None, run_after=None
[2024-06-08T23:50:56.968+0000] {processor.py:175} INFO - Processing /home/airflow/.local/lib/python3.7/site-packages/airflow/example_dags/example_xcomargs.py took 0.085 seconds
[2024-06-08T23:51:27.490+0000] {processor.py:153} INFO - Started process (PID=2019) to work on /home/airflow/.local/lib/python3.7/site-packages/airflow/example_dags/example_xcomargs.py
[2024-06-08T23:51:27.491+0000] {processor.py:743} INFO - Processing file /home/airflow/.local/lib/python3.7/site-packages/airflow/example_dags/example_xcomargs.py for tasks to queue
[2024-06-08T23:51:27.492+0000] {logging_mixin.py:137} INFO - [2024-06-08T23:51:27.492+0000] {dagbag.py:538} INFO - Filling up the DagBag from /home/airflow/.local/lib/python3.7/site-packages/airflow/example_dags/example_xcomargs.py
[2024-06-08T23:51:27.510+0000] {processor.py:753} INFO - DAG(s) dict_keys(['example_xcom_args', 'example_xcom_args_with_operators']) retrieved from /home/airflow/.local/lib/python3.7/site-packages/airflow/example_dags/example_xcomargs.py
[2024-06-08T23:51:27.534+0000] {logging_mixin.py:137} INFO - [2024-06-08T23:51:27.534+0000] {dag.py:2690} INFO - Sync 2 DAGs
[2024-06-08T23:51:27.552+0000] {logging_mixin.py:137} INFO - [2024-06-08T23:51:27.551+0000] {dag.py:3441} INFO - Setting next_dagrun for example_xcom_args to None, run_after=None
[2024-06-08T23:51:27.554+0000] {logging_mixin.py:137} INFO - [2024-06-08T23:51:27.554+0000] {dag.py:3441} INFO - Setting next_dagrun for example_xcom_args_with_operators to None, run_after=None
[2024-06-08T23:51:27.566+0000] {processor.py:175} INFO - Processing /home/airflow/.local/lib/python3.7/site-packages/airflow/example_dags/example_xcomargs.py took 0.080 seconds
[2024-06-08T23:51:58.400+0000] {processor.py:153} INFO - Started process (PID=2069) to work on /home/airflow/.local/lib/python3.7/site-packages/airflow/example_dags/example_xcomargs.py
[2024-06-08T23:51:58.402+0000] {processor.py:743} INFO - Processing file /home/airflow/.local/lib/python3.7/site-packages/airflow/example_dags/example_xcomargs.py for tasks to queue
[2024-06-08T23:51:58.403+0000] {logging_mixin.py:137} INFO - [2024-06-08T23:51:58.403+0000] {dagbag.py:538} INFO - Filling up the DagBag from /home/airflow/.local/lib/python3.7/site-packages/airflow/example_dags/example_xcomargs.py
[2024-06-08T23:51:58.421+0000] {processor.py:753} INFO - DAG(s) dict_keys(['example_xcom_args', 'example_xcom_args_with_operators']) retrieved from /home/airflow/.local/lib/python3.7/site-packages/airflow/example_dags/example_xcomargs.py
[2024-06-08T23:51:58.448+0000] {logging_mixin.py:137} INFO - [2024-06-08T23:51:58.448+0000] {dag.py:2690} INFO - Sync 2 DAGs
[2024-06-08T23:51:58.468+0000] {logging_mixin.py:137} INFO - [2024-06-08T23:51:58.467+0000] {dag.py:3441} INFO - Setting next_dagrun for example_xcom_args to None, run_after=None
[2024-06-08T23:51:58.471+0000] {logging_mixin.py:137} INFO - [2024-06-08T23:51:58.471+0000] {dag.py:3441} INFO - Setting next_dagrun for example_xcom_args_with_operators to None, run_after=None
[2024-06-08T23:51:58.484+0000] {processor.py:175} INFO - Processing /home/airflow/.local/lib/python3.7/site-packages/airflow/example_dags/example_xcomargs.py took 0.087 seconds
[2024-06-08T23:52:29.273+0000] {processor.py:153} INFO - Started process (PID=2119) to work on /home/airflow/.local/lib/python3.7/site-packages/airflow/example_dags/example_xcomargs.py
[2024-06-08T23:52:29.275+0000] {processor.py:743} INFO - Processing file /home/airflow/.local/lib/python3.7/site-packages/airflow/example_dags/example_xcomargs.py for tasks to queue
[2024-06-08T23:52:29.276+0000] {logging_mixin.py:137} INFO - [2024-06-08T23:52:29.276+0000] {dagbag.py:538} INFO - Filling up the DagBag from /home/airflow/.local/lib/python3.7/site-packages/airflow/example_dags/example_xcomargs.py
[2024-06-08T23:52:29.295+0000] {processor.py:753} INFO - DAG(s) dict_keys(['example_xcom_args_with_operators', 'example_xcom_args']) retrieved from /home/airflow/.local/lib/python3.7/site-packages/airflow/example_dags/example_xcomargs.py
[2024-06-08T23:52:29.319+0000] {logging_mixin.py:137} INFO - [2024-06-08T23:52:29.319+0000] {dag.py:2690} INFO - Sync 2 DAGs
[2024-06-08T23:52:29.336+0000] {logging_mixin.py:137} INFO - [2024-06-08T23:52:29.336+0000] {dag.py:3441} INFO - Setting next_dagrun for example_xcom_args to None, run_after=None
[2024-06-08T23:52:29.339+0000] {logging_mixin.py:137} INFO - [2024-06-08T23:52:29.339+0000] {dag.py:3441} INFO - Setting next_dagrun for example_xcom_args_with_operators to None, run_after=None
[2024-06-08T23:52:29.352+0000] {processor.py:175} INFO - Processing /home/airflow/.local/lib/python3.7/site-packages/airflow/example_dags/example_xcomargs.py took 0.083 seconds
[2024-06-08T23:53:00.237+0000] {processor.py:153} INFO - Started process (PID=2169) to work on /home/airflow/.local/lib/python3.7/site-packages/airflow/example_dags/example_xcomargs.py
[2024-06-08T23:53:00.238+0000] {processor.py:743} INFO - Processing file /home/airflow/.local/lib/python3.7/site-packages/airflow/example_dags/example_xcomargs.py for tasks to queue
[2024-06-08T23:53:00.239+0000] {logging_mixin.py:137} INFO - [2024-06-08T23:53:00.239+0000] {dagbag.py:538} INFO - Filling up the DagBag from /home/airflow/.local/lib/python3.7/site-packages/airflow/example_dags/example_xcomargs.py
[2024-06-08T23:53:00.258+0000] {processor.py:753} INFO - DAG(s) dict_keys(['example_xcom_args_with_operators', 'example_xcom_args']) retrieved from /home/airflow/.local/lib/python3.7/site-packages/airflow/example_dags/example_xcomargs.py
[2024-06-08T23:53:00.282+0000] {logging_mixin.py:137} INFO - [2024-06-08T23:53:00.282+0000] {dag.py:2690} INFO - Sync 2 DAGs
[2024-06-08T23:53:00.298+0000] {logging_mixin.py:137} INFO - [2024-06-08T23:53:00.298+0000] {dag.py:3441} INFO - Setting next_dagrun for example_xcom_args to None, run_after=None
[2024-06-08T23:53:00.301+0000] {logging_mixin.py:137} INFO - [2024-06-08T23:53:00.301+0000] {dag.py:3441} INFO - Setting next_dagrun for example_xcom_args_with_operators to None, run_after=None
[2024-06-08T23:53:00.311+0000] {processor.py:175} INFO - Processing /home/airflow/.local/lib/python3.7/site-packages/airflow/example_dags/example_xcomargs.py took 0.077 seconds
[2024-06-08T23:53:30.859+0000] {processor.py:153} INFO - Started process (PID=2218) to work on /home/airflow/.local/lib/python3.7/site-packages/airflow/example_dags/example_xcomargs.py
[2024-06-08T23:53:30.860+0000] {processor.py:743} INFO - Processing file /home/airflow/.local/lib/python3.7/site-packages/airflow/example_dags/example_xcomargs.py for tasks to queue
[2024-06-08T23:53:30.861+0000] {logging_mixin.py:137} INFO - [2024-06-08T23:53:30.861+0000] {dagbag.py:538} INFO - Filling up the DagBag from /home/airflow/.local/lib/python3.7/site-packages/airflow/example_dags/example_xcomargs.py
[2024-06-08T23:53:30.881+0000] {processor.py:753} INFO - DAG(s) dict_keys(['example_xcom_args', 'example_xcom_args_with_operators']) retrieved from /home/airflow/.local/lib/python3.7/site-packages/airflow/example_dags/example_xcomargs.py
[2024-06-08T23:53:30.910+0000] {logging_mixin.py:137} INFO - [2024-06-08T23:53:30.910+0000] {dag.py:2690} INFO - Sync 2 DAGs
[2024-06-08T23:53:30.929+0000] {logging_mixin.py:137} INFO - [2024-06-08T23:53:30.929+0000] {dag.py:3441} INFO - Setting next_dagrun for example_xcom_args to None, run_after=None
[2024-06-08T23:53:30.932+0000] {logging_mixin.py:137} INFO - [2024-06-08T23:53:30.932+0000] {dag.py:3441} INFO - Setting next_dagrun for example_xcom_args_with_operators to None, run_after=None
[2024-06-08T23:53:30.945+0000] {processor.py:175} INFO - Processing /home/airflow/.local/lib/python3.7/site-packages/airflow/example_dags/example_xcomargs.py took 0.089 seconds
[2024-06-08T23:54:01.436+0000] {processor.py:153} INFO - Started process (PID=2268) to work on /home/airflow/.local/lib/python3.7/site-packages/airflow/example_dags/example_xcomargs.py
[2024-06-08T23:54:01.438+0000] {processor.py:743} INFO - Processing file /home/airflow/.local/lib/python3.7/site-packages/airflow/example_dags/example_xcomargs.py for tasks to queue
[2024-06-08T23:54:01.439+0000] {logging_mixin.py:137} INFO - [2024-06-08T23:54:01.439+0000] {dagbag.py:538} INFO - Filling up the DagBag from /home/airflow/.local/lib/python3.7/site-packages/airflow/example_dags/example_xcomargs.py
[2024-06-08T23:54:01.457+0000] {processor.py:753} INFO - DAG(s) dict_keys(['example_xcom_args', 'example_xcom_args_with_operators']) retrieved from /home/airflow/.local/lib/python3.7/site-packages/airflow/example_dags/example_xcomargs.py
[2024-06-08T23:54:01.482+0000] {logging_mixin.py:137} INFO - [2024-06-08T23:54:01.482+0000] {dag.py:2690} INFO - Sync 2 DAGs
[2024-06-08T23:54:01.501+0000] {logging_mixin.py:137} INFO - [2024-06-08T23:54:01.501+0000] {dag.py:3441} INFO - Setting next_dagrun for example_xcom_args to None, run_after=None
[2024-06-08T23:54:01.504+0000] {logging_mixin.py:137} INFO - [2024-06-08T23:54:01.504+0000] {dag.py:3441} INFO - Setting next_dagrun for example_xcom_args_with_operators to None, run_after=None
[2024-06-08T23:54:01.517+0000] {processor.py:175} INFO - Processing /home/airflow/.local/lib/python3.7/site-packages/airflow/example_dags/example_xcomargs.py took 0.084 seconds
[2024-06-08T23:54:31.975+0000] {processor.py:153} INFO - Started process (PID=2318) to work on /home/airflow/.local/lib/python3.7/site-packages/airflow/example_dags/example_xcomargs.py
[2024-06-08T23:54:31.976+0000] {processor.py:743} INFO - Processing file /home/airflow/.local/lib/python3.7/site-packages/airflow/example_dags/example_xcomargs.py for tasks to queue
[2024-06-08T23:54:31.977+0000] {logging_mixin.py:137} INFO - [2024-06-08T23:54:31.977+0000] {dagbag.py:538} INFO - Filling up the DagBag from /home/airflow/.local/lib/python3.7/site-packages/airflow/example_dags/example_xcomargs.py
[2024-06-08T23:54:31.995+0000] {processor.py:753} INFO - DAG(s) dict_keys(['example_xcom_args', 'example_xcom_args_with_operators']) retrieved from /home/airflow/.local/lib/python3.7/site-packages/airflow/example_dags/example_xcomargs.py
[2024-06-08T23:54:32.019+0000] {logging_mixin.py:137} INFO - [2024-06-08T23:54:32.019+0000] {dag.py:2690} INFO - Sync 2 DAGs
[2024-06-08T23:54:32.038+0000] {logging_mixin.py:137} INFO - [2024-06-08T23:54:32.038+0000] {dag.py:3441} INFO - Setting next_dagrun for example_xcom_args to None, run_after=None
[2024-06-08T23:54:32.041+0000] {logging_mixin.py:137} INFO - [2024-06-08T23:54:32.041+0000] {dag.py:3441} INFO - Setting next_dagrun for example_xcom_args_with_operators to None, run_after=None
[2024-06-08T23:54:32.053+0000] {processor.py:175} INFO - Processing /home/airflow/.local/lib/python3.7/site-packages/airflow/example_dags/example_xcomargs.py took 0.080 seconds
[2024-06-08T23:55:02.417+0000] {processor.py:153} INFO - Started process (PID=2374) to work on /home/airflow/.local/lib/python3.7/site-packages/airflow/example_dags/example_xcomargs.py
[2024-06-08T23:55:02.419+0000] {processor.py:743} INFO - Processing file /home/airflow/.local/lib/python3.7/site-packages/airflow/example_dags/example_xcomargs.py for tasks to queue
[2024-06-08T23:55:02.420+0000] {logging_mixin.py:137} INFO - [2024-06-08T23:55:02.420+0000] {dagbag.py:538} INFO - Filling up the DagBag from /home/airflow/.local/lib/python3.7/site-packages/airflow/example_dags/example_xcomargs.py
[2024-06-08T23:55:02.437+0000] {processor.py:753} INFO - DAG(s) dict_keys(['example_xcom_args_with_operators', 'example_xcom_args']) retrieved from /home/airflow/.local/lib/python3.7/site-packages/airflow/example_dags/example_xcomargs.py
[2024-06-08T23:55:02.460+0000] {logging_mixin.py:137} INFO - [2024-06-08T23:55:02.460+0000] {dag.py:2690} INFO - Sync 2 DAGs
[2024-06-08T23:55:02.476+0000] {logging_mixin.py:137} INFO - [2024-06-08T23:55:02.476+0000] {dag.py:3441} INFO - Setting next_dagrun for example_xcom_args to None, run_after=None
[2024-06-08T23:55:02.479+0000] {logging_mixin.py:137} INFO - [2024-06-08T23:55:02.479+0000] {dag.py:3441} INFO - Setting next_dagrun for example_xcom_args_with_operators to None, run_after=None
[2024-06-08T23:55:02.490+0000] {processor.py:175} INFO - Processing /home/airflow/.local/lib/python3.7/site-packages/airflow/example_dags/example_xcomargs.py took 0.075 seconds
[2024-06-08T23:55:32.738+0000] {processor.py:153} INFO - Started process (PID=2424) to work on /home/airflow/.local/lib/python3.7/site-packages/airflow/example_dags/example_xcomargs.py
[2024-06-08T23:55:32.739+0000] {processor.py:743} INFO - Processing file /home/airflow/.local/lib/python3.7/site-packages/airflow/example_dags/example_xcomargs.py for tasks to queue
[2024-06-08T23:55:32.740+0000] {logging_mixin.py:137} INFO - [2024-06-08T23:55:32.740+0000] {dagbag.py:538} INFO - Filling up the DagBag from /home/airflow/.local/lib/python3.7/site-packages/airflow/example_dags/example_xcomargs.py
[2024-06-08T23:55:32.757+0000] {processor.py:753} INFO - DAG(s) dict_keys(['example_xcom_args', 'example_xcom_args_with_operators']) retrieved from /home/airflow/.local/lib/python3.7/site-packages/airflow/example_dags/example_xcomargs.py
[2024-06-08T23:55:32.781+0000] {logging_mixin.py:137} INFO - [2024-06-08T23:55:32.781+0000] {dag.py:2690} INFO - Sync 2 DAGs
[2024-06-08T23:55:32.797+0000] {logging_mixin.py:137} INFO - [2024-06-08T23:55:32.797+0000] {dag.py:3441} INFO - Setting next_dagrun for example_xcom_args to None, run_after=None
[2024-06-08T23:55:32.799+0000] {logging_mixin.py:137} INFO - [2024-06-08T23:55:32.799+0000] {dag.py:3441} INFO - Setting next_dagrun for example_xcom_args_with_operators to None, run_after=None
[2024-06-08T23:55:32.810+0000] {processor.py:175} INFO - Processing /home/airflow/.local/lib/python3.7/site-packages/airflow/example_dags/example_xcomargs.py took 0.076 seconds
[2024-06-08T23:56:03.143+0000] {processor.py:153} INFO - Started process (PID=2474) to work on /home/airflow/.local/lib/python3.7/site-packages/airflow/example_dags/example_xcomargs.py
[2024-06-08T23:56:03.145+0000] {processor.py:743} INFO - Processing file /home/airflow/.local/lib/python3.7/site-packages/airflow/example_dags/example_xcomargs.py for tasks to queue
[2024-06-08T23:56:03.145+0000] {logging_mixin.py:137} INFO - [2024-06-08T23:56:03.145+0000] {dagbag.py:538} INFO - Filling up the DagBag from /home/airflow/.local/lib/python3.7/site-packages/airflow/example_dags/example_xcomargs.py
[2024-06-08T23:56:03.162+0000] {processor.py:753} INFO - DAG(s) dict_keys(['example_xcom_args_with_operators', 'example_xcom_args']) retrieved from /home/airflow/.local/lib/python3.7/site-packages/airflow/example_dags/example_xcomargs.py
[2024-06-08T23:56:03.185+0000] {logging_mixin.py:137} INFO - [2024-06-08T23:56:03.184+0000] {dag.py:2690} INFO - Sync 2 DAGs
[2024-06-08T23:56:03.202+0000] {logging_mixin.py:137} INFO - [2024-06-08T23:56:03.202+0000] {dag.py:3441} INFO - Setting next_dagrun for example_xcom_args to None, run_after=None
[2024-06-08T23:56:03.205+0000] {logging_mixin.py:137} INFO - [2024-06-08T23:56:03.204+0000] {dag.py:3441} INFO - Setting next_dagrun for example_xcom_args_with_operators to None, run_after=None
[2024-06-08T23:56:03.216+0000] {processor.py:175} INFO - Processing /home/airflow/.local/lib/python3.7/site-packages/airflow/example_dags/example_xcomargs.py took 0.076 seconds
[2024-06-08T23:56:33.637+0000] {processor.py:153} INFO - Started process (PID=2524) to work on /home/airflow/.local/lib/python3.7/site-packages/airflow/example_dags/example_xcomargs.py
[2024-06-08T23:56:33.639+0000] {processor.py:743} INFO - Processing file /home/airflow/.local/lib/python3.7/site-packages/airflow/example_dags/example_xcomargs.py for tasks to queue
[2024-06-08T23:56:33.640+0000] {logging_mixin.py:137} INFO - [2024-06-08T23:56:33.640+0000] {dagbag.py:538} INFO - Filling up the DagBag from /home/airflow/.local/lib/python3.7/site-packages/airflow/example_dags/example_xcomargs.py
[2024-06-08T23:56:33.657+0000] {processor.py:753} INFO - DAG(s) dict_keys(['example_xcom_args', 'example_xcom_args_with_operators']) retrieved from /home/airflow/.local/lib/python3.7/site-packages/airflow/example_dags/example_xcomargs.py
[2024-06-08T23:56:33.679+0000] {logging_mixin.py:137} INFO - [2024-06-08T23:56:33.679+0000] {dag.py:2690} INFO - Sync 2 DAGs
[2024-06-08T23:56:33.695+0000] {logging_mixin.py:137} INFO - [2024-06-08T23:56:33.695+0000] {dag.py:3441} INFO - Setting next_dagrun for example_xcom_args to None, run_after=None
[2024-06-08T23:56:33.698+0000] {logging_mixin.py:137} INFO - [2024-06-08T23:56:33.698+0000] {dag.py:3441} INFO - Setting next_dagrun for example_xcom_args_with_operators to None, run_after=None
[2024-06-08T23:56:33.708+0000] {processor.py:175} INFO - Processing /home/airflow/.local/lib/python3.7/site-packages/airflow/example_dags/example_xcomargs.py took 0.075 seconds
[2024-06-08T23:57:04.024+0000] {processor.py:153} INFO - Started process (PID=2574) to work on /home/airflow/.local/lib/python3.7/site-packages/airflow/example_dags/example_xcomargs.py
[2024-06-08T23:57:04.025+0000] {processor.py:743} INFO - Processing file /home/airflow/.local/lib/python3.7/site-packages/airflow/example_dags/example_xcomargs.py for tasks to queue
[2024-06-08T23:57:04.026+0000] {logging_mixin.py:137} INFO - [2024-06-08T23:57:04.026+0000] {dagbag.py:538} INFO - Filling up the DagBag from /home/airflow/.local/lib/python3.7/site-packages/airflow/example_dags/example_xcomargs.py
[2024-06-08T23:57:04.043+0000] {processor.py:753} INFO - DAG(s) dict_keys(['example_xcom_args_with_operators', 'example_xcom_args']) retrieved from /home/airflow/.local/lib/python3.7/site-packages/airflow/example_dags/example_xcomargs.py
[2024-06-08T23:57:04.067+0000] {logging_mixin.py:137} INFO - [2024-06-08T23:57:04.067+0000] {dag.py:2690} INFO - Sync 2 DAGs
[2024-06-08T23:57:04.083+0000] {logging_mixin.py:137} INFO - [2024-06-08T23:57:04.083+0000] {dag.py:3441} INFO - Setting next_dagrun for example_xcom_args to None, run_after=None
[2024-06-08T23:57:04.086+0000] {logging_mixin.py:137} INFO - [2024-06-08T23:57:04.086+0000] {dag.py:3441} INFO - Setting next_dagrun for example_xcom_args_with_operators to None, run_after=None
[2024-06-08T23:57:04.098+0000] {processor.py:175} INFO - Processing /home/airflow/.local/lib/python3.7/site-packages/airflow/example_dags/example_xcomargs.py took 0.076 seconds
[2024-06-08T23:57:34.569+0000] {processor.py:153} INFO - Started process (PID=2624) to work on /home/airflow/.local/lib/python3.7/site-packages/airflow/example_dags/example_xcomargs.py
[2024-06-08T23:57:34.570+0000] {processor.py:743} INFO - Processing file /home/airflow/.local/lib/python3.7/site-packages/airflow/example_dags/example_xcomargs.py for tasks to queue
[2024-06-08T23:57:34.571+0000] {logging_mixin.py:137} INFO - [2024-06-08T23:57:34.571+0000] {dagbag.py:538} INFO - Filling up the DagBag from /home/airflow/.local/lib/python3.7/site-packages/airflow/example_dags/example_xcomargs.py
[2024-06-08T23:57:34.590+0000] {processor.py:753} INFO - DAG(s) dict_keys(['example_xcom_args_with_operators', 'example_xcom_args']) retrieved from /home/airflow/.local/lib/python3.7/site-packages/airflow/example_dags/example_xcomargs.py
[2024-06-08T23:57:34.612+0000] {logging_mixin.py:137} INFO - [2024-06-08T23:57:34.612+0000] {dag.py:2690} INFO - Sync 2 DAGs
[2024-06-08T23:57:34.627+0000] {logging_mixin.py:137} INFO - [2024-06-08T23:57:34.627+0000] {dag.py:3441} INFO - Setting next_dagrun for example_xcom_args to None, run_after=None
[2024-06-08T23:57:34.630+0000] {logging_mixin.py:137} INFO - [2024-06-08T23:57:34.630+0000] {dag.py:3441} INFO - Setting next_dagrun for example_xcom_args_with_operators to None, run_after=None
[2024-06-08T23:57:34.640+0000] {processor.py:175} INFO - Processing /home/airflow/.local/lib/python3.7/site-packages/airflow/example_dags/example_xcomargs.py took 0.074 seconds
[2024-06-08T23:58:05.076+0000] {processor.py:153} INFO - Started process (PID=2674) to work on /home/airflow/.local/lib/python3.7/site-packages/airflow/example_dags/example_xcomargs.py
[2024-06-08T23:58:05.078+0000] {processor.py:743} INFO - Processing file /home/airflow/.local/lib/python3.7/site-packages/airflow/example_dags/example_xcomargs.py for tasks to queue
[2024-06-08T23:58:05.079+0000] {logging_mixin.py:137} INFO - [2024-06-08T23:58:05.079+0000] {dagbag.py:538} INFO - Filling up the DagBag from /home/airflow/.local/lib/python3.7/site-packages/airflow/example_dags/example_xcomargs.py
[2024-06-08T23:58:05.100+0000] {processor.py:753} INFO - DAG(s) dict_keys(['example_xcom_args_with_operators', 'example_xcom_args']) retrieved from /home/airflow/.local/lib/python3.7/site-packages/airflow/example_dags/example_xcomargs.py
[2024-06-08T23:58:05.128+0000] {logging_mixin.py:137} INFO - [2024-06-08T23:58:05.128+0000] {dag.py:2690} INFO - Sync 2 DAGs
[2024-06-08T23:58:05.147+0000] {logging_mixin.py:137} INFO - [2024-06-08T23:58:05.147+0000] {dag.py:3441} INFO - Setting next_dagrun for example_xcom_args to None, run_after=None
[2024-06-08T23:58:05.150+0000] {logging_mixin.py:137} INFO - [2024-06-08T23:58:05.149+0000] {dag.py:3441} INFO - Setting next_dagrun for example_xcom_args_with_operators to None, run_after=None
[2024-06-08T23:58:05.161+0000] {processor.py:175} INFO - Processing /home/airflow/.local/lib/python3.7/site-packages/airflow/example_dags/example_xcomargs.py took 0.089 seconds
[2024-06-08T23:58:36.030+0000] {processor.py:153} INFO - Started process (PID=2724) to work on /home/airflow/.local/lib/python3.7/site-packages/airflow/example_dags/example_xcomargs.py
[2024-06-08T23:58:36.032+0000] {processor.py:743} INFO - Processing file /home/airflow/.local/lib/python3.7/site-packages/airflow/example_dags/example_xcomargs.py for tasks to queue
[2024-06-08T23:58:36.033+0000] {logging_mixin.py:137} INFO - [2024-06-08T23:58:36.033+0000] {dagbag.py:538} INFO - Filling up the DagBag from /home/airflow/.local/lib/python3.7/site-packages/airflow/example_dags/example_xcomargs.py
[2024-06-08T23:58:36.051+0000] {processor.py:753} INFO - DAG(s) dict_keys(['example_xcom_args_with_operators', 'example_xcom_args']) retrieved from /home/airflow/.local/lib/python3.7/site-packages/airflow/example_dags/example_xcomargs.py
[2024-06-08T23:58:36.076+0000] {logging_mixin.py:137} INFO - [2024-06-08T23:58:36.076+0000] {dag.py:2690} INFO - Sync 2 DAGs
[2024-06-08T23:58:36.093+0000] {logging_mixin.py:137} INFO - [2024-06-08T23:58:36.093+0000] {dag.py:3441} INFO - Setting next_dagrun for example_xcom_args to None, run_after=None
[2024-06-08T23:58:36.096+0000] {logging_mixin.py:137} INFO - [2024-06-08T23:58:36.095+0000] {dag.py:3441} INFO - Setting next_dagrun for example_xcom_args_with_operators to None, run_after=None
[2024-06-08T23:58:36.106+0000] {processor.py:175} INFO - Processing /home/airflow/.local/lib/python3.7/site-packages/airflow/example_dags/example_xcomargs.py took 0.079 seconds
[2024-06-08T23:59:06.676+0000] {processor.py:153} INFO - Started process (PID=2774) to work on /home/airflow/.local/lib/python3.7/site-packages/airflow/example_dags/example_xcomargs.py
[2024-06-08T23:59:06.678+0000] {processor.py:743} INFO - Processing file /home/airflow/.local/lib/python3.7/site-packages/airflow/example_dags/example_xcomargs.py for tasks to queue
[2024-06-08T23:59:06.679+0000] {logging_mixin.py:137} INFO - [2024-06-08T23:59:06.679+0000] {dagbag.py:538} INFO - Filling up the DagBag from /home/airflow/.local/lib/python3.7/site-packages/airflow/example_dags/example_xcomargs.py
[2024-06-08T23:59:06.697+0000] {processor.py:753} INFO - DAG(s) dict_keys(['example_xcom_args_with_operators', 'example_xcom_args']) retrieved from /home/airflow/.local/lib/python3.7/site-packages/airflow/example_dags/example_xcomargs.py
[2024-06-08T23:59:06.720+0000] {logging_mixin.py:137} INFO - [2024-06-08T23:59:06.720+0000] {dag.py:2690} INFO - Sync 2 DAGs
[2024-06-08T23:59:06.737+0000] {logging_mixin.py:137} INFO - [2024-06-08T23:59:06.737+0000] {dag.py:3441} INFO - Setting next_dagrun for example_xcom_args to None, run_after=None
[2024-06-08T23:59:06.741+0000] {logging_mixin.py:137} INFO - [2024-06-08T23:59:06.740+0000] {dag.py:3441} INFO - Setting next_dagrun for example_xcom_args_with_operators to None, run_after=None
[2024-06-08T23:59:06.752+0000] {processor.py:175} INFO - Processing /home/airflow/.local/lib/python3.7/site-packages/airflow/example_dags/example_xcomargs.py took 0.079 seconds
[2024-06-08T23:59:37.026+0000] {processor.py:153} INFO - Started process (PID=2824) to work on /home/airflow/.local/lib/python3.7/site-packages/airflow/example_dags/example_xcomargs.py
[2024-06-08T23:59:37.028+0000] {processor.py:743} INFO - Processing file /home/airflow/.local/lib/python3.7/site-packages/airflow/example_dags/example_xcomargs.py for tasks to queue
[2024-06-08T23:59:37.028+0000] {logging_mixin.py:137} INFO - [2024-06-08T23:59:37.028+0000] {dagbag.py:538} INFO - Filling up the DagBag from /home/airflow/.local/lib/python3.7/site-packages/airflow/example_dags/example_xcomargs.py
[2024-06-08T23:59:37.045+0000] {processor.py:753} INFO - DAG(s) dict_keys(['example_xcom_args', 'example_xcom_args_with_operators']) retrieved from /home/airflow/.local/lib/python3.7/site-packages/airflow/example_dags/example_xcomargs.py
[2024-06-08T23:59:37.066+0000] {logging_mixin.py:137} INFO - [2024-06-08T23:59:37.066+0000] {dag.py:2690} INFO - Sync 2 DAGs
[2024-06-08T23:59:37.083+0000] {logging_mixin.py:137} INFO - [2024-06-08T23:59:37.083+0000] {dag.py:3441} INFO - Setting next_dagrun for example_xcom_args to None, run_after=None
[2024-06-08T23:59:37.086+0000] {logging_mixin.py:137} INFO - [2024-06-08T23:59:37.086+0000] {dag.py:3441} INFO - Setting next_dagrun for example_xcom_args_with_operators to None, run_after=None
[2024-06-08T23:59:37.096+0000] {processor.py:175} INFO - Processing /home/airflow/.local/lib/python3.7/site-packages/airflow/example_dags/example_xcomargs.py took 0.074 seconds
