[2024-06-08T23:31:37.076+0000] {processor.py:153} INFO - Started process (PID=73) to work on /home/airflow/.local/lib/python3.7/site-packages/airflow/example_dags/example_branch_labels.py
[2024-06-08T23:31:37.077+0000] {processor.py:743} INFO - Processing file /home/airflow/.local/lib/python3.7/site-packages/airflow/example_dags/example_branch_labels.py for tasks to queue
[2024-06-08T23:31:37.078+0000] {logging_mixin.py:137} INFO - [2024-06-08T23:31:37.078+0000] {dagbag.py:538} INFO - Filling up the DagBag from /home/airflow/.local/lib/python3.7/site-packages/airflow/example_dags/example_branch_labels.py
[2024-06-08T23:31:37.095+0000] {processor.py:753} INFO - DAG(s) dict_keys(['example_branch_labels']) retrieved from /home/airflow/.local/lib/python3.7/site-packages/airflow/example_dags/example_branch_labels.py
[2024-06-08T23:31:37.124+0000] {logging_mixin.py:137} INFO - [2024-06-08T23:31:37.124+0000] {dag.py:2690} INFO - Sync 1 DAGs
[2024-06-08T23:31:37.144+0000] {logging_mixin.py:137} INFO - [2024-06-08T23:31:37.144+0000] {dag.py:3441} INFO - Setting next_dagrun for example_branch_labels to 2024-06-07T00:00:00+00:00, run_after=2024-06-08T00:00:00+00:00
[2024-06-08T23:31:37.159+0000] {processor.py:175} INFO - Processing /home/airflow/.local/lib/python3.7/site-packages/airflow/example_dags/example_branch_labels.py took 0.087 seconds
[2024-06-08T23:32:07.656+0000] {processor.py:153} INFO - Started process (PID=123) to work on /home/airflow/.local/lib/python3.7/site-packages/airflow/example_dags/example_branch_labels.py
[2024-06-08T23:32:07.657+0000] {processor.py:743} INFO - Processing file /home/airflow/.local/lib/python3.7/site-packages/airflow/example_dags/example_branch_labels.py for tasks to queue
[2024-06-08T23:32:07.658+0000] {logging_mixin.py:137} INFO - [2024-06-08T23:32:07.658+0000] {dagbag.py:538} INFO - Filling up the DagBag from /home/airflow/.local/lib/python3.7/site-packages/airflow/example_dags/example_branch_labels.py
[2024-06-08T23:32:07.669+0000] {processor.py:753} INFO - DAG(s) dict_keys(['example_branch_labels']) retrieved from /home/airflow/.local/lib/python3.7/site-packages/airflow/example_dags/example_branch_labels.py
[2024-06-08T23:32:07.690+0000] {logging_mixin.py:137} INFO - [2024-06-08T23:32:07.690+0000] {dag.py:2690} INFO - Sync 1 DAGs
[2024-06-08T23:32:07.708+0000] {logging_mixin.py:137} INFO - [2024-06-08T23:32:07.708+0000] {dag.py:3441} INFO - Setting next_dagrun for example_branch_labels to 2024-06-07T00:00:00+00:00, run_after=2024-06-08T00:00:00+00:00
[2024-06-08T23:32:07.720+0000] {processor.py:175} INFO - Processing /home/airflow/.local/lib/python3.7/site-packages/airflow/example_dags/example_branch_labels.py took 0.067 seconds
[2024-06-08T23:32:37.948+0000] {processor.py:153} INFO - Started process (PID=173) to work on /home/airflow/.local/lib/python3.7/site-packages/airflow/example_dags/example_branch_labels.py
[2024-06-08T23:32:37.950+0000] {processor.py:743} INFO - Processing file /home/airflow/.local/lib/python3.7/site-packages/airflow/example_dags/example_branch_labels.py for tasks to queue
[2024-06-08T23:32:37.951+0000] {logging_mixin.py:137} INFO - [2024-06-08T23:32:37.951+0000] {dagbag.py:538} INFO - Filling up the DagBag from /home/airflow/.local/lib/python3.7/site-packages/airflow/example_dags/example_branch_labels.py
[2024-06-08T23:32:37.963+0000] {processor.py:753} INFO - DAG(s) dict_keys(['example_branch_labels']) retrieved from /home/airflow/.local/lib/python3.7/site-packages/airflow/example_dags/example_branch_labels.py
[2024-06-08T23:32:37.986+0000] {logging_mixin.py:137} INFO - [2024-06-08T23:32:37.986+0000] {dag.py:2690} INFO - Sync 1 DAGs
[2024-06-08T23:32:38.003+0000] {logging_mixin.py:137} INFO - [2024-06-08T23:32:38.003+0000] {dag.py:3441} INFO - Setting next_dagrun for example_branch_labels to 2024-06-07T00:00:00+00:00, run_after=2024-06-08T00:00:00+00:00
[2024-06-08T23:32:38.015+0000] {processor.py:175} INFO - Processing /home/airflow/.local/lib/python3.7/site-packages/airflow/example_dags/example_branch_labels.py took 0.071 seconds
[2024-06-08T23:33:08.224+0000] {processor.py:153} INFO - Started process (PID=223) to work on /home/airflow/.local/lib/python3.7/site-packages/airflow/example_dags/example_branch_labels.py
[2024-06-08T23:33:08.226+0000] {processor.py:743} INFO - Processing file /home/airflow/.local/lib/python3.7/site-packages/airflow/example_dags/example_branch_labels.py for tasks to queue
[2024-06-08T23:33:08.227+0000] {logging_mixin.py:137} INFO - [2024-06-08T23:33:08.227+0000] {dagbag.py:538} INFO - Filling up the DagBag from /home/airflow/.local/lib/python3.7/site-packages/airflow/example_dags/example_branch_labels.py
[2024-06-08T23:33:08.238+0000] {processor.py:753} INFO - DAG(s) dict_keys(['example_branch_labels']) retrieved from /home/airflow/.local/lib/python3.7/site-packages/airflow/example_dags/example_branch_labels.py
[2024-06-08T23:33:08.258+0000] {logging_mixin.py:137} INFO - [2024-06-08T23:33:08.258+0000] {dag.py:2690} INFO - Sync 1 DAGs
[2024-06-08T23:33:08.274+0000] {logging_mixin.py:137} INFO - [2024-06-08T23:33:08.274+0000] {dag.py:3441} INFO - Setting next_dagrun for example_branch_labels to 2024-06-07T00:00:00+00:00, run_after=2024-06-08T00:00:00+00:00
[2024-06-08T23:33:08.286+0000] {processor.py:175} INFO - Processing /home/airflow/.local/lib/python3.7/site-packages/airflow/example_dags/example_branch_labels.py took 0.065 seconds
[2024-06-08T23:33:38.474+0000] {processor.py:153} INFO - Started process (PID=274) to work on /home/airflow/.local/lib/python3.7/site-packages/airflow/example_dags/example_branch_labels.py
[2024-06-08T23:33:38.476+0000] {processor.py:743} INFO - Processing file /home/airflow/.local/lib/python3.7/site-packages/airflow/example_dags/example_branch_labels.py for tasks to queue
[2024-06-08T23:33:38.477+0000] {logging_mixin.py:137} INFO - [2024-06-08T23:33:38.477+0000] {dagbag.py:538} INFO - Filling up the DagBag from /home/airflow/.local/lib/python3.7/site-packages/airflow/example_dags/example_branch_labels.py
[2024-06-08T23:33:38.487+0000] {processor.py:753} INFO - DAG(s) dict_keys(['example_branch_labels']) retrieved from /home/airflow/.local/lib/python3.7/site-packages/airflow/example_dags/example_branch_labels.py
[2024-06-08T23:33:38.506+0000] {logging_mixin.py:137} INFO - [2024-06-08T23:33:38.506+0000] {dag.py:2690} INFO - Sync 1 DAGs
[2024-06-08T23:33:38.524+0000] {logging_mixin.py:137} INFO - [2024-06-08T23:33:38.524+0000] {dag.py:3441} INFO - Setting next_dagrun for example_branch_labels to 2024-06-07T00:00:00+00:00, run_after=2024-06-08T00:00:00+00:00
[2024-06-08T23:33:38.535+0000] {processor.py:175} INFO - Processing /home/airflow/.local/lib/python3.7/site-packages/airflow/example_dags/example_branch_labels.py took 0.063 seconds
[2024-06-08T23:34:09.024+0000] {processor.py:153} INFO - Started process (PID=323) to work on /home/airflow/.local/lib/python3.7/site-packages/airflow/example_dags/example_branch_labels.py
[2024-06-08T23:34:09.026+0000] {processor.py:743} INFO - Processing file /home/airflow/.local/lib/python3.7/site-packages/airflow/example_dags/example_branch_labels.py for tasks to queue
[2024-06-08T23:34:09.027+0000] {logging_mixin.py:137} INFO - [2024-06-08T23:34:09.026+0000] {dagbag.py:538} INFO - Filling up the DagBag from /home/airflow/.local/lib/python3.7/site-packages/airflow/example_dags/example_branch_labels.py
[2024-06-08T23:34:09.038+0000] {processor.py:753} INFO - DAG(s) dict_keys(['example_branch_labels']) retrieved from /home/airflow/.local/lib/python3.7/site-packages/airflow/example_dags/example_branch_labels.py
[2024-06-08T23:34:09.061+0000] {logging_mixin.py:137} INFO - [2024-06-08T23:34:09.061+0000] {dag.py:2690} INFO - Sync 1 DAGs
[2024-06-08T23:34:09.079+0000] {logging_mixin.py:137} INFO - [2024-06-08T23:34:09.078+0000] {dag.py:3441} INFO - Setting next_dagrun for example_branch_labels to 2024-06-07T00:00:00+00:00, run_after=2024-06-08T00:00:00+00:00
[2024-06-08T23:34:09.093+0000] {processor.py:175} INFO - Processing /home/airflow/.local/lib/python3.7/site-packages/airflow/example_dags/example_branch_labels.py took 0.072 seconds
[2024-06-08T23:34:39.773+0000] {processor.py:153} INFO - Started process (PID=373) to work on /home/airflow/.local/lib/python3.7/site-packages/airflow/example_dags/example_branch_labels.py
[2024-06-08T23:34:39.775+0000] {processor.py:743} INFO - Processing file /home/airflow/.local/lib/python3.7/site-packages/airflow/example_dags/example_branch_labels.py for tasks to queue
[2024-06-08T23:34:39.776+0000] {logging_mixin.py:137} INFO - [2024-06-08T23:34:39.776+0000] {dagbag.py:538} INFO - Filling up the DagBag from /home/airflow/.local/lib/python3.7/site-packages/airflow/example_dags/example_branch_labels.py
[2024-06-08T23:34:39.787+0000] {processor.py:753} INFO - DAG(s) dict_keys(['example_branch_labels']) retrieved from /home/airflow/.local/lib/python3.7/site-packages/airflow/example_dags/example_branch_labels.py
[2024-06-08T23:34:39.808+0000] {logging_mixin.py:137} INFO - [2024-06-08T23:34:39.808+0000] {dag.py:2690} INFO - Sync 1 DAGs
[2024-06-08T23:34:39.825+0000] {logging_mixin.py:137} INFO - [2024-06-08T23:34:39.825+0000] {dag.py:3441} INFO - Setting next_dagrun for example_branch_labels to 2024-06-07T00:00:00+00:00, run_after=2024-06-08T00:00:00+00:00
[2024-06-08T23:34:39.836+0000] {processor.py:175} INFO - Processing /home/airflow/.local/lib/python3.7/site-packages/airflow/example_dags/example_branch_labels.py took 0.065 seconds
[2024-06-08T23:35:10.304+0000] {processor.py:153} INFO - Started process (PID=423) to work on /home/airflow/.local/lib/python3.7/site-packages/airflow/example_dags/example_branch_labels.py
[2024-06-08T23:35:10.306+0000] {processor.py:743} INFO - Processing file /home/airflow/.local/lib/python3.7/site-packages/airflow/example_dags/example_branch_labels.py for tasks to queue
[2024-06-08T23:35:10.307+0000] {logging_mixin.py:137} INFO - [2024-06-08T23:35:10.306+0000] {dagbag.py:538} INFO - Filling up the DagBag from /home/airflow/.local/lib/python3.7/site-packages/airflow/example_dags/example_branch_labels.py
[2024-06-08T23:35:10.318+0000] {processor.py:753} INFO - DAG(s) dict_keys(['example_branch_labels']) retrieved from /home/airflow/.local/lib/python3.7/site-packages/airflow/example_dags/example_branch_labels.py
[2024-06-08T23:35:10.338+0000] {logging_mixin.py:137} INFO - [2024-06-08T23:35:10.337+0000] {dag.py:2690} INFO - Sync 1 DAGs
[2024-06-08T23:35:10.354+0000] {logging_mixin.py:137} INFO - [2024-06-08T23:35:10.354+0000] {dag.py:3441} INFO - Setting next_dagrun for example_branch_labels to 2024-06-07T00:00:00+00:00, run_after=2024-06-08T00:00:00+00:00
[2024-06-08T23:35:10.368+0000] {processor.py:175} INFO - Processing /home/airflow/.local/lib/python3.7/site-packages/airflow/example_dags/example_branch_labels.py took 0.067 seconds
[2024-06-08T23:35:40.860+0000] {processor.py:153} INFO - Started process (PID=473) to work on /home/airflow/.local/lib/python3.7/site-packages/airflow/example_dags/example_branch_labels.py
[2024-06-08T23:35:40.862+0000] {processor.py:743} INFO - Processing file /home/airflow/.local/lib/python3.7/site-packages/airflow/example_dags/example_branch_labels.py for tasks to queue
[2024-06-08T23:35:40.862+0000] {logging_mixin.py:137} INFO - [2024-06-08T23:35:40.862+0000] {dagbag.py:538} INFO - Filling up the DagBag from /home/airflow/.local/lib/python3.7/site-packages/airflow/example_dags/example_branch_labels.py
[2024-06-08T23:35:40.874+0000] {processor.py:753} INFO - DAG(s) dict_keys(['example_branch_labels']) retrieved from /home/airflow/.local/lib/python3.7/site-packages/airflow/example_dags/example_branch_labels.py
[2024-06-08T23:35:40.895+0000] {logging_mixin.py:137} INFO - [2024-06-08T23:35:40.895+0000] {dag.py:2690} INFO - Sync 1 DAGs
[2024-06-08T23:35:40.913+0000] {logging_mixin.py:137} INFO - [2024-06-08T23:35:40.913+0000] {dag.py:3441} INFO - Setting next_dagrun for example_branch_labels to 2024-06-07T00:00:00+00:00, run_after=2024-06-08T00:00:00+00:00
[2024-06-08T23:35:40.930+0000] {processor.py:175} INFO - Processing /home/airflow/.local/lib/python3.7/site-packages/airflow/example_dags/example_branch_labels.py took 0.072 seconds
[2024-06-08T23:36:11.337+0000] {processor.py:153} INFO - Started process (PID=523) to work on /home/airflow/.local/lib/python3.7/site-packages/airflow/example_dags/example_branch_labels.py
[2024-06-08T23:36:11.339+0000] {processor.py:743} INFO - Processing file /home/airflow/.local/lib/python3.7/site-packages/airflow/example_dags/example_branch_labels.py for tasks to queue
[2024-06-08T23:36:11.340+0000] {logging_mixin.py:137} INFO - [2024-06-08T23:36:11.340+0000] {dagbag.py:538} INFO - Filling up the DagBag from /home/airflow/.local/lib/python3.7/site-packages/airflow/example_dags/example_branch_labels.py
[2024-06-08T23:36:11.352+0000] {processor.py:753} INFO - DAG(s) dict_keys(['example_branch_labels']) retrieved from /home/airflow/.local/lib/python3.7/site-packages/airflow/example_dags/example_branch_labels.py
[2024-06-08T23:36:11.376+0000] {logging_mixin.py:137} INFO - [2024-06-08T23:36:11.376+0000] {dag.py:2690} INFO - Sync 1 DAGs
[2024-06-08T23:36:11.394+0000] {logging_mixin.py:137} INFO - [2024-06-08T23:36:11.394+0000] {dag.py:3441} INFO - Setting next_dagrun for example_branch_labels to 2024-06-07T00:00:00+00:00, run_after=2024-06-08T00:00:00+00:00
[2024-06-08T23:36:11.408+0000] {processor.py:175} INFO - Processing /home/airflow/.local/lib/python3.7/site-packages/airflow/example_dags/example_branch_labels.py took 0.074 seconds
[2024-06-08T23:36:42.185+0000] {processor.py:153} INFO - Started process (PID=573) to work on /home/airflow/.local/lib/python3.7/site-packages/airflow/example_dags/example_branch_labels.py
[2024-06-08T23:36:42.186+0000] {processor.py:743} INFO - Processing file /home/airflow/.local/lib/python3.7/site-packages/airflow/example_dags/example_branch_labels.py for tasks to queue
[2024-06-08T23:36:42.187+0000] {logging_mixin.py:137} INFO - [2024-06-08T23:36:42.187+0000] {dagbag.py:538} INFO - Filling up the DagBag from /home/airflow/.local/lib/python3.7/site-packages/airflow/example_dags/example_branch_labels.py
[2024-06-08T23:36:42.198+0000] {processor.py:753} INFO - DAG(s) dict_keys(['example_branch_labels']) retrieved from /home/airflow/.local/lib/python3.7/site-packages/airflow/example_dags/example_branch_labels.py
[2024-06-08T23:36:42.220+0000] {logging_mixin.py:137} INFO - [2024-06-08T23:36:42.220+0000] {dag.py:2690} INFO - Sync 1 DAGs
[2024-06-08T23:36:42.237+0000] {logging_mixin.py:137} INFO - [2024-06-08T23:36:42.237+0000] {dag.py:3441} INFO - Setting next_dagrun for example_branch_labels to 2024-06-07T00:00:00+00:00, run_after=2024-06-08T00:00:00+00:00
[2024-06-08T23:36:42.251+0000] {processor.py:175} INFO - Processing /home/airflow/.local/lib/python3.7/site-packages/airflow/example_dags/example_branch_labels.py took 0.069 seconds
[2024-06-08T23:37:12.745+0000] {processor.py:153} INFO - Started process (PID=623) to work on /home/airflow/.local/lib/python3.7/site-packages/airflow/example_dags/example_branch_labels.py
[2024-06-08T23:37:12.746+0000] {processor.py:743} INFO - Processing file /home/airflow/.local/lib/python3.7/site-packages/airflow/example_dags/example_branch_labels.py for tasks to queue
[2024-06-08T23:37:12.747+0000] {logging_mixin.py:137} INFO - [2024-06-08T23:37:12.747+0000] {dagbag.py:538} INFO - Filling up the DagBag from /home/airflow/.local/lib/python3.7/site-packages/airflow/example_dags/example_branch_labels.py
[2024-06-08T23:37:12.758+0000] {processor.py:753} INFO - DAG(s) dict_keys(['example_branch_labels']) retrieved from /home/airflow/.local/lib/python3.7/site-packages/airflow/example_dags/example_branch_labels.py
[2024-06-08T23:37:12.779+0000] {logging_mixin.py:137} INFO - [2024-06-08T23:37:12.778+0000] {dag.py:2690} INFO - Sync 1 DAGs
[2024-06-08T23:37:12.796+0000] {logging_mixin.py:137} INFO - [2024-06-08T23:37:12.796+0000] {dag.py:3441} INFO - Setting next_dagrun for example_branch_labels to 2024-06-07T00:00:00+00:00, run_after=2024-06-08T00:00:00+00:00
[2024-06-08T23:37:12.809+0000] {processor.py:175} INFO - Processing /home/airflow/.local/lib/python3.7/site-packages/airflow/example_dags/example_branch_labels.py took 0.066 seconds
[2024-06-08T23:37:43.101+0000] {processor.py:153} INFO - Started process (PID=673) to work on /home/airflow/.local/lib/python3.7/site-packages/airflow/example_dags/example_branch_labels.py
[2024-06-08T23:37:43.103+0000] {processor.py:743} INFO - Processing file /home/airflow/.local/lib/python3.7/site-packages/airflow/example_dags/example_branch_labels.py for tasks to queue
[2024-06-08T23:37:43.103+0000] {logging_mixin.py:137} INFO - [2024-06-08T23:37:43.103+0000] {dagbag.py:538} INFO - Filling up the DagBag from /home/airflow/.local/lib/python3.7/site-packages/airflow/example_dags/example_branch_labels.py
[2024-06-08T23:37:43.113+0000] {processor.py:753} INFO - DAG(s) dict_keys(['example_branch_labels']) retrieved from /home/airflow/.local/lib/python3.7/site-packages/airflow/example_dags/example_branch_labels.py
[2024-06-08T23:37:43.135+0000] {logging_mixin.py:137} INFO - [2024-06-08T23:37:43.135+0000] {dag.py:2690} INFO - Sync 1 DAGs
[2024-06-08T23:37:43.151+0000] {logging_mixin.py:137} INFO - [2024-06-08T23:37:43.151+0000] {dag.py:3441} INFO - Setting next_dagrun for example_branch_labels to 2024-06-07T00:00:00+00:00, run_after=2024-06-08T00:00:00+00:00
[2024-06-08T23:37:43.163+0000] {processor.py:175} INFO - Processing /home/airflow/.local/lib/python3.7/site-packages/airflow/example_dags/example_branch_labels.py took 0.065 seconds
[2024-06-08T23:38:14.486+0000] {processor.py:153} INFO - Started process (PID=723) to work on /home/airflow/.local/lib/python3.7/site-packages/airflow/example_dags/example_branch_labels.py
[2024-06-08T23:38:14.491+0000] {processor.py:743} INFO - Processing file /home/airflow/.local/lib/python3.7/site-packages/airflow/example_dags/example_branch_labels.py for tasks to queue
[2024-06-08T23:38:14.493+0000] {logging_mixin.py:137} INFO - [2024-06-08T23:38:14.493+0000] {dagbag.py:538} INFO - Filling up the DagBag from /home/airflow/.local/lib/python3.7/site-packages/airflow/example_dags/example_branch_labels.py
[2024-06-08T23:38:14.507+0000] {processor.py:753} INFO - DAG(s) dict_keys(['example_branch_labels']) retrieved from /home/airflow/.local/lib/python3.7/site-packages/airflow/example_dags/example_branch_labels.py
[2024-06-08T23:38:14.536+0000] {logging_mixin.py:137} INFO - [2024-06-08T23:38:14.536+0000] {dag.py:2690} INFO - Sync 1 DAGs
[2024-06-08T23:38:14.562+0000] {logging_mixin.py:137} INFO - [2024-06-08T23:38:14.562+0000] {dag.py:3441} INFO - Setting next_dagrun for example_branch_labels to 2024-06-07T00:00:00+00:00, run_after=2024-06-08T00:00:00+00:00
[2024-06-08T23:38:14.613+0000] {processor.py:175} INFO - Processing /home/airflow/.local/lib/python3.7/site-packages/airflow/example_dags/example_branch_labels.py took 0.131 seconds
[2024-06-08T23:38:45.199+0000] {processor.py:153} INFO - Started process (PID=773) to work on /home/airflow/.local/lib/python3.7/site-packages/airflow/example_dags/example_branch_labels.py
[2024-06-08T23:38:45.200+0000] {processor.py:743} INFO - Processing file /home/airflow/.local/lib/python3.7/site-packages/airflow/example_dags/example_branch_labels.py for tasks to queue
[2024-06-08T23:38:45.201+0000] {logging_mixin.py:137} INFO - [2024-06-08T23:38:45.201+0000] {dagbag.py:538} INFO - Filling up the DagBag from /home/airflow/.local/lib/python3.7/site-packages/airflow/example_dags/example_branch_labels.py
[2024-06-08T23:38:45.211+0000] {processor.py:753} INFO - DAG(s) dict_keys(['example_branch_labels']) retrieved from /home/airflow/.local/lib/python3.7/site-packages/airflow/example_dags/example_branch_labels.py
[2024-06-08T23:38:45.232+0000] {logging_mixin.py:137} INFO - [2024-06-08T23:38:45.232+0000] {dag.py:2690} INFO - Sync 1 DAGs
[2024-06-08T23:38:45.250+0000] {logging_mixin.py:137} INFO - [2024-06-08T23:38:45.250+0000] {dag.py:3441} INFO - Setting next_dagrun for example_branch_labels to 2024-06-07T00:00:00+00:00, run_after=2024-06-08T00:00:00+00:00
[2024-06-08T23:38:45.262+0000] {processor.py:175} INFO - Processing /home/airflow/.local/lib/python3.7/site-packages/airflow/example_dags/example_branch_labels.py took 0.066 seconds
[2024-06-08T23:39:15.953+0000] {processor.py:153} INFO - Started process (PID=823) to work on /home/airflow/.local/lib/python3.7/site-packages/airflow/example_dags/example_branch_labels.py
[2024-06-08T23:39:15.955+0000] {processor.py:743} INFO - Processing file /home/airflow/.local/lib/python3.7/site-packages/airflow/example_dags/example_branch_labels.py for tasks to queue
[2024-06-08T23:39:15.956+0000] {logging_mixin.py:137} INFO - [2024-06-08T23:39:15.956+0000] {dagbag.py:538} INFO - Filling up the DagBag from /home/airflow/.local/lib/python3.7/site-packages/airflow/example_dags/example_branch_labels.py
[2024-06-08T23:39:15.967+0000] {processor.py:753} INFO - DAG(s) dict_keys(['example_branch_labels']) retrieved from /home/airflow/.local/lib/python3.7/site-packages/airflow/example_dags/example_branch_labels.py
[2024-06-08T23:39:15.991+0000] {logging_mixin.py:137} INFO - [2024-06-08T23:39:15.991+0000] {dag.py:2690} INFO - Sync 1 DAGs
[2024-06-08T23:39:16.009+0000] {logging_mixin.py:137} INFO - [2024-06-08T23:39:16.009+0000] {dag.py:3441} INFO - Setting next_dagrun for example_branch_labels to 2024-06-07T00:00:00+00:00, run_after=2024-06-08T00:00:00+00:00
[2024-06-08T23:39:16.023+0000] {processor.py:175} INFO - Processing /home/airflow/.local/lib/python3.7/site-packages/airflow/example_dags/example_branch_labels.py took 0.073 seconds
[2024-06-08T23:39:46.374+0000] {processor.py:153} INFO - Started process (PID=873) to work on /home/airflow/.local/lib/python3.7/site-packages/airflow/example_dags/example_branch_labels.py
[2024-06-08T23:39:46.375+0000] {processor.py:743} INFO - Processing file /home/airflow/.local/lib/python3.7/site-packages/airflow/example_dags/example_branch_labels.py for tasks to queue
[2024-06-08T23:39:46.377+0000] {logging_mixin.py:137} INFO - [2024-06-08T23:39:46.376+0000] {dagbag.py:538} INFO - Filling up the DagBag from /home/airflow/.local/lib/python3.7/site-packages/airflow/example_dags/example_branch_labels.py
[2024-06-08T23:39:46.387+0000] {processor.py:753} INFO - DAG(s) dict_keys(['example_branch_labels']) retrieved from /home/airflow/.local/lib/python3.7/site-packages/airflow/example_dags/example_branch_labels.py
[2024-06-08T23:39:46.409+0000] {logging_mixin.py:137} INFO - [2024-06-08T23:39:46.409+0000] {dag.py:2690} INFO - Sync 1 DAGs
[2024-06-08T23:39:46.427+0000] {logging_mixin.py:137} INFO - [2024-06-08T23:39:46.427+0000] {dag.py:3441} INFO - Setting next_dagrun for example_branch_labels to 2024-06-07T00:00:00+00:00, run_after=2024-06-08T00:00:00+00:00
[2024-06-08T23:39:46.440+0000] {processor.py:175} INFO - Processing /home/airflow/.local/lib/python3.7/site-packages/airflow/example_dags/example_branch_labels.py took 0.068 seconds
[2024-06-08T23:40:16.634+0000] {processor.py:153} INFO - Started process (PID=923) to work on /home/airflow/.local/lib/python3.7/site-packages/airflow/example_dags/example_branch_labels.py
[2024-06-08T23:40:16.636+0000] {processor.py:743} INFO - Processing file /home/airflow/.local/lib/python3.7/site-packages/airflow/example_dags/example_branch_labels.py for tasks to queue
[2024-06-08T23:40:16.636+0000] {logging_mixin.py:137} INFO - [2024-06-08T23:40:16.636+0000] {dagbag.py:538} INFO - Filling up the DagBag from /home/airflow/.local/lib/python3.7/site-packages/airflow/example_dags/example_branch_labels.py
[2024-06-08T23:40:16.647+0000] {processor.py:753} INFO - DAG(s) dict_keys(['example_branch_labels']) retrieved from /home/airflow/.local/lib/python3.7/site-packages/airflow/example_dags/example_branch_labels.py
[2024-06-08T23:40:16.666+0000] {logging_mixin.py:137} INFO - [2024-06-08T23:40:16.666+0000] {dag.py:2690} INFO - Sync 1 DAGs
[2024-06-08T23:40:16.683+0000] {logging_mixin.py:137} INFO - [2024-06-08T23:40:16.682+0000] {dag.py:3441} INFO - Setting next_dagrun for example_branch_labels to 2024-06-07T00:00:00+00:00, run_after=2024-06-08T00:00:00+00:00
[2024-06-08T23:40:16.695+0000] {processor.py:175} INFO - Processing /home/airflow/.local/lib/python3.7/site-packages/airflow/example_dags/example_branch_labels.py took 0.063 seconds
[2024-06-08T23:40:47.175+0000] {processor.py:153} INFO - Started process (PID=973) to work on /home/airflow/.local/lib/python3.7/site-packages/airflow/example_dags/example_branch_labels.py
[2024-06-08T23:40:47.177+0000] {processor.py:743} INFO - Processing file /home/airflow/.local/lib/python3.7/site-packages/airflow/example_dags/example_branch_labels.py for tasks to queue
[2024-06-08T23:40:47.178+0000] {logging_mixin.py:137} INFO - [2024-06-08T23:40:47.178+0000] {dagbag.py:538} INFO - Filling up the DagBag from /home/airflow/.local/lib/python3.7/site-packages/airflow/example_dags/example_branch_labels.py
[2024-06-08T23:40:47.190+0000] {processor.py:753} INFO - DAG(s) dict_keys(['example_branch_labels']) retrieved from /home/airflow/.local/lib/python3.7/site-packages/airflow/example_dags/example_branch_labels.py
[2024-06-08T23:40:47.211+0000] {logging_mixin.py:137} INFO - [2024-06-08T23:40:47.211+0000] {dag.py:2690} INFO - Sync 1 DAGs
[2024-06-08T23:40:47.231+0000] {logging_mixin.py:137} INFO - [2024-06-08T23:40:47.231+0000] {dag.py:3441} INFO - Setting next_dagrun for example_branch_labels to 2024-06-07T00:00:00+00:00, run_after=2024-06-08T00:00:00+00:00
[2024-06-08T23:40:47.245+0000] {processor.py:175} INFO - Processing /home/airflow/.local/lib/python3.7/site-packages/airflow/example_dags/example_branch_labels.py took 0.073 seconds
[2024-06-08T23:41:17.879+0000] {processor.py:153} INFO - Started process (PID=1023) to work on /home/airflow/.local/lib/python3.7/site-packages/airflow/example_dags/example_branch_labels.py
[2024-06-08T23:41:17.881+0000] {processor.py:743} INFO - Processing file /home/airflow/.local/lib/python3.7/site-packages/airflow/example_dags/example_branch_labels.py for tasks to queue
[2024-06-08T23:41:17.881+0000] {logging_mixin.py:137} INFO - [2024-06-08T23:41:17.881+0000] {dagbag.py:538} INFO - Filling up the DagBag from /home/airflow/.local/lib/python3.7/site-packages/airflow/example_dags/example_branch_labels.py
[2024-06-08T23:41:17.892+0000] {processor.py:753} INFO - DAG(s) dict_keys(['example_branch_labels']) retrieved from /home/airflow/.local/lib/python3.7/site-packages/airflow/example_dags/example_branch_labels.py
[2024-06-08T23:41:17.915+0000] {logging_mixin.py:137} INFO - [2024-06-08T23:41:17.915+0000] {dag.py:2690} INFO - Sync 1 DAGs
[2024-06-08T23:41:17.932+0000] {logging_mixin.py:137} INFO - [2024-06-08T23:41:17.932+0000] {dag.py:3441} INFO - Setting next_dagrun for example_branch_labels to 2024-06-07T00:00:00+00:00, run_after=2024-06-08T00:00:00+00:00
[2024-06-08T23:41:17.944+0000] {processor.py:175} INFO - Processing /home/airflow/.local/lib/python3.7/site-packages/airflow/example_dags/example_branch_labels.py took 0.068 seconds
[2024-06-08T23:41:48.467+0000] {processor.py:153} INFO - Started process (PID=1073) to work on /home/airflow/.local/lib/python3.7/site-packages/airflow/example_dags/example_branch_labels.py
[2024-06-08T23:41:48.468+0000] {processor.py:743} INFO - Processing file /home/airflow/.local/lib/python3.7/site-packages/airflow/example_dags/example_branch_labels.py for tasks to queue
[2024-06-08T23:41:48.469+0000] {logging_mixin.py:137} INFO - [2024-06-08T23:41:48.469+0000] {dagbag.py:538} INFO - Filling up the DagBag from /home/airflow/.local/lib/python3.7/site-packages/airflow/example_dags/example_branch_labels.py
[2024-06-08T23:41:48.480+0000] {processor.py:753} INFO - DAG(s) dict_keys(['example_branch_labels']) retrieved from /home/airflow/.local/lib/python3.7/site-packages/airflow/example_dags/example_branch_labels.py
[2024-06-08T23:41:48.501+0000] {logging_mixin.py:137} INFO - [2024-06-08T23:41:48.501+0000] {dag.py:2690} INFO - Sync 1 DAGs
[2024-06-08T23:41:48.519+0000] {logging_mixin.py:137} INFO - [2024-06-08T23:41:48.519+0000] {dag.py:3441} INFO - Setting next_dagrun for example_branch_labels to 2024-06-07T00:00:00+00:00, run_after=2024-06-08T00:00:00+00:00
[2024-06-08T23:41:48.532+0000] {processor.py:175} INFO - Processing /home/airflow/.local/lib/python3.7/site-packages/airflow/example_dags/example_branch_labels.py took 0.068 seconds
[2024-06-08T23:42:19.043+0000] {processor.py:153} INFO - Started process (PID=1123) to work on /home/airflow/.local/lib/python3.7/site-packages/airflow/example_dags/example_branch_labels.py
[2024-06-08T23:42:19.045+0000] {processor.py:743} INFO - Processing file /home/airflow/.local/lib/python3.7/site-packages/airflow/example_dags/example_branch_labels.py for tasks to queue
[2024-06-08T23:42:19.046+0000] {logging_mixin.py:137} INFO - [2024-06-08T23:42:19.046+0000] {dagbag.py:538} INFO - Filling up the DagBag from /home/airflow/.local/lib/python3.7/site-packages/airflow/example_dags/example_branch_labels.py
[2024-06-08T23:42:19.056+0000] {processor.py:753} INFO - DAG(s) dict_keys(['example_branch_labels']) retrieved from /home/airflow/.local/lib/python3.7/site-packages/airflow/example_dags/example_branch_labels.py
[2024-06-08T23:42:19.076+0000] {logging_mixin.py:137} INFO - [2024-06-08T23:42:19.076+0000] {dag.py:2690} INFO - Sync 1 DAGs
[2024-06-08T23:42:19.093+0000] {logging_mixin.py:137} INFO - [2024-06-08T23:42:19.093+0000] {dag.py:3441} INFO - Setting next_dagrun for example_branch_labels to 2024-06-07T00:00:00+00:00, run_after=2024-06-08T00:00:00+00:00
[2024-06-08T23:42:19.104+0000] {processor.py:175} INFO - Processing /home/airflow/.local/lib/python3.7/site-packages/airflow/example_dags/example_branch_labels.py took 0.063 seconds
[2024-06-08T23:42:49.349+0000] {processor.py:153} INFO - Started process (PID=1173) to work on /home/airflow/.local/lib/python3.7/site-packages/airflow/example_dags/example_branch_labels.py
[2024-06-08T23:42:49.350+0000] {processor.py:743} INFO - Processing file /home/airflow/.local/lib/python3.7/site-packages/airflow/example_dags/example_branch_labels.py for tasks to queue
[2024-06-08T23:42:49.351+0000] {logging_mixin.py:137} INFO - [2024-06-08T23:42:49.351+0000] {dagbag.py:538} INFO - Filling up the DagBag from /home/airflow/.local/lib/python3.7/site-packages/airflow/example_dags/example_branch_labels.py
[2024-06-08T23:42:49.362+0000] {processor.py:753} INFO - DAG(s) dict_keys(['example_branch_labels']) retrieved from /home/airflow/.local/lib/python3.7/site-packages/airflow/example_dags/example_branch_labels.py
[2024-06-08T23:42:49.387+0000] {logging_mixin.py:137} INFO - [2024-06-08T23:42:49.386+0000] {dag.py:2690} INFO - Sync 1 DAGs
[2024-06-08T23:42:49.406+0000] {logging_mixin.py:137} INFO - [2024-06-08T23:42:49.406+0000] {dag.py:3441} INFO - Setting next_dagrun for example_branch_labels to 2024-06-07T00:00:00+00:00, run_after=2024-06-08T00:00:00+00:00
[2024-06-08T23:42:49.420+0000] {processor.py:175} INFO - Processing /home/airflow/.local/lib/python3.7/site-packages/airflow/example_dags/example_branch_labels.py took 0.075 seconds
[2024-06-08T23:43:20.200+0000] {processor.py:153} INFO - Started process (PID=1223) to work on /home/airflow/.local/lib/python3.7/site-packages/airflow/example_dags/example_branch_labels.py
[2024-06-08T23:43:20.201+0000] {processor.py:743} INFO - Processing file /home/airflow/.local/lib/python3.7/site-packages/airflow/example_dags/example_branch_labels.py for tasks to queue
[2024-06-08T23:43:20.202+0000] {logging_mixin.py:137} INFO - [2024-06-08T23:43:20.202+0000] {dagbag.py:538} INFO - Filling up the DagBag from /home/airflow/.local/lib/python3.7/site-packages/airflow/example_dags/example_branch_labels.py
[2024-06-08T23:43:20.213+0000] {processor.py:753} INFO - DAG(s) dict_keys(['example_branch_labels']) retrieved from /home/airflow/.local/lib/python3.7/site-packages/airflow/example_dags/example_branch_labels.py
[2024-06-08T23:43:20.234+0000] {logging_mixin.py:137} INFO - [2024-06-08T23:43:20.233+0000] {dag.py:2690} INFO - Sync 1 DAGs
[2024-06-08T23:43:20.250+0000] {logging_mixin.py:137} INFO - [2024-06-08T23:43:20.250+0000] {dag.py:3441} INFO - Setting next_dagrun for example_branch_labels to 2024-06-07T00:00:00+00:00, run_after=2024-06-08T00:00:00+00:00
[2024-06-08T23:43:20.262+0000] {processor.py:175} INFO - Processing /home/airflow/.local/lib/python3.7/site-packages/airflow/example_dags/example_branch_labels.py took 0.065 seconds
[2024-06-08T23:43:50.583+0000] {processor.py:153} INFO - Started process (PID=1273) to work on /home/airflow/.local/lib/python3.7/site-packages/airflow/example_dags/example_branch_labels.py
[2024-06-08T23:43:50.585+0000] {processor.py:743} INFO - Processing file /home/airflow/.local/lib/python3.7/site-packages/airflow/example_dags/example_branch_labels.py for tasks to queue
[2024-06-08T23:43:50.586+0000] {logging_mixin.py:137} INFO - [2024-06-08T23:43:50.586+0000] {dagbag.py:538} INFO - Filling up the DagBag from /home/airflow/.local/lib/python3.7/site-packages/airflow/example_dags/example_branch_labels.py
[2024-06-08T23:43:50.596+0000] {processor.py:753} INFO - DAG(s) dict_keys(['example_branch_labels']) retrieved from /home/airflow/.local/lib/python3.7/site-packages/airflow/example_dags/example_branch_labels.py
[2024-06-08T23:43:50.617+0000] {logging_mixin.py:137} INFO - [2024-06-08T23:43:50.617+0000] {dag.py:2690} INFO - Sync 1 DAGs
[2024-06-08T23:43:50.634+0000] {logging_mixin.py:137} INFO - [2024-06-08T23:43:50.634+0000] {dag.py:3441} INFO - Setting next_dagrun for example_branch_labels to 2024-06-07T00:00:00+00:00, run_after=2024-06-08T00:00:00+00:00
[2024-06-08T23:43:50.647+0000] {processor.py:175} INFO - Processing /home/airflow/.local/lib/python3.7/site-packages/airflow/example_dags/example_branch_labels.py took 0.068 seconds
[2024-06-08T23:44:21.009+0000] {processor.py:153} INFO - Started process (PID=1323) to work on /home/airflow/.local/lib/python3.7/site-packages/airflow/example_dags/example_branch_labels.py
[2024-06-08T23:44:21.010+0000] {processor.py:743} INFO - Processing file /home/airflow/.local/lib/python3.7/site-packages/airflow/example_dags/example_branch_labels.py for tasks to queue
[2024-06-08T23:44:21.011+0000] {logging_mixin.py:137} INFO - [2024-06-08T23:44:21.011+0000] {dagbag.py:538} INFO - Filling up the DagBag from /home/airflow/.local/lib/python3.7/site-packages/airflow/example_dags/example_branch_labels.py
[2024-06-08T23:44:21.022+0000] {processor.py:753} INFO - DAG(s) dict_keys(['example_branch_labels']) retrieved from /home/airflow/.local/lib/python3.7/site-packages/airflow/example_dags/example_branch_labels.py
[2024-06-08T23:44:21.042+0000] {logging_mixin.py:137} INFO - [2024-06-08T23:44:21.042+0000] {dag.py:2690} INFO - Sync 1 DAGs
[2024-06-08T23:44:21.059+0000] {logging_mixin.py:137} INFO - [2024-06-08T23:44:21.059+0000] {dag.py:3441} INFO - Setting next_dagrun for example_branch_labels to 2024-06-07T00:00:00+00:00, run_after=2024-06-08T00:00:00+00:00
[2024-06-08T23:44:21.071+0000] {processor.py:175} INFO - Processing /home/airflow/.local/lib/python3.7/site-packages/airflow/example_dags/example_branch_labels.py took 0.064 seconds
[2024-06-08T23:44:51.320+0000] {processor.py:153} INFO - Started process (PID=1374) to work on /home/airflow/.local/lib/python3.7/site-packages/airflow/example_dags/example_branch_labels.py
[2024-06-08T23:44:51.321+0000] {processor.py:743} INFO - Processing file /home/airflow/.local/lib/python3.7/site-packages/airflow/example_dags/example_branch_labels.py for tasks to queue
[2024-06-08T23:44:51.322+0000] {logging_mixin.py:137} INFO - [2024-06-08T23:44:51.322+0000] {dagbag.py:538} INFO - Filling up the DagBag from /home/airflow/.local/lib/python3.7/site-packages/airflow/example_dags/example_branch_labels.py
[2024-06-08T23:44:51.332+0000] {processor.py:753} INFO - DAG(s) dict_keys(['example_branch_labels']) retrieved from /home/airflow/.local/lib/python3.7/site-packages/airflow/example_dags/example_branch_labels.py
[2024-06-08T23:44:51.352+0000] {logging_mixin.py:137} INFO - [2024-06-08T23:44:51.352+0000] {dag.py:2690} INFO - Sync 1 DAGs
[2024-06-08T23:44:51.372+0000] {logging_mixin.py:137} INFO - [2024-06-08T23:44:51.372+0000] {dag.py:3441} INFO - Setting next_dagrun for example_branch_labels to 2024-06-07T00:00:00+00:00, run_after=2024-06-08T00:00:00+00:00
[2024-06-08T23:44:51.386+0000] {processor.py:175} INFO - Processing /home/airflow/.local/lib/python3.7/site-packages/airflow/example_dags/example_branch_labels.py took 0.069 seconds
[2024-06-08T23:45:21.690+0000] {processor.py:153} INFO - Started process (PID=1425) to work on /home/airflow/.local/lib/python3.7/site-packages/airflow/example_dags/example_branch_labels.py
[2024-06-08T23:45:21.692+0000] {processor.py:743} INFO - Processing file /home/airflow/.local/lib/python3.7/site-packages/airflow/example_dags/example_branch_labels.py for tasks to queue
[2024-06-08T23:45:21.694+0000] {logging_mixin.py:137} INFO - [2024-06-08T23:45:21.694+0000] {dagbag.py:538} INFO - Filling up the DagBag from /home/airflow/.local/lib/python3.7/site-packages/airflow/example_dags/example_branch_labels.py
[2024-06-08T23:45:21.707+0000] {processor.py:753} INFO - DAG(s) dict_keys(['example_branch_labels']) retrieved from /home/airflow/.local/lib/python3.7/site-packages/airflow/example_dags/example_branch_labels.py
[2024-06-08T23:45:21.730+0000] {logging_mixin.py:137} INFO - [2024-06-08T23:45:21.730+0000] {dag.py:2690} INFO - Sync 1 DAGs
[2024-06-08T23:45:21.750+0000] {logging_mixin.py:137} INFO - [2024-06-08T23:45:21.750+0000] {dag.py:3441} INFO - Setting next_dagrun for example_branch_labels to 2024-06-07T00:00:00+00:00, run_after=2024-06-08T00:00:00+00:00
[2024-06-08T23:45:21.765+0000] {processor.py:175} INFO - Processing /home/airflow/.local/lib/python3.7/site-packages/airflow/example_dags/example_branch_labels.py took 0.079 seconds
[2024-06-08T23:45:52.093+0000] {processor.py:153} INFO - Started process (PID=1475) to work on /home/airflow/.local/lib/python3.7/site-packages/airflow/example_dags/example_branch_labels.py
[2024-06-08T23:45:52.095+0000] {processor.py:743} INFO - Processing file /home/airflow/.local/lib/python3.7/site-packages/airflow/example_dags/example_branch_labels.py for tasks to queue
[2024-06-08T23:45:52.096+0000] {logging_mixin.py:137} INFO - [2024-06-08T23:45:52.096+0000] {dagbag.py:538} INFO - Filling up the DagBag from /home/airflow/.local/lib/python3.7/site-packages/airflow/example_dags/example_branch_labels.py
[2024-06-08T23:45:52.106+0000] {processor.py:753} INFO - DAG(s) dict_keys(['example_branch_labels']) retrieved from /home/airflow/.local/lib/python3.7/site-packages/airflow/example_dags/example_branch_labels.py
[2024-06-08T23:45:52.128+0000] {logging_mixin.py:137} INFO - [2024-06-08T23:45:52.128+0000] {dag.py:2690} INFO - Sync 1 DAGs
[2024-06-08T23:45:52.146+0000] {logging_mixin.py:137} INFO - [2024-06-08T23:45:52.146+0000] {dag.py:3441} INFO - Setting next_dagrun for example_branch_labels to 2024-06-07T00:00:00+00:00, run_after=2024-06-08T00:00:00+00:00
[2024-06-08T23:45:52.158+0000] {processor.py:175} INFO - Processing /home/airflow/.local/lib/python3.7/site-packages/airflow/example_dags/example_branch_labels.py took 0.067 seconds
[2024-06-08T23:46:22.441+0000] {processor.py:153} INFO - Started process (PID=1526) to work on /home/airflow/.local/lib/python3.7/site-packages/airflow/example_dags/example_branch_labels.py
[2024-06-08T23:46:22.443+0000] {processor.py:743} INFO - Processing file /home/airflow/.local/lib/python3.7/site-packages/airflow/example_dags/example_branch_labels.py for tasks to queue
[2024-06-08T23:46:22.444+0000] {logging_mixin.py:137} INFO - [2024-06-08T23:46:22.443+0000] {dagbag.py:538} INFO - Filling up the DagBag from /home/airflow/.local/lib/python3.7/site-packages/airflow/example_dags/example_branch_labels.py
[2024-06-08T23:46:22.454+0000] {processor.py:753} INFO - DAG(s) dict_keys(['example_branch_labels']) retrieved from /home/airflow/.local/lib/python3.7/site-packages/airflow/example_dags/example_branch_labels.py
[2024-06-08T23:46:22.474+0000] {logging_mixin.py:137} INFO - [2024-06-08T23:46:22.474+0000] {dag.py:2690} INFO - Sync 1 DAGs
[2024-06-08T23:46:22.491+0000] {logging_mixin.py:137} INFO - [2024-06-08T23:46:22.491+0000] {dag.py:3441} INFO - Setting next_dagrun for example_branch_labels to 2024-06-07T00:00:00+00:00, run_after=2024-06-08T00:00:00+00:00
[2024-06-08T23:46:22.502+0000] {processor.py:175} INFO - Processing /home/airflow/.local/lib/python3.7/site-packages/airflow/example_dags/example_branch_labels.py took 0.064 seconds
[2024-06-08T23:46:52.936+0000] {processor.py:153} INFO - Started process (PID=1576) to work on /home/airflow/.local/lib/python3.7/site-packages/airflow/example_dags/example_branch_labels.py
[2024-06-08T23:46:52.938+0000] {processor.py:743} INFO - Processing file /home/airflow/.local/lib/python3.7/site-packages/airflow/example_dags/example_branch_labels.py for tasks to queue
[2024-06-08T23:46:52.939+0000] {logging_mixin.py:137} INFO - [2024-06-08T23:46:52.939+0000] {dagbag.py:538} INFO - Filling up the DagBag from /home/airflow/.local/lib/python3.7/site-packages/airflow/example_dags/example_branch_labels.py
[2024-06-08T23:46:52.949+0000] {processor.py:753} INFO - DAG(s) dict_keys(['example_branch_labels']) retrieved from /home/airflow/.local/lib/python3.7/site-packages/airflow/example_dags/example_branch_labels.py
[2024-06-08T23:46:52.970+0000] {logging_mixin.py:137} INFO - [2024-06-08T23:46:52.970+0000] {dag.py:2690} INFO - Sync 1 DAGs
[2024-06-08T23:46:52.987+0000] {logging_mixin.py:137} INFO - [2024-06-08T23:46:52.987+0000] {dag.py:3441} INFO - Setting next_dagrun for example_branch_labels to 2024-06-07T00:00:00+00:00, run_after=2024-06-08T00:00:00+00:00
[2024-06-08T23:46:53.000+0000] {processor.py:175} INFO - Processing /home/airflow/.local/lib/python3.7/site-packages/airflow/example_dags/example_branch_labels.py took 0.066 seconds
[2024-06-08T23:47:23.381+0000] {processor.py:153} INFO - Started process (PID=1626) to work on /home/airflow/.local/lib/python3.7/site-packages/airflow/example_dags/example_branch_labels.py
[2024-06-08T23:47:23.383+0000] {processor.py:743} INFO - Processing file /home/airflow/.local/lib/python3.7/site-packages/airflow/example_dags/example_branch_labels.py for tasks to queue
[2024-06-08T23:47:23.383+0000] {logging_mixin.py:137} INFO - [2024-06-08T23:47:23.383+0000] {dagbag.py:538} INFO - Filling up the DagBag from /home/airflow/.local/lib/python3.7/site-packages/airflow/example_dags/example_branch_labels.py
[2024-06-08T23:47:23.395+0000] {processor.py:753} INFO - DAG(s) dict_keys(['example_branch_labels']) retrieved from /home/airflow/.local/lib/python3.7/site-packages/airflow/example_dags/example_branch_labels.py
[2024-06-08T23:47:23.418+0000] {logging_mixin.py:137} INFO - [2024-06-08T23:47:23.418+0000] {dag.py:2690} INFO - Sync 1 DAGs
[2024-06-08T23:47:23.435+0000] {logging_mixin.py:137} INFO - [2024-06-08T23:47:23.435+0000] {dag.py:3441} INFO - Setting next_dagrun for example_branch_labels to 2024-06-07T00:00:00+00:00, run_after=2024-06-08T00:00:00+00:00
[2024-06-08T23:47:23.447+0000] {processor.py:175} INFO - Processing /home/airflow/.local/lib/python3.7/site-packages/airflow/example_dags/example_branch_labels.py took 0.068 seconds
[2024-06-08T23:47:54.070+0000] {processor.py:153} INFO - Started process (PID=1676) to work on /home/airflow/.local/lib/python3.7/site-packages/airflow/example_dags/example_branch_labels.py
[2024-06-08T23:47:54.071+0000] {processor.py:743} INFO - Processing file /home/airflow/.local/lib/python3.7/site-packages/airflow/example_dags/example_branch_labels.py for tasks to queue
[2024-06-08T23:47:54.072+0000] {logging_mixin.py:137} INFO - [2024-06-08T23:47:54.072+0000] {dagbag.py:538} INFO - Filling up the DagBag from /home/airflow/.local/lib/python3.7/site-packages/airflow/example_dags/example_branch_labels.py
[2024-06-08T23:47:54.083+0000] {processor.py:753} INFO - DAG(s) dict_keys(['example_branch_labels']) retrieved from /home/airflow/.local/lib/python3.7/site-packages/airflow/example_dags/example_branch_labels.py
[2024-06-08T23:47:54.106+0000] {logging_mixin.py:137} INFO - [2024-06-08T23:47:54.106+0000] {dag.py:2690} INFO - Sync 1 DAGs
[2024-06-08T23:47:54.125+0000] {logging_mixin.py:137} INFO - [2024-06-08T23:47:54.125+0000] {dag.py:3441} INFO - Setting next_dagrun for example_branch_labels to 2024-06-07T00:00:00+00:00, run_after=2024-06-08T00:00:00+00:00
[2024-06-08T23:47:54.138+0000] {processor.py:175} INFO - Processing /home/airflow/.local/lib/python3.7/site-packages/airflow/example_dags/example_branch_labels.py took 0.071 seconds
[2024-06-08T23:48:24.690+0000] {processor.py:153} INFO - Started process (PID=1726) to work on /home/airflow/.local/lib/python3.7/site-packages/airflow/example_dags/example_branch_labels.py
[2024-06-08T23:48:24.692+0000] {processor.py:743} INFO - Processing file /home/airflow/.local/lib/python3.7/site-packages/airflow/example_dags/example_branch_labels.py for tasks to queue
[2024-06-08T23:48:24.693+0000] {logging_mixin.py:137} INFO - [2024-06-08T23:48:24.693+0000] {dagbag.py:538} INFO - Filling up the DagBag from /home/airflow/.local/lib/python3.7/site-packages/airflow/example_dags/example_branch_labels.py
[2024-06-08T23:48:24.704+0000] {processor.py:753} INFO - DAG(s) dict_keys(['example_branch_labels']) retrieved from /home/airflow/.local/lib/python3.7/site-packages/airflow/example_dags/example_branch_labels.py
[2024-06-08T23:48:24.727+0000] {logging_mixin.py:137} INFO - [2024-06-08T23:48:24.727+0000] {dag.py:2690} INFO - Sync 1 DAGs
[2024-06-08T23:48:24.745+0000] {logging_mixin.py:137} INFO - [2024-06-08T23:48:24.745+0000] {dag.py:3441} INFO - Setting next_dagrun for example_branch_labels to 2024-06-07T00:00:00+00:00, run_after=2024-06-08T00:00:00+00:00
[2024-06-08T23:48:24.758+0000] {processor.py:175} INFO - Processing /home/airflow/.local/lib/python3.7/site-packages/airflow/example_dags/example_branch_labels.py took 0.071 seconds
[2024-06-08T23:48:55.084+0000] {processor.py:153} INFO - Started process (PID=1776) to work on /home/airflow/.local/lib/python3.7/site-packages/airflow/example_dags/example_branch_labels.py
[2024-06-08T23:48:55.086+0000] {processor.py:743} INFO - Processing file /home/airflow/.local/lib/python3.7/site-packages/airflow/example_dags/example_branch_labels.py for tasks to queue
[2024-06-08T23:48:55.087+0000] {logging_mixin.py:137} INFO - [2024-06-08T23:48:55.086+0000] {dagbag.py:538} INFO - Filling up the DagBag from /home/airflow/.local/lib/python3.7/site-packages/airflow/example_dags/example_branch_labels.py
[2024-06-08T23:48:55.097+0000] {processor.py:753} INFO - DAG(s) dict_keys(['example_branch_labels']) retrieved from /home/airflow/.local/lib/python3.7/site-packages/airflow/example_dags/example_branch_labels.py
[2024-06-08T23:48:55.117+0000] {logging_mixin.py:137} INFO - [2024-06-08T23:48:55.117+0000] {dag.py:2690} INFO - Sync 1 DAGs
[2024-06-08T23:48:55.134+0000] {logging_mixin.py:137} INFO - [2024-06-08T23:48:55.134+0000] {dag.py:3441} INFO - Setting next_dagrun for example_branch_labels to 2024-06-07T00:00:00+00:00, run_after=2024-06-08T00:00:00+00:00
[2024-06-08T23:48:55.145+0000] {processor.py:175} INFO - Processing /home/airflow/.local/lib/python3.7/site-packages/airflow/example_dags/example_branch_labels.py took 0.064 seconds
[2024-06-08T23:49:25.436+0000] {processor.py:153} INFO - Started process (PID=1826) to work on /home/airflow/.local/lib/python3.7/site-packages/airflow/example_dags/example_branch_labels.py
[2024-06-08T23:49:25.438+0000] {processor.py:743} INFO - Processing file /home/airflow/.local/lib/python3.7/site-packages/airflow/example_dags/example_branch_labels.py for tasks to queue
[2024-06-08T23:49:25.439+0000] {logging_mixin.py:137} INFO - [2024-06-08T23:49:25.439+0000] {dagbag.py:538} INFO - Filling up the DagBag from /home/airflow/.local/lib/python3.7/site-packages/airflow/example_dags/example_branch_labels.py
[2024-06-08T23:49:25.450+0000] {processor.py:753} INFO - DAG(s) dict_keys(['example_branch_labels']) retrieved from /home/airflow/.local/lib/python3.7/site-packages/airflow/example_dags/example_branch_labels.py
[2024-06-08T23:49:25.470+0000] {logging_mixin.py:137} INFO - [2024-06-08T23:49:25.470+0000] {dag.py:2690} INFO - Sync 1 DAGs
[2024-06-08T23:49:25.487+0000] {logging_mixin.py:137} INFO - [2024-06-08T23:49:25.487+0000] {dag.py:3441} INFO - Setting next_dagrun for example_branch_labels to 2024-06-07T00:00:00+00:00, run_after=2024-06-08T00:00:00+00:00
[2024-06-08T23:49:25.499+0000] {processor.py:175} INFO - Processing /home/airflow/.local/lib/python3.7/site-packages/airflow/example_dags/example_branch_labels.py took 0.066 seconds
[2024-06-08T23:49:55.996+0000] {processor.py:153} INFO - Started process (PID=1876) to work on /home/airflow/.local/lib/python3.7/site-packages/airflow/example_dags/example_branch_labels.py
[2024-06-08T23:49:55.998+0000] {processor.py:743} INFO - Processing file /home/airflow/.local/lib/python3.7/site-packages/airflow/example_dags/example_branch_labels.py for tasks to queue
[2024-06-08T23:49:55.999+0000] {logging_mixin.py:137} INFO - [2024-06-08T23:49:55.999+0000] {dagbag.py:538} INFO - Filling up the DagBag from /home/airflow/.local/lib/python3.7/site-packages/airflow/example_dags/example_branch_labels.py
[2024-06-08T23:49:56.011+0000] {processor.py:753} INFO - DAG(s) dict_keys(['example_branch_labels']) retrieved from /home/airflow/.local/lib/python3.7/site-packages/airflow/example_dags/example_branch_labels.py
[2024-06-08T23:49:56.033+0000] {logging_mixin.py:137} INFO - [2024-06-08T23:49:56.033+0000] {dag.py:2690} INFO - Sync 1 DAGs
[2024-06-08T23:49:56.052+0000] {logging_mixin.py:137} INFO - [2024-06-08T23:49:56.051+0000] {dag.py:3441} INFO - Setting next_dagrun for example_branch_labels to 2024-06-07T00:00:00+00:00, run_after=2024-06-08T00:00:00+00:00
[2024-06-08T23:49:56.063+0000] {processor.py:175} INFO - Processing /home/airflow/.local/lib/python3.7/site-packages/airflow/example_dags/example_branch_labels.py took 0.070 seconds
[2024-06-08T23:50:26.609+0000] {processor.py:153} INFO - Started process (PID=1926) to work on /home/airflow/.local/lib/python3.7/site-packages/airflow/example_dags/example_branch_labels.py
[2024-06-08T23:50:26.611+0000] {processor.py:743} INFO - Processing file /home/airflow/.local/lib/python3.7/site-packages/airflow/example_dags/example_branch_labels.py for tasks to queue
[2024-06-08T23:50:26.612+0000] {logging_mixin.py:137} INFO - [2024-06-08T23:50:26.612+0000] {dagbag.py:538} INFO - Filling up the DagBag from /home/airflow/.local/lib/python3.7/site-packages/airflow/example_dags/example_branch_labels.py
[2024-06-08T23:50:26.625+0000] {processor.py:753} INFO - DAG(s) dict_keys(['example_branch_labels']) retrieved from /home/airflow/.local/lib/python3.7/site-packages/airflow/example_dags/example_branch_labels.py
[2024-06-08T23:50:26.652+0000] {logging_mixin.py:137} INFO - [2024-06-08T23:50:26.651+0000] {dag.py:2690} INFO - Sync 1 DAGs
[2024-06-08T23:50:26.673+0000] {logging_mixin.py:137} INFO - [2024-06-08T23:50:26.673+0000] {dag.py:3441} INFO - Setting next_dagrun for example_branch_labels to 2024-06-07T00:00:00+00:00, run_after=2024-06-08T00:00:00+00:00
[2024-06-08T23:50:26.689+0000] {processor.py:175} INFO - Processing /home/airflow/.local/lib/python3.7/site-packages/airflow/example_dags/example_branch_labels.py took 0.083 seconds
[2024-06-08T23:50:57.273+0000] {processor.py:153} INFO - Started process (PID=1976) to work on /home/airflow/.local/lib/python3.7/site-packages/airflow/example_dags/example_branch_labels.py
[2024-06-08T23:50:57.275+0000] {processor.py:743} INFO - Processing file /home/airflow/.local/lib/python3.7/site-packages/airflow/example_dags/example_branch_labels.py for tasks to queue
[2024-06-08T23:50:57.276+0000] {logging_mixin.py:137} INFO - [2024-06-08T23:50:57.276+0000] {dagbag.py:538} INFO - Filling up the DagBag from /home/airflow/.local/lib/python3.7/site-packages/airflow/example_dags/example_branch_labels.py
[2024-06-08T23:50:57.290+0000] {processor.py:753} INFO - DAG(s) dict_keys(['example_branch_labels']) retrieved from /home/airflow/.local/lib/python3.7/site-packages/airflow/example_dags/example_branch_labels.py
[2024-06-08T23:50:57.315+0000] {logging_mixin.py:137} INFO - [2024-06-08T23:50:57.315+0000] {dag.py:2690} INFO - Sync 1 DAGs
[2024-06-08T23:50:57.337+0000] {logging_mixin.py:137} INFO - [2024-06-08T23:50:57.337+0000] {dag.py:3441} INFO - Setting next_dagrun for example_branch_labels to 2024-06-07T00:00:00+00:00, run_after=2024-06-08T00:00:00+00:00
[2024-06-08T23:50:57.355+0000] {processor.py:175} INFO - Processing /home/airflow/.local/lib/python3.7/site-packages/airflow/example_dags/example_branch_labels.py took 0.085 seconds
[2024-06-08T23:51:27.826+0000] {processor.py:153} INFO - Started process (PID=2026) to work on /home/airflow/.local/lib/python3.7/site-packages/airflow/example_dags/example_branch_labels.py
[2024-06-08T23:51:27.828+0000] {processor.py:743} INFO - Processing file /home/airflow/.local/lib/python3.7/site-packages/airflow/example_dags/example_branch_labels.py for tasks to queue
[2024-06-08T23:51:27.829+0000] {logging_mixin.py:137} INFO - [2024-06-08T23:51:27.829+0000] {dagbag.py:538} INFO - Filling up the DagBag from /home/airflow/.local/lib/python3.7/site-packages/airflow/example_dags/example_branch_labels.py
[2024-06-08T23:51:27.843+0000] {processor.py:753} INFO - DAG(s) dict_keys(['example_branch_labels']) retrieved from /home/airflow/.local/lib/python3.7/site-packages/airflow/example_dags/example_branch_labels.py
[2024-06-08T23:51:27.867+0000] {logging_mixin.py:137} INFO - [2024-06-08T23:51:27.867+0000] {dag.py:2690} INFO - Sync 1 DAGs
[2024-06-08T23:51:27.885+0000] {logging_mixin.py:137} INFO - [2024-06-08T23:51:27.885+0000] {dag.py:3441} INFO - Setting next_dagrun for example_branch_labels to 2024-06-07T00:00:00+00:00, run_after=2024-06-08T00:00:00+00:00
[2024-06-08T23:51:27.901+0000] {processor.py:175} INFO - Processing /home/airflow/.local/lib/python3.7/site-packages/airflow/example_dags/example_branch_labels.py took 0.078 seconds
[2024-06-08T23:51:58.856+0000] {processor.py:153} INFO - Started process (PID=2076) to work on /home/airflow/.local/lib/python3.7/site-packages/airflow/example_dags/example_branch_labels.py
[2024-06-08T23:51:58.858+0000] {processor.py:743} INFO - Processing file /home/airflow/.local/lib/python3.7/site-packages/airflow/example_dags/example_branch_labels.py for tasks to queue
[2024-06-08T23:51:58.859+0000] {logging_mixin.py:137} INFO - [2024-06-08T23:51:58.858+0000] {dagbag.py:538} INFO - Filling up the DagBag from /home/airflow/.local/lib/python3.7/site-packages/airflow/example_dags/example_branch_labels.py
[2024-06-08T23:51:58.870+0000] {processor.py:753} INFO - DAG(s) dict_keys(['example_branch_labels']) retrieved from /home/airflow/.local/lib/python3.7/site-packages/airflow/example_dags/example_branch_labels.py
[2024-06-08T23:51:58.892+0000] {logging_mixin.py:137} INFO - [2024-06-08T23:51:58.892+0000] {dag.py:2690} INFO - Sync 1 DAGs
[2024-06-08T23:51:58.910+0000] {logging_mixin.py:137} INFO - [2024-06-08T23:51:58.910+0000] {dag.py:3441} INFO - Setting next_dagrun for example_branch_labels to 2024-06-07T00:00:00+00:00, run_after=2024-06-08T00:00:00+00:00
[2024-06-08T23:51:58.922+0000] {processor.py:175} INFO - Processing /home/airflow/.local/lib/python3.7/site-packages/airflow/example_dags/example_branch_labels.py took 0.069 seconds
[2024-06-08T23:52:29.623+0000] {processor.py:153} INFO - Started process (PID=2126) to work on /home/airflow/.local/lib/python3.7/site-packages/airflow/example_dags/example_branch_labels.py
[2024-06-08T23:52:29.625+0000] {processor.py:743} INFO - Processing file /home/airflow/.local/lib/python3.7/site-packages/airflow/example_dags/example_branch_labels.py for tasks to queue
[2024-06-08T23:52:29.626+0000] {logging_mixin.py:137} INFO - [2024-06-08T23:52:29.626+0000] {dagbag.py:538} INFO - Filling up the DagBag from /home/airflow/.local/lib/python3.7/site-packages/airflow/example_dags/example_branch_labels.py
[2024-06-08T23:52:29.637+0000] {processor.py:753} INFO - DAG(s) dict_keys(['example_branch_labels']) retrieved from /home/airflow/.local/lib/python3.7/site-packages/airflow/example_dags/example_branch_labels.py
[2024-06-08T23:52:29.659+0000] {logging_mixin.py:137} INFO - [2024-06-08T23:52:29.659+0000] {dag.py:2690} INFO - Sync 1 DAGs
[2024-06-08T23:52:29.678+0000] {logging_mixin.py:137} INFO - [2024-06-08T23:52:29.677+0000] {dag.py:3441} INFO - Setting next_dagrun for example_branch_labels to 2024-06-07T00:00:00+00:00, run_after=2024-06-08T00:00:00+00:00
[2024-06-08T23:52:29.689+0000] {processor.py:175} INFO - Processing /home/airflow/.local/lib/python3.7/site-packages/airflow/example_dags/example_branch_labels.py took 0.069 seconds
[2024-06-08T23:53:00.663+0000] {processor.py:153} INFO - Started process (PID=2176) to work on /home/airflow/.local/lib/python3.7/site-packages/airflow/example_dags/example_branch_labels.py
[2024-06-08T23:53:00.665+0000] {processor.py:743} INFO - Processing file /home/airflow/.local/lib/python3.7/site-packages/airflow/example_dags/example_branch_labels.py for tasks to queue
[2024-06-08T23:53:00.666+0000] {logging_mixin.py:137} INFO - [2024-06-08T23:53:00.666+0000] {dagbag.py:538} INFO - Filling up the DagBag from /home/airflow/.local/lib/python3.7/site-packages/airflow/example_dags/example_branch_labels.py
[2024-06-08T23:53:00.678+0000] {processor.py:753} INFO - DAG(s) dict_keys(['example_branch_labels']) retrieved from /home/airflow/.local/lib/python3.7/site-packages/airflow/example_dags/example_branch_labels.py
[2024-06-08T23:53:00.702+0000] {logging_mixin.py:137} INFO - [2024-06-08T23:53:00.702+0000] {dag.py:2690} INFO - Sync 1 DAGs
[2024-06-08T23:53:00.720+0000] {logging_mixin.py:137} INFO - [2024-06-08T23:53:00.720+0000] {dag.py:3441} INFO - Setting next_dagrun for example_branch_labels to 2024-06-07T00:00:00+00:00, run_after=2024-06-08T00:00:00+00:00
[2024-06-08T23:53:00.734+0000] {processor.py:175} INFO - Processing /home/airflow/.local/lib/python3.7/site-packages/airflow/example_dags/example_branch_labels.py took 0.074 seconds
[2024-06-08T23:53:31.224+0000] {processor.py:153} INFO - Started process (PID=2225) to work on /home/airflow/.local/lib/python3.7/site-packages/airflow/example_dags/example_branch_labels.py
[2024-06-08T23:53:31.225+0000] {processor.py:743} INFO - Processing file /home/airflow/.local/lib/python3.7/site-packages/airflow/example_dags/example_branch_labels.py for tasks to queue
[2024-06-08T23:53:31.226+0000] {logging_mixin.py:137} INFO - [2024-06-08T23:53:31.226+0000] {dagbag.py:538} INFO - Filling up the DagBag from /home/airflow/.local/lib/python3.7/site-packages/airflow/example_dags/example_branch_labels.py
[2024-06-08T23:53:31.237+0000] {processor.py:753} INFO - DAG(s) dict_keys(['example_branch_labels']) retrieved from /home/airflow/.local/lib/python3.7/site-packages/airflow/example_dags/example_branch_labels.py
[2024-06-08T23:53:31.275+0000] {logging_mixin.py:137} INFO - [2024-06-08T23:53:31.275+0000] {dag.py:2690} INFO - Sync 1 DAGs
[2024-06-08T23:53:31.293+0000] {logging_mixin.py:137} INFO - [2024-06-08T23:53:31.293+0000] {dag.py:3441} INFO - Setting next_dagrun for example_branch_labels to 2024-06-07T00:00:00+00:00, run_after=2024-06-08T00:00:00+00:00
[2024-06-08T23:53:31.306+0000] {processor.py:175} INFO - Processing /home/airflow/.local/lib/python3.7/site-packages/airflow/example_dags/example_branch_labels.py took 0.085 seconds
[2024-06-08T23:54:01.852+0000] {processor.py:153} INFO - Started process (PID=2275) to work on /home/airflow/.local/lib/python3.7/site-packages/airflow/example_dags/example_branch_labels.py
[2024-06-08T23:54:01.854+0000] {processor.py:743} INFO - Processing file /home/airflow/.local/lib/python3.7/site-packages/airflow/example_dags/example_branch_labels.py for tasks to queue
[2024-06-08T23:54:01.855+0000] {logging_mixin.py:137} INFO - [2024-06-08T23:54:01.855+0000] {dagbag.py:538} INFO - Filling up the DagBag from /home/airflow/.local/lib/python3.7/site-packages/airflow/example_dags/example_branch_labels.py
[2024-06-08T23:54:01.866+0000] {processor.py:753} INFO - DAG(s) dict_keys(['example_branch_labels']) retrieved from /home/airflow/.local/lib/python3.7/site-packages/airflow/example_dags/example_branch_labels.py
[2024-06-08T23:54:01.888+0000] {logging_mixin.py:137} INFO - [2024-06-08T23:54:01.888+0000] {dag.py:2690} INFO - Sync 1 DAGs
[2024-06-08T23:54:01.907+0000] {logging_mixin.py:137} INFO - [2024-06-08T23:54:01.907+0000] {dag.py:3441} INFO - Setting next_dagrun for example_branch_labels to 2024-06-07T00:00:00+00:00, run_after=2024-06-08T00:00:00+00:00
[2024-06-08T23:54:01.918+0000] {processor.py:175} INFO - Processing /home/airflow/.local/lib/python3.7/site-packages/airflow/example_dags/example_branch_labels.py took 0.069 seconds
[2024-06-08T23:54:32.334+0000] {processor.py:153} INFO - Started process (PID=2332) to work on /home/airflow/.local/lib/python3.7/site-packages/airflow/example_dags/example_branch_labels.py
[2024-06-08T23:54:32.336+0000] {processor.py:743} INFO - Processing file /home/airflow/.local/lib/python3.7/site-packages/airflow/example_dags/example_branch_labels.py for tasks to queue
[2024-06-08T23:54:32.337+0000] {logging_mixin.py:137} INFO - [2024-06-08T23:54:32.337+0000] {dagbag.py:538} INFO - Filling up the DagBag from /home/airflow/.local/lib/python3.7/site-packages/airflow/example_dags/example_branch_labels.py
[2024-06-08T23:54:32.349+0000] {processor.py:753} INFO - DAG(s) dict_keys(['example_branch_labels']) retrieved from /home/airflow/.local/lib/python3.7/site-packages/airflow/example_dags/example_branch_labels.py
[2024-06-08T23:54:32.370+0000] {logging_mixin.py:137} INFO - [2024-06-08T23:54:32.370+0000] {dag.py:2690} INFO - Sync 1 DAGs
[2024-06-08T23:54:32.388+0000] {logging_mixin.py:137} INFO - [2024-06-08T23:54:32.387+0000] {dag.py:3441} INFO - Setting next_dagrun for example_branch_labels to 2024-06-07T00:00:00+00:00, run_after=2024-06-08T00:00:00+00:00
[2024-06-08T23:54:32.401+0000] {processor.py:175} INFO - Processing /home/airflow/.local/lib/python3.7/site-packages/airflow/example_dags/example_branch_labels.py took 0.070 seconds
[2024-06-08T23:55:02.750+0000] {processor.py:153} INFO - Started process (PID=2381) to work on /home/airflow/.local/lib/python3.7/site-packages/airflow/example_dags/example_branch_labels.py
[2024-06-08T23:55:02.752+0000] {processor.py:743} INFO - Processing file /home/airflow/.local/lib/python3.7/site-packages/airflow/example_dags/example_branch_labels.py for tasks to queue
[2024-06-08T23:55:02.752+0000] {logging_mixin.py:137} INFO - [2024-06-08T23:55:02.752+0000] {dagbag.py:538} INFO - Filling up the DagBag from /home/airflow/.local/lib/python3.7/site-packages/airflow/example_dags/example_branch_labels.py
[2024-06-08T23:55:02.764+0000] {processor.py:753} INFO - DAG(s) dict_keys(['example_branch_labels']) retrieved from /home/airflow/.local/lib/python3.7/site-packages/airflow/example_dags/example_branch_labels.py
[2024-06-08T23:55:02.786+0000] {logging_mixin.py:137} INFO - [2024-06-08T23:55:02.786+0000] {dag.py:2690} INFO - Sync 1 DAGs
[2024-06-08T23:55:02.804+0000] {logging_mixin.py:137} INFO - [2024-06-08T23:55:02.804+0000] {dag.py:3441} INFO - Setting next_dagrun for example_branch_labels to 2024-06-07T00:00:00+00:00, run_after=2024-06-08T00:00:00+00:00
[2024-06-08T23:55:02.816+0000] {processor.py:175} INFO - Processing /home/airflow/.local/lib/python3.7/site-packages/airflow/example_dags/example_branch_labels.py took 0.069 seconds
[2024-06-08T23:55:33.064+0000] {processor.py:153} INFO - Started process (PID=2431) to work on /home/airflow/.local/lib/python3.7/site-packages/airflow/example_dags/example_branch_labels.py
[2024-06-08T23:55:33.065+0000] {processor.py:743} INFO - Processing file /home/airflow/.local/lib/python3.7/site-packages/airflow/example_dags/example_branch_labels.py for tasks to queue
[2024-06-08T23:55:33.066+0000] {logging_mixin.py:137} INFO - [2024-06-08T23:55:33.066+0000] {dagbag.py:538} INFO - Filling up the DagBag from /home/airflow/.local/lib/python3.7/site-packages/airflow/example_dags/example_branch_labels.py
[2024-06-08T23:55:33.077+0000] {processor.py:753} INFO - DAG(s) dict_keys(['example_branch_labels']) retrieved from /home/airflow/.local/lib/python3.7/site-packages/airflow/example_dags/example_branch_labels.py
[2024-06-08T23:55:33.099+0000] {logging_mixin.py:137} INFO - [2024-06-08T23:55:33.099+0000] {dag.py:2690} INFO - Sync 1 DAGs
[2024-06-08T23:55:33.117+0000] {logging_mixin.py:137} INFO - [2024-06-08T23:55:33.117+0000] {dag.py:3441} INFO - Setting next_dagrun for example_branch_labels to 2024-06-07T00:00:00+00:00, run_after=2024-06-08T00:00:00+00:00
[2024-06-08T23:55:33.129+0000] {processor.py:175} INFO - Processing /home/airflow/.local/lib/python3.7/site-packages/airflow/example_dags/example_branch_labels.py took 0.068 seconds
[2024-06-08T23:56:03.473+0000] {processor.py:153} INFO - Started process (PID=2481) to work on /home/airflow/.local/lib/python3.7/site-packages/airflow/example_dags/example_branch_labels.py
[2024-06-08T23:56:03.474+0000] {processor.py:743} INFO - Processing file /home/airflow/.local/lib/python3.7/site-packages/airflow/example_dags/example_branch_labels.py for tasks to queue
[2024-06-08T23:56:03.475+0000] {logging_mixin.py:137} INFO - [2024-06-08T23:56:03.475+0000] {dagbag.py:538} INFO - Filling up the DagBag from /home/airflow/.local/lib/python3.7/site-packages/airflow/example_dags/example_branch_labels.py
[2024-06-08T23:56:03.486+0000] {processor.py:753} INFO - DAG(s) dict_keys(['example_branch_labels']) retrieved from /home/airflow/.local/lib/python3.7/site-packages/airflow/example_dags/example_branch_labels.py
[2024-06-08T23:56:03.507+0000] {logging_mixin.py:137} INFO - [2024-06-08T23:56:03.507+0000] {dag.py:2690} INFO - Sync 1 DAGs
[2024-06-08T23:56:03.525+0000] {logging_mixin.py:137} INFO - [2024-06-08T23:56:03.525+0000] {dag.py:3441} INFO - Setting next_dagrun for example_branch_labels to 2024-06-07T00:00:00+00:00, run_after=2024-06-08T00:00:00+00:00
[2024-06-08T23:56:03.537+0000] {processor.py:175} INFO - Processing /home/airflow/.local/lib/python3.7/site-packages/airflow/example_dags/example_branch_labels.py took 0.068 seconds
[2024-06-08T23:56:33.959+0000] {processor.py:153} INFO - Started process (PID=2531) to work on /home/airflow/.local/lib/python3.7/site-packages/airflow/example_dags/example_branch_labels.py
[2024-06-08T23:56:33.960+0000] {processor.py:743} INFO - Processing file /home/airflow/.local/lib/python3.7/site-packages/airflow/example_dags/example_branch_labels.py for tasks to queue
[2024-06-08T23:56:33.961+0000] {logging_mixin.py:137} INFO - [2024-06-08T23:56:33.961+0000] {dagbag.py:538} INFO - Filling up the DagBag from /home/airflow/.local/lib/python3.7/site-packages/airflow/example_dags/example_branch_labels.py
[2024-06-08T23:56:33.973+0000] {processor.py:753} INFO - DAG(s) dict_keys(['example_branch_labels']) retrieved from /home/airflow/.local/lib/python3.7/site-packages/airflow/example_dags/example_branch_labels.py
[2024-06-08T23:56:33.994+0000] {logging_mixin.py:137} INFO - [2024-06-08T23:56:33.994+0000] {dag.py:2690} INFO - Sync 1 DAGs
[2024-06-08T23:56:34.013+0000] {logging_mixin.py:137} INFO - [2024-06-08T23:56:34.013+0000] {dag.py:3441} INFO - Setting next_dagrun for example_branch_labels to 2024-06-07T00:00:00+00:00, run_after=2024-06-08T00:00:00+00:00
[2024-06-08T23:56:34.024+0000] {processor.py:175} INFO - Processing /home/airflow/.local/lib/python3.7/site-packages/airflow/example_dags/example_branch_labels.py took 0.069 seconds
[2024-06-08T23:57:04.358+0000] {processor.py:153} INFO - Started process (PID=2581) to work on /home/airflow/.local/lib/python3.7/site-packages/airflow/example_dags/example_branch_labels.py
[2024-06-08T23:57:04.360+0000] {processor.py:743} INFO - Processing file /home/airflow/.local/lib/python3.7/site-packages/airflow/example_dags/example_branch_labels.py for tasks to queue
[2024-06-08T23:57:04.361+0000] {logging_mixin.py:137} INFO - [2024-06-08T23:57:04.360+0000] {dagbag.py:538} INFO - Filling up the DagBag from /home/airflow/.local/lib/python3.7/site-packages/airflow/example_dags/example_branch_labels.py
[2024-06-08T23:57:04.372+0000] {processor.py:753} INFO - DAG(s) dict_keys(['example_branch_labels']) retrieved from /home/airflow/.local/lib/python3.7/site-packages/airflow/example_dags/example_branch_labels.py
[2024-06-08T23:57:04.395+0000] {logging_mixin.py:137} INFO - [2024-06-08T23:57:04.395+0000] {dag.py:2690} INFO - Sync 1 DAGs
[2024-06-08T23:57:04.413+0000] {logging_mixin.py:137} INFO - [2024-06-08T23:57:04.413+0000] {dag.py:3441} INFO - Setting next_dagrun for example_branch_labels to 2024-06-07T00:00:00+00:00, run_after=2024-06-08T00:00:00+00:00
[2024-06-08T23:57:04.425+0000] {processor.py:175} INFO - Processing /home/airflow/.local/lib/python3.7/site-packages/airflow/example_dags/example_branch_labels.py took 0.070 seconds
[2024-06-08T23:57:34.892+0000] {processor.py:153} INFO - Started process (PID=2631) to work on /home/airflow/.local/lib/python3.7/site-packages/airflow/example_dags/example_branch_labels.py
[2024-06-08T23:57:34.894+0000] {processor.py:743} INFO - Processing file /home/airflow/.local/lib/python3.7/site-packages/airflow/example_dags/example_branch_labels.py for tasks to queue
[2024-06-08T23:57:34.895+0000] {logging_mixin.py:137} INFO - [2024-06-08T23:57:34.895+0000] {dagbag.py:538} INFO - Filling up the DagBag from /home/airflow/.local/lib/python3.7/site-packages/airflow/example_dags/example_branch_labels.py
[2024-06-08T23:57:34.907+0000] {processor.py:753} INFO - DAG(s) dict_keys(['example_branch_labels']) retrieved from /home/airflow/.local/lib/python3.7/site-packages/airflow/example_dags/example_branch_labels.py
[2024-06-08T23:57:34.928+0000] {logging_mixin.py:137} INFO - [2024-06-08T23:57:34.928+0000] {dag.py:2690} INFO - Sync 1 DAGs
[2024-06-08T23:57:34.945+0000] {logging_mixin.py:137} INFO - [2024-06-08T23:57:34.945+0000] {dag.py:3441} INFO - Setting next_dagrun for example_branch_labels to 2024-06-07T00:00:00+00:00, run_after=2024-06-08T00:00:00+00:00
[2024-06-08T23:57:34.957+0000] {processor.py:175} INFO - Processing /home/airflow/.local/lib/python3.7/site-packages/airflow/example_dags/example_branch_labels.py took 0.068 seconds
[2024-06-08T23:58:05.500+0000] {processor.py:153} INFO - Started process (PID=2681) to work on /home/airflow/.local/lib/python3.7/site-packages/airflow/example_dags/example_branch_labels.py
[2024-06-08T23:58:05.502+0000] {processor.py:743} INFO - Processing file /home/airflow/.local/lib/python3.7/site-packages/airflow/example_dags/example_branch_labels.py for tasks to queue
[2024-06-08T23:58:05.503+0000] {logging_mixin.py:137} INFO - [2024-06-08T23:58:05.503+0000] {dagbag.py:538} INFO - Filling up the DagBag from /home/airflow/.local/lib/python3.7/site-packages/airflow/example_dags/example_branch_labels.py
[2024-06-08T23:58:05.514+0000] {processor.py:753} INFO - DAG(s) dict_keys(['example_branch_labels']) retrieved from /home/airflow/.local/lib/python3.7/site-packages/airflow/example_dags/example_branch_labels.py
[2024-06-08T23:58:05.536+0000] {logging_mixin.py:137} INFO - [2024-06-08T23:58:05.536+0000] {dag.py:2690} INFO - Sync 1 DAGs
[2024-06-08T23:58:05.554+0000] {logging_mixin.py:137} INFO - [2024-06-08T23:58:05.554+0000] {dag.py:3441} INFO - Setting next_dagrun for example_branch_labels to 2024-06-07T00:00:00+00:00, run_after=2024-06-08T00:00:00+00:00
[2024-06-08T23:58:05.568+0000] {processor.py:175} INFO - Processing /home/airflow/.local/lib/python3.7/site-packages/airflow/example_dags/example_branch_labels.py took 0.070 seconds
[2024-06-08T23:58:36.538+0000] {processor.py:153} INFO - Started process (PID=2731) to work on /home/airflow/.local/lib/python3.7/site-packages/airflow/example_dags/example_branch_labels.py
[2024-06-08T23:58:36.539+0000] {processor.py:743} INFO - Processing file /home/airflow/.local/lib/python3.7/site-packages/airflow/example_dags/example_branch_labels.py for tasks to queue
[2024-06-08T23:58:36.540+0000] {logging_mixin.py:137} INFO - [2024-06-08T23:58:36.540+0000] {dagbag.py:538} INFO - Filling up the DagBag from /home/airflow/.local/lib/python3.7/site-packages/airflow/example_dags/example_branch_labels.py
[2024-06-08T23:58:36.552+0000] {processor.py:753} INFO - DAG(s) dict_keys(['example_branch_labels']) retrieved from /home/airflow/.local/lib/python3.7/site-packages/airflow/example_dags/example_branch_labels.py
[2024-06-08T23:58:36.574+0000] {logging_mixin.py:137} INFO - [2024-06-08T23:58:36.574+0000] {dag.py:2690} INFO - Sync 1 DAGs
[2024-06-08T23:58:36.592+0000] {logging_mixin.py:137} INFO - [2024-06-08T23:58:36.591+0000] {dag.py:3441} INFO - Setting next_dagrun for example_branch_labels to 2024-06-07T00:00:00+00:00, run_after=2024-06-08T00:00:00+00:00
[2024-06-08T23:58:36.606+0000] {processor.py:175} INFO - Processing /home/airflow/.local/lib/python3.7/site-packages/airflow/example_dags/example_branch_labels.py took 0.071 seconds
[2024-06-08T23:59:07.052+0000] {processor.py:153} INFO - Started process (PID=2781) to work on /home/airflow/.local/lib/python3.7/site-packages/airflow/example_dags/example_branch_labels.py
[2024-06-08T23:59:07.053+0000] {processor.py:743} INFO - Processing file /home/airflow/.local/lib/python3.7/site-packages/airflow/example_dags/example_branch_labels.py for tasks to queue
[2024-06-08T23:59:07.054+0000] {logging_mixin.py:137} INFO - [2024-06-08T23:59:07.054+0000] {dagbag.py:538} INFO - Filling up the DagBag from /home/airflow/.local/lib/python3.7/site-packages/airflow/example_dags/example_branch_labels.py
[2024-06-08T23:59:07.066+0000] {processor.py:753} INFO - DAG(s) dict_keys(['example_branch_labels']) retrieved from /home/airflow/.local/lib/python3.7/site-packages/airflow/example_dags/example_branch_labels.py
[2024-06-08T23:59:07.087+0000] {logging_mixin.py:137} INFO - [2024-06-08T23:59:07.087+0000] {dag.py:2690} INFO - Sync 1 DAGs
[2024-06-08T23:59:07.104+0000] {logging_mixin.py:137} INFO - [2024-06-08T23:59:07.104+0000] {dag.py:3441} INFO - Setting next_dagrun for example_branch_labels to 2024-06-07T00:00:00+00:00, run_after=2024-06-08T00:00:00+00:00
[2024-06-08T23:59:07.115+0000] {processor.py:175} INFO - Processing /home/airflow/.local/lib/python3.7/site-packages/airflow/example_dags/example_branch_labels.py took 0.066 seconds
[2024-06-08T23:59:37.342+0000] {processor.py:153} INFO - Started process (PID=2831) to work on /home/airflow/.local/lib/python3.7/site-packages/airflow/example_dags/example_branch_labels.py
[2024-06-08T23:59:37.343+0000] {processor.py:743} INFO - Processing file /home/airflow/.local/lib/python3.7/site-packages/airflow/example_dags/example_branch_labels.py for tasks to queue
[2024-06-08T23:59:37.344+0000] {logging_mixin.py:137} INFO - [2024-06-08T23:59:37.344+0000] {dagbag.py:538} INFO - Filling up the DagBag from /home/airflow/.local/lib/python3.7/site-packages/airflow/example_dags/example_branch_labels.py
[2024-06-08T23:59:37.355+0000] {processor.py:753} INFO - DAG(s) dict_keys(['example_branch_labels']) retrieved from /home/airflow/.local/lib/python3.7/site-packages/airflow/example_dags/example_branch_labels.py
[2024-06-08T23:59:37.376+0000] {logging_mixin.py:137} INFO - [2024-06-08T23:59:37.376+0000] {dag.py:2690} INFO - Sync 1 DAGs
[2024-06-08T23:59:37.392+0000] {logging_mixin.py:137} INFO - [2024-06-08T23:59:37.392+0000] {dag.py:3441} INFO - Setting next_dagrun for example_branch_labels to 2024-06-07T00:00:00+00:00, run_after=2024-06-08T00:00:00+00:00
[2024-06-08T23:59:37.404+0000] {processor.py:175} INFO - Processing /home/airflow/.local/lib/python3.7/site-packages/airflow/example_dags/example_branch_labels.py took 0.065 seconds
