[2024-06-08T23:31:35.827+0000] {processor.py:153} INFO - Started process (PID=52) to work on /home/airflow/.local/lib/python3.7/site-packages/airflow/example_dags/example_branch_python_dop_operator_3.py
[2024-06-08T23:31:35.828+0000] {processor.py:743} INFO - Processing file /home/airflow/.local/lib/python3.7/site-packages/airflow/example_dags/example_branch_python_dop_operator_3.py for tasks to queue
[2024-06-08T23:31:35.829+0000] {logging_mixin.py:137} INFO - [2024-06-08T23:31:35.829+0000] {dagbag.py:538} INFO - Filling up the DagBag from /home/airflow/.local/lib/python3.7/site-packages/airflow/example_dags/example_branch_python_dop_operator_3.py
[2024-06-08T23:31:35.850+0000] {processor.py:753} INFO - DAG(s) dict_keys(['example_branch_dop_operator_v3']) retrieved from /home/airflow/.local/lib/python3.7/site-packages/airflow/example_dags/example_branch_python_dop_operator_3.py
[2024-06-08T23:31:35.874+0000] {logging_mixin.py:137} INFO - [2024-06-08T23:31:35.874+0000] {dag.py:2690} INFO - Sync 1 DAGs
[2024-06-08T23:31:35.897+0000] {logging_mixin.py:137} INFO - [2024-06-08T23:31:35.897+0000] {dag.py:3441} INFO - Setting next_dagrun for example_branch_dop_operator_v3 to 2024-06-08T23:30:00+00:00, run_after=2024-06-08T23:31:00+00:00
[2024-06-08T23:31:35.916+0000] {processor.py:175} INFO - Processing /home/airflow/.local/lib/python3.7/site-packages/airflow/example_dags/example_branch_python_dop_operator_3.py took 0.092 seconds
[2024-06-08T23:32:06.518+0000] {processor.py:153} INFO - Started process (PID=102) to work on /home/airflow/.local/lib/python3.7/site-packages/airflow/example_dags/example_branch_python_dop_operator_3.py
[2024-06-08T23:32:06.519+0000] {processor.py:743} INFO - Processing file /home/airflow/.local/lib/python3.7/site-packages/airflow/example_dags/example_branch_python_dop_operator_3.py for tasks to queue
[2024-06-08T23:32:06.521+0000] {logging_mixin.py:137} INFO - [2024-06-08T23:32:06.521+0000] {dagbag.py:538} INFO - Filling up the DagBag from /home/airflow/.local/lib/python3.7/site-packages/airflow/example_dags/example_branch_python_dop_operator_3.py
[2024-06-08T23:32:06.541+0000] {processor.py:753} INFO - DAG(s) dict_keys(['example_branch_dop_operator_v3']) retrieved from /home/airflow/.local/lib/python3.7/site-packages/airflow/example_dags/example_branch_python_dop_operator_3.py
[2024-06-08T23:32:06.568+0000] {logging_mixin.py:137} INFO - [2024-06-08T23:32:06.568+0000] {dag.py:2690} INFO - Sync 1 DAGs
[2024-06-08T23:32:06.595+0000] {logging_mixin.py:137} INFO - [2024-06-08T23:32:06.595+0000] {dag.py:3441} INFO - Setting next_dagrun for example_branch_dop_operator_v3 to 2024-06-08T23:31:00+00:00, run_after=2024-06-08T23:32:00+00:00
[2024-06-08T23:32:06.613+0000] {processor.py:175} INFO - Processing /home/airflow/.local/lib/python3.7/site-packages/airflow/example_dags/example_branch_python_dop_operator_3.py took 0.100 seconds
[2024-06-08T23:32:36.834+0000] {processor.py:153} INFO - Started process (PID=152) to work on /home/airflow/.local/lib/python3.7/site-packages/airflow/example_dags/example_branch_python_dop_operator_3.py
[2024-06-08T23:32:36.835+0000] {processor.py:743} INFO - Processing file /home/airflow/.local/lib/python3.7/site-packages/airflow/example_dags/example_branch_python_dop_operator_3.py for tasks to queue
[2024-06-08T23:32:36.837+0000] {logging_mixin.py:137} INFO - [2024-06-08T23:32:36.836+0000] {dagbag.py:538} INFO - Filling up the DagBag from /home/airflow/.local/lib/python3.7/site-packages/airflow/example_dags/example_branch_python_dop_operator_3.py
[2024-06-08T23:32:36.854+0000] {processor.py:753} INFO - DAG(s) dict_keys(['example_branch_dop_operator_v3']) retrieved from /home/airflow/.local/lib/python3.7/site-packages/airflow/example_dags/example_branch_python_dop_operator_3.py
[2024-06-08T23:32:36.874+0000] {logging_mixin.py:137} INFO - [2024-06-08T23:32:36.874+0000] {dag.py:2690} INFO - Sync 1 DAGs
[2024-06-08T23:32:36.894+0000] {logging_mixin.py:137} INFO - [2024-06-08T23:32:36.894+0000] {dag.py:3441} INFO - Setting next_dagrun for example_branch_dop_operator_v3 to 2024-06-08T23:31:00+00:00, run_after=2024-06-08T23:32:00+00:00
[2024-06-08T23:32:36.907+0000] {processor.py:175} INFO - Processing /home/airflow/.local/lib/python3.7/site-packages/airflow/example_dags/example_branch_python_dop_operator_3.py took 0.076 seconds
[2024-06-08T23:33:07.203+0000] {processor.py:153} INFO - Started process (PID=202) to work on /home/airflow/.local/lib/python3.7/site-packages/airflow/example_dags/example_branch_python_dop_operator_3.py
[2024-06-08T23:33:07.204+0000] {processor.py:743} INFO - Processing file /home/airflow/.local/lib/python3.7/site-packages/airflow/example_dags/example_branch_python_dop_operator_3.py for tasks to queue
[2024-06-08T23:33:07.205+0000] {logging_mixin.py:137} INFO - [2024-06-08T23:33:07.205+0000] {dagbag.py:538} INFO - Filling up the DagBag from /home/airflow/.local/lib/python3.7/site-packages/airflow/example_dags/example_branch_python_dop_operator_3.py
[2024-06-08T23:33:07.221+0000] {processor.py:753} INFO - DAG(s) dict_keys(['example_branch_dop_operator_v3']) retrieved from /home/airflow/.local/lib/python3.7/site-packages/airflow/example_dags/example_branch_python_dop_operator_3.py
[2024-06-08T23:33:07.241+0000] {logging_mixin.py:137} INFO - [2024-06-08T23:33:07.241+0000] {dag.py:2690} INFO - Sync 1 DAGs
[2024-06-08T23:33:07.261+0000] {logging_mixin.py:137} INFO - [2024-06-08T23:33:07.261+0000] {dag.py:3441} INFO - Setting next_dagrun for example_branch_dop_operator_v3 to 2024-06-08T23:32:00+00:00, run_after=2024-06-08T23:33:00+00:00
[2024-06-08T23:33:07.275+0000] {processor.py:175} INFO - Processing /home/airflow/.local/lib/python3.7/site-packages/airflow/example_dags/example_branch_python_dop_operator_3.py took 0.074 seconds
[2024-06-08T23:33:37.502+0000] {processor.py:153} INFO - Started process (PID=253) to work on /home/airflow/.local/lib/python3.7/site-packages/airflow/example_dags/example_branch_python_dop_operator_3.py
[2024-06-08T23:33:37.503+0000] {processor.py:743} INFO - Processing file /home/airflow/.local/lib/python3.7/site-packages/airflow/example_dags/example_branch_python_dop_operator_3.py for tasks to queue
[2024-06-08T23:33:37.504+0000] {logging_mixin.py:137} INFO - [2024-06-08T23:33:37.504+0000] {dagbag.py:538} INFO - Filling up the DagBag from /home/airflow/.local/lib/python3.7/site-packages/airflow/example_dags/example_branch_python_dop_operator_3.py
[2024-06-08T23:33:37.519+0000] {processor.py:753} INFO - DAG(s) dict_keys(['example_branch_dop_operator_v3']) retrieved from /home/airflow/.local/lib/python3.7/site-packages/airflow/example_dags/example_branch_python_dop_operator_3.py
[2024-06-08T23:33:37.540+0000] {logging_mixin.py:137} INFO - [2024-06-08T23:33:37.540+0000] {dag.py:2690} INFO - Sync 1 DAGs
[2024-06-08T23:33:37.560+0000] {logging_mixin.py:137} INFO - [2024-06-08T23:33:37.559+0000] {dag.py:3441} INFO - Setting next_dagrun for example_branch_dop_operator_v3 to 2024-06-08T23:32:00+00:00, run_after=2024-06-08T23:33:00+00:00
[2024-06-08T23:33:37.571+0000] {processor.py:175} INFO - Processing /home/airflow/.local/lib/python3.7/site-packages/airflow/example_dags/example_branch_python_dop_operator_3.py took 0.072 seconds
[2024-06-08T23:34:07.892+0000] {processor.py:153} INFO - Started process (PID=302) to work on /home/airflow/.local/lib/python3.7/site-packages/airflow/example_dags/example_branch_python_dop_operator_3.py
[2024-06-08T23:34:07.894+0000] {processor.py:743} INFO - Processing file /home/airflow/.local/lib/python3.7/site-packages/airflow/example_dags/example_branch_python_dop_operator_3.py for tasks to queue
[2024-06-08T23:34:07.894+0000] {logging_mixin.py:137} INFO - [2024-06-08T23:34:07.894+0000] {dagbag.py:538} INFO - Filling up the DagBag from /home/airflow/.local/lib/python3.7/site-packages/airflow/example_dags/example_branch_python_dop_operator_3.py
[2024-06-08T23:34:07.911+0000] {processor.py:753} INFO - DAG(s) dict_keys(['example_branch_dop_operator_v3']) retrieved from /home/airflow/.local/lib/python3.7/site-packages/airflow/example_dags/example_branch_python_dop_operator_3.py
[2024-06-08T23:34:07.933+0000] {logging_mixin.py:137} INFO - [2024-06-08T23:34:07.933+0000] {dag.py:2690} INFO - Sync 1 DAGs
[2024-06-08T23:34:07.953+0000] {logging_mixin.py:137} INFO - [2024-06-08T23:34:07.953+0000] {dag.py:3441} INFO - Setting next_dagrun for example_branch_dop_operator_v3 to 2024-06-08T23:33:00+00:00, run_after=2024-06-08T23:34:00+00:00
[2024-06-08T23:34:07.967+0000] {processor.py:175} INFO - Processing /home/airflow/.local/lib/python3.7/site-packages/airflow/example_dags/example_branch_python_dop_operator_3.py took 0.078 seconds
[2024-06-08T23:34:38.673+0000] {processor.py:153} INFO - Started process (PID=352) to work on /home/airflow/.local/lib/python3.7/site-packages/airflow/example_dags/example_branch_python_dop_operator_3.py
[2024-06-08T23:34:38.674+0000] {processor.py:743} INFO - Processing file /home/airflow/.local/lib/python3.7/site-packages/airflow/example_dags/example_branch_python_dop_operator_3.py for tasks to queue
[2024-06-08T23:34:38.675+0000] {logging_mixin.py:137} INFO - [2024-06-08T23:34:38.675+0000] {dagbag.py:538} INFO - Filling up the DagBag from /home/airflow/.local/lib/python3.7/site-packages/airflow/example_dags/example_branch_python_dop_operator_3.py
[2024-06-08T23:34:38.690+0000] {processor.py:753} INFO - DAG(s) dict_keys(['example_branch_dop_operator_v3']) retrieved from /home/airflow/.local/lib/python3.7/site-packages/airflow/example_dags/example_branch_python_dop_operator_3.py
[2024-06-08T23:34:38.710+0000] {logging_mixin.py:137} INFO - [2024-06-08T23:34:38.710+0000] {dag.py:2690} INFO - Sync 1 DAGs
[2024-06-08T23:34:38.728+0000] {logging_mixin.py:137} INFO - [2024-06-08T23:34:38.728+0000] {dag.py:3441} INFO - Setting next_dagrun for example_branch_dop_operator_v3 to 2024-06-08T23:33:00+00:00, run_after=2024-06-08T23:34:00+00:00
[2024-06-08T23:34:38.740+0000] {processor.py:175} INFO - Processing /home/airflow/.local/lib/python3.7/site-packages/airflow/example_dags/example_branch_python_dop_operator_3.py took 0.070 seconds
[2024-06-08T23:35:09.160+0000] {processor.py:153} INFO - Started process (PID=402) to work on /home/airflow/.local/lib/python3.7/site-packages/airflow/example_dags/example_branch_python_dop_operator_3.py
[2024-06-08T23:35:09.161+0000] {processor.py:743} INFO - Processing file /home/airflow/.local/lib/python3.7/site-packages/airflow/example_dags/example_branch_python_dop_operator_3.py for tasks to queue
[2024-06-08T23:35:09.164+0000] {logging_mixin.py:137} INFO - [2024-06-08T23:35:09.164+0000] {dagbag.py:538} INFO - Filling up the DagBag from /home/airflow/.local/lib/python3.7/site-packages/airflow/example_dags/example_branch_python_dop_operator_3.py
[2024-06-08T23:35:09.181+0000] {processor.py:753} INFO - DAG(s) dict_keys(['example_branch_dop_operator_v3']) retrieved from /home/airflow/.local/lib/python3.7/site-packages/airflow/example_dags/example_branch_python_dop_operator_3.py
[2024-06-08T23:35:09.202+0000] {logging_mixin.py:137} INFO - [2024-06-08T23:35:09.202+0000] {dag.py:2690} INFO - Sync 1 DAGs
[2024-06-08T23:35:09.222+0000] {logging_mixin.py:137} INFO - [2024-06-08T23:35:09.222+0000] {dag.py:3441} INFO - Setting next_dagrun for example_branch_dop_operator_v3 to 2024-06-08T23:34:00+00:00, run_after=2024-06-08T23:35:00+00:00
[2024-06-08T23:35:09.236+0000] {processor.py:175} INFO - Processing /home/airflow/.local/lib/python3.7/site-packages/airflow/example_dags/example_branch_python_dop_operator_3.py took 0.079 seconds
[2024-06-08T23:35:39.592+0000] {processor.py:153} INFO - Started process (PID=452) to work on /home/airflow/.local/lib/python3.7/site-packages/airflow/example_dags/example_branch_python_dop_operator_3.py
[2024-06-08T23:35:39.593+0000] {processor.py:743} INFO - Processing file /home/airflow/.local/lib/python3.7/site-packages/airflow/example_dags/example_branch_python_dop_operator_3.py for tasks to queue
[2024-06-08T23:35:39.594+0000] {logging_mixin.py:137} INFO - [2024-06-08T23:35:39.594+0000] {dagbag.py:538} INFO - Filling up the DagBag from /home/airflow/.local/lib/python3.7/site-packages/airflow/example_dags/example_branch_python_dop_operator_3.py
[2024-06-08T23:35:39.610+0000] {processor.py:753} INFO - DAG(s) dict_keys(['example_branch_dop_operator_v3']) retrieved from /home/airflow/.local/lib/python3.7/site-packages/airflow/example_dags/example_branch_python_dop_operator_3.py
[2024-06-08T23:35:39.636+0000] {logging_mixin.py:137} INFO - [2024-06-08T23:35:39.636+0000] {dag.py:2690} INFO - Sync 1 DAGs
[2024-06-08T23:35:39.655+0000] {logging_mixin.py:137} INFO - [2024-06-08T23:35:39.655+0000] {dag.py:3441} INFO - Setting next_dagrun for example_branch_dop_operator_v3 to 2024-06-08T23:34:00+00:00, run_after=2024-06-08T23:35:00+00:00
[2024-06-08T23:35:39.667+0000] {processor.py:175} INFO - Processing /home/airflow/.local/lib/python3.7/site-packages/airflow/example_dags/example_branch_python_dop_operator_3.py took 0.078 seconds
[2024-06-08T23:36:10.217+0000] {processor.py:153} INFO - Started process (PID=502) to work on /home/airflow/.local/lib/python3.7/site-packages/airflow/example_dags/example_branch_python_dop_operator_3.py
[2024-06-08T23:36:10.219+0000] {processor.py:743} INFO - Processing file /home/airflow/.local/lib/python3.7/site-packages/airflow/example_dags/example_branch_python_dop_operator_3.py for tasks to queue
[2024-06-08T23:36:10.220+0000] {logging_mixin.py:137} INFO - [2024-06-08T23:36:10.220+0000] {dagbag.py:538} INFO - Filling up the DagBag from /home/airflow/.local/lib/python3.7/site-packages/airflow/example_dags/example_branch_python_dop_operator_3.py
[2024-06-08T23:36:10.238+0000] {processor.py:753} INFO - DAG(s) dict_keys(['example_branch_dop_operator_v3']) retrieved from /home/airflow/.local/lib/python3.7/site-packages/airflow/example_dags/example_branch_python_dop_operator_3.py
[2024-06-08T23:36:10.262+0000] {logging_mixin.py:137} INFO - [2024-06-08T23:36:10.262+0000] {dag.py:2690} INFO - Sync 1 DAGs
[2024-06-08T23:36:10.283+0000] {logging_mixin.py:137} INFO - [2024-06-08T23:36:10.282+0000] {dag.py:3441} INFO - Setting next_dagrun for example_branch_dop_operator_v3 to 2024-06-08T23:35:00+00:00, run_after=2024-06-08T23:36:00+00:00
[2024-06-08T23:36:10.297+0000] {processor.py:175} INFO - Processing /home/airflow/.local/lib/python3.7/site-packages/airflow/example_dags/example_branch_python_dop_operator_3.py took 0.083 seconds
[2024-06-08T23:36:41.159+0000] {processor.py:153} INFO - Started process (PID=552) to work on /home/airflow/.local/lib/python3.7/site-packages/airflow/example_dags/example_branch_python_dop_operator_3.py
[2024-06-08T23:36:41.160+0000] {processor.py:743} INFO - Processing file /home/airflow/.local/lib/python3.7/site-packages/airflow/example_dags/example_branch_python_dop_operator_3.py for tasks to queue
[2024-06-08T23:36:41.161+0000] {logging_mixin.py:137} INFO - [2024-06-08T23:36:41.161+0000] {dagbag.py:538} INFO - Filling up the DagBag from /home/airflow/.local/lib/python3.7/site-packages/airflow/example_dags/example_branch_python_dop_operator_3.py
[2024-06-08T23:36:41.177+0000] {processor.py:753} INFO - DAG(s) dict_keys(['example_branch_dop_operator_v3']) retrieved from /home/airflow/.local/lib/python3.7/site-packages/airflow/example_dags/example_branch_python_dop_operator_3.py
[2024-06-08T23:36:41.199+0000] {logging_mixin.py:137} INFO - [2024-06-08T23:36:41.199+0000] {dag.py:2690} INFO - Sync 1 DAGs
[2024-06-08T23:36:41.218+0000] {logging_mixin.py:137} INFO - [2024-06-08T23:36:41.218+0000] {dag.py:3441} INFO - Setting next_dagrun for example_branch_dop_operator_v3 to 2024-06-08T23:35:00+00:00, run_after=2024-06-08T23:36:00+00:00
[2024-06-08T23:36:41.231+0000] {processor.py:175} INFO - Processing /home/airflow/.local/lib/python3.7/site-packages/airflow/example_dags/example_branch_python_dop_operator_3.py took 0.076 seconds
[2024-06-08T23:37:11.645+0000] {processor.py:153} INFO - Started process (PID=602) to work on /home/airflow/.local/lib/python3.7/site-packages/airflow/example_dags/example_branch_python_dop_operator_3.py
[2024-06-08T23:37:11.647+0000] {processor.py:743} INFO - Processing file /home/airflow/.local/lib/python3.7/site-packages/airflow/example_dags/example_branch_python_dop_operator_3.py for tasks to queue
[2024-06-08T23:37:11.648+0000] {logging_mixin.py:137} INFO - [2024-06-08T23:37:11.648+0000] {dagbag.py:538} INFO - Filling up the DagBag from /home/airflow/.local/lib/python3.7/site-packages/airflow/example_dags/example_branch_python_dop_operator_3.py
[2024-06-08T23:37:11.665+0000] {processor.py:753} INFO - DAG(s) dict_keys(['example_branch_dop_operator_v3']) retrieved from /home/airflow/.local/lib/python3.7/site-packages/airflow/example_dags/example_branch_python_dop_operator_3.py
[2024-06-08T23:37:11.687+0000] {logging_mixin.py:137} INFO - [2024-06-08T23:37:11.687+0000] {dag.py:2690} INFO - Sync 1 DAGs
[2024-06-08T23:37:11.720+0000] {logging_mixin.py:137} INFO - [2024-06-08T23:37:11.719+0000] {dag.py:3441} INFO - Setting next_dagrun for example_branch_dop_operator_v3 to 2024-06-08T23:36:00+00:00, run_after=2024-06-08T23:37:00+00:00
[2024-06-08T23:37:11.734+0000] {processor.py:175} INFO - Processing /home/airflow/.local/lib/python3.7/site-packages/airflow/example_dags/example_branch_python_dop_operator_3.py took 0.091 seconds
[2024-06-08T23:37:42.008+0000] {processor.py:153} INFO - Started process (PID=652) to work on /home/airflow/.local/lib/python3.7/site-packages/airflow/example_dags/example_branch_python_dop_operator_3.py
[2024-06-08T23:37:42.010+0000] {processor.py:743} INFO - Processing file /home/airflow/.local/lib/python3.7/site-packages/airflow/example_dags/example_branch_python_dop_operator_3.py for tasks to queue
[2024-06-08T23:37:42.011+0000] {logging_mixin.py:137} INFO - [2024-06-08T23:37:42.011+0000] {dagbag.py:538} INFO - Filling up the DagBag from /home/airflow/.local/lib/python3.7/site-packages/airflow/example_dags/example_branch_python_dop_operator_3.py
[2024-06-08T23:37:42.027+0000] {processor.py:753} INFO - DAG(s) dict_keys(['example_branch_dop_operator_v3']) retrieved from /home/airflow/.local/lib/python3.7/site-packages/airflow/example_dags/example_branch_python_dop_operator_3.py
[2024-06-08T23:37:42.050+0000] {logging_mixin.py:137} INFO - [2024-06-08T23:37:42.050+0000] {dag.py:2690} INFO - Sync 1 DAGs
[2024-06-08T23:37:42.070+0000] {logging_mixin.py:137} INFO - [2024-06-08T23:37:42.070+0000] {dag.py:3441} INFO - Setting next_dagrun for example_branch_dop_operator_v3 to 2024-06-08T23:36:00+00:00, run_after=2024-06-08T23:37:00+00:00
[2024-06-08T23:37:42.082+0000] {processor.py:175} INFO - Processing /home/airflow/.local/lib/python3.7/site-packages/airflow/example_dags/example_branch_python_dop_operator_3.py took 0.077 seconds
[2024-06-08T23:38:12.880+0000] {processor.py:153} INFO - Started process (PID=702) to work on /home/airflow/.local/lib/python3.7/site-packages/airflow/example_dags/example_branch_python_dop_operator_3.py
[2024-06-08T23:38:12.882+0000] {processor.py:743} INFO - Processing file /home/airflow/.local/lib/python3.7/site-packages/airflow/example_dags/example_branch_python_dop_operator_3.py for tasks to queue
[2024-06-08T23:38:12.883+0000] {logging_mixin.py:137} INFO - [2024-06-08T23:38:12.883+0000] {dagbag.py:538} INFO - Filling up the DagBag from /home/airflow/.local/lib/python3.7/site-packages/airflow/example_dags/example_branch_python_dop_operator_3.py
[2024-06-08T23:38:12.905+0000] {processor.py:753} INFO - DAG(s) dict_keys(['example_branch_dop_operator_v3']) retrieved from /home/airflow/.local/lib/python3.7/site-packages/airflow/example_dags/example_branch_python_dop_operator_3.py
[2024-06-08T23:38:12.933+0000] {logging_mixin.py:137} INFO - [2024-06-08T23:38:12.933+0000] {dag.py:2690} INFO - Sync 1 DAGs
[2024-06-08T23:38:12.959+0000] {logging_mixin.py:137} INFO - [2024-06-08T23:38:12.959+0000] {dag.py:3441} INFO - Setting next_dagrun for example_branch_dop_operator_v3 to 2024-06-08T23:37:00+00:00, run_after=2024-06-08T23:38:00+00:00
[2024-06-08T23:38:12.976+0000] {processor.py:175} INFO - Processing /home/airflow/.local/lib/python3.7/site-packages/airflow/example_dags/example_branch_python_dop_operator_3.py took 0.099 seconds
[2024-06-08T23:38:43.193+0000] {processor.py:153} INFO - Started process (PID=752) to work on /home/airflow/.local/lib/python3.7/site-packages/airflow/example_dags/example_branch_python_dop_operator_3.py
[2024-06-08T23:38:43.195+0000] {processor.py:743} INFO - Processing file /home/airflow/.local/lib/python3.7/site-packages/airflow/example_dags/example_branch_python_dop_operator_3.py for tasks to queue
[2024-06-08T23:38:43.196+0000] {logging_mixin.py:137} INFO - [2024-06-08T23:38:43.195+0000] {dagbag.py:538} INFO - Filling up the DagBag from /home/airflow/.local/lib/python3.7/site-packages/airflow/example_dags/example_branch_python_dop_operator_3.py
[2024-06-08T23:38:43.212+0000] {processor.py:753} INFO - DAG(s) dict_keys(['example_branch_dop_operator_v3']) retrieved from /home/airflow/.local/lib/python3.7/site-packages/airflow/example_dags/example_branch_python_dop_operator_3.py
[2024-06-08T23:38:43.233+0000] {logging_mixin.py:137} INFO - [2024-06-08T23:38:43.233+0000] {dag.py:2690} INFO - Sync 1 DAGs
[2024-06-08T23:38:43.254+0000] {logging_mixin.py:137} INFO - [2024-06-08T23:38:43.254+0000] {dag.py:3441} INFO - Setting next_dagrun for example_branch_dop_operator_v3 to 2024-06-08T23:37:00+00:00, run_after=2024-06-08T23:38:00+00:00
[2024-06-08T23:38:43.266+0000] {processor.py:175} INFO - Processing /home/airflow/.local/lib/python3.7/site-packages/airflow/example_dags/example_branch_python_dop_operator_3.py took 0.076 seconds
[2024-06-08T23:39:13.597+0000] {processor.py:153} INFO - Started process (PID=802) to work on /home/airflow/.local/lib/python3.7/site-packages/airflow/example_dags/example_branch_python_dop_operator_3.py
[2024-06-08T23:39:13.598+0000] {processor.py:743} INFO - Processing file /home/airflow/.local/lib/python3.7/site-packages/airflow/example_dags/example_branch_python_dop_operator_3.py for tasks to queue
[2024-06-08T23:39:13.600+0000] {logging_mixin.py:137} INFO - [2024-06-08T23:39:13.599+0000] {dagbag.py:538} INFO - Filling up the DagBag from /home/airflow/.local/lib/python3.7/site-packages/airflow/example_dags/example_branch_python_dop_operator_3.py
[2024-06-08T23:39:13.616+0000] {processor.py:753} INFO - DAG(s) dict_keys(['example_branch_dop_operator_v3']) retrieved from /home/airflow/.local/lib/python3.7/site-packages/airflow/example_dags/example_branch_python_dop_operator_3.py
[2024-06-08T23:39:13.638+0000] {logging_mixin.py:137} INFO - [2024-06-08T23:39:13.638+0000] {dag.py:2690} INFO - Sync 1 DAGs
[2024-06-08T23:39:13.658+0000] {logging_mixin.py:137} INFO - [2024-06-08T23:39:13.658+0000] {dag.py:3441} INFO - Setting next_dagrun for example_branch_dop_operator_v3 to 2024-06-08T23:38:00+00:00, run_after=2024-06-08T23:39:00+00:00
[2024-06-08T23:39:13.671+0000] {processor.py:175} INFO - Processing /home/airflow/.local/lib/python3.7/site-packages/airflow/example_dags/example_branch_python_dop_operator_3.py took 0.077 seconds
[2024-06-08T23:39:44.356+0000] {processor.py:153} INFO - Started process (PID=852) to work on /home/airflow/.local/lib/python3.7/site-packages/airflow/example_dags/example_branch_python_dop_operator_3.py
[2024-06-08T23:39:44.357+0000] {processor.py:743} INFO - Processing file /home/airflow/.local/lib/python3.7/site-packages/airflow/example_dags/example_branch_python_dop_operator_3.py for tasks to queue
[2024-06-08T23:39:44.358+0000] {logging_mixin.py:137} INFO - [2024-06-08T23:39:44.358+0000] {dagbag.py:538} INFO - Filling up the DagBag from /home/airflow/.local/lib/python3.7/site-packages/airflow/example_dags/example_branch_python_dop_operator_3.py
[2024-06-08T23:39:44.375+0000] {processor.py:753} INFO - DAG(s) dict_keys(['example_branch_dop_operator_v3']) retrieved from /home/airflow/.local/lib/python3.7/site-packages/airflow/example_dags/example_branch_python_dop_operator_3.py
[2024-06-08T23:39:44.395+0000] {logging_mixin.py:137} INFO - [2024-06-08T23:39:44.395+0000] {dag.py:2690} INFO - Sync 1 DAGs
[2024-06-08T23:39:44.413+0000] {logging_mixin.py:137} INFO - [2024-06-08T23:39:44.413+0000] {dag.py:3441} INFO - Setting next_dagrun for example_branch_dop_operator_v3 to 2024-06-08T23:38:00+00:00, run_after=2024-06-08T23:39:00+00:00
[2024-06-08T23:39:44.424+0000] {processor.py:175} INFO - Processing /home/airflow/.local/lib/python3.7/site-packages/airflow/example_dags/example_branch_python_dop_operator_3.py took 0.072 seconds
[2024-06-08T23:40:14.680+0000] {processor.py:153} INFO - Started process (PID=902) to work on /home/airflow/.local/lib/python3.7/site-packages/airflow/example_dags/example_branch_python_dop_operator_3.py
[2024-06-08T23:40:14.682+0000] {processor.py:743} INFO - Processing file /home/airflow/.local/lib/python3.7/site-packages/airflow/example_dags/example_branch_python_dop_operator_3.py for tasks to queue
[2024-06-08T23:40:14.683+0000] {logging_mixin.py:137} INFO - [2024-06-08T23:40:14.682+0000] {dagbag.py:538} INFO - Filling up the DagBag from /home/airflow/.local/lib/python3.7/site-packages/airflow/example_dags/example_branch_python_dop_operator_3.py
[2024-06-08T23:40:14.699+0000] {processor.py:753} INFO - DAG(s) dict_keys(['example_branch_dop_operator_v3']) retrieved from /home/airflow/.local/lib/python3.7/site-packages/airflow/example_dags/example_branch_python_dop_operator_3.py
[2024-06-08T23:40:14.719+0000] {logging_mixin.py:137} INFO - [2024-06-08T23:40:14.719+0000] {dag.py:2690} INFO - Sync 1 DAGs
[2024-06-08T23:40:14.737+0000] {logging_mixin.py:137} INFO - [2024-06-08T23:40:14.737+0000] {dag.py:3441} INFO - Setting next_dagrun for example_branch_dop_operator_v3 to 2024-06-08T23:39:00+00:00, run_after=2024-06-08T23:40:00+00:00
[2024-06-08T23:40:14.750+0000] {processor.py:175} INFO - Processing /home/airflow/.local/lib/python3.7/site-packages/airflow/example_dags/example_branch_python_dop_operator_3.py took 0.073 seconds
[2024-06-08T23:40:45.185+0000] {processor.py:153} INFO - Started process (PID=952) to work on /home/airflow/.local/lib/python3.7/site-packages/airflow/example_dags/example_branch_python_dop_operator_3.py
[2024-06-08T23:40:45.186+0000] {processor.py:743} INFO - Processing file /home/airflow/.local/lib/python3.7/site-packages/airflow/example_dags/example_branch_python_dop_operator_3.py for tasks to queue
[2024-06-08T23:40:45.187+0000] {logging_mixin.py:137} INFO - [2024-06-08T23:40:45.187+0000] {dagbag.py:538} INFO - Filling up the DagBag from /home/airflow/.local/lib/python3.7/site-packages/airflow/example_dags/example_branch_python_dop_operator_3.py
[2024-06-08T23:40:45.203+0000] {processor.py:753} INFO - DAG(s) dict_keys(['example_branch_dop_operator_v3']) retrieved from /home/airflow/.local/lib/python3.7/site-packages/airflow/example_dags/example_branch_python_dop_operator_3.py
[2024-06-08T23:40:45.223+0000] {logging_mixin.py:137} INFO - [2024-06-08T23:40:45.223+0000] {dag.py:2690} INFO - Sync 1 DAGs
[2024-06-08T23:40:45.241+0000] {logging_mixin.py:137} INFO - [2024-06-08T23:40:45.241+0000] {dag.py:3441} INFO - Setting next_dagrun for example_branch_dop_operator_v3 to 2024-06-08T23:39:00+00:00, run_after=2024-06-08T23:40:00+00:00
[2024-06-08T23:40:45.253+0000] {processor.py:175} INFO - Processing /home/airflow/.local/lib/python3.7/site-packages/airflow/example_dags/example_branch_python_dop_operator_3.py took 0.072 seconds
[2024-06-08T23:41:15.657+0000] {processor.py:153} INFO - Started process (PID=1002) to work on /home/airflow/.local/lib/python3.7/site-packages/airflow/example_dags/example_branch_python_dop_operator_3.py
[2024-06-08T23:41:15.658+0000] {processor.py:743} INFO - Processing file /home/airflow/.local/lib/python3.7/site-packages/airflow/example_dags/example_branch_python_dop_operator_3.py for tasks to queue
[2024-06-08T23:41:15.659+0000] {logging_mixin.py:137} INFO - [2024-06-08T23:41:15.659+0000] {dagbag.py:538} INFO - Filling up the DagBag from /home/airflow/.local/lib/python3.7/site-packages/airflow/example_dags/example_branch_python_dop_operator_3.py
[2024-06-08T23:41:15.677+0000] {processor.py:753} INFO - DAG(s) dict_keys(['example_branch_dop_operator_v3']) retrieved from /home/airflow/.local/lib/python3.7/site-packages/airflow/example_dags/example_branch_python_dop_operator_3.py
[2024-06-08T23:41:15.699+0000] {logging_mixin.py:137} INFO - [2024-06-08T23:41:15.699+0000] {dag.py:2690} INFO - Sync 1 DAGs
[2024-06-08T23:41:15.720+0000] {logging_mixin.py:137} INFO - [2024-06-08T23:41:15.720+0000] {dag.py:3441} INFO - Setting next_dagrun for example_branch_dop_operator_v3 to 2024-06-08T23:40:00+00:00, run_after=2024-06-08T23:41:00+00:00
[2024-06-08T23:41:15.734+0000] {processor.py:175} INFO - Processing /home/airflow/.local/lib/python3.7/site-packages/airflow/example_dags/example_branch_python_dop_operator_3.py took 0.080 seconds
[2024-06-08T23:41:46.425+0000] {processor.py:153} INFO - Started process (PID=1052) to work on /home/airflow/.local/lib/python3.7/site-packages/airflow/example_dags/example_branch_python_dop_operator_3.py
[2024-06-08T23:41:46.427+0000] {processor.py:743} INFO - Processing file /home/airflow/.local/lib/python3.7/site-packages/airflow/example_dags/example_branch_python_dop_operator_3.py for tasks to queue
[2024-06-08T23:41:46.428+0000] {logging_mixin.py:137} INFO - [2024-06-08T23:41:46.428+0000] {dagbag.py:538} INFO - Filling up the DagBag from /home/airflow/.local/lib/python3.7/site-packages/airflow/example_dags/example_branch_python_dop_operator_3.py
[2024-06-08T23:41:46.445+0000] {processor.py:753} INFO - DAG(s) dict_keys(['example_branch_dop_operator_v3']) retrieved from /home/airflow/.local/lib/python3.7/site-packages/airflow/example_dags/example_branch_python_dop_operator_3.py
[2024-06-08T23:41:46.467+0000] {logging_mixin.py:137} INFO - [2024-06-08T23:41:46.467+0000] {dag.py:2690} INFO - Sync 1 DAGs
[2024-06-08T23:41:46.487+0000] {logging_mixin.py:137} INFO - [2024-06-08T23:41:46.487+0000] {dag.py:3441} INFO - Setting next_dagrun for example_branch_dop_operator_v3 to 2024-06-08T23:40:00+00:00, run_after=2024-06-08T23:41:00+00:00
[2024-06-08T23:41:46.502+0000] {processor.py:175} INFO - Processing /home/airflow/.local/lib/python3.7/site-packages/airflow/example_dags/example_branch_python_dop_operator_3.py took 0.079 seconds
[2024-06-08T23:42:17.008+0000] {processor.py:153} INFO - Started process (PID=1102) to work on /home/airflow/.local/lib/python3.7/site-packages/airflow/example_dags/example_branch_python_dop_operator_3.py
[2024-06-08T23:42:17.010+0000] {processor.py:743} INFO - Processing file /home/airflow/.local/lib/python3.7/site-packages/airflow/example_dags/example_branch_python_dop_operator_3.py for tasks to queue
[2024-06-08T23:42:17.010+0000] {logging_mixin.py:137} INFO - [2024-06-08T23:42:17.010+0000] {dagbag.py:538} INFO - Filling up the DagBag from /home/airflow/.local/lib/python3.7/site-packages/airflow/example_dags/example_branch_python_dop_operator_3.py
[2024-06-08T23:42:17.028+0000] {processor.py:753} INFO - DAG(s) dict_keys(['example_branch_dop_operator_v3']) retrieved from /home/airflow/.local/lib/python3.7/site-packages/airflow/example_dags/example_branch_python_dop_operator_3.py
[2024-06-08T23:42:17.052+0000] {logging_mixin.py:137} INFO - [2024-06-08T23:42:17.052+0000] {dag.py:2690} INFO - Sync 1 DAGs
[2024-06-08T23:42:17.072+0000] {logging_mixin.py:137} INFO - [2024-06-08T23:42:17.071+0000] {dag.py:3441} INFO - Setting next_dagrun for example_branch_dop_operator_v3 to 2024-06-08T23:41:00+00:00, run_after=2024-06-08T23:42:00+00:00
[2024-06-08T23:42:17.087+0000] {processor.py:175} INFO - Processing /home/airflow/.local/lib/python3.7/site-packages/airflow/example_dags/example_branch_python_dop_operator_3.py took 0.082 seconds
[2024-06-08T23:42:47.382+0000] {processor.py:153} INFO - Started process (PID=1152) to work on /home/airflow/.local/lib/python3.7/site-packages/airflow/example_dags/example_branch_python_dop_operator_3.py
[2024-06-08T23:42:47.384+0000] {processor.py:743} INFO - Processing file /home/airflow/.local/lib/python3.7/site-packages/airflow/example_dags/example_branch_python_dop_operator_3.py for tasks to queue
[2024-06-08T23:42:47.384+0000] {logging_mixin.py:137} INFO - [2024-06-08T23:42:47.384+0000] {dagbag.py:538} INFO - Filling up the DagBag from /home/airflow/.local/lib/python3.7/site-packages/airflow/example_dags/example_branch_python_dop_operator_3.py
[2024-06-08T23:42:47.400+0000] {processor.py:753} INFO - DAG(s) dict_keys(['example_branch_dop_operator_v3']) retrieved from /home/airflow/.local/lib/python3.7/site-packages/airflow/example_dags/example_branch_python_dop_operator_3.py
[2024-06-08T23:42:47.421+0000] {logging_mixin.py:137} INFO - [2024-06-08T23:42:47.421+0000] {dag.py:2690} INFO - Sync 1 DAGs
[2024-06-08T23:42:47.439+0000] {logging_mixin.py:137} INFO - [2024-06-08T23:42:47.439+0000] {dag.py:3441} INFO - Setting next_dagrun for example_branch_dop_operator_v3 to 2024-06-08T23:41:00+00:00, run_after=2024-06-08T23:42:00+00:00
[2024-06-08T23:42:47.451+0000] {processor.py:175} INFO - Processing /home/airflow/.local/lib/python3.7/site-packages/airflow/example_dags/example_branch_python_dop_operator_3.py took 0.072 seconds
[2024-06-08T23:43:17.946+0000] {processor.py:153} INFO - Started process (PID=1202) to work on /home/airflow/.local/lib/python3.7/site-packages/airflow/example_dags/example_branch_python_dop_operator_3.py
[2024-06-08T23:43:17.947+0000] {processor.py:743} INFO - Processing file /home/airflow/.local/lib/python3.7/site-packages/airflow/example_dags/example_branch_python_dop_operator_3.py for tasks to queue
[2024-06-08T23:43:17.948+0000] {logging_mixin.py:137} INFO - [2024-06-08T23:43:17.948+0000] {dagbag.py:538} INFO - Filling up the DagBag from /home/airflow/.local/lib/python3.7/site-packages/airflow/example_dags/example_branch_python_dop_operator_3.py
[2024-06-08T23:43:17.964+0000] {processor.py:753} INFO - DAG(s) dict_keys(['example_branch_dop_operator_v3']) retrieved from /home/airflow/.local/lib/python3.7/site-packages/airflow/example_dags/example_branch_python_dop_operator_3.py
[2024-06-08T23:43:17.984+0000] {logging_mixin.py:137} INFO - [2024-06-08T23:43:17.984+0000] {dag.py:2690} INFO - Sync 1 DAGs
[2024-06-08T23:43:18.001+0000] {logging_mixin.py:137} INFO - [2024-06-08T23:43:18.001+0000] {dag.py:3441} INFO - Setting next_dagrun for example_branch_dop_operator_v3 to 2024-06-08T23:42:00+00:00, run_after=2024-06-08T23:43:00+00:00
[2024-06-08T23:43:18.013+0000] {processor.py:175} INFO - Processing /home/airflow/.local/lib/python3.7/site-packages/airflow/example_dags/example_branch_python_dop_operator_3.py took 0.070 seconds
[2024-06-08T23:43:48.561+0000] {processor.py:153} INFO - Started process (PID=1252) to work on /home/airflow/.local/lib/python3.7/site-packages/airflow/example_dags/example_branch_python_dop_operator_3.py
[2024-06-08T23:43:48.562+0000] {processor.py:743} INFO - Processing file /home/airflow/.local/lib/python3.7/site-packages/airflow/example_dags/example_branch_python_dop_operator_3.py for tasks to queue
[2024-06-08T23:43:48.563+0000] {logging_mixin.py:137} INFO - [2024-06-08T23:43:48.563+0000] {dagbag.py:538} INFO - Filling up the DagBag from /home/airflow/.local/lib/python3.7/site-packages/airflow/example_dags/example_branch_python_dop_operator_3.py
[2024-06-08T23:43:48.579+0000] {processor.py:753} INFO - DAG(s) dict_keys(['example_branch_dop_operator_v3']) retrieved from /home/airflow/.local/lib/python3.7/site-packages/airflow/example_dags/example_branch_python_dop_operator_3.py
[2024-06-08T23:43:48.601+0000] {logging_mixin.py:137} INFO - [2024-06-08T23:43:48.601+0000] {dag.py:2690} INFO - Sync 1 DAGs
[2024-06-08T23:43:48.620+0000] {logging_mixin.py:137} INFO - [2024-06-08T23:43:48.620+0000] {dag.py:3441} INFO - Setting next_dagrun for example_branch_dop_operator_v3 to 2024-06-08T23:42:00+00:00, run_after=2024-06-08T23:43:00+00:00
[2024-06-08T23:43:48.632+0000] {processor.py:175} INFO - Processing /home/airflow/.local/lib/python3.7/site-packages/airflow/example_dags/example_branch_python_dop_operator_3.py took 0.074 seconds
[2024-06-08T23:44:18.877+0000] {processor.py:153} INFO - Started process (PID=1302) to work on /home/airflow/.local/lib/python3.7/site-packages/airflow/example_dags/example_branch_python_dop_operator_3.py
[2024-06-08T23:44:18.878+0000] {processor.py:743} INFO - Processing file /home/airflow/.local/lib/python3.7/site-packages/airflow/example_dags/example_branch_python_dop_operator_3.py for tasks to queue
[2024-06-08T23:44:18.879+0000] {logging_mixin.py:137} INFO - [2024-06-08T23:44:18.879+0000] {dagbag.py:538} INFO - Filling up the DagBag from /home/airflow/.local/lib/python3.7/site-packages/airflow/example_dags/example_branch_python_dop_operator_3.py
[2024-06-08T23:44:18.895+0000] {processor.py:753} INFO - DAG(s) dict_keys(['example_branch_dop_operator_v3']) retrieved from /home/airflow/.local/lib/python3.7/site-packages/airflow/example_dags/example_branch_python_dop_operator_3.py
[2024-06-08T23:44:18.915+0000] {logging_mixin.py:137} INFO - [2024-06-08T23:44:18.915+0000] {dag.py:2690} INFO - Sync 1 DAGs
[2024-06-08T23:44:18.933+0000] {logging_mixin.py:137} INFO - [2024-06-08T23:44:18.933+0000] {dag.py:3441} INFO - Setting next_dagrun for example_branch_dop_operator_v3 to 2024-06-08T23:43:00+00:00, run_after=2024-06-08T23:44:00+00:00
[2024-06-08T23:44:18.945+0000] {processor.py:175} INFO - Processing /home/airflow/.local/lib/python3.7/site-packages/airflow/example_dags/example_branch_python_dop_operator_3.py took 0.070 seconds
[2024-06-08T23:44:49.321+0000] {processor.py:153} INFO - Started process (PID=1353) to work on /home/airflow/.local/lib/python3.7/site-packages/airflow/example_dags/example_branch_python_dop_operator_3.py
[2024-06-08T23:44:49.323+0000] {processor.py:743} INFO - Processing file /home/airflow/.local/lib/python3.7/site-packages/airflow/example_dags/example_branch_python_dop_operator_3.py for tasks to queue
[2024-06-08T23:44:49.323+0000] {logging_mixin.py:137} INFO - [2024-06-08T23:44:49.323+0000] {dagbag.py:538} INFO - Filling up the DagBag from /home/airflow/.local/lib/python3.7/site-packages/airflow/example_dags/example_branch_python_dop_operator_3.py
[2024-06-08T23:44:49.340+0000] {processor.py:753} INFO - DAG(s) dict_keys(['example_branch_dop_operator_v3']) retrieved from /home/airflow/.local/lib/python3.7/site-packages/airflow/example_dags/example_branch_python_dop_operator_3.py
[2024-06-08T23:44:49.363+0000] {logging_mixin.py:137} INFO - [2024-06-08T23:44:49.363+0000] {dag.py:2690} INFO - Sync 1 DAGs
[2024-06-08T23:44:49.383+0000] {logging_mixin.py:137} INFO - [2024-06-08T23:44:49.383+0000] {dag.py:3441} INFO - Setting next_dagrun for example_branch_dop_operator_v3 to 2024-06-08T23:43:00+00:00, run_after=2024-06-08T23:44:00+00:00
[2024-06-08T23:44:49.396+0000] {processor.py:175} INFO - Processing /home/airflow/.local/lib/python3.7/site-packages/airflow/example_dags/example_branch_python_dop_operator_3.py took 0.078 seconds
[2024-06-08T23:45:19.625+0000] {processor.py:153} INFO - Started process (PID=1404) to work on /home/airflow/.local/lib/python3.7/site-packages/airflow/example_dags/example_branch_python_dop_operator_3.py
[2024-06-08T23:45:19.626+0000] {processor.py:743} INFO - Processing file /home/airflow/.local/lib/python3.7/site-packages/airflow/example_dags/example_branch_python_dop_operator_3.py for tasks to queue
[2024-06-08T23:45:19.627+0000] {logging_mixin.py:137} INFO - [2024-06-08T23:45:19.627+0000] {dagbag.py:538} INFO - Filling up the DagBag from /home/airflow/.local/lib/python3.7/site-packages/airflow/example_dags/example_branch_python_dop_operator_3.py
[2024-06-08T23:45:19.643+0000] {processor.py:753} INFO - DAG(s) dict_keys(['example_branch_dop_operator_v3']) retrieved from /home/airflow/.local/lib/python3.7/site-packages/airflow/example_dags/example_branch_python_dop_operator_3.py
[2024-06-08T23:45:19.663+0000] {logging_mixin.py:137} INFO - [2024-06-08T23:45:19.663+0000] {dag.py:2690} INFO - Sync 1 DAGs
[2024-06-08T23:45:19.682+0000] {logging_mixin.py:137} INFO - [2024-06-08T23:45:19.682+0000] {dag.py:3441} INFO - Setting next_dagrun for example_branch_dop_operator_v3 to 2024-06-08T23:44:00+00:00, run_after=2024-06-08T23:45:00+00:00
[2024-06-08T23:45:19.694+0000] {processor.py:175} INFO - Processing /home/airflow/.local/lib/python3.7/site-packages/airflow/example_dags/example_branch_python_dop_operator_3.py took 0.072 seconds
[2024-06-08T23:45:50.042+0000] {processor.py:153} INFO - Started process (PID=1454) to work on /home/airflow/.local/lib/python3.7/site-packages/airflow/example_dags/example_branch_python_dop_operator_3.py
[2024-06-08T23:45:50.044+0000] {processor.py:743} INFO - Processing file /home/airflow/.local/lib/python3.7/site-packages/airflow/example_dags/example_branch_python_dop_operator_3.py for tasks to queue
[2024-06-08T23:45:50.045+0000] {logging_mixin.py:137} INFO - [2024-06-08T23:45:50.045+0000] {dagbag.py:538} INFO - Filling up the DagBag from /home/airflow/.local/lib/python3.7/site-packages/airflow/example_dags/example_branch_python_dop_operator_3.py
[2024-06-08T23:45:50.062+0000] {processor.py:753} INFO - DAG(s) dict_keys(['example_branch_dop_operator_v3']) retrieved from /home/airflow/.local/lib/python3.7/site-packages/airflow/example_dags/example_branch_python_dop_operator_3.py
[2024-06-08T23:45:50.084+0000] {logging_mixin.py:137} INFO - [2024-06-08T23:45:50.084+0000] {dag.py:2690} INFO - Sync 1 DAGs
[2024-06-08T23:45:50.105+0000] {logging_mixin.py:137} INFO - [2024-06-08T23:45:50.105+0000] {dag.py:3441} INFO - Setting next_dagrun for example_branch_dop_operator_v3 to 2024-06-08T23:44:00+00:00, run_after=2024-06-08T23:45:00+00:00
[2024-06-08T23:45:50.120+0000] {processor.py:175} INFO - Processing /home/airflow/.local/lib/python3.7/site-packages/airflow/example_dags/example_branch_python_dop_operator_3.py took 0.080 seconds
[2024-06-08T23:46:20.443+0000] {processor.py:153} INFO - Started process (PID=1505) to work on /home/airflow/.local/lib/python3.7/site-packages/airflow/example_dags/example_branch_python_dop_operator_3.py
[2024-06-08T23:46:20.445+0000] {processor.py:743} INFO - Processing file /home/airflow/.local/lib/python3.7/site-packages/airflow/example_dags/example_branch_python_dop_operator_3.py for tasks to queue
[2024-06-08T23:46:20.446+0000] {logging_mixin.py:137} INFO - [2024-06-08T23:46:20.446+0000] {dagbag.py:538} INFO - Filling up the DagBag from /home/airflow/.local/lib/python3.7/site-packages/airflow/example_dags/example_branch_python_dop_operator_3.py
[2024-06-08T23:46:20.463+0000] {processor.py:753} INFO - DAG(s) dict_keys(['example_branch_dop_operator_v3']) retrieved from /home/airflow/.local/lib/python3.7/site-packages/airflow/example_dags/example_branch_python_dop_operator_3.py
[2024-06-08T23:46:20.486+0000] {logging_mixin.py:137} INFO - [2024-06-08T23:46:20.486+0000] {dag.py:2690} INFO - Sync 1 DAGs
[2024-06-08T23:46:20.506+0000] {logging_mixin.py:137} INFO - [2024-06-08T23:46:20.506+0000] {dag.py:3441} INFO - Setting next_dagrun for example_branch_dop_operator_v3 to 2024-06-08T23:45:00+00:00, run_after=2024-06-08T23:46:00+00:00
[2024-06-08T23:46:20.519+0000] {processor.py:175} INFO - Processing /home/airflow/.local/lib/python3.7/site-packages/airflow/example_dags/example_branch_python_dop_operator_3.py took 0.078 seconds
[2024-06-08T23:46:50.836+0000] {processor.py:153} INFO - Started process (PID=1555) to work on /home/airflow/.local/lib/python3.7/site-packages/airflow/example_dags/example_branch_python_dop_operator_3.py
[2024-06-08T23:46:50.838+0000] {processor.py:743} INFO - Processing file /home/airflow/.local/lib/python3.7/site-packages/airflow/example_dags/example_branch_python_dop_operator_3.py for tasks to queue
[2024-06-08T23:46:50.839+0000] {logging_mixin.py:137} INFO - [2024-06-08T23:46:50.839+0000] {dagbag.py:538} INFO - Filling up the DagBag from /home/airflow/.local/lib/python3.7/site-packages/airflow/example_dags/example_branch_python_dop_operator_3.py
[2024-06-08T23:46:50.856+0000] {processor.py:753} INFO - DAG(s) dict_keys(['example_branch_dop_operator_v3']) retrieved from /home/airflow/.local/lib/python3.7/site-packages/airflow/example_dags/example_branch_python_dop_operator_3.py
[2024-06-08T23:46:50.880+0000] {logging_mixin.py:137} INFO - [2024-06-08T23:46:50.880+0000] {dag.py:2690} INFO - Sync 1 DAGs
[2024-06-08T23:46:50.903+0000] {logging_mixin.py:137} INFO - [2024-06-08T23:46:50.903+0000] {dag.py:3441} INFO - Setting next_dagrun for example_branch_dop_operator_v3 to 2024-06-08T23:45:00+00:00, run_after=2024-06-08T23:46:00+00:00
[2024-06-08T23:46:50.920+0000] {processor.py:175} INFO - Processing /home/airflow/.local/lib/python3.7/site-packages/airflow/example_dags/example_branch_python_dop_operator_3.py took 0.087 seconds
[2024-06-08T23:47:21.352+0000] {processor.py:153} INFO - Started process (PID=1605) to work on /home/airflow/.local/lib/python3.7/site-packages/airflow/example_dags/example_branch_python_dop_operator_3.py
[2024-06-08T23:47:21.354+0000] {processor.py:743} INFO - Processing file /home/airflow/.local/lib/python3.7/site-packages/airflow/example_dags/example_branch_python_dop_operator_3.py for tasks to queue
[2024-06-08T23:47:21.355+0000] {logging_mixin.py:137} INFO - [2024-06-08T23:47:21.354+0000] {dagbag.py:538} INFO - Filling up the DagBag from /home/airflow/.local/lib/python3.7/site-packages/airflow/example_dags/example_branch_python_dop_operator_3.py
[2024-06-08T23:47:21.373+0000] {processor.py:753} INFO - DAG(s) dict_keys(['example_branch_dop_operator_v3']) retrieved from /home/airflow/.local/lib/python3.7/site-packages/airflow/example_dags/example_branch_python_dop_operator_3.py
[2024-06-08T23:47:21.395+0000] {logging_mixin.py:137} INFO - [2024-06-08T23:47:21.395+0000] {dag.py:2690} INFO - Sync 1 DAGs
[2024-06-08T23:47:21.415+0000] {logging_mixin.py:137} INFO - [2024-06-08T23:47:21.415+0000] {dag.py:3441} INFO - Setting next_dagrun for example_branch_dop_operator_v3 to 2024-06-08T23:46:00+00:00, run_after=2024-06-08T23:47:00+00:00
[2024-06-08T23:47:21.429+0000] {processor.py:175} INFO - Processing /home/airflow/.local/lib/python3.7/site-packages/airflow/example_dags/example_branch_python_dop_operator_3.py took 0.079 seconds
[2024-06-08T23:47:51.893+0000] {processor.py:153} INFO - Started process (PID=1655) to work on /home/airflow/.local/lib/python3.7/site-packages/airflow/example_dags/example_branch_python_dop_operator_3.py
[2024-06-08T23:47:51.895+0000] {processor.py:743} INFO - Processing file /home/airflow/.local/lib/python3.7/site-packages/airflow/example_dags/example_branch_python_dop_operator_3.py for tasks to queue
[2024-06-08T23:47:51.896+0000] {logging_mixin.py:137} INFO - [2024-06-08T23:47:51.896+0000] {dagbag.py:538} INFO - Filling up the DagBag from /home/airflow/.local/lib/python3.7/site-packages/airflow/example_dags/example_branch_python_dop_operator_3.py
[2024-06-08T23:47:51.915+0000] {processor.py:753} INFO - DAG(s) dict_keys(['example_branch_dop_operator_v3']) retrieved from /home/airflow/.local/lib/python3.7/site-packages/airflow/example_dags/example_branch_python_dop_operator_3.py
[2024-06-08T23:47:51.940+0000] {logging_mixin.py:137} INFO - [2024-06-08T23:47:51.940+0000] {dag.py:2690} INFO - Sync 1 DAGs
[2024-06-08T23:47:51.961+0000] {logging_mixin.py:137} INFO - [2024-06-08T23:47:51.961+0000] {dag.py:3441} INFO - Setting next_dagrun for example_branch_dop_operator_v3 to 2024-06-08T23:46:00+00:00, run_after=2024-06-08T23:47:00+00:00
[2024-06-08T23:47:51.978+0000] {processor.py:175} INFO - Processing /home/airflow/.local/lib/python3.7/site-packages/airflow/example_dags/example_branch_python_dop_operator_3.py took 0.089 seconds
[2024-06-08T23:48:22.542+0000] {processor.py:153} INFO - Started process (PID=1705) to work on /home/airflow/.local/lib/python3.7/site-packages/airflow/example_dags/example_branch_python_dop_operator_3.py
[2024-06-08T23:48:22.543+0000] {processor.py:743} INFO - Processing file /home/airflow/.local/lib/python3.7/site-packages/airflow/example_dags/example_branch_python_dop_operator_3.py for tasks to queue
[2024-06-08T23:48:22.544+0000] {logging_mixin.py:137} INFO - [2024-06-08T23:48:22.544+0000] {dagbag.py:538} INFO - Filling up the DagBag from /home/airflow/.local/lib/python3.7/site-packages/airflow/example_dags/example_branch_python_dop_operator_3.py
[2024-06-08T23:48:22.560+0000] {processor.py:753} INFO - DAG(s) dict_keys(['example_branch_dop_operator_v3']) retrieved from /home/airflow/.local/lib/python3.7/site-packages/airflow/example_dags/example_branch_python_dop_operator_3.py
[2024-06-08T23:48:22.582+0000] {logging_mixin.py:137} INFO - [2024-06-08T23:48:22.582+0000] {dag.py:2690} INFO - Sync 1 DAGs
[2024-06-08T23:48:22.601+0000] {logging_mixin.py:137} INFO - [2024-06-08T23:48:22.600+0000] {dag.py:3441} INFO - Setting next_dagrun for example_branch_dop_operator_v3 to 2024-06-08T23:47:00+00:00, run_after=2024-06-08T23:48:00+00:00
[2024-06-08T23:48:22.612+0000] {processor.py:175} INFO - Processing /home/airflow/.local/lib/python3.7/site-packages/airflow/example_dags/example_branch_python_dop_operator_3.py took 0.074 seconds
[2024-06-08T23:48:53.062+0000] {processor.py:153} INFO - Started process (PID=1755) to work on /home/airflow/.local/lib/python3.7/site-packages/airflow/example_dags/example_branch_python_dop_operator_3.py
[2024-06-08T23:48:53.063+0000] {processor.py:743} INFO - Processing file /home/airflow/.local/lib/python3.7/site-packages/airflow/example_dags/example_branch_python_dop_operator_3.py for tasks to queue
[2024-06-08T23:48:53.064+0000] {logging_mixin.py:137} INFO - [2024-06-08T23:48:53.064+0000] {dagbag.py:538} INFO - Filling up the DagBag from /home/airflow/.local/lib/python3.7/site-packages/airflow/example_dags/example_branch_python_dop_operator_3.py
[2024-06-08T23:48:53.081+0000] {processor.py:753} INFO - DAG(s) dict_keys(['example_branch_dop_operator_v3']) retrieved from /home/airflow/.local/lib/python3.7/site-packages/airflow/example_dags/example_branch_python_dop_operator_3.py
[2024-06-08T23:48:53.103+0000] {logging_mixin.py:137} INFO - [2024-06-08T23:48:53.103+0000] {dag.py:2690} INFO - Sync 1 DAGs
[2024-06-08T23:48:53.122+0000] {logging_mixin.py:137} INFO - [2024-06-08T23:48:53.122+0000] {dag.py:3441} INFO - Setting next_dagrun for example_branch_dop_operator_v3 to 2024-06-08T23:47:00+00:00, run_after=2024-06-08T23:48:00+00:00
[2024-06-08T23:48:53.135+0000] {processor.py:175} INFO - Processing /home/airflow/.local/lib/python3.7/site-packages/airflow/example_dags/example_branch_python_dop_operator_3.py took 0.076 seconds
[2024-06-08T23:49:23.411+0000] {processor.py:153} INFO - Started process (PID=1805) to work on /home/airflow/.local/lib/python3.7/site-packages/airflow/example_dags/example_branch_python_dop_operator_3.py
[2024-06-08T23:49:23.413+0000] {processor.py:743} INFO - Processing file /home/airflow/.local/lib/python3.7/site-packages/airflow/example_dags/example_branch_python_dop_operator_3.py for tasks to queue
[2024-06-08T23:49:23.414+0000] {logging_mixin.py:137} INFO - [2024-06-08T23:49:23.413+0000] {dagbag.py:538} INFO - Filling up the DagBag from /home/airflow/.local/lib/python3.7/site-packages/airflow/example_dags/example_branch_python_dop_operator_3.py
[2024-06-08T23:49:23.430+0000] {processor.py:753} INFO - DAG(s) dict_keys(['example_branch_dop_operator_v3']) retrieved from /home/airflow/.local/lib/python3.7/site-packages/airflow/example_dags/example_branch_python_dop_operator_3.py
[2024-06-08T23:49:23.452+0000] {logging_mixin.py:137} INFO - [2024-06-08T23:49:23.452+0000] {dag.py:2690} INFO - Sync 1 DAGs
[2024-06-08T23:49:23.473+0000] {logging_mixin.py:137} INFO - [2024-06-08T23:49:23.473+0000] {dag.py:3441} INFO - Setting next_dagrun for example_branch_dop_operator_v3 to 2024-06-08T23:48:00+00:00, run_after=2024-06-08T23:49:00+00:00
[2024-06-08T23:49:23.486+0000] {processor.py:175} INFO - Processing /home/airflow/.local/lib/python3.7/site-packages/airflow/example_dags/example_branch_python_dop_operator_3.py took 0.078 seconds
[2024-06-08T23:49:53.847+0000] {processor.py:153} INFO - Started process (PID=1855) to work on /home/airflow/.local/lib/python3.7/site-packages/airflow/example_dags/example_branch_python_dop_operator_3.py
[2024-06-08T23:49:53.848+0000] {processor.py:743} INFO - Processing file /home/airflow/.local/lib/python3.7/site-packages/airflow/example_dags/example_branch_python_dop_operator_3.py for tasks to queue
[2024-06-08T23:49:53.849+0000] {logging_mixin.py:137} INFO - [2024-06-08T23:49:53.849+0000] {dagbag.py:538} INFO - Filling up the DagBag from /home/airflow/.local/lib/python3.7/site-packages/airflow/example_dags/example_branch_python_dop_operator_3.py
[2024-06-08T23:49:53.866+0000] {processor.py:753} INFO - DAG(s) dict_keys(['example_branch_dop_operator_v3']) retrieved from /home/airflow/.local/lib/python3.7/site-packages/airflow/example_dags/example_branch_python_dop_operator_3.py
[2024-06-08T23:49:53.886+0000] {logging_mixin.py:137} INFO - [2024-06-08T23:49:53.886+0000] {dag.py:2690} INFO - Sync 1 DAGs
[2024-06-08T23:49:53.904+0000] {logging_mixin.py:137} INFO - [2024-06-08T23:49:53.904+0000] {dag.py:3441} INFO - Setting next_dagrun for example_branch_dop_operator_v3 to 2024-06-08T23:48:00+00:00, run_after=2024-06-08T23:49:00+00:00
[2024-06-08T23:49:53.917+0000] {processor.py:175} INFO - Processing /home/airflow/.local/lib/python3.7/site-packages/airflow/example_dags/example_branch_python_dop_operator_3.py took 0.074 seconds
[2024-06-08T23:50:24.459+0000] {processor.py:153} INFO - Started process (PID=1905) to work on /home/airflow/.local/lib/python3.7/site-packages/airflow/example_dags/example_branch_python_dop_operator_3.py
[2024-06-08T23:50:24.461+0000] {processor.py:743} INFO - Processing file /home/airflow/.local/lib/python3.7/site-packages/airflow/example_dags/example_branch_python_dop_operator_3.py for tasks to queue
[2024-06-08T23:50:24.462+0000] {logging_mixin.py:137} INFO - [2024-06-08T23:50:24.462+0000] {dagbag.py:538} INFO - Filling up the DagBag from /home/airflow/.local/lib/python3.7/site-packages/airflow/example_dags/example_branch_python_dop_operator_3.py
[2024-06-08T23:50:24.484+0000] {processor.py:753} INFO - DAG(s) dict_keys(['example_branch_dop_operator_v3']) retrieved from /home/airflow/.local/lib/python3.7/site-packages/airflow/example_dags/example_branch_python_dop_operator_3.py
[2024-06-08T23:50:24.509+0000] {logging_mixin.py:137} INFO - [2024-06-08T23:50:24.508+0000] {dag.py:2690} INFO - Sync 1 DAGs
[2024-06-08T23:50:24.528+0000] {logging_mixin.py:137} INFO - [2024-06-08T23:50:24.528+0000] {dag.py:3441} INFO - Setting next_dagrun for example_branch_dop_operator_v3 to 2024-06-08T23:49:00+00:00, run_after=2024-06-08T23:50:00+00:00
[2024-06-08T23:50:24.541+0000] {processor.py:175} INFO - Processing /home/airflow/.local/lib/python3.7/site-packages/airflow/example_dags/example_branch_python_dop_operator_3.py took 0.086 seconds
[2024-06-08T23:50:55.131+0000] {processor.py:153} INFO - Started process (PID=1955) to work on /home/airflow/.local/lib/python3.7/site-packages/airflow/example_dags/example_branch_python_dop_operator_3.py
[2024-06-08T23:50:55.133+0000] {processor.py:743} INFO - Processing file /home/airflow/.local/lib/python3.7/site-packages/airflow/example_dags/example_branch_python_dop_operator_3.py for tasks to queue
[2024-06-08T23:50:55.134+0000] {logging_mixin.py:137} INFO - [2024-06-08T23:50:55.134+0000] {dagbag.py:538} INFO - Filling up the DagBag from /home/airflow/.local/lib/python3.7/site-packages/airflow/example_dags/example_branch_python_dop_operator_3.py
[2024-06-08T23:50:55.151+0000] {processor.py:753} INFO - DAG(s) dict_keys(['example_branch_dop_operator_v3']) retrieved from /home/airflow/.local/lib/python3.7/site-packages/airflow/example_dags/example_branch_python_dop_operator_3.py
[2024-06-08T23:50:55.173+0000] {logging_mixin.py:137} INFO - [2024-06-08T23:50:55.173+0000] {dag.py:2690} INFO - Sync 1 DAGs
[2024-06-08T23:50:55.195+0000] {logging_mixin.py:137} INFO - [2024-06-08T23:50:55.195+0000] {dag.py:3441} INFO - Setting next_dagrun for example_branch_dop_operator_v3 to 2024-06-08T23:49:00+00:00, run_after=2024-06-08T23:50:00+00:00
[2024-06-08T23:50:55.209+0000] {processor.py:175} INFO - Processing /home/airflow/.local/lib/python3.7/site-packages/airflow/example_dags/example_branch_python_dop_operator_3.py took 0.082 seconds
[2024-06-08T23:51:25.742+0000] {processor.py:153} INFO - Started process (PID=2005) to work on /home/airflow/.local/lib/python3.7/site-packages/airflow/example_dags/example_branch_python_dop_operator_3.py
[2024-06-08T23:51:25.743+0000] {processor.py:743} INFO - Processing file /home/airflow/.local/lib/python3.7/site-packages/airflow/example_dags/example_branch_python_dop_operator_3.py for tasks to queue
[2024-06-08T23:51:25.744+0000] {logging_mixin.py:137} INFO - [2024-06-08T23:51:25.744+0000] {dagbag.py:538} INFO - Filling up the DagBag from /home/airflow/.local/lib/python3.7/site-packages/airflow/example_dags/example_branch_python_dop_operator_3.py
[2024-06-08T23:51:25.764+0000] {processor.py:753} INFO - DAG(s) dict_keys(['example_branch_dop_operator_v3']) retrieved from /home/airflow/.local/lib/python3.7/site-packages/airflow/example_dags/example_branch_python_dop_operator_3.py
[2024-06-08T23:51:25.788+0000] {logging_mixin.py:137} INFO - [2024-06-08T23:51:25.788+0000] {dag.py:2690} INFO - Sync 1 DAGs
[2024-06-08T23:51:25.810+0000] {logging_mixin.py:137} INFO - [2024-06-08T23:51:25.809+0000] {dag.py:3441} INFO - Setting next_dagrun for example_branch_dop_operator_v3 to 2024-06-08T23:50:00+00:00, run_after=2024-06-08T23:51:00+00:00
[2024-06-08T23:51:25.825+0000] {processor.py:175} INFO - Processing /home/airflow/.local/lib/python3.7/site-packages/airflow/example_dags/example_branch_python_dop_operator_3.py took 0.086 seconds
[2024-06-08T23:51:56.608+0000] {processor.py:153} INFO - Started process (PID=2055) to work on /home/airflow/.local/lib/python3.7/site-packages/airflow/example_dags/example_branch_python_dop_operator_3.py
[2024-06-08T23:51:56.609+0000] {processor.py:743} INFO - Processing file /home/airflow/.local/lib/python3.7/site-packages/airflow/example_dags/example_branch_python_dop_operator_3.py for tasks to queue
[2024-06-08T23:51:56.610+0000] {logging_mixin.py:137} INFO - [2024-06-08T23:51:56.610+0000] {dagbag.py:538} INFO - Filling up the DagBag from /home/airflow/.local/lib/python3.7/site-packages/airflow/example_dags/example_branch_python_dop_operator_3.py
[2024-06-08T23:51:56.627+0000] {processor.py:753} INFO - DAG(s) dict_keys(['example_branch_dop_operator_v3']) retrieved from /home/airflow/.local/lib/python3.7/site-packages/airflow/example_dags/example_branch_python_dop_operator_3.py
[2024-06-08T23:51:56.649+0000] {logging_mixin.py:137} INFO - [2024-06-08T23:51:56.648+0000] {dag.py:2690} INFO - Sync 1 DAGs
[2024-06-08T23:51:56.669+0000] {logging_mixin.py:137} INFO - [2024-06-08T23:51:56.668+0000] {dag.py:3441} INFO - Setting next_dagrun for example_branch_dop_operator_v3 to 2024-06-08T23:50:00+00:00, run_after=2024-06-08T23:51:00+00:00
[2024-06-08T23:51:56.683+0000] {processor.py:175} INFO - Processing /home/airflow/.local/lib/python3.7/site-packages/airflow/example_dags/example_branch_python_dop_operator_3.py took 0.079 seconds
[2024-06-08T23:52:27.493+0000] {processor.py:153} INFO - Started process (PID=2105) to work on /home/airflow/.local/lib/python3.7/site-packages/airflow/example_dags/example_branch_python_dop_operator_3.py
[2024-06-08T23:52:27.495+0000] {processor.py:743} INFO - Processing file /home/airflow/.local/lib/python3.7/site-packages/airflow/example_dags/example_branch_python_dop_operator_3.py for tasks to queue
[2024-06-08T23:52:27.496+0000] {logging_mixin.py:137} INFO - [2024-06-08T23:52:27.496+0000] {dagbag.py:538} INFO - Filling up the DagBag from /home/airflow/.local/lib/python3.7/site-packages/airflow/example_dags/example_branch_python_dop_operator_3.py
[2024-06-08T23:52:27.515+0000] {processor.py:753} INFO - DAG(s) dict_keys(['example_branch_dop_operator_v3']) retrieved from /home/airflow/.local/lib/python3.7/site-packages/airflow/example_dags/example_branch_python_dop_operator_3.py
[2024-06-08T23:52:27.540+0000] {logging_mixin.py:137} INFO - [2024-06-08T23:52:27.540+0000] {dag.py:2690} INFO - Sync 1 DAGs
[2024-06-08T23:52:27.562+0000] {logging_mixin.py:137} INFO - [2024-06-08T23:52:27.562+0000] {dag.py:3441} INFO - Setting next_dagrun for example_branch_dop_operator_v3 to 2024-06-08T23:51:00+00:00, run_after=2024-06-08T23:52:00+00:00
[2024-06-08T23:52:27.581+0000] {processor.py:175} INFO - Processing /home/airflow/.local/lib/python3.7/site-packages/airflow/example_dags/example_branch_python_dop_operator_3.py took 0.091 seconds
[2024-06-08T23:52:58.336+0000] {processor.py:153} INFO - Started process (PID=2155) to work on /home/airflow/.local/lib/python3.7/site-packages/airflow/example_dags/example_branch_python_dop_operator_3.py
[2024-06-08T23:52:58.337+0000] {processor.py:743} INFO - Processing file /home/airflow/.local/lib/python3.7/site-packages/airflow/example_dags/example_branch_python_dop_operator_3.py for tasks to queue
[2024-06-08T23:52:58.338+0000] {logging_mixin.py:137} INFO - [2024-06-08T23:52:58.338+0000] {dagbag.py:538} INFO - Filling up the DagBag from /home/airflow/.local/lib/python3.7/site-packages/airflow/example_dags/example_branch_python_dop_operator_3.py
[2024-06-08T23:52:58.358+0000] {processor.py:753} INFO - DAG(s) dict_keys(['example_branch_dop_operator_v3']) retrieved from /home/airflow/.local/lib/python3.7/site-packages/airflow/example_dags/example_branch_python_dop_operator_3.py
[2024-06-08T23:52:58.382+0000] {logging_mixin.py:137} INFO - [2024-06-08T23:52:58.382+0000] {dag.py:2690} INFO - Sync 1 DAGs
[2024-06-08T23:52:58.406+0000] {logging_mixin.py:137} INFO - [2024-06-08T23:52:58.406+0000] {dag.py:3441} INFO - Setting next_dagrun for example_branch_dop_operator_v3 to 2024-06-08T23:51:00+00:00, run_after=2024-06-08T23:52:00+00:00
[2024-06-08T23:52:58.422+0000] {processor.py:175} INFO - Processing /home/airflow/.local/lib/python3.7/site-packages/airflow/example_dags/example_branch_python_dop_operator_3.py took 0.090 seconds
[2024-06-08T23:53:29.149+0000] {processor.py:153} INFO - Started process (PID=2204) to work on /home/airflow/.local/lib/python3.7/site-packages/airflow/example_dags/example_branch_python_dop_operator_3.py
[2024-06-08T23:53:29.150+0000] {processor.py:743} INFO - Processing file /home/airflow/.local/lib/python3.7/site-packages/airflow/example_dags/example_branch_python_dop_operator_3.py for tasks to queue
[2024-06-08T23:53:29.151+0000] {logging_mixin.py:137} INFO - [2024-06-08T23:53:29.151+0000] {dagbag.py:538} INFO - Filling up the DagBag from /home/airflow/.local/lib/python3.7/site-packages/airflow/example_dags/example_branch_python_dop_operator_3.py
[2024-06-08T23:53:29.168+0000] {processor.py:753} INFO - DAG(s) dict_keys(['example_branch_dop_operator_v3']) retrieved from /home/airflow/.local/lib/python3.7/site-packages/airflow/example_dags/example_branch_python_dop_operator_3.py
[2024-06-08T23:53:29.196+0000] {logging_mixin.py:137} INFO - [2024-06-08T23:53:29.196+0000] {dag.py:2690} INFO - Sync 1 DAGs
[2024-06-08T23:53:29.215+0000] {logging_mixin.py:137} INFO - [2024-06-08T23:53:29.215+0000] {dag.py:3441} INFO - Setting next_dagrun for example_branch_dop_operator_v3 to 2024-06-08T23:52:00+00:00, run_after=2024-06-08T23:53:00+00:00
[2024-06-08T23:53:29.229+0000] {processor.py:175} INFO - Processing /home/airflow/.local/lib/python3.7/site-packages/airflow/example_dags/example_branch_python_dop_operator_3.py took 0.083 seconds
[2024-06-08T23:53:59.694+0000] {processor.py:153} INFO - Started process (PID=2254) to work on /home/airflow/.local/lib/python3.7/site-packages/airflow/example_dags/example_branch_python_dop_operator_3.py
[2024-06-08T23:53:59.695+0000] {processor.py:743} INFO - Processing file /home/airflow/.local/lib/python3.7/site-packages/airflow/example_dags/example_branch_python_dop_operator_3.py for tasks to queue
[2024-06-08T23:53:59.696+0000] {logging_mixin.py:137} INFO - [2024-06-08T23:53:59.696+0000] {dagbag.py:538} INFO - Filling up the DagBag from /home/airflow/.local/lib/python3.7/site-packages/airflow/example_dags/example_branch_python_dop_operator_3.py
[2024-06-08T23:53:59.712+0000] {processor.py:753} INFO - DAG(s) dict_keys(['example_branch_dop_operator_v3']) retrieved from /home/airflow/.local/lib/python3.7/site-packages/airflow/example_dags/example_branch_python_dop_operator_3.py
[2024-06-08T23:53:59.734+0000] {logging_mixin.py:137} INFO - [2024-06-08T23:53:59.734+0000] {dag.py:2690} INFO - Sync 1 DAGs
[2024-06-08T23:53:59.754+0000] {logging_mixin.py:137} INFO - [2024-06-08T23:53:59.754+0000] {dag.py:3441} INFO - Setting next_dagrun for example_branch_dop_operator_v3 to 2024-06-08T23:52:00+00:00, run_after=2024-06-08T23:53:00+00:00
[2024-06-08T23:53:59.769+0000] {processor.py:175} INFO - Processing /home/airflow/.local/lib/python3.7/site-packages/airflow/example_dags/example_branch_python_dop_operator_3.py took 0.078 seconds
[2024-06-08T23:54:30.212+0000] {processor.py:153} INFO - Started process (PID=2304) to work on /home/airflow/.local/lib/python3.7/site-packages/airflow/example_dags/example_branch_python_dop_operator_3.py
[2024-06-08T23:54:30.214+0000] {processor.py:743} INFO - Processing file /home/airflow/.local/lib/python3.7/site-packages/airflow/example_dags/example_branch_python_dop_operator_3.py for tasks to queue
[2024-06-08T23:54:30.215+0000] {logging_mixin.py:137} INFO - [2024-06-08T23:54:30.215+0000] {dagbag.py:538} INFO - Filling up the DagBag from /home/airflow/.local/lib/python3.7/site-packages/airflow/example_dags/example_branch_python_dop_operator_3.py
[2024-06-08T23:54:30.232+0000] {processor.py:753} INFO - DAG(s) dict_keys(['example_branch_dop_operator_v3']) retrieved from /home/airflow/.local/lib/python3.7/site-packages/airflow/example_dags/example_branch_python_dop_operator_3.py
[2024-06-08T23:54:30.256+0000] {logging_mixin.py:137} INFO - [2024-06-08T23:54:30.256+0000] {dag.py:2690} INFO - Sync 1 DAGs
[2024-06-08T23:54:30.275+0000] {logging_mixin.py:137} INFO - [2024-06-08T23:54:30.275+0000] {dag.py:3441} INFO - Setting next_dagrun for example_branch_dop_operator_v3 to 2024-06-08T23:53:00+00:00, run_after=2024-06-08T23:54:00+00:00
[2024-06-08T23:54:30.288+0000] {processor.py:175} INFO - Processing /home/airflow/.local/lib/python3.7/site-packages/airflow/example_dags/example_branch_python_dop_operator_3.py took 0.079 seconds
[2024-06-08T23:55:00.683+0000] {processor.py:153} INFO - Started process (PID=2354) to work on /home/airflow/.local/lib/python3.7/site-packages/airflow/example_dags/example_branch_python_dop_operator_3.py
[2024-06-08T23:55:00.685+0000] {processor.py:743} INFO - Processing file /home/airflow/.local/lib/python3.7/site-packages/airflow/example_dags/example_branch_python_dop_operator_3.py for tasks to queue
[2024-06-08T23:55:00.685+0000] {logging_mixin.py:137} INFO - [2024-06-08T23:55:00.685+0000] {dagbag.py:538} INFO - Filling up the DagBag from /home/airflow/.local/lib/python3.7/site-packages/airflow/example_dags/example_branch_python_dop_operator_3.py
[2024-06-08T23:55:00.703+0000] {processor.py:753} INFO - DAG(s) dict_keys(['example_branch_dop_operator_v3']) retrieved from /home/airflow/.local/lib/python3.7/site-packages/airflow/example_dags/example_branch_python_dop_operator_3.py
[2024-06-08T23:55:00.724+0000] {logging_mixin.py:137} INFO - [2024-06-08T23:55:00.724+0000] {dag.py:2690} INFO - Sync 1 DAGs
[2024-06-08T23:55:00.744+0000] {logging_mixin.py:137} INFO - [2024-06-08T23:55:00.743+0000] {dag.py:3441} INFO - Setting next_dagrun for example_branch_dop_operator_v3 to 2024-06-08T23:54:00+00:00, run_after=2024-06-08T23:55:00+00:00
[2024-06-08T23:55:00.757+0000] {processor.py:175} INFO - Processing /home/airflow/.local/lib/python3.7/site-packages/airflow/example_dags/example_branch_python_dop_operator_3.py took 0.077 seconds
[2024-06-08T23:55:31.044+0000] {processor.py:153} INFO - Started process (PID=2403) to work on /home/airflow/.local/lib/python3.7/site-packages/airflow/example_dags/example_branch_python_dop_operator_3.py
[2024-06-08T23:55:31.045+0000] {processor.py:743} INFO - Processing file /home/airflow/.local/lib/python3.7/site-packages/airflow/example_dags/example_branch_python_dop_operator_3.py for tasks to queue
[2024-06-08T23:55:31.046+0000] {logging_mixin.py:137} INFO - [2024-06-08T23:55:31.046+0000] {dagbag.py:538} INFO - Filling up the DagBag from /home/airflow/.local/lib/python3.7/site-packages/airflow/example_dags/example_branch_python_dop_operator_3.py
[2024-06-08T23:55:31.064+0000] {processor.py:753} INFO - DAG(s) dict_keys(['example_branch_dop_operator_v3']) retrieved from /home/airflow/.local/lib/python3.7/site-packages/airflow/example_dags/example_branch_python_dop_operator_3.py
[2024-06-08T23:55:31.085+0000] {logging_mixin.py:137} INFO - [2024-06-08T23:55:31.085+0000] {dag.py:2690} INFO - Sync 1 DAGs
[2024-06-08T23:55:31.104+0000] {logging_mixin.py:137} INFO - [2024-06-08T23:55:31.104+0000] {dag.py:3441} INFO - Setting next_dagrun for example_branch_dop_operator_v3 to 2024-06-08T23:54:00+00:00, run_after=2024-06-08T23:55:00+00:00
[2024-06-08T23:55:31.116+0000] {processor.py:175} INFO - Processing /home/airflow/.local/lib/python3.7/site-packages/airflow/example_dags/example_branch_python_dop_operator_3.py took 0.075 seconds
[2024-06-08T23:56:01.441+0000] {processor.py:153} INFO - Started process (PID=2453) to work on /home/airflow/.local/lib/python3.7/site-packages/airflow/example_dags/example_branch_python_dop_operator_3.py
[2024-06-08T23:56:01.443+0000] {processor.py:743} INFO - Processing file /home/airflow/.local/lib/python3.7/site-packages/airflow/example_dags/example_branch_python_dop_operator_3.py for tasks to queue
[2024-06-08T23:56:01.444+0000] {logging_mixin.py:137} INFO - [2024-06-08T23:56:01.443+0000] {dagbag.py:538} INFO - Filling up the DagBag from /home/airflow/.local/lib/python3.7/site-packages/airflow/example_dags/example_branch_python_dop_operator_3.py
[2024-06-08T23:56:01.460+0000] {processor.py:753} INFO - DAG(s) dict_keys(['example_branch_dop_operator_v3']) retrieved from /home/airflow/.local/lib/python3.7/site-packages/airflow/example_dags/example_branch_python_dop_operator_3.py
[2024-06-08T23:56:01.482+0000] {logging_mixin.py:137} INFO - [2024-06-08T23:56:01.482+0000] {dag.py:2690} INFO - Sync 1 DAGs
[2024-06-08T23:56:01.503+0000] {logging_mixin.py:137} INFO - [2024-06-08T23:56:01.503+0000] {dag.py:3441} INFO - Setting next_dagrun for example_branch_dop_operator_v3 to 2024-06-08T23:55:00+00:00, run_after=2024-06-08T23:56:00+00:00
[2024-06-08T23:56:01.516+0000] {processor.py:175} INFO - Processing /home/airflow/.local/lib/python3.7/site-packages/airflow/example_dags/example_branch_python_dop_operator_3.py took 0.078 seconds
[2024-06-08T23:56:31.925+0000] {processor.py:153} INFO - Started process (PID=2503) to work on /home/airflow/.local/lib/python3.7/site-packages/airflow/example_dags/example_branch_python_dop_operator_3.py
[2024-06-08T23:56:31.926+0000] {processor.py:743} INFO - Processing file /home/airflow/.local/lib/python3.7/site-packages/airflow/example_dags/example_branch_python_dop_operator_3.py for tasks to queue
[2024-06-08T23:56:31.927+0000] {logging_mixin.py:137} INFO - [2024-06-08T23:56:31.927+0000] {dagbag.py:538} INFO - Filling up the DagBag from /home/airflow/.local/lib/python3.7/site-packages/airflow/example_dags/example_branch_python_dop_operator_3.py
[2024-06-08T23:56:31.945+0000] {processor.py:753} INFO - DAG(s) dict_keys(['example_branch_dop_operator_v3']) retrieved from /home/airflow/.local/lib/python3.7/site-packages/airflow/example_dags/example_branch_python_dop_operator_3.py
[2024-06-08T23:56:31.968+0000] {logging_mixin.py:137} INFO - [2024-06-08T23:56:31.968+0000] {dag.py:2690} INFO - Sync 1 DAGs
[2024-06-08T23:56:31.987+0000] {logging_mixin.py:137} INFO - [2024-06-08T23:56:31.987+0000] {dag.py:3441} INFO - Setting next_dagrun for example_branch_dop_operator_v3 to 2024-06-08T23:55:00+00:00, run_after=2024-06-08T23:56:00+00:00
[2024-06-08T23:56:31.999+0000] {processor.py:175} INFO - Processing /home/airflow/.local/lib/python3.7/site-packages/airflow/example_dags/example_branch_python_dop_operator_3.py took 0.077 seconds
[2024-06-08T23:57:02.315+0000] {processor.py:153} INFO - Started process (PID=2553) to work on /home/airflow/.local/lib/python3.7/site-packages/airflow/example_dags/example_branch_python_dop_operator_3.py
[2024-06-08T23:57:02.317+0000] {processor.py:743} INFO - Processing file /home/airflow/.local/lib/python3.7/site-packages/airflow/example_dags/example_branch_python_dop_operator_3.py for tasks to queue
[2024-06-08T23:57:02.318+0000] {logging_mixin.py:137} INFO - [2024-06-08T23:57:02.318+0000] {dagbag.py:538} INFO - Filling up the DagBag from /home/airflow/.local/lib/python3.7/site-packages/airflow/example_dags/example_branch_python_dop_operator_3.py
[2024-06-08T23:57:02.335+0000] {processor.py:753} INFO - DAG(s) dict_keys(['example_branch_dop_operator_v3']) retrieved from /home/airflow/.local/lib/python3.7/site-packages/airflow/example_dags/example_branch_python_dop_operator_3.py
[2024-06-08T23:57:02.356+0000] {logging_mixin.py:137} INFO - [2024-06-08T23:57:02.356+0000] {dag.py:2690} INFO - Sync 1 DAGs
[2024-06-08T23:57:02.376+0000] {logging_mixin.py:137} INFO - [2024-06-08T23:57:02.376+0000] {dag.py:3441} INFO - Setting next_dagrun for example_branch_dop_operator_v3 to 2024-06-08T23:56:00+00:00, run_after=2024-06-08T23:57:00+00:00
[2024-06-08T23:57:02.388+0000] {processor.py:175} INFO - Processing /home/airflow/.local/lib/python3.7/site-packages/airflow/example_dags/example_branch_python_dop_operator_3.py took 0.076 seconds
[2024-06-08T23:57:32.845+0000] {processor.py:153} INFO - Started process (PID=2610) to work on /home/airflow/.local/lib/python3.7/site-packages/airflow/example_dags/example_branch_python_dop_operator_3.py
[2024-06-08T23:57:32.846+0000] {processor.py:743} INFO - Processing file /home/airflow/.local/lib/python3.7/site-packages/airflow/example_dags/example_branch_python_dop_operator_3.py for tasks to queue
[2024-06-08T23:57:32.847+0000] {logging_mixin.py:137} INFO - [2024-06-08T23:57:32.847+0000] {dagbag.py:538} INFO - Filling up the DagBag from /home/airflow/.local/lib/python3.7/site-packages/airflow/example_dags/example_branch_python_dop_operator_3.py
[2024-06-08T23:57:32.864+0000] {processor.py:753} INFO - DAG(s) dict_keys(['example_branch_dop_operator_v3']) retrieved from /home/airflow/.local/lib/python3.7/site-packages/airflow/example_dags/example_branch_python_dop_operator_3.py
[2024-06-08T23:57:32.885+0000] {logging_mixin.py:137} INFO - [2024-06-08T23:57:32.885+0000] {dag.py:2690} INFO - Sync 1 DAGs
[2024-06-08T23:57:32.903+0000] {logging_mixin.py:137} INFO - [2024-06-08T23:57:32.903+0000] {dag.py:3441} INFO - Setting next_dagrun for example_branch_dop_operator_v3 to 2024-06-08T23:56:00+00:00, run_after=2024-06-08T23:57:00+00:00
[2024-06-08T23:57:32.916+0000] {processor.py:175} INFO - Processing /home/airflow/.local/lib/python3.7/site-packages/airflow/example_dags/example_branch_python_dop_operator_3.py took 0.073 seconds
[2024-06-08T23:58:03.319+0000] {processor.py:153} INFO - Started process (PID=2660) to work on /home/airflow/.local/lib/python3.7/site-packages/airflow/example_dags/example_branch_python_dop_operator_3.py
[2024-06-08T23:58:03.321+0000] {processor.py:743} INFO - Processing file /home/airflow/.local/lib/python3.7/site-packages/airflow/example_dags/example_branch_python_dop_operator_3.py for tasks to queue
[2024-06-08T23:58:03.322+0000] {logging_mixin.py:137} INFO - [2024-06-08T23:58:03.322+0000] {dagbag.py:538} INFO - Filling up the DagBag from /home/airflow/.local/lib/python3.7/site-packages/airflow/example_dags/example_branch_python_dop_operator_3.py
[2024-06-08T23:58:03.339+0000] {processor.py:753} INFO - DAG(s) dict_keys(['example_branch_dop_operator_v3']) retrieved from /home/airflow/.local/lib/python3.7/site-packages/airflow/example_dags/example_branch_python_dop_operator_3.py
[2024-06-08T23:58:03.361+0000] {logging_mixin.py:137} INFO - [2024-06-08T23:58:03.361+0000] {dag.py:2690} INFO - Sync 1 DAGs
[2024-06-08T23:58:03.383+0000] {logging_mixin.py:137} INFO - [2024-06-08T23:58:03.383+0000] {dag.py:3441} INFO - Setting next_dagrun for example_branch_dop_operator_v3 to 2024-06-08T23:57:00+00:00, run_after=2024-06-08T23:58:00+00:00
[2024-06-08T23:58:03.395+0000] {processor.py:175} INFO - Processing /home/airflow/.local/lib/python3.7/site-packages/airflow/example_dags/example_branch_python_dop_operator_3.py took 0.079 seconds
[2024-06-08T23:58:34.112+0000] {processor.py:153} INFO - Started process (PID=2710) to work on /home/airflow/.local/lib/python3.7/site-packages/airflow/example_dags/example_branch_python_dop_operator_3.py
[2024-06-08T23:58:34.113+0000] {processor.py:743} INFO - Processing file /home/airflow/.local/lib/python3.7/site-packages/airflow/example_dags/example_branch_python_dop_operator_3.py for tasks to queue
[2024-06-08T23:58:34.114+0000] {logging_mixin.py:137} INFO - [2024-06-08T23:58:34.114+0000] {dagbag.py:538} INFO - Filling up the DagBag from /home/airflow/.local/lib/python3.7/site-packages/airflow/example_dags/example_branch_python_dop_operator_3.py
[2024-06-08T23:58:34.133+0000] {processor.py:753} INFO - DAG(s) dict_keys(['example_branch_dop_operator_v3']) retrieved from /home/airflow/.local/lib/python3.7/site-packages/airflow/example_dags/example_branch_python_dop_operator_3.py
[2024-06-08T23:58:34.158+0000] {logging_mixin.py:137} INFO - [2024-06-08T23:58:34.158+0000] {dag.py:2690} INFO - Sync 1 DAGs
[2024-06-08T23:58:34.180+0000] {logging_mixin.py:137} INFO - [2024-06-08T23:58:34.180+0000] {dag.py:3441} INFO - Setting next_dagrun for example_branch_dop_operator_v3 to 2024-06-08T23:57:00+00:00, run_after=2024-06-08T23:58:00+00:00
[2024-06-08T23:58:34.195+0000] {processor.py:175} INFO - Processing /home/airflow/.local/lib/python3.7/site-packages/airflow/example_dags/example_branch_python_dop_operator_3.py took 0.086 seconds
[2024-06-08T23:59:04.939+0000] {processor.py:153} INFO - Started process (PID=2760) to work on /home/airflow/.local/lib/python3.7/site-packages/airflow/example_dags/example_branch_python_dop_operator_3.py
[2024-06-08T23:59:04.941+0000] {processor.py:743} INFO - Processing file /home/airflow/.local/lib/python3.7/site-packages/airflow/example_dags/example_branch_python_dop_operator_3.py for tasks to queue
[2024-06-08T23:59:04.942+0000] {logging_mixin.py:137} INFO - [2024-06-08T23:59:04.942+0000] {dagbag.py:538} INFO - Filling up the DagBag from /home/airflow/.local/lib/python3.7/site-packages/airflow/example_dags/example_branch_python_dop_operator_3.py
[2024-06-08T23:59:04.959+0000] {processor.py:753} INFO - DAG(s) dict_keys(['example_branch_dop_operator_v3']) retrieved from /home/airflow/.local/lib/python3.7/site-packages/airflow/example_dags/example_branch_python_dop_operator_3.py
[2024-06-08T23:59:04.980+0000] {logging_mixin.py:137} INFO - [2024-06-08T23:59:04.980+0000] {dag.py:2690} INFO - Sync 1 DAGs
[2024-06-08T23:59:04.999+0000] {logging_mixin.py:137} INFO - [2024-06-08T23:59:04.999+0000] {dag.py:3441} INFO - Setting next_dagrun for example_branch_dop_operator_v3 to 2024-06-08T23:58:00+00:00, run_after=2024-06-08T23:59:00+00:00
[2024-06-08T23:59:05.011+0000] {processor.py:175} INFO - Processing /home/airflow/.local/lib/python3.7/site-packages/airflow/example_dags/example_branch_python_dop_operator_3.py took 0.076 seconds
[2024-06-08T23:59:35.370+0000] {processor.py:153} INFO - Started process (PID=2810) to work on /home/airflow/.local/lib/python3.7/site-packages/airflow/example_dags/example_branch_python_dop_operator_3.py
[2024-06-08T23:59:35.372+0000] {processor.py:743} INFO - Processing file /home/airflow/.local/lib/python3.7/site-packages/airflow/example_dags/example_branch_python_dop_operator_3.py for tasks to queue
[2024-06-08T23:59:35.372+0000] {logging_mixin.py:137} INFO - [2024-06-08T23:59:35.372+0000] {dagbag.py:538} INFO - Filling up the DagBag from /home/airflow/.local/lib/python3.7/site-packages/airflow/example_dags/example_branch_python_dop_operator_3.py
[2024-06-08T23:59:35.389+0000] {processor.py:753} INFO - DAG(s) dict_keys(['example_branch_dop_operator_v3']) retrieved from /home/airflow/.local/lib/python3.7/site-packages/airflow/example_dags/example_branch_python_dop_operator_3.py
[2024-06-08T23:59:35.409+0000] {logging_mixin.py:137} INFO - [2024-06-08T23:59:35.409+0000] {dag.py:2690} INFO - Sync 1 DAGs
[2024-06-08T23:59:35.427+0000] {logging_mixin.py:137} INFO - [2024-06-08T23:59:35.426+0000] {dag.py:3441} INFO - Setting next_dagrun for example_branch_dop_operator_v3 to 2024-06-08T23:58:00+00:00, run_after=2024-06-08T23:59:00+00:00
[2024-06-08T23:59:35.438+0000] {processor.py:175} INFO - Processing /home/airflow/.local/lib/python3.7/site-packages/airflow/example_dags/example_branch_python_dop_operator_3.py took 0.071 seconds
