[2024-06-08T23:31:35.020+0000] {processor.py:153} INFO - Started process (PID=42) to work on /home/airflow/.local/lib/python3.7/site-packages/airflow/example_dags/example_task_group.py
[2024-06-08T23:31:35.021+0000] {processor.py:743} INFO - Processing file /home/airflow/.local/lib/python3.7/site-packages/airflow/example_dags/example_task_group.py for tasks to queue
[2024-06-08T23:31:35.022+0000] {logging_mixin.py:137} INFO - [2024-06-08T23:31:35.022+0000] {dagbag.py:538} INFO - Filling up the DagBag from /home/airflow/.local/lib/python3.7/site-packages/airflow/example_dags/example_task_group.py
[2024-06-08T23:31:35.042+0000] {processor.py:753} INFO - DAG(s) dict_keys(['example_task_group']) retrieved from /home/airflow/.local/lib/python3.7/site-packages/airflow/example_dags/example_task_group.py
[2024-06-08T23:31:35.068+0000] {logging_mixin.py:137} INFO - [2024-06-08T23:31:35.067+0000] {dag.py:2690} INFO - Sync 1 DAGs
[2024-06-08T23:31:35.088+0000] {logging_mixin.py:137} INFO - [2024-06-08T23:31:35.087+0000] {dag.py:3441} INFO - Setting next_dagrun for example_task_group to 2024-06-07T23:31:35.087704+00:00, run_after=2024-06-08T23:31:35.087704+00:00
[2024-06-08T23:31:35.108+0000] {processor.py:175} INFO - Processing /home/airflow/.local/lib/python3.7/site-packages/airflow/example_dags/example_task_group.py took 0.091 seconds
[2024-06-08T23:32:05.856+0000] {processor.py:153} INFO - Started process (PID=92) to work on /home/airflow/.local/lib/python3.7/site-packages/airflow/example_dags/example_task_group.py
[2024-06-08T23:32:05.857+0000] {processor.py:743} INFO - Processing file /home/airflow/.local/lib/python3.7/site-packages/airflow/example_dags/example_task_group.py for tasks to queue
[2024-06-08T23:32:05.858+0000] {logging_mixin.py:137} INFO - [2024-06-08T23:32:05.858+0000] {dagbag.py:538} INFO - Filling up the DagBag from /home/airflow/.local/lib/python3.7/site-packages/airflow/example_dags/example_task_group.py
[2024-06-08T23:32:05.871+0000] {processor.py:753} INFO - DAG(s) dict_keys(['example_task_group']) retrieved from /home/airflow/.local/lib/python3.7/site-packages/airflow/example_dags/example_task_group.py
[2024-06-08T23:32:05.893+0000] {logging_mixin.py:137} INFO - [2024-06-08T23:32:05.893+0000] {dag.py:2690} INFO - Sync 1 DAGs
[2024-06-08T23:32:05.910+0000] {logging_mixin.py:137} INFO - [2024-06-08T23:32:05.910+0000] {dag.py:3441} INFO - Setting next_dagrun for example_task_group to 2024-06-07T23:32:05.910487+00:00, run_after=2024-06-08T23:32:05.910487+00:00
[2024-06-08T23:32:05.923+0000] {processor.py:175} INFO - Processing /home/airflow/.local/lib/python3.7/site-packages/airflow/example_dags/example_task_group.py took 0.070 seconds
[2024-06-08T23:32:36.344+0000] {processor.py:153} INFO - Started process (PID=142) to work on /home/airflow/.local/lib/python3.7/site-packages/airflow/example_dags/example_task_group.py
[2024-06-08T23:32:36.346+0000] {processor.py:743} INFO - Processing file /home/airflow/.local/lib/python3.7/site-packages/airflow/example_dags/example_task_group.py for tasks to queue
[2024-06-08T23:32:36.347+0000] {logging_mixin.py:137} INFO - [2024-06-08T23:32:36.346+0000] {dagbag.py:538} INFO - Filling up the DagBag from /home/airflow/.local/lib/python3.7/site-packages/airflow/example_dags/example_task_group.py
[2024-06-08T23:32:36.359+0000] {processor.py:753} INFO - DAG(s) dict_keys(['example_task_group']) retrieved from /home/airflow/.local/lib/python3.7/site-packages/airflow/example_dags/example_task_group.py
[2024-06-08T23:32:36.380+0000] {logging_mixin.py:137} INFO - [2024-06-08T23:32:36.380+0000] {dag.py:2690} INFO - Sync 1 DAGs
[2024-06-08T23:32:36.396+0000] {logging_mixin.py:137} INFO - [2024-06-08T23:32:36.396+0000] {dag.py:3441} INFO - Setting next_dagrun for example_task_group to 2024-06-07T23:32:36.396449+00:00, run_after=2024-06-08T23:32:36.396449+00:00
[2024-06-08T23:32:36.409+0000] {processor.py:175} INFO - Processing /home/airflow/.local/lib/python3.7/site-packages/airflow/example_dags/example_task_group.py took 0.069 seconds
[2024-06-08T23:33:06.722+0000] {processor.py:153} INFO - Started process (PID=192) to work on /home/airflow/.local/lib/python3.7/site-packages/airflow/example_dags/example_task_group.py
[2024-06-08T23:33:06.723+0000] {processor.py:743} INFO - Processing file /home/airflow/.local/lib/python3.7/site-packages/airflow/example_dags/example_task_group.py for tasks to queue
[2024-06-08T23:33:06.724+0000] {logging_mixin.py:137} INFO - [2024-06-08T23:33:06.724+0000] {dagbag.py:538} INFO - Filling up the DagBag from /home/airflow/.local/lib/python3.7/site-packages/airflow/example_dags/example_task_group.py
[2024-06-08T23:33:06.737+0000] {processor.py:753} INFO - DAG(s) dict_keys(['example_task_group']) retrieved from /home/airflow/.local/lib/python3.7/site-packages/airflow/example_dags/example_task_group.py
[2024-06-08T23:33:06.758+0000] {logging_mixin.py:137} INFO - [2024-06-08T23:33:06.758+0000] {dag.py:2690} INFO - Sync 1 DAGs
[2024-06-08T23:33:06.775+0000] {logging_mixin.py:137} INFO - [2024-06-08T23:33:06.775+0000] {dag.py:3441} INFO - Setting next_dagrun for example_task_group to 2024-06-07T23:33:06.775575+00:00, run_after=2024-06-08T23:33:06.775575+00:00
[2024-06-08T23:33:06.789+0000] {processor.py:175} INFO - Processing /home/airflow/.local/lib/python3.7/site-packages/airflow/example_dags/example_task_group.py took 0.070 seconds
[2024-06-08T23:33:37.058+0000] {processor.py:153} INFO - Started process (PID=243) to work on /home/airflow/.local/lib/python3.7/site-packages/airflow/example_dags/example_task_group.py
[2024-06-08T23:33:37.060+0000] {processor.py:743} INFO - Processing file /home/airflow/.local/lib/python3.7/site-packages/airflow/example_dags/example_task_group.py for tasks to queue
[2024-06-08T23:33:37.061+0000] {logging_mixin.py:137} INFO - [2024-06-08T23:33:37.061+0000] {dagbag.py:538} INFO - Filling up the DagBag from /home/airflow/.local/lib/python3.7/site-packages/airflow/example_dags/example_task_group.py
[2024-06-08T23:33:37.073+0000] {processor.py:753} INFO - DAG(s) dict_keys(['example_task_group']) retrieved from /home/airflow/.local/lib/python3.7/site-packages/airflow/example_dags/example_task_group.py
[2024-06-08T23:33:37.093+0000] {logging_mixin.py:137} INFO - [2024-06-08T23:33:37.093+0000] {dag.py:2690} INFO - Sync 1 DAGs
[2024-06-08T23:33:37.109+0000] {logging_mixin.py:137} INFO - [2024-06-08T23:33:37.109+0000] {dag.py:3441} INFO - Setting next_dagrun for example_task_group to 2024-06-07T23:33:37.109296+00:00, run_after=2024-06-08T23:33:37.109296+00:00
[2024-06-08T23:33:37.121+0000] {processor.py:175} INFO - Processing /home/airflow/.local/lib/python3.7/site-packages/airflow/example_dags/example_task_group.py took 0.066 seconds
[2024-06-08T23:34:07.343+0000] {processor.py:153} INFO - Started process (PID=292) to work on /home/airflow/.local/lib/python3.7/site-packages/airflow/example_dags/example_task_group.py
[2024-06-08T23:34:07.344+0000] {processor.py:743} INFO - Processing file /home/airflow/.local/lib/python3.7/site-packages/airflow/example_dags/example_task_group.py for tasks to queue
[2024-06-08T23:34:07.345+0000] {logging_mixin.py:137} INFO - [2024-06-08T23:34:07.345+0000] {dagbag.py:538} INFO - Filling up the DagBag from /home/airflow/.local/lib/python3.7/site-packages/airflow/example_dags/example_task_group.py
[2024-06-08T23:34:07.357+0000] {processor.py:753} INFO - DAG(s) dict_keys(['example_task_group']) retrieved from /home/airflow/.local/lib/python3.7/site-packages/airflow/example_dags/example_task_group.py
[2024-06-08T23:34:07.379+0000] {logging_mixin.py:137} INFO - [2024-06-08T23:34:07.379+0000] {dag.py:2690} INFO - Sync 1 DAGs
[2024-06-08T23:34:07.396+0000] {logging_mixin.py:137} INFO - [2024-06-08T23:34:07.396+0000] {dag.py:3441} INFO - Setting next_dagrun for example_task_group to 2024-06-07T23:34:07.395827+00:00, run_after=2024-06-08T23:34:07.395827+00:00
[2024-06-08T23:34:07.410+0000] {processor.py:175} INFO - Processing /home/airflow/.local/lib/python3.7/site-packages/airflow/example_dags/example_task_group.py took 0.070 seconds
[2024-06-08T23:34:37.988+0000] {processor.py:153} INFO - Started process (PID=342) to work on /home/airflow/.local/lib/python3.7/site-packages/airflow/example_dags/example_task_group.py
[2024-06-08T23:34:37.990+0000] {processor.py:743} INFO - Processing file /home/airflow/.local/lib/python3.7/site-packages/airflow/example_dags/example_task_group.py for tasks to queue
[2024-06-08T23:34:37.990+0000] {logging_mixin.py:137} INFO - [2024-06-08T23:34:37.990+0000] {dagbag.py:538} INFO - Filling up the DagBag from /home/airflow/.local/lib/python3.7/site-packages/airflow/example_dags/example_task_group.py
[2024-06-08T23:34:38.004+0000] {processor.py:753} INFO - DAG(s) dict_keys(['example_task_group']) retrieved from /home/airflow/.local/lib/python3.7/site-packages/airflow/example_dags/example_task_group.py
[2024-06-08T23:34:38.025+0000] {logging_mixin.py:137} INFO - [2024-06-08T23:34:38.025+0000] {dag.py:2690} INFO - Sync 1 DAGs
[2024-06-08T23:34:38.043+0000] {logging_mixin.py:137} INFO - [2024-06-08T23:34:38.042+0000] {dag.py:3441} INFO - Setting next_dagrun for example_task_group to 2024-06-07T23:34:38.042569+00:00, run_after=2024-06-08T23:34:38.042569+00:00
[2024-06-08T23:34:38.055+0000] {processor.py:175} INFO - Processing /home/airflow/.local/lib/python3.7/site-packages/airflow/example_dags/example_task_group.py took 0.071 seconds
[2024-06-08T23:35:08.586+0000] {processor.py:153} INFO - Started process (PID=392) to work on /home/airflow/.local/lib/python3.7/site-packages/airflow/example_dags/example_task_group.py
[2024-06-08T23:35:08.588+0000] {processor.py:743} INFO - Processing file /home/airflow/.local/lib/python3.7/site-packages/airflow/example_dags/example_task_group.py for tasks to queue
[2024-06-08T23:35:08.588+0000] {logging_mixin.py:137} INFO - [2024-06-08T23:35:08.588+0000] {dagbag.py:538} INFO - Filling up the DagBag from /home/airflow/.local/lib/python3.7/site-packages/airflow/example_dags/example_task_group.py
[2024-06-08T23:35:08.601+0000] {processor.py:753} INFO - DAG(s) dict_keys(['example_task_group']) retrieved from /home/airflow/.local/lib/python3.7/site-packages/airflow/example_dags/example_task_group.py
[2024-06-08T23:35:08.621+0000] {logging_mixin.py:137} INFO - [2024-06-08T23:35:08.621+0000] {dag.py:2690} INFO - Sync 1 DAGs
[2024-06-08T23:35:08.638+0000] {logging_mixin.py:137} INFO - [2024-06-08T23:35:08.638+0000] {dag.py:3441} INFO - Setting next_dagrun for example_task_group to 2024-06-07T23:35:08.637917+00:00, run_after=2024-06-08T23:35:08.637917+00:00
[2024-06-08T23:35:08.651+0000] {processor.py:175} INFO - Processing /home/airflow/.local/lib/python3.7/site-packages/airflow/example_dags/example_task_group.py took 0.068 seconds
[2024-06-08T23:35:39.102+0000] {processor.py:153} INFO - Started process (PID=442) to work on /home/airflow/.local/lib/python3.7/site-packages/airflow/example_dags/example_task_group.py
[2024-06-08T23:35:39.103+0000] {processor.py:743} INFO - Processing file /home/airflow/.local/lib/python3.7/site-packages/airflow/example_dags/example_task_group.py for tasks to queue
[2024-06-08T23:35:39.104+0000] {logging_mixin.py:137} INFO - [2024-06-08T23:35:39.104+0000] {dagbag.py:538} INFO - Filling up the DagBag from /home/airflow/.local/lib/python3.7/site-packages/airflow/example_dags/example_task_group.py
[2024-06-08T23:35:39.118+0000] {processor.py:753} INFO - DAG(s) dict_keys(['example_task_group']) retrieved from /home/airflow/.local/lib/python3.7/site-packages/airflow/example_dags/example_task_group.py
[2024-06-08T23:35:39.138+0000] {logging_mixin.py:137} INFO - [2024-06-08T23:35:39.138+0000] {dag.py:2690} INFO - Sync 1 DAGs
[2024-06-08T23:35:39.157+0000] {logging_mixin.py:137} INFO - [2024-06-08T23:35:39.157+0000] {dag.py:3441} INFO - Setting next_dagrun for example_task_group to 2024-06-07T23:35:39.157333+00:00, run_after=2024-06-08T23:35:39.157333+00:00
[2024-06-08T23:35:39.170+0000] {processor.py:175} INFO - Processing /home/airflow/.local/lib/python3.7/site-packages/airflow/example_dags/example_task_group.py took 0.071 seconds
[2024-06-08T23:36:09.724+0000] {processor.py:153} INFO - Started process (PID=492) to work on /home/airflow/.local/lib/python3.7/site-packages/airflow/example_dags/example_task_group.py
[2024-06-08T23:36:09.726+0000] {processor.py:743} INFO - Processing file /home/airflow/.local/lib/python3.7/site-packages/airflow/example_dags/example_task_group.py for tasks to queue
[2024-06-08T23:36:09.727+0000] {logging_mixin.py:137} INFO - [2024-06-08T23:36:09.727+0000] {dagbag.py:538} INFO - Filling up the DagBag from /home/airflow/.local/lib/python3.7/site-packages/airflow/example_dags/example_task_group.py
[2024-06-08T23:36:09.739+0000] {processor.py:753} INFO - DAG(s) dict_keys(['example_task_group']) retrieved from /home/airflow/.local/lib/python3.7/site-packages/airflow/example_dags/example_task_group.py
[2024-06-08T23:36:09.759+0000] {logging_mixin.py:137} INFO - [2024-06-08T23:36:09.759+0000] {dag.py:2690} INFO - Sync 1 DAGs
[2024-06-08T23:36:09.774+0000] {logging_mixin.py:137} INFO - [2024-06-08T23:36:09.774+0000] {dag.py:3441} INFO - Setting next_dagrun for example_task_group to 2024-06-07T23:36:09.774153+00:00, run_after=2024-06-08T23:36:09.774153+00:00
[2024-06-08T23:36:09.785+0000] {processor.py:175} INFO - Processing /home/airflow/.local/lib/python3.7/site-packages/airflow/example_dags/example_task_group.py took 0.064 seconds
[2024-06-08T23:36:40.496+0000] {processor.py:153} INFO - Started process (PID=542) to work on /home/airflow/.local/lib/python3.7/site-packages/airflow/example_dags/example_task_group.py
[2024-06-08T23:36:40.497+0000] {processor.py:743} INFO - Processing file /home/airflow/.local/lib/python3.7/site-packages/airflow/example_dags/example_task_group.py for tasks to queue
[2024-06-08T23:36:40.498+0000] {logging_mixin.py:137} INFO - [2024-06-08T23:36:40.498+0000] {dagbag.py:538} INFO - Filling up the DagBag from /home/airflow/.local/lib/python3.7/site-packages/airflow/example_dags/example_task_group.py
[2024-06-08T23:36:40.509+0000] {processor.py:753} INFO - DAG(s) dict_keys(['example_task_group']) retrieved from /home/airflow/.local/lib/python3.7/site-packages/airflow/example_dags/example_task_group.py
[2024-06-08T23:36:40.528+0000] {logging_mixin.py:137} INFO - [2024-06-08T23:36:40.528+0000] {dag.py:2690} INFO - Sync 1 DAGs
[2024-06-08T23:36:40.544+0000] {logging_mixin.py:137} INFO - [2024-06-08T23:36:40.544+0000] {dag.py:3441} INFO - Setting next_dagrun for example_task_group to 2024-06-07T23:36:40.543889+00:00, run_after=2024-06-08T23:36:40.543889+00:00
[2024-06-08T23:36:40.556+0000] {processor.py:175} INFO - Processing /home/airflow/.local/lib/python3.7/site-packages/airflow/example_dags/example_task_group.py took 0.063 seconds
[2024-06-08T23:37:11.152+0000] {processor.py:153} INFO - Started process (PID=592) to work on /home/airflow/.local/lib/python3.7/site-packages/airflow/example_dags/example_task_group.py
[2024-06-08T23:37:11.153+0000] {processor.py:743} INFO - Processing file /home/airflow/.local/lib/python3.7/site-packages/airflow/example_dags/example_task_group.py for tasks to queue
[2024-06-08T23:37:11.154+0000] {logging_mixin.py:137} INFO - [2024-06-08T23:37:11.154+0000] {dagbag.py:538} INFO - Filling up the DagBag from /home/airflow/.local/lib/python3.7/site-packages/airflow/example_dags/example_task_group.py
[2024-06-08T23:37:11.166+0000] {processor.py:753} INFO - DAG(s) dict_keys(['example_task_group']) retrieved from /home/airflow/.local/lib/python3.7/site-packages/airflow/example_dags/example_task_group.py
[2024-06-08T23:37:11.186+0000] {logging_mixin.py:137} INFO - [2024-06-08T23:37:11.186+0000] {dag.py:2690} INFO - Sync 1 DAGs
[2024-06-08T23:37:11.203+0000] {logging_mixin.py:137} INFO - [2024-06-08T23:37:11.203+0000] {dag.py:3441} INFO - Setting next_dagrun for example_task_group to 2024-06-07T23:37:11.203288+00:00, run_after=2024-06-08T23:37:11.203288+00:00
[2024-06-08T23:37:11.216+0000] {processor.py:175} INFO - Processing /home/airflow/.local/lib/python3.7/site-packages/airflow/example_dags/example_task_group.py took 0.067 seconds
[2024-06-08T23:37:41.542+0000] {processor.py:153} INFO - Started process (PID=642) to work on /home/airflow/.local/lib/python3.7/site-packages/airflow/example_dags/example_task_group.py
[2024-06-08T23:37:41.544+0000] {processor.py:743} INFO - Processing file /home/airflow/.local/lib/python3.7/site-packages/airflow/example_dags/example_task_group.py for tasks to queue
[2024-06-08T23:37:41.547+0000] {logging_mixin.py:137} INFO - [2024-06-08T23:37:41.547+0000] {dagbag.py:538} INFO - Filling up the DagBag from /home/airflow/.local/lib/python3.7/site-packages/airflow/example_dags/example_task_group.py
[2024-06-08T23:37:41.559+0000] {processor.py:753} INFO - DAG(s) dict_keys(['example_task_group']) retrieved from /home/airflow/.local/lib/python3.7/site-packages/airflow/example_dags/example_task_group.py
[2024-06-08T23:37:41.579+0000] {logging_mixin.py:137} INFO - [2024-06-08T23:37:41.579+0000] {dag.py:2690} INFO - Sync 1 DAGs
[2024-06-08T23:37:41.594+0000] {logging_mixin.py:137} INFO - [2024-06-08T23:37:41.594+0000] {dag.py:3441} INFO - Setting next_dagrun for example_task_group to 2024-06-07T23:37:41.594483+00:00, run_after=2024-06-08T23:37:41.594483+00:00
[2024-06-08T23:37:41.606+0000] {processor.py:175} INFO - Processing /home/airflow/.local/lib/python3.7/site-packages/airflow/example_dags/example_task_group.py took 0.066 seconds
[2024-06-08T23:38:12.188+0000] {processor.py:153} INFO - Started process (PID=692) to work on /home/airflow/.local/lib/python3.7/site-packages/airflow/example_dags/example_task_group.py
[2024-06-08T23:38:12.190+0000] {processor.py:743} INFO - Processing file /home/airflow/.local/lib/python3.7/site-packages/airflow/example_dags/example_task_group.py for tasks to queue
[2024-06-08T23:38:12.191+0000] {logging_mixin.py:137} INFO - [2024-06-08T23:38:12.191+0000] {dagbag.py:538} INFO - Filling up the DagBag from /home/airflow/.local/lib/python3.7/site-packages/airflow/example_dags/example_task_group.py
[2024-06-08T23:38:12.207+0000] {processor.py:753} INFO - DAG(s) dict_keys(['example_task_group']) retrieved from /home/airflow/.local/lib/python3.7/site-packages/airflow/example_dags/example_task_group.py
[2024-06-08T23:38:12.236+0000] {logging_mixin.py:137} INFO - [2024-06-08T23:38:12.235+0000] {dag.py:2690} INFO - Sync 1 DAGs
[2024-06-08T23:38:12.256+0000] {logging_mixin.py:137} INFO - [2024-06-08T23:38:12.255+0000] {dag.py:3441} INFO - Setting next_dagrun for example_task_group to 2024-06-07T23:38:12.255604+00:00, run_after=2024-06-08T23:38:12.255604+00:00
[2024-06-08T23:38:12.282+0000] {processor.py:175} INFO - Processing /home/airflow/.local/lib/python3.7/site-packages/airflow/example_dags/example_task_group.py took 0.097 seconds
[2024-06-08T23:38:42.584+0000] {processor.py:153} INFO - Started process (PID=742) to work on /home/airflow/.local/lib/python3.7/site-packages/airflow/example_dags/example_task_group.py
[2024-06-08T23:38:42.585+0000] {processor.py:743} INFO - Processing file /home/airflow/.local/lib/python3.7/site-packages/airflow/example_dags/example_task_group.py for tasks to queue
[2024-06-08T23:38:42.586+0000] {logging_mixin.py:137} INFO - [2024-06-08T23:38:42.586+0000] {dagbag.py:538} INFO - Filling up the DagBag from /home/airflow/.local/lib/python3.7/site-packages/airflow/example_dags/example_task_group.py
[2024-06-08T23:38:42.597+0000] {processor.py:753} INFO - DAG(s) dict_keys(['example_task_group']) retrieved from /home/airflow/.local/lib/python3.7/site-packages/airflow/example_dags/example_task_group.py
[2024-06-08T23:38:42.618+0000] {logging_mixin.py:137} INFO - [2024-06-08T23:38:42.618+0000] {dag.py:2690} INFO - Sync 1 DAGs
[2024-06-08T23:38:42.633+0000] {logging_mixin.py:137} INFO - [2024-06-08T23:38:42.633+0000] {dag.py:3441} INFO - Setting next_dagrun for example_task_group to 2024-06-07T23:38:42.632887+00:00, run_after=2024-06-08T23:38:42.632887+00:00
[2024-06-08T23:38:42.645+0000] {processor.py:175} INFO - Processing /home/airflow/.local/lib/python3.7/site-packages/airflow/example_dags/example_task_group.py took 0.064 seconds
[2024-06-08T23:39:13.063+0000] {processor.py:153} INFO - Started process (PID=792) to work on /home/airflow/.local/lib/python3.7/site-packages/airflow/example_dags/example_task_group.py
[2024-06-08T23:39:13.064+0000] {processor.py:743} INFO - Processing file /home/airflow/.local/lib/python3.7/site-packages/airflow/example_dags/example_task_group.py for tasks to queue
[2024-06-08T23:39:13.066+0000] {logging_mixin.py:137} INFO - [2024-06-08T23:39:13.066+0000] {dagbag.py:538} INFO - Filling up the DagBag from /home/airflow/.local/lib/python3.7/site-packages/airflow/example_dags/example_task_group.py
[2024-06-08T23:39:13.079+0000] {processor.py:753} INFO - DAG(s) dict_keys(['example_task_group']) retrieved from /home/airflow/.local/lib/python3.7/site-packages/airflow/example_dags/example_task_group.py
[2024-06-08T23:39:13.104+0000] {logging_mixin.py:137} INFO - [2024-06-08T23:39:13.104+0000] {dag.py:2690} INFO - Sync 1 DAGs
[2024-06-08T23:39:13.122+0000] {logging_mixin.py:137} INFO - [2024-06-08T23:39:13.122+0000] {dag.py:3441} INFO - Setting next_dagrun for example_task_group to 2024-06-07T23:39:13.121963+00:00, run_after=2024-06-08T23:39:13.121963+00:00
[2024-06-08T23:39:13.136+0000] {processor.py:175} INFO - Processing /home/airflow/.local/lib/python3.7/site-packages/airflow/example_dags/example_task_group.py took 0.076 seconds
[2024-06-08T23:39:43.854+0000] {processor.py:153} INFO - Started process (PID=842) to work on /home/airflow/.local/lib/python3.7/site-packages/airflow/example_dags/example_task_group.py
[2024-06-08T23:39:43.855+0000] {processor.py:743} INFO - Processing file /home/airflow/.local/lib/python3.7/site-packages/airflow/example_dags/example_task_group.py for tasks to queue
[2024-06-08T23:39:43.856+0000] {logging_mixin.py:137} INFO - [2024-06-08T23:39:43.856+0000] {dagbag.py:538} INFO - Filling up the DagBag from /home/airflow/.local/lib/python3.7/site-packages/airflow/example_dags/example_task_group.py
[2024-06-08T23:39:43.868+0000] {processor.py:753} INFO - DAG(s) dict_keys(['example_task_group']) retrieved from /home/airflow/.local/lib/python3.7/site-packages/airflow/example_dags/example_task_group.py
[2024-06-08T23:39:43.888+0000] {logging_mixin.py:137} INFO - [2024-06-08T23:39:43.888+0000] {dag.py:2690} INFO - Sync 1 DAGs
[2024-06-08T23:39:43.904+0000] {logging_mixin.py:137} INFO - [2024-06-08T23:39:43.904+0000] {dag.py:3441} INFO - Setting next_dagrun for example_task_group to 2024-06-07T23:39:43.903799+00:00, run_after=2024-06-08T23:39:43.903799+00:00
[2024-06-08T23:39:43.915+0000] {processor.py:175} INFO - Processing /home/airflow/.local/lib/python3.7/site-packages/airflow/example_dags/example_task_group.py took 0.064 seconds
[2024-06-08T23:40:14.208+0000] {processor.py:153} INFO - Started process (PID=892) to work on /home/airflow/.local/lib/python3.7/site-packages/airflow/example_dags/example_task_group.py
[2024-06-08T23:40:14.210+0000] {processor.py:743} INFO - Processing file /home/airflow/.local/lib/python3.7/site-packages/airflow/example_dags/example_task_group.py for tasks to queue
[2024-06-08T23:40:14.211+0000] {logging_mixin.py:137} INFO - [2024-06-08T23:40:14.210+0000] {dagbag.py:538} INFO - Filling up the DagBag from /home/airflow/.local/lib/python3.7/site-packages/airflow/example_dags/example_task_group.py
[2024-06-08T23:40:14.222+0000] {processor.py:753} INFO - DAG(s) dict_keys(['example_task_group']) retrieved from /home/airflow/.local/lib/python3.7/site-packages/airflow/example_dags/example_task_group.py
[2024-06-08T23:40:14.242+0000] {logging_mixin.py:137} INFO - [2024-06-08T23:40:14.242+0000] {dag.py:2690} INFO - Sync 1 DAGs
[2024-06-08T23:40:14.257+0000] {logging_mixin.py:137} INFO - [2024-06-08T23:40:14.257+0000] {dag.py:3441} INFO - Setting next_dagrun for example_task_group to 2024-06-07T23:40:14.257258+00:00, run_after=2024-06-08T23:40:14.257258+00:00
[2024-06-08T23:40:14.269+0000] {processor.py:175} INFO - Processing /home/airflow/.local/lib/python3.7/site-packages/airflow/example_dags/example_task_group.py took 0.064 seconds
[2024-06-08T23:40:44.703+0000] {processor.py:153} INFO - Started process (PID=942) to work on /home/airflow/.local/lib/python3.7/site-packages/airflow/example_dags/example_task_group.py
[2024-06-08T23:40:44.704+0000] {processor.py:743} INFO - Processing file /home/airflow/.local/lib/python3.7/site-packages/airflow/example_dags/example_task_group.py for tasks to queue
[2024-06-08T23:40:44.705+0000] {logging_mixin.py:137} INFO - [2024-06-08T23:40:44.705+0000] {dagbag.py:538} INFO - Filling up the DagBag from /home/airflow/.local/lib/python3.7/site-packages/airflow/example_dags/example_task_group.py
[2024-06-08T23:40:44.717+0000] {processor.py:753} INFO - DAG(s) dict_keys(['example_task_group']) retrieved from /home/airflow/.local/lib/python3.7/site-packages/airflow/example_dags/example_task_group.py
[2024-06-08T23:40:44.738+0000] {logging_mixin.py:137} INFO - [2024-06-08T23:40:44.737+0000] {dag.py:2690} INFO - Sync 1 DAGs
[2024-06-08T23:40:44.754+0000] {logging_mixin.py:137} INFO - [2024-06-08T23:40:44.753+0000] {dag.py:3441} INFO - Setting next_dagrun for example_task_group to 2024-06-07T23:40:44.753756+00:00, run_after=2024-06-08T23:40:44.753756+00:00
[2024-06-08T23:40:44.766+0000] {processor.py:175} INFO - Processing /home/airflow/.local/lib/python3.7/site-packages/airflow/example_dags/example_task_group.py took 0.066 seconds
[2024-06-08T23:41:15.078+0000] {processor.py:153} INFO - Started process (PID=992) to work on /home/airflow/.local/lib/python3.7/site-packages/airflow/example_dags/example_task_group.py
[2024-06-08T23:41:15.083+0000] {processor.py:743} INFO - Processing file /home/airflow/.local/lib/python3.7/site-packages/airflow/example_dags/example_task_group.py for tasks to queue
[2024-06-08T23:41:15.085+0000] {logging_mixin.py:137} INFO - [2024-06-08T23:41:15.085+0000] {dagbag.py:538} INFO - Filling up the DagBag from /home/airflow/.local/lib/python3.7/site-packages/airflow/example_dags/example_task_group.py
[2024-06-08T23:41:15.098+0000] {processor.py:753} INFO - DAG(s) dict_keys(['example_task_group']) retrieved from /home/airflow/.local/lib/python3.7/site-packages/airflow/example_dags/example_task_group.py
[2024-06-08T23:41:15.120+0000] {logging_mixin.py:137} INFO - [2024-06-08T23:41:15.120+0000] {dag.py:2690} INFO - Sync 1 DAGs
[2024-06-08T23:41:15.137+0000] {logging_mixin.py:137} INFO - [2024-06-08T23:41:15.137+0000] {dag.py:3441} INFO - Setting next_dagrun for example_task_group to 2024-06-07T23:41:15.137445+00:00, run_after=2024-06-08T23:41:15.137445+00:00
[2024-06-08T23:41:15.151+0000] {processor.py:175} INFO - Processing /home/airflow/.local/lib/python3.7/site-packages/airflow/example_dags/example_task_group.py took 0.076 seconds
[2024-06-08T23:41:45.878+0000] {processor.py:153} INFO - Started process (PID=1042) to work on /home/airflow/.local/lib/python3.7/site-packages/airflow/example_dags/example_task_group.py
[2024-06-08T23:41:45.880+0000] {processor.py:743} INFO - Processing file /home/airflow/.local/lib/python3.7/site-packages/airflow/example_dags/example_task_group.py for tasks to queue
[2024-06-08T23:41:45.881+0000] {logging_mixin.py:137} INFO - [2024-06-08T23:41:45.881+0000] {dagbag.py:538} INFO - Filling up the DagBag from /home/airflow/.local/lib/python3.7/site-packages/airflow/example_dags/example_task_group.py
[2024-06-08T23:41:45.895+0000] {processor.py:753} INFO - DAG(s) dict_keys(['example_task_group']) retrieved from /home/airflow/.local/lib/python3.7/site-packages/airflow/example_dags/example_task_group.py
[2024-06-08T23:41:45.918+0000] {logging_mixin.py:137} INFO - [2024-06-08T23:41:45.918+0000] {dag.py:2690} INFO - Sync 1 DAGs
[2024-06-08T23:41:45.937+0000] {logging_mixin.py:137} INFO - [2024-06-08T23:41:45.937+0000] {dag.py:3441} INFO - Setting next_dagrun for example_task_group to 2024-06-07T23:41:45.936956+00:00, run_after=2024-06-08T23:41:45.936956+00:00
[2024-06-08T23:41:45.952+0000] {processor.py:175} INFO - Processing /home/airflow/.local/lib/python3.7/site-packages/airflow/example_dags/example_task_group.py took 0.078 seconds
[2024-06-08T23:42:16.364+0000] {processor.py:153} INFO - Started process (PID=1092) to work on /home/airflow/.local/lib/python3.7/site-packages/airflow/example_dags/example_task_group.py
[2024-06-08T23:42:16.366+0000] {processor.py:743} INFO - Processing file /home/airflow/.local/lib/python3.7/site-packages/airflow/example_dags/example_task_group.py for tasks to queue
[2024-06-08T23:42:16.369+0000] {logging_mixin.py:137} INFO - [2024-06-08T23:42:16.369+0000] {dagbag.py:538} INFO - Filling up the DagBag from /home/airflow/.local/lib/python3.7/site-packages/airflow/example_dags/example_task_group.py
[2024-06-08T23:42:16.384+0000] {processor.py:753} INFO - DAG(s) dict_keys(['example_task_group']) retrieved from /home/airflow/.local/lib/python3.7/site-packages/airflow/example_dags/example_task_group.py
[2024-06-08T23:42:16.407+0000] {logging_mixin.py:137} INFO - [2024-06-08T23:42:16.407+0000] {dag.py:2690} INFO - Sync 1 DAGs
[2024-06-08T23:42:16.426+0000] {logging_mixin.py:137} INFO - [2024-06-08T23:42:16.425+0000] {dag.py:3441} INFO - Setting next_dagrun for example_task_group to 2024-06-07T23:42:16.425679+00:00, run_after=2024-06-08T23:42:16.425679+00:00
[2024-06-08T23:42:16.439+0000] {processor.py:175} INFO - Processing /home/airflow/.local/lib/python3.7/site-packages/airflow/example_dags/example_task_group.py took 0.078 seconds
[2024-06-08T23:42:46.901+0000] {processor.py:153} INFO - Started process (PID=1142) to work on /home/airflow/.local/lib/python3.7/site-packages/airflow/example_dags/example_task_group.py
[2024-06-08T23:42:46.902+0000] {processor.py:743} INFO - Processing file /home/airflow/.local/lib/python3.7/site-packages/airflow/example_dags/example_task_group.py for tasks to queue
[2024-06-08T23:42:46.903+0000] {logging_mixin.py:137} INFO - [2024-06-08T23:42:46.903+0000] {dagbag.py:538} INFO - Filling up the DagBag from /home/airflow/.local/lib/python3.7/site-packages/airflow/example_dags/example_task_group.py
[2024-06-08T23:42:46.916+0000] {processor.py:753} INFO - DAG(s) dict_keys(['example_task_group']) retrieved from /home/airflow/.local/lib/python3.7/site-packages/airflow/example_dags/example_task_group.py
[2024-06-08T23:42:46.938+0000] {logging_mixin.py:137} INFO - [2024-06-08T23:42:46.937+0000] {dag.py:2690} INFO - Sync 1 DAGs
[2024-06-08T23:42:46.954+0000] {logging_mixin.py:137} INFO - [2024-06-08T23:42:46.954+0000] {dag.py:3441} INFO - Setting next_dagrun for example_task_group to 2024-06-07T23:42:46.954375+00:00, run_after=2024-06-08T23:42:46.954375+00:00
[2024-06-08T23:42:46.967+0000] {processor.py:175} INFO - Processing /home/airflow/.local/lib/python3.7/site-packages/airflow/example_dags/example_task_group.py took 0.068 seconds
[2024-06-08T23:43:17.320+0000] {processor.py:153} INFO - Started process (PID=1192) to work on /home/airflow/.local/lib/python3.7/site-packages/airflow/example_dags/example_task_group.py
[2024-06-08T23:43:17.322+0000] {processor.py:743} INFO - Processing file /home/airflow/.local/lib/python3.7/site-packages/airflow/example_dags/example_task_group.py for tasks to queue
[2024-06-08T23:43:17.323+0000] {logging_mixin.py:137} INFO - [2024-06-08T23:43:17.323+0000] {dagbag.py:538} INFO - Filling up the DagBag from /home/airflow/.local/lib/python3.7/site-packages/airflow/example_dags/example_task_group.py
[2024-06-08T23:43:17.335+0000] {processor.py:753} INFO - DAG(s) dict_keys(['example_task_group']) retrieved from /home/airflow/.local/lib/python3.7/site-packages/airflow/example_dags/example_task_group.py
[2024-06-08T23:43:17.358+0000] {logging_mixin.py:137} INFO - [2024-06-08T23:43:17.358+0000] {dag.py:2690} INFO - Sync 1 DAGs
[2024-06-08T23:43:17.375+0000] {logging_mixin.py:137} INFO - [2024-06-08T23:43:17.375+0000] {dag.py:3441} INFO - Setting next_dagrun for example_task_group to 2024-06-07T23:43:17.375517+00:00, run_after=2024-06-08T23:43:17.375517+00:00
[2024-06-08T23:43:17.390+0000] {processor.py:175} INFO - Processing /home/airflow/.local/lib/python3.7/site-packages/airflow/example_dags/example_task_group.py took 0.073 seconds
[2024-06-08T23:43:48.090+0000] {processor.py:153} INFO - Started process (PID=1242) to work on /home/airflow/.local/lib/python3.7/site-packages/airflow/example_dags/example_task_group.py
[2024-06-08T23:43:48.091+0000] {processor.py:743} INFO - Processing file /home/airflow/.local/lib/python3.7/site-packages/airflow/example_dags/example_task_group.py for tasks to queue
[2024-06-08T23:43:48.092+0000] {logging_mixin.py:137} INFO - [2024-06-08T23:43:48.092+0000] {dagbag.py:538} INFO - Filling up the DagBag from /home/airflow/.local/lib/python3.7/site-packages/airflow/example_dags/example_task_group.py
[2024-06-08T23:43:48.104+0000] {processor.py:753} INFO - DAG(s) dict_keys(['example_task_group']) retrieved from /home/airflow/.local/lib/python3.7/site-packages/airflow/example_dags/example_task_group.py
[2024-06-08T23:43:48.124+0000] {logging_mixin.py:137} INFO - [2024-06-08T23:43:48.124+0000] {dag.py:2690} INFO - Sync 1 DAGs
[2024-06-08T23:43:48.140+0000] {logging_mixin.py:137} INFO - [2024-06-08T23:43:48.140+0000] {dag.py:3441} INFO - Setting next_dagrun for example_task_group to 2024-06-07T23:43:48.140228+00:00, run_after=2024-06-08T23:43:48.140228+00:00
[2024-06-08T23:43:48.151+0000] {processor.py:175} INFO - Processing /home/airflow/.local/lib/python3.7/site-packages/airflow/example_dags/example_task_group.py took 0.064 seconds
[2024-06-08T23:44:18.396+0000] {processor.py:153} INFO - Started process (PID=1292) to work on /home/airflow/.local/lib/python3.7/site-packages/airflow/example_dags/example_task_group.py
[2024-06-08T23:44:18.397+0000] {processor.py:743} INFO - Processing file /home/airflow/.local/lib/python3.7/site-packages/airflow/example_dags/example_task_group.py for tasks to queue
[2024-06-08T23:44:18.398+0000] {logging_mixin.py:137} INFO - [2024-06-08T23:44:18.398+0000] {dagbag.py:538} INFO - Filling up the DagBag from /home/airflow/.local/lib/python3.7/site-packages/airflow/example_dags/example_task_group.py
[2024-06-08T23:44:18.410+0000] {processor.py:753} INFO - DAG(s) dict_keys(['example_task_group']) retrieved from /home/airflow/.local/lib/python3.7/site-packages/airflow/example_dags/example_task_group.py
[2024-06-08T23:44:18.432+0000] {logging_mixin.py:137} INFO - [2024-06-08T23:44:18.432+0000] {dag.py:2690} INFO - Sync 1 DAGs
[2024-06-08T23:44:18.448+0000] {logging_mixin.py:137} INFO - [2024-06-08T23:44:18.448+0000] {dag.py:3441} INFO - Setting next_dagrun for example_task_group to 2024-06-07T23:44:18.448629+00:00, run_after=2024-06-08T23:44:18.448629+00:00
[2024-06-08T23:44:18.461+0000] {processor.py:175} INFO - Processing /home/airflow/.local/lib/python3.7/site-packages/airflow/example_dags/example_task_group.py took 0.069 seconds
[2024-06-08T23:44:48.844+0000] {processor.py:153} INFO - Started process (PID=1343) to work on /home/airflow/.local/lib/python3.7/site-packages/airflow/example_dags/example_task_group.py
[2024-06-08T23:44:48.845+0000] {processor.py:743} INFO - Processing file /home/airflow/.local/lib/python3.7/site-packages/airflow/example_dags/example_task_group.py for tasks to queue
[2024-06-08T23:44:48.846+0000] {logging_mixin.py:137} INFO - [2024-06-08T23:44:48.846+0000] {dagbag.py:538} INFO - Filling up the DagBag from /home/airflow/.local/lib/python3.7/site-packages/airflow/example_dags/example_task_group.py
[2024-06-08T23:44:48.858+0000] {processor.py:753} INFO - DAG(s) dict_keys(['example_task_group']) retrieved from /home/airflow/.local/lib/python3.7/site-packages/airflow/example_dags/example_task_group.py
[2024-06-08T23:44:48.878+0000] {logging_mixin.py:137} INFO - [2024-06-08T23:44:48.878+0000] {dag.py:2690} INFO - Sync 1 DAGs
[2024-06-08T23:44:48.893+0000] {logging_mixin.py:137} INFO - [2024-06-08T23:44:48.893+0000] {dag.py:3441} INFO - Setting next_dagrun for example_task_group to 2024-06-07T23:44:48.893485+00:00, run_after=2024-06-08T23:44:48.893485+00:00
[2024-06-08T23:44:48.904+0000] {processor.py:175} INFO - Processing /home/airflow/.local/lib/python3.7/site-packages/airflow/example_dags/example_task_group.py took 0.063 seconds
[2024-06-08T23:45:19.151+0000] {processor.py:153} INFO - Started process (PID=1394) to work on /home/airflow/.local/lib/python3.7/site-packages/airflow/example_dags/example_task_group.py
[2024-06-08T23:45:19.152+0000] {processor.py:743} INFO - Processing file /home/airflow/.local/lib/python3.7/site-packages/airflow/example_dags/example_task_group.py for tasks to queue
[2024-06-08T23:45:19.153+0000] {logging_mixin.py:137} INFO - [2024-06-08T23:45:19.153+0000] {dagbag.py:538} INFO - Filling up the DagBag from /home/airflow/.local/lib/python3.7/site-packages/airflow/example_dags/example_task_group.py
[2024-06-08T23:45:19.166+0000] {processor.py:753} INFO - DAG(s) dict_keys(['example_task_group']) retrieved from /home/airflow/.local/lib/python3.7/site-packages/airflow/example_dags/example_task_group.py
[2024-06-08T23:45:19.186+0000] {logging_mixin.py:137} INFO - [2024-06-08T23:45:19.186+0000] {dag.py:2690} INFO - Sync 1 DAGs
[2024-06-08T23:45:19.202+0000] {logging_mixin.py:137} INFO - [2024-06-08T23:45:19.202+0000] {dag.py:3441} INFO - Setting next_dagrun for example_task_group to 2024-06-07T23:45:19.202263+00:00, run_after=2024-06-08T23:45:19.202263+00:00
[2024-06-08T23:45:19.213+0000] {processor.py:175} INFO - Processing /home/airflow/.local/lib/python3.7/site-packages/airflow/example_dags/example_task_group.py took 0.066 seconds
[2024-06-08T23:45:49.560+0000] {processor.py:153} INFO - Started process (PID=1444) to work on /home/airflow/.local/lib/python3.7/site-packages/airflow/example_dags/example_task_group.py
[2024-06-08T23:45:49.561+0000] {processor.py:743} INFO - Processing file /home/airflow/.local/lib/python3.7/site-packages/airflow/example_dags/example_task_group.py for tasks to queue
[2024-06-08T23:45:49.562+0000] {logging_mixin.py:137} INFO - [2024-06-08T23:45:49.562+0000] {dagbag.py:538} INFO - Filling up the DagBag from /home/airflow/.local/lib/python3.7/site-packages/airflow/example_dags/example_task_group.py
[2024-06-08T23:45:49.575+0000] {processor.py:753} INFO - DAG(s) dict_keys(['example_task_group']) retrieved from /home/airflow/.local/lib/python3.7/site-packages/airflow/example_dags/example_task_group.py
[2024-06-08T23:45:49.595+0000] {logging_mixin.py:137} INFO - [2024-06-08T23:45:49.595+0000] {dag.py:2690} INFO - Sync 1 DAGs
[2024-06-08T23:45:49.611+0000] {logging_mixin.py:137} INFO - [2024-06-08T23:45:49.611+0000] {dag.py:3441} INFO - Setting next_dagrun for example_task_group to 2024-06-07T23:45:49.611487+00:00, run_after=2024-06-08T23:45:49.611487+00:00
[2024-06-08T23:45:49.624+0000] {processor.py:175} INFO - Processing /home/airflow/.local/lib/python3.7/site-packages/airflow/example_dags/example_task_group.py took 0.067 seconds
[2024-06-08T23:46:19.917+0000] {processor.py:153} INFO - Started process (PID=1495) to work on /home/airflow/.local/lib/python3.7/site-packages/airflow/example_dags/example_task_group.py
[2024-06-08T23:46:19.918+0000] {processor.py:743} INFO - Processing file /home/airflow/.local/lib/python3.7/site-packages/airflow/example_dags/example_task_group.py for tasks to queue
[2024-06-08T23:46:19.919+0000] {logging_mixin.py:137} INFO - [2024-06-08T23:46:19.919+0000] {dagbag.py:538} INFO - Filling up the DagBag from /home/airflow/.local/lib/python3.7/site-packages/airflow/example_dags/example_task_group.py
[2024-06-08T23:46:19.932+0000] {processor.py:753} INFO - DAG(s) dict_keys(['example_task_group']) retrieved from /home/airflow/.local/lib/python3.7/site-packages/airflow/example_dags/example_task_group.py
[2024-06-08T23:46:19.954+0000] {logging_mixin.py:137} INFO - [2024-06-08T23:46:19.954+0000] {dag.py:2690} INFO - Sync 1 DAGs
[2024-06-08T23:46:19.971+0000] {logging_mixin.py:137} INFO - [2024-06-08T23:46:19.971+0000] {dag.py:3441} INFO - Setting next_dagrun for example_task_group to 2024-06-07T23:46:19.971378+00:00, run_after=2024-06-08T23:46:19.971378+00:00
[2024-06-08T23:46:19.983+0000] {processor.py:175} INFO - Processing /home/airflow/.local/lib/python3.7/site-packages/airflow/example_dags/example_task_group.py took 0.070 seconds
[2024-06-08T23:46:50.284+0000] {processor.py:153} INFO - Started process (PID=1545) to work on /home/airflow/.local/lib/python3.7/site-packages/airflow/example_dags/example_task_group.py
[2024-06-08T23:46:50.285+0000] {processor.py:743} INFO - Processing file /home/airflow/.local/lib/python3.7/site-packages/airflow/example_dags/example_task_group.py for tasks to queue
[2024-06-08T23:46:50.286+0000] {logging_mixin.py:137} INFO - [2024-06-08T23:46:50.286+0000] {dagbag.py:538} INFO - Filling up the DagBag from /home/airflow/.local/lib/python3.7/site-packages/airflow/example_dags/example_task_group.py
[2024-06-08T23:46:50.299+0000] {processor.py:753} INFO - DAG(s) dict_keys(['example_task_group']) retrieved from /home/airflow/.local/lib/python3.7/site-packages/airflow/example_dags/example_task_group.py
[2024-06-08T23:46:50.321+0000] {logging_mixin.py:137} INFO - [2024-06-08T23:46:50.320+0000] {dag.py:2690} INFO - Sync 1 DAGs
[2024-06-08T23:46:50.337+0000] {logging_mixin.py:137} INFO - [2024-06-08T23:46:50.337+0000] {dag.py:3441} INFO - Setting next_dagrun for example_task_group to 2024-06-07T23:46:50.337405+00:00, run_after=2024-06-08T23:46:50.337405+00:00
[2024-06-08T23:46:50.350+0000] {processor.py:175} INFO - Processing /home/airflow/.local/lib/python3.7/site-packages/airflow/example_dags/example_task_group.py took 0.069 seconds
[2024-06-08T23:47:20.819+0000] {processor.py:153} INFO - Started process (PID=1595) to work on /home/airflow/.local/lib/python3.7/site-packages/airflow/example_dags/example_task_group.py
[2024-06-08T23:47:20.821+0000] {processor.py:743} INFO - Processing file /home/airflow/.local/lib/python3.7/site-packages/airflow/example_dags/example_task_group.py for tasks to queue
[2024-06-08T23:47:20.822+0000] {logging_mixin.py:137} INFO - [2024-06-08T23:47:20.821+0000] {dagbag.py:538} INFO - Filling up the DagBag from /home/airflow/.local/lib/python3.7/site-packages/airflow/example_dags/example_task_group.py
[2024-06-08T23:47:20.835+0000] {processor.py:753} INFO - DAG(s) dict_keys(['example_task_group']) retrieved from /home/airflow/.local/lib/python3.7/site-packages/airflow/example_dags/example_task_group.py
[2024-06-08T23:47:20.855+0000] {logging_mixin.py:137} INFO - [2024-06-08T23:47:20.855+0000] {dag.py:2690} INFO - Sync 1 DAGs
[2024-06-08T23:47:20.872+0000] {logging_mixin.py:137} INFO - [2024-06-08T23:47:20.872+0000] {dag.py:3441} INFO - Setting next_dagrun for example_task_group to 2024-06-07T23:47:20.871876+00:00, run_after=2024-06-08T23:47:20.871876+00:00
[2024-06-08T23:47:20.883+0000] {processor.py:175} INFO - Processing /home/airflow/.local/lib/python3.7/site-packages/airflow/example_dags/example_task_group.py took 0.066 seconds
[2024-06-08T23:47:51.243+0000] {processor.py:153} INFO - Started process (PID=1645) to work on /home/airflow/.local/lib/python3.7/site-packages/airflow/example_dags/example_task_group.py
[2024-06-08T23:47:51.245+0000] {processor.py:743} INFO - Processing file /home/airflow/.local/lib/python3.7/site-packages/airflow/example_dags/example_task_group.py for tasks to queue
[2024-06-08T23:47:51.246+0000] {logging_mixin.py:137} INFO - [2024-06-08T23:47:51.246+0000] {dagbag.py:538} INFO - Filling up the DagBag from /home/airflow/.local/lib/python3.7/site-packages/airflow/example_dags/example_task_group.py
[2024-06-08T23:47:51.259+0000] {processor.py:753} INFO - DAG(s) dict_keys(['example_task_group']) retrieved from /home/airflow/.local/lib/python3.7/site-packages/airflow/example_dags/example_task_group.py
[2024-06-08T23:47:51.284+0000] {logging_mixin.py:137} INFO - [2024-06-08T23:47:51.284+0000] {dag.py:2690} INFO - Sync 1 DAGs
[2024-06-08T23:47:51.303+0000] {logging_mixin.py:137} INFO - [2024-06-08T23:47:51.303+0000] {dag.py:3441} INFO - Setting next_dagrun for example_task_group to 2024-06-07T23:47:51.303614+00:00, run_after=2024-06-08T23:47:51.303614+00:00
[2024-06-08T23:47:51.318+0000] {processor.py:175} INFO - Processing /home/airflow/.local/lib/python3.7/site-packages/airflow/example_dags/example_task_group.py took 0.079 seconds
[2024-06-08T23:48:21.998+0000] {processor.py:153} INFO - Started process (PID=1695) to work on /home/airflow/.local/lib/python3.7/site-packages/airflow/example_dags/example_task_group.py
[2024-06-08T23:48:21.999+0000] {processor.py:743} INFO - Processing file /home/airflow/.local/lib/python3.7/site-packages/airflow/example_dags/example_task_group.py for tasks to queue
[2024-06-08T23:48:22.000+0000] {logging_mixin.py:137} INFO - [2024-06-08T23:48:22.000+0000] {dagbag.py:538} INFO - Filling up the DagBag from /home/airflow/.local/lib/python3.7/site-packages/airflow/example_dags/example_task_group.py
[2024-06-08T23:48:22.013+0000] {processor.py:753} INFO - DAG(s) dict_keys(['example_task_group']) retrieved from /home/airflow/.local/lib/python3.7/site-packages/airflow/example_dags/example_task_group.py
[2024-06-08T23:48:22.035+0000] {logging_mixin.py:137} INFO - [2024-06-08T23:48:22.035+0000] {dag.py:2690} INFO - Sync 1 DAGs
[2024-06-08T23:48:22.052+0000] {logging_mixin.py:137} INFO - [2024-06-08T23:48:22.052+0000] {dag.py:3441} INFO - Setting next_dagrun for example_task_group to 2024-06-07T23:48:22.051883+00:00, run_after=2024-06-08T23:48:22.051883+00:00
[2024-06-08T23:48:22.066+0000] {processor.py:175} INFO - Processing /home/airflow/.local/lib/python3.7/site-packages/airflow/example_dags/example_task_group.py took 0.071 seconds
[2024-06-08T23:48:52.571+0000] {processor.py:153} INFO - Started process (PID=1745) to work on /home/airflow/.local/lib/python3.7/site-packages/airflow/example_dags/example_task_group.py
[2024-06-08T23:48:52.573+0000] {processor.py:743} INFO - Processing file /home/airflow/.local/lib/python3.7/site-packages/airflow/example_dags/example_task_group.py for tasks to queue
[2024-06-08T23:48:52.574+0000] {logging_mixin.py:137} INFO - [2024-06-08T23:48:52.574+0000] {dagbag.py:538} INFO - Filling up the DagBag from /home/airflow/.local/lib/python3.7/site-packages/airflow/example_dags/example_task_group.py
[2024-06-08T23:48:52.586+0000] {processor.py:753} INFO - DAG(s) dict_keys(['example_task_group']) retrieved from /home/airflow/.local/lib/python3.7/site-packages/airflow/example_dags/example_task_group.py
[2024-06-08T23:48:52.608+0000] {logging_mixin.py:137} INFO - [2024-06-08T23:48:52.608+0000] {dag.py:2690} INFO - Sync 1 DAGs
[2024-06-08T23:48:52.626+0000] {logging_mixin.py:137} INFO - [2024-06-08T23:48:52.626+0000] {dag.py:3441} INFO - Setting next_dagrun for example_task_group to 2024-06-07T23:48:52.625846+00:00, run_after=2024-06-08T23:48:52.625846+00:00
[2024-06-08T23:48:52.637+0000] {processor.py:175} INFO - Processing /home/airflow/.local/lib/python3.7/site-packages/airflow/example_dags/example_task_group.py took 0.070 seconds
[2024-06-08T23:49:22.944+0000] {processor.py:153} INFO - Started process (PID=1795) to work on /home/airflow/.local/lib/python3.7/site-packages/airflow/example_dags/example_task_group.py
[2024-06-08T23:49:22.945+0000] {processor.py:743} INFO - Processing file /home/airflow/.local/lib/python3.7/site-packages/airflow/example_dags/example_task_group.py for tasks to queue
[2024-06-08T23:49:22.946+0000] {logging_mixin.py:137} INFO - [2024-06-08T23:49:22.946+0000] {dagbag.py:538} INFO - Filling up the DagBag from /home/airflow/.local/lib/python3.7/site-packages/airflow/example_dags/example_task_group.py
[2024-06-08T23:49:22.958+0000] {processor.py:753} INFO - DAG(s) dict_keys(['example_task_group']) retrieved from /home/airflow/.local/lib/python3.7/site-packages/airflow/example_dags/example_task_group.py
[2024-06-08T23:49:22.978+0000] {logging_mixin.py:137} INFO - [2024-06-08T23:49:22.978+0000] {dag.py:2690} INFO - Sync 1 DAGs
[2024-06-08T23:49:22.994+0000] {logging_mixin.py:137} INFO - [2024-06-08T23:49:22.993+0000] {dag.py:3441} INFO - Setting next_dagrun for example_task_group to 2024-06-07T23:49:22.993716+00:00, run_after=2024-06-08T23:49:22.993716+00:00
[2024-06-08T23:49:23.005+0000] {processor.py:175} INFO - Processing /home/airflow/.local/lib/python3.7/site-packages/airflow/example_dags/example_task_group.py took 0.065 seconds
[2024-06-08T23:49:53.274+0000] {processor.py:153} INFO - Started process (PID=1845) to work on /home/airflow/.local/lib/python3.7/site-packages/airflow/example_dags/example_task_group.py
[2024-06-08T23:49:53.275+0000] {processor.py:743} INFO - Processing file /home/airflow/.local/lib/python3.7/site-packages/airflow/example_dags/example_task_group.py for tasks to queue
[2024-06-08T23:49:53.276+0000] {logging_mixin.py:137} INFO - [2024-06-08T23:49:53.276+0000] {dagbag.py:538} INFO - Filling up the DagBag from /home/airflow/.local/lib/python3.7/site-packages/airflow/example_dags/example_task_group.py
[2024-06-08T23:49:53.290+0000] {processor.py:753} INFO - DAG(s) dict_keys(['example_task_group']) retrieved from /home/airflow/.local/lib/python3.7/site-packages/airflow/example_dags/example_task_group.py
[2024-06-08T23:49:53.311+0000] {logging_mixin.py:137} INFO - [2024-06-08T23:49:53.310+0000] {dag.py:2690} INFO - Sync 1 DAGs
[2024-06-08T23:49:53.328+0000] {logging_mixin.py:137} INFO - [2024-06-08T23:49:53.328+0000] {dag.py:3441} INFO - Setting next_dagrun for example_task_group to 2024-06-07T23:49:53.327779+00:00, run_after=2024-06-08T23:49:53.327779+00:00
[2024-06-08T23:49:53.340+0000] {processor.py:175} INFO - Processing /home/airflow/.local/lib/python3.7/site-packages/airflow/example_dags/example_task_group.py took 0.069 seconds
[2024-06-08T23:50:23.884+0000] {processor.py:153} INFO - Started process (PID=1895) to work on /home/airflow/.local/lib/python3.7/site-packages/airflow/example_dags/example_task_group.py
[2024-06-08T23:50:23.886+0000] {processor.py:743} INFO - Processing file /home/airflow/.local/lib/python3.7/site-packages/airflow/example_dags/example_task_group.py for tasks to queue
[2024-06-08T23:50:23.887+0000] {logging_mixin.py:137} INFO - [2024-06-08T23:50:23.887+0000] {dagbag.py:538} INFO - Filling up the DagBag from /home/airflow/.local/lib/python3.7/site-packages/airflow/example_dags/example_task_group.py
[2024-06-08T23:50:23.900+0000] {processor.py:753} INFO - DAG(s) dict_keys(['example_task_group']) retrieved from /home/airflow/.local/lib/python3.7/site-packages/airflow/example_dags/example_task_group.py
[2024-06-08T23:50:23.928+0000] {logging_mixin.py:137} INFO - [2024-06-08T23:50:23.928+0000] {dag.py:2690} INFO - Sync 1 DAGs
[2024-06-08T23:50:23.949+0000] {logging_mixin.py:137} INFO - [2024-06-08T23:50:23.949+0000] {dag.py:3441} INFO - Setting next_dagrun for example_task_group to 2024-06-07T23:50:23.949349+00:00, run_after=2024-06-08T23:50:23.949349+00:00
[2024-06-08T23:50:23.966+0000] {processor.py:175} INFO - Processing /home/airflow/.local/lib/python3.7/site-packages/airflow/example_dags/example_task_group.py took 0.085 seconds
[2024-06-08T23:50:54.578+0000] {processor.py:153} INFO - Started process (PID=1945) to work on /home/airflow/.local/lib/python3.7/site-packages/airflow/example_dags/example_task_group.py
[2024-06-08T23:50:54.580+0000] {processor.py:743} INFO - Processing file /home/airflow/.local/lib/python3.7/site-packages/airflow/example_dags/example_task_group.py for tasks to queue
[2024-06-08T23:50:54.581+0000] {logging_mixin.py:137} INFO - [2024-06-08T23:50:54.580+0000] {dagbag.py:538} INFO - Filling up the DagBag from /home/airflow/.local/lib/python3.7/site-packages/airflow/example_dags/example_task_group.py
[2024-06-08T23:50:54.595+0000] {processor.py:753} INFO - DAG(s) dict_keys(['example_task_group']) retrieved from /home/airflow/.local/lib/python3.7/site-packages/airflow/example_dags/example_task_group.py
[2024-06-08T23:50:54.618+0000] {logging_mixin.py:137} INFO - [2024-06-08T23:50:54.618+0000] {dag.py:2690} INFO - Sync 1 DAGs
[2024-06-08T23:50:54.637+0000] {logging_mixin.py:137} INFO - [2024-06-08T23:50:54.637+0000] {dag.py:3441} INFO - Setting next_dagrun for example_task_group to 2024-06-07T23:50:54.636976+00:00, run_after=2024-06-08T23:50:54.636976+00:00
[2024-06-08T23:50:54.654+0000] {processor.py:175} INFO - Processing /home/airflow/.local/lib/python3.7/site-packages/airflow/example_dags/example_task_group.py took 0.079 seconds
[2024-06-08T23:51:25.211+0000] {processor.py:153} INFO - Started process (PID=1995) to work on /home/airflow/.local/lib/python3.7/site-packages/airflow/example_dags/example_task_group.py
[2024-06-08T23:51:25.213+0000] {processor.py:743} INFO - Processing file /home/airflow/.local/lib/python3.7/site-packages/airflow/example_dags/example_task_group.py for tasks to queue
[2024-06-08T23:51:25.214+0000] {logging_mixin.py:137} INFO - [2024-06-08T23:51:25.214+0000] {dagbag.py:538} INFO - Filling up the DagBag from /home/airflow/.local/lib/python3.7/site-packages/airflow/example_dags/example_task_group.py
[2024-06-08T23:51:25.227+0000] {processor.py:753} INFO - DAG(s) dict_keys(['example_task_group']) retrieved from /home/airflow/.local/lib/python3.7/site-packages/airflow/example_dags/example_task_group.py
[2024-06-08T23:51:25.251+0000] {logging_mixin.py:137} INFO - [2024-06-08T23:51:25.251+0000] {dag.py:2690} INFO - Sync 1 DAGs
[2024-06-08T23:51:25.269+0000] {logging_mixin.py:137} INFO - [2024-06-08T23:51:25.269+0000] {dag.py:3441} INFO - Setting next_dagrun for example_task_group to 2024-06-07T23:51:25.269290+00:00, run_after=2024-06-08T23:51:25.269290+00:00
[2024-06-08T23:51:25.282+0000] {processor.py:175} INFO - Processing /home/airflow/.local/lib/python3.7/site-packages/airflow/example_dags/example_task_group.py took 0.074 seconds
[2024-06-08T23:51:55.883+0000] {processor.py:153} INFO - Started process (PID=2045) to work on /home/airflow/.local/lib/python3.7/site-packages/airflow/example_dags/example_task_group.py
[2024-06-08T23:51:55.884+0000] {processor.py:743} INFO - Processing file /home/airflow/.local/lib/python3.7/site-packages/airflow/example_dags/example_task_group.py for tasks to queue
[2024-06-08T23:51:55.885+0000] {logging_mixin.py:137} INFO - [2024-06-08T23:51:55.885+0000] {dagbag.py:538} INFO - Filling up the DagBag from /home/airflow/.local/lib/python3.7/site-packages/airflow/example_dags/example_task_group.py
[2024-06-08T23:51:55.900+0000] {processor.py:753} INFO - DAG(s) dict_keys(['example_task_group']) retrieved from /home/airflow/.local/lib/python3.7/site-packages/airflow/example_dags/example_task_group.py
[2024-06-08T23:51:55.923+0000] {logging_mixin.py:137} INFO - [2024-06-08T23:51:55.923+0000] {dag.py:2690} INFO - Sync 1 DAGs
[2024-06-08T23:51:55.944+0000] {logging_mixin.py:137} INFO - [2024-06-08T23:51:55.944+0000] {dag.py:3441} INFO - Setting next_dagrun for example_task_group to 2024-06-07T23:51:55.943966+00:00, run_after=2024-06-08T23:51:55.943966+00:00
[2024-06-08T23:51:55.968+0000] {processor.py:175} INFO - Processing /home/airflow/.local/lib/python3.7/site-packages/airflow/example_dags/example_task_group.py took 0.088 seconds
[2024-06-08T23:52:26.783+0000] {processor.py:153} INFO - Started process (PID=2095) to work on /home/airflow/.local/lib/python3.7/site-packages/airflow/example_dags/example_task_group.py
[2024-06-08T23:52:26.784+0000] {processor.py:743} INFO - Processing file /home/airflow/.local/lib/python3.7/site-packages/airflow/example_dags/example_task_group.py for tasks to queue
[2024-06-08T23:52:26.785+0000] {logging_mixin.py:137} INFO - [2024-06-08T23:52:26.785+0000] {dagbag.py:538} INFO - Filling up the DagBag from /home/airflow/.local/lib/python3.7/site-packages/airflow/example_dags/example_task_group.py
[2024-06-08T23:52:26.798+0000] {processor.py:753} INFO - DAG(s) dict_keys(['example_task_group']) retrieved from /home/airflow/.local/lib/python3.7/site-packages/airflow/example_dags/example_task_group.py
[2024-06-08T23:52:26.819+0000] {logging_mixin.py:137} INFO - [2024-06-08T23:52:26.819+0000] {dag.py:2690} INFO - Sync 1 DAGs
[2024-06-08T23:52:26.839+0000] {logging_mixin.py:137} INFO - [2024-06-08T23:52:26.838+0000] {dag.py:3441} INFO - Setting next_dagrun for example_task_group to 2024-06-07T23:52:26.838647+00:00, run_after=2024-06-08T23:52:26.838647+00:00
[2024-06-08T23:52:26.852+0000] {processor.py:175} INFO - Processing /home/airflow/.local/lib/python3.7/site-packages/airflow/example_dags/example_task_group.py took 0.073 seconds
[2024-06-08T23:52:57.624+0000] {processor.py:153} INFO - Started process (PID=2145) to work on /home/airflow/.local/lib/python3.7/site-packages/airflow/example_dags/example_task_group.py
[2024-06-08T23:52:57.626+0000] {processor.py:743} INFO - Processing file /home/airflow/.local/lib/python3.7/site-packages/airflow/example_dags/example_task_group.py for tasks to queue
[2024-06-08T23:52:57.627+0000] {logging_mixin.py:137} INFO - [2024-06-08T23:52:57.627+0000] {dagbag.py:538} INFO - Filling up the DagBag from /home/airflow/.local/lib/python3.7/site-packages/airflow/example_dags/example_task_group.py
[2024-06-08T23:52:57.641+0000] {processor.py:753} INFO - DAG(s) dict_keys(['example_task_group']) retrieved from /home/airflow/.local/lib/python3.7/site-packages/airflow/example_dags/example_task_group.py
[2024-06-08T23:52:57.664+0000] {logging_mixin.py:137} INFO - [2024-06-08T23:52:57.664+0000] {dag.py:2690} INFO - Sync 1 DAGs
[2024-06-08T23:52:57.681+0000] {logging_mixin.py:137} INFO - [2024-06-08T23:52:57.681+0000] {dag.py:3441} INFO - Setting next_dagrun for example_task_group to 2024-06-07T23:52:57.680817+00:00, run_after=2024-06-08T23:52:57.680817+00:00
[2024-06-08T23:52:57.694+0000] {processor.py:175} INFO - Processing /home/airflow/.local/lib/python3.7/site-packages/airflow/example_dags/example_task_group.py took 0.073 seconds
[2024-06-08T23:53:28.635+0000] {processor.py:153} INFO - Started process (PID=2194) to work on /home/airflow/.local/lib/python3.7/site-packages/airflow/example_dags/example_task_group.py
[2024-06-08T23:53:28.637+0000] {processor.py:743} INFO - Processing file /home/airflow/.local/lib/python3.7/site-packages/airflow/example_dags/example_task_group.py for tasks to queue
[2024-06-08T23:53:28.638+0000] {logging_mixin.py:137} INFO - [2024-06-08T23:53:28.638+0000] {dagbag.py:538} INFO - Filling up the DagBag from /home/airflow/.local/lib/python3.7/site-packages/airflow/example_dags/example_task_group.py
[2024-06-08T23:53:28.650+0000] {processor.py:753} INFO - DAG(s) dict_keys(['example_task_group']) retrieved from /home/airflow/.local/lib/python3.7/site-packages/airflow/example_dags/example_task_group.py
[2024-06-08T23:53:28.671+0000] {logging_mixin.py:137} INFO - [2024-06-08T23:53:28.670+0000] {dag.py:2690} INFO - Sync 1 DAGs
[2024-06-08T23:53:28.688+0000] {logging_mixin.py:137} INFO - [2024-06-08T23:53:28.687+0000] {dag.py:3441} INFO - Setting next_dagrun for example_task_group to 2024-06-07T23:53:28.687738+00:00, run_after=2024-06-08T23:53:28.687738+00:00
[2024-06-08T23:53:28.700+0000] {processor.py:175} INFO - Processing /home/airflow/.local/lib/python3.7/site-packages/airflow/example_dags/example_task_group.py took 0.068 seconds
[2024-06-08T23:53:59.103+0000] {processor.py:153} INFO - Started process (PID=2244) to work on /home/airflow/.local/lib/python3.7/site-packages/airflow/example_dags/example_task_group.py
[2024-06-08T23:53:59.104+0000] {processor.py:743} INFO - Processing file /home/airflow/.local/lib/python3.7/site-packages/airflow/example_dags/example_task_group.py for tasks to queue
[2024-06-08T23:53:59.105+0000] {logging_mixin.py:137} INFO - [2024-06-08T23:53:59.105+0000] {dagbag.py:538} INFO - Filling up the DagBag from /home/airflow/.local/lib/python3.7/site-packages/airflow/example_dags/example_task_group.py
[2024-06-08T23:53:59.117+0000] {processor.py:753} INFO - DAG(s) dict_keys(['example_task_group']) retrieved from /home/airflow/.local/lib/python3.7/site-packages/airflow/example_dags/example_task_group.py
[2024-06-08T23:53:59.138+0000] {logging_mixin.py:137} INFO - [2024-06-08T23:53:59.138+0000] {dag.py:2690} INFO - Sync 1 DAGs
[2024-06-08T23:53:59.155+0000] {logging_mixin.py:137} INFO - [2024-06-08T23:53:59.155+0000] {dag.py:3441} INFO - Setting next_dagrun for example_task_group to 2024-06-07T23:53:59.155160+00:00, run_after=2024-06-08T23:53:59.155160+00:00
[2024-06-08T23:53:59.168+0000] {processor.py:175} INFO - Processing /home/airflow/.local/lib/python3.7/site-packages/airflow/example_dags/example_task_group.py took 0.069 seconds
[2024-06-08T23:54:29.696+0000] {processor.py:153} INFO - Started process (PID=2294) to work on /home/airflow/.local/lib/python3.7/site-packages/airflow/example_dags/example_task_group.py
[2024-06-08T23:54:29.697+0000] {processor.py:743} INFO - Processing file /home/airflow/.local/lib/python3.7/site-packages/airflow/example_dags/example_task_group.py for tasks to queue
[2024-06-08T23:54:29.698+0000] {logging_mixin.py:137} INFO - [2024-06-08T23:54:29.698+0000] {dagbag.py:538} INFO - Filling up the DagBag from /home/airflow/.local/lib/python3.7/site-packages/airflow/example_dags/example_task_group.py
[2024-06-08T23:54:29.712+0000] {processor.py:753} INFO - DAG(s) dict_keys(['example_task_group']) retrieved from /home/airflow/.local/lib/python3.7/site-packages/airflow/example_dags/example_task_group.py
[2024-06-08T23:54:29.735+0000] {logging_mixin.py:137} INFO - [2024-06-08T23:54:29.735+0000] {dag.py:2690} INFO - Sync 1 DAGs
[2024-06-08T23:54:29.753+0000] {logging_mixin.py:137} INFO - [2024-06-08T23:54:29.752+0000] {dag.py:3441} INFO - Setting next_dagrun for example_task_group to 2024-06-07T23:54:29.752628+00:00, run_after=2024-06-08T23:54:29.752628+00:00
[2024-06-08T23:54:29.765+0000] {processor.py:175} INFO - Processing /home/airflow/.local/lib/python3.7/site-packages/airflow/example_dags/example_task_group.py took 0.073 seconds
[2024-06-08T23:55:00.188+0000] {processor.py:153} INFO - Started process (PID=2344) to work on /home/airflow/.local/lib/python3.7/site-packages/airflow/example_dags/example_task_group.py
[2024-06-08T23:55:00.190+0000] {processor.py:743} INFO - Processing file /home/airflow/.local/lib/python3.7/site-packages/airflow/example_dags/example_task_group.py for tasks to queue
[2024-06-08T23:55:00.191+0000] {logging_mixin.py:137} INFO - [2024-06-08T23:55:00.191+0000] {dagbag.py:538} INFO - Filling up the DagBag from /home/airflow/.local/lib/python3.7/site-packages/airflow/example_dags/example_task_group.py
[2024-06-08T23:55:00.204+0000] {processor.py:753} INFO - DAG(s) dict_keys(['example_task_group']) retrieved from /home/airflow/.local/lib/python3.7/site-packages/airflow/example_dags/example_task_group.py
[2024-06-08T23:55:00.225+0000] {logging_mixin.py:137} INFO - [2024-06-08T23:55:00.225+0000] {dag.py:2690} INFO - Sync 1 DAGs
[2024-06-08T23:55:00.243+0000] {logging_mixin.py:137} INFO - [2024-06-08T23:55:00.243+0000] {dag.py:3441} INFO - Setting next_dagrun for example_task_group to 2024-06-07T23:55:00.243131+00:00, run_after=2024-06-08T23:55:00.243131+00:00
[2024-06-08T23:55:00.256+0000] {processor.py:175} INFO - Processing /home/airflow/.local/lib/python3.7/site-packages/airflow/example_dags/example_task_group.py took 0.071 seconds
[2024-06-08T23:55:30.543+0000] {processor.py:153} INFO - Started process (PID=2393) to work on /home/airflow/.local/lib/python3.7/site-packages/airflow/example_dags/example_task_group.py
[2024-06-08T23:55:30.545+0000] {processor.py:743} INFO - Processing file /home/airflow/.local/lib/python3.7/site-packages/airflow/example_dags/example_task_group.py for tasks to queue
[2024-06-08T23:55:30.546+0000] {logging_mixin.py:137} INFO - [2024-06-08T23:55:30.546+0000] {dagbag.py:538} INFO - Filling up the DagBag from /home/airflow/.local/lib/python3.7/site-packages/airflow/example_dags/example_task_group.py
[2024-06-08T23:55:30.559+0000] {processor.py:753} INFO - DAG(s) dict_keys(['example_task_group']) retrieved from /home/airflow/.local/lib/python3.7/site-packages/airflow/example_dags/example_task_group.py
[2024-06-08T23:55:30.581+0000] {logging_mixin.py:137} INFO - [2024-06-08T23:55:30.580+0000] {dag.py:2690} INFO - Sync 1 DAGs
[2024-06-08T23:55:30.598+0000] {logging_mixin.py:137} INFO - [2024-06-08T23:55:30.597+0000] {dag.py:3441} INFO - Setting next_dagrun for example_task_group to 2024-06-07T23:55:30.597667+00:00, run_after=2024-06-08T23:55:30.597667+00:00
[2024-06-08T23:55:30.609+0000] {processor.py:175} INFO - Processing /home/airflow/.local/lib/python3.7/site-packages/airflow/example_dags/example_task_group.py took 0.068 seconds
[2024-06-08T23:56:00.939+0000] {processor.py:153} INFO - Started process (PID=2443) to work on /home/airflow/.local/lib/python3.7/site-packages/airflow/example_dags/example_task_group.py
[2024-06-08T23:56:00.941+0000] {processor.py:743} INFO - Processing file /home/airflow/.local/lib/python3.7/site-packages/airflow/example_dags/example_task_group.py for tasks to queue
[2024-06-08T23:56:00.942+0000] {logging_mixin.py:137} INFO - [2024-06-08T23:56:00.942+0000] {dagbag.py:538} INFO - Filling up the DagBag from /home/airflow/.local/lib/python3.7/site-packages/airflow/example_dags/example_task_group.py
[2024-06-08T23:56:00.955+0000] {processor.py:753} INFO - DAG(s) dict_keys(['example_task_group']) retrieved from /home/airflow/.local/lib/python3.7/site-packages/airflow/example_dags/example_task_group.py
[2024-06-08T23:56:00.978+0000] {logging_mixin.py:137} INFO - [2024-06-08T23:56:00.978+0000] {dag.py:2690} INFO - Sync 1 DAGs
[2024-06-08T23:56:00.994+0000] {logging_mixin.py:137} INFO - [2024-06-08T23:56:00.994+0000] {dag.py:3441} INFO - Setting next_dagrun for example_task_group to 2024-06-07T23:56:00.994558+00:00, run_after=2024-06-08T23:56:00.994558+00:00
[2024-06-08T23:56:01.007+0000] {processor.py:175} INFO - Processing /home/airflow/.local/lib/python3.7/site-packages/airflow/example_dags/example_task_group.py took 0.071 seconds
[2024-06-08T23:56:31.325+0000] {processor.py:153} INFO - Started process (PID=2493) to work on /home/airflow/.local/lib/python3.7/site-packages/airflow/example_dags/example_task_group.py
[2024-06-08T23:56:31.326+0000] {processor.py:743} INFO - Processing file /home/airflow/.local/lib/python3.7/site-packages/airflow/example_dags/example_task_group.py for tasks to queue
[2024-06-08T23:56:31.327+0000] {logging_mixin.py:137} INFO - [2024-06-08T23:56:31.327+0000] {dagbag.py:538} INFO - Filling up the DagBag from /home/airflow/.local/lib/python3.7/site-packages/airflow/example_dags/example_task_group.py
[2024-06-08T23:56:31.340+0000] {processor.py:753} INFO - DAG(s) dict_keys(['example_task_group']) retrieved from /home/airflow/.local/lib/python3.7/site-packages/airflow/example_dags/example_task_group.py
[2024-06-08T23:56:31.362+0000] {logging_mixin.py:137} INFO - [2024-06-08T23:56:31.362+0000] {dag.py:2690} INFO - Sync 1 DAGs
[2024-06-08T23:56:31.380+0000] {logging_mixin.py:137} INFO - [2024-06-08T23:56:31.380+0000] {dag.py:3441} INFO - Setting next_dagrun for example_task_group to 2024-06-07T23:56:31.380214+00:00, run_after=2024-06-08T23:56:31.380214+00:00
[2024-06-08T23:56:31.394+0000] {processor.py:175} INFO - Processing /home/airflow/.local/lib/python3.7/site-packages/airflow/example_dags/example_task_group.py took 0.073 seconds
[2024-06-08T23:57:01.826+0000] {processor.py:153} INFO - Started process (PID=2543) to work on /home/airflow/.local/lib/python3.7/site-packages/airflow/example_dags/example_task_group.py
[2024-06-08T23:57:01.827+0000] {processor.py:743} INFO - Processing file /home/airflow/.local/lib/python3.7/site-packages/airflow/example_dags/example_task_group.py for tasks to queue
[2024-06-08T23:57:01.828+0000] {logging_mixin.py:137} INFO - [2024-06-08T23:57:01.828+0000] {dagbag.py:538} INFO - Filling up the DagBag from /home/airflow/.local/lib/python3.7/site-packages/airflow/example_dags/example_task_group.py
[2024-06-08T23:57:01.840+0000] {processor.py:753} INFO - DAG(s) dict_keys(['example_task_group']) retrieved from /home/airflow/.local/lib/python3.7/site-packages/airflow/example_dags/example_task_group.py
[2024-06-08T23:57:01.861+0000] {logging_mixin.py:137} INFO - [2024-06-08T23:57:01.861+0000] {dag.py:2690} INFO - Sync 1 DAGs
[2024-06-08T23:57:01.877+0000] {logging_mixin.py:137} INFO - [2024-06-08T23:57:01.877+0000] {dag.py:3441} INFO - Setting next_dagrun for example_task_group to 2024-06-07T23:57:01.877461+00:00, run_after=2024-06-08T23:57:01.877461+00:00
[2024-06-08T23:57:01.890+0000] {processor.py:175} INFO - Processing /home/airflow/.local/lib/python3.7/site-packages/airflow/example_dags/example_task_group.py took 0.069 seconds
[2024-06-08T23:57:32.259+0000] {processor.py:153} INFO - Started process (PID=2593) to work on /home/airflow/.local/lib/python3.7/site-packages/airflow/example_dags/example_task_group.py
[2024-06-08T23:57:32.261+0000] {processor.py:743} INFO - Processing file /home/airflow/.local/lib/python3.7/site-packages/airflow/example_dags/example_task_group.py for tasks to queue
[2024-06-08T23:57:32.262+0000] {logging_mixin.py:137} INFO - [2024-06-08T23:57:32.262+0000] {dagbag.py:538} INFO - Filling up the DagBag from /home/airflow/.local/lib/python3.7/site-packages/airflow/example_dags/example_task_group.py
[2024-06-08T23:57:32.274+0000] {processor.py:753} INFO - DAG(s) dict_keys(['example_task_group']) retrieved from /home/airflow/.local/lib/python3.7/site-packages/airflow/example_dags/example_task_group.py
[2024-06-08T23:57:32.296+0000] {logging_mixin.py:137} INFO - [2024-06-08T23:57:32.296+0000] {dag.py:2690} INFO - Sync 1 DAGs
[2024-06-08T23:57:32.313+0000] {logging_mixin.py:137} INFO - [2024-06-08T23:57:32.313+0000] {dag.py:3441} INFO - Setting next_dagrun for example_task_group to 2024-06-07T23:57:32.313575+00:00, run_after=2024-06-08T23:57:32.313575+00:00
[2024-06-08T23:57:32.327+0000] {processor.py:175} INFO - Processing /home/airflow/.local/lib/python3.7/site-packages/airflow/example_dags/example_task_group.py took 0.071 seconds
[2024-06-08T23:58:02.788+0000] {processor.py:153} INFO - Started process (PID=2650) to work on /home/airflow/.local/lib/python3.7/site-packages/airflow/example_dags/example_task_group.py
[2024-06-08T23:58:02.789+0000] {processor.py:743} INFO - Processing file /home/airflow/.local/lib/python3.7/site-packages/airflow/example_dags/example_task_group.py for tasks to queue
[2024-06-08T23:58:02.790+0000] {logging_mixin.py:137} INFO - [2024-06-08T23:58:02.790+0000] {dagbag.py:538} INFO - Filling up the DagBag from /home/airflow/.local/lib/python3.7/site-packages/airflow/example_dags/example_task_group.py
[2024-06-08T23:58:02.804+0000] {processor.py:753} INFO - DAG(s) dict_keys(['example_task_group']) retrieved from /home/airflow/.local/lib/python3.7/site-packages/airflow/example_dags/example_task_group.py
[2024-06-08T23:58:02.827+0000] {logging_mixin.py:137} INFO - [2024-06-08T23:58:02.827+0000] {dag.py:2690} INFO - Sync 1 DAGs
[2024-06-08T23:58:02.845+0000] {logging_mixin.py:137} INFO - [2024-06-08T23:58:02.845+0000] {dag.py:3441} INFO - Setting next_dagrun for example_task_group to 2024-06-07T23:58:02.844958+00:00, run_after=2024-06-08T23:58:02.844958+00:00
[2024-06-08T23:58:02.860+0000] {processor.py:175} INFO - Processing /home/airflow/.local/lib/python3.7/site-packages/airflow/example_dags/example_task_group.py took 0.076 seconds
[2024-06-08T23:58:33.531+0000] {processor.py:153} INFO - Started process (PID=2700) to work on /home/airflow/.local/lib/python3.7/site-packages/airflow/example_dags/example_task_group.py
[2024-06-08T23:58:33.532+0000] {processor.py:743} INFO - Processing file /home/airflow/.local/lib/python3.7/site-packages/airflow/example_dags/example_task_group.py for tasks to queue
[2024-06-08T23:58:33.533+0000] {logging_mixin.py:137} INFO - [2024-06-08T23:58:33.533+0000] {dagbag.py:538} INFO - Filling up the DagBag from /home/airflow/.local/lib/python3.7/site-packages/airflow/example_dags/example_task_group.py
[2024-06-08T23:58:33.546+0000] {processor.py:753} INFO - DAG(s) dict_keys(['example_task_group']) retrieved from /home/airflow/.local/lib/python3.7/site-packages/airflow/example_dags/example_task_group.py
[2024-06-08T23:58:33.570+0000] {logging_mixin.py:137} INFO - [2024-06-08T23:58:33.570+0000] {dag.py:2690} INFO - Sync 1 DAGs
[2024-06-08T23:58:33.590+0000] {logging_mixin.py:137} INFO - [2024-06-08T23:58:33.589+0000] {dag.py:3441} INFO - Setting next_dagrun for example_task_group to 2024-06-07T23:58:33.589658+00:00, run_after=2024-06-08T23:58:33.589658+00:00
[2024-06-08T23:58:33.604+0000] {processor.py:175} INFO - Processing /home/airflow/.local/lib/python3.7/site-packages/airflow/example_dags/example_task_group.py took 0.076 seconds
[2024-06-08T23:59:04.421+0000] {processor.py:153} INFO - Started process (PID=2750) to work on /home/airflow/.local/lib/python3.7/site-packages/airflow/example_dags/example_task_group.py
[2024-06-08T23:59:04.423+0000] {processor.py:743} INFO - Processing file /home/airflow/.local/lib/python3.7/site-packages/airflow/example_dags/example_task_group.py for tasks to queue
[2024-06-08T23:59:04.424+0000] {logging_mixin.py:137} INFO - [2024-06-08T23:59:04.424+0000] {dagbag.py:538} INFO - Filling up the DagBag from /home/airflow/.local/lib/python3.7/site-packages/airflow/example_dags/example_task_group.py
[2024-06-08T23:59:04.436+0000] {processor.py:753} INFO - DAG(s) dict_keys(['example_task_group']) retrieved from /home/airflow/.local/lib/python3.7/site-packages/airflow/example_dags/example_task_group.py
[2024-06-08T23:59:04.460+0000] {logging_mixin.py:137} INFO - [2024-06-08T23:59:04.460+0000] {dag.py:2690} INFO - Sync 1 DAGs
[2024-06-08T23:59:04.477+0000] {logging_mixin.py:137} INFO - [2024-06-08T23:59:04.477+0000] {dag.py:3441} INFO - Setting next_dagrun for example_task_group to 2024-06-07T23:59:04.476955+00:00, run_after=2024-06-08T23:59:04.476955+00:00
[2024-06-08T23:59:04.490+0000] {processor.py:175} INFO - Processing /home/airflow/.local/lib/python3.7/site-packages/airflow/example_dags/example_task_group.py took 0.072 seconds
[2024-06-08T23:59:34.889+0000] {processor.py:153} INFO - Started process (PID=2800) to work on /home/airflow/.local/lib/python3.7/site-packages/airflow/example_dags/example_task_group.py
[2024-06-08T23:59:34.890+0000] {processor.py:743} INFO - Processing file /home/airflow/.local/lib/python3.7/site-packages/airflow/example_dags/example_task_group.py for tasks to queue
[2024-06-08T23:59:34.891+0000] {logging_mixin.py:137} INFO - [2024-06-08T23:59:34.891+0000] {dagbag.py:538} INFO - Filling up the DagBag from /home/airflow/.local/lib/python3.7/site-packages/airflow/example_dags/example_task_group.py
[2024-06-08T23:59:34.903+0000] {processor.py:753} INFO - DAG(s) dict_keys(['example_task_group']) retrieved from /home/airflow/.local/lib/python3.7/site-packages/airflow/example_dags/example_task_group.py
[2024-06-08T23:59:34.922+0000] {logging_mixin.py:137} INFO - [2024-06-08T23:59:34.922+0000] {dag.py:2690} INFO - Sync 1 DAGs
[2024-06-08T23:59:34.938+0000] {logging_mixin.py:137} INFO - [2024-06-08T23:59:34.938+0000] {dag.py:3441} INFO - Setting next_dagrun for example_task_group to 2024-06-07T23:59:34.938255+00:00, run_after=2024-06-08T23:59:34.938255+00:00
[2024-06-08T23:59:34.950+0000] {processor.py:175} INFO - Processing /home/airflow/.local/lib/python3.7/site-packages/airflow/example_dags/example_task_group.py took 0.064 seconds
