[2024-06-08T23:31:34.965+0000] {processor.py:153} INFO - Started process (PID=41) to work on /home/airflow/.local/lib/python3.7/site-packages/airflow/example_dags/example_branch_day_of_week_operator.py
[2024-06-08T23:31:34.968+0000] {processor.py:743} INFO - Processing file /home/airflow/.local/lib/python3.7/site-packages/airflow/example_dags/example_branch_day_of_week_operator.py for tasks to queue
[2024-06-08T23:31:34.969+0000] {logging_mixin.py:137} INFO - [2024-06-08T23:31:34.969+0000] {dagbag.py:538} INFO - Filling up the DagBag from /home/airflow/.local/lib/python3.7/site-packages/airflow/example_dags/example_branch_day_of_week_operator.py
[2024-06-08T23:31:34.989+0000] {processor.py:753} INFO - DAG(s) dict_keys(['example_weekday_branch_operator']) retrieved from /home/airflow/.local/lib/python3.7/site-packages/airflow/example_dags/example_branch_day_of_week_operator.py
[2024-06-08T23:31:35.024+0000] {logging_mixin.py:137} INFO - [2024-06-08T23:31:35.024+0000] {dag.py:2690} INFO - Sync 1 DAGs
[2024-06-08T23:31:35.041+0000] {logging_mixin.py:137} INFO - [2024-06-08T23:31:35.041+0000] {dag.py:3441} INFO - Setting next_dagrun for example_weekday_branch_operator to 2024-06-07T00:00:00+00:00, run_after=2024-06-08T00:00:00+00:00
[2024-06-08T23:31:35.054+0000] {processor.py:175} INFO - Processing /home/airflow/.local/lib/python3.7/site-packages/airflow/example_dags/example_branch_day_of_week_operator.py took 0.092 seconds
[2024-06-08T23:32:05.787+0000] {processor.py:153} INFO - Started process (PID=91) to work on /home/airflow/.local/lib/python3.7/site-packages/airflow/example_dags/example_branch_day_of_week_operator.py
[2024-06-08T23:32:05.789+0000] {processor.py:743} INFO - Processing file /home/airflow/.local/lib/python3.7/site-packages/airflow/example_dags/example_branch_day_of_week_operator.py for tasks to queue
[2024-06-08T23:32:05.790+0000] {logging_mixin.py:137} INFO - [2024-06-08T23:32:05.789+0000] {dagbag.py:538} INFO - Filling up the DagBag from /home/airflow/.local/lib/python3.7/site-packages/airflow/example_dags/example_branch_day_of_week_operator.py
[2024-06-08T23:32:05.800+0000] {processor.py:753} INFO - DAG(s) dict_keys(['example_weekday_branch_operator']) retrieved from /home/airflow/.local/lib/python3.7/site-packages/airflow/example_dags/example_branch_day_of_week_operator.py
[2024-06-08T23:32:05.822+0000] {logging_mixin.py:137} INFO - [2024-06-08T23:32:05.822+0000] {dag.py:2690} INFO - Sync 1 DAGs
[2024-06-08T23:32:05.839+0000] {logging_mixin.py:137} INFO - [2024-06-08T23:32:05.839+0000] {dag.py:3441} INFO - Setting next_dagrun for example_weekday_branch_operator to 2024-06-07T00:00:00+00:00, run_after=2024-06-08T00:00:00+00:00
[2024-06-08T23:32:05.853+0000] {processor.py:175} INFO - Processing /home/airflow/.local/lib/python3.7/site-packages/airflow/example_dags/example_branch_day_of_week_operator.py took 0.069 seconds
[2024-06-08T23:32:36.273+0000] {processor.py:153} INFO - Started process (PID=141) to work on /home/airflow/.local/lib/python3.7/site-packages/airflow/example_dags/example_branch_day_of_week_operator.py
[2024-06-08T23:32:36.275+0000] {processor.py:743} INFO - Processing file /home/airflow/.local/lib/python3.7/site-packages/airflow/example_dags/example_branch_day_of_week_operator.py for tasks to queue
[2024-06-08T23:32:36.275+0000] {logging_mixin.py:137} INFO - [2024-06-08T23:32:36.275+0000] {dagbag.py:538} INFO - Filling up the DagBag from /home/airflow/.local/lib/python3.7/site-packages/airflow/example_dags/example_branch_day_of_week_operator.py
[2024-06-08T23:32:36.287+0000] {processor.py:753} INFO - DAG(s) dict_keys(['example_weekday_branch_operator']) retrieved from /home/airflow/.local/lib/python3.7/site-packages/airflow/example_dags/example_branch_day_of_week_operator.py
[2024-06-08T23:32:36.308+0000] {logging_mixin.py:137} INFO - [2024-06-08T23:32:36.308+0000] {dag.py:2690} INFO - Sync 1 DAGs
[2024-06-08T23:32:36.326+0000] {logging_mixin.py:137} INFO - [2024-06-08T23:32:36.326+0000] {dag.py:3441} INFO - Setting next_dagrun for example_weekday_branch_operator to 2024-06-07T00:00:00+00:00, run_after=2024-06-08T00:00:00+00:00
[2024-06-08T23:32:36.346+0000] {processor.py:175} INFO - Processing /home/airflow/.local/lib/python3.7/site-packages/airflow/example_dags/example_branch_day_of_week_operator.py took 0.076 seconds
[2024-06-08T23:33:06.655+0000] {processor.py:153} INFO - Started process (PID=191) to work on /home/airflow/.local/lib/python3.7/site-packages/airflow/example_dags/example_branch_day_of_week_operator.py
[2024-06-08T23:33:06.656+0000] {processor.py:743} INFO - Processing file /home/airflow/.local/lib/python3.7/site-packages/airflow/example_dags/example_branch_day_of_week_operator.py for tasks to queue
[2024-06-08T23:33:06.657+0000] {logging_mixin.py:137} INFO - [2024-06-08T23:33:06.657+0000] {dagbag.py:538} INFO - Filling up the DagBag from /home/airflow/.local/lib/python3.7/site-packages/airflow/example_dags/example_branch_day_of_week_operator.py
[2024-06-08T23:33:06.669+0000] {processor.py:753} INFO - DAG(s) dict_keys(['example_weekday_branch_operator']) retrieved from /home/airflow/.local/lib/python3.7/site-packages/airflow/example_dags/example_branch_day_of_week_operator.py
[2024-06-08T23:33:06.691+0000] {logging_mixin.py:137} INFO - [2024-06-08T23:33:06.691+0000] {dag.py:2690} INFO - Sync 1 DAGs
[2024-06-08T23:33:06.709+0000] {logging_mixin.py:137} INFO - [2024-06-08T23:33:06.709+0000] {dag.py:3441} INFO - Setting next_dagrun for example_weekday_branch_operator to 2024-06-07T00:00:00+00:00, run_after=2024-06-08T00:00:00+00:00
[2024-06-08T23:33:06.723+0000] {processor.py:175} INFO - Processing /home/airflow/.local/lib/python3.7/site-packages/airflow/example_dags/example_branch_day_of_week_operator.py took 0.072 seconds
[2024-06-08T23:33:36.995+0000] {processor.py:153} INFO - Started process (PID=242) to work on /home/airflow/.local/lib/python3.7/site-packages/airflow/example_dags/example_branch_day_of_week_operator.py
[2024-06-08T23:33:36.996+0000] {processor.py:743} INFO - Processing file /home/airflow/.local/lib/python3.7/site-packages/airflow/example_dags/example_branch_day_of_week_operator.py for tasks to queue
[2024-06-08T23:33:36.997+0000] {logging_mixin.py:137} INFO - [2024-06-08T23:33:36.997+0000] {dagbag.py:538} INFO - Filling up the DagBag from /home/airflow/.local/lib/python3.7/site-packages/airflow/example_dags/example_branch_day_of_week_operator.py
[2024-06-08T23:33:37.008+0000] {processor.py:753} INFO - DAG(s) dict_keys(['example_weekday_branch_operator']) retrieved from /home/airflow/.local/lib/python3.7/site-packages/airflow/example_dags/example_branch_day_of_week_operator.py
[2024-06-08T23:33:37.029+0000] {logging_mixin.py:137} INFO - [2024-06-08T23:33:37.029+0000] {dag.py:2690} INFO - Sync 1 DAGs
[2024-06-08T23:33:37.046+0000] {logging_mixin.py:137} INFO - [2024-06-08T23:33:37.046+0000] {dag.py:3441} INFO - Setting next_dagrun for example_weekday_branch_operator to 2024-06-07T00:00:00+00:00, run_after=2024-06-08T00:00:00+00:00
[2024-06-08T23:33:37.060+0000] {processor.py:175} INFO - Processing /home/airflow/.local/lib/python3.7/site-packages/airflow/example_dags/example_branch_day_of_week_operator.py took 0.068 seconds
[2024-06-08T23:34:07.252+0000] {processor.py:153} INFO - Started process (PID=291) to work on /home/airflow/.local/lib/python3.7/site-packages/airflow/example_dags/example_branch_day_of_week_operator.py
[2024-06-08T23:34:07.253+0000] {processor.py:743} INFO - Processing file /home/airflow/.local/lib/python3.7/site-packages/airflow/example_dags/example_branch_day_of_week_operator.py for tasks to queue
[2024-06-08T23:34:07.254+0000] {logging_mixin.py:137} INFO - [2024-06-08T23:34:07.254+0000] {dagbag.py:538} INFO - Filling up the DagBag from /home/airflow/.local/lib/python3.7/site-packages/airflow/example_dags/example_branch_day_of_week_operator.py
[2024-06-08T23:34:07.267+0000] {processor.py:753} INFO - DAG(s) dict_keys(['example_weekday_branch_operator']) retrieved from /home/airflow/.local/lib/python3.7/site-packages/airflow/example_dags/example_branch_day_of_week_operator.py
[2024-06-08T23:34:07.290+0000] {logging_mixin.py:137} INFO - [2024-06-08T23:34:07.289+0000] {dag.py:2690} INFO - Sync 1 DAGs
[2024-06-08T23:34:07.308+0000] {logging_mixin.py:137} INFO - [2024-06-08T23:34:07.308+0000] {dag.py:3441} INFO - Setting next_dagrun for example_weekday_branch_operator to 2024-06-07T00:00:00+00:00, run_after=2024-06-08T00:00:00+00:00
[2024-06-08T23:34:07.322+0000] {processor.py:175} INFO - Processing /home/airflow/.local/lib/python3.7/site-packages/airflow/example_dags/example_branch_day_of_week_operator.py took 0.073 seconds
[2024-06-08T23:34:37.881+0000] {processor.py:153} INFO - Started process (PID=341) to work on /home/airflow/.local/lib/python3.7/site-packages/airflow/example_dags/example_branch_day_of_week_operator.py
[2024-06-08T23:34:37.884+0000] {processor.py:743} INFO - Processing file /home/airflow/.local/lib/python3.7/site-packages/airflow/example_dags/example_branch_day_of_week_operator.py for tasks to queue
[2024-06-08T23:34:37.885+0000] {logging_mixin.py:137} INFO - [2024-06-08T23:34:37.885+0000] {dagbag.py:538} INFO - Filling up the DagBag from /home/airflow/.local/lib/python3.7/site-packages/airflow/example_dags/example_branch_day_of_week_operator.py
[2024-06-08T23:34:37.896+0000] {processor.py:753} INFO - DAG(s) dict_keys(['example_weekday_branch_operator']) retrieved from /home/airflow/.local/lib/python3.7/site-packages/airflow/example_dags/example_branch_day_of_week_operator.py
[2024-06-08T23:34:37.918+0000] {logging_mixin.py:137} INFO - [2024-06-08T23:34:37.918+0000] {dag.py:2690} INFO - Sync 1 DAGs
[2024-06-08T23:34:37.936+0000] {logging_mixin.py:137} INFO - [2024-06-08T23:34:37.936+0000] {dag.py:3441} INFO - Setting next_dagrun for example_weekday_branch_operator to 2024-06-07T00:00:00+00:00, run_after=2024-06-08T00:00:00+00:00
[2024-06-08T23:34:37.950+0000] {processor.py:175} INFO - Processing /home/airflow/.local/lib/python3.7/site-packages/airflow/example_dags/example_branch_day_of_week_operator.py took 0.072 seconds
[2024-06-08T23:35:08.526+0000] {processor.py:153} INFO - Started process (PID=391) to work on /home/airflow/.local/lib/python3.7/site-packages/airflow/example_dags/example_branch_day_of_week_operator.py
[2024-06-08T23:35:08.528+0000] {processor.py:743} INFO - Processing file /home/airflow/.local/lib/python3.7/site-packages/airflow/example_dags/example_branch_day_of_week_operator.py for tasks to queue
[2024-06-08T23:35:08.529+0000] {logging_mixin.py:137} INFO - [2024-06-08T23:35:08.528+0000] {dagbag.py:538} INFO - Filling up the DagBag from /home/airflow/.local/lib/python3.7/site-packages/airflow/example_dags/example_branch_day_of_week_operator.py
[2024-06-08T23:35:08.540+0000] {processor.py:753} INFO - DAG(s) dict_keys(['example_weekday_branch_operator']) retrieved from /home/airflow/.local/lib/python3.7/site-packages/airflow/example_dags/example_branch_day_of_week_operator.py
[2024-06-08T23:35:08.560+0000] {logging_mixin.py:137} INFO - [2024-06-08T23:35:08.560+0000] {dag.py:2690} INFO - Sync 1 DAGs
[2024-06-08T23:35:08.578+0000] {logging_mixin.py:137} INFO - [2024-06-08T23:35:08.578+0000] {dag.py:3441} INFO - Setting next_dagrun for example_weekday_branch_operator to 2024-06-07T00:00:00+00:00, run_after=2024-06-08T00:00:00+00:00
[2024-06-08T23:35:08.592+0000] {processor.py:175} INFO - Processing /home/airflow/.local/lib/python3.7/site-packages/airflow/example_dags/example_branch_day_of_week_operator.py took 0.068 seconds
[2024-06-08T23:35:39.027+0000] {processor.py:153} INFO - Started process (PID=441) to work on /home/airflow/.local/lib/python3.7/site-packages/airflow/example_dags/example_branch_day_of_week_operator.py
[2024-06-08T23:35:39.028+0000] {processor.py:743} INFO - Processing file /home/airflow/.local/lib/python3.7/site-packages/airflow/example_dags/example_branch_day_of_week_operator.py for tasks to queue
[2024-06-08T23:35:39.029+0000] {logging_mixin.py:137} INFO - [2024-06-08T23:35:39.029+0000] {dagbag.py:538} INFO - Filling up the DagBag from /home/airflow/.local/lib/python3.7/site-packages/airflow/example_dags/example_branch_day_of_week_operator.py
[2024-06-08T23:35:39.041+0000] {processor.py:753} INFO - DAG(s) dict_keys(['example_weekday_branch_operator']) retrieved from /home/airflow/.local/lib/python3.7/site-packages/airflow/example_dags/example_branch_day_of_week_operator.py
[2024-06-08T23:35:39.063+0000] {logging_mixin.py:137} INFO - [2024-06-08T23:35:39.063+0000] {dag.py:2690} INFO - Sync 1 DAGs
[2024-06-08T23:35:39.079+0000] {logging_mixin.py:137} INFO - [2024-06-08T23:35:39.079+0000] {dag.py:3441} INFO - Setting next_dagrun for example_weekday_branch_operator to 2024-06-07T00:00:00+00:00, run_after=2024-06-08T00:00:00+00:00
[2024-06-08T23:35:39.092+0000] {processor.py:175} INFO - Processing /home/airflow/.local/lib/python3.7/site-packages/airflow/example_dags/example_branch_day_of_week_operator.py took 0.068 seconds
[2024-06-08T23:36:09.654+0000] {processor.py:153} INFO - Started process (PID=491) to work on /home/airflow/.local/lib/python3.7/site-packages/airflow/example_dags/example_branch_day_of_week_operator.py
[2024-06-08T23:36:09.656+0000] {processor.py:743} INFO - Processing file /home/airflow/.local/lib/python3.7/site-packages/airflow/example_dags/example_branch_day_of_week_operator.py for tasks to queue
[2024-06-08T23:36:09.656+0000] {logging_mixin.py:137} INFO - [2024-06-08T23:36:09.656+0000] {dagbag.py:538} INFO - Filling up the DagBag from /home/airflow/.local/lib/python3.7/site-packages/airflow/example_dags/example_branch_day_of_week_operator.py
[2024-06-08T23:36:09.667+0000] {processor.py:753} INFO - DAG(s) dict_keys(['example_weekday_branch_operator']) retrieved from /home/airflow/.local/lib/python3.7/site-packages/airflow/example_dags/example_branch_day_of_week_operator.py
[2024-06-08T23:36:09.688+0000] {logging_mixin.py:137} INFO - [2024-06-08T23:36:09.688+0000] {dag.py:2690} INFO - Sync 1 DAGs
[2024-06-08T23:36:09.704+0000] {logging_mixin.py:137} INFO - [2024-06-08T23:36:09.704+0000] {dag.py:3441} INFO - Setting next_dagrun for example_weekday_branch_operator to 2024-06-07T00:00:00+00:00, run_after=2024-06-08T00:00:00+00:00
[2024-06-08T23:36:09.715+0000] {processor.py:175} INFO - Processing /home/airflow/.local/lib/python3.7/site-packages/airflow/example_dags/example_branch_day_of_week_operator.py took 0.064 seconds
[2024-06-08T23:36:40.493+0000] {processor.py:153} INFO - Started process (PID=541) to work on /home/airflow/.local/lib/python3.7/site-packages/airflow/example_dags/example_branch_day_of_week_operator.py
[2024-06-08T23:36:40.495+0000] {processor.py:743} INFO - Processing file /home/airflow/.local/lib/python3.7/site-packages/airflow/example_dags/example_branch_day_of_week_operator.py for tasks to queue
[2024-06-08T23:36:40.496+0000] {logging_mixin.py:137} INFO - [2024-06-08T23:36:40.496+0000] {dagbag.py:538} INFO - Filling up the DagBag from /home/airflow/.local/lib/python3.7/site-packages/airflow/example_dags/example_branch_day_of_week_operator.py
[2024-06-08T23:36:40.507+0000] {processor.py:753} INFO - DAG(s) dict_keys(['example_weekday_branch_operator']) retrieved from /home/airflow/.local/lib/python3.7/site-packages/airflow/example_dags/example_branch_day_of_week_operator.py
[2024-06-08T23:36:40.528+0000] {logging_mixin.py:137} INFO - [2024-06-08T23:36:40.528+0000] {dag.py:2690} INFO - Sync 1 DAGs
[2024-06-08T23:36:40.544+0000] {logging_mixin.py:137} INFO - [2024-06-08T23:36:40.544+0000] {dag.py:3441} INFO - Setting next_dagrun for example_weekday_branch_operator to 2024-06-07T00:00:00+00:00, run_after=2024-06-08T00:00:00+00:00
[2024-06-08T23:36:40.556+0000] {processor.py:175} INFO - Processing /home/airflow/.local/lib/python3.7/site-packages/airflow/example_dags/example_branch_day_of_week_operator.py took 0.065 seconds
[2024-06-08T23:37:11.058+0000] {processor.py:153} INFO - Started process (PID=591) to work on /home/airflow/.local/lib/python3.7/site-packages/airflow/example_dags/example_branch_day_of_week_operator.py
[2024-06-08T23:37:11.059+0000] {processor.py:743} INFO - Processing file /home/airflow/.local/lib/python3.7/site-packages/airflow/example_dags/example_branch_day_of_week_operator.py for tasks to queue
[2024-06-08T23:37:11.060+0000] {logging_mixin.py:137} INFO - [2024-06-08T23:37:11.060+0000] {dagbag.py:538} INFO - Filling up the DagBag from /home/airflow/.local/lib/python3.7/site-packages/airflow/example_dags/example_branch_day_of_week_operator.py
[2024-06-08T23:37:11.073+0000] {processor.py:753} INFO - DAG(s) dict_keys(['example_weekday_branch_operator']) retrieved from /home/airflow/.local/lib/python3.7/site-packages/airflow/example_dags/example_branch_day_of_week_operator.py
[2024-06-08T23:37:11.099+0000] {logging_mixin.py:137} INFO - [2024-06-08T23:37:11.098+0000] {dag.py:2690} INFO - Sync 1 DAGs
[2024-06-08T23:37:11.121+0000] {logging_mixin.py:137} INFO - [2024-06-08T23:37:11.121+0000] {dag.py:3441} INFO - Setting next_dagrun for example_weekday_branch_operator to 2024-06-07T00:00:00+00:00, run_after=2024-06-08T00:00:00+00:00
[2024-06-08T23:37:11.137+0000] {processor.py:175} INFO - Processing /home/airflow/.local/lib/python3.7/site-packages/airflow/example_dags/example_branch_day_of_week_operator.py took 0.082 seconds
[2024-06-08T23:37:41.479+0000] {processor.py:153} INFO - Started process (PID=641) to work on /home/airflow/.local/lib/python3.7/site-packages/airflow/example_dags/example_branch_day_of_week_operator.py
[2024-06-08T23:37:41.480+0000] {processor.py:743} INFO - Processing file /home/airflow/.local/lib/python3.7/site-packages/airflow/example_dags/example_branch_day_of_week_operator.py for tasks to queue
[2024-06-08T23:37:41.481+0000] {logging_mixin.py:137} INFO - [2024-06-08T23:37:41.481+0000] {dagbag.py:538} INFO - Filling up the DagBag from /home/airflow/.local/lib/python3.7/site-packages/airflow/example_dags/example_branch_day_of_week_operator.py
[2024-06-08T23:37:41.493+0000] {processor.py:753} INFO - DAG(s) dict_keys(['example_weekday_branch_operator']) retrieved from /home/airflow/.local/lib/python3.7/site-packages/airflow/example_dags/example_branch_day_of_week_operator.py
[2024-06-08T23:37:41.514+0000] {logging_mixin.py:137} INFO - [2024-06-08T23:37:41.514+0000] {dag.py:2690} INFO - Sync 1 DAGs
[2024-06-08T23:37:41.531+0000] {logging_mixin.py:137} INFO - [2024-06-08T23:37:41.531+0000] {dag.py:3441} INFO - Setting next_dagrun for example_weekday_branch_operator to 2024-06-07T00:00:00+00:00, run_after=2024-06-08T00:00:00+00:00
[2024-06-08T23:37:41.543+0000] {processor.py:175} INFO - Processing /home/airflow/.local/lib/python3.7/site-packages/airflow/example_dags/example_branch_day_of_week_operator.py took 0.067 seconds
[2024-06-08T23:38:12.143+0000] {processor.py:153} INFO - Started process (PID=691) to work on /home/airflow/.local/lib/python3.7/site-packages/airflow/example_dags/example_branch_day_of_week_operator.py
[2024-06-08T23:38:12.145+0000] {processor.py:743} INFO - Processing file /home/airflow/.local/lib/python3.7/site-packages/airflow/example_dags/example_branch_day_of_week_operator.py for tasks to queue
[2024-06-08T23:38:12.146+0000] {logging_mixin.py:137} INFO - [2024-06-08T23:38:12.146+0000] {dagbag.py:538} INFO - Filling up the DagBag from /home/airflow/.local/lib/python3.7/site-packages/airflow/example_dags/example_branch_day_of_week_operator.py
[2024-06-08T23:38:12.160+0000] {processor.py:753} INFO - DAG(s) dict_keys(['example_weekday_branch_operator']) retrieved from /home/airflow/.local/lib/python3.7/site-packages/airflow/example_dags/example_branch_day_of_week_operator.py
[2024-06-08T23:38:12.182+0000] {logging_mixin.py:137} INFO - [2024-06-08T23:38:12.182+0000] {dag.py:2690} INFO - Sync 1 DAGs
[2024-06-08T23:38:12.203+0000] {logging_mixin.py:137} INFO - [2024-06-08T23:38:12.202+0000] {dag.py:3441} INFO - Setting next_dagrun for example_weekday_branch_operator to 2024-06-07T00:00:00+00:00, run_after=2024-06-08T00:00:00+00:00
[2024-06-08T23:38:12.219+0000] {processor.py:175} INFO - Processing /home/airflow/.local/lib/python3.7/site-packages/airflow/example_dags/example_branch_day_of_week_operator.py took 0.079 seconds
[2024-06-08T23:38:42.495+0000] {processor.py:153} INFO - Started process (PID=741) to work on /home/airflow/.local/lib/python3.7/site-packages/airflow/example_dags/example_branch_day_of_week_operator.py
[2024-06-08T23:38:42.496+0000] {processor.py:743} INFO - Processing file /home/airflow/.local/lib/python3.7/site-packages/airflow/example_dags/example_branch_day_of_week_operator.py for tasks to queue
[2024-06-08T23:38:42.497+0000] {logging_mixin.py:137} INFO - [2024-06-08T23:38:42.497+0000] {dagbag.py:538} INFO - Filling up the DagBag from /home/airflow/.local/lib/python3.7/site-packages/airflow/example_dags/example_branch_day_of_week_operator.py
[2024-06-08T23:38:42.508+0000] {processor.py:753} INFO - DAG(s) dict_keys(['example_weekday_branch_operator']) retrieved from /home/airflow/.local/lib/python3.7/site-packages/airflow/example_dags/example_branch_day_of_week_operator.py
[2024-06-08T23:38:42.528+0000] {logging_mixin.py:137} INFO - [2024-06-08T23:38:42.528+0000] {dag.py:2690} INFO - Sync 1 DAGs
[2024-06-08T23:38:42.544+0000] {logging_mixin.py:137} INFO - [2024-06-08T23:38:42.544+0000] {dag.py:3441} INFO - Setting next_dagrun for example_weekday_branch_operator to 2024-06-07T00:00:00+00:00, run_after=2024-06-08T00:00:00+00:00
[2024-06-08T23:38:42.556+0000] {processor.py:175} INFO - Processing /home/airflow/.local/lib/python3.7/site-packages/airflow/example_dags/example_branch_day_of_week_operator.py took 0.064 seconds
[2024-06-08T23:39:12.991+0000] {processor.py:153} INFO - Started process (PID=791) to work on /home/airflow/.local/lib/python3.7/site-packages/airflow/example_dags/example_branch_day_of_week_operator.py
[2024-06-08T23:39:12.993+0000] {processor.py:743} INFO - Processing file /home/airflow/.local/lib/python3.7/site-packages/airflow/example_dags/example_branch_day_of_week_operator.py for tasks to queue
[2024-06-08T23:39:12.994+0000] {logging_mixin.py:137} INFO - [2024-06-08T23:39:12.994+0000] {dagbag.py:538} INFO - Filling up the DagBag from /home/airflow/.local/lib/python3.7/site-packages/airflow/example_dags/example_branch_day_of_week_operator.py
[2024-06-08T23:39:13.006+0000] {processor.py:753} INFO - DAG(s) dict_keys(['example_weekday_branch_operator']) retrieved from /home/airflow/.local/lib/python3.7/site-packages/airflow/example_dags/example_branch_day_of_week_operator.py
[2024-06-08T23:39:13.029+0000] {logging_mixin.py:137} INFO - [2024-06-08T23:39:13.029+0000] {dag.py:2690} INFO - Sync 1 DAGs
[2024-06-08T23:39:13.048+0000] {logging_mixin.py:137} INFO - [2024-06-08T23:39:13.048+0000] {dag.py:3441} INFO - Setting next_dagrun for example_weekday_branch_operator to 2024-06-07T00:00:00+00:00, run_after=2024-06-08T00:00:00+00:00
[2024-06-08T23:39:13.064+0000] {processor.py:175} INFO - Processing /home/airflow/.local/lib/python3.7/site-packages/airflow/example_dags/example_branch_day_of_week_operator.py took 0.076 seconds
[2024-06-08T23:39:43.794+0000] {processor.py:153} INFO - Started process (PID=841) to work on /home/airflow/.local/lib/python3.7/site-packages/airflow/example_dags/example_branch_day_of_week_operator.py
[2024-06-08T23:39:43.796+0000] {processor.py:743} INFO - Processing file /home/airflow/.local/lib/python3.7/site-packages/airflow/example_dags/example_branch_day_of_week_operator.py for tasks to queue
[2024-06-08T23:39:43.796+0000] {logging_mixin.py:137} INFO - [2024-06-08T23:39:43.796+0000] {dagbag.py:538} INFO - Filling up the DagBag from /home/airflow/.local/lib/python3.7/site-packages/airflow/example_dags/example_branch_day_of_week_operator.py
[2024-06-08T23:39:43.807+0000] {processor.py:753} INFO - DAG(s) dict_keys(['example_weekday_branch_operator']) retrieved from /home/airflow/.local/lib/python3.7/site-packages/airflow/example_dags/example_branch_day_of_week_operator.py
[2024-06-08T23:39:43.828+0000] {logging_mixin.py:137} INFO - [2024-06-08T23:39:43.827+0000] {dag.py:2690} INFO - Sync 1 DAGs
[2024-06-08T23:39:43.844+0000] {logging_mixin.py:137} INFO - [2024-06-08T23:39:43.844+0000] {dag.py:3441} INFO - Setting next_dagrun for example_weekday_branch_operator to 2024-06-07T00:00:00+00:00, run_after=2024-06-08T00:00:00+00:00
[2024-06-08T23:39:43.855+0000] {processor.py:175} INFO - Processing /home/airflow/.local/lib/python3.7/site-packages/airflow/example_dags/example_branch_day_of_week_operator.py took 0.064 seconds
[2024-06-08T23:40:14.141+0000] {processor.py:153} INFO - Started process (PID=891) to work on /home/airflow/.local/lib/python3.7/site-packages/airflow/example_dags/example_branch_day_of_week_operator.py
[2024-06-08T23:40:14.142+0000] {processor.py:743} INFO - Processing file /home/airflow/.local/lib/python3.7/site-packages/airflow/example_dags/example_branch_day_of_week_operator.py for tasks to queue
[2024-06-08T23:40:14.143+0000] {logging_mixin.py:137} INFO - [2024-06-08T23:40:14.143+0000] {dagbag.py:538} INFO - Filling up the DagBag from /home/airflow/.local/lib/python3.7/site-packages/airflow/example_dags/example_branch_day_of_week_operator.py
[2024-06-08T23:40:14.154+0000] {processor.py:753} INFO - DAG(s) dict_keys(['example_weekday_branch_operator']) retrieved from /home/airflow/.local/lib/python3.7/site-packages/airflow/example_dags/example_branch_day_of_week_operator.py
[2024-06-08T23:40:14.175+0000] {logging_mixin.py:137} INFO - [2024-06-08T23:40:14.175+0000] {dag.py:2690} INFO - Sync 1 DAGs
[2024-06-08T23:40:14.191+0000] {logging_mixin.py:137} INFO - [2024-06-08T23:40:14.191+0000] {dag.py:3441} INFO - Setting next_dagrun for example_weekday_branch_operator to 2024-06-07T00:00:00+00:00, run_after=2024-06-08T00:00:00+00:00
[2024-06-08T23:40:14.203+0000] {processor.py:175} INFO - Processing /home/airflow/.local/lib/python3.7/site-packages/airflow/example_dags/example_branch_day_of_week_operator.py took 0.065 seconds
[2024-06-08T23:40:44.617+0000] {processor.py:153} INFO - Started process (PID=941) to work on /home/airflow/.local/lib/python3.7/site-packages/airflow/example_dags/example_branch_day_of_week_operator.py
[2024-06-08T23:40:44.618+0000] {processor.py:743} INFO - Processing file /home/airflow/.local/lib/python3.7/site-packages/airflow/example_dags/example_branch_day_of_week_operator.py for tasks to queue
[2024-06-08T23:40:44.619+0000] {logging_mixin.py:137} INFO - [2024-06-08T23:40:44.619+0000] {dagbag.py:538} INFO - Filling up the DagBag from /home/airflow/.local/lib/python3.7/site-packages/airflow/example_dags/example_branch_day_of_week_operator.py
[2024-06-08T23:40:44.629+0000] {processor.py:753} INFO - DAG(s) dict_keys(['example_weekday_branch_operator']) retrieved from /home/airflow/.local/lib/python3.7/site-packages/airflow/example_dags/example_branch_day_of_week_operator.py
[2024-06-08T23:40:44.649+0000] {logging_mixin.py:137} INFO - [2024-06-08T23:40:44.649+0000] {dag.py:2690} INFO - Sync 1 DAGs
[2024-06-08T23:40:44.666+0000] {logging_mixin.py:137} INFO - [2024-06-08T23:40:44.666+0000] {dag.py:3441} INFO - Setting next_dagrun for example_weekday_branch_operator to 2024-06-07T00:00:00+00:00, run_after=2024-06-08T00:00:00+00:00
[2024-06-08T23:40:44.679+0000] {processor.py:175} INFO - Processing /home/airflow/.local/lib/python3.7/site-packages/airflow/example_dags/example_branch_day_of_week_operator.py took 0.065 seconds
[2024-06-08T23:41:15.016+0000] {processor.py:153} INFO - Started process (PID=991) to work on /home/airflow/.local/lib/python3.7/site-packages/airflow/example_dags/example_branch_day_of_week_operator.py
[2024-06-08T23:41:15.017+0000] {processor.py:743} INFO - Processing file /home/airflow/.local/lib/python3.7/site-packages/airflow/example_dags/example_branch_day_of_week_operator.py for tasks to queue
[2024-06-08T23:41:15.018+0000] {logging_mixin.py:137} INFO - [2024-06-08T23:41:15.018+0000] {dagbag.py:538} INFO - Filling up the DagBag from /home/airflow/.local/lib/python3.7/site-packages/airflow/example_dags/example_branch_day_of_week_operator.py
[2024-06-08T23:41:15.030+0000] {processor.py:753} INFO - DAG(s) dict_keys(['example_weekday_branch_operator']) retrieved from /home/airflow/.local/lib/python3.7/site-packages/airflow/example_dags/example_branch_day_of_week_operator.py
[2024-06-08T23:41:15.055+0000] {logging_mixin.py:137} INFO - [2024-06-08T23:41:15.055+0000] {dag.py:2690} INFO - Sync 1 DAGs
[2024-06-08T23:41:15.075+0000] {logging_mixin.py:137} INFO - [2024-06-08T23:41:15.075+0000] {dag.py:3441} INFO - Setting next_dagrun for example_weekday_branch_operator to 2024-06-07T00:00:00+00:00, run_after=2024-06-08T00:00:00+00:00
[2024-06-08T23:41:15.096+0000] {processor.py:175} INFO - Processing /home/airflow/.local/lib/python3.7/site-packages/airflow/example_dags/example_branch_day_of_week_operator.py took 0.084 seconds
[2024-06-08T23:41:45.800+0000] {processor.py:153} INFO - Started process (PID=1041) to work on /home/airflow/.local/lib/python3.7/site-packages/airflow/example_dags/example_branch_day_of_week_operator.py
[2024-06-08T23:41:45.802+0000] {processor.py:743} INFO - Processing file /home/airflow/.local/lib/python3.7/site-packages/airflow/example_dags/example_branch_day_of_week_operator.py for tasks to queue
[2024-06-08T23:41:45.803+0000] {logging_mixin.py:137} INFO - [2024-06-08T23:41:45.803+0000] {dagbag.py:538} INFO - Filling up the DagBag from /home/airflow/.local/lib/python3.7/site-packages/airflow/example_dags/example_branch_day_of_week_operator.py
[2024-06-08T23:41:45.816+0000] {processor.py:753} INFO - DAG(s) dict_keys(['example_weekday_branch_operator']) retrieved from /home/airflow/.local/lib/python3.7/site-packages/airflow/example_dags/example_branch_day_of_week_operator.py
[2024-06-08T23:41:45.840+0000] {logging_mixin.py:137} INFO - [2024-06-08T23:41:45.840+0000] {dag.py:2690} INFO - Sync 1 DAGs
[2024-06-08T23:41:45.861+0000] {logging_mixin.py:137} INFO - [2024-06-08T23:41:45.861+0000] {dag.py:3441} INFO - Setting next_dagrun for example_weekday_branch_operator to 2024-06-07T00:00:00+00:00, run_after=2024-06-08T00:00:00+00:00
[2024-06-08T23:41:45.877+0000] {processor.py:175} INFO - Processing /home/airflow/.local/lib/python3.7/site-packages/airflow/example_dags/example_branch_day_of_week_operator.py took 0.081 seconds
[2024-06-08T23:42:16.239+0000] {processor.py:153} INFO - Started process (PID=1091) to work on /home/airflow/.local/lib/python3.7/site-packages/airflow/example_dags/example_branch_day_of_week_operator.py
[2024-06-08T23:42:16.242+0000] {processor.py:743} INFO - Processing file /home/airflow/.local/lib/python3.7/site-packages/airflow/example_dags/example_branch_day_of_week_operator.py for tasks to queue
[2024-06-08T23:42:16.243+0000] {logging_mixin.py:137} INFO - [2024-06-08T23:42:16.243+0000] {dagbag.py:538} INFO - Filling up the DagBag from /home/airflow/.local/lib/python3.7/site-packages/airflow/example_dags/example_branch_day_of_week_operator.py
[2024-06-08T23:42:16.256+0000] {processor.py:753} INFO - DAG(s) dict_keys(['example_weekday_branch_operator']) retrieved from /home/airflow/.local/lib/python3.7/site-packages/airflow/example_dags/example_branch_day_of_week_operator.py
[2024-06-08T23:42:16.280+0000] {logging_mixin.py:137} INFO - [2024-06-08T23:42:16.280+0000] {dag.py:2690} INFO - Sync 1 DAGs
[2024-06-08T23:42:16.298+0000] {logging_mixin.py:137} INFO - [2024-06-08T23:42:16.298+0000] {dag.py:3441} INFO - Setting next_dagrun for example_weekday_branch_operator to 2024-06-07T00:00:00+00:00, run_after=2024-06-08T00:00:00+00:00
[2024-06-08T23:42:16.316+0000] {processor.py:175} INFO - Processing /home/airflow/.local/lib/python3.7/site-packages/airflow/example_dags/example_branch_day_of_week_operator.py took 0.080 seconds
[2024-06-08T23:42:46.843+0000] {processor.py:153} INFO - Started process (PID=1141) to work on /home/airflow/.local/lib/python3.7/site-packages/airflow/example_dags/example_branch_day_of_week_operator.py
[2024-06-08T23:42:46.844+0000] {processor.py:743} INFO - Processing file /home/airflow/.local/lib/python3.7/site-packages/airflow/example_dags/example_branch_day_of_week_operator.py for tasks to queue
[2024-06-08T23:42:46.845+0000] {logging_mixin.py:137} INFO - [2024-06-08T23:42:46.845+0000] {dagbag.py:538} INFO - Filling up the DagBag from /home/airflow/.local/lib/python3.7/site-packages/airflow/example_dags/example_branch_day_of_week_operator.py
[2024-06-08T23:42:46.856+0000] {processor.py:753} INFO - DAG(s) dict_keys(['example_weekday_branch_operator']) retrieved from /home/airflow/.local/lib/python3.7/site-packages/airflow/example_dags/example_branch_day_of_week_operator.py
[2024-06-08T23:42:46.878+0000] {logging_mixin.py:137} INFO - [2024-06-08T23:42:46.878+0000] {dag.py:2690} INFO - Sync 1 DAGs
[2024-06-08T23:42:46.897+0000] {logging_mixin.py:137} INFO - [2024-06-08T23:42:46.897+0000] {dag.py:3441} INFO - Setting next_dagrun for example_weekday_branch_operator to 2024-06-07T00:00:00+00:00, run_after=2024-06-08T00:00:00+00:00
[2024-06-08T23:42:46.910+0000] {processor.py:175} INFO - Processing /home/airflow/.local/lib/python3.7/site-packages/airflow/example_dags/example_branch_day_of_week_operator.py took 0.070 seconds
[2024-06-08T23:43:17.279+0000] {processor.py:153} INFO - Started process (PID=1191) to work on /home/airflow/.local/lib/python3.7/site-packages/airflow/example_dags/example_branch_day_of_week_operator.py
[2024-06-08T23:43:17.281+0000] {processor.py:743} INFO - Processing file /home/airflow/.local/lib/python3.7/site-packages/airflow/example_dags/example_branch_day_of_week_operator.py for tasks to queue
[2024-06-08T23:43:17.282+0000] {logging_mixin.py:137} INFO - [2024-06-08T23:43:17.282+0000] {dagbag.py:538} INFO - Filling up the DagBag from /home/airflow/.local/lib/python3.7/site-packages/airflow/example_dags/example_branch_day_of_week_operator.py
[2024-06-08T23:43:17.295+0000] {processor.py:753} INFO - DAG(s) dict_keys(['example_weekday_branch_operator']) retrieved from /home/airflow/.local/lib/python3.7/site-packages/airflow/example_dags/example_branch_day_of_week_operator.py
[2024-06-08T23:43:17.319+0000] {logging_mixin.py:137} INFO - [2024-06-08T23:43:17.318+0000] {dag.py:2690} INFO - Sync 1 DAGs
[2024-06-08T23:43:17.338+0000] {logging_mixin.py:137} INFO - [2024-06-08T23:43:17.337+0000] {dag.py:3441} INFO - Setting next_dagrun for example_weekday_branch_operator to 2024-06-07T00:00:00+00:00, run_after=2024-06-08T00:00:00+00:00
[2024-06-08T23:43:17.351+0000] {processor.py:175} INFO - Processing /home/airflow/.local/lib/python3.7/site-packages/airflow/example_dags/example_branch_day_of_week_operator.py took 0.075 seconds
[2024-06-08T23:43:48.019+0000] {processor.py:153} INFO - Started process (PID=1241) to work on /home/airflow/.local/lib/python3.7/site-packages/airflow/example_dags/example_branch_day_of_week_operator.py
[2024-06-08T23:43:48.021+0000] {processor.py:743} INFO - Processing file /home/airflow/.local/lib/python3.7/site-packages/airflow/example_dags/example_branch_day_of_week_operator.py for tasks to queue
[2024-06-08T23:43:48.022+0000] {logging_mixin.py:137} INFO - [2024-06-08T23:43:48.022+0000] {dagbag.py:538} INFO - Filling up the DagBag from /home/airflow/.local/lib/python3.7/site-packages/airflow/example_dags/example_branch_day_of_week_operator.py
[2024-06-08T23:43:48.033+0000] {processor.py:753} INFO - DAG(s) dict_keys(['example_weekday_branch_operator']) retrieved from /home/airflow/.local/lib/python3.7/site-packages/airflow/example_dags/example_branch_day_of_week_operator.py
[2024-06-08T23:43:48.059+0000] {logging_mixin.py:137} INFO - [2024-06-08T23:43:48.059+0000] {dag.py:2690} INFO - Sync 1 DAGs
[2024-06-08T23:43:48.076+0000] {logging_mixin.py:137} INFO - [2024-06-08T23:43:48.076+0000] {dag.py:3441} INFO - Setting next_dagrun for example_weekday_branch_operator to 2024-06-07T00:00:00+00:00, run_after=2024-06-08T00:00:00+00:00
[2024-06-08T23:43:48.090+0000] {processor.py:175} INFO - Processing /home/airflow/.local/lib/python3.7/site-packages/airflow/example_dags/example_branch_day_of_week_operator.py took 0.073 seconds
[2024-06-08T23:44:18.329+0000] {processor.py:153} INFO - Started process (PID=1291) to work on /home/airflow/.local/lib/python3.7/site-packages/airflow/example_dags/example_branch_day_of_week_operator.py
[2024-06-08T23:44:18.330+0000] {processor.py:743} INFO - Processing file /home/airflow/.local/lib/python3.7/site-packages/airflow/example_dags/example_branch_day_of_week_operator.py for tasks to queue
[2024-06-08T23:44:18.331+0000] {logging_mixin.py:137} INFO - [2024-06-08T23:44:18.331+0000] {dagbag.py:538} INFO - Filling up the DagBag from /home/airflow/.local/lib/python3.7/site-packages/airflow/example_dags/example_branch_day_of_week_operator.py
[2024-06-08T23:44:18.341+0000] {processor.py:753} INFO - DAG(s) dict_keys(['example_weekday_branch_operator']) retrieved from /home/airflow/.local/lib/python3.7/site-packages/airflow/example_dags/example_branch_day_of_week_operator.py
[2024-06-08T23:44:18.363+0000] {logging_mixin.py:137} INFO - [2024-06-08T23:44:18.363+0000] {dag.py:2690} INFO - Sync 1 DAGs
[2024-06-08T23:44:18.381+0000] {logging_mixin.py:137} INFO - [2024-06-08T23:44:18.381+0000] {dag.py:3441} INFO - Setting next_dagrun for example_weekday_branch_operator to 2024-06-07T00:00:00+00:00, run_after=2024-06-08T00:00:00+00:00
[2024-06-08T23:44:18.394+0000] {processor.py:175} INFO - Processing /home/airflow/.local/lib/python3.7/site-packages/airflow/example_dags/example_branch_day_of_week_operator.py took 0.068 seconds
[2024-06-08T23:44:48.783+0000] {processor.py:153} INFO - Started process (PID=1342) to work on /home/airflow/.local/lib/python3.7/site-packages/airflow/example_dags/example_branch_day_of_week_operator.py
[2024-06-08T23:44:48.784+0000] {processor.py:743} INFO - Processing file /home/airflow/.local/lib/python3.7/site-packages/airflow/example_dags/example_branch_day_of_week_operator.py for tasks to queue
[2024-06-08T23:44:48.785+0000] {logging_mixin.py:137} INFO - [2024-06-08T23:44:48.785+0000] {dagbag.py:538} INFO - Filling up the DagBag from /home/airflow/.local/lib/python3.7/site-packages/airflow/example_dags/example_branch_day_of_week_operator.py
[2024-06-08T23:44:48.796+0000] {processor.py:753} INFO - DAG(s) dict_keys(['example_weekday_branch_operator']) retrieved from /home/airflow/.local/lib/python3.7/site-packages/airflow/example_dags/example_branch_day_of_week_operator.py
[2024-06-08T23:44:48.816+0000] {logging_mixin.py:137} INFO - [2024-06-08T23:44:48.816+0000] {dag.py:2690} INFO - Sync 1 DAGs
[2024-06-08T23:44:48.832+0000] {logging_mixin.py:137} INFO - [2024-06-08T23:44:48.832+0000] {dag.py:3441} INFO - Setting next_dagrun for example_weekday_branch_operator to 2024-06-07T00:00:00+00:00, run_after=2024-06-08T00:00:00+00:00
[2024-06-08T23:44:48.844+0000] {processor.py:175} INFO - Processing /home/airflow/.local/lib/python3.7/site-packages/airflow/example_dags/example_branch_day_of_week_operator.py took 0.063 seconds
[2024-06-08T23:45:19.088+0000] {processor.py:153} INFO - Started process (PID=1393) to work on /home/airflow/.local/lib/python3.7/site-packages/airflow/example_dags/example_branch_day_of_week_operator.py
[2024-06-08T23:45:19.089+0000] {processor.py:743} INFO - Processing file /home/airflow/.local/lib/python3.7/site-packages/airflow/example_dags/example_branch_day_of_week_operator.py for tasks to queue
[2024-06-08T23:45:19.090+0000] {logging_mixin.py:137} INFO - [2024-06-08T23:45:19.090+0000] {dagbag.py:538} INFO - Filling up the DagBag from /home/airflow/.local/lib/python3.7/site-packages/airflow/example_dags/example_branch_day_of_week_operator.py
[2024-06-08T23:45:19.102+0000] {processor.py:753} INFO - DAG(s) dict_keys(['example_weekday_branch_operator']) retrieved from /home/airflow/.local/lib/python3.7/site-packages/airflow/example_dags/example_branch_day_of_week_operator.py
[2024-06-08T23:45:19.122+0000] {logging_mixin.py:137} INFO - [2024-06-08T23:45:19.121+0000] {dag.py:2690} INFO - Sync 1 DAGs
[2024-06-08T23:45:19.139+0000] {logging_mixin.py:137} INFO - [2024-06-08T23:45:19.139+0000] {dag.py:3441} INFO - Setting next_dagrun for example_weekday_branch_operator to 2024-06-07T00:00:00+00:00, run_after=2024-06-08T00:00:00+00:00
[2024-06-08T23:45:19.152+0000] {processor.py:175} INFO - Processing /home/airflow/.local/lib/python3.7/site-packages/airflow/example_dags/example_branch_day_of_week_operator.py took 0.067 seconds
[2024-06-08T23:45:49.485+0000] {processor.py:153} INFO - Started process (PID=1443) to work on /home/airflow/.local/lib/python3.7/site-packages/airflow/example_dags/example_branch_day_of_week_operator.py
[2024-06-08T23:45:49.486+0000] {processor.py:743} INFO - Processing file /home/airflow/.local/lib/python3.7/site-packages/airflow/example_dags/example_branch_day_of_week_operator.py for tasks to queue
[2024-06-08T23:45:49.487+0000] {logging_mixin.py:137} INFO - [2024-06-08T23:45:49.487+0000] {dagbag.py:538} INFO - Filling up the DagBag from /home/airflow/.local/lib/python3.7/site-packages/airflow/example_dags/example_branch_day_of_week_operator.py
[2024-06-08T23:45:49.499+0000] {processor.py:753} INFO - DAG(s) dict_keys(['example_weekday_branch_operator']) retrieved from /home/airflow/.local/lib/python3.7/site-packages/airflow/example_dags/example_branch_day_of_week_operator.py
[2024-06-08T23:45:49.520+0000] {logging_mixin.py:137} INFO - [2024-06-08T23:45:49.520+0000] {dag.py:2690} INFO - Sync 1 DAGs
[2024-06-08T23:45:49.537+0000] {logging_mixin.py:137} INFO - [2024-06-08T23:45:49.537+0000] {dag.py:3441} INFO - Setting next_dagrun for example_weekday_branch_operator to 2024-06-07T00:00:00+00:00, run_after=2024-06-08T00:00:00+00:00
[2024-06-08T23:45:49.550+0000] {processor.py:175} INFO - Processing /home/airflow/.local/lib/python3.7/site-packages/airflow/example_dags/example_branch_day_of_week_operator.py took 0.068 seconds
[2024-06-08T23:46:19.849+0000] {processor.py:153} INFO - Started process (PID=1494) to work on /home/airflow/.local/lib/python3.7/site-packages/airflow/example_dags/example_branch_day_of_week_operator.py
[2024-06-08T23:46:19.850+0000] {processor.py:743} INFO - Processing file /home/airflow/.local/lib/python3.7/site-packages/airflow/example_dags/example_branch_day_of_week_operator.py for tasks to queue
[2024-06-08T23:46:19.851+0000] {logging_mixin.py:137} INFO - [2024-06-08T23:46:19.851+0000] {dagbag.py:538} INFO - Filling up the DagBag from /home/airflow/.local/lib/python3.7/site-packages/airflow/example_dags/example_branch_day_of_week_operator.py
[2024-06-08T23:46:19.862+0000] {processor.py:753} INFO - DAG(s) dict_keys(['example_weekday_branch_operator']) retrieved from /home/airflow/.local/lib/python3.7/site-packages/airflow/example_dags/example_branch_day_of_week_operator.py
[2024-06-08T23:46:19.884+0000] {logging_mixin.py:137} INFO - [2024-06-08T23:46:19.883+0000] {dag.py:2690} INFO - Sync 1 DAGs
[2024-06-08T23:46:19.903+0000] {logging_mixin.py:137} INFO - [2024-06-08T23:46:19.903+0000] {dag.py:3441} INFO - Setting next_dagrun for example_weekday_branch_operator to 2024-06-07T00:00:00+00:00, run_after=2024-06-08T00:00:00+00:00
[2024-06-08T23:46:19.918+0000] {processor.py:175} INFO - Processing /home/airflow/.local/lib/python3.7/site-packages/airflow/example_dags/example_branch_day_of_week_operator.py took 0.073 seconds
[2024-06-08T23:46:50.229+0000] {processor.py:153} INFO - Started process (PID=1544) to work on /home/airflow/.local/lib/python3.7/site-packages/airflow/example_dags/example_branch_day_of_week_operator.py
[2024-06-08T23:46:50.231+0000] {processor.py:743} INFO - Processing file /home/airflow/.local/lib/python3.7/site-packages/airflow/example_dags/example_branch_day_of_week_operator.py for tasks to queue
[2024-06-08T23:46:50.232+0000] {logging_mixin.py:137} INFO - [2024-06-08T23:46:50.232+0000] {dagbag.py:538} INFO - Filling up the DagBag from /home/airflow/.local/lib/python3.7/site-packages/airflow/example_dags/example_branch_day_of_week_operator.py
[2024-06-08T23:46:50.243+0000] {processor.py:753} INFO - DAG(s) dict_keys(['example_weekday_branch_operator']) retrieved from /home/airflow/.local/lib/python3.7/site-packages/airflow/example_dags/example_branch_day_of_week_operator.py
[2024-06-08T23:46:50.265+0000] {logging_mixin.py:137} INFO - [2024-06-08T23:46:50.265+0000] {dag.py:2690} INFO - Sync 1 DAGs
[2024-06-08T23:46:50.282+0000] {logging_mixin.py:137} INFO - [2024-06-08T23:46:50.282+0000] {dag.py:3441} INFO - Setting next_dagrun for example_weekday_branch_operator to 2024-06-07T00:00:00+00:00, run_after=2024-06-08T00:00:00+00:00
[2024-06-08T23:46:50.295+0000] {processor.py:175} INFO - Processing /home/airflow/.local/lib/python3.7/site-packages/airflow/example_dags/example_branch_day_of_week_operator.py took 0.069 seconds
[2024-06-08T23:47:20.757+0000] {processor.py:153} INFO - Started process (PID=1594) to work on /home/airflow/.local/lib/python3.7/site-packages/airflow/example_dags/example_branch_day_of_week_operator.py
[2024-06-08T23:47:20.758+0000] {processor.py:743} INFO - Processing file /home/airflow/.local/lib/python3.7/site-packages/airflow/example_dags/example_branch_day_of_week_operator.py for tasks to queue
[2024-06-08T23:47:20.759+0000] {logging_mixin.py:137} INFO - [2024-06-08T23:47:20.759+0000] {dagbag.py:538} INFO - Filling up the DagBag from /home/airflow/.local/lib/python3.7/site-packages/airflow/example_dags/example_branch_day_of_week_operator.py
[2024-06-08T23:47:20.771+0000] {processor.py:753} INFO - DAG(s) dict_keys(['example_weekday_branch_operator']) retrieved from /home/airflow/.local/lib/python3.7/site-packages/airflow/example_dags/example_branch_day_of_week_operator.py
[2024-06-08T23:47:20.791+0000] {logging_mixin.py:137} INFO - [2024-06-08T23:47:20.791+0000] {dag.py:2690} INFO - Sync 1 DAGs
[2024-06-08T23:47:20.808+0000] {logging_mixin.py:137} INFO - [2024-06-08T23:47:20.808+0000] {dag.py:3441} INFO - Setting next_dagrun for example_weekday_branch_operator to 2024-06-07T00:00:00+00:00, run_after=2024-06-08T00:00:00+00:00
[2024-06-08T23:47:20.821+0000] {processor.py:175} INFO - Processing /home/airflow/.local/lib/python3.7/site-packages/airflow/example_dags/example_branch_day_of_week_operator.py took 0.067 seconds
[2024-06-08T23:47:51.186+0000] {processor.py:153} INFO - Started process (PID=1644) to work on /home/airflow/.local/lib/python3.7/site-packages/airflow/example_dags/example_branch_day_of_week_operator.py
[2024-06-08T23:47:51.188+0000] {processor.py:743} INFO - Processing file /home/airflow/.local/lib/python3.7/site-packages/airflow/example_dags/example_branch_day_of_week_operator.py for tasks to queue
[2024-06-08T23:47:51.189+0000] {logging_mixin.py:137} INFO - [2024-06-08T23:47:51.189+0000] {dagbag.py:538} INFO - Filling up the DagBag from /home/airflow/.local/lib/python3.7/site-packages/airflow/example_dags/example_branch_day_of_week_operator.py
[2024-06-08T23:47:51.201+0000] {processor.py:753} INFO - DAG(s) dict_keys(['example_weekday_branch_operator']) retrieved from /home/airflow/.local/lib/python3.7/site-packages/airflow/example_dags/example_branch_day_of_week_operator.py
[2024-06-08T23:47:51.224+0000] {logging_mixin.py:137} INFO - [2024-06-08T23:47:51.224+0000] {dag.py:2690} INFO - Sync 1 DAGs
[2024-06-08T23:47:51.245+0000] {logging_mixin.py:137} INFO - [2024-06-08T23:47:51.245+0000] {dag.py:3441} INFO - Setting next_dagrun for example_weekday_branch_operator to 2024-06-07T00:00:00+00:00, run_after=2024-06-08T00:00:00+00:00
[2024-06-08T23:47:51.260+0000] {processor.py:175} INFO - Processing /home/airflow/.local/lib/python3.7/site-packages/airflow/example_dags/example_branch_day_of_week_operator.py took 0.077 seconds
[2024-06-08T23:48:21.913+0000] {processor.py:153} INFO - Started process (PID=1694) to work on /home/airflow/.local/lib/python3.7/site-packages/airflow/example_dags/example_branch_day_of_week_operator.py
[2024-06-08T23:48:21.915+0000] {processor.py:743} INFO - Processing file /home/airflow/.local/lib/python3.7/site-packages/airflow/example_dags/example_branch_day_of_week_operator.py for tasks to queue
[2024-06-08T23:48:21.916+0000] {logging_mixin.py:137} INFO - [2024-06-08T23:48:21.915+0000] {dagbag.py:538} INFO - Filling up the DagBag from /home/airflow/.local/lib/python3.7/site-packages/airflow/example_dags/example_branch_day_of_week_operator.py
[2024-06-08T23:48:21.929+0000] {processor.py:753} INFO - DAG(s) dict_keys(['example_weekday_branch_operator']) retrieved from /home/airflow/.local/lib/python3.7/site-packages/airflow/example_dags/example_branch_day_of_week_operator.py
[2024-06-08T23:48:21.952+0000] {logging_mixin.py:137} INFO - [2024-06-08T23:48:21.952+0000] {dag.py:2690} INFO - Sync 1 DAGs
[2024-06-08T23:48:21.971+0000] {logging_mixin.py:137} INFO - [2024-06-08T23:48:21.970+0000] {dag.py:3441} INFO - Setting next_dagrun for example_weekday_branch_operator to 2024-06-07T00:00:00+00:00, run_after=2024-06-08T00:00:00+00:00
[2024-06-08T23:48:21.985+0000] {processor.py:175} INFO - Processing /home/airflow/.local/lib/python3.7/site-packages/airflow/example_dags/example_branch_day_of_week_operator.py took 0.075 seconds
[2024-06-08T23:48:52.505+0000] {processor.py:153} INFO - Started process (PID=1744) to work on /home/airflow/.local/lib/python3.7/site-packages/airflow/example_dags/example_branch_day_of_week_operator.py
[2024-06-08T23:48:52.507+0000] {processor.py:743} INFO - Processing file /home/airflow/.local/lib/python3.7/site-packages/airflow/example_dags/example_branch_day_of_week_operator.py for tasks to queue
[2024-06-08T23:48:52.509+0000] {logging_mixin.py:137} INFO - [2024-06-08T23:48:52.509+0000] {dagbag.py:538} INFO - Filling up the DagBag from /home/airflow/.local/lib/python3.7/site-packages/airflow/example_dags/example_branch_day_of_week_operator.py
[2024-06-08T23:48:52.521+0000] {processor.py:753} INFO - DAG(s) dict_keys(['example_weekday_branch_operator']) retrieved from /home/airflow/.local/lib/python3.7/site-packages/airflow/example_dags/example_branch_day_of_week_operator.py
[2024-06-08T23:48:52.543+0000] {logging_mixin.py:137} INFO - [2024-06-08T23:48:52.543+0000] {dag.py:2690} INFO - Sync 1 DAGs
[2024-06-08T23:48:52.561+0000] {logging_mixin.py:137} INFO - [2024-06-08T23:48:52.561+0000] {dag.py:3441} INFO - Setting next_dagrun for example_weekday_branch_operator to 2024-06-07T00:00:00+00:00, run_after=2024-06-08T00:00:00+00:00
[2024-06-08T23:48:52.575+0000] {processor.py:175} INFO - Processing /home/airflow/.local/lib/python3.7/site-packages/airflow/example_dags/example_branch_day_of_week_operator.py took 0.073 seconds
[2024-06-08T23:49:22.877+0000] {processor.py:153} INFO - Started process (PID=1794) to work on /home/airflow/.local/lib/python3.7/site-packages/airflow/example_dags/example_branch_day_of_week_operator.py
[2024-06-08T23:49:22.879+0000] {processor.py:743} INFO - Processing file /home/airflow/.local/lib/python3.7/site-packages/airflow/example_dags/example_branch_day_of_week_operator.py for tasks to queue
[2024-06-08T23:49:22.880+0000] {logging_mixin.py:137} INFO - [2024-06-08T23:49:22.880+0000] {dagbag.py:538} INFO - Filling up the DagBag from /home/airflow/.local/lib/python3.7/site-packages/airflow/example_dags/example_branch_day_of_week_operator.py
[2024-06-08T23:49:22.891+0000] {processor.py:753} INFO - DAG(s) dict_keys(['example_weekday_branch_operator']) retrieved from /home/airflow/.local/lib/python3.7/site-packages/airflow/example_dags/example_branch_day_of_week_operator.py
[2024-06-08T23:49:22.911+0000] {logging_mixin.py:137} INFO - [2024-06-08T23:49:22.911+0000] {dag.py:2690} INFO - Sync 1 DAGs
[2024-06-08T23:49:22.928+0000] {logging_mixin.py:137} INFO - [2024-06-08T23:49:22.927+0000] {dag.py:3441} INFO - Setting next_dagrun for example_weekday_branch_operator to 2024-06-07T00:00:00+00:00, run_after=2024-06-08T00:00:00+00:00
[2024-06-08T23:49:22.942+0000] {processor.py:175} INFO - Processing /home/airflow/.local/lib/python3.7/site-packages/airflow/example_dags/example_branch_day_of_week_operator.py took 0.067 seconds
[2024-06-08T23:49:53.217+0000] {processor.py:153} INFO - Started process (PID=1844) to work on /home/airflow/.local/lib/python3.7/site-packages/airflow/example_dags/example_branch_day_of_week_operator.py
[2024-06-08T23:49:53.219+0000] {processor.py:743} INFO - Processing file /home/airflow/.local/lib/python3.7/site-packages/airflow/example_dags/example_branch_day_of_week_operator.py for tasks to queue
[2024-06-08T23:49:53.220+0000] {logging_mixin.py:137} INFO - [2024-06-08T23:49:53.219+0000] {dagbag.py:538} INFO - Filling up the DagBag from /home/airflow/.local/lib/python3.7/site-packages/airflow/example_dags/example_branch_day_of_week_operator.py
[2024-06-08T23:49:53.231+0000] {processor.py:753} INFO - DAG(s) dict_keys(['example_weekday_branch_operator']) retrieved from /home/airflow/.local/lib/python3.7/site-packages/airflow/example_dags/example_branch_day_of_week_operator.py
[2024-06-08T23:49:53.253+0000] {logging_mixin.py:137} INFO - [2024-06-08T23:49:53.253+0000] {dag.py:2690} INFO - Sync 1 DAGs
[2024-06-08T23:49:53.271+0000] {logging_mixin.py:137} INFO - [2024-06-08T23:49:53.271+0000] {dag.py:3441} INFO - Setting next_dagrun for example_weekday_branch_operator to 2024-06-07T00:00:00+00:00, run_after=2024-06-08T00:00:00+00:00
[2024-06-08T23:49:53.284+0000] {processor.py:175} INFO - Processing /home/airflow/.local/lib/python3.7/site-packages/airflow/example_dags/example_branch_day_of_week_operator.py took 0.070 seconds
[2024-06-08T23:50:23.796+0000] {processor.py:153} INFO - Started process (PID=1894) to work on /home/airflow/.local/lib/python3.7/site-packages/airflow/example_dags/example_branch_day_of_week_operator.py
[2024-06-08T23:50:23.798+0000] {processor.py:743} INFO - Processing file /home/airflow/.local/lib/python3.7/site-packages/airflow/example_dags/example_branch_day_of_week_operator.py for tasks to queue
[2024-06-08T23:50:23.799+0000] {logging_mixin.py:137} INFO - [2024-06-08T23:50:23.799+0000] {dagbag.py:538} INFO - Filling up the DagBag from /home/airflow/.local/lib/python3.7/site-packages/airflow/example_dags/example_branch_day_of_week_operator.py
[2024-06-08T23:50:23.811+0000] {processor.py:753} INFO - DAG(s) dict_keys(['example_weekday_branch_operator']) retrieved from /home/airflow/.local/lib/python3.7/site-packages/airflow/example_dags/example_branch_day_of_week_operator.py
[2024-06-08T23:50:23.834+0000] {logging_mixin.py:137} INFO - [2024-06-08T23:50:23.834+0000] {dag.py:2690} INFO - Sync 1 DAGs
[2024-06-08T23:50:23.853+0000] {logging_mixin.py:137} INFO - [2024-06-08T23:50:23.853+0000] {dag.py:3441} INFO - Setting next_dagrun for example_weekday_branch_operator to 2024-06-07T00:00:00+00:00, run_after=2024-06-08T00:00:00+00:00
[2024-06-08T23:50:23.868+0000] {processor.py:175} INFO - Processing /home/airflow/.local/lib/python3.7/site-packages/airflow/example_dags/example_branch_day_of_week_operator.py took 0.075 seconds
[2024-06-08T23:50:54.497+0000] {processor.py:153} INFO - Started process (PID=1944) to work on /home/airflow/.local/lib/python3.7/site-packages/airflow/example_dags/example_branch_day_of_week_operator.py
[2024-06-08T23:50:54.498+0000] {processor.py:743} INFO - Processing file /home/airflow/.local/lib/python3.7/site-packages/airflow/example_dags/example_branch_day_of_week_operator.py for tasks to queue
[2024-06-08T23:50:54.499+0000] {logging_mixin.py:137} INFO - [2024-06-08T23:50:54.499+0000] {dagbag.py:538} INFO - Filling up the DagBag from /home/airflow/.local/lib/python3.7/site-packages/airflow/example_dags/example_branch_day_of_week_operator.py
[2024-06-08T23:50:54.513+0000] {processor.py:753} INFO - DAG(s) dict_keys(['example_weekday_branch_operator']) retrieved from /home/airflow/.local/lib/python3.7/site-packages/airflow/example_dags/example_branch_day_of_week_operator.py
[2024-06-08T23:50:54.538+0000] {logging_mixin.py:137} INFO - [2024-06-08T23:50:54.537+0000] {dag.py:2690} INFO - Sync 1 DAGs
[2024-06-08T23:50:54.557+0000] {logging_mixin.py:137} INFO - [2024-06-08T23:50:54.557+0000] {dag.py:3441} INFO - Setting next_dagrun for example_weekday_branch_operator to 2024-06-07T00:00:00+00:00, run_after=2024-06-08T00:00:00+00:00
[2024-06-08T23:50:54.572+0000] {processor.py:175} INFO - Processing /home/airflow/.local/lib/python3.7/site-packages/airflow/example_dags/example_branch_day_of_week_operator.py took 0.078 seconds
[2024-06-08T23:51:25.118+0000] {processor.py:153} INFO - Started process (PID=1994) to work on /home/airflow/.local/lib/python3.7/site-packages/airflow/example_dags/example_branch_day_of_week_operator.py
[2024-06-08T23:51:25.120+0000] {processor.py:743} INFO - Processing file /home/airflow/.local/lib/python3.7/site-packages/airflow/example_dags/example_branch_day_of_week_operator.py for tasks to queue
[2024-06-08T23:51:25.122+0000] {logging_mixin.py:137} INFO - [2024-06-08T23:51:25.121+0000] {dagbag.py:538} INFO - Filling up the DagBag from /home/airflow/.local/lib/python3.7/site-packages/airflow/example_dags/example_branch_day_of_week_operator.py
[2024-06-08T23:51:25.137+0000] {processor.py:753} INFO - DAG(s) dict_keys(['example_weekday_branch_operator']) retrieved from /home/airflow/.local/lib/python3.7/site-packages/airflow/example_dags/example_branch_day_of_week_operator.py
[2024-06-08T23:51:25.165+0000] {logging_mixin.py:137} INFO - [2024-06-08T23:51:25.165+0000] {dag.py:2690} INFO - Sync 1 DAGs
[2024-06-08T23:51:25.186+0000] {logging_mixin.py:137} INFO - [2024-06-08T23:51:25.186+0000] {dag.py:3441} INFO - Setting next_dagrun for example_weekday_branch_operator to 2024-06-07T00:00:00+00:00, run_after=2024-06-08T00:00:00+00:00
[2024-06-08T23:51:25.201+0000] {processor.py:175} INFO - Processing /home/airflow/.local/lib/python3.7/site-packages/airflow/example_dags/example_branch_day_of_week_operator.py took 0.086 seconds
[2024-06-08T23:51:55.808+0000] {processor.py:153} INFO - Started process (PID=2044) to work on /home/airflow/.local/lib/python3.7/site-packages/airflow/example_dags/example_branch_day_of_week_operator.py
[2024-06-08T23:51:55.810+0000] {processor.py:743} INFO - Processing file /home/airflow/.local/lib/python3.7/site-packages/airflow/example_dags/example_branch_day_of_week_operator.py for tasks to queue
[2024-06-08T23:51:55.811+0000] {logging_mixin.py:137} INFO - [2024-06-08T23:51:55.811+0000] {dagbag.py:538} INFO - Filling up the DagBag from /home/airflow/.local/lib/python3.7/site-packages/airflow/example_dags/example_branch_day_of_week_operator.py
[2024-06-08T23:51:55.823+0000] {processor.py:753} INFO - DAG(s) dict_keys(['example_weekday_branch_operator']) retrieved from /home/airflow/.local/lib/python3.7/site-packages/airflow/example_dags/example_branch_day_of_week_operator.py
[2024-06-08T23:51:55.848+0000] {logging_mixin.py:137} INFO - [2024-06-08T23:51:55.848+0000] {dag.py:2690} INFO - Sync 1 DAGs
[2024-06-08T23:51:55.869+0000] {logging_mixin.py:137} INFO - [2024-06-08T23:51:55.868+0000] {dag.py:3441} INFO - Setting next_dagrun for example_weekday_branch_operator to 2024-06-07T00:00:00+00:00, run_after=2024-06-08T00:00:00+00:00
[2024-06-08T23:51:55.885+0000] {processor.py:175} INFO - Processing /home/airflow/.local/lib/python3.7/site-packages/airflow/example_dags/example_branch_day_of_week_operator.py took 0.081 seconds
[2024-06-08T23:52:26.762+0000] {processor.py:153} INFO - Started process (PID=2094) to work on /home/airflow/.local/lib/python3.7/site-packages/airflow/example_dags/example_branch_day_of_week_operator.py
[2024-06-08T23:52:26.764+0000] {processor.py:743} INFO - Processing file /home/airflow/.local/lib/python3.7/site-packages/airflow/example_dags/example_branch_day_of_week_operator.py for tasks to queue
[2024-06-08T23:52:26.765+0000] {logging_mixin.py:137} INFO - [2024-06-08T23:52:26.765+0000] {dagbag.py:538} INFO - Filling up the DagBag from /home/airflow/.local/lib/python3.7/site-packages/airflow/example_dags/example_branch_day_of_week_operator.py
[2024-06-08T23:52:26.778+0000] {processor.py:753} INFO - DAG(s) dict_keys(['example_weekday_branch_operator']) retrieved from /home/airflow/.local/lib/python3.7/site-packages/airflow/example_dags/example_branch_day_of_week_operator.py
[2024-06-08T23:52:26.800+0000] {logging_mixin.py:137} INFO - [2024-06-08T23:52:26.800+0000] {dag.py:2690} INFO - Sync 1 DAGs
[2024-06-08T23:52:26.817+0000] {logging_mixin.py:137} INFO - [2024-06-08T23:52:26.817+0000] {dag.py:3441} INFO - Setting next_dagrun for example_weekday_branch_operator to 2024-06-07T00:00:00+00:00, run_after=2024-06-08T00:00:00+00:00
[2024-06-08T23:52:26.831+0000] {processor.py:175} INFO - Processing /home/airflow/.local/lib/python3.7/site-packages/airflow/example_dags/example_branch_day_of_week_operator.py took 0.072 seconds
[2024-06-08T23:52:57.528+0000] {processor.py:153} INFO - Started process (PID=2144) to work on /home/airflow/.local/lib/python3.7/site-packages/airflow/example_dags/example_branch_day_of_week_operator.py
[2024-06-08T23:52:57.530+0000] {processor.py:743} INFO - Processing file /home/airflow/.local/lib/python3.7/site-packages/airflow/example_dags/example_branch_day_of_week_operator.py for tasks to queue
[2024-06-08T23:52:57.531+0000] {logging_mixin.py:137} INFO - [2024-06-08T23:52:57.531+0000] {dagbag.py:538} INFO - Filling up the DagBag from /home/airflow/.local/lib/python3.7/site-packages/airflow/example_dags/example_branch_day_of_week_operator.py
[2024-06-08T23:52:57.542+0000] {processor.py:753} INFO - DAG(s) dict_keys(['example_weekday_branch_operator']) retrieved from /home/airflow/.local/lib/python3.7/site-packages/airflow/example_dags/example_branch_day_of_week_operator.py
[2024-06-08T23:52:57.566+0000] {logging_mixin.py:137} INFO - [2024-06-08T23:52:57.566+0000] {dag.py:2690} INFO - Sync 1 DAGs
[2024-06-08T23:52:57.584+0000] {logging_mixin.py:137} INFO - [2024-06-08T23:52:57.584+0000] {dag.py:3441} INFO - Setting next_dagrun for example_weekday_branch_operator to 2024-06-07T00:00:00+00:00, run_after=2024-06-08T00:00:00+00:00
[2024-06-08T23:52:57.598+0000] {processor.py:175} INFO - Processing /home/airflow/.local/lib/python3.7/site-packages/airflow/example_dags/example_branch_day_of_week_operator.py took 0.074 seconds
[2024-06-08T23:53:28.593+0000] {processor.py:153} INFO - Started process (PID=2193) to work on /home/airflow/.local/lib/python3.7/site-packages/airflow/example_dags/example_branch_day_of_week_operator.py
[2024-06-08T23:53:28.594+0000] {processor.py:743} INFO - Processing file /home/airflow/.local/lib/python3.7/site-packages/airflow/example_dags/example_branch_day_of_week_operator.py for tasks to queue
[2024-06-08T23:53:28.595+0000] {logging_mixin.py:137} INFO - [2024-06-08T23:53:28.595+0000] {dagbag.py:538} INFO - Filling up the DagBag from /home/airflow/.local/lib/python3.7/site-packages/airflow/example_dags/example_branch_day_of_week_operator.py
[2024-06-08T23:53:28.607+0000] {processor.py:753} INFO - DAG(s) dict_keys(['example_weekday_branch_operator']) retrieved from /home/airflow/.local/lib/python3.7/site-packages/airflow/example_dags/example_branch_day_of_week_operator.py
[2024-06-08T23:53:28.629+0000] {logging_mixin.py:137} INFO - [2024-06-08T23:53:28.629+0000] {dag.py:2690} INFO - Sync 1 DAGs
[2024-06-08T23:53:28.647+0000] {logging_mixin.py:137} INFO - [2024-06-08T23:53:28.647+0000] {dag.py:3441} INFO - Setting next_dagrun for example_weekday_branch_operator to 2024-06-07T00:00:00+00:00, run_after=2024-06-08T00:00:00+00:00
[2024-06-08T23:53:28.659+0000] {processor.py:175} INFO - Processing /home/airflow/.local/lib/python3.7/site-packages/airflow/example_dags/example_branch_day_of_week_operator.py took 0.070 seconds
[2024-06-08T23:53:59.040+0000] {processor.py:153} INFO - Started process (PID=2243) to work on /home/airflow/.local/lib/python3.7/site-packages/airflow/example_dags/example_branch_day_of_week_operator.py
[2024-06-08T23:53:59.042+0000] {processor.py:743} INFO - Processing file /home/airflow/.local/lib/python3.7/site-packages/airflow/example_dags/example_branch_day_of_week_operator.py for tasks to queue
[2024-06-08T23:53:59.043+0000] {logging_mixin.py:137} INFO - [2024-06-08T23:53:59.043+0000] {dagbag.py:538} INFO - Filling up the DagBag from /home/airflow/.local/lib/python3.7/site-packages/airflow/example_dags/example_branch_day_of_week_operator.py
[2024-06-08T23:53:59.055+0000] {processor.py:753} INFO - DAG(s) dict_keys(['example_weekday_branch_operator']) retrieved from /home/airflow/.local/lib/python3.7/site-packages/airflow/example_dags/example_branch_day_of_week_operator.py
[2024-06-08T23:53:59.077+0000] {logging_mixin.py:137} INFO - [2024-06-08T23:53:59.077+0000] {dag.py:2690} INFO - Sync 1 DAGs
[2024-06-08T23:53:59.095+0000] {logging_mixin.py:137} INFO - [2024-06-08T23:53:59.095+0000] {dag.py:3441} INFO - Setting next_dagrun for example_weekday_branch_operator to 2024-06-07T00:00:00+00:00, run_after=2024-06-08T00:00:00+00:00
[2024-06-08T23:53:59.108+0000] {processor.py:175} INFO - Processing /home/airflow/.local/lib/python3.7/site-packages/airflow/example_dags/example_branch_day_of_week_operator.py took 0.072 seconds
[2024-06-08T23:54:29.620+0000] {processor.py:153} INFO - Started process (PID=2293) to work on /home/airflow/.local/lib/python3.7/site-packages/airflow/example_dags/example_branch_day_of_week_operator.py
[2024-06-08T23:54:29.622+0000] {processor.py:743} INFO - Processing file /home/airflow/.local/lib/python3.7/site-packages/airflow/example_dags/example_branch_day_of_week_operator.py for tasks to queue
[2024-06-08T23:54:29.623+0000] {logging_mixin.py:137} INFO - [2024-06-08T23:54:29.622+0000] {dagbag.py:538} INFO - Filling up the DagBag from /home/airflow/.local/lib/python3.7/site-packages/airflow/example_dags/example_branch_day_of_week_operator.py
[2024-06-08T23:54:29.636+0000] {processor.py:753} INFO - DAG(s) dict_keys(['example_weekday_branch_operator']) retrieved from /home/airflow/.local/lib/python3.7/site-packages/airflow/example_dags/example_branch_day_of_week_operator.py
[2024-06-08T23:54:29.659+0000] {logging_mixin.py:137} INFO - [2024-06-08T23:54:29.659+0000] {dag.py:2690} INFO - Sync 1 DAGs
[2024-06-08T23:54:29.677+0000] {logging_mixin.py:137} INFO - [2024-06-08T23:54:29.677+0000] {dag.py:3441} INFO - Setting next_dagrun for example_weekday_branch_operator to 2024-06-07T00:00:00+00:00, run_after=2024-06-08T00:00:00+00:00
[2024-06-08T23:54:29.690+0000] {processor.py:175} INFO - Processing /home/airflow/.local/lib/python3.7/site-packages/airflow/example_dags/example_branch_day_of_week_operator.py took 0.073 seconds
[2024-06-08T23:55:00.125+0000] {processor.py:153} INFO - Started process (PID=2343) to work on /home/airflow/.local/lib/python3.7/site-packages/airflow/example_dags/example_branch_day_of_week_operator.py
[2024-06-08T23:55:00.127+0000] {processor.py:743} INFO - Processing file /home/airflow/.local/lib/python3.7/site-packages/airflow/example_dags/example_branch_day_of_week_operator.py for tasks to queue
[2024-06-08T23:55:00.128+0000] {logging_mixin.py:137} INFO - [2024-06-08T23:55:00.128+0000] {dagbag.py:538} INFO - Filling up the DagBag from /home/airflow/.local/lib/python3.7/site-packages/airflow/example_dags/example_branch_day_of_week_operator.py
[2024-06-08T23:55:00.142+0000] {processor.py:753} INFO - DAG(s) dict_keys(['example_weekday_branch_operator']) retrieved from /home/airflow/.local/lib/python3.7/site-packages/airflow/example_dags/example_branch_day_of_week_operator.py
[2024-06-08T23:55:00.166+0000] {logging_mixin.py:137} INFO - [2024-06-08T23:55:00.166+0000] {dag.py:2690} INFO - Sync 1 DAGs
[2024-06-08T23:55:00.185+0000] {logging_mixin.py:137} INFO - [2024-06-08T23:55:00.185+0000] {dag.py:3441} INFO - Setting next_dagrun for example_weekday_branch_operator to 2024-06-07T00:00:00+00:00, run_after=2024-06-08T00:00:00+00:00
[2024-06-08T23:55:00.198+0000] {processor.py:175} INFO - Processing /home/airflow/.local/lib/python3.7/site-packages/airflow/example_dags/example_branch_day_of_week_operator.py took 0.076 seconds
[2024-06-08T23:55:30.481+0000] {processor.py:153} INFO - Started process (PID=2392) to work on /home/airflow/.local/lib/python3.7/site-packages/airflow/example_dags/example_branch_day_of_week_operator.py
[2024-06-08T23:55:30.483+0000] {processor.py:743} INFO - Processing file /home/airflow/.local/lib/python3.7/site-packages/airflow/example_dags/example_branch_day_of_week_operator.py for tasks to queue
[2024-06-08T23:55:30.484+0000] {logging_mixin.py:137} INFO - [2024-06-08T23:55:30.484+0000] {dagbag.py:538} INFO - Filling up the DagBag from /home/airflow/.local/lib/python3.7/site-packages/airflow/example_dags/example_branch_day_of_week_operator.py
[2024-06-08T23:55:30.495+0000] {processor.py:753} INFO - DAG(s) dict_keys(['example_weekday_branch_operator']) retrieved from /home/airflow/.local/lib/python3.7/site-packages/airflow/example_dags/example_branch_day_of_week_operator.py
[2024-06-08T23:55:30.519+0000] {logging_mixin.py:137} INFO - [2024-06-08T23:55:30.519+0000] {dag.py:2690} INFO - Sync 1 DAGs
[2024-06-08T23:55:30.537+0000] {logging_mixin.py:137} INFO - [2024-06-08T23:55:30.536+0000] {dag.py:3441} INFO - Setting next_dagrun for example_weekday_branch_operator to 2024-06-07T00:00:00+00:00, run_after=2024-06-08T00:00:00+00:00
[2024-06-08T23:55:30.551+0000] {processor.py:175} INFO - Processing /home/airflow/.local/lib/python3.7/site-packages/airflow/example_dags/example_branch_day_of_week_operator.py took 0.073 seconds
[2024-06-08T23:56:00.874+0000] {processor.py:153} INFO - Started process (PID=2442) to work on /home/airflow/.local/lib/python3.7/site-packages/airflow/example_dags/example_branch_day_of_week_operator.py
[2024-06-08T23:56:00.877+0000] {processor.py:743} INFO - Processing file /home/airflow/.local/lib/python3.7/site-packages/airflow/example_dags/example_branch_day_of_week_operator.py for tasks to queue
[2024-06-08T23:56:00.877+0000] {logging_mixin.py:137} INFO - [2024-06-08T23:56:00.877+0000] {dagbag.py:538} INFO - Filling up the DagBag from /home/airflow/.local/lib/python3.7/site-packages/airflow/example_dags/example_branch_day_of_week_operator.py
[2024-06-08T23:56:00.890+0000] {processor.py:753} INFO - DAG(s) dict_keys(['example_weekday_branch_operator']) retrieved from /home/airflow/.local/lib/python3.7/site-packages/airflow/example_dags/example_branch_day_of_week_operator.py
[2024-06-08T23:56:00.914+0000] {logging_mixin.py:137} INFO - [2024-06-08T23:56:00.914+0000] {dag.py:2690} INFO - Sync 1 DAGs
[2024-06-08T23:56:00.933+0000] {logging_mixin.py:137} INFO - [2024-06-08T23:56:00.933+0000] {dag.py:3441} INFO - Setting next_dagrun for example_weekday_branch_operator to 2024-06-07T00:00:00+00:00, run_after=2024-06-08T00:00:00+00:00
[2024-06-08T23:56:00.947+0000] {processor.py:175} INFO - Processing /home/airflow/.local/lib/python3.7/site-packages/airflow/example_dags/example_branch_day_of_week_operator.py took 0.076 seconds
[2024-06-08T23:56:31.286+0000] {processor.py:153} INFO - Started process (PID=2492) to work on /home/airflow/.local/lib/python3.7/site-packages/airflow/example_dags/example_branch_day_of_week_operator.py
[2024-06-08T23:56:31.288+0000] {processor.py:743} INFO - Processing file /home/airflow/.local/lib/python3.7/site-packages/airflow/example_dags/example_branch_day_of_week_operator.py for tasks to queue
[2024-06-08T23:56:31.289+0000] {logging_mixin.py:137} INFO - [2024-06-08T23:56:31.289+0000] {dagbag.py:538} INFO - Filling up the DagBag from /home/airflow/.local/lib/python3.7/site-packages/airflow/example_dags/example_branch_day_of_week_operator.py
[2024-06-08T23:56:31.300+0000] {processor.py:753} INFO - DAG(s) dict_keys(['example_weekday_branch_operator']) retrieved from /home/airflow/.local/lib/python3.7/site-packages/airflow/example_dags/example_branch_day_of_week_operator.py
[2024-06-08T23:56:31.323+0000] {logging_mixin.py:137} INFO - [2024-06-08T23:56:31.323+0000] {dag.py:2690} INFO - Sync 1 DAGs
[2024-06-08T23:56:31.342+0000] {logging_mixin.py:137} INFO - [2024-06-08T23:56:31.342+0000] {dag.py:3441} INFO - Setting next_dagrun for example_weekday_branch_operator to 2024-06-07T00:00:00+00:00, run_after=2024-06-08T00:00:00+00:00
[2024-06-08T23:56:31.354+0000] {processor.py:175} INFO - Processing /home/airflow/.local/lib/python3.7/site-packages/airflow/example_dags/example_branch_day_of_week_operator.py took 0.071 seconds
[2024-06-08T23:57:01.752+0000] {processor.py:153} INFO - Started process (PID=2542) to work on /home/airflow/.local/lib/python3.7/site-packages/airflow/example_dags/example_branch_day_of_week_operator.py
[2024-06-08T23:57:01.753+0000] {processor.py:743} INFO - Processing file /home/airflow/.local/lib/python3.7/site-packages/airflow/example_dags/example_branch_day_of_week_operator.py for tasks to queue
[2024-06-08T23:57:01.754+0000] {logging_mixin.py:137} INFO - [2024-06-08T23:57:01.754+0000] {dagbag.py:538} INFO - Filling up the DagBag from /home/airflow/.local/lib/python3.7/site-packages/airflow/example_dags/example_branch_day_of_week_operator.py
[2024-06-08T23:57:01.765+0000] {processor.py:753} INFO - DAG(s) dict_keys(['example_weekday_branch_operator']) retrieved from /home/airflow/.local/lib/python3.7/site-packages/airflow/example_dags/example_branch_day_of_week_operator.py
[2024-06-08T23:57:01.787+0000] {logging_mixin.py:137} INFO - [2024-06-08T23:57:01.787+0000] {dag.py:2690} INFO - Sync 1 DAGs
[2024-06-08T23:57:01.804+0000] {logging_mixin.py:137} INFO - [2024-06-08T23:57:01.804+0000] {dag.py:3441} INFO - Setting next_dagrun for example_weekday_branch_operator to 2024-06-07T00:00:00+00:00, run_after=2024-06-08T00:00:00+00:00
[2024-06-08T23:57:01.817+0000] {processor.py:175} INFO - Processing /home/airflow/.local/lib/python3.7/site-packages/airflow/example_dags/example_branch_day_of_week_operator.py took 0.069 seconds
[2024-06-08T23:57:32.190+0000] {processor.py:153} INFO - Started process (PID=2592) to work on /home/airflow/.local/lib/python3.7/site-packages/airflow/example_dags/example_branch_day_of_week_operator.py
[2024-06-08T23:57:32.192+0000] {processor.py:743} INFO - Processing file /home/airflow/.local/lib/python3.7/site-packages/airflow/example_dags/example_branch_day_of_week_operator.py for tasks to queue
[2024-06-08T23:57:32.193+0000] {logging_mixin.py:137} INFO - [2024-06-08T23:57:32.193+0000] {dagbag.py:538} INFO - Filling up the DagBag from /home/airflow/.local/lib/python3.7/site-packages/airflow/example_dags/example_branch_day_of_week_operator.py
[2024-06-08T23:57:32.205+0000] {processor.py:753} INFO - DAG(s) dict_keys(['example_weekday_branch_operator']) retrieved from /home/airflow/.local/lib/python3.7/site-packages/airflow/example_dags/example_branch_day_of_week_operator.py
[2024-06-08T23:57:32.225+0000] {logging_mixin.py:137} INFO - [2024-06-08T23:57:32.225+0000] {dag.py:2690} INFO - Sync 1 DAGs
[2024-06-08T23:57:32.243+0000] {logging_mixin.py:137} INFO - [2024-06-08T23:57:32.243+0000] {dag.py:3441} INFO - Setting next_dagrun for example_weekday_branch_operator to 2024-06-07T00:00:00+00:00, run_after=2024-06-08T00:00:00+00:00
[2024-06-08T23:57:32.257+0000] {processor.py:175} INFO - Processing /home/airflow/.local/lib/python3.7/site-packages/airflow/example_dags/example_branch_day_of_week_operator.py took 0.069 seconds
[2024-06-08T23:58:02.723+0000] {processor.py:153} INFO - Started process (PID=2649) to work on /home/airflow/.local/lib/python3.7/site-packages/airflow/example_dags/example_branch_day_of_week_operator.py
[2024-06-08T23:58:02.725+0000] {processor.py:743} INFO - Processing file /home/airflow/.local/lib/python3.7/site-packages/airflow/example_dags/example_branch_day_of_week_operator.py for tasks to queue
[2024-06-08T23:58:02.726+0000] {logging_mixin.py:137} INFO - [2024-06-08T23:58:02.726+0000] {dagbag.py:538} INFO - Filling up the DagBag from /home/airflow/.local/lib/python3.7/site-packages/airflow/example_dags/example_branch_day_of_week_operator.py
[2024-06-08T23:58:02.738+0000] {processor.py:753} INFO - DAG(s) dict_keys(['example_weekday_branch_operator']) retrieved from /home/airflow/.local/lib/python3.7/site-packages/airflow/example_dags/example_branch_day_of_week_operator.py
[2024-06-08T23:58:02.762+0000] {logging_mixin.py:137} INFO - [2024-06-08T23:58:02.762+0000] {dag.py:2690} INFO - Sync 1 DAGs
[2024-06-08T23:58:02.781+0000] {logging_mixin.py:137} INFO - [2024-06-08T23:58:02.781+0000] {dag.py:3441} INFO - Setting next_dagrun for example_weekday_branch_operator to 2024-06-07T00:00:00+00:00, run_after=2024-06-08T00:00:00+00:00
[2024-06-08T23:58:02.797+0000] {processor.py:175} INFO - Processing /home/airflow/.local/lib/python3.7/site-packages/airflow/example_dags/example_branch_day_of_week_operator.py took 0.077 seconds
[2024-06-08T23:58:33.464+0000] {processor.py:153} INFO - Started process (PID=2699) to work on /home/airflow/.local/lib/python3.7/site-packages/airflow/example_dags/example_branch_day_of_week_operator.py
[2024-06-08T23:58:33.465+0000] {processor.py:743} INFO - Processing file /home/airflow/.local/lib/python3.7/site-packages/airflow/example_dags/example_branch_day_of_week_operator.py for tasks to queue
[2024-06-08T23:58:33.466+0000] {logging_mixin.py:137} INFO - [2024-06-08T23:58:33.466+0000] {dagbag.py:538} INFO - Filling up the DagBag from /home/airflow/.local/lib/python3.7/site-packages/airflow/example_dags/example_branch_day_of_week_operator.py
[2024-06-08T23:58:33.479+0000] {processor.py:753} INFO - DAG(s) dict_keys(['example_weekday_branch_operator']) retrieved from /home/airflow/.local/lib/python3.7/site-packages/airflow/example_dags/example_branch_day_of_week_operator.py
[2024-06-08T23:58:33.504+0000] {logging_mixin.py:137} INFO - [2024-06-08T23:58:33.503+0000] {dag.py:2690} INFO - Sync 1 DAGs
[2024-06-08T23:58:33.523+0000] {logging_mixin.py:137} INFO - [2024-06-08T23:58:33.523+0000] {dag.py:3441} INFO - Setting next_dagrun for example_weekday_branch_operator to 2024-06-07T00:00:00+00:00, run_after=2024-06-08T00:00:00+00:00
[2024-06-08T23:58:33.539+0000] {processor.py:175} INFO - Processing /home/airflow/.local/lib/python3.7/site-packages/airflow/example_dags/example_branch_day_of_week_operator.py took 0.079 seconds
[2024-06-08T23:59:04.361+0000] {processor.py:153} INFO - Started process (PID=2749) to work on /home/airflow/.local/lib/python3.7/site-packages/airflow/example_dags/example_branch_day_of_week_operator.py
[2024-06-08T23:59:04.362+0000] {processor.py:743} INFO - Processing file /home/airflow/.local/lib/python3.7/site-packages/airflow/example_dags/example_branch_day_of_week_operator.py for tasks to queue
[2024-06-08T23:59:04.363+0000] {logging_mixin.py:137} INFO - [2024-06-08T23:59:04.363+0000] {dagbag.py:538} INFO - Filling up the DagBag from /home/airflow/.local/lib/python3.7/site-packages/airflow/example_dags/example_branch_day_of_week_operator.py
[2024-06-08T23:59:04.375+0000] {processor.py:753} INFO - DAG(s) dict_keys(['example_weekday_branch_operator']) retrieved from /home/airflow/.local/lib/python3.7/site-packages/airflow/example_dags/example_branch_day_of_week_operator.py
[2024-06-08T23:59:04.398+0000] {logging_mixin.py:137} INFO - [2024-06-08T23:59:04.398+0000] {dag.py:2690} INFO - Sync 1 DAGs
[2024-06-08T23:59:04.416+0000] {logging_mixin.py:137} INFO - [2024-06-08T23:59:04.416+0000] {dag.py:3441} INFO - Setting next_dagrun for example_weekday_branch_operator to 2024-06-07T00:00:00+00:00, run_after=2024-06-08T00:00:00+00:00
[2024-06-08T23:59:04.429+0000] {processor.py:175} INFO - Processing /home/airflow/.local/lib/python3.7/site-packages/airflow/example_dags/example_branch_day_of_week_operator.py took 0.071 seconds
[2024-06-08T23:59:34.820+0000] {processor.py:153} INFO - Started process (PID=2799) to work on /home/airflow/.local/lib/python3.7/site-packages/airflow/example_dags/example_branch_day_of_week_operator.py
[2024-06-08T23:59:34.821+0000] {processor.py:743} INFO - Processing file /home/airflow/.local/lib/python3.7/site-packages/airflow/example_dags/example_branch_day_of_week_operator.py for tasks to queue
[2024-06-08T23:59:34.822+0000] {logging_mixin.py:137} INFO - [2024-06-08T23:59:34.822+0000] {dagbag.py:538} INFO - Filling up the DagBag from /home/airflow/.local/lib/python3.7/site-packages/airflow/example_dags/example_branch_day_of_week_operator.py
[2024-06-08T23:59:34.833+0000] {processor.py:753} INFO - DAG(s) dict_keys(['example_weekday_branch_operator']) retrieved from /home/airflow/.local/lib/python3.7/site-packages/airflow/example_dags/example_branch_day_of_week_operator.py
[2024-06-08T23:59:34.854+0000] {logging_mixin.py:137} INFO - [2024-06-08T23:59:34.854+0000] {dag.py:2690} INFO - Sync 1 DAGs
[2024-06-08T23:59:34.870+0000] {logging_mixin.py:137} INFO - [2024-06-08T23:59:34.870+0000] {dag.py:3441} INFO - Setting next_dagrun for example_weekday_branch_operator to 2024-06-07T00:00:00+00:00, run_after=2024-06-08T00:00:00+00:00
[2024-06-08T23:59:34.882+0000] {processor.py:175} INFO - Processing /home/airflow/.local/lib/python3.7/site-packages/airflow/example_dags/example_branch_day_of_week_operator.py took 0.066 seconds
