[2024-06-08T23:31:35.691+0000] {processor.py:153} INFO - Started process (PID=51) to work on /home/airflow/.local/lib/python3.7/site-packages/airflow/example_dags/example_short_circuit_decorator.py
[2024-06-08T23:31:35.693+0000] {processor.py:743} INFO - Processing file /home/airflow/.local/lib/python3.7/site-packages/airflow/example_dags/example_short_circuit_decorator.py for tasks to queue
[2024-06-08T23:31:35.694+0000] {logging_mixin.py:137} INFO - [2024-06-08T23:31:35.694+0000] {dagbag.py:538} INFO - Filling up the DagBag from /home/airflow/.local/lib/python3.7/site-packages/airflow/example_dags/example_short_circuit_decorator.py
[2024-06-08T23:31:35.718+0000] {processor.py:753} INFO - DAG(s) dict_keys(['example_short_circuit_decorator']) retrieved from /home/airflow/.local/lib/python3.7/site-packages/airflow/example_dags/example_short_circuit_decorator.py
[2024-06-08T23:31:35.745+0000] {logging_mixin.py:137} INFO - [2024-06-08T23:31:35.745+0000] {dag.py:2690} INFO - Sync 1 DAGs
[2024-06-08T23:31:35.766+0000] {logging_mixin.py:137} INFO - [2024-06-08T23:31:35.766+0000] {dag.py:3441} INFO - Setting next_dagrun for example_short_circuit_decorator to 2024-06-07T23:31:35.765996+00:00, run_after=2024-06-08T23:31:35.765996+00:00
[2024-06-08T23:31:35.785+0000] {processor.py:175} INFO - Processing /home/airflow/.local/lib/python3.7/site-packages/airflow/example_dags/example_short_circuit_decorator.py took 0.097 seconds
[2024-06-08T23:32:06.443+0000] {processor.py:153} INFO - Started process (PID=101) to work on /home/airflow/.local/lib/python3.7/site-packages/airflow/example_dags/example_short_circuit_decorator.py
[2024-06-08T23:32:06.446+0000] {processor.py:743} INFO - Processing file /home/airflow/.local/lib/python3.7/site-packages/airflow/example_dags/example_short_circuit_decorator.py for tasks to queue
[2024-06-08T23:32:06.475+0000] {logging_mixin.py:137} INFO - [2024-06-08T23:32:06.475+0000] {dagbag.py:538} INFO - Filling up the DagBag from /home/airflow/.local/lib/python3.7/site-packages/airflow/example_dags/example_short_circuit_decorator.py
[2024-06-08T23:32:06.500+0000] {processor.py:753} INFO - DAG(s) dict_keys(['example_short_circuit_decorator']) retrieved from /home/airflow/.local/lib/python3.7/site-packages/airflow/example_dags/example_short_circuit_decorator.py
[2024-06-08T23:32:06.531+0000] {logging_mixin.py:137} INFO - [2024-06-08T23:32:06.530+0000] {dag.py:2690} INFO - Sync 1 DAGs
[2024-06-08T23:32:06.551+0000] {logging_mixin.py:137} INFO - [2024-06-08T23:32:06.551+0000] {dag.py:3441} INFO - Setting next_dagrun for example_short_circuit_decorator to 2024-06-07T23:32:06.551217+00:00, run_after=2024-06-08T23:32:06.551217+00:00
[2024-06-08T23:32:06.567+0000] {processor.py:175} INFO - Processing /home/airflow/.local/lib/python3.7/site-packages/airflow/example_dags/example_short_circuit_decorator.py took 0.127 seconds
[2024-06-08T23:32:36.800+0000] {processor.py:153} INFO - Started process (PID=151) to work on /home/airflow/.local/lib/python3.7/site-packages/airflow/example_dags/example_short_circuit_decorator.py
[2024-06-08T23:32:36.802+0000] {processor.py:743} INFO - Processing file /home/airflow/.local/lib/python3.7/site-packages/airflow/example_dags/example_short_circuit_decorator.py for tasks to queue
[2024-06-08T23:32:36.803+0000] {logging_mixin.py:137} INFO - [2024-06-08T23:32:36.802+0000] {dagbag.py:538} INFO - Filling up the DagBag from /home/airflow/.local/lib/python3.7/site-packages/airflow/example_dags/example_short_circuit_decorator.py
[2024-06-08T23:32:36.821+0000] {processor.py:753} INFO - DAG(s) dict_keys(['example_short_circuit_decorator']) retrieved from /home/airflow/.local/lib/python3.7/site-packages/airflow/example_dags/example_short_circuit_decorator.py
[2024-06-08T23:32:36.843+0000] {logging_mixin.py:137} INFO - [2024-06-08T23:32:36.843+0000] {dag.py:2690} INFO - Sync 1 DAGs
[2024-06-08T23:32:36.860+0000] {logging_mixin.py:137} INFO - [2024-06-08T23:32:36.860+0000] {dag.py:3441} INFO - Setting next_dagrun for example_short_circuit_decorator to 2024-06-07T23:32:36.859996+00:00, run_after=2024-06-08T23:32:36.859996+00:00
[2024-06-08T23:32:36.873+0000] {processor.py:175} INFO - Processing /home/airflow/.local/lib/python3.7/site-packages/airflow/example_dags/example_short_circuit_decorator.py took 0.076 seconds
[2024-06-08T23:33:07.165+0000] {processor.py:153} INFO - Started process (PID=201) to work on /home/airflow/.local/lib/python3.7/site-packages/airflow/example_dags/example_short_circuit_decorator.py
[2024-06-08T23:33:07.166+0000] {processor.py:743} INFO - Processing file /home/airflow/.local/lib/python3.7/site-packages/airflow/example_dags/example_short_circuit_decorator.py for tasks to queue
[2024-06-08T23:33:07.167+0000] {logging_mixin.py:137} INFO - [2024-06-08T23:33:07.167+0000] {dagbag.py:538} INFO - Filling up the DagBag from /home/airflow/.local/lib/python3.7/site-packages/airflow/example_dags/example_short_circuit_decorator.py
[2024-06-08T23:33:07.183+0000] {processor.py:753} INFO - DAG(s) dict_keys(['example_short_circuit_decorator']) retrieved from /home/airflow/.local/lib/python3.7/site-packages/airflow/example_dags/example_short_circuit_decorator.py
[2024-06-08T23:33:07.204+0000] {logging_mixin.py:137} INFO - [2024-06-08T23:33:07.204+0000] {dag.py:2690} INFO - Sync 1 DAGs
[2024-06-08T23:33:07.220+0000] {logging_mixin.py:137} INFO - [2024-06-08T23:33:07.220+0000] {dag.py:3441} INFO - Setting next_dagrun for example_short_circuit_decorator to 2024-06-07T23:33:07.220232+00:00, run_after=2024-06-08T23:33:07.220232+00:00
[2024-06-08T23:33:07.233+0000] {processor.py:175} INFO - Processing /home/airflow/.local/lib/python3.7/site-packages/airflow/example_dags/example_short_circuit_decorator.py took 0.071 seconds
[2024-06-08T23:33:37.470+0000] {processor.py:153} INFO - Started process (PID=252) to work on /home/airflow/.local/lib/python3.7/site-packages/airflow/example_dags/example_short_circuit_decorator.py
[2024-06-08T23:33:37.472+0000] {processor.py:743} INFO - Processing file /home/airflow/.local/lib/python3.7/site-packages/airflow/example_dags/example_short_circuit_decorator.py for tasks to queue
[2024-06-08T23:33:37.473+0000] {logging_mixin.py:137} INFO - [2024-06-08T23:33:37.472+0000] {dagbag.py:538} INFO - Filling up the DagBag from /home/airflow/.local/lib/python3.7/site-packages/airflow/example_dags/example_short_circuit_decorator.py
[2024-06-08T23:33:37.489+0000] {processor.py:753} INFO - DAG(s) dict_keys(['example_short_circuit_decorator']) retrieved from /home/airflow/.local/lib/python3.7/site-packages/airflow/example_dags/example_short_circuit_decorator.py
[2024-06-08T23:33:37.508+0000] {logging_mixin.py:137} INFO - [2024-06-08T23:33:37.508+0000] {dag.py:2690} INFO - Sync 1 DAGs
[2024-06-08T23:33:37.525+0000] {logging_mixin.py:137} INFO - [2024-06-08T23:33:37.525+0000] {dag.py:3441} INFO - Setting next_dagrun for example_short_circuit_decorator to 2024-06-07T23:33:37.525517+00:00, run_after=2024-06-08T23:33:37.525517+00:00
[2024-06-08T23:33:37.537+0000] {processor.py:175} INFO - Processing /home/airflow/.local/lib/python3.7/site-packages/airflow/example_dags/example_short_circuit_decorator.py took 0.070 seconds
[2024-06-08T23:34:07.875+0000] {processor.py:153} INFO - Started process (PID=301) to work on /home/airflow/.local/lib/python3.7/site-packages/airflow/example_dags/example_short_circuit_decorator.py
[2024-06-08T23:34:07.877+0000] {processor.py:743} INFO - Processing file /home/airflow/.local/lib/python3.7/site-packages/airflow/example_dags/example_short_circuit_decorator.py for tasks to queue
[2024-06-08T23:34:07.878+0000] {logging_mixin.py:137} INFO - [2024-06-08T23:34:07.878+0000] {dagbag.py:538} INFO - Filling up the DagBag from /home/airflow/.local/lib/python3.7/site-packages/airflow/example_dags/example_short_circuit_decorator.py
[2024-06-08T23:34:07.896+0000] {processor.py:753} INFO - DAG(s) dict_keys(['example_short_circuit_decorator']) retrieved from /home/airflow/.local/lib/python3.7/site-packages/airflow/example_dags/example_short_circuit_decorator.py
[2024-06-08T23:34:07.917+0000] {logging_mixin.py:137} INFO - [2024-06-08T23:34:07.917+0000] {dag.py:2690} INFO - Sync 1 DAGs
[2024-06-08T23:34:07.933+0000] {logging_mixin.py:137} INFO - [2024-06-08T23:34:07.933+0000] {dag.py:3441} INFO - Setting next_dagrun for example_short_circuit_decorator to 2024-06-07T23:34:07.933599+00:00, run_after=2024-06-08T23:34:07.933599+00:00
[2024-06-08T23:34:07.947+0000] {processor.py:175} INFO - Processing /home/airflow/.local/lib/python3.7/site-packages/airflow/example_dags/example_short_circuit_decorator.py took 0.075 seconds
[2024-06-08T23:34:38.570+0000] {processor.py:153} INFO - Started process (PID=351) to work on /home/airflow/.local/lib/python3.7/site-packages/airflow/example_dags/example_short_circuit_decorator.py
[2024-06-08T23:34:38.572+0000] {processor.py:743} INFO - Processing file /home/airflow/.local/lib/python3.7/site-packages/airflow/example_dags/example_short_circuit_decorator.py for tasks to queue
[2024-06-08T23:34:38.573+0000] {logging_mixin.py:137} INFO - [2024-06-08T23:34:38.572+0000] {dagbag.py:538} INFO - Filling up the DagBag from /home/airflow/.local/lib/python3.7/site-packages/airflow/example_dags/example_short_circuit_decorator.py
[2024-06-08T23:34:38.593+0000] {processor.py:753} INFO - DAG(s) dict_keys(['example_short_circuit_decorator']) retrieved from /home/airflow/.local/lib/python3.7/site-packages/airflow/example_dags/example_short_circuit_decorator.py
[2024-06-08T23:34:38.614+0000] {logging_mixin.py:137} INFO - [2024-06-08T23:34:38.614+0000] {dag.py:2690} INFO - Sync 1 DAGs
[2024-06-08T23:34:38.631+0000] {logging_mixin.py:137} INFO - [2024-06-08T23:34:38.631+0000] {dag.py:3441} INFO - Setting next_dagrun for example_short_circuit_decorator to 2024-06-07T23:34:38.630859+00:00, run_after=2024-06-08T23:34:38.630859+00:00
[2024-06-08T23:34:38.644+0000] {processor.py:175} INFO - Processing /home/airflow/.local/lib/python3.7/site-packages/airflow/example_dags/example_short_circuit_decorator.py took 0.077 seconds
[2024-06-08T23:35:09.128+0000] {processor.py:153} INFO - Started process (PID=401) to work on /home/airflow/.local/lib/python3.7/site-packages/airflow/example_dags/example_short_circuit_decorator.py
[2024-06-08T23:35:09.130+0000] {processor.py:743} INFO - Processing file /home/airflow/.local/lib/python3.7/site-packages/airflow/example_dags/example_short_circuit_decorator.py for tasks to queue
[2024-06-08T23:35:09.131+0000] {logging_mixin.py:137} INFO - [2024-06-08T23:35:09.131+0000] {dagbag.py:538} INFO - Filling up the DagBag from /home/airflow/.local/lib/python3.7/site-packages/airflow/example_dags/example_short_circuit_decorator.py
[2024-06-08T23:35:09.149+0000] {processor.py:753} INFO - DAG(s) dict_keys(['example_short_circuit_decorator']) retrieved from /home/airflow/.local/lib/python3.7/site-packages/airflow/example_dags/example_short_circuit_decorator.py
[2024-06-08T23:35:09.170+0000] {logging_mixin.py:137} INFO - [2024-06-08T23:35:09.170+0000] {dag.py:2690} INFO - Sync 1 DAGs
[2024-06-08T23:35:09.187+0000] {logging_mixin.py:137} INFO - [2024-06-08T23:35:09.187+0000] {dag.py:3441} INFO - Setting next_dagrun for example_short_circuit_decorator to 2024-06-07T23:35:09.187109+00:00, run_after=2024-06-08T23:35:09.187109+00:00
[2024-06-08T23:35:09.204+0000] {processor.py:175} INFO - Processing /home/airflow/.local/lib/python3.7/site-packages/airflow/example_dags/example_short_circuit_decorator.py took 0.079 seconds
[2024-06-08T23:35:39.560+0000] {processor.py:153} INFO - Started process (PID=451) to work on /home/airflow/.local/lib/python3.7/site-packages/airflow/example_dags/example_short_circuit_decorator.py
[2024-06-08T23:35:39.561+0000] {processor.py:743} INFO - Processing file /home/airflow/.local/lib/python3.7/site-packages/airflow/example_dags/example_short_circuit_decorator.py for tasks to queue
[2024-06-08T23:35:39.562+0000] {logging_mixin.py:137} INFO - [2024-06-08T23:35:39.562+0000] {dagbag.py:538} INFO - Filling up the DagBag from /home/airflow/.local/lib/python3.7/site-packages/airflow/example_dags/example_short_circuit_decorator.py
[2024-06-08T23:35:39.580+0000] {processor.py:753} INFO - DAG(s) dict_keys(['example_short_circuit_decorator']) retrieved from /home/airflow/.local/lib/python3.7/site-packages/airflow/example_dags/example_short_circuit_decorator.py
[2024-06-08T23:35:39.601+0000] {logging_mixin.py:137} INFO - [2024-06-08T23:35:39.601+0000] {dag.py:2690} INFO - Sync 1 DAGs
[2024-06-08T23:35:39.617+0000] {logging_mixin.py:137} INFO - [2024-06-08T23:35:39.617+0000] {dag.py:3441} INFO - Setting next_dagrun for example_short_circuit_decorator to 2024-06-07T23:35:39.617179+00:00, run_after=2024-06-08T23:35:39.617179+00:00
[2024-06-08T23:35:39.631+0000] {processor.py:175} INFO - Processing /home/airflow/.local/lib/python3.7/site-packages/airflow/example_dags/example_short_circuit_decorator.py took 0.074 seconds
[2024-06-08T23:36:10.164+0000] {processor.py:153} INFO - Started process (PID=501) to work on /home/airflow/.local/lib/python3.7/site-packages/airflow/example_dags/example_short_circuit_decorator.py
[2024-06-08T23:36:10.165+0000] {processor.py:743} INFO - Processing file /home/airflow/.local/lib/python3.7/site-packages/airflow/example_dags/example_short_circuit_decorator.py for tasks to queue
[2024-06-08T23:36:10.166+0000] {logging_mixin.py:137} INFO - [2024-06-08T23:36:10.166+0000] {dagbag.py:538} INFO - Filling up the DagBag from /home/airflow/.local/lib/python3.7/site-packages/airflow/example_dags/example_short_circuit_decorator.py
[2024-06-08T23:36:10.186+0000] {processor.py:753} INFO - DAG(s) dict_keys(['example_short_circuit_decorator']) retrieved from /home/airflow/.local/lib/python3.7/site-packages/airflow/example_dags/example_short_circuit_decorator.py
[2024-06-08T23:36:10.210+0000] {logging_mixin.py:137} INFO - [2024-06-08T23:36:10.210+0000] {dag.py:2690} INFO - Sync 1 DAGs
[2024-06-08T23:36:10.229+0000] {logging_mixin.py:137} INFO - [2024-06-08T23:36:10.229+0000] {dag.py:3441} INFO - Setting next_dagrun for example_short_circuit_decorator to 2024-06-07T23:36:10.229105+00:00, run_after=2024-06-08T23:36:10.229105+00:00
[2024-06-08T23:36:10.243+0000] {processor.py:175} INFO - Processing /home/airflow/.local/lib/python3.7/site-packages/airflow/example_dags/example_short_circuit_decorator.py took 0.082 seconds
[2024-06-08T23:36:41.103+0000] {processor.py:153} INFO - Started process (PID=551) to work on /home/airflow/.local/lib/python3.7/site-packages/airflow/example_dags/example_short_circuit_decorator.py
[2024-06-08T23:36:41.105+0000] {processor.py:743} INFO - Processing file /home/airflow/.local/lib/python3.7/site-packages/airflow/example_dags/example_short_circuit_decorator.py for tasks to queue
[2024-06-08T23:36:41.107+0000] {logging_mixin.py:137} INFO - [2024-06-08T23:36:41.107+0000] {dagbag.py:538} INFO - Filling up the DagBag from /home/airflow/.local/lib/python3.7/site-packages/airflow/example_dags/example_short_circuit_decorator.py
[2024-06-08T23:36:41.125+0000] {processor.py:753} INFO - DAG(s) dict_keys(['example_short_circuit_decorator']) retrieved from /home/airflow/.local/lib/python3.7/site-packages/airflow/example_dags/example_short_circuit_decorator.py
[2024-06-08T23:36:41.149+0000] {logging_mixin.py:137} INFO - [2024-06-08T23:36:41.149+0000] {dag.py:2690} INFO - Sync 1 DAGs
[2024-06-08T23:36:41.168+0000] {logging_mixin.py:137} INFO - [2024-06-08T23:36:41.168+0000] {dag.py:3441} INFO - Setting next_dagrun for example_short_circuit_decorator to 2024-06-07T23:36:41.167858+00:00, run_after=2024-06-08T23:36:41.167858+00:00
[2024-06-08T23:36:41.180+0000] {processor.py:175} INFO - Processing /home/airflow/.local/lib/python3.7/site-packages/airflow/example_dags/example_short_circuit_decorator.py took 0.081 seconds
[2024-06-08T23:37:11.597+0000] {processor.py:153} INFO - Started process (PID=601) to work on /home/airflow/.local/lib/python3.7/site-packages/airflow/example_dags/example_short_circuit_decorator.py
[2024-06-08T23:37:11.599+0000] {processor.py:743} INFO - Processing file /home/airflow/.local/lib/python3.7/site-packages/airflow/example_dags/example_short_circuit_decorator.py for tasks to queue
[2024-06-08T23:37:11.600+0000] {logging_mixin.py:137} INFO - [2024-06-08T23:37:11.600+0000] {dagbag.py:538} INFO - Filling up the DagBag from /home/airflow/.local/lib/python3.7/site-packages/airflow/example_dags/example_short_circuit_decorator.py
[2024-06-08T23:37:11.618+0000] {processor.py:753} INFO - DAG(s) dict_keys(['example_short_circuit_decorator']) retrieved from /home/airflow/.local/lib/python3.7/site-packages/airflow/example_dags/example_short_circuit_decorator.py
[2024-06-08T23:37:11.640+0000] {logging_mixin.py:137} INFO - [2024-06-08T23:37:11.640+0000] {dag.py:2690} INFO - Sync 1 DAGs
[2024-06-08T23:37:11.657+0000] {logging_mixin.py:137} INFO - [2024-06-08T23:37:11.657+0000] {dag.py:3441} INFO - Setting next_dagrun for example_short_circuit_decorator to 2024-06-07T23:37:11.657268+00:00, run_after=2024-06-08T23:37:11.657268+00:00
[2024-06-08T23:37:11.671+0000] {processor.py:175} INFO - Processing /home/airflow/.local/lib/python3.7/site-packages/airflow/example_dags/example_short_circuit_decorator.py took 0.076 seconds
[2024-06-08T23:37:41.978+0000] {processor.py:153} INFO - Started process (PID=651) to work on /home/airflow/.local/lib/python3.7/site-packages/airflow/example_dags/example_short_circuit_decorator.py
[2024-06-08T23:37:41.980+0000] {processor.py:743} INFO - Processing file /home/airflow/.local/lib/python3.7/site-packages/airflow/example_dags/example_short_circuit_decorator.py for tasks to queue
[2024-06-08T23:37:41.980+0000] {logging_mixin.py:137} INFO - [2024-06-08T23:37:41.980+0000] {dagbag.py:538} INFO - Filling up the DagBag from /home/airflow/.local/lib/python3.7/site-packages/airflow/example_dags/example_short_circuit_decorator.py
[2024-06-08T23:37:41.997+0000] {processor.py:753} INFO - DAG(s) dict_keys(['example_short_circuit_decorator']) retrieved from /home/airflow/.local/lib/python3.7/site-packages/airflow/example_dags/example_short_circuit_decorator.py
[2024-06-08T23:37:42.017+0000] {logging_mixin.py:137} INFO - [2024-06-08T23:37:42.017+0000] {dag.py:2690} INFO - Sync 1 DAGs
[2024-06-08T23:37:42.036+0000] {logging_mixin.py:137} INFO - [2024-06-08T23:37:42.036+0000] {dag.py:3441} INFO - Setting next_dagrun for example_short_circuit_decorator to 2024-06-07T23:37:42.035901+00:00, run_after=2024-06-08T23:37:42.035901+00:00
[2024-06-08T23:37:42.049+0000] {processor.py:175} INFO - Processing /home/airflow/.local/lib/python3.7/site-packages/airflow/example_dags/example_short_circuit_decorator.py took 0.074 seconds
[2024-06-08T23:38:12.860+0000] {processor.py:153} INFO - Started process (PID=701) to work on /home/airflow/.local/lib/python3.7/site-packages/airflow/example_dags/example_short_circuit_decorator.py
[2024-06-08T23:38:12.861+0000] {processor.py:743} INFO - Processing file /home/airflow/.local/lib/python3.7/site-packages/airflow/example_dags/example_short_circuit_decorator.py for tasks to queue
[2024-06-08T23:38:12.862+0000] {logging_mixin.py:137} INFO - [2024-06-08T23:38:12.862+0000] {dagbag.py:538} INFO - Filling up the DagBag from /home/airflow/.local/lib/python3.7/site-packages/airflow/example_dags/example_short_circuit_decorator.py
[2024-06-08T23:38:12.884+0000] {processor.py:753} INFO - DAG(s) dict_keys(['example_short_circuit_decorator']) retrieved from /home/airflow/.local/lib/python3.7/site-packages/airflow/example_dags/example_short_circuit_decorator.py
[2024-06-08T23:38:12.909+0000] {logging_mixin.py:137} INFO - [2024-06-08T23:38:12.909+0000] {dag.py:2690} INFO - Sync 1 DAGs
[2024-06-08T23:38:12.932+0000] {logging_mixin.py:137} INFO - [2024-06-08T23:38:12.932+0000] {dag.py:3441} INFO - Setting next_dagrun for example_short_circuit_decorator to 2024-06-07T23:38:12.931992+00:00, run_after=2024-06-08T23:38:12.931992+00:00
[2024-06-08T23:38:12.950+0000] {processor.py:175} INFO - Processing /home/airflow/.local/lib/python3.7/site-packages/airflow/example_dags/example_short_circuit_decorator.py took 0.093 seconds
[2024-06-08T23:38:43.152+0000] {processor.py:153} INFO - Started process (PID=751) to work on /home/airflow/.local/lib/python3.7/site-packages/airflow/example_dags/example_short_circuit_decorator.py
[2024-06-08T23:38:43.153+0000] {processor.py:743} INFO - Processing file /home/airflow/.local/lib/python3.7/site-packages/airflow/example_dags/example_short_circuit_decorator.py for tasks to queue
[2024-06-08T23:38:43.155+0000] {logging_mixin.py:137} INFO - [2024-06-08T23:38:43.155+0000] {dagbag.py:538} INFO - Filling up the DagBag from /home/airflow/.local/lib/python3.7/site-packages/airflow/example_dags/example_short_circuit_decorator.py
[2024-06-08T23:38:43.172+0000] {processor.py:753} INFO - DAG(s) dict_keys(['example_short_circuit_decorator']) retrieved from /home/airflow/.local/lib/python3.7/site-packages/airflow/example_dags/example_short_circuit_decorator.py
[2024-06-08T23:38:43.193+0000] {logging_mixin.py:137} INFO - [2024-06-08T23:38:43.193+0000] {dag.py:2690} INFO - Sync 1 DAGs
[2024-06-08T23:38:43.210+0000] {logging_mixin.py:137} INFO - [2024-06-08T23:38:43.210+0000] {dag.py:3441} INFO - Setting next_dagrun for example_short_circuit_decorator to 2024-06-07T23:38:43.210438+00:00, run_after=2024-06-08T23:38:43.210438+00:00
[2024-06-08T23:38:43.223+0000] {processor.py:175} INFO - Processing /home/airflow/.local/lib/python3.7/site-packages/airflow/example_dags/example_short_circuit_decorator.py took 0.074 seconds
[2024-06-08T23:39:13.554+0000] {processor.py:153} INFO - Started process (PID=801) to work on /home/airflow/.local/lib/python3.7/site-packages/airflow/example_dags/example_short_circuit_decorator.py
[2024-06-08T23:39:13.556+0000] {processor.py:743} INFO - Processing file /home/airflow/.local/lib/python3.7/site-packages/airflow/example_dags/example_short_circuit_decorator.py for tasks to queue
[2024-06-08T23:39:13.557+0000] {logging_mixin.py:137} INFO - [2024-06-08T23:39:13.557+0000] {dagbag.py:538} INFO - Filling up the DagBag from /home/airflow/.local/lib/python3.7/site-packages/airflow/example_dags/example_short_circuit_decorator.py
[2024-06-08T23:39:13.575+0000] {processor.py:753} INFO - DAG(s) dict_keys(['example_short_circuit_decorator']) retrieved from /home/airflow/.local/lib/python3.7/site-packages/airflow/example_dags/example_short_circuit_decorator.py
[2024-06-08T23:39:13.598+0000] {logging_mixin.py:137} INFO - [2024-06-08T23:39:13.597+0000] {dag.py:2690} INFO - Sync 1 DAGs
[2024-06-08T23:39:13.614+0000] {logging_mixin.py:137} INFO - [2024-06-08T23:39:13.614+0000] {dag.py:3441} INFO - Setting next_dagrun for example_short_circuit_decorator to 2024-06-07T23:39:13.614108+00:00, run_after=2024-06-08T23:39:13.614108+00:00
[2024-06-08T23:39:13.627+0000] {processor.py:175} INFO - Processing /home/airflow/.local/lib/python3.7/site-packages/airflow/example_dags/example_short_circuit_decorator.py took 0.076 seconds
[2024-06-08T23:39:44.325+0000] {processor.py:153} INFO - Started process (PID=851) to work on /home/airflow/.local/lib/python3.7/site-packages/airflow/example_dags/example_short_circuit_decorator.py
[2024-06-08T23:39:44.326+0000] {processor.py:743} INFO - Processing file /home/airflow/.local/lib/python3.7/site-packages/airflow/example_dags/example_short_circuit_decorator.py for tasks to queue
[2024-06-08T23:39:44.327+0000] {logging_mixin.py:137} INFO - [2024-06-08T23:39:44.327+0000] {dagbag.py:538} INFO - Filling up the DagBag from /home/airflow/.local/lib/python3.7/site-packages/airflow/example_dags/example_short_circuit_decorator.py
[2024-06-08T23:39:44.345+0000] {processor.py:753} INFO - DAG(s) dict_keys(['example_short_circuit_decorator']) retrieved from /home/airflow/.local/lib/python3.7/site-packages/airflow/example_dags/example_short_circuit_decorator.py
[2024-06-08T23:39:44.366+0000] {logging_mixin.py:137} INFO - [2024-06-08T23:39:44.366+0000] {dag.py:2690} INFO - Sync 1 DAGs
[2024-06-08T23:39:44.381+0000] {logging_mixin.py:137} INFO - [2024-06-08T23:39:44.381+0000] {dag.py:3441} INFO - Setting next_dagrun for example_short_circuit_decorator to 2024-06-07T23:39:44.381459+00:00, run_after=2024-06-08T23:39:44.381459+00:00
[2024-06-08T23:39:44.393+0000] {processor.py:175} INFO - Processing /home/airflow/.local/lib/python3.7/site-packages/airflow/example_dags/example_short_circuit_decorator.py took 0.072 seconds
[2024-06-08T23:40:14.628+0000] {processor.py:153} INFO - Started process (PID=901) to work on /home/airflow/.local/lib/python3.7/site-packages/airflow/example_dags/example_short_circuit_decorator.py
[2024-06-08T23:40:14.630+0000] {processor.py:743} INFO - Processing file /home/airflow/.local/lib/python3.7/site-packages/airflow/example_dags/example_short_circuit_decorator.py for tasks to queue
[2024-06-08T23:40:14.631+0000] {logging_mixin.py:137} INFO - [2024-06-08T23:40:14.631+0000] {dagbag.py:538} INFO - Filling up the DagBag from /home/airflow/.local/lib/python3.7/site-packages/airflow/example_dags/example_short_circuit_decorator.py
[2024-06-08T23:40:14.647+0000] {processor.py:753} INFO - DAG(s) dict_keys(['example_short_circuit_decorator']) retrieved from /home/airflow/.local/lib/python3.7/site-packages/airflow/example_dags/example_short_circuit_decorator.py
[2024-06-08T23:40:14.667+0000] {logging_mixin.py:137} INFO - [2024-06-08T23:40:14.667+0000] {dag.py:2690} INFO - Sync 1 DAGs
[2024-06-08T23:40:14.683+0000] {logging_mixin.py:137} INFO - [2024-06-08T23:40:14.683+0000] {dag.py:3441} INFO - Setting next_dagrun for example_short_circuit_decorator to 2024-06-07T23:40:14.683026+00:00, run_after=2024-06-08T23:40:14.683026+00:00
[2024-06-08T23:40:14.695+0000] {processor.py:175} INFO - Processing /home/airflow/.local/lib/python3.7/site-packages/airflow/example_dags/example_short_circuit_decorator.py took 0.069 seconds
[2024-06-08T23:40:45.129+0000] {processor.py:153} INFO - Started process (PID=951) to work on /home/airflow/.local/lib/python3.7/site-packages/airflow/example_dags/example_short_circuit_decorator.py
[2024-06-08T23:40:45.130+0000] {processor.py:743} INFO - Processing file /home/airflow/.local/lib/python3.7/site-packages/airflow/example_dags/example_short_circuit_decorator.py for tasks to queue
[2024-06-08T23:40:45.131+0000] {logging_mixin.py:137} INFO - [2024-06-08T23:40:45.131+0000] {dagbag.py:538} INFO - Filling up the DagBag from /home/airflow/.local/lib/python3.7/site-packages/airflow/example_dags/example_short_circuit_decorator.py
[2024-06-08T23:40:45.148+0000] {processor.py:753} INFO - DAG(s) dict_keys(['example_short_circuit_decorator']) retrieved from /home/airflow/.local/lib/python3.7/site-packages/airflow/example_dags/example_short_circuit_decorator.py
[2024-06-08T23:40:45.168+0000] {logging_mixin.py:137} INFO - [2024-06-08T23:40:45.168+0000] {dag.py:2690} INFO - Sync 1 DAGs
[2024-06-08T23:40:45.185+0000] {logging_mixin.py:137} INFO - [2024-06-08T23:40:45.185+0000] {dag.py:3441} INFO - Setting next_dagrun for example_short_circuit_decorator to 2024-06-07T23:40:45.185195+00:00, run_after=2024-06-08T23:40:45.185195+00:00
[2024-06-08T23:40:45.196+0000] {processor.py:175} INFO - Processing /home/airflow/.local/lib/python3.7/site-packages/airflow/example_dags/example_short_circuit_decorator.py took 0.071 seconds
[2024-06-08T23:41:15.557+0000] {processor.py:153} INFO - Started process (PID=1001) to work on /home/airflow/.local/lib/python3.7/site-packages/airflow/example_dags/example_short_circuit_decorator.py
[2024-06-08T23:41:15.559+0000] {processor.py:743} INFO - Processing file /home/airflow/.local/lib/python3.7/site-packages/airflow/example_dags/example_short_circuit_decorator.py for tasks to queue
[2024-06-08T23:41:15.560+0000] {logging_mixin.py:137} INFO - [2024-06-08T23:41:15.560+0000] {dagbag.py:538} INFO - Filling up the DagBag from /home/airflow/.local/lib/python3.7/site-packages/airflow/example_dags/example_short_circuit_decorator.py
[2024-06-08T23:41:15.577+0000] {processor.py:753} INFO - DAG(s) dict_keys(['example_short_circuit_decorator']) retrieved from /home/airflow/.local/lib/python3.7/site-packages/airflow/example_dags/example_short_circuit_decorator.py
[2024-06-08T23:41:15.599+0000] {logging_mixin.py:137} INFO - [2024-06-08T23:41:15.599+0000] {dag.py:2690} INFO - Sync 1 DAGs
[2024-06-08T23:41:15.615+0000] {logging_mixin.py:137} INFO - [2024-06-08T23:41:15.615+0000] {dag.py:3441} INFO - Setting next_dagrun for example_short_circuit_decorator to 2024-06-07T23:41:15.615456+00:00, run_after=2024-06-08T23:41:15.615456+00:00
[2024-06-08T23:41:15.628+0000] {processor.py:175} INFO - Processing /home/airflow/.local/lib/python3.7/site-packages/airflow/example_dags/example_short_circuit_decorator.py took 0.074 seconds
[2024-06-08T23:41:46.401+0000] {processor.py:153} INFO - Started process (PID=1051) to work on /home/airflow/.local/lib/python3.7/site-packages/airflow/example_dags/example_short_circuit_decorator.py
[2024-06-08T23:41:46.403+0000] {processor.py:743} INFO - Processing file /home/airflow/.local/lib/python3.7/site-packages/airflow/example_dags/example_short_circuit_decorator.py for tasks to queue
[2024-06-08T23:41:46.404+0000] {logging_mixin.py:137} INFO - [2024-06-08T23:41:46.403+0000] {dagbag.py:538} INFO - Filling up the DagBag from /home/airflow/.local/lib/python3.7/site-packages/airflow/example_dags/example_short_circuit_decorator.py
[2024-06-08T23:41:46.422+0000] {processor.py:753} INFO - DAG(s) dict_keys(['example_short_circuit_decorator']) retrieved from /home/airflow/.local/lib/python3.7/site-packages/airflow/example_dags/example_short_circuit_decorator.py
[2024-06-08T23:41:46.443+0000] {logging_mixin.py:137} INFO - [2024-06-08T23:41:46.443+0000] {dag.py:2690} INFO - Sync 1 DAGs
[2024-06-08T23:41:46.460+0000] {logging_mixin.py:137} INFO - [2024-06-08T23:41:46.460+0000] {dag.py:3441} INFO - Setting next_dagrun for example_short_circuit_decorator to 2024-06-07T23:41:46.460297+00:00, run_after=2024-06-08T23:41:46.460297+00:00
[2024-06-08T23:41:46.474+0000] {processor.py:175} INFO - Processing /home/airflow/.local/lib/python3.7/site-packages/airflow/example_dags/example_short_circuit_decorator.py took 0.077 seconds
[2024-06-08T23:42:16.904+0000] {processor.py:153} INFO - Started process (PID=1101) to work on /home/airflow/.local/lib/python3.7/site-packages/airflow/example_dags/example_short_circuit_decorator.py
[2024-06-08T23:42:16.905+0000] {processor.py:743} INFO - Processing file /home/airflow/.local/lib/python3.7/site-packages/airflow/example_dags/example_short_circuit_decorator.py for tasks to queue
[2024-06-08T23:42:16.906+0000] {logging_mixin.py:137} INFO - [2024-06-08T23:42:16.906+0000] {dagbag.py:538} INFO - Filling up the DagBag from /home/airflow/.local/lib/python3.7/site-packages/airflow/example_dags/example_short_circuit_decorator.py
[2024-06-08T23:42:16.924+0000] {processor.py:753} INFO - DAG(s) dict_keys(['example_short_circuit_decorator']) retrieved from /home/airflow/.local/lib/python3.7/site-packages/airflow/example_dags/example_short_circuit_decorator.py
[2024-06-08T23:42:16.946+0000] {logging_mixin.py:137} INFO - [2024-06-08T23:42:16.946+0000] {dag.py:2690} INFO - Sync 1 DAGs
[2024-06-08T23:42:16.965+0000] {logging_mixin.py:137} INFO - [2024-06-08T23:42:16.965+0000] {dag.py:3441} INFO - Setting next_dagrun for example_short_circuit_decorator to 2024-06-07T23:42:16.965013+00:00, run_after=2024-06-08T23:42:16.965013+00:00
[2024-06-08T23:42:16.980+0000] {processor.py:175} INFO - Processing /home/airflow/.local/lib/python3.7/site-packages/airflow/example_dags/example_short_circuit_decorator.py took 0.080 seconds
[2024-06-08T23:42:47.359+0000] {processor.py:153} INFO - Started process (PID=1151) to work on /home/airflow/.local/lib/python3.7/site-packages/airflow/example_dags/example_short_circuit_decorator.py
[2024-06-08T23:42:47.361+0000] {processor.py:743} INFO - Processing file /home/airflow/.local/lib/python3.7/site-packages/airflow/example_dags/example_short_circuit_decorator.py for tasks to queue
[2024-06-08T23:42:47.361+0000] {logging_mixin.py:137} INFO - [2024-06-08T23:42:47.361+0000] {dagbag.py:538} INFO - Filling up the DagBag from /home/airflow/.local/lib/python3.7/site-packages/airflow/example_dags/example_short_circuit_decorator.py
[2024-06-08T23:42:47.378+0000] {processor.py:753} INFO - DAG(s) dict_keys(['example_short_circuit_decorator']) retrieved from /home/airflow/.local/lib/python3.7/site-packages/airflow/example_dags/example_short_circuit_decorator.py
[2024-06-08T23:42:47.399+0000] {logging_mixin.py:137} INFO - [2024-06-08T23:42:47.399+0000] {dag.py:2690} INFO - Sync 1 DAGs
[2024-06-08T23:42:47.415+0000] {logging_mixin.py:137} INFO - [2024-06-08T23:42:47.415+0000] {dag.py:3441} INFO - Setting next_dagrun for example_short_circuit_decorator to 2024-06-07T23:42:47.415134+00:00, run_after=2024-06-08T23:42:47.415134+00:00
[2024-06-08T23:42:47.427+0000] {processor.py:175} INFO - Processing /home/airflow/.local/lib/python3.7/site-packages/airflow/example_dags/example_short_circuit_decorator.py took 0.071 seconds
[2024-06-08T23:43:17.838+0000] {processor.py:153} INFO - Started process (PID=1201) to work on /home/airflow/.local/lib/python3.7/site-packages/airflow/example_dags/example_short_circuit_decorator.py
[2024-06-08T23:43:17.839+0000] {processor.py:743} INFO - Processing file /home/airflow/.local/lib/python3.7/site-packages/airflow/example_dags/example_short_circuit_decorator.py for tasks to queue
[2024-06-08T23:43:17.840+0000] {logging_mixin.py:137} INFO - [2024-06-08T23:43:17.840+0000] {dagbag.py:538} INFO - Filling up the DagBag from /home/airflow/.local/lib/python3.7/site-packages/airflow/example_dags/example_short_circuit_decorator.py
[2024-06-08T23:43:17.856+0000] {processor.py:753} INFO - DAG(s) dict_keys(['example_short_circuit_decorator']) retrieved from /home/airflow/.local/lib/python3.7/site-packages/airflow/example_dags/example_short_circuit_decorator.py
[2024-06-08T23:43:17.876+0000] {logging_mixin.py:137} INFO - [2024-06-08T23:43:17.876+0000] {dag.py:2690} INFO - Sync 1 DAGs
[2024-06-08T23:43:17.892+0000] {logging_mixin.py:137} INFO - [2024-06-08T23:43:17.891+0000] {dag.py:3441} INFO - Setting next_dagrun for example_short_circuit_decorator to 2024-06-07T23:43:17.891753+00:00, run_after=2024-06-08T23:43:17.891753+00:00
[2024-06-08T23:43:17.903+0000] {processor.py:175} INFO - Processing /home/airflow/.local/lib/python3.7/site-packages/airflow/example_dags/example_short_circuit_decorator.py took 0.068 seconds
[2024-06-08T23:43:48.542+0000] {processor.py:153} INFO - Started process (PID=1251) to work on /home/airflow/.local/lib/python3.7/site-packages/airflow/example_dags/example_short_circuit_decorator.py
[2024-06-08T23:43:48.543+0000] {processor.py:743} INFO - Processing file /home/airflow/.local/lib/python3.7/site-packages/airflow/example_dags/example_short_circuit_decorator.py for tasks to queue
[2024-06-08T23:43:48.544+0000] {logging_mixin.py:137} INFO - [2024-06-08T23:43:48.544+0000] {dagbag.py:538} INFO - Filling up the DagBag from /home/airflow/.local/lib/python3.7/site-packages/airflow/example_dags/example_short_circuit_decorator.py
[2024-06-08T23:43:48.560+0000] {processor.py:753} INFO - DAG(s) dict_keys(['example_short_circuit_decorator']) retrieved from /home/airflow/.local/lib/python3.7/site-packages/airflow/example_dags/example_short_circuit_decorator.py
[2024-06-08T23:43:48.580+0000] {logging_mixin.py:137} INFO - [2024-06-08T23:43:48.580+0000] {dag.py:2690} INFO - Sync 1 DAGs
[2024-06-08T23:43:48.597+0000] {logging_mixin.py:137} INFO - [2024-06-08T23:43:48.597+0000] {dag.py:3441} INFO - Setting next_dagrun for example_short_circuit_decorator to 2024-06-07T23:43:48.597363+00:00, run_after=2024-06-08T23:43:48.597363+00:00
[2024-06-08T23:43:48.610+0000] {processor.py:175} INFO - Processing /home/airflow/.local/lib/python3.7/site-packages/airflow/example_dags/example_short_circuit_decorator.py took 0.071 seconds
[2024-06-08T23:44:18.829+0000] {processor.py:153} INFO - Started process (PID=1301) to work on /home/airflow/.local/lib/python3.7/site-packages/airflow/example_dags/example_short_circuit_decorator.py
[2024-06-08T23:44:18.830+0000] {processor.py:743} INFO - Processing file /home/airflow/.local/lib/python3.7/site-packages/airflow/example_dags/example_short_circuit_decorator.py for tasks to queue
[2024-06-08T23:44:18.831+0000] {logging_mixin.py:137} INFO - [2024-06-08T23:44:18.831+0000] {dagbag.py:538} INFO - Filling up the DagBag from /home/airflow/.local/lib/python3.7/site-packages/airflow/example_dags/example_short_circuit_decorator.py
[2024-06-08T23:44:18.848+0000] {processor.py:753} INFO - DAG(s) dict_keys(['example_short_circuit_decorator']) retrieved from /home/airflow/.local/lib/python3.7/site-packages/airflow/example_dags/example_short_circuit_decorator.py
[2024-06-08T23:44:18.868+0000] {logging_mixin.py:137} INFO - [2024-06-08T23:44:18.868+0000] {dag.py:2690} INFO - Sync 1 DAGs
[2024-06-08T23:44:18.884+0000] {logging_mixin.py:137} INFO - [2024-06-08T23:44:18.884+0000] {dag.py:3441} INFO - Setting next_dagrun for example_short_circuit_decorator to 2024-06-07T23:44:18.884670+00:00, run_after=2024-06-08T23:44:18.884670+00:00
[2024-06-08T23:44:18.896+0000] {processor.py:175} INFO - Processing /home/airflow/.local/lib/python3.7/site-packages/airflow/example_dags/example_short_circuit_decorator.py took 0.070 seconds
[2024-06-08T23:44:49.275+0000] {processor.py:153} INFO - Started process (PID=1352) to work on /home/airflow/.local/lib/python3.7/site-packages/airflow/example_dags/example_short_circuit_decorator.py
[2024-06-08T23:44:49.277+0000] {processor.py:743} INFO - Processing file /home/airflow/.local/lib/python3.7/site-packages/airflow/example_dags/example_short_circuit_decorator.py for tasks to queue
[2024-06-08T23:44:49.277+0000] {logging_mixin.py:137} INFO - [2024-06-08T23:44:49.277+0000] {dagbag.py:538} INFO - Filling up the DagBag from /home/airflow/.local/lib/python3.7/site-packages/airflow/example_dags/example_short_circuit_decorator.py
[2024-06-08T23:44:49.296+0000] {processor.py:753} INFO - DAG(s) dict_keys(['example_short_circuit_decorator']) retrieved from /home/airflow/.local/lib/python3.7/site-packages/airflow/example_dags/example_short_circuit_decorator.py
[2024-06-08T23:44:49.318+0000] {logging_mixin.py:137} INFO - [2024-06-08T23:44:49.318+0000] {dag.py:2690} INFO - Sync 1 DAGs
[2024-06-08T23:44:49.335+0000] {logging_mixin.py:137} INFO - [2024-06-08T23:44:49.335+0000] {dag.py:3441} INFO - Setting next_dagrun for example_short_circuit_decorator to 2024-06-07T23:44:49.335417+00:00, run_after=2024-06-08T23:44:49.335417+00:00
[2024-06-08T23:44:49.349+0000] {processor.py:175} INFO - Processing /home/airflow/.local/lib/python3.7/site-packages/airflow/example_dags/example_short_circuit_decorator.py took 0.077 seconds
[2024-06-08T23:45:19.590+0000] {processor.py:153} INFO - Started process (PID=1403) to work on /home/airflow/.local/lib/python3.7/site-packages/airflow/example_dags/example_short_circuit_decorator.py
[2024-06-08T23:45:19.591+0000] {processor.py:743} INFO - Processing file /home/airflow/.local/lib/python3.7/site-packages/airflow/example_dags/example_short_circuit_decorator.py for tasks to queue
[2024-06-08T23:45:19.592+0000] {logging_mixin.py:137} INFO - [2024-06-08T23:45:19.592+0000] {dagbag.py:538} INFO - Filling up the DagBag from /home/airflow/.local/lib/python3.7/site-packages/airflow/example_dags/example_short_circuit_decorator.py
[2024-06-08T23:45:19.609+0000] {processor.py:753} INFO - DAG(s) dict_keys(['example_short_circuit_decorator']) retrieved from /home/airflow/.local/lib/python3.7/site-packages/airflow/example_dags/example_short_circuit_decorator.py
[2024-06-08T23:45:19.629+0000] {logging_mixin.py:137} INFO - [2024-06-08T23:45:19.629+0000] {dag.py:2690} INFO - Sync 1 DAGs
[2024-06-08T23:45:19.644+0000] {logging_mixin.py:137} INFO - [2024-06-08T23:45:19.644+0000] {dag.py:3441} INFO - Setting next_dagrun for example_short_circuit_decorator to 2024-06-07T23:45:19.644600+00:00, run_after=2024-06-08T23:45:19.644600+00:00
[2024-06-08T23:45:19.657+0000] {processor.py:175} INFO - Processing /home/airflow/.local/lib/python3.7/site-packages/airflow/example_dags/example_short_circuit_decorator.py took 0.070 seconds
[2024-06-08T23:45:49.995+0000] {processor.py:153} INFO - Started process (PID=1453) to work on /home/airflow/.local/lib/python3.7/site-packages/airflow/example_dags/example_short_circuit_decorator.py
[2024-06-08T23:45:49.996+0000] {processor.py:743} INFO - Processing file /home/airflow/.local/lib/python3.7/site-packages/airflow/example_dags/example_short_circuit_decorator.py for tasks to queue
[2024-06-08T23:45:49.997+0000] {logging_mixin.py:137} INFO - [2024-06-08T23:45:49.997+0000] {dagbag.py:538} INFO - Filling up the DagBag from /home/airflow/.local/lib/python3.7/site-packages/airflow/example_dags/example_short_circuit_decorator.py
[2024-06-08T23:45:50.015+0000] {processor.py:753} INFO - DAG(s) dict_keys(['example_short_circuit_decorator']) retrieved from /home/airflow/.local/lib/python3.7/site-packages/airflow/example_dags/example_short_circuit_decorator.py
[2024-06-08T23:45:50.037+0000] {logging_mixin.py:137} INFO - [2024-06-08T23:45:50.037+0000] {dag.py:2690} INFO - Sync 1 DAGs
[2024-06-08T23:45:50.055+0000] {logging_mixin.py:137} INFO - [2024-06-08T23:45:50.055+0000] {dag.py:3441} INFO - Setting next_dagrun for example_short_circuit_decorator to 2024-06-07T23:45:50.054906+00:00, run_after=2024-06-08T23:45:50.054906+00:00
[2024-06-08T23:45:50.068+0000] {processor.py:175} INFO - Processing /home/airflow/.local/lib/python3.7/site-packages/airflow/example_dags/example_short_circuit_decorator.py took 0.076 seconds
[2024-06-08T23:46:20.408+0000] {processor.py:153} INFO - Started process (PID=1504) to work on /home/airflow/.local/lib/python3.7/site-packages/airflow/example_dags/example_short_circuit_decorator.py
[2024-06-08T23:46:20.409+0000] {processor.py:743} INFO - Processing file /home/airflow/.local/lib/python3.7/site-packages/airflow/example_dags/example_short_circuit_decorator.py for tasks to queue
[2024-06-08T23:46:20.410+0000] {logging_mixin.py:137} INFO - [2024-06-08T23:46:20.410+0000] {dagbag.py:538} INFO - Filling up the DagBag from /home/airflow/.local/lib/python3.7/site-packages/airflow/example_dags/example_short_circuit_decorator.py
[2024-06-08T23:46:20.427+0000] {processor.py:753} INFO - DAG(s) dict_keys(['example_short_circuit_decorator']) retrieved from /home/airflow/.local/lib/python3.7/site-packages/airflow/example_dags/example_short_circuit_decorator.py
[2024-06-08T23:46:20.449+0000] {logging_mixin.py:137} INFO - [2024-06-08T23:46:20.449+0000] {dag.py:2690} INFO - Sync 1 DAGs
[2024-06-08T23:46:20.465+0000] {logging_mixin.py:137} INFO - [2024-06-08T23:46:20.465+0000] {dag.py:3441} INFO - Setting next_dagrun for example_short_circuit_decorator to 2024-06-07T23:46:20.465498+00:00, run_after=2024-06-08T23:46:20.465498+00:00
[2024-06-08T23:46:20.477+0000] {processor.py:175} INFO - Processing /home/airflow/.local/lib/python3.7/site-packages/airflow/example_dags/example_short_circuit_decorator.py took 0.073 seconds
[2024-06-08T23:46:50.809+0000] {processor.py:153} INFO - Started process (PID=1554) to work on /home/airflow/.local/lib/python3.7/site-packages/airflow/example_dags/example_short_circuit_decorator.py
[2024-06-08T23:46:50.811+0000] {processor.py:743} INFO - Processing file /home/airflow/.local/lib/python3.7/site-packages/airflow/example_dags/example_short_circuit_decorator.py for tasks to queue
[2024-06-08T23:46:50.813+0000] {logging_mixin.py:137} INFO - [2024-06-08T23:46:50.812+0000] {dagbag.py:538} INFO - Filling up the DagBag from /home/airflow/.local/lib/python3.7/site-packages/airflow/example_dags/example_short_circuit_decorator.py
[2024-06-08T23:46:50.833+0000] {processor.py:753} INFO - DAG(s) dict_keys(['example_short_circuit_decorator']) retrieved from /home/airflow/.local/lib/python3.7/site-packages/airflow/example_dags/example_short_circuit_decorator.py
[2024-06-08T23:46:50.856+0000] {logging_mixin.py:137} INFO - [2024-06-08T23:46:50.855+0000] {dag.py:2690} INFO - Sync 1 DAGs
[2024-06-08T23:46:50.875+0000] {logging_mixin.py:137} INFO - [2024-06-08T23:46:50.875+0000] {dag.py:3441} INFO - Setting next_dagrun for example_short_circuit_decorator to 2024-06-07T23:46:50.875225+00:00, run_after=2024-06-08T23:46:50.875225+00:00
[2024-06-08T23:46:50.890+0000] {processor.py:175} INFO - Processing /home/airflow/.local/lib/python3.7/site-packages/airflow/example_dags/example_short_circuit_decorator.py took 0.085 seconds
[2024-06-08T23:47:21.301+0000] {processor.py:153} INFO - Started process (PID=1604) to work on /home/airflow/.local/lib/python3.7/site-packages/airflow/example_dags/example_short_circuit_decorator.py
[2024-06-08T23:47:21.303+0000] {processor.py:743} INFO - Processing file /home/airflow/.local/lib/python3.7/site-packages/airflow/example_dags/example_short_circuit_decorator.py for tasks to queue
[2024-06-08T23:47:21.303+0000] {logging_mixin.py:137} INFO - [2024-06-08T23:47:21.303+0000] {dagbag.py:538} INFO - Filling up the DagBag from /home/airflow/.local/lib/python3.7/site-packages/airflow/example_dags/example_short_circuit_decorator.py
[2024-06-08T23:47:21.322+0000] {processor.py:753} INFO - DAG(s) dict_keys(['example_short_circuit_decorator']) retrieved from /home/airflow/.local/lib/python3.7/site-packages/airflow/example_dags/example_short_circuit_decorator.py
[2024-06-08T23:47:21.343+0000] {logging_mixin.py:137} INFO - [2024-06-08T23:47:21.342+0000] {dag.py:2690} INFO - Sync 1 DAGs
[2024-06-08T23:47:21.362+0000] {logging_mixin.py:137} INFO - [2024-06-08T23:47:21.361+0000] {dag.py:3441} INFO - Setting next_dagrun for example_short_circuit_decorator to 2024-06-07T23:47:21.361563+00:00, run_after=2024-06-08T23:47:21.361563+00:00
[2024-06-08T23:47:21.374+0000] {processor.py:175} INFO - Processing /home/airflow/.local/lib/python3.7/site-packages/airflow/example_dags/example_short_circuit_decorator.py took 0.076 seconds
[2024-06-08T23:47:51.782+0000] {processor.py:153} INFO - Started process (PID=1654) to work on /home/airflow/.local/lib/python3.7/site-packages/airflow/example_dags/example_short_circuit_decorator.py
[2024-06-08T23:47:51.784+0000] {processor.py:743} INFO - Processing file /home/airflow/.local/lib/python3.7/site-packages/airflow/example_dags/example_short_circuit_decorator.py for tasks to queue
[2024-06-08T23:47:51.785+0000] {logging_mixin.py:137} INFO - [2024-06-08T23:47:51.784+0000] {dagbag.py:538} INFO - Filling up the DagBag from /home/airflow/.local/lib/python3.7/site-packages/airflow/example_dags/example_short_circuit_decorator.py
[2024-06-08T23:47:51.803+0000] {processor.py:753} INFO - DAG(s) dict_keys(['example_short_circuit_decorator']) retrieved from /home/airflow/.local/lib/python3.7/site-packages/airflow/example_dags/example_short_circuit_decorator.py
[2024-06-08T23:47:51.826+0000] {logging_mixin.py:137} INFO - [2024-06-08T23:47:51.826+0000] {dag.py:2690} INFO - Sync 1 DAGs
[2024-06-08T23:47:51.846+0000] {logging_mixin.py:137} INFO - [2024-06-08T23:47:51.845+0000] {dag.py:3441} INFO - Setting next_dagrun for example_short_circuit_decorator to 2024-06-07T23:47:51.845678+00:00, run_after=2024-06-08T23:47:51.845678+00:00
[2024-06-08T23:47:51.861+0000] {processor.py:175} INFO - Processing /home/airflow/.local/lib/python3.7/site-packages/airflow/example_dags/example_short_circuit_decorator.py took 0.082 seconds
[2024-06-08T23:48:22.493+0000] {processor.py:153} INFO - Started process (PID=1704) to work on /home/airflow/.local/lib/python3.7/site-packages/airflow/example_dags/example_short_circuit_decorator.py
[2024-06-08T23:48:22.495+0000] {processor.py:743} INFO - Processing file /home/airflow/.local/lib/python3.7/site-packages/airflow/example_dags/example_short_circuit_decorator.py for tasks to queue
[2024-06-08T23:48:22.496+0000] {logging_mixin.py:137} INFO - [2024-06-08T23:48:22.496+0000] {dagbag.py:538} INFO - Filling up the DagBag from /home/airflow/.local/lib/python3.7/site-packages/airflow/example_dags/example_short_circuit_decorator.py
[2024-06-08T23:48:22.513+0000] {processor.py:753} INFO - DAG(s) dict_keys(['example_short_circuit_decorator']) retrieved from /home/airflow/.local/lib/python3.7/site-packages/airflow/example_dags/example_short_circuit_decorator.py
[2024-06-08T23:48:22.535+0000] {logging_mixin.py:137} INFO - [2024-06-08T23:48:22.535+0000] {dag.py:2690} INFO - Sync 1 DAGs
[2024-06-08T23:48:22.552+0000] {logging_mixin.py:137} INFO - [2024-06-08T23:48:22.552+0000] {dag.py:3441} INFO - Setting next_dagrun for example_short_circuit_decorator to 2024-06-07T23:48:22.552044+00:00, run_after=2024-06-08T23:48:22.552044+00:00
[2024-06-08T23:48:22.564+0000] {processor.py:175} INFO - Processing /home/airflow/.local/lib/python3.7/site-packages/airflow/example_dags/example_short_circuit_decorator.py took 0.074 seconds
[2024-06-08T23:48:53.029+0000] {processor.py:153} INFO - Started process (PID=1754) to work on /home/airflow/.local/lib/python3.7/site-packages/airflow/example_dags/example_short_circuit_decorator.py
[2024-06-08T23:48:53.031+0000] {processor.py:743} INFO - Processing file /home/airflow/.local/lib/python3.7/site-packages/airflow/example_dags/example_short_circuit_decorator.py for tasks to queue
[2024-06-08T23:48:53.032+0000] {logging_mixin.py:137} INFO - [2024-06-08T23:48:53.032+0000] {dagbag.py:538} INFO - Filling up the DagBag from /home/airflow/.local/lib/python3.7/site-packages/airflow/example_dags/example_short_circuit_decorator.py
[2024-06-08T23:48:53.050+0000] {processor.py:753} INFO - DAG(s) dict_keys(['example_short_circuit_decorator']) retrieved from /home/airflow/.local/lib/python3.7/site-packages/airflow/example_dags/example_short_circuit_decorator.py
[2024-06-08T23:48:53.072+0000] {logging_mixin.py:137} INFO - [2024-06-08T23:48:53.071+0000] {dag.py:2690} INFO - Sync 1 DAGs
[2024-06-08T23:48:53.088+0000] {logging_mixin.py:137} INFO - [2024-06-08T23:48:53.088+0000] {dag.py:3441} INFO - Setting next_dagrun for example_short_circuit_decorator to 2024-06-07T23:48:53.088552+00:00, run_after=2024-06-08T23:48:53.088552+00:00
[2024-06-08T23:48:53.102+0000] {processor.py:175} INFO - Processing /home/airflow/.local/lib/python3.7/site-packages/airflow/example_dags/example_short_circuit_decorator.py took 0.077 seconds
[2024-06-08T23:49:23.379+0000] {processor.py:153} INFO - Started process (PID=1804) to work on /home/airflow/.local/lib/python3.7/site-packages/airflow/example_dags/example_short_circuit_decorator.py
[2024-06-08T23:49:23.381+0000] {processor.py:743} INFO - Processing file /home/airflow/.local/lib/python3.7/site-packages/airflow/example_dags/example_short_circuit_decorator.py for tasks to queue
[2024-06-08T23:49:23.382+0000] {logging_mixin.py:137} INFO - [2024-06-08T23:49:23.382+0000] {dagbag.py:538} INFO - Filling up the DagBag from /home/airflow/.local/lib/python3.7/site-packages/airflow/example_dags/example_short_circuit_decorator.py
[2024-06-08T23:49:23.399+0000] {processor.py:753} INFO - DAG(s) dict_keys(['example_short_circuit_decorator']) retrieved from /home/airflow/.local/lib/python3.7/site-packages/airflow/example_dags/example_short_circuit_decorator.py
[2024-06-08T23:49:23.420+0000] {logging_mixin.py:137} INFO - [2024-06-08T23:49:23.420+0000] {dag.py:2690} INFO - Sync 1 DAGs
[2024-06-08T23:49:23.437+0000] {logging_mixin.py:137} INFO - [2024-06-08T23:49:23.437+0000] {dag.py:3441} INFO - Setting next_dagrun for example_short_circuit_decorator to 2024-06-07T23:49:23.437366+00:00, run_after=2024-06-08T23:49:23.437366+00:00
[2024-06-08T23:49:23.450+0000] {processor.py:175} INFO - Processing /home/airflow/.local/lib/python3.7/site-packages/airflow/example_dags/example_short_circuit_decorator.py took 0.073 seconds
[2024-06-08T23:49:53.842+0000] {processor.py:153} INFO - Started process (PID=1854) to work on /home/airflow/.local/lib/python3.7/site-packages/airflow/example_dags/example_short_circuit_decorator.py
[2024-06-08T23:49:53.844+0000] {processor.py:743} INFO - Processing file /home/airflow/.local/lib/python3.7/site-packages/airflow/example_dags/example_short_circuit_decorator.py for tasks to queue
[2024-06-08T23:49:53.845+0000] {logging_mixin.py:137} INFO - [2024-06-08T23:49:53.845+0000] {dagbag.py:538} INFO - Filling up the DagBag from /home/airflow/.local/lib/python3.7/site-packages/airflow/example_dags/example_short_circuit_decorator.py
[2024-06-08T23:49:53.863+0000] {processor.py:753} INFO - DAG(s) dict_keys(['example_short_circuit_decorator']) retrieved from /home/airflow/.local/lib/python3.7/site-packages/airflow/example_dags/example_short_circuit_decorator.py
[2024-06-08T23:49:53.885+0000] {logging_mixin.py:137} INFO - [2024-06-08T23:49:53.885+0000] {dag.py:2690} INFO - Sync 1 DAGs
[2024-06-08T23:49:53.901+0000] {logging_mixin.py:137} INFO - [2024-06-08T23:49:53.901+0000] {dag.py:3441} INFO - Setting next_dagrun for example_short_circuit_decorator to 2024-06-07T23:49:53.901568+00:00, run_after=2024-06-08T23:49:53.901568+00:00
[2024-06-08T23:49:53.914+0000] {processor.py:175} INFO - Processing /home/airflow/.local/lib/python3.7/site-packages/airflow/example_dags/example_short_circuit_decorator.py took 0.076 seconds
[2024-06-08T23:50:24.404+0000] {processor.py:153} INFO - Started process (PID=1904) to work on /home/airflow/.local/lib/python3.7/site-packages/airflow/example_dags/example_short_circuit_decorator.py
[2024-06-08T23:50:24.406+0000] {processor.py:743} INFO - Processing file /home/airflow/.local/lib/python3.7/site-packages/airflow/example_dags/example_short_circuit_decorator.py for tasks to queue
[2024-06-08T23:50:24.407+0000] {logging_mixin.py:137} INFO - [2024-06-08T23:50:24.407+0000] {dagbag.py:538} INFO - Filling up the DagBag from /home/airflow/.local/lib/python3.7/site-packages/airflow/example_dags/example_short_circuit_decorator.py
[2024-06-08T23:50:24.426+0000] {processor.py:753} INFO - DAG(s) dict_keys(['example_short_circuit_decorator']) retrieved from /home/airflow/.local/lib/python3.7/site-packages/airflow/example_dags/example_short_circuit_decorator.py
[2024-06-08T23:50:24.451+0000] {logging_mixin.py:137} INFO - [2024-06-08T23:50:24.451+0000] {dag.py:2690} INFO - Sync 1 DAGs
[2024-06-08T23:50:24.471+0000] {logging_mixin.py:137} INFO - [2024-06-08T23:50:24.471+0000] {dag.py:3441} INFO - Setting next_dagrun for example_short_circuit_decorator to 2024-06-07T23:50:24.470972+00:00, run_after=2024-06-08T23:50:24.470972+00:00
[2024-06-08T23:50:24.487+0000] {processor.py:175} INFO - Processing /home/airflow/.local/lib/python3.7/site-packages/airflow/example_dags/example_short_circuit_decorator.py took 0.086 seconds
[2024-06-08T23:50:55.102+0000] {processor.py:153} INFO - Started process (PID=1954) to work on /home/airflow/.local/lib/python3.7/site-packages/airflow/example_dags/example_short_circuit_decorator.py
[2024-06-08T23:50:55.105+0000] {processor.py:743} INFO - Processing file /home/airflow/.local/lib/python3.7/site-packages/airflow/example_dags/example_short_circuit_decorator.py for tasks to queue
[2024-06-08T23:50:55.106+0000] {logging_mixin.py:137} INFO - [2024-06-08T23:50:55.106+0000] {dagbag.py:538} INFO - Filling up the DagBag from /home/airflow/.local/lib/python3.7/site-packages/airflow/example_dags/example_short_circuit_decorator.py
[2024-06-08T23:50:55.126+0000] {processor.py:753} INFO - DAG(s) dict_keys(['example_short_circuit_decorator']) retrieved from /home/airflow/.local/lib/python3.7/site-packages/airflow/example_dags/example_short_circuit_decorator.py
[2024-06-08T23:50:55.148+0000] {logging_mixin.py:137} INFO - [2024-06-08T23:50:55.147+0000] {dag.py:2690} INFO - Sync 1 DAGs
[2024-06-08T23:50:55.166+0000] {logging_mixin.py:137} INFO - [2024-06-08T23:50:55.166+0000] {dag.py:3441} INFO - Setting next_dagrun for example_short_circuit_decorator to 2024-06-07T23:50:55.166062+00:00, run_after=2024-06-08T23:50:55.166062+00:00
[2024-06-08T23:50:55.179+0000] {processor.py:175} INFO - Processing /home/airflow/.local/lib/python3.7/site-packages/airflow/example_dags/example_short_circuit_decorator.py took 0.080 seconds
[2024-06-08T23:51:25.710+0000] {processor.py:153} INFO - Started process (PID=2004) to work on /home/airflow/.local/lib/python3.7/site-packages/airflow/example_dags/example_short_circuit_decorator.py
[2024-06-08T23:51:25.712+0000] {processor.py:743} INFO - Processing file /home/airflow/.local/lib/python3.7/site-packages/airflow/example_dags/example_short_circuit_decorator.py for tasks to queue
[2024-06-08T23:51:25.713+0000] {logging_mixin.py:137} INFO - [2024-06-08T23:51:25.713+0000] {dagbag.py:538} INFO - Filling up the DagBag from /home/airflow/.local/lib/python3.7/site-packages/airflow/example_dags/example_short_circuit_decorator.py
[2024-06-08T23:51:25.732+0000] {processor.py:753} INFO - DAG(s) dict_keys(['example_short_circuit_decorator']) retrieved from /home/airflow/.local/lib/python3.7/site-packages/airflow/example_dags/example_short_circuit_decorator.py
[2024-06-08T23:51:25.756+0000] {logging_mixin.py:137} INFO - [2024-06-08T23:51:25.756+0000] {dag.py:2690} INFO - Sync 1 DAGs
[2024-06-08T23:51:25.775+0000] {logging_mixin.py:137} INFO - [2024-06-08T23:51:25.775+0000] {dag.py:3441} INFO - Setting next_dagrun for example_short_circuit_decorator to 2024-06-07T23:51:25.775183+00:00, run_after=2024-06-08T23:51:25.775183+00:00
[2024-06-08T23:51:25.798+0000] {processor.py:175} INFO - Processing /home/airflow/.local/lib/python3.7/site-packages/airflow/example_dags/example_short_circuit_decorator.py took 0.091 seconds
[2024-06-08T23:51:56.501+0000] {processor.py:153} INFO - Started process (PID=2054) to work on /home/airflow/.local/lib/python3.7/site-packages/airflow/example_dags/example_short_circuit_decorator.py
[2024-06-08T23:51:56.502+0000] {processor.py:743} INFO - Processing file /home/airflow/.local/lib/python3.7/site-packages/airflow/example_dags/example_short_circuit_decorator.py for tasks to queue
[2024-06-08T23:51:56.503+0000] {logging_mixin.py:137} INFO - [2024-06-08T23:51:56.503+0000] {dagbag.py:538} INFO - Filling up the DagBag from /home/airflow/.local/lib/python3.7/site-packages/airflow/example_dags/example_short_circuit_decorator.py
[2024-06-08T23:51:56.524+0000] {processor.py:753} INFO - DAG(s) dict_keys(['example_short_circuit_decorator']) retrieved from /home/airflow/.local/lib/python3.7/site-packages/airflow/example_dags/example_short_circuit_decorator.py
[2024-06-08T23:51:56.546+0000] {logging_mixin.py:137} INFO - [2024-06-08T23:51:56.546+0000] {dag.py:2690} INFO - Sync 1 DAGs
[2024-06-08T23:51:56.563+0000] {logging_mixin.py:137} INFO - [2024-06-08T23:51:56.563+0000] {dag.py:3441} INFO - Setting next_dagrun for example_short_circuit_decorator to 2024-06-07T23:51:56.563315+00:00, run_after=2024-06-08T23:51:56.563315+00:00
[2024-06-08T23:51:56.578+0000] {processor.py:175} INFO - Processing /home/airflow/.local/lib/python3.7/site-packages/airflow/example_dags/example_short_circuit_decorator.py took 0.081 seconds
[2024-06-08T23:52:27.385+0000] {processor.py:153} INFO - Started process (PID=2104) to work on /home/airflow/.local/lib/python3.7/site-packages/airflow/example_dags/example_short_circuit_decorator.py
[2024-06-08T23:52:27.386+0000] {processor.py:743} INFO - Processing file /home/airflow/.local/lib/python3.7/site-packages/airflow/example_dags/example_short_circuit_decorator.py for tasks to queue
[2024-06-08T23:52:27.387+0000] {logging_mixin.py:137} INFO - [2024-06-08T23:52:27.387+0000] {dagbag.py:538} INFO - Filling up the DagBag from /home/airflow/.local/lib/python3.7/site-packages/airflow/example_dags/example_short_circuit_decorator.py
[2024-06-08T23:52:27.405+0000] {processor.py:753} INFO - DAG(s) dict_keys(['example_short_circuit_decorator']) retrieved from /home/airflow/.local/lib/python3.7/site-packages/airflow/example_dags/example_short_circuit_decorator.py
[2024-06-08T23:52:27.428+0000] {logging_mixin.py:137} INFO - [2024-06-08T23:52:27.428+0000] {dag.py:2690} INFO - Sync 1 DAGs
[2024-06-08T23:52:27.448+0000] {logging_mixin.py:137} INFO - [2024-06-08T23:52:27.448+0000] {dag.py:3441} INFO - Setting next_dagrun for example_short_circuit_decorator to 2024-06-07T23:52:27.447977+00:00, run_after=2024-06-08T23:52:27.447977+00:00
[2024-06-08T23:52:27.466+0000] {processor.py:175} INFO - Processing /home/airflow/.local/lib/python3.7/site-packages/airflow/example_dags/example_short_circuit_decorator.py took 0.084 seconds
[2024-06-08T23:52:58.209+0000] {processor.py:153} INFO - Started process (PID=2154) to work on /home/airflow/.local/lib/python3.7/site-packages/airflow/example_dags/example_short_circuit_decorator.py
[2024-06-08T23:52:58.211+0000] {processor.py:743} INFO - Processing file /home/airflow/.local/lib/python3.7/site-packages/airflow/example_dags/example_short_circuit_decorator.py for tasks to queue
[2024-06-08T23:52:58.212+0000] {logging_mixin.py:137} INFO - [2024-06-08T23:52:58.212+0000] {dagbag.py:538} INFO - Filling up the DagBag from /home/airflow/.local/lib/python3.7/site-packages/airflow/example_dags/example_short_circuit_decorator.py
[2024-06-08T23:52:58.231+0000] {processor.py:753} INFO - DAG(s) dict_keys(['example_short_circuit_decorator']) retrieved from /home/airflow/.local/lib/python3.7/site-packages/airflow/example_dags/example_short_circuit_decorator.py
[2024-06-08T23:52:58.261+0000] {logging_mixin.py:137} INFO - [2024-06-08T23:52:58.261+0000] {dag.py:2690} INFO - Sync 1 DAGs
[2024-06-08T23:52:58.285+0000] {logging_mixin.py:137} INFO - [2024-06-08T23:52:58.285+0000] {dag.py:3441} INFO - Setting next_dagrun for example_short_circuit_decorator to 2024-06-07T23:52:58.285045+00:00, run_after=2024-06-08T23:52:58.285045+00:00
[2024-06-08T23:52:58.301+0000] {processor.py:175} INFO - Processing /home/airflow/.local/lib/python3.7/site-packages/airflow/example_dags/example_short_circuit_decorator.py took 0.096 seconds
[2024-06-08T23:53:29.118+0000] {processor.py:153} INFO - Started process (PID=2203) to work on /home/airflow/.local/lib/python3.7/site-packages/airflow/example_dags/example_short_circuit_decorator.py
[2024-06-08T23:53:29.120+0000] {processor.py:743} INFO - Processing file /home/airflow/.local/lib/python3.7/site-packages/airflow/example_dags/example_short_circuit_decorator.py for tasks to queue
[2024-06-08T23:53:29.120+0000] {logging_mixin.py:137} INFO - [2024-06-08T23:53:29.120+0000] {dagbag.py:538} INFO - Filling up the DagBag from /home/airflow/.local/lib/python3.7/site-packages/airflow/example_dags/example_short_circuit_decorator.py
[2024-06-08T23:53:29.138+0000] {processor.py:753} INFO - DAG(s) dict_keys(['example_short_circuit_decorator']) retrieved from /home/airflow/.local/lib/python3.7/site-packages/airflow/example_dags/example_short_circuit_decorator.py
[2024-06-08T23:53:29.159+0000] {logging_mixin.py:137} INFO - [2024-06-08T23:53:29.159+0000] {dag.py:2690} INFO - Sync 1 DAGs
[2024-06-08T23:53:29.178+0000] {logging_mixin.py:137} INFO - [2024-06-08T23:53:29.177+0000] {dag.py:3441} INFO - Setting next_dagrun for example_short_circuit_decorator to 2024-06-07T23:53:29.177709+00:00, run_after=2024-06-08T23:53:29.177709+00:00
[2024-06-08T23:53:29.192+0000] {processor.py:175} INFO - Processing /home/airflow/.local/lib/python3.7/site-packages/airflow/example_dags/example_short_circuit_decorator.py took 0.076 seconds
[2024-06-08T23:53:59.597+0000] {processor.py:153} INFO - Started process (PID=2253) to work on /home/airflow/.local/lib/python3.7/site-packages/airflow/example_dags/example_short_circuit_decorator.py
[2024-06-08T23:53:59.599+0000] {processor.py:743} INFO - Processing file /home/airflow/.local/lib/python3.7/site-packages/airflow/example_dags/example_short_circuit_decorator.py for tasks to queue
[2024-06-08T23:53:59.600+0000] {logging_mixin.py:137} INFO - [2024-06-08T23:53:59.600+0000] {dagbag.py:538} INFO - Filling up the DagBag from /home/airflow/.local/lib/python3.7/site-packages/airflow/example_dags/example_short_circuit_decorator.py
[2024-06-08T23:53:59.618+0000] {processor.py:753} INFO - DAG(s) dict_keys(['example_short_circuit_decorator']) retrieved from /home/airflow/.local/lib/python3.7/site-packages/airflow/example_dags/example_short_circuit_decorator.py
[2024-06-08T23:53:59.640+0000] {logging_mixin.py:137} INFO - [2024-06-08T23:53:59.640+0000] {dag.py:2690} INFO - Sync 1 DAGs
[2024-06-08T23:53:59.657+0000] {logging_mixin.py:137} INFO - [2024-06-08T23:53:59.657+0000] {dag.py:3441} INFO - Setting next_dagrun for example_short_circuit_decorator to 2024-06-07T23:53:59.657108+00:00, run_after=2024-06-08T23:53:59.657108+00:00
[2024-06-08T23:53:59.670+0000] {processor.py:175} INFO - Processing /home/airflow/.local/lib/python3.7/site-packages/airflow/example_dags/example_short_circuit_decorator.py took 0.075 seconds
[2024-06-08T23:54:30.180+0000] {processor.py:153} INFO - Started process (PID=2303) to work on /home/airflow/.local/lib/python3.7/site-packages/airflow/example_dags/example_short_circuit_decorator.py
[2024-06-08T23:54:30.182+0000] {processor.py:743} INFO - Processing file /home/airflow/.local/lib/python3.7/site-packages/airflow/example_dags/example_short_circuit_decorator.py for tasks to queue
[2024-06-08T23:54:30.183+0000] {logging_mixin.py:137} INFO - [2024-06-08T23:54:30.183+0000] {dagbag.py:538} INFO - Filling up the DagBag from /home/airflow/.local/lib/python3.7/site-packages/airflow/example_dags/example_short_circuit_decorator.py
[2024-06-08T23:54:30.201+0000] {processor.py:753} INFO - DAG(s) dict_keys(['example_short_circuit_decorator']) retrieved from /home/airflow/.local/lib/python3.7/site-packages/airflow/example_dags/example_short_circuit_decorator.py
[2024-06-08T23:54:30.223+0000] {logging_mixin.py:137} INFO - [2024-06-08T23:54:30.223+0000] {dag.py:2690} INFO - Sync 1 DAGs
[2024-06-08T23:54:30.240+0000] {logging_mixin.py:137} INFO - [2024-06-08T23:54:30.240+0000] {dag.py:3441} INFO - Setting next_dagrun for example_short_circuit_decorator to 2024-06-07T23:54:30.240658+00:00, run_after=2024-06-08T23:54:30.240658+00:00
[2024-06-08T23:54:30.256+0000] {processor.py:175} INFO - Processing /home/airflow/.local/lib/python3.7/site-packages/airflow/example_dags/example_short_circuit_decorator.py took 0.078 seconds
[2024-06-08T23:55:00.658+0000] {processor.py:153} INFO - Started process (PID=2353) to work on /home/airflow/.local/lib/python3.7/site-packages/airflow/example_dags/example_short_circuit_decorator.py
[2024-06-08T23:55:00.659+0000] {processor.py:743} INFO - Processing file /home/airflow/.local/lib/python3.7/site-packages/airflow/example_dags/example_short_circuit_decorator.py for tasks to queue
[2024-06-08T23:55:00.660+0000] {logging_mixin.py:137} INFO - [2024-06-08T23:55:00.660+0000] {dagbag.py:538} INFO - Filling up the DagBag from /home/airflow/.local/lib/python3.7/site-packages/airflow/example_dags/example_short_circuit_decorator.py
[2024-06-08T23:55:00.677+0000] {processor.py:753} INFO - DAG(s) dict_keys(['example_short_circuit_decorator']) retrieved from /home/airflow/.local/lib/python3.7/site-packages/airflow/example_dags/example_short_circuit_decorator.py
[2024-06-08T23:55:00.698+0000] {logging_mixin.py:137} INFO - [2024-06-08T23:55:00.698+0000] {dag.py:2690} INFO - Sync 1 DAGs
[2024-06-08T23:55:00.715+0000] {logging_mixin.py:137} INFO - [2024-06-08T23:55:00.715+0000] {dag.py:3441} INFO - Setting next_dagrun for example_short_circuit_decorator to 2024-06-07T23:55:00.714897+00:00, run_after=2024-06-08T23:55:00.714897+00:00
[2024-06-08T23:55:00.727+0000] {processor.py:175} INFO - Processing /home/airflow/.local/lib/python3.7/site-packages/airflow/example_dags/example_short_circuit_decorator.py took 0.073 seconds
[2024-06-08T23:55:31.004+0000] {processor.py:153} INFO - Started process (PID=2402) to work on /home/airflow/.local/lib/python3.7/site-packages/airflow/example_dags/example_short_circuit_decorator.py
[2024-06-08T23:55:31.006+0000] {processor.py:743} INFO - Processing file /home/airflow/.local/lib/python3.7/site-packages/airflow/example_dags/example_short_circuit_decorator.py for tasks to queue
[2024-06-08T23:55:31.007+0000] {logging_mixin.py:137} INFO - [2024-06-08T23:55:31.007+0000] {dagbag.py:538} INFO - Filling up the DagBag from /home/airflow/.local/lib/python3.7/site-packages/airflow/example_dags/example_short_circuit_decorator.py
[2024-06-08T23:55:31.026+0000] {processor.py:753} INFO - DAG(s) dict_keys(['example_short_circuit_decorator']) retrieved from /home/airflow/.local/lib/python3.7/site-packages/airflow/example_dags/example_short_circuit_decorator.py
[2024-06-08T23:55:31.047+0000] {logging_mixin.py:137} INFO - [2024-06-08T23:55:31.047+0000] {dag.py:2690} INFO - Sync 1 DAGs
[2024-06-08T23:55:31.063+0000] {logging_mixin.py:137} INFO - [2024-06-08T23:55:31.063+0000] {dag.py:3441} INFO - Setting next_dagrun for example_short_circuit_decorator to 2024-06-07T23:55:31.063040+00:00, run_after=2024-06-08T23:55:31.063040+00:00
[2024-06-08T23:55:31.075+0000] {processor.py:175} INFO - Processing /home/airflow/.local/lib/python3.7/site-packages/airflow/example_dags/example_short_circuit_decorator.py took 0.074 seconds
[2024-06-08T23:56:01.408+0000] {processor.py:153} INFO - Started process (PID=2452) to work on /home/airflow/.local/lib/python3.7/site-packages/airflow/example_dags/example_short_circuit_decorator.py
[2024-06-08T23:56:01.409+0000] {processor.py:743} INFO - Processing file /home/airflow/.local/lib/python3.7/site-packages/airflow/example_dags/example_short_circuit_decorator.py for tasks to queue
[2024-06-08T23:56:01.410+0000] {logging_mixin.py:137} INFO - [2024-06-08T23:56:01.410+0000] {dagbag.py:538} INFO - Filling up the DagBag from /home/airflow/.local/lib/python3.7/site-packages/airflow/example_dags/example_short_circuit_decorator.py
[2024-06-08T23:56:01.429+0000] {processor.py:753} INFO - DAG(s) dict_keys(['example_short_circuit_decorator']) retrieved from /home/airflow/.local/lib/python3.7/site-packages/airflow/example_dags/example_short_circuit_decorator.py
[2024-06-08T23:56:01.450+0000] {logging_mixin.py:137} INFO - [2024-06-08T23:56:01.450+0000] {dag.py:2690} INFO - Sync 1 DAGs
[2024-06-08T23:56:01.466+0000] {logging_mixin.py:137} INFO - [2024-06-08T23:56:01.466+0000] {dag.py:3441} INFO - Setting next_dagrun for example_short_circuit_decorator to 2024-06-07T23:56:01.466453+00:00, run_after=2024-06-08T23:56:01.466453+00:00
[2024-06-08T23:56:01.479+0000] {processor.py:175} INFO - Processing /home/airflow/.local/lib/python3.7/site-packages/airflow/example_dags/example_short_circuit_decorator.py took 0.074 seconds
[2024-06-08T23:56:31.824+0000] {processor.py:153} INFO - Started process (PID=2502) to work on /home/airflow/.local/lib/python3.7/site-packages/airflow/example_dags/example_short_circuit_decorator.py
[2024-06-08T23:56:31.825+0000] {processor.py:743} INFO - Processing file /home/airflow/.local/lib/python3.7/site-packages/airflow/example_dags/example_short_circuit_decorator.py for tasks to queue
[2024-06-08T23:56:31.826+0000] {logging_mixin.py:137} INFO - [2024-06-08T23:56:31.826+0000] {dagbag.py:538} INFO - Filling up the DagBag from /home/airflow/.local/lib/python3.7/site-packages/airflow/example_dags/example_short_circuit_decorator.py
[2024-06-08T23:56:31.844+0000] {processor.py:753} INFO - DAG(s) dict_keys(['example_short_circuit_decorator']) retrieved from /home/airflow/.local/lib/python3.7/site-packages/airflow/example_dags/example_short_circuit_decorator.py
[2024-06-08T23:56:31.866+0000] {logging_mixin.py:137} INFO - [2024-06-08T23:56:31.865+0000] {dag.py:2690} INFO - Sync 1 DAGs
[2024-06-08T23:56:31.883+0000] {logging_mixin.py:137} INFO - [2024-06-08T23:56:31.883+0000] {dag.py:3441} INFO - Setting next_dagrun for example_short_circuit_decorator to 2024-06-07T23:56:31.883185+00:00, run_after=2024-06-08T23:56:31.883185+00:00
[2024-06-08T23:56:31.897+0000] {processor.py:175} INFO - Processing /home/airflow/.local/lib/python3.7/site-packages/airflow/example_dags/example_short_circuit_decorator.py took 0.076 seconds
[2024-06-08T23:57:02.278+0000] {processor.py:153} INFO - Started process (PID=2552) to work on /home/airflow/.local/lib/python3.7/site-packages/airflow/example_dags/example_short_circuit_decorator.py
[2024-06-08T23:57:02.279+0000] {processor.py:743} INFO - Processing file /home/airflow/.local/lib/python3.7/site-packages/airflow/example_dags/example_short_circuit_decorator.py for tasks to queue
[2024-06-08T23:57:02.280+0000] {logging_mixin.py:137} INFO - [2024-06-08T23:57:02.280+0000] {dagbag.py:538} INFO - Filling up the DagBag from /home/airflow/.local/lib/python3.7/site-packages/airflow/example_dags/example_short_circuit_decorator.py
[2024-06-08T23:57:02.299+0000] {processor.py:753} INFO - DAG(s) dict_keys(['example_short_circuit_decorator']) retrieved from /home/airflow/.local/lib/python3.7/site-packages/airflow/example_dags/example_short_circuit_decorator.py
[2024-06-08T23:57:02.320+0000] {logging_mixin.py:137} INFO - [2024-06-08T23:57:02.320+0000] {dag.py:2690} INFO - Sync 1 DAGs
[2024-06-08T23:57:02.336+0000] {logging_mixin.py:137} INFO - [2024-06-08T23:57:02.336+0000] {dag.py:3441} INFO - Setting next_dagrun for example_short_circuit_decorator to 2024-06-07T23:57:02.336422+00:00, run_after=2024-06-08T23:57:02.336422+00:00
[2024-06-08T23:57:02.349+0000] {processor.py:175} INFO - Processing /home/airflow/.local/lib/python3.7/site-packages/airflow/example_dags/example_short_circuit_decorator.py took 0.074 seconds
[2024-06-08T23:57:32.742+0000] {processor.py:153} INFO - Started process (PID=2609) to work on /home/airflow/.local/lib/python3.7/site-packages/airflow/example_dags/example_short_circuit_decorator.py
[2024-06-08T23:57:32.743+0000] {processor.py:743} INFO - Processing file /home/airflow/.local/lib/python3.7/site-packages/airflow/example_dags/example_short_circuit_decorator.py for tasks to queue
[2024-06-08T23:57:32.745+0000] {logging_mixin.py:137} INFO - [2024-06-08T23:57:32.745+0000] {dagbag.py:538} INFO - Filling up the DagBag from /home/airflow/.local/lib/python3.7/site-packages/airflow/example_dags/example_short_circuit_decorator.py
[2024-06-08T23:57:32.764+0000] {processor.py:753} INFO - DAG(s) dict_keys(['example_short_circuit_decorator']) retrieved from /home/airflow/.local/lib/python3.7/site-packages/airflow/example_dags/example_short_circuit_decorator.py
[2024-06-08T23:57:32.787+0000] {logging_mixin.py:137} INFO - [2024-06-08T23:57:32.787+0000] {dag.py:2690} INFO - Sync 1 DAGs
[2024-06-08T23:57:32.805+0000] {logging_mixin.py:137} INFO - [2024-06-08T23:57:32.804+0000] {dag.py:3441} INFO - Setting next_dagrun for example_short_circuit_decorator to 2024-06-07T23:57:32.804715+00:00, run_after=2024-06-08T23:57:32.804715+00:00
[2024-06-08T23:57:32.818+0000] {processor.py:175} INFO - Processing /home/airflow/.local/lib/python3.7/site-packages/airflow/example_dags/example_short_circuit_decorator.py took 0.079 seconds
[2024-06-08T23:58:03.287+0000] {processor.py:153} INFO - Started process (PID=2659) to work on /home/airflow/.local/lib/python3.7/site-packages/airflow/example_dags/example_short_circuit_decorator.py
[2024-06-08T23:58:03.289+0000] {processor.py:743} INFO - Processing file /home/airflow/.local/lib/python3.7/site-packages/airflow/example_dags/example_short_circuit_decorator.py for tasks to queue
[2024-06-08T23:58:03.290+0000] {logging_mixin.py:137} INFO - [2024-06-08T23:58:03.290+0000] {dagbag.py:538} INFO - Filling up the DagBag from /home/airflow/.local/lib/python3.7/site-packages/airflow/example_dags/example_short_circuit_decorator.py
[2024-06-08T23:58:03.310+0000] {processor.py:753} INFO - DAG(s) dict_keys(['example_short_circuit_decorator']) retrieved from /home/airflow/.local/lib/python3.7/site-packages/airflow/example_dags/example_short_circuit_decorator.py
[2024-06-08T23:58:03.331+0000] {logging_mixin.py:137} INFO - [2024-06-08T23:58:03.331+0000] {dag.py:2690} INFO - Sync 1 DAGs
[2024-06-08T23:58:03.349+0000] {logging_mixin.py:137} INFO - [2024-06-08T23:58:03.348+0000] {dag.py:3441} INFO - Setting next_dagrun for example_short_circuit_decorator to 2024-06-07T23:58:03.348710+00:00, run_after=2024-06-08T23:58:03.348710+00:00
[2024-06-08T23:58:03.364+0000] {processor.py:175} INFO - Processing /home/airflow/.local/lib/python3.7/site-packages/airflow/example_dags/example_short_circuit_decorator.py took 0.080 seconds
[2024-06-08T23:58:34.073+0000] {processor.py:153} INFO - Started process (PID=2709) to work on /home/airflow/.local/lib/python3.7/site-packages/airflow/example_dags/example_short_circuit_decorator.py
[2024-06-08T23:58:34.074+0000] {processor.py:743} INFO - Processing file /home/airflow/.local/lib/python3.7/site-packages/airflow/example_dags/example_short_circuit_decorator.py for tasks to queue
[2024-06-08T23:58:34.075+0000] {logging_mixin.py:137} INFO - [2024-06-08T23:58:34.075+0000] {dagbag.py:538} INFO - Filling up the DagBag from /home/airflow/.local/lib/python3.7/site-packages/airflow/example_dags/example_short_circuit_decorator.py
[2024-06-08T23:58:34.096+0000] {processor.py:753} INFO - DAG(s) dict_keys(['example_short_circuit_decorator']) retrieved from /home/airflow/.local/lib/python3.7/site-packages/airflow/example_dags/example_short_circuit_decorator.py
[2024-06-08T23:58:34.119+0000] {logging_mixin.py:137} INFO - [2024-06-08T23:58:34.119+0000] {dag.py:2690} INFO - Sync 1 DAGs
[2024-06-08T23:58:34.138+0000] {logging_mixin.py:137} INFO - [2024-06-08T23:58:34.138+0000] {dag.py:3441} INFO - Setting next_dagrun for example_short_circuit_decorator to 2024-06-07T23:58:34.137805+00:00, run_after=2024-06-08T23:58:34.137805+00:00
[2024-06-08T23:58:34.153+0000] {processor.py:175} INFO - Processing /home/airflow/.local/lib/python3.7/site-packages/airflow/example_dags/example_short_circuit_decorator.py took 0.083 seconds
[2024-06-08T23:59:04.890+0000] {processor.py:153} INFO - Started process (PID=2759) to work on /home/airflow/.local/lib/python3.7/site-packages/airflow/example_dags/example_short_circuit_decorator.py
[2024-06-08T23:59:04.892+0000] {processor.py:743} INFO - Processing file /home/airflow/.local/lib/python3.7/site-packages/airflow/example_dags/example_short_circuit_decorator.py for tasks to queue
[2024-06-08T23:59:04.893+0000] {logging_mixin.py:137} INFO - [2024-06-08T23:59:04.893+0000] {dagbag.py:538} INFO - Filling up the DagBag from /home/airflow/.local/lib/python3.7/site-packages/airflow/example_dags/example_short_circuit_decorator.py
[2024-06-08T23:59:04.911+0000] {processor.py:753} INFO - DAG(s) dict_keys(['example_short_circuit_decorator']) retrieved from /home/airflow/.local/lib/python3.7/site-packages/airflow/example_dags/example_short_circuit_decorator.py
[2024-06-08T23:59:04.932+0000] {logging_mixin.py:137} INFO - [2024-06-08T23:59:04.931+0000] {dag.py:2690} INFO - Sync 1 DAGs
[2024-06-08T23:59:04.949+0000] {logging_mixin.py:137} INFO - [2024-06-08T23:59:04.949+0000] {dag.py:3441} INFO - Setting next_dagrun for example_short_circuit_decorator to 2024-06-07T23:59:04.948896+00:00, run_after=2024-06-08T23:59:04.948896+00:00
[2024-06-08T23:59:04.962+0000] {processor.py:175} INFO - Processing /home/airflow/.local/lib/python3.7/site-packages/airflow/example_dags/example_short_circuit_decorator.py took 0.076 seconds
[2024-06-08T23:59:35.330+0000] {processor.py:153} INFO - Started process (PID=2809) to work on /home/airflow/.local/lib/python3.7/site-packages/airflow/example_dags/example_short_circuit_decorator.py
[2024-06-08T23:59:35.331+0000] {processor.py:743} INFO - Processing file /home/airflow/.local/lib/python3.7/site-packages/airflow/example_dags/example_short_circuit_decorator.py for tasks to queue
[2024-06-08T23:59:35.332+0000] {logging_mixin.py:137} INFO - [2024-06-08T23:59:35.332+0000] {dagbag.py:538} INFO - Filling up the DagBag from /home/airflow/.local/lib/python3.7/site-packages/airflow/example_dags/example_short_circuit_decorator.py
[2024-06-08T23:59:35.349+0000] {processor.py:753} INFO - DAG(s) dict_keys(['example_short_circuit_decorator']) retrieved from /home/airflow/.local/lib/python3.7/site-packages/airflow/example_dags/example_short_circuit_decorator.py
[2024-06-08T23:59:35.370+0000] {logging_mixin.py:137} INFO - [2024-06-08T23:59:35.369+0000] {dag.py:2690} INFO - Sync 1 DAGs
[2024-06-08T23:59:35.385+0000] {logging_mixin.py:137} INFO - [2024-06-08T23:59:35.385+0000] {dag.py:3441} INFO - Setting next_dagrun for example_short_circuit_decorator to 2024-06-07T23:59:35.385258+00:00, run_after=2024-06-08T23:59:35.385258+00:00
[2024-06-08T23:59:35.398+0000] {processor.py:175} INFO - Processing /home/airflow/.local/lib/python3.7/site-packages/airflow/example_dags/example_short_circuit_decorator.py took 0.070 seconds
