[2024-06-14T21:50:29.400+0000] {taskinstance.py:1083} INFO - Dependencies all met for <TaskInstance: fitbit_data_pull.get_heart_rate scheduled__2024-06-10T18:00:00+00:00 [queued]>
[2024-06-14T21:50:29.408+0000] {taskinstance.py:1083} INFO - Dependencies all met for <TaskInstance: fitbit_data_pull.get_heart_rate scheduled__2024-06-10T18:00:00+00:00 [queued]>
[2024-06-14T21:50:29.409+0000] {taskinstance.py:1279} INFO - 
--------------------------------------------------------------------------------
[2024-06-14T21:50:29.409+0000] {taskinstance.py:1280} INFO - Starting attempt 1 of 2
[2024-06-14T21:50:29.410+0000] {taskinstance.py:1281} INFO - 
--------------------------------------------------------------------------------
[2024-06-14T21:50:29.420+0000] {taskinstance.py:1300} INFO - Executing <Task(PythonOperator): get_heart_rate> on 2024-06-10 18:00:00+00:00
[2024-06-14T21:50:29.425+0000] {standard_task_runner.py:55} INFO - Started process 56 to run task
[2024-06-14T21:50:29.429+0000] {standard_task_runner.py:82} INFO - Running: ['***', 'tasks', 'run', 'fitbit_data_pull', 'get_heart_rate', 'scheduled__2024-06-10T18:00:00+00:00', '--job-id', '85', '--raw', '--subdir', 'DAGS_FOLDER/fitbit_pull_dag.py', '--cfg-path', '/tmp/tmpgh5dtqaj']
[2024-06-14T21:50:29.430+0000] {standard_task_runner.py:83} INFO - Job 85: Subtask get_heart_rate
[2024-06-14T21:50:29.536+0000] {task_command.py:388} INFO - Running <TaskInstance: fitbit_data_pull.get_heart_rate scheduled__2024-06-10T18:00:00+00:00 [running]> on host eb426318bb2e
[2024-06-14T21:50:29.608+0000] {taskinstance.py:1509} INFO - Exporting the following env vars:
AIRFLOW_CTX_DAG_OWNER=***
AIRFLOW_CTX_DAG_ID=fitbit_data_pull
AIRFLOW_CTX_TASK_ID=get_heart_rate
AIRFLOW_CTX_EXECUTION_DATE=2024-06-10T18:00:00+00:00
AIRFLOW_CTX_TRY_NUMBER=1
AIRFLOW_CTX_DAG_RUN_ID=scheduled__2024-06-10T18:00:00+00:00
[2024-06-14T21:50:30.191+0000] {fitbit_pull_dag.py:60} INFO - Successfully extracted data for 2024-06-13:          date      time  heartrate      data_insert_timestamp
0  2024-06-13  06:27:00         79 2024-06-14 21:50:30.184011
1  2024-06-13  06:28:00         79 2024-06-14 21:50:30.184011
2  2024-06-13  06:29:00         78 2024-06-14 21:50:30.184011
3  2024-06-13  06:30:00         85 2024-06-14 21:50:30.184011
4  2024-06-13  06:31:00         84 2024-06-14 21:50:30.184011
[2024-06-14T21:50:30.192+0000] {fitbit_pull_dag.py:62} INFO - Storing file /opt/***/output/heartrate_2024-06-13.csv
[2024-06-14T21:50:30.222+0000] {python.py:177} INFO - Done. Returned value was: None
[2024-06-14T21:50:30.231+0000] {taskinstance.py:1323} INFO - Marking task as SUCCESS. dag_id=fitbit_data_pull, task_id=get_heart_rate, execution_date=20240610T180000, start_date=20240614T215029, end_date=20240614T215030
[2024-06-14T21:50:30.290+0000] {local_task_job.py:208} INFO - Task exited with return code 0
[2024-06-14T21:50:30.306+0000] {taskinstance.py:2578} INFO - 0 downstream tasks scheduled from follow-on schedule check
