[2024-06-08T23:31:43.055+0000] {taskinstance.py:1083} INFO - Dependencies all met for <TaskInstance: fitbit_data_pull.get_heart_rate scheduled__2024-06-07T18:00:00+00:00 [queued]>
[2024-06-08T23:31:43.061+0000] {taskinstance.py:1083} INFO - Dependencies all met for <TaskInstance: fitbit_data_pull.get_heart_rate scheduled__2024-06-07T18:00:00+00:00 [queued]>
[2024-06-08T23:31:43.062+0000] {taskinstance.py:1279} INFO - 
--------------------------------------------------------------------------------
[2024-06-08T23:31:43.062+0000] {taskinstance.py:1280} INFO - Starting attempt 1 of 2
[2024-06-08T23:31:43.063+0000] {taskinstance.py:1281} INFO - 
--------------------------------------------------------------------------------
[2024-06-08T23:31:43.071+0000] {taskinstance.py:1300} INFO - Executing <Task(PythonOperator): get_heart_rate> on 2024-06-07 18:00:00+00:00
[2024-06-08T23:31:43.076+0000] {standard_task_runner.py:55} INFO - Started process 56 to run task
[2024-06-08T23:31:43.080+0000] {standard_task_runner.py:82} INFO - Running: ['***', 'tasks', 'run', 'fitbit_data_pull', 'get_heart_rate', 'scheduled__2024-06-07T18:00:00+00:00', '--job-id', '79', '--raw', '--subdir', 'DAGS_FOLDER/fitbit_pull_dag.py', '--cfg-path', '/tmp/tmp41k9til1']
[2024-06-08T23:31:43.081+0000] {standard_task_runner.py:83} INFO - Job 79: Subtask get_heart_rate
[2024-06-08T23:31:43.151+0000] {task_command.py:388} INFO - Running <TaskInstance: fitbit_data_pull.get_heart_rate scheduled__2024-06-07T18:00:00+00:00 [running]> on host eb426318bb2e
[2024-06-08T23:31:43.209+0000] {taskinstance.py:1509} INFO - Exporting the following env vars:
AIRFLOW_CTX_DAG_OWNER=***
AIRFLOW_CTX_DAG_ID=fitbit_data_pull
AIRFLOW_CTX_TASK_ID=get_heart_rate
AIRFLOW_CTX_EXECUTION_DATE=2024-06-07T18:00:00+00:00
AIRFLOW_CTX_TRY_NUMBER=1
AIRFLOW_CTX_DAG_RUN_ID=scheduled__2024-06-07T18:00:00+00:00
[2024-06-08T23:31:43.660+0000] {fitbit_pull_dag.py:60} INFO - Successfully extracted data for 2024-06-07:          date      time  heartrate      data_insert_timestamp
0  2024-06-07  09:12:00         80 2024-06-08 23:31:43.652518
1  2024-06-07  09:13:00         72 2024-06-08 23:31:43.652518
2  2024-06-07  09:14:00         72 2024-06-08 23:31:43.652518
3  2024-06-07  09:15:00         70 2024-06-08 23:31:43.652518
4  2024-06-07  09:16:00         68 2024-06-08 23:31:43.652518
[2024-06-08T23:31:43.661+0000] {fitbit_pull_dag.py:62} INFO - Storing file /opt/***/output/heartrate_2024-06-07.csv
[2024-06-08T23:31:43.673+0000] {python.py:177} INFO - Done. Returned value was: None
[2024-06-08T23:31:43.682+0000] {taskinstance.py:1323} INFO - Marking task as SUCCESS. dag_id=fitbit_data_pull, task_id=get_heart_rate, execution_date=20240607T180000, start_date=20240608T233143, end_date=20240608T233143
[2024-06-08T23:31:43.739+0000] {local_task_job.py:208} INFO - Task exited with return code 0
[2024-06-08T23:31:43.753+0000] {taskinstance.py:2578} INFO - 0 downstream tasks scheduled from follow-on schedule check
