[2024-06-08T23:31:34.379+0000] {processor.py:153} INFO - Started process (PID=36) to work on /opt/airflow/dags/check_dag.py
[2024-06-08T23:31:34.380+0000] {processor.py:743} INFO - Processing file /opt/airflow/dags/check_dag.py for tasks to queue
[2024-06-08T23:31:34.381+0000] {logging_mixin.py:137} INFO - [2024-06-08T23:31:34.381+0000] {dagbag.py:538} INFO - Filling up the DagBag from /opt/airflow/dags/check_dag.py
[2024-06-08T23:31:34.413+0000] {processor.py:753} INFO - DAG(s) dict_keys(['check_dag']) retrieved from /opt/airflow/dags/check_dag.py
[2024-06-08T23:31:34.465+0000] {logging_mixin.py:137} INFO - [2024-06-08T23:31:34.465+0000] {dag.py:2690} INFO - Sync 1 DAGs
[2024-06-08T23:31:34.494+0000] {logging_mixin.py:137} INFO - [2024-06-08T23:31:34.494+0000] {dag.py:3441} INFO - Setting next_dagrun for check_dag to 2024-05-07T00:00:00+00:00, run_after=2024-06-07T00:00:00+00:00
[2024-06-08T23:31:34.512+0000] {processor.py:175} INFO - Processing /opt/airflow/dags/check_dag.py took 0.136 seconds
[2024-06-08T23:32:05.462+0000] {processor.py:153} INFO - Started process (PID=86) to work on /opt/airflow/dags/check_dag.py
[2024-06-08T23:32:05.464+0000] {processor.py:743} INFO - Processing file /opt/airflow/dags/check_dag.py for tasks to queue
[2024-06-08T23:32:05.465+0000] {logging_mixin.py:137} INFO - [2024-06-08T23:32:05.465+0000] {dagbag.py:538} INFO - Filling up the DagBag from /opt/airflow/dags/check_dag.py
[2024-06-08T23:32:05.488+0000] {processor.py:753} INFO - DAG(s) dict_keys(['check_dag']) retrieved from /opt/airflow/dags/check_dag.py
[2024-06-08T23:32:05.515+0000] {logging_mixin.py:137} INFO - [2024-06-08T23:32:05.515+0000] {dag.py:2690} INFO - Sync 1 DAGs
[2024-06-08T23:32:05.538+0000] {logging_mixin.py:137} INFO - [2024-06-08T23:32:05.538+0000] {dag.py:3441} INFO - Setting next_dagrun for check_dag to 2024-05-07T00:00:00+00:00, run_after=2024-06-07T00:00:00+00:00
[2024-06-08T23:32:05.553+0000] {processor.py:175} INFO - Processing /opt/airflow/dags/check_dag.py took 0.094 seconds
[2024-06-08T23:32:35.998+0000] {processor.py:153} INFO - Started process (PID=136) to work on /opt/airflow/dags/check_dag.py
[2024-06-08T23:32:36.000+0000] {processor.py:743} INFO - Processing file /opt/airflow/dags/check_dag.py for tasks to queue
[2024-06-08T23:32:36.000+0000] {logging_mixin.py:137} INFO - [2024-06-08T23:32:36.000+0000] {dagbag.py:538} INFO - Filling up the DagBag from /opt/airflow/dags/check_dag.py
[2024-06-08T23:32:36.015+0000] {processor.py:753} INFO - DAG(s) dict_keys(['check_dag']) retrieved from /opt/airflow/dags/check_dag.py
[2024-06-08T23:32:36.035+0000] {logging_mixin.py:137} INFO - [2024-06-08T23:32:36.035+0000] {dag.py:2690} INFO - Sync 1 DAGs
[2024-06-08T23:32:36.052+0000] {logging_mixin.py:137} INFO - [2024-06-08T23:32:36.052+0000] {dag.py:3441} INFO - Setting next_dagrun for check_dag to 2024-05-07T00:00:00+00:00, run_after=2024-06-07T00:00:00+00:00
[2024-06-08T23:32:36.065+0000] {processor.py:175} INFO - Processing /opt/airflow/dags/check_dag.py took 0.069 seconds
[2024-06-08T23:33:06.347+0000] {processor.py:153} INFO - Started process (PID=186) to work on /opt/airflow/dags/check_dag.py
[2024-06-08T23:33:06.348+0000] {processor.py:743} INFO - Processing file /opt/airflow/dags/check_dag.py for tasks to queue
[2024-06-08T23:33:06.348+0000] {logging_mixin.py:137} INFO - [2024-06-08T23:33:06.348+0000] {dagbag.py:538} INFO - Filling up the DagBag from /opt/airflow/dags/check_dag.py
[2024-06-08T23:33:06.365+0000] {processor.py:753} INFO - DAG(s) dict_keys(['check_dag']) retrieved from /opt/airflow/dags/check_dag.py
[2024-06-08T23:33:06.389+0000] {logging_mixin.py:137} INFO - [2024-06-08T23:33:06.389+0000] {dag.py:2690} INFO - Sync 1 DAGs
[2024-06-08T23:33:06.408+0000] {logging_mixin.py:137} INFO - [2024-06-08T23:33:06.407+0000] {dag.py:3441} INFO - Setting next_dagrun for check_dag to 2024-05-07T00:00:00+00:00, run_after=2024-06-07T00:00:00+00:00
[2024-06-08T23:33:06.422+0000] {processor.py:175} INFO - Processing /opt/airflow/dags/check_dag.py took 0.078 seconds
[2024-06-08T23:33:36.719+0000] {processor.py:153} INFO - Started process (PID=237) to work on /opt/airflow/dags/check_dag.py
[2024-06-08T23:33:36.721+0000] {processor.py:743} INFO - Processing file /opt/airflow/dags/check_dag.py for tasks to queue
[2024-06-08T23:33:36.722+0000] {logging_mixin.py:137} INFO - [2024-06-08T23:33:36.721+0000] {dagbag.py:538} INFO - Filling up the DagBag from /opt/airflow/dags/check_dag.py
[2024-06-08T23:33:36.736+0000] {processor.py:753} INFO - DAG(s) dict_keys(['check_dag']) retrieved from /opt/airflow/dags/check_dag.py
[2024-06-08T23:33:36.756+0000] {logging_mixin.py:137} INFO - [2024-06-08T23:33:36.756+0000] {dag.py:2690} INFO - Sync 1 DAGs
[2024-06-08T23:33:36.773+0000] {logging_mixin.py:137} INFO - [2024-06-08T23:33:36.773+0000] {dag.py:3441} INFO - Setting next_dagrun for check_dag to 2024-05-07T00:00:00+00:00, run_after=2024-06-07T00:00:00+00:00
[2024-06-08T23:33:36.785+0000] {processor.py:175} INFO - Processing /opt/airflow/dags/check_dag.py took 0.070 seconds
[2024-06-08T23:34:06.814+0000] {processor.py:153} INFO - Started process (PID=285) to work on /opt/airflow/dags/check_dag.py
[2024-06-08T23:34:06.816+0000] {processor.py:743} INFO - Processing file /opt/airflow/dags/check_dag.py for tasks to queue
[2024-06-08T23:34:06.817+0000] {logging_mixin.py:137} INFO - [2024-06-08T23:34:06.817+0000] {dagbag.py:538} INFO - Filling up the DagBag from /opt/airflow/dags/check_dag.py
[2024-06-08T23:34:06.845+0000] {processor.py:753} INFO - DAG(s) dict_keys(['check_dag']) retrieved from /opt/airflow/dags/check_dag.py
[2024-06-08T23:34:06.874+0000] {logging_mixin.py:137} INFO - [2024-06-08T23:34:06.874+0000] {dag.py:2690} INFO - Sync 1 DAGs
[2024-06-08T23:34:06.895+0000] {logging_mixin.py:137} INFO - [2024-06-08T23:34:06.895+0000] {dag.py:3441} INFO - Setting next_dagrun for check_dag to 2024-05-07T00:00:00+00:00, run_after=2024-06-07T00:00:00+00:00
[2024-06-08T23:34:06.910+0000] {processor.py:175} INFO - Processing /opt/airflow/dags/check_dag.py took 0.100 seconds
[2024-06-08T23:34:37.437+0000] {processor.py:153} INFO - Started process (PID=336) to work on /opt/airflow/dags/check_dag.py
[2024-06-08T23:34:37.439+0000] {processor.py:743} INFO - Processing file /opt/airflow/dags/check_dag.py for tasks to queue
[2024-06-08T23:34:37.440+0000] {logging_mixin.py:137} INFO - [2024-06-08T23:34:37.440+0000] {dagbag.py:538} INFO - Filling up the DagBag from /opt/airflow/dags/check_dag.py
[2024-06-08T23:34:37.498+0000] {processor.py:753} INFO - DAG(s) dict_keys(['check_dag']) retrieved from /opt/airflow/dags/check_dag.py
[2024-06-08T23:34:37.536+0000] {logging_mixin.py:137} INFO - [2024-06-08T23:34:37.536+0000] {dag.py:2690} INFO - Sync 1 DAGs
[2024-06-08T23:34:37.572+0000] {logging_mixin.py:137} INFO - [2024-06-08T23:34:37.572+0000] {dag.py:3441} INFO - Setting next_dagrun for check_dag to 2024-05-07T00:00:00+00:00, run_after=2024-06-07T00:00:00+00:00
[2024-06-08T23:34:37.591+0000] {processor.py:175} INFO - Processing /opt/airflow/dags/check_dag.py took 0.159 seconds
[2024-06-08T23:35:08.185+0000] {processor.py:153} INFO - Started process (PID=386) to work on /opt/airflow/dags/check_dag.py
[2024-06-08T23:35:08.187+0000] {processor.py:743} INFO - Processing file /opt/airflow/dags/check_dag.py for tasks to queue
[2024-06-08T23:35:08.187+0000] {logging_mixin.py:137} INFO - [2024-06-08T23:35:08.187+0000] {dagbag.py:538} INFO - Filling up the DagBag from /opt/airflow/dags/check_dag.py
[2024-06-08T23:35:08.216+0000] {processor.py:753} INFO - DAG(s) dict_keys(['check_dag']) retrieved from /opt/airflow/dags/check_dag.py
[2024-06-08T23:35:08.241+0000] {logging_mixin.py:137} INFO - [2024-06-08T23:35:08.241+0000] {dag.py:2690} INFO - Sync 1 DAGs
[2024-06-08T23:35:08.261+0000] {logging_mixin.py:137} INFO - [2024-06-08T23:35:08.261+0000] {dag.py:3441} INFO - Setting next_dagrun for check_dag to 2024-05-07T00:00:00+00:00, run_after=2024-06-07T00:00:00+00:00
[2024-06-08T23:35:08.275+0000] {processor.py:175} INFO - Processing /opt/airflow/dags/check_dag.py took 0.093 seconds
[2024-06-08T23:35:38.687+0000] {processor.py:153} INFO - Started process (PID=436) to work on /opt/airflow/dags/check_dag.py
[2024-06-08T23:35:38.690+0000] {processor.py:743} INFO - Processing file /opt/airflow/dags/check_dag.py for tasks to queue
[2024-06-08T23:35:38.691+0000] {logging_mixin.py:137} INFO - [2024-06-08T23:35:38.691+0000] {dagbag.py:538} INFO - Filling up the DagBag from /opt/airflow/dags/check_dag.py
[2024-06-08T23:35:38.721+0000] {processor.py:753} INFO - DAG(s) dict_keys(['check_dag']) retrieved from /opt/airflow/dags/check_dag.py
[2024-06-08T23:35:38.747+0000] {logging_mixin.py:137} INFO - [2024-06-08T23:35:38.746+0000] {dag.py:2690} INFO - Sync 1 DAGs
[2024-06-08T23:35:38.770+0000] {logging_mixin.py:137} INFO - [2024-06-08T23:35:38.770+0000] {dag.py:3441} INFO - Setting next_dagrun for check_dag to 2024-05-07T00:00:00+00:00, run_after=2024-06-07T00:00:00+00:00
[2024-06-08T23:35:38.784+0000] {processor.py:175} INFO - Processing /opt/airflow/dags/check_dag.py took 0.099 seconds
[2024-06-08T23:36:09.315+0000] {processor.py:153} INFO - Started process (PID=486) to work on /opt/airflow/dags/check_dag.py
[2024-06-08T23:36:09.318+0000] {processor.py:743} INFO - Processing file /opt/airflow/dags/check_dag.py for tasks to queue
[2024-06-08T23:36:09.319+0000] {logging_mixin.py:137} INFO - [2024-06-08T23:36:09.319+0000] {dagbag.py:538} INFO - Filling up the DagBag from /opt/airflow/dags/check_dag.py
[2024-06-08T23:36:09.345+0000] {processor.py:753} INFO - DAG(s) dict_keys(['check_dag']) retrieved from /opt/airflow/dags/check_dag.py
[2024-06-08T23:36:09.378+0000] {logging_mixin.py:137} INFO - [2024-06-08T23:36:09.378+0000] {dag.py:2690} INFO - Sync 1 DAGs
[2024-06-08T23:36:09.404+0000] {logging_mixin.py:137} INFO - [2024-06-08T23:36:09.404+0000] {dag.py:3441} INFO - Setting next_dagrun for check_dag to 2024-05-07T00:00:00+00:00, run_after=2024-06-07T00:00:00+00:00
[2024-06-08T23:36:09.419+0000] {processor.py:175} INFO - Processing /opt/airflow/dags/check_dag.py took 0.107 seconds
[2024-06-08T23:36:40.020+0000] {processor.py:153} INFO - Started process (PID=536) to work on /opt/airflow/dags/check_dag.py
[2024-06-08T23:36:40.023+0000] {processor.py:743} INFO - Processing file /opt/airflow/dags/check_dag.py for tasks to queue
[2024-06-08T23:36:40.025+0000] {logging_mixin.py:137} INFO - [2024-06-08T23:36:40.025+0000] {dagbag.py:538} INFO - Filling up the DagBag from /opt/airflow/dags/check_dag.py
[2024-06-08T23:36:40.064+0000] {processor.py:753} INFO - DAG(s) dict_keys(['check_dag']) retrieved from /opt/airflow/dags/check_dag.py
[2024-06-08T23:36:40.097+0000] {logging_mixin.py:137} INFO - [2024-06-08T23:36:40.097+0000] {dag.py:2690} INFO - Sync 1 DAGs
[2024-06-08T23:36:40.127+0000] {logging_mixin.py:137} INFO - [2024-06-08T23:36:40.127+0000] {dag.py:3441} INFO - Setting next_dagrun for check_dag to 2024-05-07T00:00:00+00:00, run_after=2024-06-07T00:00:00+00:00
[2024-06-08T23:36:40.143+0000] {processor.py:175} INFO - Processing /opt/airflow/dags/check_dag.py took 0.126 seconds
[2024-06-08T23:37:10.666+0000] {processor.py:153} INFO - Started process (PID=586) to work on /opt/airflow/dags/check_dag.py
[2024-06-08T23:37:10.668+0000] {processor.py:743} INFO - Processing file /opt/airflow/dags/check_dag.py for tasks to queue
[2024-06-08T23:37:10.669+0000] {logging_mixin.py:137} INFO - [2024-06-08T23:37:10.669+0000] {dagbag.py:538} INFO - Filling up the DagBag from /opt/airflow/dags/check_dag.py
[2024-06-08T23:37:10.699+0000] {processor.py:753} INFO - DAG(s) dict_keys(['check_dag']) retrieved from /opt/airflow/dags/check_dag.py
[2024-06-08T23:37:10.748+0000] {logging_mixin.py:137} INFO - [2024-06-08T23:37:10.748+0000] {dag.py:2690} INFO - Sync 1 DAGs
[2024-06-08T23:37:10.787+0000] {logging_mixin.py:137} INFO - [2024-06-08T23:37:10.787+0000] {dag.py:3441} INFO - Setting next_dagrun for check_dag to 2024-05-07T00:00:00+00:00, run_after=2024-06-07T00:00:00+00:00
[2024-06-08T23:37:10.804+0000] {processor.py:175} INFO - Processing /opt/airflow/dags/check_dag.py took 0.142 seconds
[2024-06-08T23:37:41.154+0000] {processor.py:153} INFO - Started process (PID=636) to work on /opt/airflow/dags/check_dag.py
[2024-06-08T23:37:41.155+0000] {processor.py:743} INFO - Processing file /opt/airflow/dags/check_dag.py for tasks to queue
[2024-06-08T23:37:41.156+0000] {logging_mixin.py:137} INFO - [2024-06-08T23:37:41.156+0000] {dagbag.py:538} INFO - Filling up the DagBag from /opt/airflow/dags/check_dag.py
[2024-06-08T23:37:41.180+0000] {processor.py:753} INFO - DAG(s) dict_keys(['check_dag']) retrieved from /opt/airflow/dags/check_dag.py
[2024-06-08T23:37:41.204+0000] {logging_mixin.py:137} INFO - [2024-06-08T23:37:41.204+0000] {dag.py:2690} INFO - Sync 1 DAGs
[2024-06-08T23:37:41.226+0000] {logging_mixin.py:137} INFO - [2024-06-08T23:37:41.225+0000] {dag.py:3441} INFO - Setting next_dagrun for check_dag to 2024-05-07T00:00:00+00:00, run_after=2024-06-07T00:00:00+00:00
[2024-06-08T23:37:41.242+0000] {processor.py:175} INFO - Processing /opt/airflow/dags/check_dag.py took 0.090 seconds
[2024-06-08T23:38:11.601+0000] {processor.py:153} INFO - Started process (PID=686) to work on /opt/airflow/dags/check_dag.py
[2024-06-08T23:38:11.603+0000] {processor.py:743} INFO - Processing file /opt/airflow/dags/check_dag.py for tasks to queue
[2024-06-08T23:38:11.604+0000] {logging_mixin.py:137} INFO - [2024-06-08T23:38:11.604+0000] {dagbag.py:538} INFO - Filling up the DagBag from /opt/airflow/dags/check_dag.py
[2024-06-08T23:38:11.661+0000] {processor.py:753} INFO - DAG(s) dict_keys(['check_dag']) retrieved from /opt/airflow/dags/check_dag.py
[2024-06-08T23:38:11.702+0000] {logging_mixin.py:137} INFO - [2024-06-08T23:38:11.702+0000] {dag.py:2690} INFO - Sync 1 DAGs
[2024-06-08T23:38:11.741+0000] {logging_mixin.py:137} INFO - [2024-06-08T23:38:11.740+0000] {dag.py:3441} INFO - Setting next_dagrun for check_dag to 2024-05-07T00:00:00+00:00, run_after=2024-06-07T00:00:00+00:00
[2024-06-08T23:38:11.762+0000] {processor.py:175} INFO - Processing /opt/airflow/dags/check_dag.py took 0.165 seconds
[2024-06-08T23:38:42.017+0000] {processor.py:153} INFO - Started process (PID=735) to work on /opt/airflow/dags/check_dag.py
[2024-06-08T23:38:42.020+0000] {processor.py:743} INFO - Processing file /opt/airflow/dags/check_dag.py for tasks to queue
[2024-06-08T23:38:42.021+0000] {logging_mixin.py:137} INFO - [2024-06-08T23:38:42.021+0000] {dagbag.py:538} INFO - Filling up the DagBag from /opt/airflow/dags/check_dag.py
[2024-06-08T23:38:42.045+0000] {processor.py:753} INFO - DAG(s) dict_keys(['check_dag']) retrieved from /opt/airflow/dags/check_dag.py
[2024-06-08T23:38:42.069+0000] {logging_mixin.py:137} INFO - [2024-06-08T23:38:42.069+0000] {dag.py:2690} INFO - Sync 1 DAGs
[2024-06-08T23:38:42.087+0000] {logging_mixin.py:137} INFO - [2024-06-08T23:38:42.086+0000] {dag.py:3441} INFO - Setting next_dagrun for check_dag to 2024-05-07T00:00:00+00:00, run_after=2024-06-07T00:00:00+00:00
[2024-06-08T23:38:42.100+0000] {processor.py:175} INFO - Processing /opt/airflow/dags/check_dag.py took 0.087 seconds
[2024-06-08T23:39:12.685+0000] {processor.py:153} INFO - Started process (PID=786) to work on /opt/airflow/dags/check_dag.py
[2024-06-08T23:39:12.686+0000] {processor.py:743} INFO - Processing file /opt/airflow/dags/check_dag.py for tasks to queue
[2024-06-08T23:39:12.687+0000] {logging_mixin.py:137} INFO - [2024-06-08T23:39:12.687+0000] {dagbag.py:538} INFO - Filling up the DagBag from /opt/airflow/dags/check_dag.py
[2024-06-08T23:39:12.708+0000] {processor.py:753} INFO - DAG(s) dict_keys(['check_dag']) retrieved from /opt/airflow/dags/check_dag.py
[2024-06-08T23:39:12.733+0000] {logging_mixin.py:137} INFO - [2024-06-08T23:39:12.733+0000] {dag.py:2690} INFO - Sync 1 DAGs
[2024-06-08T23:39:12.752+0000] {logging_mixin.py:137} INFO - [2024-06-08T23:39:12.752+0000] {dag.py:3441} INFO - Setting next_dagrun for check_dag to 2024-05-07T00:00:00+00:00, run_after=2024-06-07T00:00:00+00:00
[2024-06-08T23:39:12.766+0000] {processor.py:175} INFO - Processing /opt/airflow/dags/check_dag.py took 0.083 seconds
[2024-06-08T23:39:43.510+0000] {processor.py:153} INFO - Started process (PID=836) to work on /opt/airflow/dags/check_dag.py
[2024-06-08T23:39:43.511+0000] {processor.py:743} INFO - Processing file /opt/airflow/dags/check_dag.py for tasks to queue
[2024-06-08T23:39:43.512+0000] {logging_mixin.py:137} INFO - [2024-06-08T23:39:43.512+0000] {dagbag.py:538} INFO - Filling up the DagBag from /opt/airflow/dags/check_dag.py
[2024-06-08T23:39:43.534+0000] {processor.py:753} INFO - DAG(s) dict_keys(['check_dag']) retrieved from /opt/airflow/dags/check_dag.py
[2024-06-08T23:39:43.556+0000] {logging_mixin.py:137} INFO - [2024-06-08T23:39:43.556+0000] {dag.py:2690} INFO - Sync 1 DAGs
[2024-06-08T23:39:43.573+0000] {logging_mixin.py:137} INFO - [2024-06-08T23:39:43.573+0000] {dag.py:3441} INFO - Setting next_dagrun for check_dag to 2024-05-07T00:00:00+00:00, run_after=2024-06-07T00:00:00+00:00
[2024-06-08T23:39:43.587+0000] {processor.py:175} INFO - Processing /opt/airflow/dags/check_dag.py took 0.079 seconds
[2024-06-08T23:40:13.849+0000] {processor.py:153} INFO - Started process (PID=886) to work on /opt/airflow/dags/check_dag.py
[2024-06-08T23:40:13.850+0000] {processor.py:743} INFO - Processing file /opt/airflow/dags/check_dag.py for tasks to queue
[2024-06-08T23:40:13.851+0000] {logging_mixin.py:137} INFO - [2024-06-08T23:40:13.851+0000] {dagbag.py:538} INFO - Filling up the DagBag from /opt/airflow/dags/check_dag.py
[2024-06-08T23:40:13.871+0000] {processor.py:753} INFO - DAG(s) dict_keys(['check_dag']) retrieved from /opt/airflow/dags/check_dag.py
[2024-06-08T23:40:13.894+0000] {logging_mixin.py:137} INFO - [2024-06-08T23:40:13.894+0000] {dag.py:2690} INFO - Sync 1 DAGs
[2024-06-08T23:40:13.912+0000] {logging_mixin.py:137} INFO - [2024-06-08T23:40:13.912+0000] {dag.py:3441} INFO - Setting next_dagrun for check_dag to 2024-05-07T00:00:00+00:00, run_after=2024-06-07T00:00:00+00:00
[2024-06-08T23:40:13.925+0000] {processor.py:175} INFO - Processing /opt/airflow/dags/check_dag.py took 0.079 seconds
[2024-06-08T23:40:44.119+0000] {processor.py:153} INFO - Started process (PID=935) to work on /opt/airflow/dags/check_dag.py
[2024-06-08T23:40:44.121+0000] {processor.py:743} INFO - Processing file /opt/airflow/dags/check_dag.py for tasks to queue
[2024-06-08T23:40:44.122+0000] {logging_mixin.py:137} INFO - [2024-06-08T23:40:44.122+0000] {dagbag.py:538} INFO - Filling up the DagBag from /opt/airflow/dags/check_dag.py
[2024-06-08T23:40:44.151+0000] {processor.py:753} INFO - DAG(s) dict_keys(['check_dag']) retrieved from /opt/airflow/dags/check_dag.py
[2024-06-08T23:40:44.178+0000] {logging_mixin.py:137} INFO - [2024-06-08T23:40:44.178+0000] {dag.py:2690} INFO - Sync 1 DAGs
[2024-06-08T23:40:44.199+0000] {logging_mixin.py:137} INFO - [2024-06-08T23:40:44.199+0000] {dag.py:3441} INFO - Setting next_dagrun for check_dag to 2024-05-07T00:00:00+00:00, run_after=2024-06-07T00:00:00+00:00
[2024-06-08T23:40:44.213+0000] {processor.py:175} INFO - Processing /opt/airflow/dags/check_dag.py took 0.099 seconds
[2024-06-08T23:41:14.641+0000] {processor.py:153} INFO - Started process (PID=986) to work on /opt/airflow/dags/check_dag.py
[2024-06-08T23:41:14.644+0000] {processor.py:743} INFO - Processing file /opt/airflow/dags/check_dag.py for tasks to queue
[2024-06-08T23:41:14.645+0000] {logging_mixin.py:137} INFO - [2024-06-08T23:41:14.645+0000] {dagbag.py:538} INFO - Filling up the DagBag from /opt/airflow/dags/check_dag.py
[2024-06-08T23:41:14.670+0000] {processor.py:753} INFO - DAG(s) dict_keys(['check_dag']) retrieved from /opt/airflow/dags/check_dag.py
[2024-06-08T23:41:14.702+0000] {logging_mixin.py:137} INFO - [2024-06-08T23:41:14.702+0000] {dag.py:2690} INFO - Sync 1 DAGs
[2024-06-08T23:41:14.729+0000] {logging_mixin.py:137} INFO - [2024-06-08T23:41:14.729+0000] {dag.py:3441} INFO - Setting next_dagrun for check_dag to 2024-05-07T00:00:00+00:00, run_after=2024-06-07T00:00:00+00:00
[2024-06-08T23:41:14.754+0000] {processor.py:175} INFO - Processing /opt/airflow/dags/check_dag.py took 0.116 seconds
[2024-06-08T23:41:45.413+0000] {processor.py:153} INFO - Started process (PID=1036) to work on /opt/airflow/dags/check_dag.py
[2024-06-08T23:41:45.415+0000] {processor.py:743} INFO - Processing file /opt/airflow/dags/check_dag.py for tasks to queue
[2024-06-08T23:41:45.417+0000] {logging_mixin.py:137} INFO - [2024-06-08T23:41:45.417+0000] {dagbag.py:538} INFO - Filling up the DagBag from /opt/airflow/dags/check_dag.py
[2024-06-08T23:41:45.450+0000] {processor.py:753} INFO - DAG(s) dict_keys(['check_dag']) retrieved from /opt/airflow/dags/check_dag.py
[2024-06-08T23:41:45.484+0000] {logging_mixin.py:137} INFO - [2024-06-08T23:41:45.484+0000] {dag.py:2690} INFO - Sync 1 DAGs
[2024-06-08T23:41:45.513+0000] {logging_mixin.py:137} INFO - [2024-06-08T23:41:45.513+0000] {dag.py:3441} INFO - Setting next_dagrun for check_dag to 2024-05-07T00:00:00+00:00, run_after=2024-06-07T00:00:00+00:00
[2024-06-08T23:41:45.531+0000] {processor.py:175} INFO - Processing /opt/airflow/dags/check_dag.py took 0.121 seconds
[2024-06-08T23:42:15.904+0000] {processor.py:153} INFO - Started process (PID=1086) to work on /opt/airflow/dags/check_dag.py
[2024-06-08T23:42:15.906+0000] {processor.py:743} INFO - Processing file /opt/airflow/dags/check_dag.py for tasks to queue
[2024-06-08T23:42:15.907+0000] {logging_mixin.py:137} INFO - [2024-06-08T23:42:15.907+0000] {dagbag.py:538} INFO - Filling up the DagBag from /opt/airflow/dags/check_dag.py
[2024-06-08T23:42:15.932+0000] {processor.py:753} INFO - DAG(s) dict_keys(['check_dag']) retrieved from /opt/airflow/dags/check_dag.py
[2024-06-08T23:42:15.965+0000] {logging_mixin.py:137} INFO - [2024-06-08T23:42:15.965+0000] {dag.py:2690} INFO - Sync 1 DAGs
[2024-06-08T23:42:15.987+0000] {logging_mixin.py:137} INFO - [2024-06-08T23:42:15.987+0000] {dag.py:3441} INFO - Setting next_dagrun for check_dag to 2024-05-07T00:00:00+00:00, run_after=2024-06-07T00:00:00+00:00
[2024-06-08T23:42:16.002+0000] {processor.py:175} INFO - Processing /opt/airflow/dags/check_dag.py took 0.100 seconds
[2024-06-08T23:42:46.512+0000] {processor.py:153} INFO - Started process (PID=1136) to work on /opt/airflow/dags/check_dag.py
[2024-06-08T23:42:46.513+0000] {processor.py:743} INFO - Processing file /opt/airflow/dags/check_dag.py for tasks to queue
[2024-06-08T23:42:46.514+0000] {logging_mixin.py:137} INFO - [2024-06-08T23:42:46.514+0000] {dagbag.py:538} INFO - Filling up the DagBag from /opt/airflow/dags/check_dag.py
[2024-06-08T23:42:46.537+0000] {processor.py:753} INFO - DAG(s) dict_keys(['check_dag']) retrieved from /opt/airflow/dags/check_dag.py
[2024-06-08T23:42:46.563+0000] {logging_mixin.py:137} INFO - [2024-06-08T23:42:46.563+0000] {dag.py:2690} INFO - Sync 1 DAGs
[2024-06-08T23:42:46.584+0000] {logging_mixin.py:137} INFO - [2024-06-08T23:42:46.584+0000] {dag.py:3441} INFO - Setting next_dagrun for check_dag to 2024-05-07T00:00:00+00:00, run_after=2024-06-07T00:00:00+00:00
[2024-06-08T23:42:46.598+0000] {processor.py:175} INFO - Processing /opt/airflow/dags/check_dag.py took 0.089 seconds
[2024-06-08T23:43:16.897+0000] {processor.py:153} INFO - Started process (PID=1186) to work on /opt/airflow/dags/check_dag.py
[2024-06-08T23:43:16.898+0000] {processor.py:743} INFO - Processing file /opt/airflow/dags/check_dag.py for tasks to queue
[2024-06-08T23:43:16.900+0000] {logging_mixin.py:137} INFO - [2024-06-08T23:43:16.899+0000] {dagbag.py:538} INFO - Filling up the DagBag from /opt/airflow/dags/check_dag.py
[2024-06-08T23:43:16.934+0000] {processor.py:753} INFO - DAG(s) dict_keys(['check_dag']) retrieved from /opt/airflow/dags/check_dag.py
[2024-06-08T23:43:16.959+0000] {logging_mixin.py:137} INFO - [2024-06-08T23:43:16.959+0000] {dag.py:2690} INFO - Sync 1 DAGs
[2024-06-08T23:43:16.979+0000] {logging_mixin.py:137} INFO - [2024-06-08T23:43:16.979+0000] {dag.py:3441} INFO - Setting next_dagrun for check_dag to 2024-05-07T00:00:00+00:00, run_after=2024-06-07T00:00:00+00:00
[2024-06-08T23:43:16.995+0000] {processor.py:175} INFO - Processing /opt/airflow/dags/check_dag.py took 0.102 seconds
[2024-06-08T23:43:47.704+0000] {processor.py:153} INFO - Started process (PID=1236) to work on /opt/airflow/dags/check_dag.py
[2024-06-08T23:43:47.705+0000] {processor.py:743} INFO - Processing file /opt/airflow/dags/check_dag.py for tasks to queue
[2024-06-08T23:43:47.706+0000] {logging_mixin.py:137} INFO - [2024-06-08T23:43:47.706+0000] {dagbag.py:538} INFO - Filling up the DagBag from /opt/airflow/dags/check_dag.py
[2024-06-08T23:43:47.733+0000] {processor.py:753} INFO - DAG(s) dict_keys(['check_dag']) retrieved from /opt/airflow/dags/check_dag.py
[2024-06-08T23:43:47.757+0000] {logging_mixin.py:137} INFO - [2024-06-08T23:43:47.757+0000] {dag.py:2690} INFO - Sync 1 DAGs
[2024-06-08T23:43:47.778+0000] {logging_mixin.py:137} INFO - [2024-06-08T23:43:47.778+0000] {dag.py:3441} INFO - Setting next_dagrun for check_dag to 2024-05-07T00:00:00+00:00, run_after=2024-06-07T00:00:00+00:00
[2024-06-08T23:43:47.793+0000] {processor.py:175} INFO - Processing /opt/airflow/dags/check_dag.py took 0.094 seconds
[2024-06-08T23:44:18.038+0000] {processor.py:153} INFO - Started process (PID=1286) to work on /opt/airflow/dags/check_dag.py
[2024-06-08T23:44:18.039+0000] {processor.py:743} INFO - Processing file /opt/airflow/dags/check_dag.py for tasks to queue
[2024-06-08T23:44:18.039+0000] {logging_mixin.py:137} INFO - [2024-06-08T23:44:18.039+0000] {dagbag.py:538} INFO - Filling up the DagBag from /opt/airflow/dags/check_dag.py
[2024-06-08T23:44:18.055+0000] {processor.py:753} INFO - DAG(s) dict_keys(['check_dag']) retrieved from /opt/airflow/dags/check_dag.py
[2024-06-08T23:44:18.077+0000] {logging_mixin.py:137} INFO - [2024-06-08T23:44:18.076+0000] {dag.py:2690} INFO - Sync 1 DAGs
[2024-06-08T23:44:18.095+0000] {logging_mixin.py:137} INFO - [2024-06-08T23:44:18.095+0000] {dag.py:3441} INFO - Setting next_dagrun for check_dag to 2024-05-07T00:00:00+00:00, run_after=2024-06-07T00:00:00+00:00
[2024-06-08T23:44:18.110+0000] {processor.py:175} INFO - Processing /opt/airflow/dags/check_dag.py took 0.075 seconds
[2024-06-08T23:44:48.492+0000] {processor.py:153} INFO - Started process (PID=1337) to work on /opt/airflow/dags/check_dag.py
[2024-06-08T23:44:48.494+0000] {processor.py:743} INFO - Processing file /opt/airflow/dags/check_dag.py for tasks to queue
[2024-06-08T23:44:48.495+0000] {logging_mixin.py:137} INFO - [2024-06-08T23:44:48.495+0000] {dagbag.py:538} INFO - Filling up the DagBag from /opt/airflow/dags/check_dag.py
[2024-06-08T23:44:48.513+0000] {processor.py:753} INFO - DAG(s) dict_keys(['check_dag']) retrieved from /opt/airflow/dags/check_dag.py
[2024-06-08T23:44:48.536+0000] {logging_mixin.py:137} INFO - [2024-06-08T23:44:48.536+0000] {dag.py:2690} INFO - Sync 1 DAGs
[2024-06-08T23:44:48.556+0000] {logging_mixin.py:137} INFO - [2024-06-08T23:44:48.556+0000] {dag.py:3441} INFO - Setting next_dagrun for check_dag to 2024-05-07T00:00:00+00:00, run_after=2024-06-07T00:00:00+00:00
[2024-06-08T23:44:48.570+0000] {processor.py:175} INFO - Processing /opt/airflow/dags/check_dag.py took 0.081 seconds
[2024-06-08T23:45:18.791+0000] {processor.py:153} INFO - Started process (PID=1388) to work on /opt/airflow/dags/check_dag.py
[2024-06-08T23:45:18.792+0000] {processor.py:743} INFO - Processing file /opt/airflow/dags/check_dag.py for tasks to queue
[2024-06-08T23:45:18.793+0000] {logging_mixin.py:137} INFO - [2024-06-08T23:45:18.793+0000] {dagbag.py:538} INFO - Filling up the DagBag from /opt/airflow/dags/check_dag.py
[2024-06-08T23:45:18.815+0000] {processor.py:753} INFO - DAG(s) dict_keys(['check_dag']) retrieved from /opt/airflow/dags/check_dag.py
[2024-06-08T23:45:18.840+0000] {logging_mixin.py:137} INFO - [2024-06-08T23:45:18.840+0000] {dag.py:2690} INFO - Sync 1 DAGs
[2024-06-08T23:45:18.860+0000] {logging_mixin.py:137} INFO - [2024-06-08T23:45:18.860+0000] {dag.py:3441} INFO - Setting next_dagrun for check_dag to 2024-05-07T00:00:00+00:00, run_after=2024-06-07T00:00:00+00:00
[2024-06-08T23:45:18.873+0000] {processor.py:175} INFO - Processing /opt/airflow/dags/check_dag.py took 0.086 seconds
[2024-06-08T23:45:49.165+0000] {processor.py:153} INFO - Started process (PID=1438) to work on /opt/airflow/dags/check_dag.py
[2024-06-08T23:45:49.166+0000] {processor.py:743} INFO - Processing file /opt/airflow/dags/check_dag.py for tasks to queue
[2024-06-08T23:45:49.167+0000] {logging_mixin.py:137} INFO - [2024-06-08T23:45:49.167+0000] {dagbag.py:538} INFO - Filling up the DagBag from /opt/airflow/dags/check_dag.py
[2024-06-08T23:45:49.185+0000] {processor.py:753} INFO - DAG(s) dict_keys(['check_dag']) retrieved from /opt/airflow/dags/check_dag.py
[2024-06-08T23:45:49.211+0000] {logging_mixin.py:137} INFO - [2024-06-08T23:45:49.211+0000] {dag.py:2690} INFO - Sync 1 DAGs
[2024-06-08T23:45:49.231+0000] {logging_mixin.py:137} INFO - [2024-06-08T23:45:49.231+0000] {dag.py:3441} INFO - Setting next_dagrun for check_dag to 2024-05-07T00:00:00+00:00, run_after=2024-06-07T00:00:00+00:00
[2024-06-08T23:45:49.245+0000] {processor.py:175} INFO - Processing /opt/airflow/dags/check_dag.py took 0.082 seconds
[2024-06-08T23:46:19.563+0000] {processor.py:153} INFO - Started process (PID=1489) to work on /opt/airflow/dags/check_dag.py
[2024-06-08T23:46:19.564+0000] {processor.py:743} INFO - Processing file /opt/airflow/dags/check_dag.py for tasks to queue
[2024-06-08T23:46:19.565+0000] {logging_mixin.py:137} INFO - [2024-06-08T23:46:19.565+0000] {dagbag.py:538} INFO - Filling up the DagBag from /opt/airflow/dags/check_dag.py
[2024-06-08T23:46:19.582+0000] {processor.py:753} INFO - DAG(s) dict_keys(['check_dag']) retrieved from /opt/airflow/dags/check_dag.py
[2024-06-08T23:46:19.602+0000] {logging_mixin.py:137} INFO - [2024-06-08T23:46:19.602+0000] {dag.py:2690} INFO - Sync 1 DAGs
[2024-06-08T23:46:19.619+0000] {logging_mixin.py:137} INFO - [2024-06-08T23:46:19.619+0000] {dag.py:3441} INFO - Setting next_dagrun for check_dag to 2024-05-07T00:00:00+00:00, run_after=2024-06-07T00:00:00+00:00
[2024-06-08T23:46:19.631+0000] {processor.py:175} INFO - Processing /opt/airflow/dags/check_dag.py took 0.071 seconds
[2024-06-08T23:46:49.925+0000] {processor.py:153} INFO - Started process (PID=1539) to work on /opt/airflow/dags/check_dag.py
[2024-06-08T23:46:49.928+0000] {processor.py:743} INFO - Processing file /opt/airflow/dags/check_dag.py for tasks to queue
[2024-06-08T23:46:49.929+0000] {logging_mixin.py:137} INFO - [2024-06-08T23:46:49.929+0000] {dagbag.py:538} INFO - Filling up the DagBag from /opt/airflow/dags/check_dag.py
[2024-06-08T23:46:49.947+0000] {processor.py:753} INFO - DAG(s) dict_keys(['check_dag']) retrieved from /opt/airflow/dags/check_dag.py
[2024-06-08T23:46:49.968+0000] {logging_mixin.py:137} INFO - [2024-06-08T23:46:49.968+0000] {dag.py:2690} INFO - Sync 1 DAGs
[2024-06-08T23:46:49.986+0000] {logging_mixin.py:137} INFO - [2024-06-08T23:46:49.986+0000] {dag.py:3441} INFO - Setting next_dagrun for check_dag to 2024-05-07T00:00:00+00:00, run_after=2024-06-07T00:00:00+00:00
[2024-06-08T23:46:49.999+0000] {processor.py:175} INFO - Processing /opt/airflow/dags/check_dag.py took 0.077 seconds
[2024-06-08T23:47:20.470+0000] {processor.py:153} INFO - Started process (PID=1589) to work on /opt/airflow/dags/check_dag.py
[2024-06-08T23:47:20.470+0000] {processor.py:743} INFO - Processing file /opt/airflow/dags/check_dag.py for tasks to queue
[2024-06-08T23:47:20.471+0000] {logging_mixin.py:137} INFO - [2024-06-08T23:47:20.471+0000] {dagbag.py:538} INFO - Filling up the DagBag from /opt/airflow/dags/check_dag.py
[2024-06-08T23:47:20.488+0000] {processor.py:753} INFO - DAG(s) dict_keys(['check_dag']) retrieved from /opt/airflow/dags/check_dag.py
[2024-06-08T23:47:20.509+0000] {logging_mixin.py:137} INFO - [2024-06-08T23:47:20.509+0000] {dag.py:2690} INFO - Sync 1 DAGs
[2024-06-08T23:47:20.526+0000] {logging_mixin.py:137} INFO - [2024-06-08T23:47:20.526+0000] {dag.py:3441} INFO - Setting next_dagrun for check_dag to 2024-05-07T00:00:00+00:00, run_after=2024-06-07T00:00:00+00:00
[2024-06-08T23:47:20.540+0000] {processor.py:175} INFO - Processing /opt/airflow/dags/check_dag.py took 0.073 seconds
[2024-06-08T23:47:50.833+0000] {processor.py:153} INFO - Started process (PID=1639) to work on /opt/airflow/dags/check_dag.py
[2024-06-08T23:47:50.834+0000] {processor.py:743} INFO - Processing file /opt/airflow/dags/check_dag.py for tasks to queue
[2024-06-08T23:47:50.836+0000] {logging_mixin.py:137} INFO - [2024-06-08T23:47:50.835+0000] {dagbag.py:538} INFO - Filling up the DagBag from /opt/airflow/dags/check_dag.py
[2024-06-08T23:47:50.860+0000] {processor.py:753} INFO - DAG(s) dict_keys(['check_dag']) retrieved from /opt/airflow/dags/check_dag.py
[2024-06-08T23:47:50.886+0000] {logging_mixin.py:137} INFO - [2024-06-08T23:47:50.886+0000] {dag.py:2690} INFO - Sync 1 DAGs
[2024-06-08T23:47:50.910+0000] {logging_mixin.py:137} INFO - [2024-06-08T23:47:50.910+0000] {dag.py:3441} INFO - Setting next_dagrun for check_dag to 2024-05-07T00:00:00+00:00, run_after=2024-06-07T00:00:00+00:00
[2024-06-08T23:47:50.929+0000] {processor.py:175} INFO - Processing /opt/airflow/dags/check_dag.py took 0.100 seconds
[2024-06-08T23:48:21.580+0000] {processor.py:153} INFO - Started process (PID=1689) to work on /opt/airflow/dags/check_dag.py
[2024-06-08T23:48:21.582+0000] {processor.py:743} INFO - Processing file /opt/airflow/dags/check_dag.py for tasks to queue
[2024-06-08T23:48:21.583+0000] {logging_mixin.py:137} INFO - [2024-06-08T23:48:21.583+0000] {dagbag.py:538} INFO - Filling up the DagBag from /opt/airflow/dags/check_dag.py
[2024-06-08T23:48:21.608+0000] {processor.py:753} INFO - DAG(s) dict_keys(['check_dag']) retrieved from /opt/airflow/dags/check_dag.py
[2024-06-08T23:48:21.633+0000] {logging_mixin.py:137} INFO - [2024-06-08T23:48:21.633+0000] {dag.py:2690} INFO - Sync 1 DAGs
[2024-06-08T23:48:21.655+0000] {logging_mixin.py:137} INFO - [2024-06-08T23:48:21.655+0000] {dag.py:3441} INFO - Setting next_dagrun for check_dag to 2024-05-07T00:00:00+00:00, run_after=2024-06-07T00:00:00+00:00
[2024-06-08T23:48:21.673+0000] {processor.py:175} INFO - Processing /opt/airflow/dags/check_dag.py took 0.097 seconds
[2024-06-08T23:48:52.207+0000] {processor.py:153} INFO - Started process (PID=1739) to work on /opt/airflow/dags/check_dag.py
[2024-06-08T23:48:52.210+0000] {processor.py:743} INFO - Processing file /opt/airflow/dags/check_dag.py for tasks to queue
[2024-06-08T23:48:52.211+0000] {logging_mixin.py:137} INFO - [2024-06-08T23:48:52.211+0000] {dagbag.py:538} INFO - Filling up the DagBag from /opt/airflow/dags/check_dag.py
[2024-06-08T23:48:52.228+0000] {processor.py:753} INFO - DAG(s) dict_keys(['check_dag']) retrieved from /opt/airflow/dags/check_dag.py
[2024-06-08T23:48:52.249+0000] {logging_mixin.py:137} INFO - [2024-06-08T23:48:52.249+0000] {dag.py:2690} INFO - Sync 1 DAGs
[2024-06-08T23:48:52.267+0000] {logging_mixin.py:137} INFO - [2024-06-08T23:48:52.267+0000] {dag.py:3441} INFO - Setting next_dagrun for check_dag to 2024-05-07T00:00:00+00:00, run_after=2024-06-07T00:00:00+00:00
[2024-06-08T23:48:52.280+0000] {processor.py:175} INFO - Processing /opt/airflow/dags/check_dag.py took 0.075 seconds
[2024-06-08T23:49:22.596+0000] {processor.py:153} INFO - Started process (PID=1789) to work on /opt/airflow/dags/check_dag.py
[2024-06-08T23:49:22.597+0000] {processor.py:743} INFO - Processing file /opt/airflow/dags/check_dag.py for tasks to queue
[2024-06-08T23:49:22.598+0000] {logging_mixin.py:137} INFO - [2024-06-08T23:49:22.598+0000] {dagbag.py:538} INFO - Filling up the DagBag from /opt/airflow/dags/check_dag.py
[2024-06-08T23:49:22.616+0000] {processor.py:753} INFO - DAG(s) dict_keys(['check_dag']) retrieved from /opt/airflow/dags/check_dag.py
[2024-06-08T23:49:22.638+0000] {logging_mixin.py:137} INFO - [2024-06-08T23:49:22.638+0000] {dag.py:2690} INFO - Sync 1 DAGs
[2024-06-08T23:49:22.658+0000] {logging_mixin.py:137} INFO - [2024-06-08T23:49:22.658+0000] {dag.py:3441} INFO - Setting next_dagrun for check_dag to 2024-05-07T00:00:00+00:00, run_after=2024-06-07T00:00:00+00:00
[2024-06-08T23:49:22.672+0000] {processor.py:175} INFO - Processing /opt/airflow/dags/check_dag.py took 0.078 seconds
[2024-06-08T23:49:52.882+0000] {processor.py:153} INFO - Started process (PID=1839) to work on /opt/airflow/dags/check_dag.py
[2024-06-08T23:49:52.883+0000] {processor.py:743} INFO - Processing file /opt/airflow/dags/check_dag.py for tasks to queue
[2024-06-08T23:49:52.884+0000] {logging_mixin.py:137} INFO - [2024-06-08T23:49:52.884+0000] {dagbag.py:538} INFO - Filling up the DagBag from /opt/airflow/dags/check_dag.py
[2024-06-08T23:49:52.913+0000] {processor.py:753} INFO - DAG(s) dict_keys(['check_dag']) retrieved from /opt/airflow/dags/check_dag.py
[2024-06-08T23:49:52.939+0000] {logging_mixin.py:137} INFO - [2024-06-08T23:49:52.939+0000] {dag.py:2690} INFO - Sync 1 DAGs
[2024-06-08T23:49:52.962+0000] {logging_mixin.py:137} INFO - [2024-06-08T23:49:52.962+0000] {dag.py:3441} INFO - Setting next_dagrun for check_dag to 2024-05-07T00:00:00+00:00, run_after=2024-06-07T00:00:00+00:00
[2024-06-08T23:49:52.976+0000] {processor.py:175} INFO - Processing /opt/airflow/dags/check_dag.py took 0.097 seconds
[2024-06-08T23:50:23.468+0000] {processor.py:153} INFO - Started process (PID=1889) to work on /opt/airflow/dags/check_dag.py
[2024-06-08T23:50:23.470+0000] {processor.py:743} INFO - Processing file /opt/airflow/dags/check_dag.py for tasks to queue
[2024-06-08T23:50:23.471+0000] {logging_mixin.py:137} INFO - [2024-06-08T23:50:23.471+0000] {dagbag.py:538} INFO - Filling up the DagBag from /opt/airflow/dags/check_dag.py
[2024-06-08T23:50:23.490+0000] {processor.py:753} INFO - DAG(s) dict_keys(['check_dag']) retrieved from /opt/airflow/dags/check_dag.py
[2024-06-08T23:50:23.513+0000] {logging_mixin.py:137} INFO - [2024-06-08T23:50:23.513+0000] {dag.py:2690} INFO - Sync 1 DAGs
[2024-06-08T23:50:23.534+0000] {logging_mixin.py:137} INFO - [2024-06-08T23:50:23.534+0000] {dag.py:3441} INFO - Setting next_dagrun for check_dag to 2024-05-07T00:00:00+00:00, run_after=2024-06-07T00:00:00+00:00
[2024-06-08T23:50:23.551+0000] {processor.py:175} INFO - Processing /opt/airflow/dags/check_dag.py took 0.087 seconds
[2024-06-08T23:50:54.132+0000] {processor.py:153} INFO - Started process (PID=1939) to work on /opt/airflow/dags/check_dag.py
[2024-06-08T23:50:54.134+0000] {processor.py:743} INFO - Processing file /opt/airflow/dags/check_dag.py for tasks to queue
[2024-06-08T23:50:54.135+0000] {logging_mixin.py:137} INFO - [2024-06-08T23:50:54.135+0000] {dagbag.py:538} INFO - Filling up the DagBag from /opt/airflow/dags/check_dag.py
[2024-06-08T23:50:54.166+0000] {processor.py:753} INFO - DAG(s) dict_keys(['check_dag']) retrieved from /opt/airflow/dags/check_dag.py
[2024-06-08T23:50:54.197+0000] {logging_mixin.py:137} INFO - [2024-06-08T23:50:54.197+0000] {dag.py:2690} INFO - Sync 1 DAGs
[2024-06-08T23:50:54.220+0000] {logging_mixin.py:137} INFO - [2024-06-08T23:50:54.220+0000] {dag.py:3441} INFO - Setting next_dagrun for check_dag to 2024-05-07T00:00:00+00:00, run_after=2024-06-07T00:00:00+00:00
[2024-06-08T23:50:54.236+0000] {processor.py:175} INFO - Processing /opt/airflow/dags/check_dag.py took 0.107 seconds
[2024-06-08T23:51:24.809+0000] {processor.py:153} INFO - Started process (PID=1989) to work on /opt/airflow/dags/check_dag.py
[2024-06-08T23:51:24.811+0000] {processor.py:743} INFO - Processing file /opt/airflow/dags/check_dag.py for tasks to queue
[2024-06-08T23:51:24.811+0000] {logging_mixin.py:137} INFO - [2024-06-08T23:51:24.811+0000] {dagbag.py:538} INFO - Filling up the DagBag from /opt/airflow/dags/check_dag.py
[2024-06-08T23:51:24.828+0000] {processor.py:753} INFO - DAG(s) dict_keys(['check_dag']) retrieved from /opt/airflow/dags/check_dag.py
[2024-06-08T23:51:24.850+0000] {logging_mixin.py:137} INFO - [2024-06-08T23:51:24.850+0000] {dag.py:2690} INFO - Sync 1 DAGs
[2024-06-08T23:51:24.869+0000] {logging_mixin.py:137} INFO - [2024-06-08T23:51:24.869+0000] {dag.py:3441} INFO - Setting next_dagrun for check_dag to 2024-05-07T00:00:00+00:00, run_after=2024-06-07T00:00:00+00:00
[2024-06-08T23:51:24.883+0000] {processor.py:175} INFO - Processing /opt/airflow/dags/check_dag.py took 0.076 seconds
[2024-06-08T23:51:55.386+0000] {processor.py:153} INFO - Started process (PID=2039) to work on /opt/airflow/dags/check_dag.py
[2024-06-08T23:51:55.387+0000] {processor.py:743} INFO - Processing file /opt/airflow/dags/check_dag.py for tasks to queue
[2024-06-08T23:51:55.388+0000] {logging_mixin.py:137} INFO - [2024-06-08T23:51:55.388+0000] {dagbag.py:538} INFO - Filling up the DagBag from /opt/airflow/dags/check_dag.py
[2024-06-08T23:51:55.410+0000] {processor.py:753} INFO - DAG(s) dict_keys(['check_dag']) retrieved from /opt/airflow/dags/check_dag.py
[2024-06-08T23:51:55.435+0000] {logging_mixin.py:137} INFO - [2024-06-08T23:51:55.435+0000] {dag.py:2690} INFO - Sync 1 DAGs
[2024-06-08T23:51:55.454+0000] {logging_mixin.py:137} INFO - [2024-06-08T23:51:55.454+0000] {dag.py:3441} INFO - Setting next_dagrun for check_dag to 2024-05-07T00:00:00+00:00, run_after=2024-06-07T00:00:00+00:00
[2024-06-08T23:51:55.474+0000] {processor.py:175} INFO - Processing /opt/airflow/dags/check_dag.py took 0.091 seconds
[2024-06-08T23:52:26.414+0000] {processor.py:153} INFO - Started process (PID=2089) to work on /opt/airflow/dags/check_dag.py
[2024-06-08T23:52:26.415+0000] {processor.py:743} INFO - Processing file /opt/airflow/dags/check_dag.py for tasks to queue
[2024-06-08T23:52:26.416+0000] {logging_mixin.py:137} INFO - [2024-06-08T23:52:26.416+0000] {dagbag.py:538} INFO - Filling up the DagBag from /opt/airflow/dags/check_dag.py
[2024-06-08T23:52:26.446+0000] {processor.py:753} INFO - DAG(s) dict_keys(['check_dag']) retrieved from /opt/airflow/dags/check_dag.py
[2024-06-08T23:52:26.469+0000] {logging_mixin.py:137} INFO - [2024-06-08T23:52:26.469+0000] {dag.py:2690} INFO - Sync 1 DAGs
[2024-06-08T23:52:26.488+0000] {logging_mixin.py:137} INFO - [2024-06-08T23:52:26.488+0000] {dag.py:3441} INFO - Setting next_dagrun for check_dag to 2024-05-07T00:00:00+00:00, run_after=2024-06-07T00:00:00+00:00
[2024-06-08T23:52:26.502+0000] {processor.py:175} INFO - Processing /opt/airflow/dags/check_dag.py took 0.092 seconds
[2024-06-08T23:52:57.187+0000] {processor.py:153} INFO - Started process (PID=2139) to work on /opt/airflow/dags/check_dag.py
[2024-06-08T23:52:57.190+0000] {processor.py:743} INFO - Processing file /opt/airflow/dags/check_dag.py for tasks to queue
[2024-06-08T23:52:57.191+0000] {logging_mixin.py:137} INFO - [2024-06-08T23:52:57.191+0000] {dagbag.py:538} INFO - Filling up the DagBag from /opt/airflow/dags/check_dag.py
[2024-06-08T23:52:57.224+0000] {processor.py:753} INFO - DAG(s) dict_keys(['check_dag']) retrieved from /opt/airflow/dags/check_dag.py
[2024-06-08T23:52:57.253+0000] {logging_mixin.py:137} INFO - [2024-06-08T23:52:57.253+0000] {dag.py:2690} INFO - Sync 1 DAGs
[2024-06-08T23:52:57.278+0000] {logging_mixin.py:137} INFO - [2024-06-08T23:52:57.278+0000] {dag.py:3441} INFO - Setting next_dagrun for check_dag to 2024-05-07T00:00:00+00:00, run_after=2024-06-07T00:00:00+00:00
[2024-06-08T23:52:57.291+0000] {processor.py:175} INFO - Processing /opt/airflow/dags/check_dag.py took 0.108 seconds
[2024-06-08T23:53:28.234+0000] {processor.py:153} INFO - Started process (PID=2188) to work on /opt/airflow/dags/check_dag.py
[2024-06-08T23:53:28.235+0000] {processor.py:743} INFO - Processing file /opt/airflow/dags/check_dag.py for tasks to queue
[2024-06-08T23:53:28.237+0000] {logging_mixin.py:137} INFO - [2024-06-08T23:53:28.237+0000] {dagbag.py:538} INFO - Filling up the DagBag from /opt/airflow/dags/check_dag.py
[2024-06-08T23:53:28.266+0000] {processor.py:753} INFO - DAG(s) dict_keys(['check_dag']) retrieved from /opt/airflow/dags/check_dag.py
[2024-06-08T23:53:28.315+0000] {logging_mixin.py:137} INFO - [2024-06-08T23:53:28.315+0000] {dag.py:2690} INFO - Sync 1 DAGs
[2024-06-08T23:53:28.338+0000] {logging_mixin.py:137} INFO - [2024-06-08T23:53:28.337+0000] {dag.py:3441} INFO - Setting next_dagrun for check_dag to 2024-05-07T00:00:00+00:00, run_after=2024-06-07T00:00:00+00:00
[2024-06-08T23:53:28.352+0000] {processor.py:175} INFO - Processing /opt/airflow/dags/check_dag.py took 0.121 seconds
[2024-06-08T23:53:58.728+0000] {processor.py:153} INFO - Started process (PID=2238) to work on /opt/airflow/dags/check_dag.py
[2024-06-08T23:53:58.730+0000] {processor.py:743} INFO - Processing file /opt/airflow/dags/check_dag.py for tasks to queue
[2024-06-08T23:53:58.731+0000] {logging_mixin.py:137} INFO - [2024-06-08T23:53:58.731+0000] {dagbag.py:538} INFO - Filling up the DagBag from /opt/airflow/dags/check_dag.py
[2024-06-08T23:53:58.755+0000] {processor.py:753} INFO - DAG(s) dict_keys(['check_dag']) retrieved from /opt/airflow/dags/check_dag.py
[2024-06-08T23:53:58.782+0000] {logging_mixin.py:137} INFO - [2024-06-08T23:53:58.782+0000] {dag.py:2690} INFO - Sync 1 DAGs
[2024-06-08T23:53:58.799+0000] {logging_mixin.py:137} INFO - [2024-06-08T23:53:58.799+0000] {dag.py:3441} INFO - Setting next_dagrun for check_dag to 2024-05-07T00:00:00+00:00, run_after=2024-06-07T00:00:00+00:00
[2024-06-08T23:53:58.812+0000] {processor.py:175} INFO - Processing /opt/airflow/dags/check_dag.py took 0.087 seconds
[2024-06-08T23:54:29.313+0000] {processor.py:153} INFO - Started process (PID=2288) to work on /opt/airflow/dags/check_dag.py
[2024-06-08T23:54:29.314+0000] {processor.py:743} INFO - Processing file /opt/airflow/dags/check_dag.py for tasks to queue
[2024-06-08T23:54:29.315+0000] {logging_mixin.py:137} INFO - [2024-06-08T23:54:29.315+0000] {dagbag.py:538} INFO - Filling up the DagBag from /opt/airflow/dags/check_dag.py
[2024-06-08T23:54:29.332+0000] {processor.py:753} INFO - DAG(s) dict_keys(['check_dag']) retrieved from /opt/airflow/dags/check_dag.py
[2024-06-08T23:54:29.354+0000] {logging_mixin.py:137} INFO - [2024-06-08T23:54:29.354+0000] {dag.py:2690} INFO - Sync 1 DAGs
[2024-06-08T23:54:29.372+0000] {logging_mixin.py:137} INFO - [2024-06-08T23:54:29.372+0000] {dag.py:3441} INFO - Setting next_dagrun for check_dag to 2024-05-07T00:00:00+00:00, run_after=2024-06-07T00:00:00+00:00
[2024-06-08T23:54:29.386+0000] {processor.py:175} INFO - Processing /opt/airflow/dags/check_dag.py took 0.076 seconds
[2024-06-08T23:54:59.813+0000] {processor.py:153} INFO - Started process (PID=2338) to work on /opt/airflow/dags/check_dag.py
[2024-06-08T23:54:59.814+0000] {processor.py:743} INFO - Processing file /opt/airflow/dags/check_dag.py for tasks to queue
[2024-06-08T23:54:59.815+0000] {logging_mixin.py:137} INFO - [2024-06-08T23:54:59.815+0000] {dagbag.py:538} INFO - Filling up the DagBag from /opt/airflow/dags/check_dag.py
[2024-06-08T23:54:59.831+0000] {processor.py:753} INFO - DAG(s) dict_keys(['check_dag']) retrieved from /opt/airflow/dags/check_dag.py
[2024-06-08T23:54:59.855+0000] {logging_mixin.py:137} INFO - [2024-06-08T23:54:59.854+0000] {dag.py:2690} INFO - Sync 1 DAGs
[2024-06-08T23:54:59.874+0000] {logging_mixin.py:137} INFO - [2024-06-08T23:54:59.874+0000] {dag.py:3441} INFO - Setting next_dagrun for check_dag to 2024-05-07T00:00:00+00:00, run_after=2024-06-07T00:00:00+00:00
[2024-06-08T23:54:59.890+0000] {processor.py:175} INFO - Processing /opt/airflow/dags/check_dag.py took 0.079 seconds
[2024-06-08T23:55:30.174+0000] {processor.py:153} INFO - Started process (PID=2387) to work on /opt/airflow/dags/check_dag.py
[2024-06-08T23:55:30.175+0000] {processor.py:743} INFO - Processing file /opt/airflow/dags/check_dag.py for tasks to queue
[2024-06-08T23:55:30.177+0000] {logging_mixin.py:137} INFO - [2024-06-08T23:55:30.176+0000] {dagbag.py:538} INFO - Filling up the DagBag from /opt/airflow/dags/check_dag.py
[2024-06-08T23:55:30.202+0000] {processor.py:753} INFO - DAG(s) dict_keys(['check_dag']) retrieved from /opt/airflow/dags/check_dag.py
[2024-06-08T23:55:30.227+0000] {logging_mixin.py:137} INFO - [2024-06-08T23:55:30.227+0000] {dag.py:2690} INFO - Sync 1 DAGs
[2024-06-08T23:55:30.246+0000] {logging_mixin.py:137} INFO - [2024-06-08T23:55:30.246+0000] {dag.py:3441} INFO - Setting next_dagrun for check_dag to 2024-05-07T00:00:00+00:00, run_after=2024-06-07T00:00:00+00:00
[2024-06-08T23:55:30.259+0000] {processor.py:175} INFO - Processing /opt/airflow/dags/check_dag.py took 0.088 seconds
[2024-06-08T23:56:00.553+0000] {processor.py:153} INFO - Started process (PID=2437) to work on /opt/airflow/dags/check_dag.py
[2024-06-08T23:56:00.555+0000] {processor.py:743} INFO - Processing file /opt/airflow/dags/check_dag.py for tasks to queue
[2024-06-08T23:56:00.556+0000] {logging_mixin.py:137} INFO - [2024-06-08T23:56:00.556+0000] {dagbag.py:538} INFO - Filling up the DagBag from /opt/airflow/dags/check_dag.py
[2024-06-08T23:56:00.575+0000] {processor.py:753} INFO - DAG(s) dict_keys(['check_dag']) retrieved from /opt/airflow/dags/check_dag.py
[2024-06-08T23:56:00.606+0000] {logging_mixin.py:137} INFO - [2024-06-08T23:56:00.606+0000] {dag.py:2690} INFO - Sync 1 DAGs
[2024-06-08T23:56:00.629+0000] {logging_mixin.py:137} INFO - [2024-06-08T23:56:00.628+0000] {dag.py:3441} INFO - Setting next_dagrun for check_dag to 2024-05-07T00:00:00+00:00, run_after=2024-06-07T00:00:00+00:00
[2024-06-08T23:56:00.642+0000] {processor.py:175} INFO - Processing /opt/airflow/dags/check_dag.py took 0.092 seconds
[2024-06-08T23:56:30.963+0000] {processor.py:153} INFO - Started process (PID=2487) to work on /opt/airflow/dags/check_dag.py
[2024-06-08T23:56:30.965+0000] {processor.py:743} INFO - Processing file /opt/airflow/dags/check_dag.py for tasks to queue
[2024-06-08T23:56:30.965+0000] {logging_mixin.py:137} INFO - [2024-06-08T23:56:30.965+0000] {dagbag.py:538} INFO - Filling up the DagBag from /opt/airflow/dags/check_dag.py
[2024-06-08T23:56:30.983+0000] {processor.py:753} INFO - DAG(s) dict_keys(['check_dag']) retrieved from /opt/airflow/dags/check_dag.py
[2024-06-08T23:56:31.011+0000] {logging_mixin.py:137} INFO - [2024-06-08T23:56:31.011+0000] {dag.py:2690} INFO - Sync 1 DAGs
[2024-06-08T23:56:31.036+0000] {logging_mixin.py:137} INFO - [2024-06-08T23:56:31.036+0000] {dag.py:3441} INFO - Setting next_dagrun for check_dag to 2024-05-07T00:00:00+00:00, run_after=2024-06-07T00:00:00+00:00
[2024-06-08T23:56:31.053+0000] {processor.py:175} INFO - Processing /opt/airflow/dags/check_dag.py took 0.092 seconds
[2024-06-08T23:57:01.439+0000] {processor.py:153} INFO - Started process (PID=2537) to work on /opt/airflow/dags/check_dag.py
[2024-06-08T23:57:01.440+0000] {processor.py:743} INFO - Processing file /opt/airflow/dags/check_dag.py for tasks to queue
[2024-06-08T23:57:01.441+0000] {logging_mixin.py:137} INFO - [2024-06-08T23:57:01.441+0000] {dagbag.py:538} INFO - Filling up the DagBag from /opt/airflow/dags/check_dag.py
[2024-06-08T23:57:01.463+0000] {processor.py:753} INFO - DAG(s) dict_keys(['check_dag']) retrieved from /opt/airflow/dags/check_dag.py
[2024-06-08T23:57:01.488+0000] {logging_mixin.py:137} INFO - [2024-06-08T23:57:01.488+0000] {dag.py:2690} INFO - Sync 1 DAGs
[2024-06-08T23:57:01.509+0000] {logging_mixin.py:137} INFO - [2024-06-08T23:57:01.509+0000] {dag.py:3441} INFO - Setting next_dagrun for check_dag to 2024-05-07T00:00:00+00:00, run_after=2024-06-07T00:00:00+00:00
[2024-06-08T23:57:01.524+0000] {processor.py:175} INFO - Processing /opt/airflow/dags/check_dag.py took 0.088 seconds
[2024-06-08T23:57:31.848+0000] {processor.py:153} INFO - Started process (PID=2587) to work on /opt/airflow/dags/check_dag.py
[2024-06-08T23:57:31.849+0000] {processor.py:743} INFO - Processing file /opt/airflow/dags/check_dag.py for tasks to queue
[2024-06-08T23:57:31.850+0000] {logging_mixin.py:137} INFO - [2024-06-08T23:57:31.850+0000] {dagbag.py:538} INFO - Filling up the DagBag from /opt/airflow/dags/check_dag.py
[2024-06-08T23:57:31.871+0000] {processor.py:753} INFO - DAG(s) dict_keys(['check_dag']) retrieved from /opt/airflow/dags/check_dag.py
[2024-06-08T23:57:31.900+0000] {logging_mixin.py:137} INFO - [2024-06-08T23:57:31.900+0000] {dag.py:2690} INFO - Sync 1 DAGs
[2024-06-08T23:57:31.927+0000] {logging_mixin.py:137} INFO - [2024-06-08T23:57:31.926+0000] {dag.py:3441} INFO - Setting next_dagrun for check_dag to 2024-05-07T00:00:00+00:00, run_after=2024-06-07T00:00:00+00:00
[2024-06-08T23:57:31.949+0000] {processor.py:175} INFO - Processing /opt/airflow/dags/check_dag.py took 0.103 seconds
[2024-06-08T23:58:02.373+0000] {processor.py:153} INFO - Started process (PID=2637) to work on /opt/airflow/dags/check_dag.py
[2024-06-08T23:58:02.375+0000] {processor.py:743} INFO - Processing file /opt/airflow/dags/check_dag.py for tasks to queue
[2024-06-08T23:58:02.377+0000] {logging_mixin.py:137} INFO - [2024-06-08T23:58:02.377+0000] {dagbag.py:538} INFO - Filling up the DagBag from /opt/airflow/dags/check_dag.py
[2024-06-08T23:58:02.405+0000] {processor.py:753} INFO - DAG(s) dict_keys(['check_dag']) retrieved from /opt/airflow/dags/check_dag.py
[2024-06-08T23:58:02.434+0000] {logging_mixin.py:137} INFO - [2024-06-08T23:58:02.434+0000] {dag.py:2690} INFO - Sync 1 DAGs
[2024-06-08T23:58:02.456+0000] {logging_mixin.py:137} INFO - [2024-06-08T23:58:02.456+0000] {dag.py:3441} INFO - Setting next_dagrun for check_dag to 2024-05-07T00:00:00+00:00, run_after=2024-06-07T00:00:00+00:00
[2024-06-08T23:58:02.471+0000] {processor.py:175} INFO - Processing /opt/airflow/dags/check_dag.py took 0.102 seconds
[2024-06-08T23:58:33.096+0000] {processor.py:153} INFO - Started process (PID=2694) to work on /opt/airflow/dags/check_dag.py
[2024-06-08T23:58:33.097+0000] {processor.py:743} INFO - Processing file /opt/airflow/dags/check_dag.py for tasks to queue
[2024-06-08T23:58:33.099+0000] {logging_mixin.py:137} INFO - [2024-06-08T23:58:33.099+0000] {dagbag.py:538} INFO - Filling up the DagBag from /opt/airflow/dags/check_dag.py
[2024-06-08T23:58:33.136+0000] {processor.py:753} INFO - DAG(s) dict_keys(['check_dag']) retrieved from /opt/airflow/dags/check_dag.py
[2024-06-08T23:58:33.161+0000] {logging_mixin.py:137} INFO - [2024-06-08T23:58:33.161+0000] {dag.py:2690} INFO - Sync 1 DAGs
[2024-06-08T23:58:33.182+0000] {logging_mixin.py:137} INFO - [2024-06-08T23:58:33.182+0000] {dag.py:3441} INFO - Setting next_dagrun for check_dag to 2024-05-07T00:00:00+00:00, run_after=2024-06-07T00:00:00+00:00
[2024-06-08T23:58:33.197+0000] {processor.py:175} INFO - Processing /opt/airflow/dags/check_dag.py took 0.104 seconds
[2024-06-08T23:59:04.053+0000] {processor.py:153} INFO - Started process (PID=2744) to work on /opt/airflow/dags/check_dag.py
[2024-06-08T23:59:04.055+0000] {processor.py:743} INFO - Processing file /opt/airflow/dags/check_dag.py for tasks to queue
[2024-06-08T23:59:04.056+0000] {logging_mixin.py:137} INFO - [2024-06-08T23:59:04.056+0000] {dagbag.py:538} INFO - Filling up the DagBag from /opt/airflow/dags/check_dag.py
[2024-06-08T23:59:04.074+0000] {processor.py:753} INFO - DAG(s) dict_keys(['check_dag']) retrieved from /opt/airflow/dags/check_dag.py
[2024-06-08T23:59:04.098+0000] {logging_mixin.py:137} INFO - [2024-06-08T23:59:04.098+0000] {dag.py:2690} INFO - Sync 1 DAGs
[2024-06-08T23:59:04.118+0000] {logging_mixin.py:137} INFO - [2024-06-08T23:59:04.118+0000] {dag.py:3441} INFO - Setting next_dagrun for check_dag to 2024-05-07T00:00:00+00:00, run_after=2024-06-07T00:00:00+00:00
[2024-06-08T23:59:04.131+0000] {processor.py:175} INFO - Processing /opt/airflow/dags/check_dag.py took 0.081 seconds
[2024-06-08T23:59:34.505+0000] {processor.py:153} INFO - Started process (PID=2794) to work on /opt/airflow/dags/check_dag.py
[2024-06-08T23:59:34.507+0000] {processor.py:743} INFO - Processing file /opt/airflow/dags/check_dag.py for tasks to queue
[2024-06-08T23:59:34.508+0000] {logging_mixin.py:137} INFO - [2024-06-08T23:59:34.508+0000] {dagbag.py:538} INFO - Filling up the DagBag from /opt/airflow/dags/check_dag.py
[2024-06-08T23:59:34.532+0000] {processor.py:753} INFO - DAG(s) dict_keys(['check_dag']) retrieved from /opt/airflow/dags/check_dag.py
[2024-06-08T23:59:34.557+0000] {logging_mixin.py:137} INFO - [2024-06-08T23:59:34.557+0000] {dag.py:2690} INFO - Sync 1 DAGs
[2024-06-08T23:59:34.580+0000] {logging_mixin.py:137} INFO - [2024-06-08T23:59:34.580+0000] {dag.py:3441} INFO - Setting next_dagrun for check_dag to 2024-05-07T00:00:00+00:00, run_after=2024-06-07T00:00:00+00:00
[2024-06-08T23:59:34.595+0000] {processor.py:175} INFO - Processing /opt/airflow/dags/check_dag.py took 0.093 seconds
