[2024-06-08T23:31:34.371+0000] {processor.py:153} INFO - Started process (PID=35) to work on /opt/airflow/dags/fitbit_pull_dag.py
[2024-06-08T23:31:34.373+0000] {processor.py:743} INFO - Processing file /opt/airflow/dags/fitbit_pull_dag.py for tasks to queue
[2024-06-08T23:31:34.375+0000] {logging_mixin.py:137} INFO - [2024-06-08T23:31:34.375+0000] {dagbag.py:538} INFO - Filling up the DagBag from /opt/airflow/dags/fitbit_pull_dag.py
[2024-06-08T23:31:34.926+0000] {processor.py:753} INFO - DAG(s) dict_keys(['fitbit_data_pull']) retrieved from /opt/airflow/dags/fitbit_pull_dag.py
[2024-06-08T23:31:34.951+0000] {logging_mixin.py:137} INFO - [2024-06-08T23:31:34.951+0000] {dag.py:2690} INFO - Sync 1 DAGs
[2024-06-08T23:31:34.970+0000] {logging_mixin.py:137} INFO - [2024-06-08T23:31:34.970+0000] {dag.py:3441} INFO - Setting next_dagrun for fitbit_data_pull to 2024-06-08T18:00:00+00:00, run_after=2024-06-09T18:00:00+00:00
[2024-06-08T23:31:34.982+0000] {processor.py:175} INFO - Processing /opt/airflow/dags/fitbit_pull_dag.py took 0.615 seconds
[2024-06-08T23:32:05.462+0000] {processor.py:153} INFO - Started process (PID=85) to work on /opt/airflow/dags/fitbit_pull_dag.py
[2024-06-08T23:32:05.464+0000] {processor.py:743} INFO - Processing file /opt/airflow/dags/fitbit_pull_dag.py for tasks to queue
[2024-06-08T23:32:05.465+0000] {logging_mixin.py:137} INFO - [2024-06-08T23:32:05.465+0000] {dagbag.py:538} INFO - Filling up the DagBag from /opt/airflow/dags/fitbit_pull_dag.py
[2024-06-08T23:32:05.670+0000] {processor.py:753} INFO - DAG(s) dict_keys(['fitbit_data_pull']) retrieved from /opt/airflow/dags/fitbit_pull_dag.py
[2024-06-08T23:32:05.694+0000] {logging_mixin.py:137} INFO - [2024-06-08T23:32:05.693+0000] {dag.py:2690} INFO - Sync 1 DAGs
[2024-06-08T23:32:05.712+0000] {logging_mixin.py:137} INFO - [2024-06-08T23:32:05.712+0000] {dag.py:3441} INFO - Setting next_dagrun for fitbit_data_pull to 2024-06-08T18:00:00+00:00, run_after=2024-06-09T18:00:00+00:00
[2024-06-08T23:32:05.725+0000] {processor.py:175} INFO - Processing /opt/airflow/dags/fitbit_pull_dag.py took 0.267 seconds
[2024-06-08T23:32:35.995+0000] {processor.py:153} INFO - Started process (PID=135) to work on /opt/airflow/dags/fitbit_pull_dag.py
[2024-06-08T23:32:35.997+0000] {processor.py:743} INFO - Processing file /opt/airflow/dags/fitbit_pull_dag.py for tasks to queue
[2024-06-08T23:32:35.998+0000] {logging_mixin.py:137} INFO - [2024-06-08T23:32:35.998+0000] {dagbag.py:538} INFO - Filling up the DagBag from /opt/airflow/dags/fitbit_pull_dag.py
[2024-06-08T23:32:36.161+0000] {processor.py:753} INFO - DAG(s) dict_keys(['fitbit_data_pull']) retrieved from /opt/airflow/dags/fitbit_pull_dag.py
[2024-06-08T23:32:36.180+0000] {logging_mixin.py:137} INFO - [2024-06-08T23:32:36.179+0000] {dag.py:2690} INFO - Sync 1 DAGs
[2024-06-08T23:32:36.197+0000] {logging_mixin.py:137} INFO - [2024-06-08T23:32:36.197+0000] {dag.py:3441} INFO - Setting next_dagrun for fitbit_data_pull to 2024-06-08T18:00:00+00:00, run_after=2024-06-09T18:00:00+00:00
[2024-06-08T23:32:36.208+0000] {processor.py:175} INFO - Processing /opt/airflow/dags/fitbit_pull_dag.py took 0.216 seconds
[2024-06-08T23:33:06.343+0000] {processor.py:153} INFO - Started process (PID=185) to work on /opt/airflow/dags/fitbit_pull_dag.py
[2024-06-08T23:33:06.344+0000] {processor.py:743} INFO - Processing file /opt/airflow/dags/fitbit_pull_dag.py for tasks to queue
[2024-06-08T23:33:06.345+0000] {logging_mixin.py:137} INFO - [2024-06-08T23:33:06.345+0000] {dagbag.py:538} INFO - Filling up the DagBag from /opt/airflow/dags/fitbit_pull_dag.py
[2024-06-08T23:33:06.522+0000] {processor.py:753} INFO - DAG(s) dict_keys(['fitbit_data_pull']) retrieved from /opt/airflow/dags/fitbit_pull_dag.py
[2024-06-08T23:33:06.542+0000] {logging_mixin.py:137} INFO - [2024-06-08T23:33:06.542+0000] {dag.py:2690} INFO - Sync 1 DAGs
[2024-06-08T23:33:06.564+0000] {logging_mixin.py:137} INFO - [2024-06-08T23:33:06.564+0000] {dag.py:3441} INFO - Setting next_dagrun for fitbit_data_pull to 2024-06-08T18:00:00+00:00, run_after=2024-06-09T18:00:00+00:00
[2024-06-08T23:33:06.580+0000] {processor.py:175} INFO - Processing /opt/airflow/dags/fitbit_pull_dag.py took 0.242 seconds
[2024-06-08T23:33:36.714+0000] {processor.py:153} INFO - Started process (PID=236) to work on /opt/airflow/dags/fitbit_pull_dag.py
[2024-06-08T23:33:36.717+0000] {processor.py:743} INFO - Processing file /opt/airflow/dags/fitbit_pull_dag.py for tasks to queue
[2024-06-08T23:33:36.718+0000] {logging_mixin.py:137} INFO - [2024-06-08T23:33:36.717+0000] {dagbag.py:538} INFO - Filling up the DagBag from /opt/airflow/dags/fitbit_pull_dag.py
[2024-06-08T23:33:36.880+0000] {processor.py:753} INFO - DAG(s) dict_keys(['fitbit_data_pull']) retrieved from /opt/airflow/dags/fitbit_pull_dag.py
[2024-06-08T23:33:36.900+0000] {logging_mixin.py:137} INFO - [2024-06-08T23:33:36.899+0000] {dag.py:2690} INFO - Sync 1 DAGs
[2024-06-08T23:33:36.917+0000] {logging_mixin.py:137} INFO - [2024-06-08T23:33:36.917+0000] {dag.py:3441} INFO - Setting next_dagrun for fitbit_data_pull to 2024-06-08T18:00:00+00:00, run_after=2024-06-09T18:00:00+00:00
[2024-06-08T23:33:36.929+0000] {processor.py:175} INFO - Processing /opt/airflow/dags/fitbit_pull_dag.py took 0.218 seconds
[2024-06-08T23:34:07.043+0000] {processor.py:153} INFO - Started process (PID=287) to work on /opt/airflow/dags/fitbit_pull_dag.py
[2024-06-08T23:34:07.045+0000] {processor.py:743} INFO - Processing file /opt/airflow/dags/fitbit_pull_dag.py for tasks to queue
[2024-06-08T23:34:07.046+0000] {logging_mixin.py:137} INFO - [2024-06-08T23:34:07.046+0000] {dagbag.py:538} INFO - Filling up the DagBag from /opt/airflow/dags/fitbit_pull_dag.py
[2024-06-08T23:34:07.257+0000] {processor.py:753} INFO - DAG(s) dict_keys(['fitbit_data_pull']) retrieved from /opt/airflow/dags/fitbit_pull_dag.py
[2024-06-08T23:34:07.276+0000] {logging_mixin.py:137} INFO - [2024-06-08T23:34:07.276+0000] {dag.py:2690} INFO - Sync 1 DAGs
[2024-06-08T23:34:07.294+0000] {logging_mixin.py:137} INFO - [2024-06-08T23:34:07.294+0000] {dag.py:3441} INFO - Setting next_dagrun for fitbit_data_pull to 2024-06-08T18:00:00+00:00, run_after=2024-06-09T18:00:00+00:00
[2024-06-08T23:34:07.308+0000] {processor.py:175} INFO - Processing /opt/airflow/dags/fitbit_pull_dag.py took 0.268 seconds
[2024-06-08T23:34:37.439+0000] {processor.py:153} INFO - Started process (PID=335) to work on /opt/airflow/dags/fitbit_pull_dag.py
[2024-06-08T23:34:37.441+0000] {processor.py:743} INFO - Processing file /opt/airflow/dags/fitbit_pull_dag.py for tasks to queue
[2024-06-08T23:34:37.442+0000] {logging_mixin.py:137} INFO - [2024-06-08T23:34:37.442+0000] {dagbag.py:538} INFO - Filling up the DagBag from /opt/airflow/dags/fitbit_pull_dag.py
[2024-06-08T23:34:37.743+0000] {processor.py:753} INFO - DAG(s) dict_keys(['fitbit_data_pull']) retrieved from /opt/airflow/dags/fitbit_pull_dag.py
[2024-06-08T23:34:37.768+0000] {logging_mixin.py:137} INFO - [2024-06-08T23:34:37.768+0000] {dag.py:2690} INFO - Sync 1 DAGs
[2024-06-08T23:34:37.808+0000] {logging_mixin.py:137} INFO - [2024-06-08T23:34:37.807+0000] {dag.py:3441} INFO - Setting next_dagrun for fitbit_data_pull to 2024-06-08T18:00:00+00:00, run_after=2024-06-09T18:00:00+00:00
[2024-06-08T23:34:37.833+0000] {processor.py:175} INFO - Processing /opt/airflow/dags/fitbit_pull_dag.py took 0.396 seconds
[2024-06-08T23:35:08.179+0000] {processor.py:153} INFO - Started process (PID=385) to work on /opt/airflow/dags/fitbit_pull_dag.py
[2024-06-08T23:35:08.181+0000] {processor.py:743} INFO - Processing file /opt/airflow/dags/fitbit_pull_dag.py for tasks to queue
[2024-06-08T23:35:08.182+0000] {logging_mixin.py:137} INFO - [2024-06-08T23:35:08.182+0000] {dagbag.py:538} INFO - Filling up the DagBag from /opt/airflow/dags/fitbit_pull_dag.py
[2024-06-08T23:35:08.391+0000] {processor.py:753} INFO - DAG(s) dict_keys(['fitbit_data_pull']) retrieved from /opt/airflow/dags/fitbit_pull_dag.py
[2024-06-08T23:35:08.415+0000] {logging_mixin.py:137} INFO - [2024-06-08T23:35:08.414+0000] {dag.py:2690} INFO - Sync 1 DAGs
[2024-06-08T23:35:08.434+0000] {logging_mixin.py:137} INFO - [2024-06-08T23:35:08.434+0000] {dag.py:3441} INFO - Setting next_dagrun for fitbit_data_pull to 2024-06-08T18:00:00+00:00, run_after=2024-06-09T18:00:00+00:00
[2024-06-08T23:35:08.447+0000] {processor.py:175} INFO - Processing /opt/airflow/dags/fitbit_pull_dag.py took 0.271 seconds
[2024-06-08T23:35:38.687+0000] {processor.py:153} INFO - Started process (PID=435) to work on /opt/airflow/dags/fitbit_pull_dag.py
[2024-06-08T23:35:38.690+0000] {processor.py:743} INFO - Processing file /opt/airflow/dags/fitbit_pull_dag.py for tasks to queue
[2024-06-08T23:35:38.691+0000] {logging_mixin.py:137} INFO - [2024-06-08T23:35:38.691+0000] {dagbag.py:538} INFO - Filling up the DagBag from /opt/airflow/dags/fitbit_pull_dag.py
[2024-06-08T23:35:38.915+0000] {processor.py:753} INFO - DAG(s) dict_keys(['fitbit_data_pull']) retrieved from /opt/airflow/dags/fitbit_pull_dag.py
[2024-06-08T23:35:38.934+0000] {logging_mixin.py:137} INFO - [2024-06-08T23:35:38.934+0000] {dag.py:2690} INFO - Sync 1 DAGs
[2024-06-08T23:35:38.953+0000] {logging_mixin.py:137} INFO - [2024-06-08T23:35:38.953+0000] {dag.py:3441} INFO - Setting next_dagrun for fitbit_data_pull to 2024-06-08T18:00:00+00:00, run_after=2024-06-09T18:00:00+00:00
[2024-06-08T23:35:38.965+0000] {processor.py:175} INFO - Processing /opt/airflow/dags/fitbit_pull_dag.py took 0.283 seconds
[2024-06-08T23:36:09.315+0000] {processor.py:153} INFO - Started process (PID=485) to work on /opt/airflow/dags/fitbit_pull_dag.py
[2024-06-08T23:36:09.318+0000] {processor.py:743} INFO - Processing file /opt/airflow/dags/fitbit_pull_dag.py for tasks to queue
[2024-06-08T23:36:09.319+0000] {logging_mixin.py:137} INFO - [2024-06-08T23:36:09.319+0000] {dagbag.py:538} INFO - Filling up the DagBag from /opt/airflow/dags/fitbit_pull_dag.py
[2024-06-08T23:36:09.546+0000] {processor.py:753} INFO - DAG(s) dict_keys(['fitbit_data_pull']) retrieved from /opt/airflow/dags/fitbit_pull_dag.py
[2024-06-08T23:36:09.565+0000] {logging_mixin.py:137} INFO - [2024-06-08T23:36:09.565+0000] {dag.py:2690} INFO - Sync 1 DAGs
[2024-06-08T23:36:09.581+0000] {logging_mixin.py:137} INFO - [2024-06-08T23:36:09.581+0000] {dag.py:3441} INFO - Setting next_dagrun for fitbit_data_pull to 2024-06-08T18:00:00+00:00, run_after=2024-06-09T18:00:00+00:00
[2024-06-08T23:36:09.595+0000] {processor.py:175} INFO - Processing /opt/airflow/dags/fitbit_pull_dag.py took 0.284 seconds
[2024-06-08T23:36:40.020+0000] {processor.py:153} INFO - Started process (PID=535) to work on /opt/airflow/dags/fitbit_pull_dag.py
[2024-06-08T23:36:40.023+0000] {processor.py:743} INFO - Processing file /opt/airflow/dags/fitbit_pull_dag.py for tasks to queue
[2024-06-08T23:36:40.024+0000] {logging_mixin.py:137} INFO - [2024-06-08T23:36:40.024+0000] {dagbag.py:538} INFO - Filling up the DagBag from /opt/airflow/dags/fitbit_pull_dag.py
[2024-06-08T23:36:40.297+0000] {processor.py:753} INFO - DAG(s) dict_keys(['fitbit_data_pull']) retrieved from /opt/airflow/dags/fitbit_pull_dag.py
[2024-06-08T23:36:40.320+0000] {logging_mixin.py:137} INFO - [2024-06-08T23:36:40.319+0000] {dag.py:2690} INFO - Sync 1 DAGs
[2024-06-08T23:36:40.349+0000] {logging_mixin.py:137} INFO - [2024-06-08T23:36:40.349+0000] {dag.py:3441} INFO - Setting next_dagrun for fitbit_data_pull to 2024-06-08T18:00:00+00:00, run_after=2024-06-09T18:00:00+00:00
[2024-06-08T23:36:40.363+0000] {processor.py:175} INFO - Processing /opt/airflow/dags/fitbit_pull_dag.py took 0.348 seconds
[2024-06-08T23:37:10.666+0000] {processor.py:153} INFO - Started process (PID=585) to work on /opt/airflow/dags/fitbit_pull_dag.py
[2024-06-08T23:37:10.668+0000] {processor.py:743} INFO - Processing file /opt/airflow/dags/fitbit_pull_dag.py for tasks to queue
[2024-06-08T23:37:10.669+0000] {logging_mixin.py:137} INFO - [2024-06-08T23:37:10.669+0000] {dagbag.py:538} INFO - Filling up the DagBag from /opt/airflow/dags/fitbit_pull_dag.py
[2024-06-08T23:37:10.946+0000] {processor.py:753} INFO - DAG(s) dict_keys(['fitbit_data_pull']) retrieved from /opt/airflow/dags/fitbit_pull_dag.py
[2024-06-08T23:37:10.965+0000] {logging_mixin.py:137} INFO - [2024-06-08T23:37:10.965+0000] {dag.py:2690} INFO - Sync 1 DAGs
[2024-06-08T23:37:10.986+0000] {logging_mixin.py:137} INFO - [2024-06-08T23:37:10.986+0000] {dag.py:3441} INFO - Setting next_dagrun for fitbit_data_pull to 2024-06-08T18:00:00+00:00, run_after=2024-06-09T18:00:00+00:00
[2024-06-08T23:37:11.001+0000] {processor.py:175} INFO - Processing /opt/airflow/dags/fitbit_pull_dag.py took 0.339 seconds
[2024-06-08T23:37:41.153+0000] {processor.py:153} INFO - Started process (PID=635) to work on /opt/airflow/dags/fitbit_pull_dag.py
[2024-06-08T23:37:41.155+0000] {processor.py:743} INFO - Processing file /opt/airflow/dags/fitbit_pull_dag.py for tasks to queue
[2024-06-08T23:37:41.156+0000] {logging_mixin.py:137} INFO - [2024-06-08T23:37:41.156+0000] {dagbag.py:538} INFO - Filling up the DagBag from /opt/airflow/dags/fitbit_pull_dag.py
[2024-06-08T23:37:41.356+0000] {processor.py:753} INFO - DAG(s) dict_keys(['fitbit_data_pull']) retrieved from /opt/airflow/dags/fitbit_pull_dag.py
[2024-06-08T23:37:41.374+0000] {logging_mixin.py:137} INFO - [2024-06-08T23:37:41.374+0000] {dag.py:2690} INFO - Sync 1 DAGs
[2024-06-08T23:37:41.391+0000] {logging_mixin.py:137} INFO - [2024-06-08T23:37:41.391+0000] {dag.py:3441} INFO - Setting next_dagrun for fitbit_data_pull to 2024-06-08T18:00:00+00:00, run_after=2024-06-09T18:00:00+00:00
[2024-06-08T23:37:41.402+0000] {processor.py:175} INFO - Processing /opt/airflow/dags/fitbit_pull_dag.py took 0.253 seconds
[2024-06-08T23:38:11.601+0000] {processor.py:153} INFO - Started process (PID=685) to work on /opt/airflow/dags/fitbit_pull_dag.py
[2024-06-08T23:38:11.603+0000] {processor.py:743} INFO - Processing file /opt/airflow/dags/fitbit_pull_dag.py for tasks to queue
[2024-06-08T23:38:11.604+0000] {logging_mixin.py:137} INFO - [2024-06-08T23:38:11.604+0000] {dagbag.py:538} INFO - Filling up the DagBag from /opt/airflow/dags/fitbit_pull_dag.py
[2024-06-08T23:38:11.911+0000] {processor.py:753} INFO - DAG(s) dict_keys(['fitbit_data_pull']) retrieved from /opt/airflow/dags/fitbit_pull_dag.py
[2024-06-08T23:38:11.940+0000] {logging_mixin.py:137} INFO - [2024-06-08T23:38:11.939+0000] {dag.py:2690} INFO - Sync 1 DAGs
[2024-06-08T23:38:11.971+0000] {logging_mixin.py:137} INFO - [2024-06-08T23:38:11.971+0000] {dag.py:3441} INFO - Setting next_dagrun for fitbit_data_pull to 2024-06-08T18:00:00+00:00, run_after=2024-06-09T18:00:00+00:00
[2024-06-08T23:38:11.986+0000] {processor.py:175} INFO - Processing /opt/airflow/dags/fitbit_pull_dag.py took 0.389 seconds
[2024-06-08T23:38:42.125+0000] {processor.py:153} INFO - Started process (PID=737) to work on /opt/airflow/dags/fitbit_pull_dag.py
[2024-06-08T23:38:42.126+0000] {processor.py:743} INFO - Processing file /opt/airflow/dags/fitbit_pull_dag.py for tasks to queue
[2024-06-08T23:38:42.127+0000] {logging_mixin.py:137} INFO - [2024-06-08T23:38:42.127+0000] {dagbag.py:538} INFO - Filling up the DagBag from /opt/airflow/dags/fitbit_pull_dag.py
[2024-06-08T23:38:42.320+0000] {processor.py:753} INFO - DAG(s) dict_keys(['fitbit_data_pull']) retrieved from /opt/airflow/dags/fitbit_pull_dag.py
[2024-06-08T23:38:42.338+0000] {logging_mixin.py:137} INFO - [2024-06-08T23:38:42.338+0000] {dag.py:2690} INFO - Sync 1 DAGs
[2024-06-08T23:38:42.354+0000] {logging_mixin.py:137} INFO - [2024-06-08T23:38:42.354+0000] {dag.py:3441} INFO - Setting next_dagrun for fitbit_data_pull to 2024-06-08T18:00:00+00:00, run_after=2024-06-09T18:00:00+00:00
[2024-06-08T23:38:42.365+0000] {processor.py:175} INFO - Processing /opt/airflow/dags/fitbit_pull_dag.py took 0.243 seconds
[2024-06-08T23:39:12.682+0000] {processor.py:153} INFO - Started process (PID=785) to work on /opt/airflow/dags/fitbit_pull_dag.py
[2024-06-08T23:39:12.683+0000] {processor.py:743} INFO - Processing file /opt/airflow/dags/fitbit_pull_dag.py for tasks to queue
[2024-06-08T23:39:12.684+0000] {logging_mixin.py:137} INFO - [2024-06-08T23:39:12.684+0000] {dagbag.py:538} INFO - Filling up the DagBag from /opt/airflow/dags/fitbit_pull_dag.py
[2024-06-08T23:39:12.863+0000] {processor.py:753} INFO - DAG(s) dict_keys(['fitbit_data_pull']) retrieved from /opt/airflow/dags/fitbit_pull_dag.py
[2024-06-08T23:39:12.885+0000] {logging_mixin.py:137} INFO - [2024-06-08T23:39:12.884+0000] {dag.py:2690} INFO - Sync 1 DAGs
[2024-06-08T23:39:12.904+0000] {logging_mixin.py:137} INFO - [2024-06-08T23:39:12.903+0000] {dag.py:3441} INFO - Setting next_dagrun for fitbit_data_pull to 2024-06-08T18:00:00+00:00, run_after=2024-06-09T18:00:00+00:00
[2024-06-08T23:39:12.917+0000] {processor.py:175} INFO - Processing /opt/airflow/dags/fitbit_pull_dag.py took 0.239 seconds
[2024-06-08T23:39:43.508+0000] {processor.py:153} INFO - Started process (PID=835) to work on /opt/airflow/dags/fitbit_pull_dag.py
[2024-06-08T23:39:43.510+0000] {processor.py:743} INFO - Processing file /opt/airflow/dags/fitbit_pull_dag.py for tasks to queue
[2024-06-08T23:39:43.511+0000] {logging_mixin.py:137} INFO - [2024-06-08T23:39:43.511+0000] {dagbag.py:538} INFO - Filling up the DagBag from /opt/airflow/dags/fitbit_pull_dag.py
[2024-06-08T23:39:43.681+0000] {processor.py:753} INFO - DAG(s) dict_keys(['fitbit_data_pull']) retrieved from /opt/airflow/dags/fitbit_pull_dag.py
[2024-06-08T23:39:43.699+0000] {logging_mixin.py:137} INFO - [2024-06-08T23:39:43.699+0000] {dag.py:2690} INFO - Sync 1 DAGs
[2024-06-08T23:39:43.716+0000] {logging_mixin.py:137} INFO - [2024-06-08T23:39:43.716+0000] {dag.py:3441} INFO - Setting next_dagrun for fitbit_data_pull to 2024-06-08T18:00:00+00:00, run_after=2024-06-09T18:00:00+00:00
[2024-06-08T23:39:43.729+0000] {processor.py:175} INFO - Processing /opt/airflow/dags/fitbit_pull_dag.py took 0.224 seconds
[2024-06-08T23:40:13.848+0000] {processor.py:153} INFO - Started process (PID=885) to work on /opt/airflow/dags/fitbit_pull_dag.py
[2024-06-08T23:40:13.850+0000] {processor.py:743} INFO - Processing file /opt/airflow/dags/fitbit_pull_dag.py for tasks to queue
[2024-06-08T23:40:13.851+0000] {logging_mixin.py:137} INFO - [2024-06-08T23:40:13.851+0000] {dagbag.py:538} INFO - Filling up the DagBag from /opt/airflow/dags/fitbit_pull_dag.py
[2024-06-08T23:40:14.032+0000] {processor.py:753} INFO - DAG(s) dict_keys(['fitbit_data_pull']) retrieved from /opt/airflow/dags/fitbit_pull_dag.py
[2024-06-08T23:40:14.051+0000] {logging_mixin.py:137} INFO - [2024-06-08T23:40:14.051+0000] {dag.py:2690} INFO - Sync 1 DAGs
[2024-06-08T23:40:14.068+0000] {logging_mixin.py:137} INFO - [2024-06-08T23:40:14.068+0000] {dag.py:3441} INFO - Setting next_dagrun for fitbit_data_pull to 2024-06-08T18:00:00+00:00, run_after=2024-06-09T18:00:00+00:00
[2024-06-08T23:40:14.080+0000] {processor.py:175} INFO - Processing /opt/airflow/dags/fitbit_pull_dag.py took 0.236 seconds
[2024-06-08T23:40:44.237+0000] {processor.py:153} INFO - Started process (PID=937) to work on /opt/airflow/dags/fitbit_pull_dag.py
[2024-06-08T23:40:44.238+0000] {processor.py:743} INFO - Processing file /opt/airflow/dags/fitbit_pull_dag.py for tasks to queue
[2024-06-08T23:40:44.239+0000] {logging_mixin.py:137} INFO - [2024-06-08T23:40:44.239+0000] {dagbag.py:538} INFO - Filling up the DagBag from /opt/airflow/dags/fitbit_pull_dag.py
[2024-06-08T23:40:44.435+0000] {processor.py:753} INFO - DAG(s) dict_keys(['fitbit_data_pull']) retrieved from /opt/airflow/dags/fitbit_pull_dag.py
[2024-06-08T23:40:44.456+0000] {logging_mixin.py:137} INFO - [2024-06-08T23:40:44.456+0000] {dag.py:2690} INFO - Sync 1 DAGs
[2024-06-08T23:40:44.474+0000] {logging_mixin.py:137} INFO - [2024-06-08T23:40:44.474+0000] {dag.py:3441} INFO - Setting next_dagrun for fitbit_data_pull to 2024-06-08T18:00:00+00:00, run_after=2024-06-09T18:00:00+00:00
[2024-06-08T23:40:44.485+0000] {processor.py:175} INFO - Processing /opt/airflow/dags/fitbit_pull_dag.py took 0.252 seconds
[2024-06-08T23:41:14.638+0000] {processor.py:153} INFO - Started process (PID=985) to work on /opt/airflow/dags/fitbit_pull_dag.py
[2024-06-08T23:41:14.641+0000] {processor.py:743} INFO - Processing file /opt/airflow/dags/fitbit_pull_dag.py for tasks to queue
[2024-06-08T23:41:14.643+0000] {logging_mixin.py:137} INFO - [2024-06-08T23:41:14.642+0000] {dagbag.py:538} INFO - Filling up the DagBag from /opt/airflow/dags/fitbit_pull_dag.py
[2024-06-08T23:41:14.870+0000] {processor.py:753} INFO - DAG(s) dict_keys(['fitbit_data_pull']) retrieved from /opt/airflow/dags/fitbit_pull_dag.py
[2024-06-08T23:41:14.892+0000] {logging_mixin.py:137} INFO - [2024-06-08T23:41:14.892+0000] {dag.py:2690} INFO - Sync 1 DAGs
[2024-06-08T23:41:14.912+0000] {logging_mixin.py:137} INFO - [2024-06-08T23:41:14.912+0000] {dag.py:3441} INFO - Setting next_dagrun for fitbit_data_pull to 2024-06-08T18:00:00+00:00, run_after=2024-06-09T18:00:00+00:00
[2024-06-08T23:41:14.926+0000] {processor.py:175} INFO - Processing /opt/airflow/dags/fitbit_pull_dag.py took 0.292 seconds
[2024-06-08T23:41:45.406+0000] {processor.py:153} INFO - Started process (PID=1035) to work on /opt/airflow/dags/fitbit_pull_dag.py
[2024-06-08T23:41:45.408+0000] {processor.py:743} INFO - Processing file /opt/airflow/dags/fitbit_pull_dag.py for tasks to queue
[2024-06-08T23:41:45.409+0000] {logging_mixin.py:137} INFO - [2024-06-08T23:41:45.409+0000] {dagbag.py:538} INFO - Filling up the DagBag from /opt/airflow/dags/fitbit_pull_dag.py
[2024-06-08T23:41:45.657+0000] {processor.py:753} INFO - DAG(s) dict_keys(['fitbit_data_pull']) retrieved from /opt/airflow/dags/fitbit_pull_dag.py
[2024-06-08T23:41:45.680+0000] {logging_mixin.py:137} INFO - [2024-06-08T23:41:45.679+0000] {dag.py:2690} INFO - Sync 1 DAGs
[2024-06-08T23:41:45.700+0000] {logging_mixin.py:137} INFO - [2024-06-08T23:41:45.699+0000] {dag.py:3441} INFO - Setting next_dagrun for fitbit_data_pull to 2024-06-08T18:00:00+00:00, run_after=2024-06-09T18:00:00+00:00
[2024-06-08T23:41:45.717+0000] {processor.py:175} INFO - Processing /opt/airflow/dags/fitbit_pull_dag.py took 0.315 seconds
[2024-06-08T23:42:15.903+0000] {processor.py:153} INFO - Started process (PID=1085) to work on /opt/airflow/dags/fitbit_pull_dag.py
[2024-06-08T23:42:15.905+0000] {processor.py:743} INFO - Processing file /opt/airflow/dags/fitbit_pull_dag.py for tasks to queue
[2024-06-08T23:42:15.907+0000] {logging_mixin.py:137} INFO - [2024-06-08T23:42:15.907+0000] {dagbag.py:538} INFO - Filling up the DagBag from /opt/airflow/dags/fitbit_pull_dag.py
[2024-06-08T23:42:16.131+0000] {processor.py:753} INFO - DAG(s) dict_keys(['fitbit_data_pull']) retrieved from /opt/airflow/dags/fitbit_pull_dag.py
[2024-06-08T23:42:16.151+0000] {logging_mixin.py:137} INFO - [2024-06-08T23:42:16.151+0000] {dag.py:2690} INFO - Sync 1 DAGs
[2024-06-08T23:42:16.170+0000] {logging_mixin.py:137} INFO - [2024-06-08T23:42:16.170+0000] {dag.py:3441} INFO - Setting next_dagrun for fitbit_data_pull to 2024-06-08T18:00:00+00:00, run_after=2024-06-09T18:00:00+00:00
[2024-06-08T23:42:16.186+0000] {processor.py:175} INFO - Processing /opt/airflow/dags/fitbit_pull_dag.py took 0.288 seconds
[2024-06-08T23:42:46.510+0000] {processor.py:153} INFO - Started process (PID=1135) to work on /opt/airflow/dags/fitbit_pull_dag.py
[2024-06-08T23:42:46.511+0000] {processor.py:743} INFO - Processing file /opt/airflow/dags/fitbit_pull_dag.py for tasks to queue
[2024-06-08T23:42:46.513+0000] {logging_mixin.py:137} INFO - [2024-06-08T23:42:46.512+0000] {dagbag.py:538} INFO - Filling up the DagBag from /opt/airflow/dags/fitbit_pull_dag.py
[2024-06-08T23:42:46.709+0000] {processor.py:753} INFO - DAG(s) dict_keys(['fitbit_data_pull']) retrieved from /opt/airflow/dags/fitbit_pull_dag.py
[2024-06-08T23:42:46.732+0000] {logging_mixin.py:137} INFO - [2024-06-08T23:42:46.732+0000] {dag.py:2690} INFO - Sync 1 DAGs
[2024-06-08T23:42:46.750+0000] {logging_mixin.py:137} INFO - [2024-06-08T23:42:46.750+0000] {dag.py:3441} INFO - Setting next_dagrun for fitbit_data_pull to 2024-06-08T18:00:00+00:00, run_after=2024-06-09T18:00:00+00:00
[2024-06-08T23:42:46.764+0000] {processor.py:175} INFO - Processing /opt/airflow/dags/fitbit_pull_dag.py took 0.259 seconds
[2024-06-08T23:43:16.897+0000] {processor.py:153} INFO - Started process (PID=1185) to work on /opt/airflow/dags/fitbit_pull_dag.py
[2024-06-08T23:43:16.898+0000] {processor.py:743} INFO - Processing file /opt/airflow/dags/fitbit_pull_dag.py for tasks to queue
[2024-06-08T23:43:16.899+0000] {logging_mixin.py:137} INFO - [2024-06-08T23:43:16.899+0000] {dagbag.py:538} INFO - Filling up the DagBag from /opt/airflow/dags/fitbit_pull_dag.py
[2024-06-08T23:43:17.095+0000] {processor.py:753} INFO - DAG(s) dict_keys(['fitbit_data_pull']) retrieved from /opt/airflow/dags/fitbit_pull_dag.py
[2024-06-08T23:43:17.116+0000] {logging_mixin.py:137} INFO - [2024-06-08T23:43:17.116+0000] {dag.py:2690} INFO - Sync 1 DAGs
[2024-06-08T23:43:17.135+0000] {logging_mixin.py:137} INFO - [2024-06-08T23:43:17.135+0000] {dag.py:3441} INFO - Setting next_dagrun for fitbit_data_pull to 2024-06-08T18:00:00+00:00, run_after=2024-06-09T18:00:00+00:00
[2024-06-08T23:43:17.152+0000] {processor.py:175} INFO - Processing /opt/airflow/dags/fitbit_pull_dag.py took 0.258 seconds
[2024-06-08T23:43:47.704+0000] {processor.py:153} INFO - Started process (PID=1235) to work on /opt/airflow/dags/fitbit_pull_dag.py
[2024-06-08T23:43:47.705+0000] {processor.py:743} INFO - Processing file /opt/airflow/dags/fitbit_pull_dag.py for tasks to queue
[2024-06-08T23:43:47.706+0000] {logging_mixin.py:137} INFO - [2024-06-08T23:43:47.706+0000] {dagbag.py:538} INFO - Filling up the DagBag from /opt/airflow/dags/fitbit_pull_dag.py
[2024-06-08T23:43:47.912+0000] {processor.py:753} INFO - DAG(s) dict_keys(['fitbit_data_pull']) retrieved from /opt/airflow/dags/fitbit_pull_dag.py
[2024-06-08T23:43:47.931+0000] {logging_mixin.py:137} INFO - [2024-06-08T23:43:47.931+0000] {dag.py:2690} INFO - Sync 1 DAGs
[2024-06-08T23:43:47.948+0000] {logging_mixin.py:137} INFO - [2024-06-08T23:43:47.947+0000] {dag.py:3441} INFO - Setting next_dagrun for fitbit_data_pull to 2024-06-08T18:00:00+00:00, run_after=2024-06-09T18:00:00+00:00
[2024-06-08T23:43:47.959+0000] {processor.py:175} INFO - Processing /opt/airflow/dags/fitbit_pull_dag.py took 0.259 seconds
[2024-06-08T23:44:18.035+0000] {processor.py:153} INFO - Started process (PID=1285) to work on /opt/airflow/dags/fitbit_pull_dag.py
[2024-06-08T23:44:18.037+0000] {processor.py:743} INFO - Processing file /opt/airflow/dags/fitbit_pull_dag.py for tasks to queue
[2024-06-08T23:44:18.038+0000] {logging_mixin.py:137} INFO - [2024-06-08T23:44:18.038+0000] {dagbag.py:538} INFO - Filling up the DagBag from /opt/airflow/dags/fitbit_pull_dag.py
[2024-06-08T23:44:18.209+0000] {processor.py:753} INFO - DAG(s) dict_keys(['fitbit_data_pull']) retrieved from /opt/airflow/dags/fitbit_pull_dag.py
[2024-06-08T23:44:18.228+0000] {logging_mixin.py:137} INFO - [2024-06-08T23:44:18.228+0000] {dag.py:2690} INFO - Sync 1 DAGs
[2024-06-08T23:44:18.246+0000] {logging_mixin.py:137} INFO - [2024-06-08T23:44:18.246+0000] {dag.py:3441} INFO - Setting next_dagrun for fitbit_data_pull to 2024-06-08T18:00:00+00:00, run_after=2024-06-09T18:00:00+00:00
[2024-06-08T23:44:18.258+0000] {processor.py:175} INFO - Processing /opt/airflow/dags/fitbit_pull_dag.py took 0.225 seconds
[2024-06-08T23:44:48.489+0000] {processor.py:153} INFO - Started process (PID=1336) to work on /opt/airflow/dags/fitbit_pull_dag.py
[2024-06-08T23:44:48.491+0000] {processor.py:743} INFO - Processing file /opt/airflow/dags/fitbit_pull_dag.py for tasks to queue
[2024-06-08T23:44:48.492+0000] {logging_mixin.py:137} INFO - [2024-06-08T23:44:48.492+0000] {dagbag.py:538} INFO - Filling up the DagBag from /opt/airflow/dags/fitbit_pull_dag.py
[2024-06-08T23:44:48.669+0000] {processor.py:753} INFO - DAG(s) dict_keys(['fitbit_data_pull']) retrieved from /opt/airflow/dags/fitbit_pull_dag.py
[2024-06-08T23:44:48.688+0000] {logging_mixin.py:137} INFO - [2024-06-08T23:44:48.688+0000] {dag.py:2690} INFO - Sync 1 DAGs
[2024-06-08T23:44:48.704+0000] {logging_mixin.py:137} INFO - [2024-06-08T23:44:48.704+0000] {dag.py:3441} INFO - Setting next_dagrun for fitbit_data_pull to 2024-06-08T18:00:00+00:00, run_after=2024-06-09T18:00:00+00:00
[2024-06-08T23:44:48.716+0000] {processor.py:175} INFO - Processing /opt/airflow/dags/fitbit_pull_dag.py took 0.230 seconds
[2024-06-08T23:45:18.789+0000] {processor.py:153} INFO - Started process (PID=1387) to work on /opt/airflow/dags/fitbit_pull_dag.py
[2024-06-08T23:45:18.791+0000] {processor.py:743} INFO - Processing file /opt/airflow/dags/fitbit_pull_dag.py for tasks to queue
[2024-06-08T23:45:18.792+0000] {logging_mixin.py:137} INFO - [2024-06-08T23:45:18.792+0000] {dagbag.py:538} INFO - Filling up the DagBag from /opt/airflow/dags/fitbit_pull_dag.py
[2024-06-08T23:45:18.967+0000] {processor.py:753} INFO - DAG(s) dict_keys(['fitbit_data_pull']) retrieved from /opt/airflow/dags/fitbit_pull_dag.py
[2024-06-08T23:45:18.987+0000] {logging_mixin.py:137} INFO - [2024-06-08T23:45:18.987+0000] {dag.py:2690} INFO - Sync 1 DAGs
[2024-06-08T23:45:19.005+0000] {logging_mixin.py:137} INFO - [2024-06-08T23:45:19.005+0000] {dag.py:3441} INFO - Setting next_dagrun for fitbit_data_pull to 2024-06-08T18:00:00+00:00, run_after=2024-06-09T18:00:00+00:00
[2024-06-08T23:45:19.017+0000] {processor.py:175} INFO - Processing /opt/airflow/dags/fitbit_pull_dag.py took 0.231 seconds
[2024-06-08T23:45:49.164+0000] {processor.py:153} INFO - Started process (PID=1437) to work on /opt/airflow/dags/fitbit_pull_dag.py
[2024-06-08T23:45:49.166+0000] {processor.py:743} INFO - Processing file /opt/airflow/dags/fitbit_pull_dag.py for tasks to queue
[2024-06-08T23:45:49.167+0000] {logging_mixin.py:137} INFO - [2024-06-08T23:45:49.167+0000] {dagbag.py:538} INFO - Filling up the DagBag from /opt/airflow/dags/fitbit_pull_dag.py
[2024-06-08T23:45:49.367+0000] {processor.py:753} INFO - DAG(s) dict_keys(['fitbit_data_pull']) retrieved from /opt/airflow/dags/fitbit_pull_dag.py
[2024-06-08T23:45:49.386+0000] {logging_mixin.py:137} INFO - [2024-06-08T23:45:49.385+0000] {dag.py:2690} INFO - Sync 1 DAGs
[2024-06-08T23:45:49.403+0000] {logging_mixin.py:137} INFO - [2024-06-08T23:45:49.403+0000] {dag.py:3441} INFO - Setting next_dagrun for fitbit_data_pull to 2024-06-08T18:00:00+00:00, run_after=2024-06-09T18:00:00+00:00
[2024-06-08T23:45:49.415+0000] {processor.py:175} INFO - Processing /opt/airflow/dags/fitbit_pull_dag.py took 0.255 seconds
[2024-06-08T23:46:19.562+0000] {processor.py:153} INFO - Started process (PID=1488) to work on /opt/airflow/dags/fitbit_pull_dag.py
[2024-06-08T23:46:19.564+0000] {processor.py:743} INFO - Processing file /opt/airflow/dags/fitbit_pull_dag.py for tasks to queue
[2024-06-08T23:46:19.565+0000] {logging_mixin.py:137} INFO - [2024-06-08T23:46:19.565+0000] {dagbag.py:538} INFO - Filling up the DagBag from /opt/airflow/dags/fitbit_pull_dag.py
[2024-06-08T23:46:19.728+0000] {processor.py:753} INFO - DAG(s) dict_keys(['fitbit_data_pull']) retrieved from /opt/airflow/dags/fitbit_pull_dag.py
[2024-06-08T23:46:19.747+0000] {logging_mixin.py:137} INFO - [2024-06-08T23:46:19.747+0000] {dag.py:2690} INFO - Sync 1 DAGs
[2024-06-08T23:46:19.763+0000] {logging_mixin.py:137} INFO - [2024-06-08T23:46:19.763+0000] {dag.py:3441} INFO - Setting next_dagrun for fitbit_data_pull to 2024-06-08T18:00:00+00:00, run_after=2024-06-09T18:00:00+00:00
[2024-06-08T23:46:19.775+0000] {processor.py:175} INFO - Processing /opt/airflow/dags/fitbit_pull_dag.py took 0.216 seconds
[2024-06-08T23:46:49.925+0000] {processor.py:153} INFO - Started process (PID=1538) to work on /opt/airflow/dags/fitbit_pull_dag.py
[2024-06-08T23:46:49.928+0000] {processor.py:743} INFO - Processing file /opt/airflow/dags/fitbit_pull_dag.py for tasks to queue
[2024-06-08T23:46:49.929+0000] {logging_mixin.py:137} INFO - [2024-06-08T23:46:49.929+0000] {dagbag.py:538} INFO - Filling up the DagBag from /opt/airflow/dags/fitbit_pull_dag.py
[2024-06-08T23:46:50.097+0000] {processor.py:753} INFO - DAG(s) dict_keys(['fitbit_data_pull']) retrieved from /opt/airflow/dags/fitbit_pull_dag.py
[2024-06-08T23:46:50.118+0000] {logging_mixin.py:137} INFO - [2024-06-08T23:46:50.117+0000] {dag.py:2690} INFO - Sync 1 DAGs
[2024-06-08T23:46:50.135+0000] {logging_mixin.py:137} INFO - [2024-06-08T23:46:50.135+0000] {dag.py:3441} INFO - Setting next_dagrun for fitbit_data_pull to 2024-06-08T18:00:00+00:00, run_after=2024-06-09T18:00:00+00:00
[2024-06-08T23:46:50.147+0000] {processor.py:175} INFO - Processing /opt/airflow/dags/fitbit_pull_dag.py took 0.225 seconds
[2024-06-08T23:47:20.468+0000] {processor.py:153} INFO - Started process (PID=1588) to work on /opt/airflow/dags/fitbit_pull_dag.py
[2024-06-08T23:47:20.470+0000] {processor.py:743} INFO - Processing file /opt/airflow/dags/fitbit_pull_dag.py for tasks to queue
[2024-06-08T23:47:20.471+0000] {logging_mixin.py:137} INFO - [2024-06-08T23:47:20.471+0000] {dagbag.py:538} INFO - Filling up the DagBag from /opt/airflow/dags/fitbit_pull_dag.py
[2024-06-08T23:47:20.634+0000] {processor.py:753} INFO - DAG(s) dict_keys(['fitbit_data_pull']) retrieved from /opt/airflow/dags/fitbit_pull_dag.py
[2024-06-08T23:47:20.654+0000] {logging_mixin.py:137} INFO - [2024-06-08T23:47:20.653+0000] {dag.py:2690} INFO - Sync 1 DAGs
[2024-06-08T23:47:20.674+0000] {logging_mixin.py:137} INFO - [2024-06-08T23:47:20.674+0000] {dag.py:3441} INFO - Setting next_dagrun for fitbit_data_pull to 2024-06-08T18:00:00+00:00, run_after=2024-06-09T18:00:00+00:00
[2024-06-08T23:47:20.685+0000] {processor.py:175} INFO - Processing /opt/airflow/dags/fitbit_pull_dag.py took 0.220 seconds
[2024-06-08T23:47:50.828+0000] {processor.py:153} INFO - Started process (PID=1638) to work on /opt/airflow/dags/fitbit_pull_dag.py
[2024-06-08T23:47:50.831+0000] {processor.py:743} INFO - Processing file /opt/airflow/dags/fitbit_pull_dag.py for tasks to queue
[2024-06-08T23:47:50.832+0000] {logging_mixin.py:137} INFO - [2024-06-08T23:47:50.832+0000] {dagbag.py:538} INFO - Filling up the DagBag from /opt/airflow/dags/fitbit_pull_dag.py
[2024-06-08T23:47:51.032+0000] {processor.py:753} INFO - DAG(s) dict_keys(['fitbit_data_pull']) retrieved from /opt/airflow/dags/fitbit_pull_dag.py
[2024-06-08T23:47:51.054+0000] {logging_mixin.py:137} INFO - [2024-06-08T23:47:51.053+0000] {dag.py:2690} INFO - Sync 1 DAGs
[2024-06-08T23:47:51.074+0000] {logging_mixin.py:137} INFO - [2024-06-08T23:47:51.074+0000] {dag.py:3441} INFO - Setting next_dagrun for fitbit_data_pull to 2024-06-08T18:00:00+00:00, run_after=2024-06-09T18:00:00+00:00
[2024-06-08T23:47:51.090+0000] {processor.py:175} INFO - Processing /opt/airflow/dags/fitbit_pull_dag.py took 0.266 seconds
[2024-06-08T23:48:21.580+0000] {processor.py:153} INFO - Started process (PID=1688) to work on /opt/airflow/dags/fitbit_pull_dag.py
[2024-06-08T23:48:21.582+0000] {processor.py:743} INFO - Processing file /opt/airflow/dags/fitbit_pull_dag.py for tasks to queue
[2024-06-08T23:48:21.583+0000] {logging_mixin.py:137} INFO - [2024-06-08T23:48:21.583+0000] {dagbag.py:538} INFO - Filling up the DagBag from /opt/airflow/dags/fitbit_pull_dag.py
[2024-06-08T23:48:21.801+0000] {processor.py:753} INFO - DAG(s) dict_keys(['fitbit_data_pull']) retrieved from /opt/airflow/dags/fitbit_pull_dag.py
[2024-06-08T23:48:21.823+0000] {logging_mixin.py:137} INFO - [2024-06-08T23:48:21.822+0000] {dag.py:2690} INFO - Sync 1 DAGs
[2024-06-08T23:48:21.841+0000] {logging_mixin.py:137} INFO - [2024-06-08T23:48:21.840+0000] {dag.py:3441} INFO - Setting next_dagrun for fitbit_data_pull to 2024-06-08T18:00:00+00:00, run_after=2024-06-09T18:00:00+00:00
[2024-06-08T23:48:21.855+0000] {processor.py:175} INFO - Processing /opt/airflow/dags/fitbit_pull_dag.py took 0.278 seconds
[2024-06-08T23:48:52.207+0000] {processor.py:153} INFO - Started process (PID=1738) to work on /opt/airflow/dags/fitbit_pull_dag.py
[2024-06-08T23:48:52.210+0000] {processor.py:743} INFO - Processing file /opt/airflow/dags/fitbit_pull_dag.py for tasks to queue
[2024-06-08T23:48:52.211+0000] {logging_mixin.py:137} INFO - [2024-06-08T23:48:52.211+0000] {dagbag.py:538} INFO - Filling up the DagBag from /opt/airflow/dags/fitbit_pull_dag.py
[2024-06-08T23:48:52.377+0000] {processor.py:753} INFO - DAG(s) dict_keys(['fitbit_data_pull']) retrieved from /opt/airflow/dags/fitbit_pull_dag.py
[2024-06-08T23:48:52.398+0000] {logging_mixin.py:137} INFO - [2024-06-08T23:48:52.397+0000] {dag.py:2690} INFO - Sync 1 DAGs
[2024-06-08T23:48:52.417+0000] {logging_mixin.py:137} INFO - [2024-06-08T23:48:52.417+0000] {dag.py:3441} INFO - Setting next_dagrun for fitbit_data_pull to 2024-06-08T18:00:00+00:00, run_after=2024-06-09T18:00:00+00:00
[2024-06-08T23:48:52.431+0000] {processor.py:175} INFO - Processing /opt/airflow/dags/fitbit_pull_dag.py took 0.227 seconds
[2024-06-08T23:49:22.593+0000] {processor.py:153} INFO - Started process (PID=1788) to work on /opt/airflow/dags/fitbit_pull_dag.py
[2024-06-08T23:49:22.594+0000] {processor.py:743} INFO - Processing file /opt/airflow/dags/fitbit_pull_dag.py for tasks to queue
[2024-06-08T23:49:22.595+0000] {logging_mixin.py:137} INFO - [2024-06-08T23:49:22.595+0000] {dagbag.py:538} INFO - Filling up the DagBag from /opt/airflow/dags/fitbit_pull_dag.py
[2024-06-08T23:49:22.766+0000] {processor.py:753} INFO - DAG(s) dict_keys(['fitbit_data_pull']) retrieved from /opt/airflow/dags/fitbit_pull_dag.py
[2024-06-08T23:49:22.786+0000] {logging_mixin.py:137} INFO - [2024-06-08T23:49:22.786+0000] {dag.py:2690} INFO - Sync 1 DAGs
[2024-06-08T23:49:22.803+0000] {logging_mixin.py:137} INFO - [2024-06-08T23:49:22.803+0000] {dag.py:3441} INFO - Setting next_dagrun for fitbit_data_pull to 2024-06-08T18:00:00+00:00, run_after=2024-06-09T18:00:00+00:00
[2024-06-08T23:49:22.814+0000] {processor.py:175} INFO - Processing /opt/airflow/dags/fitbit_pull_dag.py took 0.225 seconds
[2024-06-08T23:49:52.879+0000] {processor.py:153} INFO - Started process (PID=1838) to work on /opt/airflow/dags/fitbit_pull_dag.py
[2024-06-08T23:49:52.881+0000] {processor.py:743} INFO - Processing file /opt/airflow/dags/fitbit_pull_dag.py for tasks to queue
[2024-06-08T23:49:52.882+0000] {logging_mixin.py:137} INFO - [2024-06-08T23:49:52.882+0000] {dagbag.py:538} INFO - Filling up the DagBag from /opt/airflow/dags/fitbit_pull_dag.py
[2024-06-08T23:49:53.085+0000] {processor.py:753} INFO - DAG(s) dict_keys(['fitbit_data_pull']) retrieved from /opt/airflow/dags/fitbit_pull_dag.py
[2024-06-08T23:49:53.106+0000] {logging_mixin.py:137} INFO - [2024-06-08T23:49:53.106+0000] {dag.py:2690} INFO - Sync 1 DAGs
[2024-06-08T23:49:53.124+0000] {logging_mixin.py:137} INFO - [2024-06-08T23:49:53.124+0000] {dag.py:3441} INFO - Setting next_dagrun for fitbit_data_pull to 2024-06-08T18:00:00+00:00, run_after=2024-06-09T18:00:00+00:00
[2024-06-08T23:49:53.135+0000] {processor.py:175} INFO - Processing /opt/airflow/dags/fitbit_pull_dag.py took 0.260 seconds
[2024-06-08T23:50:23.468+0000] {processor.py:153} INFO - Started process (PID=1888) to work on /opt/airflow/dags/fitbit_pull_dag.py
[2024-06-08T23:50:23.470+0000] {processor.py:743} INFO - Processing file /opt/airflow/dags/fitbit_pull_dag.py for tasks to queue
[2024-06-08T23:50:23.471+0000] {logging_mixin.py:137} INFO - [2024-06-08T23:50:23.471+0000] {dagbag.py:538} INFO - Filling up the DagBag from /opt/airflow/dags/fitbit_pull_dag.py
[2024-06-08T23:50:23.665+0000] {processor.py:753} INFO - DAG(s) dict_keys(['fitbit_data_pull']) retrieved from /opt/airflow/dags/fitbit_pull_dag.py
[2024-06-08T23:50:23.689+0000] {logging_mixin.py:137} INFO - [2024-06-08T23:50:23.689+0000] {dag.py:2690} INFO - Sync 1 DAGs
[2024-06-08T23:50:23.710+0000] {logging_mixin.py:137} INFO - [2024-06-08T23:50:23.709+0000] {dag.py:3441} INFO - Setting next_dagrun for fitbit_data_pull to 2024-06-08T18:00:00+00:00, run_after=2024-06-09T18:00:00+00:00
[2024-06-08T23:50:23.723+0000] {processor.py:175} INFO - Processing /opt/airflow/dags/fitbit_pull_dag.py took 0.258 seconds
[2024-06-08T23:50:54.131+0000] {processor.py:153} INFO - Started process (PID=1938) to work on /opt/airflow/dags/fitbit_pull_dag.py
[2024-06-08T23:50:54.133+0000] {processor.py:743} INFO - Processing file /opt/airflow/dags/fitbit_pull_dag.py for tasks to queue
[2024-06-08T23:50:54.134+0000] {logging_mixin.py:137} INFO - [2024-06-08T23:50:54.134+0000] {dagbag.py:538} INFO - Filling up the DagBag from /opt/airflow/dags/fitbit_pull_dag.py
[2024-06-08T23:50:54.362+0000] {processor.py:753} INFO - DAG(s) dict_keys(['fitbit_data_pull']) retrieved from /opt/airflow/dags/fitbit_pull_dag.py
[2024-06-08T23:50:54.385+0000] {logging_mixin.py:137} INFO - [2024-06-08T23:50:54.385+0000] {dag.py:2690} INFO - Sync 1 DAGs
[2024-06-08T23:50:54.406+0000] {logging_mixin.py:137} INFO - [2024-06-08T23:50:54.405+0000] {dag.py:3441} INFO - Setting next_dagrun for fitbit_data_pull to 2024-06-08T18:00:00+00:00, run_after=2024-06-09T18:00:00+00:00
[2024-06-08T23:50:54.422+0000] {processor.py:175} INFO - Processing /opt/airflow/dags/fitbit_pull_dag.py took 0.297 seconds
[2024-06-08T23:51:24.804+0000] {processor.py:153} INFO - Started process (PID=1988) to work on /opt/airflow/dags/fitbit_pull_dag.py
[2024-06-08T23:51:24.806+0000] {processor.py:743} INFO - Processing file /opt/airflow/dags/fitbit_pull_dag.py for tasks to queue
[2024-06-08T23:51:24.807+0000] {logging_mixin.py:137} INFO - [2024-06-08T23:51:24.806+0000] {dagbag.py:538} INFO - Filling up the DagBag from /opt/airflow/dags/fitbit_pull_dag.py
[2024-06-08T23:51:24.987+0000] {processor.py:753} INFO - DAG(s) dict_keys(['fitbit_data_pull']) retrieved from /opt/airflow/dags/fitbit_pull_dag.py
[2024-06-08T23:51:25.008+0000] {logging_mixin.py:137} INFO - [2024-06-08T23:51:25.008+0000] {dag.py:2690} INFO - Sync 1 DAGs
[2024-06-08T23:51:25.028+0000] {logging_mixin.py:137} INFO - [2024-06-08T23:51:25.028+0000] {dag.py:3441} INFO - Setting next_dagrun for fitbit_data_pull to 2024-06-08T18:00:00+00:00, run_after=2024-06-09T18:00:00+00:00
[2024-06-08T23:51:25.042+0000] {processor.py:175} INFO - Processing /opt/airflow/dags/fitbit_pull_dag.py took 0.241 seconds
[2024-06-08T23:51:55.379+0000] {processor.py:153} INFO - Started process (PID=2038) to work on /opt/airflow/dags/fitbit_pull_dag.py
[2024-06-08T23:51:55.381+0000] {processor.py:743} INFO - Processing file /opt/airflow/dags/fitbit_pull_dag.py for tasks to queue
[2024-06-08T23:51:55.383+0000] {logging_mixin.py:137} INFO - [2024-06-08T23:51:55.383+0000] {dagbag.py:538} INFO - Filling up the DagBag from /opt/airflow/dags/fitbit_pull_dag.py
[2024-06-08T23:51:55.646+0000] {processor.py:753} INFO - DAG(s) dict_keys(['fitbit_data_pull']) retrieved from /opt/airflow/dags/fitbit_pull_dag.py
[2024-06-08T23:51:55.670+0000] {logging_mixin.py:137} INFO - [2024-06-08T23:51:55.669+0000] {dag.py:2690} INFO - Sync 1 DAGs
[2024-06-08T23:51:55.696+0000] {logging_mixin.py:137} INFO - [2024-06-08T23:51:55.696+0000] {dag.py:3441} INFO - Setting next_dagrun for fitbit_data_pull to 2024-06-08T18:00:00+00:00, run_after=2024-06-09T18:00:00+00:00
[2024-06-08T23:51:55.722+0000] {processor.py:175} INFO - Processing /opt/airflow/dags/fitbit_pull_dag.py took 0.333 seconds
[2024-06-08T23:52:26.400+0000] {processor.py:153} INFO - Started process (PID=2088) to work on /opt/airflow/dags/fitbit_pull_dag.py
[2024-06-08T23:52:26.402+0000] {processor.py:743} INFO - Processing file /opt/airflow/dags/fitbit_pull_dag.py for tasks to queue
[2024-06-08T23:52:26.403+0000] {logging_mixin.py:137} INFO - [2024-06-08T23:52:26.403+0000] {dagbag.py:538} INFO - Filling up the DagBag from /opt/airflow/dags/fitbit_pull_dag.py
[2024-06-08T23:52:26.584+0000] {processor.py:753} INFO - DAG(s) dict_keys(['fitbit_data_pull']) retrieved from /opt/airflow/dags/fitbit_pull_dag.py
[2024-06-08T23:52:26.603+0000] {logging_mixin.py:137} INFO - [2024-06-08T23:52:26.603+0000] {dag.py:2690} INFO - Sync 1 DAGs
[2024-06-08T23:52:26.623+0000] {logging_mixin.py:137} INFO - [2024-06-08T23:52:26.623+0000] {dag.py:3441} INFO - Setting next_dagrun for fitbit_data_pull to 2024-06-08T18:00:00+00:00, run_after=2024-06-09T18:00:00+00:00
[2024-06-08T23:52:26.636+0000] {processor.py:175} INFO - Processing /opt/airflow/dags/fitbit_pull_dag.py took 0.240 seconds
[2024-06-08T23:52:57.187+0000] {processor.py:153} INFO - Started process (PID=2138) to work on /opt/airflow/dags/fitbit_pull_dag.py
[2024-06-08T23:52:57.190+0000] {processor.py:743} INFO - Processing file /opt/airflow/dags/fitbit_pull_dag.py for tasks to queue
[2024-06-08T23:52:57.191+0000] {logging_mixin.py:137} INFO - [2024-06-08T23:52:57.191+0000] {dagbag.py:538} INFO - Filling up the DagBag from /opt/airflow/dags/fitbit_pull_dag.py
[2024-06-08T23:52:57.416+0000] {processor.py:753} INFO - DAG(s) dict_keys(['fitbit_data_pull']) retrieved from /opt/airflow/dags/fitbit_pull_dag.py
[2024-06-08T23:52:57.441+0000] {logging_mixin.py:137} INFO - [2024-06-08T23:52:57.440+0000] {dag.py:2690} INFO - Sync 1 DAGs
[2024-06-08T23:52:57.459+0000] {logging_mixin.py:137} INFO - [2024-06-08T23:52:57.459+0000] {dag.py:3441} INFO - Setting next_dagrun for fitbit_data_pull to 2024-06-08T18:00:00+00:00, run_after=2024-06-09T18:00:00+00:00
[2024-06-08T23:52:57.472+0000] {processor.py:175} INFO - Processing /opt/airflow/dags/fitbit_pull_dag.py took 0.289 seconds
[2024-06-08T23:53:28.229+0000] {processor.py:153} INFO - Started process (PID=2187) to work on /opt/airflow/dags/fitbit_pull_dag.py
[2024-06-08T23:53:28.231+0000] {processor.py:743} INFO - Processing file /opt/airflow/dags/fitbit_pull_dag.py for tasks to queue
[2024-06-08T23:53:28.232+0000] {logging_mixin.py:137} INFO - [2024-06-08T23:53:28.232+0000] {dagbag.py:538} INFO - Filling up the DagBag from /opt/airflow/dags/fitbit_pull_dag.py
[2024-06-08T23:53:28.441+0000] {processor.py:753} INFO - DAG(s) dict_keys(['fitbit_data_pull']) retrieved from /opt/airflow/dags/fitbit_pull_dag.py
[2024-06-08T23:53:28.463+0000] {logging_mixin.py:137} INFO - [2024-06-08T23:53:28.463+0000] {dag.py:2690} INFO - Sync 1 DAGs
[2024-06-08T23:53:28.485+0000] {logging_mixin.py:137} INFO - [2024-06-08T23:53:28.485+0000] {dag.py:3441} INFO - Setting next_dagrun for fitbit_data_pull to 2024-06-08T18:00:00+00:00, run_after=2024-06-09T18:00:00+00:00
[2024-06-08T23:53:28.500+0000] {processor.py:175} INFO - Processing /opt/airflow/dags/fitbit_pull_dag.py took 0.273 seconds
[2024-06-08T23:53:58.726+0000] {processor.py:153} INFO - Started process (PID=2237) to work on /opt/airflow/dags/fitbit_pull_dag.py
[2024-06-08T23:53:58.728+0000] {processor.py:743} INFO - Processing file /opt/airflow/dags/fitbit_pull_dag.py for tasks to queue
[2024-06-08T23:53:58.729+0000] {logging_mixin.py:137} INFO - [2024-06-08T23:53:58.729+0000] {dagbag.py:538} INFO - Filling up the DagBag from /opt/airflow/dags/fitbit_pull_dag.py
[2024-06-08T23:53:58.909+0000] {processor.py:753} INFO - DAG(s) dict_keys(['fitbit_data_pull']) retrieved from /opt/airflow/dags/fitbit_pull_dag.py
[2024-06-08T23:53:58.929+0000] {logging_mixin.py:137} INFO - [2024-06-08T23:53:58.929+0000] {dag.py:2690} INFO - Sync 1 DAGs
[2024-06-08T23:53:58.948+0000] {logging_mixin.py:137} INFO - [2024-06-08T23:53:58.947+0000] {dag.py:3441} INFO - Setting next_dagrun for fitbit_data_pull to 2024-06-08T18:00:00+00:00, run_after=2024-06-09T18:00:00+00:00
[2024-06-08T23:53:58.961+0000] {processor.py:175} INFO - Processing /opt/airflow/dags/fitbit_pull_dag.py took 0.238 seconds
[2024-06-08T23:54:29.308+0000] {processor.py:153} INFO - Started process (PID=2287) to work on /opt/airflow/dags/fitbit_pull_dag.py
[2024-06-08T23:54:29.310+0000] {processor.py:743} INFO - Processing file /opt/airflow/dags/fitbit_pull_dag.py for tasks to queue
[2024-06-08T23:54:29.311+0000] {logging_mixin.py:137} INFO - [2024-06-08T23:54:29.311+0000] {dagbag.py:538} INFO - Filling up the DagBag from /opt/airflow/dags/fitbit_pull_dag.py
[2024-06-08T23:54:29.492+0000] {processor.py:753} INFO - DAG(s) dict_keys(['fitbit_data_pull']) retrieved from /opt/airflow/dags/fitbit_pull_dag.py
[2024-06-08T23:54:29.512+0000] {logging_mixin.py:137} INFO - [2024-06-08T23:54:29.512+0000] {dag.py:2690} INFO - Sync 1 DAGs
[2024-06-08T23:54:29.530+0000] {logging_mixin.py:137} INFO - [2024-06-08T23:54:29.530+0000] {dag.py:3441} INFO - Setting next_dagrun for fitbit_data_pull to 2024-06-08T18:00:00+00:00, run_after=2024-06-09T18:00:00+00:00
[2024-06-08T23:54:29.543+0000] {processor.py:175} INFO - Processing /opt/airflow/dags/fitbit_pull_dag.py took 0.237 seconds
[2024-06-08T23:54:59.808+0000] {processor.py:153} INFO - Started process (PID=2337) to work on /opt/airflow/dags/fitbit_pull_dag.py
[2024-06-08T23:54:59.810+0000] {processor.py:743} INFO - Processing file /opt/airflow/dags/fitbit_pull_dag.py for tasks to queue
[2024-06-08T23:54:59.811+0000] {logging_mixin.py:137} INFO - [2024-06-08T23:54:59.811+0000] {dagbag.py:538} INFO - Filling up the DagBag from /opt/airflow/dags/fitbit_pull_dag.py
[2024-06-08T23:54:59.988+0000] {processor.py:753} INFO - DAG(s) dict_keys(['fitbit_data_pull']) retrieved from /opt/airflow/dags/fitbit_pull_dag.py
[2024-06-08T23:55:00.008+0000] {logging_mixin.py:137} INFO - [2024-06-08T23:55:00.007+0000] {dag.py:2690} INFO - Sync 1 DAGs
[2024-06-08T23:55:00.024+0000] {logging_mixin.py:137} INFO - [2024-06-08T23:55:00.024+0000] {dag.py:3441} INFO - Setting next_dagrun for fitbit_data_pull to 2024-06-08T18:00:00+00:00, run_after=2024-06-09T18:00:00+00:00
[2024-06-08T23:55:00.038+0000] {processor.py:175} INFO - Processing /opt/airflow/dags/fitbit_pull_dag.py took 0.233 seconds
[2024-06-08T23:55:30.163+0000] {processor.py:153} INFO - Started process (PID=2386) to work on /opt/airflow/dags/fitbit_pull_dag.py
[2024-06-08T23:55:30.166+0000] {processor.py:743} INFO - Processing file /opt/airflow/dags/fitbit_pull_dag.py for tasks to queue
[2024-06-08T23:55:30.169+0000] {logging_mixin.py:137} INFO - [2024-06-08T23:55:30.168+0000] {dagbag.py:538} INFO - Filling up the DagBag from /opt/airflow/dags/fitbit_pull_dag.py
[2024-06-08T23:55:30.355+0000] {processor.py:753} INFO - DAG(s) dict_keys(['fitbit_data_pull']) retrieved from /opt/airflow/dags/fitbit_pull_dag.py
[2024-06-08T23:55:30.374+0000] {logging_mixin.py:137} INFO - [2024-06-08T23:55:30.374+0000] {dag.py:2690} INFO - Sync 1 DAGs
[2024-06-08T23:55:30.393+0000] {logging_mixin.py:137} INFO - [2024-06-08T23:55:30.392+0000] {dag.py:3441} INFO - Setting next_dagrun for fitbit_data_pull to 2024-06-08T18:00:00+00:00, run_after=2024-06-09T18:00:00+00:00
[2024-06-08T23:55:30.406+0000] {processor.py:175} INFO - Processing /opt/airflow/dags/fitbit_pull_dag.py took 0.247 seconds
[2024-06-08T23:56:00.553+0000] {processor.py:153} INFO - Started process (PID=2436) to work on /opt/airflow/dags/fitbit_pull_dag.py
[2024-06-08T23:56:00.557+0000] {processor.py:743} INFO - Processing file /opt/airflow/dags/fitbit_pull_dag.py for tasks to queue
[2024-06-08T23:56:00.558+0000] {logging_mixin.py:137} INFO - [2024-06-08T23:56:00.558+0000] {dagbag.py:538} INFO - Filling up the DagBag from /opt/airflow/dags/fitbit_pull_dag.py
[2024-06-08T23:56:00.745+0000] {processor.py:753} INFO - DAG(s) dict_keys(['fitbit_data_pull']) retrieved from /opt/airflow/dags/fitbit_pull_dag.py
[2024-06-08T23:56:00.765+0000] {logging_mixin.py:137} INFO - [2024-06-08T23:56:00.765+0000] {dag.py:2690} INFO - Sync 1 DAGs
[2024-06-08T23:56:00.785+0000] {logging_mixin.py:137} INFO - [2024-06-08T23:56:00.785+0000] {dag.py:3441} INFO - Setting next_dagrun for fitbit_data_pull to 2024-06-08T18:00:00+00:00, run_after=2024-06-09T18:00:00+00:00
[2024-06-08T23:56:00.799+0000] {processor.py:175} INFO - Processing /opt/airflow/dags/fitbit_pull_dag.py took 0.249 seconds
[2024-06-08T23:56:30.963+0000] {processor.py:153} INFO - Started process (PID=2486) to work on /opt/airflow/dags/fitbit_pull_dag.py
[2024-06-08T23:56:30.965+0000] {processor.py:743} INFO - Processing file /opt/airflow/dags/fitbit_pull_dag.py for tasks to queue
[2024-06-08T23:56:30.966+0000] {logging_mixin.py:137} INFO - [2024-06-08T23:56:30.966+0000] {dagbag.py:538} INFO - Filling up the DagBag from /opt/airflow/dags/fitbit_pull_dag.py
[2024-06-08T23:56:31.138+0000] {processor.py:753} INFO - DAG(s) dict_keys(['fitbit_data_pull']) retrieved from /opt/airflow/dags/fitbit_pull_dag.py
[2024-06-08T23:56:31.157+0000] {logging_mixin.py:137} INFO - [2024-06-08T23:56:31.157+0000] {dag.py:2690} INFO - Sync 1 DAGs
[2024-06-08T23:56:31.176+0000] {logging_mixin.py:137} INFO - [2024-06-08T23:56:31.176+0000] {dag.py:3441} INFO - Setting next_dagrun for fitbit_data_pull to 2024-06-08T18:00:00+00:00, run_after=2024-06-09T18:00:00+00:00
[2024-06-08T23:56:31.188+0000] {processor.py:175} INFO - Processing /opt/airflow/dags/fitbit_pull_dag.py took 0.227 seconds
[2024-06-08T23:57:01.438+0000] {processor.py:153} INFO - Started process (PID=2536) to work on /opt/airflow/dags/fitbit_pull_dag.py
[2024-06-08T23:57:01.440+0000] {processor.py:743} INFO - Processing file /opt/airflow/dags/fitbit_pull_dag.py for tasks to queue
[2024-06-08T23:57:01.441+0000] {logging_mixin.py:137} INFO - [2024-06-08T23:57:01.441+0000] {dagbag.py:538} INFO - Filling up the DagBag from /opt/airflow/dags/fitbit_pull_dag.py
[2024-06-08T23:57:01.637+0000] {processor.py:753} INFO - DAG(s) dict_keys(['fitbit_data_pull']) retrieved from /opt/airflow/dags/fitbit_pull_dag.py
[2024-06-08T23:57:01.657+0000] {logging_mixin.py:137} INFO - [2024-06-08T23:57:01.656+0000] {dag.py:2690} INFO - Sync 1 DAGs
[2024-06-08T23:57:01.674+0000] {logging_mixin.py:137} INFO - [2024-06-08T23:57:01.674+0000] {dag.py:3441} INFO - Setting next_dagrun for fitbit_data_pull to 2024-06-08T18:00:00+00:00, run_after=2024-06-09T18:00:00+00:00
[2024-06-08T23:57:01.685+0000] {processor.py:175} INFO - Processing /opt/airflow/dags/fitbit_pull_dag.py took 0.251 seconds
[2024-06-08T23:57:31.846+0000] {processor.py:153} INFO - Started process (PID=2586) to work on /opt/airflow/dags/fitbit_pull_dag.py
[2024-06-08T23:57:31.849+0000] {processor.py:743} INFO - Processing file /opt/airflow/dags/fitbit_pull_dag.py for tasks to queue
[2024-06-08T23:57:31.850+0000] {logging_mixin.py:137} INFO - [2024-06-08T23:57:31.850+0000] {dagbag.py:538} INFO - Filling up the DagBag from /opt/airflow/dags/fitbit_pull_dag.py
[2024-06-08T23:57:32.059+0000] {processor.py:753} INFO - DAG(s) dict_keys(['fitbit_data_pull']) retrieved from /opt/airflow/dags/fitbit_pull_dag.py
[2024-06-08T23:57:32.080+0000] {logging_mixin.py:137} INFO - [2024-06-08T23:57:32.080+0000] {dag.py:2690} INFO - Sync 1 DAGs
[2024-06-08T23:57:32.099+0000] {logging_mixin.py:137} INFO - [2024-06-08T23:57:32.099+0000] {dag.py:3441} INFO - Setting next_dagrun for fitbit_data_pull to 2024-06-08T18:00:00+00:00, run_after=2024-06-09T18:00:00+00:00
[2024-06-08T23:57:32.112+0000] {processor.py:175} INFO - Processing /opt/airflow/dags/fitbit_pull_dag.py took 0.269 seconds
[2024-06-08T23:58:02.367+0000] {processor.py:153} INFO - Started process (PID=2636) to work on /opt/airflow/dags/fitbit_pull_dag.py
[2024-06-08T23:58:02.368+0000] {processor.py:743} INFO - Processing file /opt/airflow/dags/fitbit_pull_dag.py for tasks to queue
[2024-06-08T23:58:02.369+0000] {logging_mixin.py:137} INFO - [2024-06-08T23:58:02.369+0000] {dagbag.py:538} INFO - Filling up the DagBag from /opt/airflow/dags/fitbit_pull_dag.py
[2024-06-08T23:58:02.583+0000] {processor.py:753} INFO - DAG(s) dict_keys(['fitbit_data_pull']) retrieved from /opt/airflow/dags/fitbit_pull_dag.py
[2024-06-08T23:58:02.603+0000] {logging_mixin.py:137} INFO - [2024-06-08T23:58:02.603+0000] {dag.py:2690} INFO - Sync 1 DAGs
[2024-06-08T23:58:02.623+0000] {logging_mixin.py:137} INFO - [2024-06-08T23:58:02.623+0000] {dag.py:3441} INFO - Setting next_dagrun for fitbit_data_pull to 2024-06-08T18:00:00+00:00, run_after=2024-06-09T18:00:00+00:00
[2024-06-08T23:58:02.637+0000] {processor.py:175} INFO - Processing /opt/airflow/dags/fitbit_pull_dag.py took 0.276 seconds
[2024-06-08T23:58:33.094+0000] {processor.py:153} INFO - Started process (PID=2693) to work on /opt/airflow/dags/fitbit_pull_dag.py
[2024-06-08T23:58:33.096+0000] {processor.py:743} INFO - Processing file /opt/airflow/dags/fitbit_pull_dag.py for tasks to queue
[2024-06-08T23:58:33.097+0000] {logging_mixin.py:137} INFO - [2024-06-08T23:58:33.097+0000] {dagbag.py:538} INFO - Filling up the DagBag from /opt/airflow/dags/fitbit_pull_dag.py
[2024-06-08T23:58:33.303+0000] {processor.py:753} INFO - DAG(s) dict_keys(['fitbit_data_pull']) retrieved from /opt/airflow/dags/fitbit_pull_dag.py
[2024-06-08T23:58:33.323+0000] {logging_mixin.py:137} INFO - [2024-06-08T23:58:33.323+0000] {dag.py:2690} INFO - Sync 1 DAGs
[2024-06-08T23:58:33.341+0000] {logging_mixin.py:137} INFO - [2024-06-08T23:58:33.341+0000] {dag.py:3441} INFO - Setting next_dagrun for fitbit_data_pull to 2024-06-08T18:00:00+00:00, run_after=2024-06-09T18:00:00+00:00
[2024-06-08T23:58:33.355+0000] {processor.py:175} INFO - Processing /opt/airflow/dags/fitbit_pull_dag.py took 0.264 seconds
[2024-06-08T23:59:04.053+0000] {processor.py:153} INFO - Started process (PID=2743) to work on /opt/airflow/dags/fitbit_pull_dag.py
[2024-06-08T23:59:04.055+0000] {processor.py:743} INFO - Processing file /opt/airflow/dags/fitbit_pull_dag.py for tasks to queue
[2024-06-08T23:59:04.056+0000] {logging_mixin.py:137} INFO - [2024-06-08T23:59:04.056+0000] {dagbag.py:538} INFO - Filling up the DagBag from /opt/airflow/dags/fitbit_pull_dag.py
[2024-06-08T23:59:04.231+0000] {processor.py:753} INFO - DAG(s) dict_keys(['fitbit_data_pull']) retrieved from /opt/airflow/dags/fitbit_pull_dag.py
[2024-06-08T23:59:04.251+0000] {logging_mixin.py:137} INFO - [2024-06-08T23:59:04.251+0000] {dag.py:2690} INFO - Sync 1 DAGs
[2024-06-08T23:59:04.269+0000] {logging_mixin.py:137} INFO - [2024-06-08T23:59:04.268+0000] {dag.py:3441} INFO - Setting next_dagrun for fitbit_data_pull to 2024-06-08T18:00:00+00:00, run_after=2024-06-09T18:00:00+00:00
[2024-06-08T23:59:04.282+0000] {processor.py:175} INFO - Processing /opt/airflow/dags/fitbit_pull_dag.py took 0.232 seconds
[2024-06-08T23:59:34.505+0000] {processor.py:153} INFO - Started process (PID=2793) to work on /opt/airflow/dags/fitbit_pull_dag.py
[2024-06-08T23:59:34.507+0000] {processor.py:743} INFO - Processing file /opt/airflow/dags/fitbit_pull_dag.py for tasks to queue
[2024-06-08T23:59:34.508+0000] {logging_mixin.py:137} INFO - [2024-06-08T23:59:34.508+0000] {dagbag.py:538} INFO - Filling up the DagBag from /opt/airflow/dags/fitbit_pull_dag.py
[2024-06-08T23:59:34.706+0000] {processor.py:753} INFO - DAG(s) dict_keys(['fitbit_data_pull']) retrieved from /opt/airflow/dags/fitbit_pull_dag.py
[2024-06-08T23:59:34.725+0000] {logging_mixin.py:137} INFO - [2024-06-08T23:59:34.725+0000] {dag.py:2690} INFO - Sync 1 DAGs
[2024-06-08T23:59:34.743+0000] {logging_mixin.py:137} INFO - [2024-06-08T23:59:34.743+0000] {dag.py:3441} INFO - Setting next_dagrun for fitbit_data_pull to 2024-06-08T18:00:00+00:00, run_after=2024-06-09T18:00:00+00:00
[2024-06-08T23:59:34.754+0000] {processor.py:175} INFO - Processing /opt/airflow/dags/fitbit_pull_dag.py took 0.253 seconds
