[2024-05-18T00:45:53.884+0000] {taskinstance.py:1083} INFO - Dependencies all met for <TaskInstance: fitbit_data_pull.get_heart_rate scheduled__2024-05-16T18:00:00+00:00 [queued]>
[2024-05-18T00:45:53.889+0000] {taskinstance.py:1083} INFO - Dependencies all met for <TaskInstance: fitbit_data_pull.get_heart_rate scheduled__2024-05-16T18:00:00+00:00 [queued]>
[2024-05-18T00:45:53.890+0000] {taskinstance.py:1279} INFO - 
--------------------------------------------------------------------------------
[2024-05-18T00:45:53.891+0000] {taskinstance.py:1280} INFO - Starting attempt 1 of 2
[2024-05-18T00:45:53.891+0000] {taskinstance.py:1281} INFO - 
--------------------------------------------------------------------------------
[2024-05-18T00:45:53.900+0000] {taskinstance.py:1300} INFO - Executing <Task(PythonOperator): get_heart_rate> on 2024-05-16 18:00:00+00:00
[2024-05-18T00:45:53.905+0000] {standard_task_runner.py:55} INFO - Started process 54 to run task
[2024-05-18T00:45:53.909+0000] {standard_task_runner.py:82} INFO - Running: ['***', 'tasks', 'run', 'fitbit_data_pull', 'get_heart_rate', 'scheduled__2024-05-16T18:00:00+00:00', '--job-id', '55', '--raw', '--subdir', 'DAGS_FOLDER/fitbit_pull_dag.py', '--cfg-path', '/tmp/tmprww_c13s']
[2024-05-18T00:45:53.910+0000] {standard_task_runner.py:83} INFO - Job 55: Subtask get_heart_rate
[2024-05-18T00:45:54.012+0000] {task_command.py:388} INFO - Running <TaskInstance: fitbit_data_pull.get_heart_rate scheduled__2024-05-16T18:00:00+00:00 [running]> on host eb426318bb2e
[2024-05-18T00:45:54.084+0000] {taskinstance.py:1509} INFO - Exporting the following env vars:
AIRFLOW_CTX_DAG_OWNER=***
AIRFLOW_CTX_DAG_ID=fitbit_data_pull
AIRFLOW_CTX_TASK_ID=get_heart_rate
AIRFLOW_CTX_EXECUTION_DATE=2024-05-16T18:00:00+00:00
AIRFLOW_CTX_TRY_NUMBER=1
AIRFLOW_CTX_DAG_RUN_ID=scheduled__2024-05-16T18:00:00+00:00
[2024-05-18T00:45:54.465+0000] {fitbit_pull_dag.py:53} INFO - Successfully extracted data for 2024-05-17:          date      time  heartrate
0  2024-05-17  10:46:00         84
1  2024-05-17  10:47:00         74
2  2024-05-17  10:48:00         60
3  2024-05-17  10:49:00         66
4  2024-05-17  10:50:00         67
[2024-05-18T00:45:54.466+0000] {fitbit_pull_dag.py:55} INFO - Storing file /opt/***/output/heartrate_2024-05-17.csv
[2024-05-18T00:45:54.472+0000] {python.py:177} INFO - Done. Returned value was: None
[2024-05-18T00:45:54.481+0000] {taskinstance.py:1323} INFO - Marking task as SUCCESS. dag_id=fitbit_data_pull, task_id=get_heart_rate, execution_date=20240516T180000, start_date=20240518T004553, end_date=20240518T004554
[2024-05-18T00:45:54.525+0000] {local_task_job.py:208} INFO - Task exited with return code 0
[2024-05-18T00:45:54.540+0000] {taskinstance.py:2578} INFO - 0 downstream tasks scheduled from follow-on schedule check
