[2024-06-18T18:00:00.815+0000] {taskinstance.py:1083} INFO - Dependencies all met for <TaskInstance: fitbit_data_pull.get_heart_rate scheduled__2024-06-17T18:00:00+00:00 [queued]>
[2024-06-18T18:00:00.820+0000] {taskinstance.py:1083} INFO - Dependencies all met for <TaskInstance: fitbit_data_pull.get_heart_rate scheduled__2024-06-17T18:00:00+00:00 [queued]>
[2024-06-18T18:00:00.820+0000] {taskinstance.py:1279} INFO - 
--------------------------------------------------------------------------------
[2024-06-18T18:00:00.821+0000] {taskinstance.py:1280} INFO - Starting attempt 1 of 2
[2024-06-18T18:00:00.821+0000] {taskinstance.py:1281} INFO - 
--------------------------------------------------------------------------------
[2024-06-18T18:00:00.827+0000] {taskinstance.py:1300} INFO - Executing <Task(PythonOperator): get_heart_rate> on 2024-06-17 18:00:00+00:00
[2024-06-18T18:00:00.832+0000] {standard_task_runner.py:55} INFO - Started process 68394 to run task
[2024-06-18T18:00:00.835+0000] {standard_task_runner.py:82} INFO - Running: ['***', 'tasks', 'run', 'fitbit_data_pull', 'get_heart_rate', 'scheduled__2024-06-17T18:00:00+00:00', '--job-id', '94', '--raw', '--subdir', 'DAGS_FOLDER/fitbit_pull_dag.py', '--cfg-path', '/tmp/tmpmxhybdzo']
[2024-06-18T18:00:00.836+0000] {standard_task_runner.py:83} INFO - Job 94: Subtask get_heart_rate
[2024-06-18T18:00:00.897+0000] {task_command.py:388} INFO - Running <TaskInstance: fitbit_data_pull.get_heart_rate scheduled__2024-06-17T18:00:00+00:00 [running]> on host 36244bbcc32e
[2024-06-18T18:00:00.938+0000] {taskinstance.py:1507} INFO - Exporting the following env vars:
AIRFLOW_CTX_DAG_OWNER=***
AIRFLOW_CTX_DAG_ID=fitbit_data_pull
AIRFLOW_CTX_TASK_ID=get_heart_rate
AIRFLOW_CTX_EXECUTION_DATE=2024-06-17T18:00:00+00:00
AIRFLOW_CTX_TRY_NUMBER=1
AIRFLOW_CTX_DAG_RUN_ID=scheduled__2024-06-17T18:00:00+00:00
[2024-06-18T18:00:01.509+0000] {fitbit_pull_dag.py:60} INFO - Successfully extracted data for 2024-06-17:          date      time  heartrate      data_insert_timestamp
0  2024-06-17  00:00:00         67 2024-06-18 18:00:01.503642
1  2024-06-17  01:41:00         70 2024-06-18 18:00:01.503642
2  2024-06-17  01:42:00         69 2024-06-18 18:00:01.503642
3  2024-06-17  01:43:00         67 2024-06-18 18:00:01.503642
4  2024-06-17  01:44:00         66 2024-06-18 18:00:01.503642
[2024-06-18T18:00:01.510+0000] {fitbit_pull_dag.py:62} INFO - Storing file /opt/***/output/heartrate_2024-06-17.csv
[2024-06-18T18:00:01.523+0000] {python.py:177} INFO - Done. Returned value was: None
[2024-06-18T18:00:01.532+0000] {taskinstance.py:1318} INFO - Marking task as SUCCESS. dag_id=fitbit_data_pull, task_id=get_heart_rate, execution_date=20240617T180000, start_date=20240618T180000, end_date=20240618T180001
[2024-06-18T18:00:01.558+0000] {local_task_job.py:208} INFO - Task exited with return code 0
[2024-06-18T18:00:01.574+0000] {taskinstance.py:2578} INFO - 0 downstream tasks scheduled from follow-on schedule check
