2024-06-15 16:14:30,930 - root - DEBUG - Filename: heartrate_2024-05-27.csv, content:          date      time  heartrate  data_insert_timestamp
0  2024-05-27  11:47:00         72                    NaN
1  2024-05-27  11:48:00         75                    NaN
2024-06-15 16:16:57,523 - root - DEBUG - Filename: heartrate_2024-05-27.csv, content:          date      time  heartrate  data_insert_timestamp
0  2024-05-27  11:47:00         72                    NaN
1  2024-05-27  11:48:00         75                    NaN
2024-06-15 16:17:22,917 - root - DEBUG - Filename: heartrate_2024-05-27.csv, content:          date      time  heartrate  data_insert_timestamp
0  2024-05-27  11:47:00         72                    NaN
1  2024-05-27  11:48:00         75                    NaN
2024-06-15 16:19:30,482 - root - DEBUG - Filename: heartrate_2024-05-27.csv, content:          date      time  heartrate  data_insert_timestamp
0  2024-05-27  11:47:00         72                    NaN
1  2024-05-27  11:48:00         75                    NaN
2024-06-15 16:19:30,482 - root - DEBUG - Inserting 727 rows into table heartrate.heartrate_data
2024-06-15 16:22:03,951 - root - DEBUG - Filename: heartrate_2024-05-27.csv, content:          date      time  heartrate  data_insert_timestamp
0  2024-05-27  11:47:00         72                    NaN
1  2024-05-27  11:48:00         75                    NaN
2024-06-15 16:22:03,951 - root - DEBUG - Inserting 727 rows into table heartrate.heartrate_data
2024-06-15 16:24:14,729 - root - DEBUG - Accessing database: health_monitor_db
2024-06-15 16:24:14,739 - root - DEBUG - Filename: heartrate_2024-05-27.csv, content:          date      time  heartrate  data_insert_timestamp
0  2024-05-27  11:47:00         72                    NaN
1  2024-05-27  11:48:00         75                    NaN
2024-06-15 16:24:14,739 - root - DEBUG - Inserting 727 rows into table heartrate.heartrate_data
2024-06-15 16:24:18,440 - root - DEBUG - Successfully inserted data from /Users/chandrasekaransidha/personal/orchestrate/output/heartrate_2024-05-27.csv
2024-06-15 16:24:18,457 - root - DEBUG - Filename: heartrate_2024-05-30.csv, content:          date      time  heartrate  data_insert_timestamp
0  2024-05-30  13:15:00         90                    NaN
1  2024-05-30  13:16:00         90                    NaN
2024-06-15 16:24:18,457 - root - DEBUG - Inserting 607 rows into table heartrate.heartrate_data
2024-06-15 16:24:18,470 - root - DEBUG - Successfully inserted data from /Users/chandrasekaransidha/personal/orchestrate/output/heartrate_2024-05-30.csv
2024-06-15 16:24:18,488 - root - DEBUG - Filename: heartrate_2024-06-07.csv, content:          date      time  heartrate       data_insert_timestamp
0  2024-06-07  09:12:00         80  2024-06-08 23:31:43.652518
1  2024-06-07  09:13:00         72  2024-06-08 23:31:43.652518
2024-06-15 16:24:18,489 - root - DEBUG - Inserting 769 rows into table heartrate.heartrate_data
2024-06-15 16:24:18,506 - root - DEBUG - Successfully inserted data from /Users/chandrasekaransidha/personal/orchestrate/output/heartrate_2024-06-07.csv
2024-06-15 16:24:18,521 - root - DEBUG - Filename: heartrate_2024-06-13.csv, content:          date      time  heartrate       data_insert_timestamp
0  2024-06-13  06:27:00         79  2024-06-14 21:50:30.184011
1  2024-06-13  06:28:00         79  2024-06-14 21:50:30.184011
2024-06-15 16:24:18,521 - root - DEBUG - Inserting 1002 rows into table heartrate.heartrate_data
2024-06-15 16:24:18,542 - root - DEBUG - Successfully inserted data from /Users/chandrasekaransidha/personal/orchestrate/output/heartrate_2024-06-13.csv
2024-06-15 16:24:18,558 - root - DEBUG - Filename: heartrate_2024-06-04.csv, content:          date      time  heartrate       data_insert_timestamp
0  2024-06-04  00:00:00         62  2024-06-05 18:36:49.123117
1  2024-06-04  00:01:00         65  2024-06-05 18:36:49.123117
2024-06-15 16:24:18,558 - root - DEBUG - Inserting 874 rows into table heartrate.heartrate_data
2024-06-15 16:24:18,576 - root - DEBUG - Successfully inserted data from /Users/chandrasekaransidha/personal/orchestrate/output/heartrate_2024-06-04.csv
2024-06-15 16:24:18,589 - root - DEBUG - Filename: heartrate_2024-06-14.csv, content:          date      time  heartrate       data_insert_timestamp
0  2024-06-14  00:00:00         51  2024-06-15 22:27:10.197671
1  2024-06-14  00:01:00         53  2024-06-15 22:27:10.197671
2024-06-15 16:24:18,589 - root - DEBUG - Inserting 712 rows into table heartrate.heartrate_data
2024-06-15 16:24:18,607 - root - DEBUG - Successfully inserted data from /Users/chandrasekaransidha/personal/orchestrate/output/heartrate_2024-06-14.csv
2024-06-15 16:24:18,621 - root - DEBUG - Filename: heartrate_2024-06-01.csv, content:          date      time  heartrate       data_insert_timestamp
0  2024-06-01  11:26:00         80  2024-06-02 18:00:01.652701
1  2024-06-01  11:27:00         72  2024-06-02 18:00:01.652701
2024-06-15 16:24:18,621 - root - DEBUG - Inserting 642 rows into table heartrate.heartrate_data
2024-06-15 16:24:18,634 - root - DEBUG - Successfully inserted data from /Users/chandrasekaransidha/personal/orchestrate/output/heartrate_2024-06-01.csv
2024-06-15 16:24:18,647 - root - DEBUG - Filename: heartrate_2024-06-03.csv, content:          date      time  heartrate       data_insert_timestamp
0  2024-06-03  00:00:00         57  2024-06-04 20:29:15.417681
1  2024-06-03  00:01:00         57  2024-06-04 20:29:15.417681
2024-06-15 16:24:18,647 - root - DEBUG - Inserting 773 rows into table heartrate.heartrate_data
2024-06-15 16:24:18,665 - root - DEBUG - Successfully inserted data from /Users/chandrasekaransidha/personal/orchestrate/output/heartrate_2024-06-03.csv
2024-06-15 16:24:18,680 - root - DEBUG - Filename: heartrate_2024-06-02.csv, content:          date      time  heartrate       data_insert_timestamp
0  2024-06-02  12:28:00         82  2024-06-03 18:00:02.104499
1  2024-06-02  12:29:00         76  2024-06-03 18:00:02.104499
2024-06-15 16:24:18,680 - root - DEBUG - Inserting 687 rows into table heartrate.heartrate_data
2024-06-15 16:24:18,695 - root - DEBUG - Successfully inserted data from /Users/chandrasekaransidha/personal/orchestrate/output/heartrate_2024-06-02.csv
2024-06-15 16:24:18,709 - root - DEBUG - Filename: heartrate_2024-06-09.csv, content:          date      time  heartrate       data_insert_timestamp
0  2024-06-09  12:26:00         98  2024-06-10 18:00:01.424450
1  2024-06-09  12:27:00         82  2024-06-10 18:00:01.424450
2024-06-15 16:24:18,709 - root - DEBUG - Inserting 338 rows into table heartrate.heartrate_data
2024-06-15 16:24:18,720 - root - DEBUG - Successfully inserted data from /Users/chandrasekaransidha/personal/orchestrate/output/heartrate_2024-06-09.csv
2024-06-15 16:24:18,739 - root - DEBUG - Filename: heartrate_2024-06-08.csv, content:          date      time  heartrate       data_insert_timestamp
0  2024-06-08  10:55:00         81  2024-06-09 18:00:01.584698
1  2024-06-08  10:56:00         78  2024-06-09 18:00:01.584698
2024-06-15 16:24:18,739 - root - DEBUG - Inserting 588 rows into table heartrate.heartrate_data
2024-06-15 16:24:18,753 - root - DEBUG - Successfully inserted data from /Users/chandrasekaransidha/personal/orchestrate/output/heartrate_2024-06-08.csv
2024-06-15 16:24:18,773 - root - DEBUG - Filename: heartrate_2024-05-15.csv, content:          date      time  heartrate  data_insert_timestamp
0  2024-05-15  00:00:00         62                    NaN
1  2024-05-15  00:01:00         67                    NaN
2024-06-15 16:24:18,773 - root - DEBUG - Inserting 767 rows into table heartrate.heartrate_data
2024-06-15 16:24:18,793 - root - DEBUG - Successfully inserted data from /Users/chandrasekaransidha/personal/orchestrate/output/heartrate_2024-05-15.csv
2024-06-15 16:24:18,803 - root - DEBUG - Filename: heartrate_2024-05-29.csv, content:          date      time  heartrate  data_insert_timestamp
0  2024-05-29  00:00:00         67                    NaN
1  2024-05-29  00:01:00         67                    NaN
2024-06-15 16:24:18,803 - root - DEBUG - Inserting 706 rows into table heartrate.heartrate_data
2024-06-15 16:24:18,833 - root - DEBUG - Successfully inserted data from /Users/chandrasekaransidha/personal/orchestrate/output/heartrate_2024-05-29.csv
2024-06-15 16:24:18,847 - root - DEBUG - Filename: heartrate_2024-05-28.csv, content:          date      time  heartrate  data_insert_timestamp
0  2024-05-28  00:00:00         55                    NaN
1  2024-05-28  00:01:00         55                    NaN
2024-06-15 16:24:18,847 - root - DEBUG - Inserting 785 rows into table heartrate.heartrate_data
2024-06-15 16:24:18,862 - root - DEBUG - Successfully inserted data from /Users/chandrasekaransidha/personal/orchestrate/output/heartrate_2024-05-28.csv
2024-06-15 16:24:18,876 - root - DEBUG - Filename: heartrate_2024-05-14.csv, content:          date      time  heartrate  data_insert_timestamp
0  2024-05-14  00:00:00         55                    NaN
1  2024-05-14  00:01:00         53                    NaN
2024-06-15 16:24:18,876 - root - DEBUG - Inserting 906 rows into table heartrate.heartrate_data
2024-06-15 16:24:18,894 - root - DEBUG - Successfully inserted data from /Users/chandrasekaransidha/personal/orchestrate/output/heartrate_2024-05-14.csv
2024-06-15 16:24:18,909 - root - DEBUG - Filename: heartrate_2024-05-16.csv, content:          date      time  heartrate  data_insert_timestamp
0  2024-05-16  00:00:00         60                    NaN
1  2024-05-16  00:01:00         60                    NaN
2024-06-15 16:24:18,910 - root - DEBUG - Inserting 913 rows into table heartrate.heartrate_data
2024-06-15 16:24:18,929 - root - DEBUG - Successfully inserted data from /Users/chandrasekaransidha/personal/orchestrate/output/heartrate_2024-05-16.csv
2024-06-15 16:24:18,946 - root - DEBUG - Filename: heartrate_2024-05-17.csv, content:          date      time  heartrate  data_insert_timestamp
0  2024-05-17  10:46:00         84                    NaN
1  2024-05-17  10:47:00         74                    NaN
2024-06-15 16:24:18,947 - root - DEBUG - Inserting 394 rows into table heartrate.heartrate_data
2024-06-15 16:24:18,957 - root - DEBUG - Successfully inserted data from /Users/chandrasekaransidha/personal/orchestrate/output/heartrate_2024-05-17.csv
2024-06-15 16:32:56,977 - root - DEBUG - Accessing database: health_monitor_db
2024-06-15 16:33:17,106 - root - DEBUG - Accessing database: health_monitor_db
2024-06-15 16:33:17,128 - root - DEBUG - Filename: heartrate_2024-05-27.csv, content:          date      time  heartrate  data_insert_timestamp
0  2024-05-27  11:47:00         72                    NaN
1  2024-05-27  11:48:00         75                    NaN
2024-06-15 16:33:17,128 - root - DEBUG - Inserting 727 rows into table heartrate.heartrate_data
2024-06-15 16:33:20,884 - root - DEBUG - Successfully inserted data from /Users/chandrasekaransidha/personal/orchestrate/output/heartrate_2024-05-27.csv
2024-06-15 16:33:20,885 - root - ERROR - The directory /Users/chandrasekaransidha/personal/orchestrate/output does not exist.
2024-06-15 16:38:25,656 - root - DEBUG - Accessing database: health_monitor_db
2024-06-15 16:38:25,664 - root - DEBUG - Filename: heartrate_2024-05-27.csv, content:          date      time  heartrate  data_insert_timestamp
0  2024-05-27  11:47:00         72                    NaN
1  2024-05-27  11:48:00         75                    NaN
2024-06-15 16:38:25,664 - root - DEBUG - Inserting 727 rows into table heartrate.heartrate_data
2024-06-15 16:38:33,420 - root - DEBUG - Successfully inserted data from /Users/chandrasekaransidha/personal/orchestrate/output/heartrate_2024-05-27.csv
2024-06-15 16:38:33,421 - root - DEBUG - Moving file to /Users/chandrasekaransidha/personal/orchestrate/output/loaded_files/heartrate
2024-06-15 16:39:47,166 - root - DEBUG - Accessing database: health_monitor_db
2024-06-15 16:39:47,174 - root - DEBUG - Filename: heartrate_2024-05-27.csv, content:          date      time  heartrate  data_insert_timestamp
0  2024-05-27  11:47:00         72                    NaN
1  2024-05-27  11:48:00         75                    NaN
2024-06-15 16:39:47,175 - root - DEBUG - Inserting 727 rows into table heartrate.heartrate_data
2024-06-15 16:39:47,490 - root - DEBUG - Successfully inserted data from /Users/chandrasekaransidha/personal/orchestrate/output/heartrate_2024-05-27.csv
2024-06-15 16:39:47,490 - root - DEBUG - Moving file to /Users/chandrasekaransidha/personal/orchestrate/output/loaded_files/heartrate
2024-06-15 16:39:47,515 - root - DEBUG - Filename: heartrate_2024-05-30.csv, content:          date      time  heartrate  data_insert_timestamp
0  2024-05-30  13:15:00         90                    NaN
1  2024-05-30  13:16:00         90                    NaN
2024-06-15 16:39:47,515 - root - DEBUG - Inserting 607 rows into table heartrate.heartrate_data
2024-06-15 16:39:47,531 - root - DEBUG - Successfully inserted data from /Users/chandrasekaransidha/personal/orchestrate/output/heartrate_2024-05-30.csv
2024-06-15 16:39:47,531 - root - DEBUG - Moving file to /Users/chandrasekaransidha/personal/orchestrate/output/loaded_files/heartrate
2024-06-15 16:39:47,541 - root - DEBUG - Filename: heartrate_2024-06-07.csv, content:          date      time  heartrate       data_insert_timestamp
0  2024-06-07  09:12:00         80  2024-06-08 23:31:43.652518
1  2024-06-07  09:13:00         72  2024-06-08 23:31:43.652518
2024-06-15 16:39:47,541 - root - DEBUG - Inserting 769 rows into table heartrate.heartrate_data
2024-06-15 16:39:47,558 - root - DEBUG - Successfully inserted data from /Users/chandrasekaransidha/personal/orchestrate/output/heartrate_2024-06-07.csv
2024-06-15 16:39:47,558 - root - DEBUG - Moving file to /Users/chandrasekaransidha/personal/orchestrate/output/loaded_files/heartrate
2024-06-15 16:39:47,566 - root - DEBUG - Filename: heartrate_2024-06-13.csv, content:          date      time  heartrate       data_insert_timestamp
0  2024-06-13  06:27:00         79  2024-06-14 21:50:30.184011
1  2024-06-13  06:28:00         79  2024-06-14 21:50:30.184011
2024-06-15 16:39:47,566 - root - DEBUG - Inserting 1002 rows into table heartrate.heartrate_data
2024-06-15 16:39:47,586 - root - DEBUG - Successfully inserted data from /Users/chandrasekaransidha/personal/orchestrate/output/heartrate_2024-06-13.csv
2024-06-15 16:39:47,586 - root - DEBUG - Moving file to /Users/chandrasekaransidha/personal/orchestrate/output/loaded_files/heartrate
2024-06-15 16:39:47,593 - root - DEBUG - Filename: heartrate_2024-06-04.csv, content:          date      time  heartrate       data_insert_timestamp
0  2024-06-04  00:00:00         62  2024-06-05 18:36:49.123117
1  2024-06-04  00:01:00         65  2024-06-05 18:36:49.123117
2024-06-15 16:39:47,594 - root - DEBUG - Inserting 874 rows into table heartrate.heartrate_data
2024-06-15 16:39:47,613 - root - DEBUG - Successfully inserted data from /Users/chandrasekaransidha/personal/orchestrate/output/heartrate_2024-06-04.csv
2024-06-15 16:39:47,613 - root - DEBUG - Moving file to /Users/chandrasekaransidha/personal/orchestrate/output/loaded_files/heartrate
2024-06-15 16:39:47,619 - root - DEBUG - Filename: heartrate_2024-06-14.csv, content:          date      time  heartrate       data_insert_timestamp
0  2024-06-14  00:00:00         51  2024-06-15 22:27:10.197671
1  2024-06-14  00:01:00         53  2024-06-15 22:27:10.197671
2024-06-15 16:39:47,620 - root - DEBUG - Inserting 712 rows into table heartrate.heartrate_data
2024-06-15 16:39:47,637 - root - DEBUG - Successfully inserted data from /Users/chandrasekaransidha/personal/orchestrate/output/heartrate_2024-06-14.csv
2024-06-15 16:39:47,637 - root - DEBUG - Moving file to /Users/chandrasekaransidha/personal/orchestrate/output/loaded_files/heartrate
2024-06-15 16:39:47,644 - root - DEBUG - Filename: heartrate_2024-06-01.csv, content:          date      time  heartrate       data_insert_timestamp
0  2024-06-01  11:26:00         80  2024-06-02 18:00:01.652701
1  2024-06-01  11:27:00         72  2024-06-02 18:00:01.652701
2024-06-15 16:39:47,644 - root - DEBUG - Inserting 642 rows into table heartrate.heartrate_data
2024-06-15 16:39:47,659 - root - DEBUG - Successfully inserted data from /Users/chandrasekaransidha/personal/orchestrate/output/heartrate_2024-06-01.csv
2024-06-15 16:39:47,659 - root - DEBUG - Moving file to /Users/chandrasekaransidha/personal/orchestrate/output/loaded_files/heartrate
2024-06-15 16:39:47,666 - root - DEBUG - Filename: heartrate_2024-06-03.csv, content:          date      time  heartrate       data_insert_timestamp
0  2024-06-03  00:00:00         57  2024-06-04 20:29:15.417681
1  2024-06-03  00:01:00         57  2024-06-04 20:29:15.417681
2024-06-15 16:39:47,666 - root - DEBUG - Inserting 773 rows into table heartrate.heartrate_data
2024-06-15 16:39:47,683 - root - DEBUG - Successfully inserted data from /Users/chandrasekaransidha/personal/orchestrate/output/heartrate_2024-06-03.csv
2024-06-15 16:39:47,684 - root - DEBUG - Moving file to /Users/chandrasekaransidha/personal/orchestrate/output/loaded_files/heartrate
2024-06-15 16:39:47,691 - root - DEBUG - Filename: heartrate_2024-06-02.csv, content:          date      time  heartrate       data_insert_timestamp
0  2024-06-02  12:28:00         82  2024-06-03 18:00:02.104499
1  2024-06-02  12:29:00         76  2024-06-03 18:00:02.104499
2024-06-15 16:39:47,691 - root - DEBUG - Inserting 687 rows into table heartrate.heartrate_data
2024-06-15 16:39:47,707 - root - DEBUG - Successfully inserted data from /Users/chandrasekaransidha/personal/orchestrate/output/heartrate_2024-06-02.csv
2024-06-15 16:39:47,707 - root - DEBUG - Moving file to /Users/chandrasekaransidha/personal/orchestrate/output/loaded_files/heartrate
2024-06-15 16:39:47,713 - root - DEBUG - Filename: heartrate_2024-06-09.csv, content:          date      time  heartrate       data_insert_timestamp
0  2024-06-09  12:26:00         98  2024-06-10 18:00:01.424450
1  2024-06-09  12:27:00         82  2024-06-10 18:00:01.424450
2024-06-15 16:39:47,713 - root - DEBUG - Inserting 338 rows into table heartrate.heartrate_data
2024-06-15 16:39:47,727 - root - DEBUG - Successfully inserted data from /Users/chandrasekaransidha/personal/orchestrate/output/heartrate_2024-06-09.csv
2024-06-15 16:39:47,727 - root - DEBUG - Moving file to /Users/chandrasekaransidha/personal/orchestrate/output/loaded_files/heartrate
2024-06-15 16:39:47,734 - root - DEBUG - Filename: heartrate_2024-06-08.csv, content:          date      time  heartrate       data_insert_timestamp
0  2024-06-08  10:55:00         81  2024-06-09 18:00:01.584698
1  2024-06-08  10:56:00         78  2024-06-09 18:00:01.584698
2024-06-15 16:39:47,734 - root - DEBUG - Inserting 588 rows into table heartrate.heartrate_data
2024-06-15 16:39:47,752 - root - DEBUG - Successfully inserted data from /Users/chandrasekaransidha/personal/orchestrate/output/heartrate_2024-06-08.csv
2024-06-15 16:39:47,752 - root - DEBUG - Moving file to /Users/chandrasekaransidha/personal/orchestrate/output/loaded_files/heartrate
2024-06-15 16:39:47,760 - root - DEBUG - Filename: heartrate_2024-05-15.csv, content:          date      time  heartrate  data_insert_timestamp
0  2024-05-15  00:00:00         62                    NaN
1  2024-05-15  00:01:00         67                    NaN
2024-06-15 16:39:47,760 - root - DEBUG - Inserting 767 rows into table heartrate.heartrate_data
2024-06-15 16:39:47,775 - root - DEBUG - Successfully inserted data from /Users/chandrasekaransidha/personal/orchestrate/output/heartrate_2024-05-15.csv
2024-06-15 16:39:47,775 - root - DEBUG - Moving file to /Users/chandrasekaransidha/personal/orchestrate/output/loaded_files/heartrate
2024-06-15 16:39:47,781 - root - DEBUG - Filename: heartrate_2024-05-29.csv, content:          date      time  heartrate  data_insert_timestamp
0  2024-05-29  00:00:00         67                    NaN
1  2024-05-29  00:01:00         67                    NaN
2024-06-15 16:39:47,781 - root - DEBUG - Inserting 706 rows into table heartrate.heartrate_data
2024-06-15 16:39:47,810 - root - DEBUG - Successfully inserted data from /Users/chandrasekaransidha/personal/orchestrate/output/heartrate_2024-05-29.csv
2024-06-15 16:39:47,810 - root - DEBUG - Moving file to /Users/chandrasekaransidha/personal/orchestrate/output/loaded_files/heartrate
2024-06-15 16:39:47,817 - root - DEBUG - Filename: heartrate_2024-05-28.csv, content:          date      time  heartrate  data_insert_timestamp
0  2024-05-28  00:00:00         55                    NaN
1  2024-05-28  00:01:00         55                    NaN
2024-06-15 16:39:47,817 - root - DEBUG - Inserting 785 rows into table heartrate.heartrate_data
2024-06-15 16:39:47,832 - root - DEBUG - Successfully inserted data from /Users/chandrasekaransidha/personal/orchestrate/output/heartrate_2024-05-28.csv
2024-06-15 16:39:47,832 - root - DEBUG - Moving file to /Users/chandrasekaransidha/personal/orchestrate/output/loaded_files/heartrate
2024-06-15 16:39:47,839 - root - DEBUG - Filename: heartrate_2024-05-14.csv, content:          date      time  heartrate  data_insert_timestamp
0  2024-05-14  00:00:00         55                    NaN
1  2024-05-14  00:01:00         53                    NaN
2024-06-15 16:39:47,839 - root - DEBUG - Inserting 906 rows into table heartrate.heartrate_data
2024-06-15 16:39:47,857 - root - DEBUG - Successfully inserted data from /Users/chandrasekaransidha/personal/orchestrate/output/heartrate_2024-05-14.csv
2024-06-15 16:39:47,858 - root - DEBUG - Moving file to /Users/chandrasekaransidha/personal/orchestrate/output/loaded_files/heartrate
2024-06-15 16:39:47,865 - root - DEBUG - Filename: heartrate_2024-05-16.csv, content:          date      time  heartrate  data_insert_timestamp
0  2024-05-16  00:00:00         60                    NaN
1  2024-05-16  00:01:00         60                    NaN
2024-06-15 16:39:47,865 - root - DEBUG - Inserting 913 rows into table heartrate.heartrate_data
2024-06-15 16:39:47,883 - root - DEBUG - Successfully inserted data from /Users/chandrasekaransidha/personal/orchestrate/output/heartrate_2024-05-16.csv
2024-06-15 16:39:47,883 - root - DEBUG - Moving file to /Users/chandrasekaransidha/personal/orchestrate/output/loaded_files/heartrate
2024-06-15 16:39:47,890 - root - DEBUG - Filename: heartrate_2024-05-17.csv, content:          date      time  heartrate  data_insert_timestamp
0  2024-05-17  10:46:00         84                    NaN
1  2024-05-17  10:47:00         74                    NaN
2024-06-15 16:39:47,890 - root - DEBUG - Inserting 394 rows into table heartrate.heartrate_data
2024-06-15 16:39:47,902 - root - DEBUG - Successfully inserted data from /Users/chandrasekaransidha/personal/orchestrate/output/heartrate_2024-05-17.csv
2024-06-15 16:39:47,902 - root - DEBUG - Moving file to /Users/chandrasekaransidha/personal/orchestrate/output/loaded_files/heartrate
2024-06-19 13:20:22,755 - root - DEBUG - Accessing database: health_monitor_db
2024-06-19 13:20:22,794 - root - DEBUG - Filename: heartrate_2024-06-15.csv, content:          date      time  heartrate       data_insert_timestamp
0  2024-06-15  08:39:00         69  2024-06-16 18:00:01.277729
1  2024-06-15  08:40:00         68  2024-06-16 18:00:01.277729
2024-06-19 13:20:22,794 - root - DEBUG - Inserting 814 rows into table heartrate.heartrate_data
2024-06-19 13:20:23,665 - root - DEBUG - Successfully inserted data from /Users/chandrasekaransidha/personal/orchestrate/output/heartrate_2024-06-15.csv
2024-06-19 13:20:23,665 - root - DEBUG - Moving file to /Users/chandrasekaransidha/personal/orchestrate/output/loaded_files/heartrate
2024-06-19 13:20:23,684 - root - DEBUG - Filename: heartrate_2024-06-17.csv, content:          date      time  heartrate       data_insert_timestamp
0  2024-06-17  00:00:00         67  2024-06-18 18:00:01.503642
1  2024-06-17  01:41:00         70  2024-06-18 18:00:01.503642
2024-06-19 13:20:23,684 - root - DEBUG - Inserting 1108 rows into table heartrate.heartrate_data
2024-06-19 13:20:23,708 - root - DEBUG - Successfully inserted data from /Users/chandrasekaransidha/personal/orchestrate/output/heartrate_2024-06-17.csv
2024-06-19 13:20:23,708 - root - DEBUG - Moving file to /Users/chandrasekaransidha/personal/orchestrate/output/loaded_files/heartrate
2024-06-19 13:20:23,722 - root - DEBUG - Filename: heartrate_2024-06-16.csv, content:          date      time  heartrate       data_insert_timestamp
0  2024-06-16  12:19:00         85  2024-06-17 18:00:01.248709
1  2024-06-16  12:20:00         73  2024-06-17 18:00:01.248709
2024-06-19 13:20:23,723 - root - DEBUG - Inserting 691 rows into table heartrate.heartrate_data
2024-06-19 13:20:23,739 - root - DEBUG - Successfully inserted data from /Users/chandrasekaransidha/personal/orchestrate/output/heartrate_2024-06-16.csv
2024-06-19 13:20:23,739 - root - DEBUG - Moving file to /Users/chandrasekaransidha/personal/orchestrate/output/loaded_files/heartrate
2024-06-19 13:20:23,743 - root - DEBUG - Filename: heartrate_2024-06-18.csv, content:          date      time  heartrate       data_insert_timestamp
0  2024-06-18  00:00:00         63  2024-06-19 18:00:01.467409
1  2024-06-18  00:01:00         61  2024-06-19 18:00:01.467409
2024-06-19 13:20:23,744 - root - DEBUG - Inserting 846 rows into table heartrate.heartrate_data
2024-06-19 13:20:23,764 - root - DEBUG - Successfully inserted data from /Users/chandrasekaransidha/personal/orchestrate/output/heartrate_2024-06-18.csv
2024-06-19 13:20:23,764 - root - DEBUG - Moving file to /Users/chandrasekaransidha/personal/orchestrate/output/loaded_files/heartrate
